Shoreburn Merrowwall Aelmoor Flowermill Westvale Bluebeech Strongfall Fairsage Whiteelf Erilyn Redwell Pinepond Northriver Deercastle Linville Cleargrass Fairice Freymere Northwynne Hollowham Eastcastle Woodice Mallowway Icebridge Mistshore Dellwyn Stoneglass Newmill Rosemill Flowerfield Buttermead Windcliff Bushgate Westerlight Bluewyn Freyview Irondeer Westerhedge Fairfort Deephedge Marblehaven Courtwall Fallwilde Valtown Violetrose Wellwick Prybourne Rosebeech Mallowbridge Shadowmaple Roseacre Greymill Rosemoor Deerdell Foxvale Coastport Blackbush Clearnesse Rosebridge Bluedell Greenshore Southpine Deephollow Icecoast Icenesse Brightelf Snowshore Lightmere Lochcourt Aelbush Goldcrest Stonefair Brightrock Fogland Wildemarsh Springburn Shorebarrow Blackburn Winternesse Violetfay Applecastle Fogmarsh Morwald Redfox Marbleiron Starryhill Ostwynne Seamoor Meadowhollow Strongford Fallden Mistwick Ironhedge Summermage Wintercourt Springwynne Rockmount Ironriver Ironshore Silverwitch Valwald Highmont Southwheat Aldley Greygrass Shadowgrass Goldsea Bluedale Orfort Oakmere Greensummer Corbank Northmount Wildemill Coldedge Wellbank Highhaven Janholt Rosefalcon Corhill Lightkeep Courtedge Coldville Windbridge Stonecrystal Foxhaven Strongcrest Stonemarble Esterfall Rosegate Orbarrow Butterbush Courtbush Redby Eastwald Stonewolf Strongdell Brightmere Fieldedge Orwyn Hollowwynne Lochmage Butterhill Shadowhaven Valhaven Windkeep Wolflea Corwald Greyston Bluelake Mallowness Greyice Bysummer Newby Springfalcon Aldbay Pryland Snowwinter Springfox Snowwinter Pryland Aldbay Springfalcon Newby Bysummer Greyice Mallowness Bluelake Greyston Corwald Wolflea Windkeep Valhaven Shadowhaven Butterhill Lochmage Hollowwynne Orwyn Fieldedge Brightmere Strongdell Stonewolf Eastwald Redby Courtbush Butterbush Orbarrow Rosegate Esterfall Stonemarble Strongcrest Foxhaven Stonecrystal Windbridge Coldville Courtedge Lightkeep Corhill Rosefalcon Janholt Highhaven Wellbank Coldedge Wildemill Northmount Corbank Greensummer Oakmere Orfort Bluedale Goldsea Shadowgrass Greygrass Aldley Southwheat Highmont Valwald Silverwitch Ironshore Ironriver Rockmount Springwynne Wintercourt Summermage Ironhedge Mistwick Fallden Strongford Meadowhollow Seamoor Ostwynne Starryhill Marbleiron Redfox Morwald Fogmarsh Applecastle Violetfay Winternesse Blackburn Shorebarrow Springburn Wildemarsh Fogland Brightrock Stonefair Goldcrest Aelbush Lochcourt Lightmere Snowshore Brightelf Icenesse Icecoast Deephollow Southpine Greenshore Bluedell Rosebridge Clearnesse Blackbush Coastport Foxvale Deerdell Rosemoor Greymill Roseacre Shadowmaple Mallowbridge Rosebeech Prybourne Wellwick Violetrose Valtown Fallwilde Courtwall Marblehaven Deephedge Fairfort Westerhedge Irondeer Freyview Bluewyn Westerlight Bushgate Windcliff Buttermead Flowerfield Rosemill Newmill Stoneglass Dellwyn Mistshore Icebridge Mallowway Woodice Eastcastle Hollowham Northwynne Freymere Fairice Cleargrass Linville Deercastle Northriver Pinepond Redwell Erilyn Whiteelf Fairsage Strongfall Bluebeech Westvale Flowermill Aelmoor Merrowwall Shoreburn Greencliff Redlake Clearland Ostham Courtcastle Highwell Morwall Cormeadow Wellmage Wildespell Stoneiron Iceelf Bellhollow Starrywolf Silverbarrow Iceley Crystalsage Violetley Winterland Wooddell Oldmoor Verthedge Osttown Ostcliff Aelhurst Vertbay Wayhill Silverlea Butterway Esterash Rosemist Freyville Westmill Mormead Eriwall Goldwyvern Snowsage Barrowdale Newley Wintershore Newwolf Wintershore Newley Barrowdale Snowsage Goldwyvern Eriwall Mormead Westmill Freyville Rosemist Esterash Butterway Silverlea Wayhill Vertbay Aelhurst Ostcliff Osttown Verthedge Oldmoor Wooddell Winterland Violetley Crystalsage Iceley Silverbarrow Starrywolf Bellhollow Iceelf Stoneiron Wildespell Wellmage Cormeadow Morwall Highwell Courtcastle Ostham Clearland Redlake Greencliff Shoreburn
100
Butterway Butterway
Lochmage Lochmage
Stonefair Stonefair
Highmont Highmont
Esterash Esterash
Oldmoor Oldmoor
Clearland Clearland
Wellmage Wellmage
Fairsage Fairsage
Fieldedge Fieldedge
Bluedale Bluedale
Greyice Greyice
Stoneglass Stoneglass
Northriver Northriver
Bluedell Bluedell
Orbarrow Orbarrow
Foxvale Foxvale
Newby Newby
Mallowbridge Mallowbridge
Clearnesse Clearnesse
Foxhaven Foxhaven
Dellwyn Dellwyn
Redwell Redwell
Windbridge Windbridge
Snowsage Snowsage
Goldcrest Goldcrest
Valhaven Valhaven
Starryhill Starryhill
Deephedge Deephedge
Silverwitch Silverwitch
Wolflea Wolflea
Ironriver Ironriver
Erilyn Erilyn
Freyview Freyview
Courtedge Courtedge
Westerlight Westerlight
Blackbush Blackbush
Irondeer Irondeer
Verthedge Verthedge
Butterbush Butterbush
Butterhill Butterhill
Courtwall Courtwall
Corbank Corbank
Seamoor Seamoor
Bluelake Bluelake
Oakmere Oakmere
Rosemill Rosemill
Strongfall Strongfall
Snowshore Snowshore
Brightmere Brightmere
Rosegate Rosegate
Brightrock Brightrock
Violetley Violetley
Bushgate Bushgate
Shoreburn Shoreburn
Mallowway Mallowway
Springfox Springfox
Applecastle Applecastle
Fogland Fogland
Icenesse Icenesse
Newmill Newmill
Esterfall Esterfall
Goldwyvern Goldwyvern
Janholt Janholt
Ironshore Ironshore
Courtcastle Courtcastle
Greenshore Greenshore
Mistshore Mistshore
Coldville Coldville
Southwheat Southwheat
Mallowness Mallowness
Greensummer Greensummer
Bluewyn Bluewyn
Southpine Southpine
Redlake Redlake
Westmill Westmill
Wellbank Wellbank
Flowermill Flowermill
Summermage Summermage
Woodice Woodice
Buttermead Buttermead
Northwynne Northwynne
Marbleiron Marbleiron
Fairice Fairice
Eriwall Eriwall
Newley Newley
Eastcastle Eastcastle
Wildemarsh Wildemarsh
Flowerfield Flowerfield
Lightmere Lightmere
Wooddell Wooddell
Ostwynne Ostwynne
Morwall Morwall
Violetfay Violetfay
Morwald Morwald
Orfort Orfort
Westvale Westvale
Freymere Freymere
Silverbarrow Silverbarrow
Silverlea Silverlea
