Brightmere Westmill Butterbush Butterhill Morwald Courtedge Coldville Newley Flowerfield Southwheat Springfox Greenshore Mistshore Fieldedge Bluewyn Courtcastle Eastcastle Strongfall Northriver Oakmere Wellbank Corbank Goldwyvern Mallowness Silverlea Redwell Lightmere Esterfall Stoneglass Highmont Bluedell Courtwall Bluedell Highmont Stoneglass Esterfall Lightmere Redwell Silverlea Mallowness Goldwyvern Corbank Wellbank Oakmere Northriver Strongfall Eastcastle Courtcastle Bluewyn Fieldedge Mistshore Greenshore Springfox Southwheat Flowerfield Newley Coldville Courtedge Morwald Butterhill Butterbush Westmill Brightmere Windbridge Lochmage Westvale Seamoor Northwynne Goldcrest Foxvale Snowsage Applecastle Icenesse Greensummer Violetfay Shoreburn Violetley Bluelake Redlake Silverbarrow Westerlight Valhaven Greyice Ironriver Ostwynne Wellmage Wooddell Freymere Mallowbridge Morwall Silverwitch Dellwyn Fairsage Eriwall Woodice Snowshore Summermage Erilyn Clearland Ironshore Verthedge Deephedge Newmill Orbarrow Marbleiron Wildemarsh Clearnesse Stonefair Esterash Brightrock Freyview Janholt Fogland Foxhaven Buttermead Rosemill Rosegate Bushgate Wolflea Southpine Newby Flowermill Irondeer Mallowway Fairice Starryhill Blackbush Orfort Oldmoor Butterway Bluedale Butterway Oldmoor Orfort Blackbush Starryhill Fairice Mallowway Irondeer Flowermill Newby Southpine Wolflea Bushgate Rosegate Rosemill Buttermead Foxhaven Fogland Janholt Freyview Brightrock Esterash Stonefair Clearnesse Wildemarsh Marbleiron Orbarrow Newmill Deephedge Verthedge Ironshore Clearland Erilyn Summermage Snowshore Woodice Eriwall Fairsage Dellwyn Silverwitch Morwall Mallowbridge Freymere Wooddell Wellmage Ostwynne Ironriver Greyice Valhaven Westerlight Silverbarrow Redlake Bluelake Violetley Shoreburn Violetfay Greensummer Icenesse Applecastle Snowsage Foxvale Goldcrest Northwynne Seamoor Westvale Lochmage Windbridge Brightmere
50
Snowshore Snowshore
Newley Newley
Wolflea Wolflea
Corbank Corbank
Oldmoor Oldmoor
Lightmere Lightmere
Marbleiron Marbleiron
Eriwall Eriwall
Brightmere Brightmere
Southwheat Southwheat
Foxhaven Foxhaven
Buttermead Buttermead
Newby Newby
Irondeer Irondeer
Bushgate Bushgate
Oakmere Oakmere
Goldwyvern Goldwyvern
Westmill Westmill
Clearnesse Clearnesse
Butterbush Butterbush
Esterfall Esterfall
Ironshore Ironshore
Westerlight Westerlight
Rosemill Rosemill
Esterash Esterash
Lochmage Lochmage
Ironriver Ironriver
Stoneglass Stoneglass
Wildemarsh Wildemarsh
Morwald Morwald
Westvale Westvale
Fairsage Fairsage
Courtcastle Courtcastle
Bluedell Bluedell
Shoreburn Shoreburn
Erilyn Erilyn
Courtwall Courtwall
Violetley Violetley
Clearland Clearland
Valhaven Valhaven
Eastcastle Eastcastle
Greyice Greyice
Greenshore Greenshore
Stonefair Stonefair
Morwall Morwall
Dellwyn Dellwyn
Foxvale Foxvale
Woodice Woodice
Wellmage Wellmage
Freyview Freyview
