Clearnesse Freyview Violetley Westvale Bluedell Shoreburn Ironshore Newley Courtcastle Erilyn Morwall Westmill Marbleiron Morwald Foxvale Bushgate Wellmage Greenshore Brightmere Stoneglass Dellwyn Oakmere Eastcastle Clearland Esterfall Lightmere Goldwyvern Lightmere Esterfall Clearland Eastcastle Oakmere Dellwyn Stoneglass Brightmere Greenshore Wellmage Bushgate Foxvale Morwald Marbleiron Westmill Morwall Erilyn Courtcastle Newley Ironshore Shoreburn Bluedell Westvale Violetley Freyview Clearnesse Snowshore Ironriver Westerlight Newby Butterbush Greyice Buttermead Rosemill Oldmoor Southwheat Valhaven Woodice Corbank Lochmage Esterash Foxhaven Courtwall Fairsage Irondeer Eriwall Wolflea Stonefair Wildemarsh Stonefair Wolflea Eriwall Irondeer Fairsage Courtwall Foxhaven Esterash Lochmage Corbank Woodice Valhaven Southwheat Oldmoor Rosemill Buttermead Greyice Butterbush Newby Westerlight Ironriver Snowshore Clearnesse
25
Oldmoor Oldmoor
Woodice Woodice
Dellwyn Dellwyn
Freyview Freyview
Oakmere Oakmere
Eriwall Eriwall
Valhaven Valhaven
Newby Newby
Foxhaven Foxhaven
Morwall Morwall
Goldwyvern Goldwyvern
Corbank Corbank
Westvale Westvale
Morwald Morwald
Ironriver Ironriver
Violetley Violetley
Courtwall Courtwall
Ironshore Ironshore
Marbleiron Marbleiron
Buttermead Buttermead
Courtcastle Courtcastle
Butterbush Butterbush
Foxvale Foxvale
Esterfall Esterfall
Clearnesse Clearnesse
