129 15 41 143 35 179 92 124 137 17 75 87 181 8 142 122 69 167 130 6 66 20 1 88 31 61 9 13 174 103 123 65 131 93 114 89 68 95 11 96 70 44 108 160 74 36 47 173 64 71 90 77 152 58 159 148 166 147 50 188 86 180 145 99 30 83 116 111 4 157 110 154 193 53 138 102 133 106 178 169 168 172 141 149 140 39 80 183 182 190 150 135 118 10 100 91 104 155 38 117 85 184 109 34 42 56 186 59 120 78 5 197 51 24 94 27 165 40 3 14 57 54 55 2 46 25 16 23 158 185 161 32 187 128 132 60 62 156 171 49 162 119 163 73 136 195 67 21 72 79 112 12 177 126 146 113 127 125 115 105 164 84 7 19 43 144 134 194 198 194 134 144 43 19 7 84 164 105 115 125 127 113 146 126 177 12 112 79 72 21 67 195 136 73 163 119 162 49 171 156 62 60 132 128 187 32 161 185 158 23 16 25 46 2 55 54 57 14 3 40 165 27 94 24 51 197 5 78 120 59 186 56 42 34 109 184 85 117 38 155 104 91 100 10 118 135 150 190 182 183 80 39 140 149 141 172 168 169 178 106 133 102 138 53 193 154 110 157 4 111 116 83 30 99 145 180 86 188 50 147 166 148 159 58 152 77 90 71 64 173 47 36 74 160 108 44 70 96 11 95 68 89 114 93 131 65 123 103 174 13 9 61 31 88 1 20 66 6 130 167 69 122 142 8 181 87 75 17 137 124 92 179 35 143 41 15 129 29 22 45 139 199 81 18 98 48 97 76 63 82 107 176 189 191 196 37 28 26 175 192 121 153 151 33 52 101 170 200 170 101 52 33 151 153 121 192 175 26 28 37 196 191 189 176 107 82 63 76 97 48 98 18 81 199 139 45 22 29 129
66
1 1
4 4
7 7
10 10
13 13
16 16
19 19
22 22
25 25
28 28
31 31
34 34
37 37
40 40
43 43
46 46
49 49
52 52
55 55
58 58
61 61
64 64
67 67
70 70
73 73
76 76
79 79
82 82
85 85
88 88
91 91
94 94
97 97
100 100
103 103
106 106
109 109
112 112
115 115
118 118
121 121
124 124
127 127
130 130
133 133
136 136
139 139
142 142
145 145
148 148
151 151
154 154
157 157
160 160
163 163
166 166
169 169
172 172
175 175
178 178
181 181
184 184
187 187
190 190
193 193
196 196
