77 54 58 3 4 39 95 42 48 70 94 17 16 21 82 53 13 62 92 83 2 76 81 74 63 41 47 28 35 89 14 24 91 97 9 20 87 37 36 44 38 51 34 60 84 52 56 72 15 22 32 78 90 88 96 85 96 88 90 78 32 22 15 72 56 52 84 60 34 51 38 44 36 37 87 20 9 97 91 24 14 89 35 28 47 41 63 74 81 76 2 83 92 62 13 53 82 21 16 17 94 70 48 42 95 39 4 3 58 54 77 30 26 86 55 6 8 33 45 5 19 29 57 50 71 100 43 99 79 75 61 11 59 66 27 12 69 49 65 68 80 10 25 31 18 46 40 73 93 1 7 23 67 64 98 64 67 23 7 1 93 73 40 46 18 31 25 10 80 68 65 49 69 12 27 66 59 11 61 75 79 99 43 100 71 50 57 29 19 5 45 33 8 6 55 86 26 30 77
33
1 1
4 4
7 7
10 10
13 13
16 16
19 19
22 22
25 25
28 28
31 31
34 34
37 37
40 40
43 43
46 46
49 49
52 52
55 55
58 58
61 61
64 64
67 67
70 70
73 73
76 76
79 79
82 82
85 85
88 88
91 91
94 94
97 97
