FacultyClub EarthquakeLibrary Cheit Wheeler MathLibrary PacificFilmArchive Warren TAAP BanwayBuilding Giauque SutardjaDai Boalt EngineeringLibrary MSRI Latimer Manville Unit3 BerkeleyWayWest Pimentel Jacobs EastAsianLibrary LatinAmerican FoxCottage BrainImagingCenter Etcheverry SocialLibrary SpringerGateway DonnerLaboratory Senior SEAsianLibrary Hildebrand CITRIS MLK NewspapersLibrary LawrenceofScience Bechtel EnergyBuilding Davis HearstGym InternationalHouse McCone Mulford Spieker Evans BancroftDance Durant ArtHistoryLibrary IdaHouse MediaCenter LeConte Soda AlumniHouse VisualCenter LawSchool HearstGreekTheatre Hilgard BioscienceLibrary Stanley Bowles MaxwellField WooHonFai Wellman Birge FPF Campbell MelvinLaboratory Koshland FoundersRock OBrien CesarChavez EarthLibrary StudentUnion Durham HealthServices VLSB BerkeleyLawLibrary MartinezCommons PhysicsLibrary NorthGate UniversityHouse SproulPlaza OptometryLibrary Library BancroftLibrary AndersenAuditorium Stephens Morrison UpperHearstParking Underhill StowPlaza SimpsonCenter AquaticCenter AnthropologyLibrary Sproul HearstFieldAnnex EthnicLibrary HearstFountain CareerCenter HearstFountain EthnicLibrary HearstFieldAnnex Sproul AnthropologyLibrary AquaticCenter SimpsonCenter StowPlaza Underhill UpperHearstParking Morrison Stephens AndersenAuditorium BancroftLibrary Library OptometryLibrary SproulPlaza UniversityHouse NorthGate PhysicsLibrary MartinezCommons BerkeleyLawLibrary VLSB HealthServices Durham StudentUnion EarthLibrary CesarChavez OBrien FoundersRock Koshland MelvinLaboratory Campbell FPF Birge Wellman WooHonFai MaxwellField Bowles Stanley BioscienceLibrary Hilgard HearstGreekTheatre LawSchool VisualCenter AlumniHouse Soda LeConte MediaCenter IdaHouse ArtHistoryLibrary Durant BancroftDance Evans Spieker Mulford McCone InternationalHouse HearstGym Davis EnergyBuilding Bechtel LawrenceofScience NewspapersLibrary MLK CITRIS Hildebrand SEAsianLibrary Senior DonnerLaboratory SpringerGateway SocialLibrary Etcheverry BrainImagingCenter FoxCottage LatinAmerican EastAsianLibrary Jacobs Pimentel BerkeleyWayWest Unit3 Manville Latimer MSRI EngineeringLibrary Boalt SutardjaDai Giauque BanwayBuilding TAAP Warren PacificFilmArchive MathLibrary Wheeler Cheit EarthquakeLibrary FacultyClub IRLE Investigative IRLE FacultyClub
50
FacultyClub FacultyClub
BioscienceLibrary BioscienceLibrary
SutardjaDai SutardjaDai
Etcheverry Etcheverry
SproulPlaza SproulPlaza
Hilgard Hilgard
StudentUnion StudentUnion
EarthquakeLibrary EarthquakeLibrary
UniversityHouse UniversityHouse
LawrenceofScience LawrenceofScience
Pimentel Pimentel
Mulford Mulford
CareerCenter CareerCenter
HearstGym HearstGym
Durham Durham
OBrien OBrien
Library Library
Spieker Spieker
FPF FPF
PacificFilmArchive PacificFilmArchive
BrainImagingCenter BrainImagingCenter
Morrison Morrison
Wheeler Wheeler
Cheit Cheit
Manville Manville
Koshland Koshland
Jacobs Jacobs
Investigative Investigative
EarthLibrary EarthLibrary
EnergyBuilding EnergyBuilding
MediaCenter MediaCenter
StowPlaza StowPlaza
MartinezCommons MartinezCommons
MelvinLaboratory MelvinLaboratory
BancroftDance BancroftDance
AndersenAuditorium AndersenAuditorium
Unit3 Unit3
AnthropologyLibrary AnthropologyLibrary
Stephens Stephens
InternationalHouse InternationalHouse
OptometryLibrary OptometryLibrary
IRLE IRLE
SpringerGateway SpringerGateway
DonnerLaboratory DonnerLaboratory
ArtHistoryLibrary ArtHistoryLibrary
Sproul Sproul
Birge Birge
CITRIS CITRIS
NewspapersLibrary NewspapersLibrary
Warren Warren
