FacultyClub Etcheverry HearstGym BioscienceLibrary Investigative NewspapersLibrary SpringerGateway Pimentel Manville InternationalHouse Hilgard Jacobs Cheit Wheeler Durham MartinezCommons SproulPlaza MelvinLaboratory StowPlaza AnthropologyLibrary AndersenAuditorium SutardjaDai IRLE UniversityHouse FPF ArtHistoryLibrary EarthquakeLibrary MediaCenter Sproul Stephens Spieker Unit3 CareerCenter OptometryLibrary DonnerLaboratory Birge BancroftDance Warren Mulford Morrison BrainImagingCenter CITRIS StudentUnion EnergyBuilding Koshland EnergyBuilding StudentUnion CITRIS BrainImagingCenter Morrison Mulford Warren BancroftDance Birge DonnerLaboratory OptometryLibrary CareerCenter Unit3 Spieker Stephens Sproul MediaCenter EarthquakeLibrary ArtHistoryLibrary FPF UniversityHouse IRLE SutardjaDai AndersenAuditorium AnthropologyLibrary StowPlaza MelvinLaboratory SproulPlaza MartinezCommons Durham Wheeler Cheit Jacobs Hilgard InternationalHouse Manville Pimentel SpringerGateway NewspapersLibrary Investigative BioscienceLibrary HearstGym Etcheverry FacultyClub LawrenceofScience PacificFilmArchive OBrien Library EarthLibrary Library OBrien PacificFilmArchive LawrenceofScience FacultyClub
25
FacultyClub FacultyClub
BioscienceLibrary BioscienceLibrary
SutardjaDai SutardjaDai
Etcheverry Etcheverry
SproulPlaza SproulPlaza
Hilgard Hilgard
StudentUnion StudentUnion
EarthquakeLibrary EarthquakeLibrary
UniversityHouse UniversityHouse
LawrenceofScience LawrenceofScience
Pimentel Pimentel
Mulford Mulford
CareerCenter CareerCenter
HearstGym HearstGym
Durham Durham
OBrien OBrien
Library Library
Spieker Spieker
FPF FPF
PacificFilmArchive PacificFilmArchive
BrainImagingCenter BrainImagingCenter
Morrison Morrison
Wheeler Wheeler
Cheit Cheit
Manville Manville
