FacultyClub Stern EarthquakeLibrary RSSBuilding Morrison Sproul BanwayBuilding Zellerbach HearstMining BerkeleyLawLibrary CITRIS OldArtGallery Kroeber ClarkKerrCampus Cal1CardOffice Extension Mulford Hildebrand EllsworthParking MathLibrary Koshland SatherGate MSRI LawSchool Boalt ArtHistoryLibrary Durham WomensFacultyClub HaasClubhouse Unit3 AlumniHouse EastGate WestGate BAMPFA SpringerGateway IRLE Campbell LeConte RecreationalSports South PhilosophyLibrary Cleary BancroftDance Giauque CalvinLaboratory Dwinelle Spieker Dwinelle CalvinLaboratory Giauque BancroftDance Cleary PhilosophyLibrary South RecreationalSports LeConte Campbell IRLE SpringerGateway BAMPFA WestGate EastGate AlumniHouse Unit3 HaasClubhouse WomensFacultyClub Durham ArtHistoryLibrary Boalt LawSchool MSRI SatherGate Koshland MathLibrary EllsworthParking Hildebrand Mulford Extension Cal1CardOffice ClarkKerrCampus Kroeber OldArtGallery CITRIS BerkeleyLawLibrary HearstMining Zellerbach BanwayBuilding Sproul Morrison RSSBuilding EarthquakeLibrary Stern FacultyClub MLK SutardjaDai BancroftLibrary Library FPF Barrows Gilman Morgan HealthServices LBNL Evans EastAsianLibrary PhysicsLibrary McLaughlin HearstGym Pimentel Unit2 BusinessLibrary NorthGate EarthLibrary LowerHearstParking University Tang GPB Hesse Investigative InnovationStudio UpperHearstParking MediaCenter Cory DonnerLaboratory Hilgard HaasPavilion Haviland Anthony Archaeological PEERLibrary Unit1 HearstGreekTheatre UCBExtension Foothill Hertz ChanningBowditch MelvinLaboratory LudwigsFountain MusicLibrary ChildStudyCenter Parking EthnicLibrary Architects Senior MemorialStadium SproulPlaza KoretVisitorCenter Underhill JacksonHouse Etcheverry TAAP TheGlade Giannini Manville SocialLibrary BrainImagingCenter WooHonFai EnvDesignLibrary Minor Moses SoutheastAsian Bechtel Bowles AquaticCenter Chou Campanile GreekTheatre LawrenceofScience StudentUnion AnthropologyLibrary NewspapersLibrary HearstFieldAnnex VisitorCenter McCone Blackwell OptometryLibrary VLSB GoldmanSchool HearstFountain Stanley Jacobs BioscienceLibrary InsectaryGreenhouse RegionalLibrary Lewis 1914Fountain BerkeleyWayWest LatinAmerican SEAsianLibrary FoundersRock EngineeringLibrary Haas Warren OxfordResearchUnit UniversityHouse CesarChavez Durant FSM Blum JuliaMorgan SharedServices LiKaShingCenter Wellman Simon EnergyBuilding IdaHouse GraduateServices NatrLaboratory DataLab CounselingLibrary DoeMemorialLibrary Birge Classof54Gate Stephens OBrien Wheeler TheologicalLibrary MoffittLibrary CareerCenter VLSBAddition SpaceLab ChildCenter Soda Eshleman AndersenAuditorium Tan VisualCenter Demography MemorialPool MartinezCommons Cheit PacificFilmArchive Barker BancroftParking StowPlaza AnnaHeadAlumnae InternationalHouse Davis TennisCenter FoxCottage PublicAffairs Wurster SimpsonCenter Latimer SummerSession MaxwellField SummerSession Latimer SimpsonCenter Wurster PublicAffairs FoxCottage TennisCenter Davis InternationalHouse AnnaHeadAlumnae StowPlaza BancroftParking Barker PacificFilmArchive Cheit MartinezCommons MemorialPool Demography VisualCenter Tan AndersenAuditorium Eshleman Soda ChildCenter SpaceLab VLSBAddition CareerCenter MoffittLibrary TheologicalLibrary Wheeler OBrien Stephens Classof54Gate Birge DoeMemorialLibrary CounselingLibrary DataLab NatrLaboratory GraduateServices IdaHouse EnergyBuilding Simon Wellman LiKaShingCenter SharedServices JuliaMorgan Blum FSM Durant CesarChavez UniversityHouse OxfordResearchUnit Warren Haas EngineeringLibrary FoundersRock SEAsianLibrary LatinAmerican BerkeleyWayWest 1914Fountain Lewis RegionalLibrary InsectaryGreenhouse BioscienceLibrary Jacobs Stanley HearstFountain GoldmanSchool VLSB OptometryLibrary Blackwell McCone VisitorCenter HearstFieldAnnex NewspapersLibrary AnthropologyLibrary StudentUnion LawrenceofScience GreekTheatre Campanile Chou AquaticCenter Bowles Bechtel SoutheastAsian Moses Minor EnvDesignLibrary WooHonFai BrainImagingCenter SocialLibrary Manville Giannini TheGlade TAAP Etcheverry JacksonHouse Underhill KoretVisitorCenter SproulPlaza MemorialStadium Senior Architects EthnicLibrary Parking ChildStudyCenter MusicLibrary LudwigsFountain MelvinLaboratory ChanningBowditch Hertz Foothill UCBExtension HearstGreekTheatre Unit1 PEERLibrary Archaeological Anthony Haviland HaasPavilion Hilgard DonnerLaboratory Cory MediaCenter UpperHearstParking InnovationStudio Investigative Hesse GPB Tang University LowerHearstParking EarthLibrary NorthGate BusinessLibrary Unit2 Pimentel HearstGym McLaughlin PhysicsLibrary EastAsianLibrary Evans LBNL HealthServices Morgan Gilman Barrows FPF Library BancroftLibrary SutardjaDai MLK FacultyClub
100
FacultyClub FacultyClub
BioscienceLibrary BioscienceLibrary
SutardjaDai SutardjaDai
Etcheverry Etcheverry
SproulPlaza SproulPlaza
Hilgard Hilgard
StudentUnion StudentUnion
EarthquakeLibrary EarthquakeLibrary
UniversityHouse UniversityHouse
LawrenceofScience LawrenceofScience
Pimentel Pimentel
Mulford Mulford
CareerCenter CareerCenter
HearstGym HearstGym
Durham Durham
OBrien OBrien
Library Library
Spieker Spieker
FPF FPF
PacificFilmArchive PacificFilmArchive
BrainImagingCenter BrainImagingCenter
Morrison Morrison
Wheeler Wheeler
Cheit Cheit
Manville Manville
Koshland Koshland
Jacobs Jacobs
Investigative Investigative
EarthLibrary EarthLibrary
EnergyBuilding EnergyBuilding
MediaCenter MediaCenter
StowPlaza StowPlaza
MartinezCommons MartinezCommons
MelvinLaboratory MelvinLaboratory
BancroftDance BancroftDance
AndersenAuditorium AndersenAuditorium
Unit3 Unit3
AnthropologyLibrary AnthropologyLibrary
Stephens Stephens
InternationalHouse InternationalHouse
OptometryLibrary OptometryLibrary
IRLE IRLE
SpringerGateway SpringerGateway
DonnerLaboratory DonnerLaboratory
ArtHistoryLibrary ArtHistoryLibrary
Sproul Sproul
Birge Birge
CITRIS CITRIS
NewspapersLibrary NewspapersLibrary
Warren Warren
PhysicsLibrary PhysicsLibrary
CesarChavez CesarChavez
BerkeleyWayWest BerkeleyWayWest
MSRI MSRI
HealthServices HealthServices
WooHonFai WooHonFai
TAAP TAAP
MathLibrary MathLibrary
AquaticCenter AquaticCenter
UpperHearstParking UpperHearstParking
Evans Evans
BancroftLibrary BancroftLibrary
HearstFieldAnnex HearstFieldAnnex
HearstFountain HearstFountain
BerkeleyLawLibrary BerkeleyLawLibrary
Underhill Underhill
Campbell Campbell
Davis Davis
NorthGate NorthGate
Giauque Giauque
AlumniHouse AlumniHouse
Bowles Bowles
Wellman Wellman
VLSB VLSB
Senior Senior
Stanley Stanley
SocialLibrary SocialLibrary
EastAsianLibrary EastAsianLibrary
SimpsonCenter SimpsonCenter
EthnicLibrary EthnicLibrary
FoxCottage FoxCottage
Hildebrand Hildebrand
MaxwellField MaxwellField
SEAsianLibrary SEAsianLibrary
IdaHouse IdaHouse
Bechtel Bechtel
BanwayBuilding BanwayBuilding
EngineeringLibrary EngineeringLibrary
Durant Durant
Soda Soda
McCone McCone
LatinAmerican LatinAmerican
VisualCenter VisualCenter
LawSchool LawSchool
LeConte LeConte
HearstGreekTheatre HearstGreekTheatre
MLK MLK
Boalt Boalt
Latimer Latimer
FoundersRock FoundersRock
