0 13 92 8 28 8 92 13 0 6 12 67 34 49 97 78 76 25 37 29 82 41 98 53 27 51 65 90 40 21 1 11 31 83 91 64 32 23 30 36 50 99 70 86 84 68 35 96 89 74 93 46 61 57 62 63 88 9 72 71 79 55 39 10 22 33 52 17 24 14 3 16 38 56 48 42 15 4 5 20 73 44 26 58 54 85 81 43 19 80 60 94 87 18 75 45 59 69 95 77 7 2 66 47 66 2 7 77 95 69 59 45 75 18 87 94 60 80 19 43 81 85 54 58 26 44 73 20 5 4 15 42 48 56 38 16 3 14 24 17 52 33 22 10 39 55 79 71 72 9 88 63 62 57 61 46 93 74 89 96 35 68 84 86 70 99 50 36 30 23 32 64 91 83 31 11 1 21 40 90 65 51 27 53 98 41 82 29 37 25 76 78 97 49 34 67 12 6 0
47
1 1
2 2
3 3
4 4
6 6
10 10
11 11
16 16
17 17
23 23
24 24
25 25
26 26
28 28
29 29
30 30
31 31
32 32
41 41
43 43
44 44
45 45
46 46
47 47
48 48
50 50
53 53
57 57
58 58
59 59
61 61
62 62
67 67
70 70
73 73
76 76
77 77
78 78
81 81
82 82
85 85
86 86
88 88
89 89
95 95
97 97
99 99
