0 169 83 41 89 15 177 195 119 143 132 131 68 108 166 156 80 95 42 32 181 157 122 145 51 183 12 73 71 113 63 17 84 174 136 81 55 142 92 154 123 100 102 65 176 165 180 171 2 11 182 125 103 139 150 72 34 1 87 48 106 49 178 193 190 185 187 140 114 66 58 66 114 140 187 185 190 193 178 49 106 48 87 1 34 72 150 139 103 125 182 11 2 171 180 165 176 65 102 100 123 154 92 142 55 81 136 174 84 17 63 113 71 73 12 183 51 145 122 157 181 32 42 95 80 156 166 108 68 131 132 143 119 195 177 15 89 41 83 169 0 112 60 189 192 148 27 161 188 50 76 191 54 70 45 46 90 186 147 62 14 21 25 141 7 35 6 74 118 159 153 172 128 52 5 24 120 146 29 105 36 160 135 44 94 104 173 111 170 33 8 10 39 23 175 144 40 77 79 137 91 96 101 110 184 149 129 194 155 151 196 168 47 88 116 99 158 86 57 31 117 134 179 28 18 67 59 121 37 109 197 138 22 4 3 13 133 26 198 199 97 30 127 152 98 69 78 43 167 162 64 126 93 53 130 82 75 107 61 38 85 163 124 16 19 56 164 20 9 115 9 20 164 56 19 16 124 163 85 38 61 107 75 82 130 53 93 126 64 162 167 43 78 69 98 152 127 30 97 199 198 26 133 13 3 4 22 138 197 109 37 121 59 67 18 28 179 134 117 31 57 86 158 99 116 88 47 168 196 151 155 194 129 149 184 110 101 96 91 137 79 77 40 144 175 23 39 10 8 33 170 111 173 104 94 44 135 160 36 105 29 146 120 24 5 52 128 172 153 159 118 74 6 35 7 141 25 21 14 62 147 186 90 46 45 70 54 191 76 50 188 161 27 148 192 189 60 112 0
98
3 3
8 8
13 13
15 15
17 17
18 18
19 19
25 25
26 26
32 32
33 33
35 35
38 38
42 42
44 44
46 46
47 47
48 48
49 49
51 51
52 52
55 55
56 56
58 58
60 60
64 64
65 65
67 67
69 69
71 71
73 73
74 74
75 75
76 76
77 77
80 80
82 82
83 83
85 85
87 87
88 88
90 90
91 91
92 92
93 93
94 94
96 96
97 97
99 99
102 102
103 103
105 105
106 106
112 112
113 113
114 114
117 117
119 119
120 120
123 123
124 124
131 131
132 132
133 133
134 134
135 135
136 136
139 139
140 140
141 141
143 143
145 145
148 148
149 149
153 153
154 154
155 155
158 158
161 161
162 162
167 167
168 168
169 169
170 170
171 171
172 172
173 173
174 174
175 175
177 177
178 178
180 180
181 181
188 188
191 191
195 195
197 197
199 199
