1 65 9 62 81 48 85 57 63 95 51 20 33 34 80 10 92 72 73 21 50 4 97 55 58 31 67 56 87 44 7 74 15 68 23 12 22 47 45 37 93 64 5 6 82 32 83 99 3 35 18 39 75 17 54 61 86 61 54 17 75 39 18 35 3 99 83 32 82 6 5 64 93 37 45 47 22 12 23 68 15 74 7 44 87 56 67 31 58 55 97 4 50 21 73 72 92 10 80 34 33 20 51 95 63 57 85 48 81 62 9 65 1 2 90 29 69 59 19 38 53 26 46 42 49 41 27 70 78 94 24 11 8 14 43 88 36 89 98 76 30 66 28 84 71 25 52 100 77 40 60 13 96 16 79 91 79 16 96 13 60 40 77 100 52 25 71 84 28 66 30 76 98 89 36 88 43 14 8 11 24 94 78 70 27 41 49 42 46 26 53 38 19 59 69 29 90 2 1
50
2 2
3 3
4 4
5 5
6 6
7 7
8 8
9 9
10 10
11 11
12 12
13 13
14 14
15 15
16 16
17 17
18 18
19 19
20 20
21 21
22 22
23 23
24 24
25 25
26 26
27 27
28 28
29 29
30 30
31 31
32 32
33 33
34 34
35 35
36 36
37 37
38 38
39 39
40 40
41 41
42 42
43 43
44 44
45 45
46 46
47 47
48 48
49 49
50 50
51 51
