1 7 182 117 102 126 193 191 151 175 152 21 76 79 110 35 57 60 129 195 135 156 19 199 173 112 67 167 101 179 39 71 9 93 121 89 48 141 30 69 64 42 95 53 6 54 10 97 92 62 172 84 28 83 73 185 200 8 145 27 184 22 63 160 190 166 98 140 168 32 87 107 128 47 187 198 183 133 115 170 178 170 115 133 183 198 187 47 128 107 87 32 168 140 98 166 190 160 63 22 184 27 145 8 200 185 73 83 28 84 172 62 92 97 10 54 6 53 95 42 64 69 30 141 48 89 121 93 9 71 39 179 101 167 67 112 173 199 19 156 135 195 129 60 57 35 110 79 76 21 152 175 151 191 193 126 102 117 182 7 1 188 61 113 103 33 85 144 192 12 51 120 43 189 14 159 31 134 122 138 70 80 36 150 132 34 46 91 106 13 66 90 111 157 153 136 68 180 146 116 186 99 74 41 72 147 40 44 59 119 131 56 162 149 88 158 143 2 118 50 17 161 58 100 194 171 109 155 37 24 11 82 52 94 164 86 29 20 25 4 81 125 5 96 176 18 114 26 130 75 65 137 139 77 49 124 38 108 45 127 163 105 15 177 123 55 3 78 165 104 23 154 181 142 16 148 196 174 169 197 169 174 196 148 16 142 181 154 23 104 165 78 3 55 123 177 15 105 163 127 45 108 38 124 49 77 139 137 65 75 130 26 114 18 176 96 5 125 81 4 25 20 29 86 164 94 52 82 11 24 37 155 109 171 194 100 58 161 17 50 118 2 143 158 88 149 162 56 131 119 59 44 40 147 72 41 74 99 186 116 146 180 68 136 153 157 111 90 66 13 106 91 46 34 132 150 36 80 70 138 122 134 31 159 14 189 43 120 51 12 192 144 85 33 103 113 61 188 1
100
2 2
3 3
4 4
5 5
6 6
7 7
8 8
9 9
10 10
11 11
12 12
13 13
14 14
15 15
16 16
17 17
18 18
19 19
20 20
21 21
22 22
23 23
24 24
25 25
26 26
27 27
28 28
29 29
30 30
31 31
32 32
33 33
34 34
35 35
36 36
37 37
38 38
39 39
40 40
41 41
42 42
43 43
44 44
45 45
46 46
47 47
48 48
49 49
50 50
51 51
52 52
53 53
54 54
55 55
56 56
57 57
58 58
59 59
60 60
61 61
62 62
63 63
64 64
65 65
66 66
67 67
68 68
69 69
70 70
71 71
72 72
73 73
74 74
75 75
76 76
77 77
78 78
79 79
80 80
81 81
82 82
83 83
84 84
85 85
86 86
87 87
88 88
89 89
90 90
91 91
92 92
93 93
94 94
95 95
96 96
97 97
98 98
99 99
100 100
101 101
