33 86 64 76 26 43 5 2 4 68 90 10 9 3 92 35 7 49 55 47 34 39 82 40 48 71 53 36 18 56 42 73 87 91 46 45 21 25 94 16 31 60 67 57 58 44 70 24 41 32 6 81 61 59 22 93 99 19 50 88 69 38 52 65 62 72 80 20 89 14 63 66 27 23 1 96 1 23 27 66 63 14 89 20 80 72 62 65 52 38 69 88 50 19 99 93 22 59 61 81 6 32 41 24 70 44 58 57 67 60 31 16 94 25 21 45 46 91 87 73 42 56 18 36 53 71 48 40 82 39 34 47 55 49 7 35 92 3 9 10 90 68 4 2 5 43 26 76 64 86 33 51 37 79 78 75 74 77 29 28 30 54 84 83 98 13 12 15 17 85 95 100 11 8 97 8 11 100 95 85 17 15 12 13 98 83 84 54 30 28 29 77 74 75 78 79 37 51 33
50
60 60
31 31
17 17
80 80
79 79
68 68
61 61
89 89
13 13
9 9
63 63
8 8
5 5
100 100
20 20
19 19
22 22
34 34
7 7
50 50
94 94
86 86
26 26
30 30
54 54
10 10
42 42
23 23
95 95
15 15
67 67
35 35
64 64
2 2
88 88
47 47
75 75
29 29
40 40
82 82
57 57
97 97
65 65
69 69
11 11
12 12
48 48
52 52
51 51
25 25
