159 77 190 192 197 106 13 63 121 166 27 173 152 195 118 84 16 179 154 2 125 128 111 177 174 169 161 160 155 69 171 10 66 36 17 133 135 136 49 50 29 88 131 132 163 53 193 153 5 33 24 26 34 38 113 112 110 141 142 46 37 75 89 90 168 187 68 62 30 143 138 81 28 9 4 3 79 170 42 55 51 148 47 182 48 117 7 72 45 25 101 1 39 40 43 164 6 52 58 176 178 8 167 15 18 19 21 194 23 181 100 199 100 181 23 194 21 19 18 15 167 8 178 176 58 52 6 164 43 40 39 1 101 25 45 72 7 117 48 182 47 148 51 55 42 170 79 3 4 9 28 81 138 143 30 62 68 187 168 90 89 75 37 46 142 141 110 112 113 38 34 26 24 33 5 153 193 53 163 132 131 88 29 50 49 136 135 133 17 36 66 10 171 69 155 160 161 169 174 177 111 128 125 2 154 179 16 84 118 195 152 173 27 166 121 63 13 106 197 192 190 77 159 22 95 57 64 130 107 134 120 116 115 54 85 137 127 146 144 145 151 76 149 140 14 56 156 31 124 123 122 180 109 105 184 165 183 185 74 73 70 93 65 98 32 189 92 158 99 94 97 126 172 119 67 162 96 78 129 41 20 104 11 12 102 82 80 86 87 91 139 71 157 147 59 61 188 186 191 196 60 44 83 108 150 103 175 114 35 198 200 198 35 114 175 103 150 108 83 44 60 196 191 186 188 61 59 147 157 71 139 91 87 86 80 82 102 12 11 104 20 41 129 78 96 162 67 119 172 126 97 94 99 158 92 189 32 98 65 93 70 73 74 185 183 165 184 105 109 180 122 123 124 31 156 56 14 140 149 76 151 145 144 146 127 137 85 54 115 116 120 134 107 130 64 57 95 22 159
100
122 122
43 43
157 157
169 169
100 100
128 128
36 36
134 134
15 15
32 32
86 86
146 146
101 101
107 107
76 76
93 93
35 35
77 77
72 72
126 126
193 193
132 132
185 185
63 63
47 47
52 52
116 116
71 71
46 46
65 65
172 172
45 45
138 138
158 158
2 2
97 97
79 79
137 137
174 174
98 98
31 31
17 17
51 51
85 85
64 64
106 106
10 10
120 120
199 199
53 53
21 21
191 191
41 41
38 38
180 180
114 114
37 37
96 96
190 190
74 74
61 61
26 26
133 133
121 121
155 155
99 99
4 4
13 13
87 87
3 3
111 111
24 24
82 82
181 181
145 145
28 28
34 34
178 178
48 48
140 140
156 156
165 165
148 148
154 154
102 102
7 7
14 14
11 11
40 40
59 59
139 139
123 123
109 109
167 167
22 22
200 200
192 192
60 60
6 6
88 88
