lllIl1I 1III1ll I11111l llI1lII Il1l1ll Ill11II I1lIlII Ill11I1 l1III1I 1Il1lIl I1llll1 IIl1l1I IllII1I I111ll1 I11lIlI 1111I11 111lI1I I1llII1 l1IllI1 1llI111 lllIIlI 11l1ll1 111l1II IlIl1I1 lIIl11l 1I1I1l1 Il1II11 1l1IIIl lll1I1l lllllII I11lI1I IIlI11l III111I 11I1llI Ill1I11 1Ill1II 1lllIII 1lIl11I l1I111I 1I1I1lI l1l11l1 IlI1II1 lI11III Il1Il1I IIlIllI 1l11lII 11lI11I lIlllIl 1ll1ll1 I1Ill1I lII111l IIllI1l 1lll1lI 1IlIl1I l1lllll I1ll1II l1Ill11 l1lll11 lll1111 11lII11 1I1lllI II1lll1 I11I111 ll111ll I11I111 II1lll1 1I1lllI 11lII11 lll1111 l1lll11 l1Ill11 I1ll1II l1lllll 1IlIl1I 1lll1lI IIllI1l lII111l I1Ill1I 1ll1ll1 lIlllIl 11lI11I 1l11lII IIlIllI Il1Il1I lI11III IlI1II1 l1l11l1 1I1I1lI l1I111I 1lIl11I 1lllIII 1Ill1II Ill1I11 11I1llI III111I IIlI11l I11lI1I lllllII lll1I1l 1l1IIIl Il1II11 1I1I1l1 lIIl11l IlIl1I1 111l1II 11l1ll1 lllIIlI 1llI111 l1IllI1 I1llII1 111lI1I 1111I11 I11lIlI I111ll1 IllII1I IIl1l1I I1llll1 1Il1lIl l1III1I Ill11I1 I1lIlII Ill11II Il1l1ll llI1lII I11111l 1III1ll lllIl1I 11IIII1 lIIlII1 II11l1l lIl111I IllIlII 11Il1l1 IllI1ll 1l11III IIlI1lI 1Illl1l 1l1lIlI IlI1lII II1Il1I 11IIIl1 11Il111 I111I1I llIIII1 l1l1l1l I11I11l l11llll lI1lII1 IlIIIIl III1llI 1I1IIIl 1I11lll IlI1Il1 l1IIl1l Il11II1 1I11Ill lI1l111 11111lI lI1Ill1 1I1l1Il IIl111I llIlIIl lIllIll llIlIIl IIl111I 1I1l1Il lI1Ill1 11111lI lI1l111 1I11Ill Il11II1 l1IIl1l IlI1Il1 1I11lll 1I1IIIl III1llI IlIIIIl lI1lII1 l11llll I11I11l l1l1l1l llIIII1 I111I1I 11Il111 11IIIl1 II1Il1I IlI1lII 1l1lIlI 1Illl1l IIlI1lI 1l11III IllI1ll 11Il1l1 IllIlII lIl111I II11l1l lIIlII1 11IIII1 lllIl1I
50
lI11III lI11III
lIl111I lIl111I
Ill1I11 Ill1I11
lIIl11l lIIl11l
II1Il1I II1Il1I
I11111l I11111l
II11l1l II11l1l
lII111l lII111l
Il1Il1I Il1Il1I
ll111ll ll111ll
l1IllI1 l1IllI1
11111lI 11111lI
l1l11l1 l1l11l1
1l11lII 1l11lII
11lI11I 11lI11I
l1I111I l1I111I
llIIII1 llIIII1
lIIlII1 lIIlII1
I1ll1II I1ll1II
Ill11II Ill11II
lll1I1l lll1I1l
11IIII1 11IIII1
111lI1I 111lI1I
l1lllll l1lllll
lI1l111 lI1l111
IIl1l1I IIl1l1I
1I1l1Il 1I1l1Il
1I11Ill 1I11Ill
IIlIllI IIlIllI
1llI111 1llI111
I11I111 I11I111
I11I11l I11I11l
1l1lIlI 1l1lIlI
I1llII1 I1llII1
I1llll1 I1llll1
l1Ill11 l1Ill11
IlI1Il1 IlI1Il1
1IlIl1I 1IlIl1I
llI1lII llI1lII
III1llI III1llI
IlI1II1 IlI1II1
l1lll11 l1lll11
1I1I1lI 1I1I1lI
1I1lllI 1I1lllI
l1IIl1l l1IIl1l
lIllIll lIllIll
1lIl11I 1lIl11I
I111I1I I111I1I
III111I III111I
1I1I1l1 1I1I1l1
