K GG BX GK GO FO FC CI AO CJ CM EA GH AU DY R DC EN CE FH FJ CQ FF DJ BQ P AI C ET CS DA DL BJ DF GL DW DU DW GL DF BJ DL DA CS ET C AI P BQ DJ FF CQ FJ FH CE EN DC R DY AU GH EA CM CJ AO CI FC FO GO GK BX GG K AL AX DT CL DM X FN Y BG FX M BT G BE Q BN BK CD ER ED FT GV DR GU CG FK AB B FD FE GA BH GP AW EJ DE H AZ EQ BU GT EI AQ BA EU AE EO BW GR DH GS AR EM FM CO J FV L EV EE Z CV EK GM CT AY E BM GJ FG FS EF DZ EC AV GN U AP CU N BC CA CP BZ V EL AK FZ D EY AN FR S FI CB DX EH CN CF EP CR ES FU AM O AC BI I BB W EB DK BO GC CH BR BL FY AA EX EZ CK GI GQ FA AH FP A BV AG DD BY DV AF DB DP T DN DO AD EG GB DS DQ F AS FW GF BF CC BS FL FQ BD DG GD AJ EW AT GE DI BP FB BP DI GE AT EW AJ GD DG BD FQ FL BS CC BF GF FW AS F DQ DS GB EG AD DO DN T DP DB AF DV BY DD AG BV A FP AH FA GQ GI CK EZ EX AA FY BL BR CH GC BO DK EB W BB I BI AC O AM FU ES CR EP CF CN EH DX CB FI S FR AN EY D FZ AK EL V BZ CP CA BC N CU AP U GN AV EC DZ EF FS FG GJ BM E AY CT GM EK CV Z EE EV L FV J CO FM EM AR GS DH GR BW EO AE EU BA AQ EI GT BU EQ AZ H DE EJ AW GP BH GA FE FD B AB FK CG GU DR GV FT ED ER CD BK BN Q BE G BT M FX BG Y FN X DM CL DT AX AL K
100
A A
B B
C C
D D
E E
F F
G G
H H
I I
J J
K K
L L
M M
N N
O O
P P
Q Q
R R
S S
T T
U U
V V
W W
X X
Y Y
Z Z
AA AA
AB AB
AC AC
AD AD
AE AE
AF AF
AG AG
AH AH
AI AI
AJ AJ
AK AK
AL AL
AM AM
AN AN
AO AO
AP AP
AQ AQ
AR AR
AS AS
AT AT
AU AU
AV AV
AW AW
AX AX
AY AY
AZ AZ
BA BA
BB BB
BC BC
BD BD
BE BE
BF BF
BG BG
BH BH
BI BI
BJ BJ
BK BK
BL BL
BM BM
BN BN
BO BO
BP BP
BQ BQ
BR BR
BS BS
BT BT
BU BU
BV BV
BW BW
BX BX
BY BY
BZ BZ
CA CA
CB CB
CC CC
CD CD
CE CE
CF CF
CG CG
CH CH
CI CI
CJ CJ
CK CK
CL CL
CM CM
CN CN
CO CO
CP CP
CQ CQ
CR CR
CS CS
CT CT
CU CU
CV CV
