50 150 151 134 135 7 6 161 160 0 1 39 38 26 27 152 153 73 74 56 55 45 44 105 106 53 54 75 76 20 21 31 30 64 63 99 100 195 194 47 46 180 178 141 140 126 127 130 131 179 181 104 103 138 139 175 174 9 8 41 40 191 190 185 184 148 149 82 81 155 154 96 95 186 187 5 4 114 115 60 59 182 183 57 58 170 171 144 145 177 176 11 10 196 197 43 42 36 37 80 79 69 70 110 111 67 68 128 129 28 29 3 2 23 22 101 102 33 32 136 137 124 125 94 93 89 90 123 122 14 15 51 52 108 107 24 25 132 133 98 97 88 87 77 78 167 166 113 112 34 35 86 85 12 13 159 158 147 146 163 162 48 49 168 169 19 18 188 189 120 121 173 172 72 71 91 92 17 16 117 116 61 62 109 84 83 193 192 118 119 157 156 66 65 198 65 66 156 157 119 118 192 193 83 84 109 62 61 116 117 16 17 92 91 71 72 172 173 121 120 189 188 18 19 169 168 49 48 162 163 146 147 158 159 13 12 85 86 35 34 112 113 166 167 78 77 87 88 97 98 133 132 25 24 107 108 52 51 15 14 122 123 90 89 93 94 125 124 137 136 32 33 102 101 22 23 2 3 29 28 129 128 68 67 111 110 70 69 79 80 37 36 42 43 197 196 10 11 176 177 145 144 171 170 58 57 183 182 59 60 115 114 4 5 187 186 95 96 154 155 81 82 149 148 184 185 190 191 40 41 8 9 174 175 139 138 103 104 181 179 131 130 127 126 140 141 178 180 46 47 194 195 100 99 63 64 30 31 21 20 76 75 54 53 106 105 44 45 55 56 74 73 153 152 27 26 38 39 1 0 160 161 6 7 135 134 151 150 50 164 165 142 143 199 143 142 165 164 50
100
0 0
1 1
4 4
7 7
9 9
10 10
13 13
14 14
18 18
23 23
25 25
27 27
29 29
30 30
31 31
36 36
38 38
40 40
41 41
44 44
47 47
49 49
51 51
53 53
54 54
55 55
56 56
57 57
61 61
62 62
69 69
71 71
76 76
77 77
78 78
80 80
81 81
82 82
83 83
84 84
85 85
86 86
88 88
89 89
92 92
96 96
99 99
101 101
102 102
107 107
108 108
110 110
111 111
112 112
113 113
115 115
117 117
118 118
120 120
121 121
123 123
124 124
125 125
126 126
127 127
128 128
129 129
133 133
134 134
136 136
138 138
139 139
141 141
142 142
143 143
144 144
146 146
147 147
148 148
153 153
156 156
157 157
161 161
162 162
164 164
169 169
170 170
172 172
176 176
177 177
179 179
180 180
181 181
182 182
185 185
186 186
187 187
195 195
197 197
198 198
