36 53 21 22 56 57 17 16 28 27 61 60 32 39 40 93 92 83 82 7 6 26 25 86 87 5 4 68 66 67 69 42 41 14 15 97 15 14 41 42 69 67 66 68 4 5 87 86 25 26 6 7 82 83 92 93 40 39 32 60 61 27 28 16 17 57 56 22 21 53 36 20 76 77 12 13 29 30 94 95 71 70 88 89 52 51 64 65 8 9 48 46 45 47 0 1 43 44 63 62 34 35 96 98 54 55 85 84 37 38 11 10 72 73 33 31 19 18 23 24 80 78 75 74 79 81 2 3 91 90 50 49 59 58 99 58 59 49 50 90 91 3 2 81 79 74 75 78 80 24 23 18 19 31 33 73 72 10 11 38 37 84 85 55 54 98 96 35 34 62 63 44 43 1 0 47 45 46 48 9 8 65 64 51 52 89 88 70 71 95 94 30 29 13 12 77 76 20 36
50
0 0
4 4
5 5
6 6
7 7
10 10
11 11
15 15
16 16
17 17
18 18
19 19
21 21
25 25
29 29
30 30
34 34
35 35
37 37
39 39
40 40
41 41
42 42
43 43
44 44
45 45
48 48
50 50
51 51
55 55
56 56
58 58
59 59
60 60
61 61
65 65
66 66
71 71
73 73
74 74
76 76
77 77
78 78
80 80
81 81
88 88
89 89
91 91
92 92
98 98
