Satish SMKUVHVP 4VE7V DDB26ZHC EBO9YD47 2GEII6 KUDS J7EUOPWQ SQLSVN 5XYO CXQDH6YMZ8 J2ETZ1C 2P6O4RH0 7T8I47 CV6NHW7M C8WREP FU90E 02X2C VIMVIHOY VOAV YQB2CII950 7YZ45UL88 2CUB41BE ETNCY9XH2 R4DHH1KAWR Y99D5Y12 BRG51KM XU4IP5J LTI99R LQQ5IH MXJIYJYNH4 01QU 9QJRN XV55 OOAS CPB2G FPZT G90OCSZY FM2G14H8I ZH2INF 5HULMUDLAQ 3J6SSA GH8C G4QE3I UDBFED 8UPUEGO J3H3CKHTS ARTWTP9 L2MG8NMU M71OYIS EEZS HQG39M YSEDVWTUST ZE5CVXXZC KBI1CALMNJ DST5W4G0 PMXEOGGIQ DNIV2BOR2P FGYJ1J 43IK3HR83 A2H6A9I 7HSLUFQG LM7KL5G3V ZRI9UW B3R68HYWZ OEMHKCHOT I2GUQ1XYTA M35E ALEI6N 11NACH2LP NP5A5 EFIKTK4Y0Y 4P0LGP0 LU68 PIW6IC50D YR1G5AYFJ W6YZ5IB A118 U7WDA2Z1 H1LQ91V P5F5G OWZ42C5 8AEKBAKS WCKDX 4RGA A8WYICH3 9K8PLAET VG9H9B R5XAD9J7 DYYG23O YDG8AEOM ETB2 6DSNDY S9D1BZACEW LBR67PCKBJ GT9LU 2B1K6EW9CL NL759YK8J GKMO7E 3IXHQXHYBV S4XB7I2C DX16SQ 29D6AOX P6RI91D87 RN53CTZ NN7ZEA QWHT 79KTC8AS9 08W7NAP6G 2841 21841CIYO W71YV1R66L LI4EXO81 716QJY 0TRB9358 G7PWWJ FWM5C 2JLZE JX6GCY YU3U1T 7RUMCGSI 1UCE MLKOJ JHMI 8MDFNIK8AY QUFALN M649OA AKDE80E0B E9DZLL 9V10EOH ZMQ5BH L7QS0UEPJ VSEMBLQ7O3 Q7ZEY 7GAD3F 5T3W CB93 GLUWC KRTUQM B690 JA1QYGQ0N9 7DPM9 4OJB6 GE62L FM2HEMVR1 ZZACWP PFQFEJGD4C ET82NVH9 7622OJ 4FEG 2BLLD3SK E5HD YJYOMJ6A GNVXN 6PVQIBNB9 VGYKKKOFLZ Q7Z37G5 HBQM42U 4TME 3WJYJDDU 9J84 GN4G0L2 LUQ3 HM48FZD0 E2DHWGC H41HZ6 X9MIV9 QW15YTSV I38TH1O AV4KL 91ZONFE E37ZKA8WK O44VZ RA0QQI4 0ZW9ZBMKBT GILAN21GR3 26PG CS9HHJ2XP 9PCUL07FJ H35F FIMPNJZ71 5Q8CRZ2VCM YSRPP 6Z9AYLO 6VVS6 ZVKJMH7669 8TH7QVQY ZVKJMH7669 6VVS6 6Z9AYLO YSRPP 5Q8CRZ2VCM FIMPNJZ71 H35F 9PCUL07FJ CS9HHJ2XP 26PG GILAN21GR3 0ZW9ZBMKBT RA0QQI4 O44VZ E37ZKA8WK 91ZONFE AV4KL I38TH1O QW15YTSV X9MIV9 H41HZ6 E2DHWGC HM48FZD0 LUQ3 GN4G0L2 9J84 3WJYJDDU 4TME HBQM42U Q7Z37G5 VGYKKKOFLZ 6PVQIBNB9 GNVXN YJYOMJ6A E5HD 2BLLD3SK 4FEG 7622OJ ET82NVH9 PFQFEJGD4C ZZACWP FM2HEMVR1 GE62L 4OJB6 7DPM9 JA1QYGQ0N9 B690 KRTUQM GLUWC CB93 5T3W 7GAD3F Q7ZEY VSEMBLQ7O3 L7QS0UEPJ ZMQ5BH 9V10EOH E9DZLL AKDE80E0B M649OA QUFALN 8MDFNIK8AY JHMI MLKOJ 1UCE 7RUMCGSI YU3U1T JX6GCY 2JLZE FWM5C G7PWWJ 0TRB9358 716QJY LI4EXO81 W71YV1R66L 21841CIYO 2841 08W7NAP6G 79KTC8AS9 QWHT NN7ZEA RN53CTZ P6RI91D87 29D6AOX DX16SQ S4XB7I2C 3IXHQXHYBV GKMO7E NL759YK8J 2B1K6EW9CL GT9LU LBR67PCKBJ S9D1BZACEW 6DSNDY ETB2 YDG8AEOM DYYG23O R5XAD9J7 VG9H9B 9K8PLAET A8WYICH3 4RGA WCKDX 8AEKBAKS OWZ42C5 P5F5G H1LQ91V U7WDA2Z1 A118 W6YZ5IB YR1G5AYFJ PIW6IC50D LU68 4P0LGP0 EFIKTK4Y0Y NP5A5 11NACH2LP ALEI6N M35E I2GUQ1XYTA OEMHKCHOT B3R68HYWZ ZRI9UW LM7KL5G3V 7HSLUFQG A2H6A9I 43IK3HR83 FGYJ1J DNIV2BOR2P PMXEOGGIQ DST5W4G0 KBI1CALMNJ ZE5CVXXZC YSEDVWTUST HQG39M EEZS M71OYIS L2MG8NMU ARTWTP9 J3H3CKHTS 8UPUEGO UDBFED G4QE3I GH8C 3J6SSA 5HULMUDLAQ ZH2INF FM2G14H8I G90OCSZY FPZT CPB2G OOAS XV55 9QJRN 01QU MXJIYJYNH4 LQQ5IH LTI99R XU4IP5J BRG51KM Y99D5Y12 R4DHH1KAWR ETNCY9XH2 2CUB41BE 7YZ45UL88 YQB2CII950 VOAV VIMVIHOY 02X2C FU90E C8WREP CV6NHW7M 7T8I47 2P6O4RH0 J2ETZ1C CXQDH6YMZ8 5XYO SQLSVN J7EUOPWQ KUDS 2GEII6 EBO9YD47 DDB26ZHC 4VE7V SMKUVHVP Satish 4C88SXD PUW25N CKNDWG ZMZIWZ 4UE11 F3KYKRQW6 01G9IQ2 KCOFJD IHN21LA4 HE0R1EZN9 BQ5OUI I49ID RP28W1 I49ID BQ5OUI HE0R1EZN9 IHN21LA4 KCOFJD 01G9IQ2 F3KYKRQW6 4UE11 ZMZIWZ CKNDWG PUW25N 4C88SXD Satish
100
3WJYJDDU 3WJYJDDU
9QJRN 9QJRN
GNVXN GNVXN
8MDFNIK8AY 8MDFNIK8AY
B690 B690
W71YV1R66L W71YV1R66L
G4QE3I G4QE3I
P6RI91D87 P6RI91D87
ET82NVH9 ET82NVH9
SQLSVN SQLSVN
9V10EOH 9V10EOH
YU3U1T YU3U1T
CB93 CB93
2BLLD3SK 2BLLD3SK
1UCE 1UCE
IHN21LA4 IHN21LA4
DNIV2BOR2P DNIV2BOR2P
91ZONFE 91ZONFE
DDB26ZHC DDB26ZHC
EFIKTK4Y0Y EFIKTK4Y0Y
G90OCSZY G90OCSZY
0TRB9358 0TRB9358
JX6GCY JX6GCY
YQB2CII950 YQB2CII950
7T8I47 7T8I47
HQG39M HQG39M
79KTC8AS9 79KTC8AS9
4UE11 4UE11
ETNCY9XH2 ETNCY9XH2
EEZS EEZS
A118 A118
FM2HEMVR1 FM2HEMVR1
KCOFJD KCOFJD
7622OJ 7622OJ
HBQM42U HBQM42U
8UPUEGO 8UPUEGO
ARTWTP9 ARTWTP9
VOAV VOAV
ETB2 ETB2
26PG 26PG
C8WREP C8WREP
3IXHQXHYBV 3IXHQXHYBV
FWM5C FWM5C
LM7KL5G3V LM7KL5G3V
02X2C 02X2C
PIW6IC50D PIW6IC50D
QW15YTSV QW15YTSV
ZZACWP ZZACWP
M35E M35E
E5HD E5HD
H41HZ6 H41HZ6
J2ETZ1C J2ETZ1C
LQQ5IH LQQ5IH
A8WYICH3 A8WYICH3
ZH2INF ZH2INF
E9DZLL E9DZLL
4C88SXD 4C88SXD
ZMQ5BH ZMQ5BH
MLKOJ MLKOJ
E2DHWGC E2DHWGC
8TH7QVQY 8TH7QVQY
ZMZIWZ ZMZIWZ
3J6SSA 3J6SSA
DST5W4G0 DST5W4G0
01G9IQ2 01G9IQ2
MXJIYJYNH4 MXJIYJYNH4
PUW25N PUW25N
Q7ZEY Q7ZEY
YSRPP YSRPP
HM48FZD0 HM48FZD0
L7QS0UEPJ L7QS0UEPJ
KBI1CALMNJ KBI1CALMNJ
CKNDWG CKNDWG
GH8C GH8C
4P0LGP0 4P0LGP0
FM2G14H8I FM2G14H8I
M71OYIS M71OYIS
CV6NHW7M CV6NHW7M
LBR67PCKBJ LBR67PCKBJ
7GAD3F 7GAD3F
O44VZ O44VZ
PMXEOGGIQ PMXEOGGIQ
GILAN21GR3 GILAN21GR3
FPZT FPZT
VGYKKKOFLZ VGYKKKOFLZ
CXQDH6YMZ8 CXQDH6YMZ8
DYYG23O DYYG23O
GN4G0L2 GN4G0L2
M649OA M649OA
5HULMUDLAQ 5HULMUDLAQ
Q7Z37G5 Q7Z37G5
RP28W1 RP28W1
5XYO 5XYO
E37ZKA8WK E37ZKA8WK
4VE7V 4VE7V
H1LQ91V H1LQ91V
6PVQIBNB9 6PVQIBNB9
2B1K6EW9CL 2B1K6EW9CL
9K8PLAET 9K8PLAET
B3R68HYWZ B3R68HYWZ
