Satish 5AGDS DXGEHOF R6VBAVZ0B PTWCQ 4INC2D8SDN JTT8198QPE ER2YSPML1C Z6H98 2J5C NSBI OXWYDF BBFYA9B OK29GJ PTL1QU TAI8UPP UVP4WIKK 399VM5PU6 VFRT26 1BZLEM U0958 8U5UW BVNZ FS1RWBVR7 9XFF YXBMACC VPQ3SCZD ZRYV5F Q1GPNKF7O5 1ILZRYDHY WZ1MC3189 KSHB2KG RQ6902O3P TBFPZEBP ICTGXV 351R ICTGXV TBFPZEBP RQ6902O3P KSHB2KG WZ1MC3189 1ILZRYDHY Q1GPNKF7O5 ZRYV5F VPQ3SCZD YXBMACC 9XFF FS1RWBVR7 BVNZ 8U5UW U0958 1BZLEM VFRT26 399VM5PU6 UVP4WIKK TAI8UPP PTL1QU OK29GJ BBFYA9B OXWYDF NSBI 2J5C Z6H98 ER2YSPML1C JTT8198QPE 4INC2D8SDN PTWCQ R6VBAVZ0B DXGEHOF 5AGDS Satish ENMF PYD9SISJI KRM4B 92R432 3YAJ48L8DT AK5DQ3 71JKTWIJ VZBD9QV8 AGSA2I 00P07 LGBBG PZMGYZL ZY9VPYMXA OXXUCOFC3 ZY9VPYMXA PZMGYZL LGBBG 00P07 AGSA2I VZBD9QV8 71JKTWIJ AK5DQ3 3YAJ48L8DT 92R432 KRM4B PYD9SISJI ENMF Satish
25
VFRT26 VFRT26
1BZLEM 1BZLEM
ZRYV5F ZRYV5F
YXBMACC YXBMACC
PZMGYZL PZMGYZL
FS1RWBVR7 FS1RWBVR7
PTWCQ PTWCQ
PYD9SISJI PYD9SISJI
KRM4B KRM4B
WZ1MC3189 WZ1MC3189
BBFYA9B BBFYA9B
R6VBAVZ0B R6VBAVZ0B
UVP4WIKK UVP4WIKK
OXWYDF OXWYDF
399VM5PU6 399VM5PU6
PTL1QU PTL1QU
Z6H98 Z6H98
9XFF 9XFF
4INC2D8SDN 4INC2D8SDN
92R432 92R432
ICTGXV ICTGXV
KSHB2KG KSHB2KG
ER2YSPML1C ER2YSPML1C
ZY9VPYMXA ZY9VPYMXA
NSBI NSBI
