Satish W11G7Z MOAM N26J6EU AETBJC WQM0D4 R2POU4T 1PUOCTGWF VNCFO V7T5SI ODSGN281 Y06D XGYWBMTWT QEAJAFMPY V0XPIYMYB V1AX ZL6OIISZ2 QU5Y0N2LQ Z7O3VM2U04 YKTEQKEL 5FYYHKTYU2 FFLBM RHCPZZ8Q 2FB0FS3KWX OJ27JN021 ZZWSZUGS OJ27JN021 2FB0FS3KWX RHCPZZ8Q FFLBM 5FYYHKTYU2 YKTEQKEL Z7O3VM2U04 QU5Y0N2LQ ZL6OIISZ2 V1AX V0XPIYMYB QEAJAFMPY XGYWBMTWT Y06D ODSGN281 V7T5SI VNCFO 1PUOCTGWF R2POU4T WQM0D4 AETBJC N26J6EU MOAM W11G7Z Satish 9HCNMB0JT KFW40WJ G1659O1PE 8YK2RM 4VB5RO1 CXLQGGJ746 PQ09CSX IZBGG78J V4R09 0I7Y HX4PKBU7 F3YJ IEOT36K 5HGKBK QJ0LM8 OQ4PBF8L M6CD1Y QHH48VD7JJ 07XQDCJI 0NE1H72XF TJ5M0R1Z VNYZ5QVO77 UG30UB5EM B86761T 9C1O4TX UQKXJVX IBAUCTY 4V9UNUZ8LD U0LMCHUU JSSS9HX I2FNEL5 LP5SPDN IWQ50AIEVI 59E13RE 7RO0MRK KEV198T80A 6HNG VZNCA0 QAL7Z5UN EHS8A FPB1OLF3 ITHI7K6W1B O9SQOADVF SUC1CH EG23K QL51A0KUT JNTKTNY5D0 O2N6HBZK8 7CRTCJA BGPJX1OI XCH8 WQHN9 CQN7O RX6VI 19LN S657MFMG EXNDPNTC0 K936 IQXEPH9QO B0H9VDIK 5N65HLXKU IEYK8 YFWARI3U HNB0AV 6WSDW 7Y6VTLTLE 30N0P SKLZM AO31B76 974GXG05E JOBN3N FI29YX PL0UHK F1G8HC PL0UHK FI29YX JOBN3N 974GXG05E AO31B76 SKLZM 30N0P 7Y6VTLTLE 6WSDW HNB0AV YFWARI3U IEYK8 5N65HLXKU B0H9VDIK IQXEPH9QO K936 EXNDPNTC0 S657MFMG 19LN RX6VI CQN7O WQHN9 XCH8 BGPJX1OI 7CRTCJA O2N6HBZK8 JNTKTNY5D0 QL51A0KUT EG23K SUC1CH O9SQOADVF ITHI7K6W1B FPB1OLF3 EHS8A QAL7Z5UN VZNCA0 6HNG KEV198T80A 7RO0MRK 59E13RE IWQ50AIEVI LP5SPDN I2FNEL5 JSSS9HX U0LMCHUU 4V9UNUZ8LD IBAUCTY UQKXJVX 9C1O4TX B86761T UG30UB5EM VNYZ5QVO77 TJ5M0R1Z 0NE1H72XF 07XQDCJI QHH48VD7JJ M6CD1Y OQ4PBF8L QJ0LM8 5HGKBK IEOT36K F3YJ HX4PKBU7 0I7Y V4R09 IZBGG78J PQ09CSX CXLQGGJ746 4VB5RO1 8YK2RM G1659O1PE KFW40WJ 9HCNMB0JT Satish
50
VNYZ5QVO77 VNYZ5QVO77
PL0UHK PL0UHK
QAL7Z5UN QAL7Z5UN
QL51A0KUT QL51A0KUT
7CRTCJA 7CRTCJA
O2N6HBZK8 O2N6HBZK8
V4R09 V4R09
ITHI7K6W1B ITHI7K6W1B
SKLZM SKLZM
QJ0LM8 QJ0LM8
K936 K936
S657MFMG S657MFMG
JOBN3N JOBN3N
V7T5SI V7T5SI
6WSDW 6WSDW
EG23K EG23K
5N65HLXKU 5N65HLXKU
QU5Y0N2LQ QU5Y0N2LQ
0I7Y 0I7Y
WQM0D4 WQM0D4
N26J6EU N26J6EU
5HGKBK 5HGKBK
JSSS9HX JSSS9HX
QHH48VD7JJ QHH48VD7JJ
CXLQGGJ746 CXLQGGJ746
OJ27JN021 OJ27JN021
RX6VI RX6VI
FPB1OLF3 FPB1OLF3
U0LMCHUU U0LMCHUU
IQXEPH9QO IQXEPH9QO
07XQDCJI 07XQDCJI
M6CD1Y M6CD1Y
B0H9VDIK B0H9VDIK
F3YJ F3YJ
QEAJAFMPY QEAJAFMPY
R2POU4T R2POU4T
PQ09CSX PQ09CSX
EHS8A EHS8A
ODSGN281 ODSGN281
XGYWBMTWT XGYWBMTWT
VNCFO VNCFO
F1G8HC F1G8HC
IEYK8 IEYK8
59E13RE 59E13RE
AETBJC AETBJC
6HNG 6HNG
19LN 19LN
2FB0FS3KWX 2FB0FS3KWX
AO31B76 AO31B76
SUC1CH SUC1CH
