92 81 0 90 0 81 92 55 37 78 28 47 1 56 41 31 77 69 39 57 83 32 88 20 63 19 38 6 99 21 33 8 89 52 64 93 2 58 13 59 62 75 44 53 43 29 82 5 91 9 74 11 95 18 66 7 60 80 45 84 23 51 50 12 79 26 71 22 25 73 76 49 42 40 96 70 48 4 3 85 67 30 24 61 14 15 54 46 16 94 34 35 10 87 72 27 68 36 97 65 86 17 98 17 86 65 97 36 68 27 72 87 10 35 34 94 16 46 54 15 14 61 24 30 67 85 3 4 48 70 96 40 42 49 76 73 25 22 71 26 79 12 50 51 23 84 45 80 60 7 66 18 95 11 74 9 91 5 82 29 43 53 44 75 62 59 13 58 2 93 64 52 89 8 33 21 99 6 38 19 63 20 88 32 83 57 39 69 77 31 41 56 1 47 28 78 37 55 92
50
6 6
2 2
26 26
20 20
89 89
67 67
91 91
73 73
54 54
80 80
79 79
84 84
95 95
21 21
30 30
75 75
43 43
25 25
38 38
77 77
71 71
37 37
15 15
9 9
46 46
22 22
76 76
36 36
74 74
12 12
40 40
60 60
41 41
92 92
57 57
44 44
29 29
94 94
82 82
56 56
65 65
83 83
47 47
31 31
50 50
14 14
59 59
11 11
24 24
16 16
