129 153 137 117 89 130 83 36 19 174 86 58 131 183 187 47 116 44 168 92 197 92 168 44 116 47 187 183 131 58 86 174 19 36 83 130 89 117 137 153 129 186 1 40 62 24 133 106 124 88 149 159 139 166 63 191 20 173 127 181 155 49 123 57 136 87 96 76 169 5 33 2 188 16 35 145 27 160 14 69 146 51 165 132 102 110 10 138 31 55 170 34 172 198 7 100 122 46 37 13 111 142 180 18 140 196 103 12 134 176 9 77 161 80 84 101 167 154 66 112 119 38 107 109 98 179 192 105 23 194 22 41 25 59 71 193 95 156 99 6 85 56 32 29 157 195 184 30 147 3 4 11 141 158 81 50 52 178 39 43 21 73 190 128 64 163 60 78 90 42 125 108 114 94 148 151 164 115 185 175 45 75 113 74 72 97 91 182 61 26 126 68 93 177 65 104 79 152 135 82 0 15 28 118 54 67 171 150 121 143 48 8 17 120 53 70 162 189 144 199 144 189 162 70 53 120 17 8 48 143 121 150 171 67 54 118 28 15 0 82 135 152 79 104 65 177 93 68 126 26 61 182 91 97 72 74 113 75 45 175 185 115 164 151 148 94 114 108 125 42 90 78 60 163 64 128 190 73 21 43 39 178 52 50 81 158 141 11 4 3 147 30 184 195 157 29 32 56 85 6 99 156 95 193 71 59 25 41 22 194 23 105 192 179 98 109 107 38 119 112 66 154 167 101 84 80 161 77 9 176 134 12 103 196 140 18 180 142 111 13 37 46 122 100 7 198 172 34 170 55 31 138 10 110 102 132 165 51 146 69 14 160 27 145 35 16 188 2 33 5 169 76 96 87 136 57 123 49 155 181 127 173 20 191 63 166 139 159 149 88 124 106 133 24 62 40 1 186 129
100
180 180
161 161
142 142
121 121
11 11
5 5
150 150
53 53
97 97
189 189
2 2
87 87
95 95
183 183
128 128
65 65
17 17
174 174
122 122
40 40
48 48
110 110
23 23
125 125
36 36
158 158
101 101
56 56
63 63
84 84
195 195
50 50
123 123
33 33
160 160
100 100
98 98
152 152
137 137
156 156
55 55
130 130
15 15
163 163
184 184
62 62
29 29
175 175
51 51
107 107
92 92
103 103
145 145
0 0
49 49
171 171
126 126
16 16
114 114
188 188
155 155
91 91
21 21
157 157
88 88
58 58
61 61
196 196
96 96
177 177
191 191
99 99
85 85
178 178
26 26
194 194
89 89
76 76
59 59
8 8
105 105
6 6
39 39
66 66
109 109
151 151
108 108
25 25
14 14
190 190
13 13
44 44
81 81
9 9
64 64
82 82
4 4
192 192
57 57
197 197
