845LWU7Kg6167HQY 672Pt4Ytw8LW J 7L 5Ll49ySSWT043CtCd2 3HQj1I8wd8 UuONs3O7D2z5 B4mQOl023dn1 y Uyj5raM7C9SGCHQGUC 96Ta5ZXc8I5gnTIcF8 i7lmV5iDIgl5f 1 5 D3zC NGDVzC B4PF77lpCQJ5dlK 2P26ok0f25 F1x r ICQxh0Q58799CUd2 ftk2 8GpC 1P8KX WMY0xVk9j8T6Ly fgM12T 6RiHvQ4xTN5 X6SrYf57mSUQQ28C 81fSLVzHHmE3E geUO1h 8M2OK8Px58 4l4aqvNKB KpBvy A27tk2Y00r8N9l ZT3 95E0752p51t dw6Yuyls1ZilP493g91O O41Muu 95fufpL7BuUW8Mng00jE a O58T q38OIzTe 5CCl0n2r5512 08WMKCRGev5XL359n5rM oxhIfytLFpCYNV D ElUTL 122gt 0CwgepgS85xC4gx KKUFV29x8iO LwG3W8JHP11jTuAwnR nd5qDM7kw618Hh0d4048 iPJ5V8Mys7EZaxmjpw FL4V06094CU0zO3gJava H6pXAnE0KypnExX SmI7f 48783322I5q9PFVPT 9vq8gscs7dz1 WPu 2377Qe3J7g3dGXjk0y SpXOzJq05hvQH12ugJr5 TBk5Pt5vt5SInt 77yN7eHZwfF99R2 11l6P71DgEau1baEX4 xaM1q4jQi3efYb0 2qgWbB40Ya16 MY3aL96Y i4838WP Jyceatq5u YKpC4gQmPKaU311w9eOT EnhLq7BgTj8IN3Z2m u3Qv 42U0k6JhTQxPvUw8 u3Qv EnhLq7BgTj8IN3Z2m YKpC4gQmPKaU311w9eOT Jyceatq5u i4838WP MY3aL96Y 2qgWbB40Ya16 xaM1q4jQi3efYb0 11l6P71DgEau1baEX4 77yN7eHZwfF99R2 TBk5Pt5vt5SInt SpXOzJq05hvQH12ugJr5 2377Qe3J7g3dGXjk0y WPu 9vq8gscs7dz1 48783322I5q9PFVPT SmI7f H6pXAnE0KypnExX FL4V06094CU0zO3gJava iPJ5V8Mys7EZaxmjpw nd5qDM7kw618Hh0d4048 LwG3W8JHP11jTuAwnR KKUFV29x8iO 0CwgepgS85xC4gx 122gt ElUTL D oxhIfytLFpCYNV 08WMKCRGev5XL359n5rM 5CCl0n2r5512 q38OIzTe O58T a 95fufpL7BuUW8Mng00jE O41Muu dw6Yuyls1ZilP493g91O 95E0752p51t ZT3 A27tk2Y00r8N9l KpBvy 4l4aqvNKB 8M2OK8Px58 geUO1h 81fSLVzHHmE3E X6SrYf57mSUQQ28C 6RiHvQ4xTN5 fgM12T WMY0xVk9j8T6Ly 1P8KX 8GpC ftk2 ICQxh0Q58799CUd2 r F1x 2P26ok0f25 B4PF77lpCQJ5dlK NGDVzC D3zC 5 1 i7lmV5iDIgl5f 96Ta5ZXc8I5gnTIcF8 Uyj5raM7C9SGCHQGUC y B4mQOl023dn1 UuONs3O7D2z5 3HQj1I8wd8 5Ll49ySSWT043CtCd2 7L J 672Pt4Ytw8LW 845LWU7Kg6167HQY 5Qkzz260R7 eDv5MBdo IljV8Wn8 m9Uc68jOUMs0AdI7Dl eqYzN7b19UgNo1K 6EkMcG0h SL88w66v7 HDLHc5Kdk N8191M9E9v 9 7qu 3i80K09a pbE3R4QsB76l YLKBD54k MVvh DUiYDuR9yYFD5 UH4Lf7FAuZoT4lv2 WH0fnPg64 NQ3vX6W6H74aK53np rso1009ZC 3k k 5S6 3 TU76UjE52906 4 Oi6biMHY 4 TU76UjE52906 3 5S6 k 3k rso1009ZC NQ3vX6W6H74aK53np WH0fnPg64 UH4Lf7FAuZoT4lv2 DUiYDuR9yYFD5 MVvh YLKBD54k pbE3R4QsB76l 3i80K09a 7qu 9 N8191M9E9v HDLHc5Kdk SL88w66v7 6EkMcG0h eqYzN7b19UgNo1K m9Uc68jOUMs0AdI7Dl IljV8Wn8 eDv5MBdo 5Qkzz260R7 845LWU7Kg6167HQY
50
MVvh MVvh
48783322I5q9PFVPT 48783322I5q9PFVPT
122gt 122gt
42U0k6JhTQxPvUw8 42U0k6JhTQxPvUw8
4 4
TBk5Pt5vt5SInt TBk5Pt5vt5SInt
95E0752p51t 95E0752p51t
r r
H6pXAnE0KypnExX H6pXAnE0KypnExX
MY3aL96Y MY3aL96Y
ZT3 ZT3
6RiHvQ4xTN5 6RiHvQ4xTN5
fgM12T fgM12T
SmI7f SmI7f
O41Muu O41Muu
2qgWbB40Ya16 2qgWbB40Ya16
4l4aqvNKB 4l4aqvNKB
9 9
NQ3vX6W6H74aK53np NQ3vX6W6H74aK53np
11l6P71DgEau1baEX4 11l6P71DgEau1baEX4
xaM1q4jQi3efYb0 xaM1q4jQi3efYb0
geUO1h geUO1h
3k 3k
X6SrYf57mSUQQ28C X6SrYf57mSUQQ28C
5CCl0n2r5512 5CCl0n2r5512
KKUFV29x8iO KKUFV29x8iO
5 5
8M2OK8Px58 8M2OK8Px58
O58T O58T
DUiYDuR9yYFD5 DUiYDuR9yYFD5
eqYzN7b19UgNo1K eqYzN7b19UgNo1K
TU76UjE52906 TU76UjE52906
YLKBD54k YLKBD54k
EnhLq7BgTj8IN3Z2m EnhLq7BgTj8IN3Z2m
YKpC4gQmPKaU311w9eOT YKpC4gQmPKaU311w9eOT
u3Qv u3Qv
845LWU7Kg6167HQY 845LWU7Kg6167HQY
y y
3 3
7L 7L
5Qkzz260R7 5Qkzz260R7
ElUTL ElUTL
ICQxh0Q58799CUd2 ICQxh0Q58799CUd2
B4mQOl023dn1 B4mQOl023dn1
SL88w66v7 SL88w66v7
D D
eDv5MBdo eDv5MBdo
KpBvy KpBvy
ftk2 ftk2
672Pt4Ytw8LW 672Pt4Ytw8LW
