AyBBdkPvTTt19wqt q 8tvL5MpO9J735t 9e60h3poT1v5TKPk EnmWLiDA9NE89oNUTbx Han188Ox O73Lh6 2a5Zkf5zd4Va3 E76twn5gNBei01uh2PkH thypPB22BchO3Od9 MjwmiyLlZn x60I798qq0Sq6Xdc9s0 Epp31Y6 jY83MVt5i7C19 L2a 2YlhGrefFhV6JLtw iFF184 pwvBbQ870l3Io2K IEtn6zEV03H3 r9qUrqog71Fz9gx d5P0NXv8 tbwtQej 2T6osNpb4 6qc68848myvIqoZWw 2l90gxx61rTb0CbF CDuc4XdY7zp h5 1wF6 mmF 1CYyNxk8m7fToc6XLW7T nw566uv j L46h8MG90TBpA8v9 BZa306Pc3 3z4E 3 Q2PY RYtkT5 usTG0We6G9WDs7Dk Z93vITe403 Iqcp2LHc0iz446x59 XQxkrBxnI oyti0PDcb6jz 5op72W0VS69N s8xx0T2h 8w6aRuq AcC1Sh8w37Px0m 3505 0b 9jWI53P36dh95 KIOJyBXM922ydZA5 7DmqFE ymzG1qC7YsJFFmeog T8C17MZ6g69gmQ FKWv88jkw79me o83v2nI1sQs I6 6v326555i1Io5Z TMULg iT7 9o4t XMV256fk L7Mfs3034VwaB7kd3Z Ja l hG8udpL53V 8Qe2lSUyQa b19692 6nB9xzJ7b5115Qu5 b6DdFnSk8qdk45 GXFdnTo0Mk P 1MHxxU d2A2ZPVl61Vtm2kT rcnFY8496Nr2v81Ax 5FXI0 WbNQJ5005mGN fJQi1GAp0 c3x9Cmq8W5oa57mjASv 2P201UD8Q w6Z FUnTXn PELS5 e1M0JsNJ5 zM5l4u83ERoh6lnR78 WMKy4XnjMCqO vRH6pA1I75N1 NESaNvTSnt9E9du 98E9ia5 2qbTYSv3J 659Cx gv3T5z4 88e7 JBYT6heC6yE4 qGr382CkPK997QVHAL cZ9 2Et5UN6ZJ19iz c2m39UUoMb w22P6su70O6jf3FJ EL5n1KQ3kn Ut7hqt9A p772t3OLqj 89ukpivGhdck21Krrh40 Rf0x16WtfDv T4EKg4Vc FR3SCSFtuk055ORI QqvW51K9Cm aCCE yd7324WTF MEv16358FQ Fe5xMwq0a8 MnF3RrhkA5IuhY 336P8 J68F52raS3n1L6ZYK 7tAK5gvusa66TB8HH7nq 68ZC6T1G2o9Q95CKs JfgS42SLYQ875K 5tQKcAo3 o 7d2Q05crlPi rti 8s3AAaGRDoeQCE9 q7Ehaiz LK1h2AhdhXWb7Czrr QyqY4vHYw8HuZ1xqo dElaPKehji2fqD9H4h9 PdNbuD3b97N264 1wh33nDt6y0W6 I4640OD 1utCvCS3yEzt0HBbKt 360B15fOiy1XBl 9Ge7Sge1bnha0Jm c9i08aXpBX5L7Y9g PHXESKmVA4 1e90fR0FtB7Ev156y A Ru0A1pKIpZYWG O7W5C8z8H93l 85682ijoufq1DW o88qO93T 920ucA0jXEv 3ZLt1fWbH0f1fCMh2 Ls7i6h3d558LQMh6h je0uE0UV TByQ7zH089 v iwa3b66QgtEN3 oex2A06Dl iwa3b66QgtEN3 v TByQ7zH089 je0uE0UV Ls7i6h3d558LQMh6h 3ZLt1fWbH0f1fCMh2 920ucA0jXEv o88qO93T 85682ijoufq1DW O7W5C8z8H93l Ru0A1pKIpZYWG A 1e90fR0FtB7Ev156y PHXESKmVA4 c9i08aXpBX5L7Y9g 9Ge7Sge1bnha0Jm 360B15fOiy1XBl 1utCvCS3yEzt0HBbKt I4640OD 1wh33nDt6y0W6 PdNbuD3b97N264 dElaPKehji2fqD9H4h9 QyqY4vHYw8HuZ1xqo LK1h2AhdhXWb7Czrr q7Ehaiz 8s3AAaGRDoeQCE9 rti 7d2Q05crlPi o 5tQKcAo3 JfgS42SLYQ875K 68ZC6T1G2o9Q95CKs 7tAK5gvusa66TB8HH7nq J68F52raS3n1L6ZYK 336P8 MnF3RrhkA5IuhY Fe5xMwq0a8 MEv16358FQ yd7324WTF aCCE QqvW51K9Cm FR3SCSFtuk055ORI T4EKg4Vc Rf0x16WtfDv 89ukpivGhdck21Krrh40 p772t3OLqj Ut7hqt9A EL5n1KQ3kn w22P6su70O6jf3FJ c2m39UUoMb 2Et5UN6ZJ19iz cZ9 qGr382CkPK997QVHAL JBYT6heC6yE4 88e7 gv3T5z4 659Cx 2qbTYSv3J 98E9ia5 NESaNvTSnt9E9du vRH6pA1I75N1 WMKy4XnjMCqO zM5l4u83ERoh6lnR78 e1M0JsNJ5 PELS5 FUnTXn w6Z 2P201UD8Q c3x9Cmq8W5oa57mjASv fJQi1GAp0 WbNQJ5005mGN 5FXI0 rcnFY8496Nr2v81Ax d2A2ZPVl61Vtm2kT 1MHxxU P GXFdnTo0Mk b6DdFnSk8qdk45 6nB9xzJ7b5115Qu5 b19692 8Qe2lSUyQa hG8udpL53V l Ja L7Mfs3034VwaB7kd3Z XMV256fk 9o4t iT7 TMULg 6v326555i1Io5Z I6 o83v2nI1sQs FKWv88jkw79me T8C17MZ6g69gmQ ymzG1qC7YsJFFmeog 7DmqFE KIOJyBXM922ydZA5 9jWI53P36dh95 0b 3505 AcC1Sh8w37Px0m 8w6aRuq s8xx0T2h 5op72W0VS69N oyti0PDcb6jz XQxkrBxnI Iqcp2LHc0iz446x59 Z93vITe403 usTG0We6G9WDs7Dk RYtkT5 Q2PY 3 3z4E BZa306Pc3 L46h8MG90TBpA8v9 j nw566uv 1CYyNxk8m7fToc6XLW7T mmF 1wF6 h5 CDuc4XdY7zp 2l90gxx61rTb0CbF 6qc68848myvIqoZWw 2T6osNpb4 tbwtQej d5P0NXv8 r9qUrqog71Fz9gx IEtn6zEV03H3 pwvBbQ870l3Io2K iFF184 2YlhGrefFhV6JLtw L2a jY83MVt5i7C19 Epp31Y6 x60I798qq0Sq6Xdc9s0 MjwmiyLlZn thypPB22BchO3Od9 E76twn5gNBei01uh2PkH 2a5Zkf5zd4Va3 O73Lh6 Han188Ox EnmWLiDA9NE89oNUTbx 9e60h3poT1v5TKPk 8tvL5MpO9J735t q AyBBdkPvTTt19wqt b817BTo6GdPc96ig2 wUtvmN9V14Vw0fcE01F ywj3aNhyxUH 9bEwQSkRTB 0IBy7AQ154pMIDBr2E 8kQ991Y80Dy 4B5uWNh7Dl3lRP khC P6C89a32 Q WD8QxBAx49P 0 7xf20x1m1od50iPHUtr e87h NQThb6mm4a gE7S 3WRvw DY34 A6gMJKsUfUSuEI76 6c1qFsEg9xI 2mk9O8P6 SdP9W8WRSw kg8257p31rTQvRWjGF NU7gnWcAs4nq66FS 9fo1FxSJvnO Sr bfYVB7M6I5 M40P0vmSkH961FtFpaR 9q06155efQSN DqfU93360y3I66U0 Tk46 67zx6J5N914IyP9GV5 baJvRpx2qsf2 MJ2l1N0ojTC d Le6BO3R lP84Whn Nstvw8dF9rhja nOMN589D7t0QjhnBj3wn 5nYY46YfUGovj 0Lw86e uF131buM7L27 dQnWD4K3Y JbMQX8p9 b5a4h eZEbm QE9dXn5y6j2YYh jxDm 4932 dUdv wC12hFFKGF 36Y155M7F1ZG8 wC12hFFKGF dUdv 4932 jxDm QE9dXn5y6j2YYh eZEbm b5a4h JbMQX8p9 dQnWD4K3Y uF131buM7L27 0Lw86e 5nYY46YfUGovj nOMN589D7t0QjhnBj3wn Nstvw8dF9rhja lP84Whn Le6BO3R d MJ2l1N0ojTC baJvRpx2qsf2 67zx6J5N914IyP9GV5 Tk46 DqfU93360y3I66U0 9q06155efQSN M40P0vmSkH961FtFpaR bfYVB7M6I5 Sr 9fo1FxSJvnO NU7gnWcAs4nq66FS kg8257p31rTQvRWjGF SdP9W8WRSw 2mk9O8P6 6c1qFsEg9xI A6gMJKsUfUSuEI76 DY34 3WRvw gE7S NQThb6mm4a e87h 7xf20x1m1od50iPHUtr 0 WD8QxBAx49P Q P6C89a32 khC 4B5uWNh7Dl3lRP 8kQ991Y80Dy 0IBy7AQ154pMIDBr2E 9bEwQSkRTB ywj3aNhyxUH wUtvmN9V14Vw0fcE01F b817BTo6GdPc96ig2 AyBBdkPvTTt19wqt
100
hG8udpL53V hG8udpL53V
p772t3OLqj p772t3OLqj
Rf0x16WtfDv Rf0x16WtfDv
d5P0NXv8 d5P0NXv8
ywj3aNhyxUH ywj3aNhyxUH
khC khC
7DmqFE 7DmqFE
thypPB22BchO3Od9 thypPB22BchO3Od9
6qc68848myvIqoZWw 6qc68848myvIqoZWw
b19692 b19692
FR3SCSFtuk055ORI FR3SCSFtuk055ORI
JBYT6heC6yE4 JBYT6heC6yE4
3z4E 3z4E
KIOJyBXM922ydZA5 KIOJyBXM922ydZA5
vRH6pA1I75N1 vRH6pA1I75N1
4B5uWNh7Dl3lRP 4B5uWNh7Dl3lRP
aCCE aCCE
o83v2nI1sQs o83v2nI1sQs
1wF6 1wF6
nOMN589D7t0QjhnBj3wn nOMN589D7t0QjhnBj3wn
RYtkT5 RYtkT5
XMV256fk XMV256fk
Q2PY Q2PY
E76twn5gNBei01uh2PkH E76twn5gNBei01uh2PkH
4932 4932
85682ijoufq1DW 85682ijoufq1DW
q7Ehaiz q7Ehaiz
MjwmiyLlZn MjwmiyLlZn
usTG0We6G9WDs7Dk usTG0We6G9WDs7Dk
L46h8MG90TBpA8v9 L46h8MG90TBpA8v9
q q
2P201UD8Q 2P201UD8Q
2YlhGrefFhV6JLtw 2YlhGrefFhV6JLtw
Q Q
pwvBbQ870l3Io2K pwvBbQ870l3Io2K
FKWv88jkw79me FKWv88jkw79me
b6DdFnSk8qdk45 b6DdFnSk8qdk45
iFF184 iFF184
9jWI53P36dh95 9jWI53P36dh95
uF131buM7L27 uF131buM7L27
36Y155M7F1ZG8 36Y155M7F1ZG8
8w6aRuq 8w6aRuq
SdP9W8WRSw SdP9W8WRSw
89ukpivGhdck21Krrh40 89ukpivGhdck21Krrh40
T8C17MZ6g69gmQ T8C17MZ6g69gmQ
3 3
yd7324WTF yd7324WTF
gv3T5z4 gv3T5z4
eZEbm eZEbm
e1M0JsNJ5 e1M0JsNJ5
NU7gnWcAs4nq66FS NU7gnWcAs4nq66FS
2l90gxx61rTb0CbF 2l90gxx61rTb0CbF
Han188Ox Han188Ox
Ut7hqt9A Ut7hqt9A
EnmWLiDA9NE89oNUTbx EnmWLiDA9NE89oNUTbx
920ucA0jXEv 920ucA0jXEv
Tk46 Tk46
2Et5UN6ZJ19iz 2Et5UN6ZJ19iz
9q06155efQSN 9q06155efQSN
b817BTo6GdPc96ig2 b817BTo6GdPc96ig2
P P
IEtn6zEV03H3 IEtn6zEV03H3
jxDm jxDm
MEv16358FQ MEv16358FQ
A6gMJKsUfUSuEI76 A6gMJKsUfUSuEI76
J68F52raS3n1L6ZYK J68F52raS3n1L6ZYK
6c1qFsEg9xI 6c1qFsEg9xI
r9qUrqog71Fz9gx r9qUrqog71Fz9gx
P6C89a32 P6C89a32
dUdv dUdv
qGr382CkPK997QVHAL qGr382CkPK997QVHAL
c3x9Cmq8W5oa57mjASv c3x9Cmq8W5oa57mjASv
9o4t 9o4t
7d2Q05crlPi 7d2Q05crlPi
8Qe2lSUyQa 8Qe2lSUyQa
6v326555i1Io5Z 6v326555i1Io5Z
L7Mfs3034VwaB7kd3Z L7Mfs3034VwaB7kd3Z
8tvL5MpO9J735t 8tvL5MpO9J735t
TByQ7zH089 TByQ7zH089
I4640OD I4640OD
O7W5C8z8H93l O7W5C8z8H93l
XQxkrBxnI XQxkrBxnI
QqvW51K9Cm QqvW51K9Cm
I6 I6
1e90fR0FtB7Ev156y 1e90fR0FtB7Ev156y
v v
kg8257p31rTQvRWjGF kg8257p31rTQvRWjGF
3505 3505
68ZC6T1G2o9Q95CKs 68ZC6T1G2o9Q95CKs
TMULg TMULg
Le6BO3R Le6BO3R
MJ2l1N0ojTC MJ2l1N0ojTC
nw566uv nw566uv
ymzG1qC7YsJFFmeog ymzG1qC7YsJFFmeog
1utCvCS3yEzt0HBbKt 1utCvCS3yEzt0HBbKt
PELS5 PELS5
5nYY46YfUGovj 5nYY46YfUGovj
d d
2T6osNpb4 2T6osNpb4
659Cx 659Cx
