0 11 44 60 10 14 30 71 1 41 15 6 25 78 85 91 92 93 32 98 32 93 92 91 85 78 25 6 15 41 1 71 30 14 10 60 44 11 0 20 22 49 48 63 65 64 62 67 66 36 74 72 50 24 46 97 95 94 43 38 26 27 47 34 69 17 61 76 28 12 45 13 19 2 3 5 7 56 21 54 39 68 73 16 23 42 51 58 52 53 40 4 57 35 59 33 18 9 37 29 84 81 83 87 90 79 77 75 89 55 82 80 70 31 96 8 86 88 99 88 86 8 96 31 70 80 82 55 89 75 77 79 90 87 83 81 84 29 37 9 18 33 59 35 57 4 40 53 52 58 51 42 23 16 73 68 39 54 21 56 7 5 3 2 19 13 45 12 28 76 61 17 69 34 47 27 26 38 43 94 95 97 46 24 50 72 74 36 66 67 62 64 65 63 48 49 22 20 0
50
0 0
1 1
2 2
3 3
4 4
5 5
6 6
7 7
8 8
9 9
10 10
11 11
12 12
13 13
14 14
15 15
16 16
17 17
18 18
19 19
20 20
21 21
22 22
23 23
24 24
25 25
26 26
27 27
28 28
29 29
30 30
31 31
32 32
33 33
34 34
35 35
36 36
37 37
38 38
39 39
40 40
41 41
42 42
43 43
44 44
45 45
46 46
47 47
48 48
49 49
