a0 b5 c2 a3 c0 c1 a4 a5 a6 a7 a8 a9 d0 c7 d3 c8 c9 d4 e0 e1 e2 e3 d6 e4 d9 f0 f1 f2 f3 f4 f5 f6 f7 f8 f9 g1 g2 g3 g9 e8 h0 p8 p7 p6 p5 p4 p3 p2 p1 q0 q2 q4 q6 q8 r0 r2 r4 r6 r8 s0 s2 s4 s6 s8 t0 t2 t4 t6 t8 t6 t4 t2 t0 s8 s6 s4 s2 s0 r8 r6 r4 r2 r0 q8 q6 q4 q2 q0 p1 p2 p3 p4 p5 p6 p7 p8 h0 e8 g9 g3 g2 g1 f9 f8 f7 f6 f5 f4 f3 f2 f1 f0 d9 e4 d6 e3 e2 e1 e0 d4 c9 c8 d3 c7 d0 a9 a8 a7 a6 a5 a4 c1 c0 a3 c2 b5 a0 b4 b2 b0 a1 b1 b3 b8 b7 a2 b6 b9 c6 d2 c5 c4 c3 d1 d5 e5 e6 e7 d7 d8 e9 g0 g8 g7 g5 g4 g6 i0 h9 j0 i9 i5 i4 h2 h1 i2 i1 i3 i6 h3 h4 p0 h5 h6 h7 i7 h8 i8 k0 k1 k2 k3 k4 k5 k6 k7 k8 k9 l0 l1 l2 l3 l4 l5 l6 l7 l8 l9 j1 j2 j3 j4 j5 j6 j7 j8 j9 m0 m1 m2 m3 m4 n0 m5 n1 n2 m6 n3 m8 m7 m9 n4 n5 n6 n7 n8 n9 o0 o1 o2 o3 o4 o5 o6 o7 o8 o9 p9 q1 q3 q5 q7 q9 r1 r3 r5 r7 r9 s1 s3 s5 s7 s9 t1 t3 t5 t7 t9 t7 t5 t3 t1 s9 s7 s5 s3 s1 r9 r7 r5 r3 r1 q9 q7 q5 q3 q1 p9 o9 o8 o7 o6 o5 o4 o3 o2 o1 o0 n9 n8 n7 n6 n5 n4 m9 m7 m8 n3 m6 n2 n1 m5 n0 m4 m3 m2 m1 m0 j9 j8 j7 j6 j5 j4 j3 j2 j1 l9 l8 l7 l6 l5 l4 l3 l2 l1 l0 k9 k8 k7 k6 k5 k4 k3 k2 k1 k0 i8 h8 i7 h7 h6 h5 p0 h4 h3 i6 i3 i1 i2 h1 h2 i4 i5 i9 j0 h9 i0 g6 g4 g5 g7 g8 g0 e9 d8 d7 e7 e6 e5 d5 d1 c3 c4 c5 d2 c6 b9 b6 a2 b7 b8 b3 b1 a1 b0 b2 b4 a0
100
b0 b0
b1 b1
b2 b2
b3 b3
b4 b4
b5 b5
b6 b6
b7 b7
b8 b8
b9 b9
c0 c0
c1 c1
c2 c2
c3 c3
c4 c4
c5 c5
c6 c6
c7 c7
c8 c8
c9 c9
e0 e0
e1 e1
e2 e2
e3 e3
e4 e4
e5 e5
e6 e6
e7 e7
e8 e8
e9 e9
g0 g0
g1 g1
g2 g2
g3 g3
g4 g4
g5 g5
g6 g6
g7 g7
g8 g8
g9 g9
i0 i0
i1 i1
i2 i2
i3 i3
i4 i4
i5 i5
i6 i6
i7 i7
i8 i8
i9 i9
k0 k0
k1 k1
k2 k2
k3 k3
k4 k4
k5 k5
k6 k6
k7 k7
k8 k8
k9 k9
l0 l0
l1 l1
l2 l2
l3 l3
l4 l4
l5 l5
l6 l6
l7 l7
l8 l8
l9 l9
n0 n0
n1 n1
n2 n2
n3 n3
n4 n4
n5 n5
n6 n6
n7 n7
n8 n8
n9 n9
o0 o0
o1 o1
o2 o2
o3 o3
o4 o4
o5 o5
o6 o6
o7 o7
o8 o8
o9 o9
p0 p0
p1 p1
p2 p2
p3 p3
p4 p4
p5 p5
p6 p6
p7 p7
p8 p8
p9 p9
