69 138 56 25 170 180 59 1 46 87 64 118 188 168 92 0 48 102 162 113 51 157 178 22 33 191 154 164 124 82 52 70 183 35 29 13 182 90 182 13 29 35 183 70 52 82 124 164 154 191 33 22 178 157 51 113 162 102 48 0 92 168 188 118 64 87 46 1 59 180 170 25 56 138 69 76 40 122 196 115 131 176 7 36 152 144 66 101 96 135 39 163 8 195 17 42 111 123 166 98 106 6 153 63 125 89 184 80 19 103 68 83 160 2 45 155 126 150 67 23 199 187 120 108 26 78 75 193 143 24 119 43 117 27 167 62 133 81 71 72 88 74 165 47 112 11 114 104 137 91 146 86 49 15 50 185 145 107 198 34 174 79 3 171 190 37 4 172 134 189 44 109 186 10 179 159 20 57 181 12 197 85 21 100 136 130 94 16 169 148 129 139 14 99 60 95 110 58 175 161 147 97 93 54 84 5 192 55 32 132 121 127 173 38 156 61 65 30 158 31 128 149 77 194 177 141 18 105 73 41 9 116 53 140 28 142 151 142 28 140 53 116 9 41 73 105 18 141 177 194 77 149 128 31 158 30 65 61 156 38 173 127 121 132 32 55 192 5 84 54 93 97 147 161 175 58 110 95 60 99 14 139 129 148 169 16 94 130 136 100 21 85 197 12 181 57 20 159 179 10 186 109 44 189 134 172 4 37 190 171 3 79 174 34 198 107 145 185 50 15 49 86 146 91 137 104 114 11 112 47 165 74 88 72 71 81 133 62 167 27 117 43 119 24 143 193 75 78 26 108 120 187 199 23 67 150 126 155 45 2 160 83 68 103 19 80 184 89 125 63 153 6 106 98 166 123 111 42 17 195 8 163 39 135 96 101 66 144 152 36 7 176 131 115 196 122 40 76 69
80
36 36
186 186
148 148
30 30
163 163
194 194
131 131
115 115
147 147
5 5
118 118
198 198
74 74
71 71
112 112
165 165
193 193
146 146
99 99
97 97
63 63
113 113
24 24
33 33
128 128
160 160
83 83
51 51
106 106
133 133
58 58
166 166
191 191
37 37
25 25
77 77
46 46
87 87
101 101
53 53
192 192
52 52
26 26
14 14
64 64
127 127
50 50
188 188
2 2
100 100
72 72
80 80
31 31
56 56
132 132
117 117
44 44
197 197
59 59
119 119
171 171
158 158
90 90
16 16
135 135
11 11
121 121
1 1
195 195
134 134
27 27
104 104
81 81
149 149
185 185
190 190
150 150
110 110
162 162
82 82
