22 33 15 20 41 49 97 35 21 45 56 18 12 80 54 63 52 2 78 38 36 24 3 25 99 50 96 48 7 23 71 65 69 29 8 90 86 92 16 84 67 53 95 11 46 5 19 60 75 61 85 14 64 77 94 87 68 51 4 44 58 73 1 39 82 55 30 9 62 83 6 76 43 42 32 91 40 26 40 91 32 42 43 76 6 83 62 9 30 55 82 39 1 73 58 44 4 51 68 87 94 77 64 14 85 61 75 60 19 5 46 11 95 53 67 84 16 92 86 90 8 29 69 65 71 23 7 48 96 50 99 25 3 24 36 38 78 2 52 63 54 80 12 18 56 45 21 35 97 49 41 20 15 33 22 89 98 34 70 74 59 57 10 37 31 28 88 93 66 17 72 0 81 27 79 13 47 13 79 27 81 0 72 17 66 93 88 28 31 37 10 57 59 74 70 34 98 89 22
40
5 5
87 87
55 55
42 42
78 78
29 29
15 15
31 31
89 89
46 46
43 43
53 53
47 47
93 93
75 75
95 95
65 65
74 74
12 12
79 79
85 85
69 69
16 16
19 19
90 90
66 66
59 59
2 2
21 21
72 72
36 36
23 23
39 39
97 97
32 32
73 73
6 6
83 83
41 41
58 58
