74 123 81 167 24 64 90 89 95 147 103 27 32 153 52 197 9 30 132 48 5 172 12 2 16 85 93 144 177 56 80 7 34 18 1 28 58 68 23 41 156 87 84 122 26 193 46 38 39 150 92 29 4 168 179 174 63 57 86 195 191 192 196 192 191 195 86 57 63 174 179 168 4 29 92 150 39 38 46 193 26 122 84 87 156 41 23 68 58 28 1 18 34 7 80 56 177 144 93 85 16 2 12 172 5 48 132 30 9 197 52 153 32 27 103 147 95 89 90 64 24 167 81 123 74 69 71 77 51 190 155 175 79 70 116 120 198 113 88 188 35 60 59 14 118 115 148 105 117 3 180 158 43 187 75 142 42 8 49 10 137 99 11 140 138 139 19 17 31 21 76 33 83 78 136 194 55 61 141 129 22 40 15 13 121 6 82 72 110 108 183 25 44 107 159 50 66 173 171 165 176 178 182 185 189 98 102 47 127 186 45 146 54 133 199 111 114 112 134 135 151 130 128 119 124 184 96 20 161 109 154 157 160 162 163 94 126 181 104 106 36 97 100 73 125 67 62 53 37 152 145 149 143 170 164 169 166 131 91 65 101 200 101 65 91 131 166 169 164 170 143 149 145 152 37 53 62 67 125 73 100 97 36 106 104 181 126 94 163 162 160 157 154 109 161 20 96 184 124 119 128 130 151 135 134 112 114 111 199 133 54 146 45 186 127 47 102 98 189 185 182 178 176 165 171 173 66 50 159 107 44 25 183 108 110 72 82 6 121 13 15 40 22 129 141 61 55 194 136 78 83 33 76 21 31 17 19 139 138 140 11 99 137 10 49 8 42 142 75 187 43 158 180 3 117 105 148 115 118 14 59 60 35 188 88 113 198 120 116 70 79 175 155 190 51 77 71 69 74
100
4 4
5 5
11 11
12 12
14 14
16 16
17 17
18 18
20 20
23 23
27 27
31 31
32 32
39 39
42 42
45 45
44 44
47 47
50 50
51 51
52 52
53 53
56 56
58 58
59 59
60 60
61 61
54 54
63 63
66 66
72 72
73 73
76 76
77 77
80 80
81 81
83 83
86 86
88 88
89 89
90 90
91 91
94 94
95 95
96 96
97 97
98 98
99 99
100 100
103 103
105 105
107 107
108 108
109 109
111 111
112 112
113 113
114 114
115 115
118 118
116 116
120 120
123 123
125 125
127 127
128 128
129 129
130 130
132 132
133 133
134 134
135 135
136 136
138 138
139 139
140 140
142 142
143 143
146 146
152 152
154 154
155 155
157 157
158 158
161 161
163 163
165 165
167 167
171 171
173 173
174 174
178 178
179 179
184 184
190 190
192 192
193 193
198 198
199 199
200 200
