73 81 85 89 93 64 90 25 74 4 68 92 33 11 10 8 6 80 39 58 34 55 83 29 22 88 27 2 94 53 50 61 67 70 71 9 98 69 23 26 24 52 51 59 54 16 40 13 47 42 48 15 79 95 97 99 97 95 79 15 48 42 47 13 40 16 54 59 51 52 24 26 23 69 98 9 71 70 67 61 50 53 94 2 27 88 22 29 83 55 34 58 39 80 6 8 10 11 33 92 68 4 74 25 90 64 93 89 85 81 73 96 38 5 45 77 14 17 56 72 78 91 28 7 84 30 63 3 21 18 76 37 86 31 66 65 62 12 43 20 35 36 19 1 32 41 82 87 57 44 49 75 46 60 100 60 46 75 49 44 57 87 82 41 32 1 19 36 35 20 43 12 62 65 66 31 86 37 76 18 21 3 63 30 84 7 28 91 78 72 56 17 14 77 45 5 38 96 73
50
1 1
5 5
8 8
9 9
10 10
11 11
12 12
13 13
15 15
14 14
18 18
19 19
21 21
22 22
25 25
27 27
29 29
33 33
34 34
44 44
46 46
48 48
49 49
50 50
53 53
57 57
65 65
66 66
68 68
71 71
74 74
75 75
76 76
77 77
78 78
79 79
81 81
82 82
83 83
84 84
86 86
85 85
90 90
91 91
93 93
94 94
96 96
98 98
99 99
100 100
