AA AC AJ BX CH CG BW CF CD CC CE BP BM BR BQ BO BL AH AB AE AO AP AK AD DN CT DL DK CS DI DJ CR AL CQ DH DG DF DE CP DD DC DA DB CO CZ CN BY CK CI CJ CL CM CU DO DM DP DQ CW AM CV DR DS DU CX AN CY DW EG EE ED EP EO EQ EN ER ET ES EV EU EM EF EL EW EX EY EK EI FB EZ EJ EH FA FD DZ FE BK BJ BC AG BB BI BH BG BA BF BE BD AZ AX AV AR AU AQ AT AW AY AS AF AI BV CB CA BU BZ BT BN BS FF FG FF BS BN BT BZ BU CA CB BV AI AF AS AY AW AT AQ AU AR AV AX AZ BD BE BF BA BG BH BI BB AG BC BJ BK FE DZ FD FA EH EJ EZ FB EI EK EY EX EW EL EF EM EU EV ES ET ER EN EQ EO EP ED EE EG DW CY AN CX DU DS DR CV AM CW DQ DP DM DO CU CM CL CJ CI CK BY CN CZ CO DB DA DC DD CP DE DF DG DH CQ AL CR DJ DI CS DK DL CT DN AD AK AP AO AE AB AH BL BO BQ BR BM BP CE CC CD CF BW CG CH BX AJ AC AA DT DV DY DX EC EB EA FC FH FC EA EB EC DX DY DV DT AA
46
AA AA
AB AB
AC AC
AD AD
AE AE
AF AF
AG AG
AH AH
AI AI
AJ AJ
AK AK
AL AL
AM AM
AN AN
AO AO
AP AP
AQ AQ
BD BD
BE BE
BF BF
BG BG
BH BH
BI BI
BJ BJ
BK BK
DP DP
DQ DQ
DR DR
DS DS
DT DT
DU DU
DV DV
DW DW
DX DX
DY DY
DZ DZ
EN EN
EO EO
EP EP
EX EX
EY EY
EZ EZ
FA FA
FB FB
FC FC
FF FF
