AA AD AK AS AQ AF AR AT AU AY AZ BA AV BB BC BD AW AG AX BE BF BK BM BO BI BP BX BR AI AC AJ BT CD CF CH CI CQ CV CK CX CW CY CZ CL DA DB DC DD CM AL CN DF DE CO DG DH CP DJ DI DK CS AM CR DL DM DN DM DL CR AM CS DK DI DJ CP DH DG CO DE DF CN AL CM DD DC DB DA CL CZ CY CW CX CK CV CQ CI CH CF CD BT AJ AC AI BR BX BP BI BO BM BK BF BE AX AG AW BD BC BB AV BA AZ AY AU AT AR AF AQ AS AK AD AA AP AO AE AB AH BG BJ BL BH BN BV BQ BW BY BZ CA CB BS CC CE CG BU CJ CU AN CT DO CT AN CU CJ BU CG CE CC BS CB CA BZ BY BW BQ BV BN BH BL BJ BG AH AB AE AO AP AA
25
AA AA
AB AB
AC AC
AD AD
AE AE
AF AF
AG AG
AH AH
AI AI
AJ AJ
AK AK
AL AL
AM AM
AN AN
AO AO
AP AP
AQ AQ
BD BD
BE BE
BF BF
BG BG
BH BH
BI BI
BJ BJ
BK BK
