5 71 77 28 55 41 59 44 94 20 1 4 65 91 13 80 49 39 66 43 96 10 12 82 53 67 95 0 47 34 36 72 30 2 45 70 64 35 93 16 92 42 68 18 68 42 92 16 93 35 64 70 45 2 30 72 36 34 47 0 95 67 53 82 12 10 96 43 66 39 49 80 13 91 65 4 1 20 94 44 59 41 55 28 77 71 5 73 32 17 58 27 99 19 15 14 24 48 85 61 54 63 79 90 57 98 21 29 69 86 87 51 6 75 40 76 26 25 7 56 8 60 62 11 81 50 22 46 74 33 84 37 23 52 89 3 31 38 78 9 88 83 97 83 88 9 78 38 31 3 89 52 23 37 84 33 74 46 22 50 81 11 62 60 8 56 7 25 26 76 40 75 6 51 87 86 69 29 21 98 57 90 79 63 54 61 85 48 24 14 15 19 99 27 58 17 32 73 5
50
14 14
90 90
18 18
50 50
83 83
29 29
89 89
9 9
92 92
97 97
43 43
77 77
81 81
10 10
1 1
6 6
67 67
53 53
45 45
38 38
76 76
61 61
3 3
7 7
15 15
28 28
26 26
33 33
39 39
75 75
70 70
2 2
5 5
35 35
24 24
73 73
12 12
11 11
86 86
88 88
84 84
32 32
60 60
91 91
25 25
17 17
55 55
96 96
41 41
31 31
