112 123 8 73 109 69 61 155 28 95 35 102 139 151 115 117 125 166 38 104 0 153 116 20 82 147 11 87 148 46 158 70 177 128 63 93 47 185 106 180 12 171 72 191 34 183 135 50 53 27 29 126 127 84 146 77 101 23 174 152 107 49 1 71 164 81 52 83 133 113 168 86 129 172 97 121 145 110 169 136 15 37 120 26 91 189 4 2 85 16 3 192 175 36 190 33 197 159 156 14 162 199 80 196 58 89 59 141 39 30 100 130 186 193 124 90 178 43 194 184 122 181 78 134 160 154 76 6 167 187 88 99 41 74 179 68 163 131 24 198 10 56 42 140 48 62 170 9 79 54 51 32 157 188 137 21 44 182 19 114 92 75 67 176 142 105 17 105 142 176 67 75 92 114 19 182 44 21 137 188 157 32 51 54 79 9 170 62 48 140 42 56 10 198 24 131 163 68 179 74 41 99 88 187 167 6 76 154 160 134 78 181 122 184 194 43 178 90 124 193 186 130 100 30 39 141 59 89 58 196 80 199 162 14 156 159 197 33 190 36 175 192 3 16 85 2 4 189 91 26 120 37 15 136 169 110 145 121 97 172 129 86 168 113 133 83 52 81 164 71 1 49 107 152 174 23 101 77 146 84 127 126 29 27 53 50 135 183 34 191 72 171 12 180 106 185 47 93 63 128 177 70 158 46 148 87 11 147 82 20 116 153 0 104 38 166 125 117 115 151 139 102 35 95 28 155 61 69 109 73 8 123 112 118 96 195 40 103 65 94 13 143 60 31 25 108 111 18 149 66 173 55 64 98 5 7 57 119 150 144 165 22 138 161 132 45 132 161 138 22 165 144 150 119 57 7 5 98 64 55 173 66 149 18 111 108 25 31 60 143 13 94 65 103 40 195 96 118 112
100
83 83
52 52
71 71
20 20
147 147
11 11
160 160
170 170
149 149
84 84
171 171
157 157
58 58
40 40
143 143
27 27
102 102
42 42
131 131
138 138
72 72
114 114
117 117
121 121
78 78
59 59
81 81
120 120
80 80
64 64
73 73
152 152
126 126
166 166
85 85
127 127
23 23
136 136
56 56
41 41
96 96
13 13
99 99
34 34
130 130
118 118
129 129
184 184
17 17
70 70
174 174
33 33
182 182
183 183
53 53
109 109
168 168
172 172
124 124
107 107
14 14
151 151
123 123
28 28
29 29
75 75
146 146
163 163
36 36
21 21
144 144
188 188
6 6
9 9
44 44
97 97
24 24
190 190
104 104
154 154
194 194
181 181
158 158
68 68
66 66
169 169
69 69
0 0
8 8
105 105
94 94
54 54
95 95
60 60
187 187
119 119
49 49
165 165
162 162
35 35
