LM PQ AZ YJ HS QK NL VD DX BI QG KY YG EC XC AO VE LE PN JB SQ VW XB TD PW OZ DY CI FU YS OJ YS FU CI DY OZ PW TD XB VW SQ JB PN LE VE AO XC EC YG KY QG BI DX VD NL QK HS YJ AZ PQ LM MT WY QA CY AF ZX LN RP PX YF AA VP LK ZU JC JR JA DZ ST MB UX WJ MP SA GU NM SL KH OO MA EX LR EN FH PS BV IE CT VF ID LF EE XX HJ FM CG UI AX TP QO WI MQ HU RN YI DR ME TO UO YT VQ CE TG YD PV QC WU QJ IH FL YZ TH UQ UR OQ WK LI JL EM GZ OW WA AU ZG BR WH VY UN IX KC TU YX GR WX OX DB RX PH KT HF EJ GB NS PB RV LQ MF UL TW XM KF NP JP FA DQ KV IA NR FY TK FT CW QN YV SJ WE UM VI IV BB ZR ZZ CV AL VG TC IY KL TL VC RR RM FN PJ XG RH AQ EQ LV FR EA PP EO AD BM DC KU QR GL IJ LS JG WT UT CJ XD MH HP WM HP MH XD CJ UT WT JG LS IJ GL QR KU DC BM AD EO PP EA FR LV EQ AQ RH XG PJ FN RM RR VC TL KL IY TC VG AL CV ZZ ZR BB IV VI UM WE SJ YV QN CW FT TK FY NR IA KV DQ FA JP NP KF XM TW UL MF LQ RV PB NS GB EJ HF KT PH RX DB OX WX GR YX TU KC IX UN VY WH BR ZG AU WA OW GZ EM JL LI WK OQ UR UQ TH YZ FL IH QJ WU QC PV YD TG CE VQ YT UO TO ME DR YI RN HU MQ WI QO TP AX UI CG FM HJ XX EE LF ID VF CT IE BV PS FH EN LR EX MA OO KH SL NM GU SA MP WJ UX MB ST DZ JA JR JC ZU LK VP AA YF PX RP LN ZX AF CY QA WY MT LM
37
NL NL
PJ PJ
CG CG
QC QC
PN PN
DC DC
PX PX
VF VF
YD YD
TG TG
FU FU
UQ UQ
WH WH
PS PS
DR DR
LF LF
TO TO
FH FH
WX WX
VY VY
XG XG
SJ SJ
ZG ZG
UO UO
CW CW
IA IA
MF MF
EQ EQ
QG QG
CY CY
QJ QJ
HS HS
FT FT
KL KL
SL SL
IV IV
GR GR
