LL XK VY BD AU BI JR NM OK NF BR HG AH OS YU SB AL FM TV FL QP DR LG EQ SK BE RG JP RL NZ TH WS JA OM VX VE IY BM FG OV YR ED UU LW SX IV XA LJ XU CF RY KV NO QI XN JD FT OD KF DM GE KL HX KC HA EW GT RU YT OO EY AG TD IW AD AW HN RH SO NT YK KK VC XE UR DU AR TX CO CP PN XT PN CP CO TX AR DU UR XE VC KK YK NT SO RH HN AW AD IW TD AG EY OO YT RU GT EW HA KC HX KL GE DM KF OD FT JD XN QI NO KV RY CF XU LJ XA IV SX LW UU ED YR OV FG BM IY VE VX OM JA WS TH NZ RL JP RG BE SK EQ LG DR QP FL TV FM AL SB YU OS AH HG BR NF OK NM JR BI AU BD VY XK LL RB EF FO HL EC TK OW QN OW TK EC HL FO EF RB LL
37
NF NF
FM FM
YK YK
WS WS
BM BM
DU DU
EC EC
HN HN
UU UU
JR JR
TH TH
XK XK
EQ EQ
AW AW
EY EY
DM DM
HA HA
SB SB
QI QI
RL RL
VY VY
BR BR
JA JA
TV TV
FG FG
KL KL
XU XU
XT XT
AR AR
XN XN
YT YT
EF EF
QN QN
KV KV
TK TK
NT NT
GE GE
