0 84 6 66 60 5 92 85 32 25 65 83 49 40 86 33 28 30 13 14 52 38 69 78 87 73 63 88 53 29 22 68 72 75 91 71 79 81 34 44 41 43 45 39 19 48 42 55 56 50 27 61 64 2 26 96 54 35 70 17 76 23 98 80 59 7 1 10 15 46 47 4 31 51 24 62 16 8 57 74 12 18 11 90 93 94 93 90 11 18 12 74 57 8 16 62 24 51 31 4 47 46 15 10 1 7 59 80 98 23 76 17 70 35 54 96 26 2 64 61 27 50 56 55 42 48 19 39 45 43 41 44 34 81 79 71 91 75 72 68 22 29 53 88 63 73 87 78 69 38 52 14 13 30 28 33 86 40 49 83 65 25 32 85 92 5 60 66 6 84 0 58 95 9 3 37 97 20 67 89 21 77 36 82 99 82 36 77 21 89 67 20 97 37 3 9 95 58 0
50
1 1
2 2
3 3
4 4
5 5
6 6
7 7
8 8
9 9
10 10
11 11
12 12
13 13
14 14
15 15
16 16
17 17
18 18
19 19
20 20
21 21
22 22
23 23
24 24
25 25
26 26
27 27
28 28
29 29
30 30
31 31
32 32
33 33
34 34
35 35
36 36
37 37
38 38
39 39
40 40
41 41
42 42
43 43
44 44
45 45
46 46
47 47
48 48
49 49
50 50
