0 2 28 20 137 153 185 180 186 85 148 61 57 195 7 59 174 125 14 31 104 3 90 116 117 23 149 162 156 159 136 141 79 154 184 178 43 132 95 192 146 106 50 190 197 72 177 92 60 183 170 101 147 35 173 80 109 133 4 74 171 175 55 51 40 64 11 70 111 75 76 47 37 139 86 39 29 114 102 168 21 6 25 134 105 77 32 18 196 155 48 49 193 143 163 96 158 127 118 108 115 99 107 119 128 13 30 9 98 84 169 66 194 152 88 63 138 46 36 126 191 198 191 126 36 46 138 63 88 152 194 66 169 84 98 9 30 13 128 119 107 99 115 108 118 127 158 96 163 143 193 49 48 155 196 18 32 77 105 134 25 6 21 168 102 114 29 39 86 139 37 47 76 75 111 70 11 64 40 51 55 175 171 74 4 133 109 80 173 35 147 101 170 183 60 92 177 72 197 190 50 106 146 192 95 132 43 178 184 154 79 141 136 159 156 162 149 23 117 116 90 3 104 31 14 125 174 59 7 195 57 61 148 85 186 180 185 153 137 20 28 2 0 71 83 68 69 179 44 27 144 157 16 24 87 188 121 91 67 150 164 129 161 165 182 151 53 54 189 160 167 89 166 19 41 122 56 45 123 65 5 135 145 34 97 187 93 120 181 124 140 81 112 73 100 103 58 15 113 1 176 42 78 172 142 94 130 52 82 22 62 12 10 17 110 26 33 38 8 131 199 131 8 38 33 26 110 17 10 12 62 22 82 52 130 94 142 172 78 42 176 1 113 15 58 103 100 73 112 81 140 124 181 120 93 187 97 34 145 135 5 65 123 45 56 122 41 19 166 89 167 160 189 54 53 151 182 165 161 129 164 150 67 91 121 188 87 24 16 157 144 27 44 179 69 68 83 71 0
100
1 1
2 2
3 3
4 4
5 5
6 6
7 7
8 8
9 9
10 10
11 11
12 12
13 13
14 14
15 15
16 16
17 17
18 18
19 19
20 20
21 21
22 22
23 23
24 24
25 25
26 26
27 27
28 28
29 29
30 30
31 31
32 32
33 33
34 34
35 35
36 36
37 37
38 38
39 39
40 40
41 41
42 42
43 43
44 44
45 45
46 46
47 47
48 48
49 49
50 50
51 51
52 52
53 53
54 54
55 55
56 56
57 57
58 58
59 59
60 60
61 61
62 62
63 63
64 64
65 65
66 66
67 67
68 68
69 69
70 70
71 71
72 72
73 73
74 74
75 75
76 76
77 77
78 78
79 79
80 80
81 81
82 82
83 83
84 84
85 85
86 86
87 87
88 88
89 89
90 90
91 91
92 92
93 93
94 94
95 95
96 96
97 97
98 98
99 99
100 100
