48 68 14 4 16 40 121 196 141 129 136 72 108 109 139 167 143 12 166 160 179 195 159 120 123 162 134 86 1 19 17 18 23 2 124 56 128 39 85 75 83 64 32 0 105 147 135 91 180 51 5 65 3 155 116 146 157 114 80 148 21 79 11 6 106 133 37 22 169 74 66 191 96 158 156 52 53 154 115 10 161 38 117 189 178 177 92 149 104 192 76 199 138 78 185 168 20 71 107 87 90 25 42 9 26 82 170 122 176 95 27 28 30 60 84 47 55 36 29 152 99 102 110 172 100 24 126 130 49 70 45 151 57 103 98 67 50 15 137 43 101 97 119 8 190 8 119 97 101 43 137 15 50 67 98 103 57 151 45 70 49 130 126 24 100 172 110 102 99 152 29 36 55 47 84 60 30 28 27 95 176 122 170 82 26 9 42 25 90 87 107 71 20 168 185 78 138 199 76 192 104 149 92 177 178 189 117 38 161 10 115 154 53 52 156 158 96 191 66 74 169 22 37 133 106 6 11 79 21 148 80 114 157 146 116 155 3 65 5 51 180 91 135 147 105 0 32 64 83 75 85 39 128 56 124 2 23 18 17 19 1 86 134 162 123 120 159 195 179 160 166 12 143 167 139 109 108 72 136 129 141 196 121 40 16 4 14 68 48 73 171 163 173 61 197 131 44 194 193 127 88 93 13 165 34 33 35 81 77 164 58 118 145 153 59 63 54 69 113 89 62 132 125 174 142 144 182 94 140 175 7 150 41 31 112 188 187 186 184 181 183 46 111 198 111 46 183 181 184 186 187 188 112 31 41 150 7 175 140 94 182 144 142 174 125 132 62 89 113 69 54 63 59 153 145 118 58 164 77 81 35 33 34 165 13 93 88 127 193 194 44 131 197 61 173 163 171 73 48
100
199 199
73 73
143 143
20 20
93 93
154 154
141 141
151 151
56 56
109 109
135 135
107 107
118 118
126 126
133 133
157 157
149 149
115 115
66 66
175 175
167 167
60 60
11 11
85 85
197 197
191 191
58 58
123 123
177 177
196 196
38 38
110 110
34 34
5 5
148 148
136 136
163 163
158 158
147 147
190 190
186 186
46 46
182 182
19 19
176 176
48 48
90 90
152 152
21 21
10 10
23 23
25 25
164 164
181 181
36 36
78 78
84 84
79 79
64 64
108 108
145 145
9 9
103 103
193 193
185 185
117 117
29 29
194 194
42 42
113 113
16 16
119 119
180 180
179 179
101 101
3 3
170 170
88 88
138 138
171 171
40 40
7 7
39 39
165 165
87 87
137 137
35 35
156 156
52 52
98 98
125 125
69 69
155 155
129 129
74 74
53 53
2 2
55 55
67 67
120 120
