75 55 46 38 45 0 40 11 51 60 58 67 8 12 91 63 93 63 91 12 8 67 58 60 51 11 40 0 45 38 46 55 75 89 94 82 92 15 61 16 81 30 65 79 49 6 1 3 24 59 68 21 5 73 96 74 36 2 64 47 4 52 57 39 9 25 86 48 84 32 42 53 56 98 69 78 37 10 70 29 80 97 28 54 23 22 20 19 34 27 66 7 87 85 88 77 83 43 17 50 44 90 99 72 14 33 41 31 26 71 62 76 18 13 35 95 35 13 18 76 62 71 26 31 41 33 14 72 99 90 44 50 17 43 83 77 88 85 87 7 66 27 34 19 20 22 23 54 28 97 80 29 70 10 37 78 69 98 56 53 42 32 84 48 86 25 9 39 57 52 4 47 64 2 36 74 96 73 5 21 68 59 24 3 1 6 49 79 65 30 81 16 61 15 92 82 94 89 75
50
94 94
86 86
87 87
76 76
97 97
75 75
21 21
13 13
36 36
80 80
57 57
69 69
89 89
3 3
73 73
4 4
82 82
64 64
98 98
52 52
74 74
46 46
48 48
25 25
42 42
47 47
55 55
29 29
31 31
91 91
84 84
49 49
92 92
77 77
81 81
43 43
7 7
34 34
90 90
56 56
58 58
59 59
44 44
65 65
62 62
96 96
9 9
12 12
32 32
26 26
