gucdicwxmb sinegnctim zpybghfdbe iwdghbmiai lkvobxyfca jedsthbmzo chjuuxuacs xtvbrolacp tgbmxdmvwe kdujdjjwot oggftsricu yiwwdwbzth siatqqydwf tvuprbwofb lbuiysostx eysfgfavho zmfuudfatm ouxenssqdu rnpokwoqgt wtlzrefwav eooyfwmxln gllungmori aokbiptbzc psiebvskfb zumetrybth jqtguzxxsl evdoyagqfp gkcfktyute zjbarjhmau xawkqmfmmx smwxdupkdv xplqpgpbvq wtyqwjwskq qzdrdcxoib vugkhjygfe vkrlpmybdj zpjhxyylhb koawdpgqdx unihwwnyqz nwlccbonas qfbvncxldf nwlccbonas unihwwnyqz koawdpgqdx zpjhxyylhb vkrlpmybdj vugkhjygfe qzdrdcxoib wtyqwjwskq xplqpgpbvq smwxdupkdv xawkqmfmmx zjbarjhmau gkcfktyute evdoyagqfp jqtguzxxsl zumetrybth psiebvskfb aokbiptbzc gllungmori eooyfwmxln wtlzrefwav rnpokwoqgt ouxenssqdu zmfuudfatm eysfgfavho lbuiysostx tvuprbwofb siatqqydwf yiwwdwbzth oggftsricu kdujdjjwot tgbmxdmvwe xtvbrolacp chjuuxuacs jedsthbmzo lkvobxyfca iwdghbmiai zpybghfdbe sinegnctim gucdicwxmb epdwcjuvdr ahqdrcepub bswhowadhl bnmegnfgii gjmmikaxih seeyrseflx gwnccktgki ztplgyvqhm gwnccktgki seeyrseflx gjmmikaxih bnmegnfgii bswhowadhl ahqdrcepub epdwcjuvdr gucdicwxmb
21
rnpokwoqgt rnpokwoqgt
ahqdrcepub ahqdrcepub
xawkqmfmmx xawkqmfmmx
lkvobxyfca lkvobxyfca
iwdghbmiai iwdghbmiai
psiebvskfb psiebvskfb
vkrlpmybdj vkrlpmybdj
yiwwdwbzth yiwwdwbzth
zjbarjhmau zjbarjhmau
seeyrseflx seeyrseflx
ztplgyvqhm ztplgyvqhm
oggftsricu oggftsricu
tvuprbwofb tvuprbwofb
gkcfktyute gkcfktyute
zumetrybth zumetrybth
zpjhxyylhb zpjhxyylhb
koawdpgqdx koawdpgqdx
evdoyagqfp evdoyagqfp
vugkhjygfe vugkhjygfe
wtyqwjwskq wtyqwjwskq
epdwcjuvdr epdwcjuvdr
