mdyuzxshey mysadifwma mdyuzxshey vkrlpmybdj zmfuudfatm vugkhjygfe seeyrseflx uooysjrxsb owusjcmdkp ljhmnbaicr ebqxbaqnmm zumetrybth gjmmikaxih qfbvncxldf ztplgyvqhm unihwwnyqz qepegujmaa jfccyptuug pymtnhypxd wkwwcqjtxf qcktwemqbm tvcolajnao ouxenssqdu qydclznxrd cmdqzmgvfi zpybghfdbe psiebvskfb bswhowadhl awqmxektil lndsfxewdc mswyvpdrsy hkempoemlv hsjqtjkukk smwxdupkdv aokbiptbzc jrmlkfexfk gllungmori rkyixxpcbx eooyfwmxln qzdrdcxoib koawdpgqdx xywdziunpr jrusiskazm tmrnpjqnxx wtlzrefwav xawkqmfmmx sinegnctim jedsthbmzo nwlccbonas fxuhthwjjp bbwcqzwyoz oewptytlja knfzsnhzvx xftptyrlvl yiwwdwbzth jqtguzxxsl wtyqwjwskq tvuprbwofb gucdicwxmb iwdghbmiai xtvbrolacp gwnccktgki evdoyagqfp bnmegnfgii jatkaoyfxb optviwhmbr ixyurvbpvu syxecaxosc qgfchcatzi oggftsricu lnicnhmajr kyblmbvqtv chjuuxuacs euqbrkzdsw wtjzgzopuw eysfgfavho phknwbtipl kdujdjjwot zjbarjhmau bulywvvpni siatqqydwf ahqdrcepub lazlsvgukx idfvjoquhh xkasbvrrxd yhpfnjjqmm fznfvsgjhc lkvobxyfca xplqpgpbvq hadchvmijq wynbxuuxru epdwcjuvdr gkcfktyute zpjhxyylhb rnpokwoqgt tgbmxdmvwe oegfbrwyrp lbuiysostx sjtuxgdwms lbuiysostx oegfbrwyrp tgbmxdmvwe rnpokwoqgt zpjhxyylhb gkcfktyute epdwcjuvdr wynbxuuxru hadchvmijq xplqpgpbvq lkvobxyfca fznfvsgjhc yhpfnjjqmm xkasbvrrxd idfvjoquhh lazlsvgukx ahqdrcepub siatqqydwf bulywvvpni zjbarjhmau kdujdjjwot phknwbtipl eysfgfavho wtjzgzopuw euqbrkzdsw chjuuxuacs kyblmbvqtv lnicnhmajr oggftsricu qgfchcatzi syxecaxosc ixyurvbpvu optviwhmbr jatkaoyfxb bnmegnfgii evdoyagqfp gwnccktgki xtvbrolacp iwdghbmiai gucdicwxmb tvuprbwofb wtyqwjwskq jqtguzxxsl yiwwdwbzth xftptyrlvl knfzsnhzvx oewptytlja bbwcqzwyoz fxuhthwjjp nwlccbonas jedsthbmzo sinegnctim xawkqmfmmx wtlzrefwav tmrnpjqnxx jrusiskazm xywdziunpr koawdpgqdx qzdrdcxoib eooyfwmxln rkyixxpcbx gllungmori jrmlkfexfk aokbiptbzc smwxdupkdv hsjqtjkukk hkempoemlv mswyvpdrsy lndsfxewdc awqmxektil bswhowadhl psiebvskfb zpybghfdbe cmdqzmgvfi qydclznxrd ouxenssqdu tvcolajnao qcktwemqbm wkwwcqjtxf pymtnhypxd jfccyptuug qepegujmaa unihwwnyqz ztplgyvqhm qfbvncxldf gjmmikaxih zumetrybth ebqxbaqnmm ljhmnbaicr owusjcmdkp uooysjrxsb seeyrseflx vugkhjygfe zmfuudfatm vkrlpmybdj mdyuzxshey
49
mysadifwma mysadifwma
jatkaoyfxb jatkaoyfxb
gwnccktgki gwnccktgki
jedsthbmzo jedsthbmzo
bnmegnfgii bnmegnfgii
kdujdjjwot kdujdjjwot
oewptytlja oewptytlja
zjbarjhmau zjbarjhmau
vkrlpmybdj vkrlpmybdj
bulywvvpni bulywvvpni
lndsfxewdc lndsfxewdc
knfzsnhzvx knfzsnhzvx
lbuiysostx lbuiysostx
tgbmxdmvwe tgbmxdmvwe
eooyfwmxln eooyfwmxln
zmfuudfatm zmfuudfatm
xtvbrolacp xtvbrolacp
hadchvmijq hadchvmijq
ahqdrcepub ahqdrcepub
rkyixxpcbx rkyixxpcbx
ebqxbaqnmm ebqxbaqnmm
mswyvpdrsy mswyvpdrsy
qydclznxrd qydclznxrd
wynbxuuxru wynbxuuxru
qcktwemqbm qcktwemqbm
zumetrybth zumetrybth
lazlsvgukx lazlsvgukx
jqtguzxxsl jqtguzxxsl
vugkhjygfe vugkhjygfe
aokbiptbzc aokbiptbzc
gllungmori gllungmori
optviwhmbr optviwhmbr
qepegujmaa qepegujmaa
wtlzrefwav wtlzrefwav
wtyqwjwskq wtyqwjwskq
lkvobxyfca lkvobxyfca
owusjcmdkp owusjcmdkp
qfbvncxldf qfbvncxldf
ljhmnbaicr ljhmnbaicr
xftptyrlvl xftptyrlvl
koawdpgqdx koawdpgqdx
fznfvsgjhc fznfvsgjhc
cmdqzmgvfi cmdqzmgvfi
mdyuzxshey mdyuzxshey
nwlccbonas nwlccbonas
euqbrkzdsw euqbrkzdsw
lnicnhmajr lnicnhmajr
seeyrseflx seeyrseflx
psiebvskfb psiebvskfb
