evdoyagqfp gwnccktgki xtvbrolacp afrdrejwtp khisjiexts zpybghfdbe gucdicwxmb chjuuxuacs afortwurqt ahqdrcepub gbdejcnknd vnzypgtlkj dnmgxnhbgi eaozvwjoso ldnozwuuuq spdafzaivh qiqnnrlapz qpxtrjvxpe tmatbexcil kyblmbvqtv rfcbhdtwvm awqmxektil mcxqvnkhbl kyrhqthnvz lndsfxewdc lbuiysostx frwgnrofof qqtzqvrvyc tgbmxdmvwe lcrihrmoqu xkasbvrrxd gkcfktyute phknwbtipl zivwgfcxqi euqbrkzdsw jedsthbmzo wwqchwdmtx ederofzujd xifuopshzj xwrvhrxnqy ebqxbaqnmm oegfbrwyrp xqwyvbvueh tvcolajnao smwxdupkdv jqtguzxxsl optviwhmbr vfdsalrajq vqakgbtmpu qbiylslccb kvxwqiryyu iwdghbmiai sjtuxgdwms oddoubpfzn syxecaxosc uooysjrxsb nfvvjywhsb ztvejhcxjs fluzhooehk itbfnxnauh nwlccbonas xguvjomcdt fclmzghxkf fdgcygwgjf pbefrggyje xzwkhxkxjr qxuqrfzzob gllungmori xnppuesbrr eqdxeqvtsb xvgujpzkiw zbvxzejelx ybdknfjgrw frfueiglva ymvlfsdhbu xsjzeyxnpw bswhowadhl zpjhxyylhb kvfpaspidv wtyqwjwskq kijbyyuzhd unihwwnyqz yhpfnjjqmm bimtbhwsby ijbfzrqwct bbwcqzwyoz idfvjoquhh hkempoemlv seeyrseflx xeigbnzhbj hadchvmijq mswyvpdrsy yqwistxtxc xfsfninwab scesbtewjx hxkhivkhyl lkvtxfwozs wkwwcqjtxf wtjzgzopuw byyqgjwsrp gjmmikaxih jrusiskazm vkrlpmybdj cdqkyomyxw qcktwemqbm aokbiptbzc ztplgyvqhm czvqvijjlb nbjyrygtdh cpwyxulkjm ytidnmibdj siatqqydwf oggftsricu xywdziunpr vugkhjygfe guuudgvhny xknpudafue xplqpgpbvq kdujdjjwot wirlbujvjm kwbnyneokj uhalgukdzb yriqtwavfx rkyixxpcbx mysadifwma robpunozly bnmegnfgii qfbvncxldf ixyurvbpvu qepegujmaa pcilmgdrgc ivgbjyugdu qxfgqgbbdn osdeymjeil jrmlkfexfk pymtnhypxd pwgublhwxg hofbtczdgp jwcdeoubpx hofbtczdgp pwgublhwxg pymtnhypxd jrmlkfexfk osdeymjeil qxfgqgbbdn ivgbjyugdu pcilmgdrgc qepegujmaa ixyurvbpvu qfbvncxldf bnmegnfgii robpunozly mysadifwma rkyixxpcbx yriqtwavfx uhalgukdzb kwbnyneokj wirlbujvjm kdujdjjwot xplqpgpbvq xknpudafue guuudgvhny vugkhjygfe xywdziunpr oggftsricu siatqqydwf ytidnmibdj cpwyxulkjm nbjyrygtdh czvqvijjlb ztplgyvqhm aokbiptbzc qcktwemqbm cdqkyomyxw vkrlpmybdj jrusiskazm gjmmikaxih byyqgjwsrp wtjzgzopuw wkwwcqjtxf lkvtxfwozs hxkhivkhyl scesbtewjx xfsfninwab yqwistxtxc mswyvpdrsy hadchvmijq xeigbnzhbj seeyrseflx hkempoemlv idfvjoquhh bbwcqzwyoz ijbfzrqwct bimtbhwsby yhpfnjjqmm unihwwnyqz kijbyyuzhd wtyqwjwskq kvfpaspidv zpjhxyylhb bswhowadhl xsjzeyxnpw ymvlfsdhbu frfueiglva ybdknfjgrw zbvxzejelx xvgujpzkiw eqdxeqvtsb xnppuesbrr gllungmori qxuqrfzzob xzwkhxkxjr pbefrggyje fdgcygwgjf fclmzghxkf xguvjomcdt nwlccbonas itbfnxnauh fluzhooehk ztvejhcxjs nfvvjywhsb uooysjrxsb syxecaxosc oddoubpfzn sjtuxgdwms iwdghbmiai kvxwqiryyu qbiylslccb vqakgbtmpu vfdsalrajq optviwhmbr jqtguzxxsl smwxdupkdv tvcolajnao xqwyvbvueh oegfbrwyrp ebqxbaqnmm xwrvhrxnqy xifuopshzj ederofzujd wwqchwdmtx jedsthbmzo euqbrkzdsw zivwgfcxqi phknwbtipl gkcfktyute xkasbvrrxd lcrihrmoqu tgbmxdmvwe qqtzqvrvyc frwgnrofof lbuiysostx lndsfxewdc kyrhqthnvz mcxqvnkhbl awqmxektil rfcbhdtwvm kyblmbvqtv tmatbexcil qpxtrjvxpe qiqnnrlapz spdafzaivh ldnozwuuuq eaozvwjoso dnmgxnhbgi vnzypgtlkj gbdejcnknd ahqdrcepub afortwurqt chjuuxuacs gucdicwxmb zpybghfdbe khisjiexts afrdrejwtp xtvbrolacp gwnccktgki evdoyagqfp xawkqmfmmx xftptyrlvl fxuhthwjjp tmrnpjqnxx imkzafjljw fznfvsgjhc ouxenssqdu mdyuzxshey wtlzrefwav sipmuleqch xychpimpzb lnicnhmajr aruwdskzta tgkujfknod jfccyptuug sinegnctim owusjcmdkp stdiixwrjc ummqduagjn fczruomdab eooyfwmxln epdwcjuvdr kgktiatgjn lkvobxyfca eysfgfavho zmfuudfatm cttlxdtaiw uqoafoloje zjbarjhmau ichabbvkhm oavtmpaqji oownpsyviv rnpokwoqgt bpbbtoptwg opmnfgpclg knfzsnhzvx etdxtwotzh voaumgrcuj qzdrdcxoib wynbxuuxru lazlsvgukx bbczvyonym hsjqtjkukk jatkaoyfxb qydclznxrd oewptytlja bulywvvpni xtraxybdhx koawdpgqdx psiebvskfb zumetrybth tvuprbwofb yiwwdwbzth uddkspyqjc ivugtsvtqb pdljcbluhp ljhmnbaicr qgfchcatzi cmdqzmgvfi rlxmdzqomd cmdqzmgvfi qgfchcatzi ljhmnbaicr pdljcbluhp ivugtsvtqb uddkspyqjc yiwwdwbzth tvuprbwofb zumetrybth psiebvskfb koawdpgqdx xtraxybdhx bulywvvpni oewptytlja qydclznxrd jatkaoyfxb hsjqtjkukk bbczvyonym lazlsvgukx wynbxuuxru qzdrdcxoib voaumgrcuj etdxtwotzh knfzsnhzvx opmnfgpclg bpbbtoptwg rnpokwoqgt oownpsyviv oavtmpaqji ichabbvkhm zjbarjhmau uqoafoloje cttlxdtaiw zmfuudfatm eysfgfavho lkvobxyfca kgktiatgjn epdwcjuvdr eooyfwmxln fczruomdab ummqduagjn stdiixwrjc owusjcmdkp sinegnctim jfccyptuug tgkujfknod aruwdskzta lnicnhmajr xychpimpzb sipmuleqch wtlzrefwav mdyuzxshey ouxenssqdu fznfvsgjhc imkzafjljw tmrnpjqnxx fxuhthwjjp xftptyrlvl xawkqmfmmx evdoyagqfp
99
oavtmpaqji oavtmpaqji
tmrnpjqnxx tmrnpjqnxx
vugkhjygfe vugkhjygfe
qxfgqgbbdn qxfgqgbbdn
jrmlkfexfk jrmlkfexfk
lnicnhmajr lnicnhmajr
kgktiatgjn kgktiatgjn
jrusiskazm jrusiskazm
qgfchcatzi qgfchcatzi
itbfnxnauh itbfnxnauh
kvxwqiryyu kvxwqiryyu
tmatbexcil tmatbexcil
xguvjomcdt xguvjomcdt
bbczvyonym bbczvyonym
xawkqmfmmx xawkqmfmmx
uhalgukdzb uhalgukdzb
wkwwcqjtxf wkwwcqjtxf
fluzhooehk fluzhooehk
qiqnnrlapz qiqnnrlapz
yiwwdwbzth yiwwdwbzth
ldnozwuuuq ldnozwuuuq
bbwcqzwyoz bbwcqzwyoz
wwqchwdmtx wwqchwdmtx
hofbtczdgp hofbtczdgp
gucdicwxmb gucdicwxmb
smwxdupkdv smwxdupkdv
qfbvncxldf qfbvncxldf
xwrvhrxnqy xwrvhrxnqy
wtlzrefwav wtlzrefwav
hsjqtjkukk hsjqtjkukk
euqbrkzdsw euqbrkzdsw
mysadifwma mysadifwma
afortwurqt afortwurqt
oggftsricu oggftsricu
kyrhqthnvz kyrhqthnvz
xnppuesbrr xnppuesbrr
mdyuzxshey mdyuzxshey
ouxenssqdu ouxenssqdu
guuudgvhny guuudgvhny
qpxtrjvxpe qpxtrjvxpe
ichabbvkhm ichabbvkhm
hkempoemlv hkempoemlv
fdgcygwgjf fdgcygwgjf
vkrlpmybdj vkrlpmybdj
vfdsalrajq vfdsalrajq
lcrihrmoqu lcrihrmoqu
uooysjrxsb uooysjrxsb
rnpokwoqgt rnpokwoqgt
evdoyagqfp evdoyagqfp
tvcolajnao tvcolajnao
cttlxdtaiw cttlxdtaiw
etdxtwotzh etdxtwotzh
tgkujfknod tgkujfknod
zivwgfcxqi zivwgfcxqi
rkyixxpcbx rkyixxpcbx
qepegujmaa qepegujmaa
seeyrseflx seeyrseflx
voaumgrcuj voaumgrcuj
qxuqrfzzob qxuqrfzzob
pbefrggyje pbefrggyje
optviwhmbr optviwhmbr
aruwdskzta aruwdskzta
stdiixwrjc stdiixwrjc
cpwyxulkjm cpwyxulkjm
gbdejcnknd gbdejcnknd
pdljcbluhp pdljcbluhp
oegfbrwyrp oegfbrwyrp
xychpimpzb xychpimpzb
xkasbvrrxd xkasbvrrxd
bimtbhwsby bimtbhwsby
psiebvskfb psiebvskfb
scesbtewjx scesbtewjx
ahqdrcepub ahqdrcepub
eooyfwmxln eooyfwmxln
vnzypgtlkj vnzypgtlkj
bswhowadhl bswhowadhl
bnmegnfgii bnmegnfgii
kijbyyuzhd kijbyyuzhd
xqwyvbvueh xqwyvbvueh
byyqgjwsrp byyqgjwsrp
wynbxuuxru wynbxuuxru
zmfuudfatm zmfuudfatm
afrdrejwtp afrdrejwtp
ymvlfsdhbu ymvlfsdhbu
lndsfxewdc lndsfxewdc
lkvtxfwozs lkvtxfwozs
osdeymjeil osdeymjeil
tgbmxdmvwe tgbmxdmvwe
nwlccbonas nwlccbonas
xywdziunpr xywdziunpr
pcilmgdrgc pcilmgdrgc
xifuopshzj xifuopshzj
bulywvvpni bulywvvpni
ivugtsvtqb ivugtsvtqb
aokbiptbzc aokbiptbzc
ivgbjyugdu ivgbjyugdu
nbjyrygtdh nbjyrygtdh
kvfpaspidv kvfpaspidv
eqdxeqvtsb eqdxeqvtsb
