AwxIeucriHjf27FhspG M7vKqQH6U3sGneYpBmr FhQNEw3VjK7YeUgT8rm YdfrPxpi4hmXIq2Ss9c ZbLed95SUxqPAVGltNu jJYuUdBbS0lLMAH6TNe sBNmdn0ScKeWHtTEw8G NXV1D2dbScZ4y9pUtqW DZKQ08WnbkSIqz2rAm6 mxbN18fatelypn20FLZ ZyajO0zqmgFGd4PUlik 0l5Q4wHKrGTtYmko6uB sOhbeTrPJkB5zIDlpEx NWGQdEXnhM5gUqcJ13T LdUAKJjGy23PM8pSE0H wJPGQIr4Njpk7Re6sbX weiO89Us3SIvoaPtrB0 ZzYyulPGeQEkJtvs8CW ZHjC78bVpocuktm5Mg9 CrwBY4qKI0eOiAjtvzZ l8EFJZci17KdbnTx9Ch C7gXPVA3YZ2QWdsUkGx 2SbQ735yxpaYRJGdLNt 5Hz2glV7fhLTxX0iEyu Jlkixpd2cLWGKCrVSmf jIi2sVXxaTR5vQNo6uH LgX3GoqbTpRCdhOElKA vBQ8qjbgmCfZIxY2zJP J6ComdZW9qLG5V7D2Qb ciYOlIwSpvHz3ybj2mV VMPr01qNctRo2GspAdh EwF5nLVG0tZTx9dWU1D OFnyj64xurghSV8Cz13 EtZy03uSNxdF1kcjeG7 JOjfABw83oFCiaXDvMs SILZWArv6k7FcGhyeb5 3WN1qBmcvAExjdM6Gr7 SWcTa048zDXHmAk67vq UhV08bJKBApcNP4O7xl TwZjBSskDY4E9OdRuXv 32iUhWwbaRQdpGN6CP9 JcQAO3uxterl9IUwhKB sho45SEzbYFQpR1CwZm 4WPDhRB2vq5G1CNxpiz 8XdiGJQuvDq0O45cAa3 TD1lnWQY5GcdEjtfVzs Nji35abpK0CTUSlWGuA OzSVlAJPB8pD7McueaG IlfLurGFiMO9W3wUAXR bXmHFcCtVZPv4oxBweM 8aKYx2SdqPRjFvi6yr4 KJwAq0SmfUlOGo8Pbeh 4RPkH7Dc2lSytIEjdvZ 8XNwOR4jem9hBP3VKuk KtuJ8324zFfxhcgNUO0 uFkwq6pWAKVEXdDRGQb BMxnoGrf91mOZwU8P3C XMuchaoDbgs8v65ECIF PpKhQs5muRVJYjkCGrO 4bOB2s6KaRrTXkec7pC YPlLw8UTgi3t0zdEmRB 3eU0yIswmKxLq6Yg7Tu iEFbnXL3WCYzGIBsQyg Kvu14SaZ9jRkNJd0BOs Y4pFOJ6VP8bxu9lNyeH vfNKIx7Y0WnEkGrRmXw SfVYr3x27ctXzykPZQH qC31JiuPrShRxQBTp5O SMpBnYlLGWZCf5mhOb3 0Lvysj6zrhcmOG25DUo o6MzHStgmr1jW3AFUlI Px5tLshYW2Qz3OfpKZG Kziaen3V8Um1wETpYt7 iUX4csaTrwqf6Cpzbyn ZU4OFqH2PfgLpEJVSG6 u6NmRbBjavFMC89JWQy 9NEzRHYaUiBb5GPSKWA CjAJ7W0LVI1qz3B5Oos eqi0fKTM2RdD6zkSAEr pWqv5bzYdQrxn3whCGt s8AWPE5NaizcVDYlfFp N5rjMo2s1ZAEJL6U4pv 3rkIDVhYGmRCoQbTuLF K6xJOLByQWIzDFvngbo GdpO4y3ZR5mzHVrDTN9 B9T7Ksodli4UERSnIqF FUz60V5Q7f34LuoyCvK J1VXRSak3EBr6AGsmz7 XBQSWe7pwDs2Ik8lnAv Ou5bfz3rmJwxCBhTatL wdEaysuC74BJzk6lPtZ CN1OwEHxoMR8mP7VXyj wdEaysuC74BJzk6lPtZ Ou5bfz3rmJwxCBhTatL XBQSWe7pwDs2Ik8lnAv J1VXRSak3EBr6AGsmz7 FUz60V5Q7f34LuoyCvK B9T7Ksodli4UERSnIqF GdpO4y3ZR5mzHVrDTN9 K6xJOLByQWIzDFvngbo 3rkIDVhYGmRCoQbTuLF N5rjMo2s1ZAEJL6U4pv s8AWPE5NaizcVDYlfFp pWqv5bzYdQrxn3whCGt eqi0fKTM2RdD6zkSAEr CjAJ7W0LVI1qz3B5Oos 9NEzRHYaUiBb5GPSKWA u6NmRbBjavFMC89JWQy ZU4OFqH2PfgLpEJVSG6 iUX4csaTrwqf6Cpzbyn Kziaen3V8Um1wETpYt7 Px5tLshYW2Qz3OfpKZG o6MzHStgmr1jW3AFUlI 0Lvysj6zrhcmOG25DUo SMpBnYlLGWZCf5mhOb3 qC31JiuPrShRxQBTp5O SfVYr3x27ctXzykPZQH vfNKIx7Y0WnEkGrRmXw Y4pFOJ6VP8bxu9lNyeH Kvu14SaZ9jRkNJd0BOs iEFbnXL3WCYzGIBsQyg 3eU0yIswmKxLq6Yg7Tu YPlLw8UTgi3t0zdEmRB 4bOB2s6KaRrTXkec7pC PpKhQs5muRVJYjkCGrO XMuchaoDbgs8v65ECIF BMxnoGrf91mOZwU8P3C uFkwq6pWAKVEXdDRGQb KtuJ8324zFfxhcgNUO0 8XNwOR4jem9hBP3VKuk 4RPkH7Dc2lSytIEjdvZ KJwAq0SmfUlOGo8Pbeh 8aKYx2SdqPRjFvi6yr4 bXmHFcCtVZPv4oxBweM IlfLurGFiMO9W3wUAXR OzSVlAJPB8pD7McueaG Nji35abpK0CTUSlWGuA TD1lnWQY5GcdEjtfVzs 8XdiGJQuvDq0O45cAa3 4WPDhRB2vq5G1CNxpiz sho45SEzbYFQpR1CwZm JcQAO3uxterl9IUwhKB 32iUhWwbaRQdpGN6CP9 TwZjBSskDY4E9OdRuXv UhV08bJKBApcNP4O7xl SWcTa048zDXHmAk67vq 3WN1qBmcvAExjdM6Gr7 SILZWArv6k7FcGhyeb5 JOjfABw83oFCiaXDvMs EtZy03uSNxdF1kcjeG7 OFnyj64xurghSV8Cz13 EwF5nLVG0tZTx9dWU1D VMPr01qNctRo2GspAdh ciYOlIwSpvHz3ybj2mV J6ComdZW9qLG5V7D2Qb vBQ8qjbgmCfZIxY2zJP LgX3GoqbTpRCdhOElKA jIi2sVXxaTR5vQNo6uH Jlkixpd2cLWGKCrVSmf 5Hz2glV7fhLTxX0iEyu 2SbQ735yxpaYRJGdLNt C7gXPVA3YZ2QWdsUkGx l8EFJZci17KdbnTx9Ch CrwBY4qKI0eOiAjtvzZ ZHjC78bVpocuktm5Mg9 ZzYyulPGeQEkJtvs8CW weiO89Us3SIvoaPtrB0 wJPGQIr4Njpk7Re6sbX LdUAKJjGy23PM8pSE0H NWGQdEXnhM5gUqcJ13T sOhbeTrPJkB5zIDlpEx 0l5Q4wHKrGTtYmko6uB ZyajO0zqmgFGd4PUlik mxbN18fatelypn20FLZ DZKQ08WnbkSIqz2rAm6 NXV1D2dbScZ4y9pUtqW sBNmdn0ScKeWHtTEw8G jJYuUdBbS0lLMAH6TNe ZbLed95SUxqPAVGltNu YdfrPxpi4hmXIq2Ss9c FhQNEw3VjK7YeUgT8rm M7vKqQH6U3sGneYpBmr AwxIeucriHjf27FhspG yWzqUasT3R6D74kKJru LKpfxPqdJvaI8C0We3z 2oDxBYX4AFTcdsuyjS7 ORVoYgr9pvTkjDEn3z1 SgEu94o85QKaBwRnUqk iYI8LowClq2xG0XWSdZ v8rJpjBE2GMRcaD7w4V PyJKts960QpjhTLD2OE 8CRHxDVKFZsYB6tMpik dLzEgnCZKowbF2kJImP qR1w8vWKJ9GTMoIVHEe N4xuWFlCoSegmctI20M ZDtoyidIR6aqQwg1rfL r7atW26zvHYEAjxZB5I 9k3KERBOiDm5tSLWTuV p39vLN8ZTmldOHc7FQq RZydCPMgeNYjxh8sAGI ZiPlEIqjAW0gpVoJsT6 tW8U5JQYoGLH1fxkDly XfrmtaWRUdFACN809yS 1pEvPaYSub2mW8eItUO JX3fUkTlirV92nytHdI IxZGeW9SUK2QcXf7aJs 81enwCUSxbBZOYdyVNm oXD0mSLKMYy5gjbW7s3 gkIdtam3XO0GhSfHMn2 oqS8bChDzaEOsTV2FZp Z67LKcAUNbXP0xGtue2 4LxtbrVK16vaZhMqPTf sP8cQuHBaxI7wkL0VTS p80UhzCbyXmZiGjNTVY SBXYtjvfK32xzIsAgbu XHfCu7qLi0aIveTUmlM HWsfzdlbC4SPwEuKhy7 qhxzpBY9Ge3TsiJDCRH 8k6dAwsMG4NnfBOevUL lVYgEuIbtUKZ9BpSWJh 4UQn5xAspDyPj87rKfe JQ7e620AfbYtkUHEPVo aGXM5NfbYTsxiSQvB3H H5W1Z0mh4LNI9BjDgp3 5Sgq2KH8U61EC0W3VNR uhaSszxK8v16PtwWV50 EyCHsSP5XZrQR0L23jf MKdyYb8tGeSZJfovuFX GpTdeJ4jlQkvCMFtiU8 6OhBRdtHjncfMpQmIAY mqAocERyYrzi36U5pTt 8dt5mq27eksALHIuQgh MxPw0tBF9auZHDR5NLg ZNKhdweXGfSnYqF6z1l fy9C21Rwu3n8IVYxbQS 45o0iUnaMRuHrILENSg ou7YpydAjD9Tzn0MSEv i1X8bBqcpaOv7PtxHzy UgK3PTASYB4QORlJ0bG 3pCXV1u4BYUgb80iSNL pdb3WuP0IFN8hwBkH69 srXSIvPOWTzJ7opbjGc VmTt9Ek3YP0ioL4huqK 3CAIMmiE7lgcFeBJnOx I6Srv8cPQsFqxiR2TGo N6tRZLkszQiJonDcCB3 Xg1vud0DImw24fbLhOt 9kAz3lcOVx7Yyjh45dQ BoC5LGxMcbUtv37KrT2 f0JPGEvKuMcqjgi5XlZ hSCJQcfq7GH0wKLZMIT H361sN2bytgnSrlFL8V lABR6kMjiTFNOJICevX UOJYNErnTlG5F1mQCZw 3vJrsYkiK0pXWohaF5j yfojKR4t2HQN6IZaeG9 ytaHPFEmwDcQ3oOhSAG f1VyRETclzY830eXJ2Q BGQrjmVCx8UKTnqa4Y2 sSIU0LhF3iBgWXqmEQk GYoLb7PsEtAWv056yRm Ii8bVsylOrdHhDkwu2R wtRf1nEDh4u0iWYsOVm kC0UP5yi37XTohZLezu pGtsClAKocBL74SudH0 ta6yde8CnSmqTiLhMbw 6uZMgYGQI7exhFzP58N qzXYHgVEnNiRQG7SaLp FPdVJhzL0QXGwcbKxes 59tMKRoCYOdJD4Igf8N VAqupUTJ93w46Ixk2LR dhXvUkRL28FGAxDyIYB DRs1litXOcAQoN2M5F8 5J0hvsL3DnmVMC2zwor 5bm8s6gOuPLxM2cIGXE pvKFVR9lnN1JTAzYwk5 AFb1IsaYEMdpOjguCzq rQfO86XIUiqbWE4azPs BS8iY9aPlgh1QqrIpVd ILEw3dp8bC7yilBnYuX NCitHRhmgX02L7OSpdJ KdmOqJzTZ14iH6NnR70 vAqeVFj5D16LXGB8gIh bCKdV7zvcx1wDkTaAEq Vg0kNJFdohWGvTLBXqH YwUVh34Ex8t6JsD0lOX YGXI1rZAFH5vM9hOLdu PAGrNvthUc84px5JbWS cFIs9wHJQY1qAmfKbLZ w4L9W3TiU2vmdEZozyC F2BrnySuqi5YIO0vcgW w4L9W3TiU2vmdEZozyC cFIs9wHJQY1qAmfKbLZ PAGrNvthUc84px5JbWS YGXI1rZAFH5vM9hOLdu YwUVh34Ex8t6JsD0lOX Vg0kNJFdohWGvTLBXqH bCKdV7zvcx1wDkTaAEq vAqeVFj5D16LXGB8gIh KdmOqJzTZ14iH6NnR70 NCitHRhmgX02L7OSpdJ ILEw3dp8bC7yilBnYuX BS8iY9aPlgh1QqrIpVd rQfO86XIUiqbWE4azPs AFb1IsaYEMdpOjguCzq pvKFVR9lnN1JTAzYwk5 5bm8s6gOuPLxM2cIGXE 5J0hvsL3DnmVMC2zwor DRs1litXOcAQoN2M5F8 dhXvUkRL28FGAxDyIYB VAqupUTJ93w46Ixk2LR 59tMKRoCYOdJD4Igf8N FPdVJhzL0QXGwcbKxes qzXYHgVEnNiRQG7SaLp 6uZMgYGQI7exhFzP58N ta6yde8CnSmqTiLhMbw pGtsClAKocBL74SudH0 kC0UP5yi37XTohZLezu wtRf1nEDh4u0iWYsOVm Ii8bVsylOrdHhDkwu2R GYoLb7PsEtAWv056yRm sSIU0LhF3iBgWXqmEQk BGQrjmVCx8UKTnqa4Y2 f1VyRETclzY830eXJ2Q ytaHPFEmwDcQ3oOhSAG yfojKR4t2HQN6IZaeG9 3vJrsYkiK0pXWohaF5j UOJYNErnTlG5F1mQCZw lABR6kMjiTFNOJICevX H361sN2bytgnSrlFL8V hSCJQcfq7GH0wKLZMIT f0JPGEvKuMcqjgi5XlZ BoC5LGxMcbUtv37KrT2 9kAz3lcOVx7Yyjh45dQ Xg1vud0DImw24fbLhOt N6tRZLkszQiJonDcCB3 I6Srv8cPQsFqxiR2TGo 3CAIMmiE7lgcFeBJnOx VmTt9Ek3YP0ioL4huqK srXSIvPOWTzJ7opbjGc pdb3WuP0IFN8hwBkH69 3pCXV1u4BYUgb80iSNL UgK3PTASYB4QORlJ0bG i1X8bBqcpaOv7PtxHzy ou7YpydAjD9Tzn0MSEv 45o0iUnaMRuHrILENSg fy9C21Rwu3n8IVYxbQS ZNKhdweXGfSnYqF6z1l MxPw0tBF9auZHDR5NLg 8dt5mq27eksALHIuQgh mqAocERyYrzi36U5pTt 6OhBRdtHjncfMpQmIAY GpTdeJ4jlQkvCMFtiU8 MKdyYb8tGeSZJfovuFX EyCHsSP5XZrQR0L23jf uhaSszxK8v16PtwWV50 5Sgq2KH8U61EC0W3VNR H5W1Z0mh4LNI9BjDgp3 aGXM5NfbYTsxiSQvB3H JQ7e620AfbYtkUHEPVo 4UQn5xAspDyPj87rKfe lVYgEuIbtUKZ9BpSWJh 8k6dAwsMG4NnfBOevUL qhxzpBY9Ge3TsiJDCRH HWsfzdlbC4SPwEuKhy7 XHfCu7qLi0aIveTUmlM SBXYtjvfK32xzIsAgbu p80UhzCbyXmZiGjNTVY sP8cQuHBaxI7wkL0VTS 4LxtbrVK16vaZhMqPTf Z67LKcAUNbXP0xGtue2 oqS8bChDzaEOsTV2FZp gkIdtam3XO0GhSfHMn2 oXD0mSLKMYy5gjbW7s3 81enwCUSxbBZOYdyVNm IxZGeW9SUK2QcXf7aJs JX3fUkTlirV92nytHdI 1pEvPaYSub2mW8eItUO XfrmtaWRUdFACN809yS tW8U5JQYoGLH1fxkDly ZiPlEIqjAW0gpVoJsT6 RZydCPMgeNYjxh8sAGI p39vLN8ZTmldOHc7FQq 9k3KERBOiDm5tSLWTuV r7atW26zvHYEAjxZB5I ZDtoyidIR6aqQwg1rfL N4xuWFlCoSegmctI20M qR1w8vWKJ9GTMoIVHEe dLzEgnCZKowbF2kJImP 8CRHxDVKFZsYB6tMpik PyJKts960QpjhTLD2OE v8rJpjBE2GMRcaD7w4V iYI8LowClq2xG0XWSdZ SgEu94o85QKaBwRnUqk ORVoYgr9pvTkjDEn3z1 2oDxBYX4AFTcdsuyjS7 LKpfxPqdJvaI8C0We3z yWzqUasT3R6D74kKJru AwxIeucriHjf27FhspG
100
AwxIeucriHjf27FhspG AwxIeucriHjf27FhspG
yWzqUasT3R6D74kKJru yWzqUasT3R6D74kKJru
LKpfxPqdJvaI8C0We3z LKpfxPqdJvaI8C0We3z
2oDxBYX4AFTcdsuyjS7 2oDxBYX4AFTcdsuyjS7
ORVoYgr9pvTkjDEn3z1 ORVoYgr9pvTkjDEn3z1
SgEu94o85QKaBwRnUqk SgEu94o85QKaBwRnUqk
iYI8LowClq2xG0XWSdZ iYI8LowClq2xG0XWSdZ
v8rJpjBE2GMRcaD7w4V v8rJpjBE2GMRcaD7w4V
PyJKts960QpjhTLD2OE PyJKts960QpjhTLD2OE
8CRHxDVKFZsYB6tMpik 8CRHxDVKFZsYB6tMpik
dLzEgnCZKowbF2kJImP dLzEgnCZKowbF2kJImP
qR1w8vWKJ9GTMoIVHEe qR1w8vWKJ9GTMoIVHEe
N4xuWFlCoSegmctI20M N4xuWFlCoSegmctI20M
ZDtoyidIR6aqQwg1rfL ZDtoyidIR6aqQwg1rfL
r7atW26zvHYEAjxZB5I r7atW26zvHYEAjxZB5I
9k3KERBOiDm5tSLWTuV 9k3KERBOiDm5tSLWTuV
p39vLN8ZTmldOHc7FQq p39vLN8ZTmldOHc7FQq
RZydCPMgeNYjxh8sAGI RZydCPMgeNYjxh8sAGI
ZiPlEIqjAW0gpVoJsT6 ZiPlEIqjAW0gpVoJsT6
tW8U5JQYoGLH1fxkDly tW8U5JQYoGLH1fxkDly
XfrmtaWRUdFACN809yS XfrmtaWRUdFACN809yS
1pEvPaYSub2mW8eItUO 1pEvPaYSub2mW8eItUO
JX3fUkTlirV92nytHdI JX3fUkTlirV92nytHdI
IxZGeW9SUK2QcXf7aJs IxZGeW9SUK2QcXf7aJs
81enwCUSxbBZOYdyVNm 81enwCUSxbBZOYdyVNm
oXD0mSLKMYy5gjbW7s3 oXD0mSLKMYy5gjbW7s3
gkIdtam3XO0GhSfHMn2 gkIdtam3XO0GhSfHMn2
oqS8bChDzaEOsTV2FZp oqS8bChDzaEOsTV2FZp
Z67LKcAUNbXP0xGtue2 Z67LKcAUNbXP0xGtue2
4LxtbrVK16vaZhMqPTf 4LxtbrVK16vaZhMqPTf
sP8cQuHBaxI7wkL0VTS sP8cQuHBaxI7wkL0VTS
p80UhzCbyXmZiGjNTVY p80UhzCbyXmZiGjNTVY
JOjfABw83oFCiaXDvMs JOjfABw83oFCiaXDvMs
SILZWArv6k7FcGhyeb5 SILZWArv6k7FcGhyeb5
3WN1qBmcvAExjdM6Gr7 3WN1qBmcvAExjdM6Gr7
SWcTa048zDXHmAk67vq SWcTa048zDXHmAk67vq
UhV08bJKBApcNP4O7xl UhV08bJKBApcNP4O7xl
TwZjBSskDY4E9OdRuXv TwZjBSskDY4E9OdRuXv
32iUhWwbaRQdpGN6CP9 32iUhWwbaRQdpGN6CP9
JcQAO3uxterl9IUwhKB JcQAO3uxterl9IUwhKB
sho45SEzbYFQpR1CwZm sho45SEzbYFQpR1CwZm
4WPDhRB2vq5G1CNxpiz 4WPDhRB2vq5G1CNxpiz
8XdiGJQuvDq0O45cAa3 8XdiGJQuvDq0O45cAa3
TD1lnWQY5GcdEjtfVzs TD1lnWQY5GcdEjtfVzs
Nji35abpK0CTUSlWGuA Nji35abpK0CTUSlWGuA
OzSVlAJPB8pD7McueaG OzSVlAJPB8pD7McueaG
IlfLurGFiMO9W3wUAXR IlfLurGFiMO9W3wUAXR
bXmHFcCtVZPv4oxBweM bXmHFcCtVZPv4oxBweM
8aKYx2SdqPRjFvi6yr4 8aKYx2SdqPRjFvi6yr4
KJwAq0SmfUlOGo8Pbeh KJwAq0SmfUlOGo8Pbeh
M7vKqQH6U3sGneYpBmr M7vKqQH6U3sGneYpBmr
FhQNEw3VjK7YeUgT8rm FhQNEw3VjK7YeUgT8rm
NWGQdEXnhM5gUqcJ13T NWGQdEXnhM5gUqcJ13T
LdUAKJjGy23PM8pSE0H LdUAKJjGy23PM8pSE0H
sOhbeTrPJkB5zIDlpEx sOhbeTrPJkB5zIDlpEx
wJPGQIr4Njpk7Re6sbX wJPGQIr4Njpk7Re6sbX
0l5Q4wHKrGTtYmko6uB 0l5Q4wHKrGTtYmko6uB
weiO89Us3SIvoaPtrB0 weiO89Us3SIvoaPtrB0
ZyajO0zqmgFGd4PUlik ZyajO0zqmgFGd4PUlik
kC0UP5yi37XTohZLezu kC0UP5yi37XTohZLezu
mxbN18fatelypn20FLZ mxbN18fatelypn20FLZ
DZKQ08WnbkSIqz2rAm6 DZKQ08WnbkSIqz2rAm6
NXV1D2dbScZ4y9pUtqW NXV1D2dbScZ4y9pUtqW
SBXYtjvfK32xzIsAgbu SBXYtjvfK32xzIsAgbu
EtZy03uSNxdF1kcjeG7 EtZy03uSNxdF1kcjeG7
XHfCu7qLi0aIveTUmlM XHfCu7qLi0aIveTUmlM
OFnyj64xurghSV8Cz13 OFnyj64xurghSV8Cz13
EyCHsSP5XZrQR0L23jf EyCHsSP5XZrQR0L23jf
EwF5nLVG0tZTx9dWU1D EwF5nLVG0tZTx9dWU1D
uhaSszxK8v16PtwWV50 uhaSszxK8v16PtwWV50
VMPr01qNctRo2GspAdh VMPr01qNctRo2GspAdh
5Sgq2KH8U61EC0W3VNR 5Sgq2KH8U61EC0W3VNR
ciYOlIwSpvHz3ybj2mV ciYOlIwSpvHz3ybj2mV
eqi0fKTM2RdD6zkSAEr eqi0fKTM2RdD6zkSAEr
J6ComdZW9qLG5V7D2Qb J6ComdZW9qLG5V7D2Qb
pdb3WuP0IFN8hwBkH69 pdb3WuP0IFN8hwBkH69
vBQ8qjbgmCfZIxY2zJP vBQ8qjbgmCfZIxY2zJP
srXSIvPOWTzJ7opbjGc srXSIvPOWTzJ7opbjGc
LgX3GoqbTpRCdhOElKA LgX3GoqbTpRCdhOElKA
VmTt9Ek3YP0ioL4huqK VmTt9Ek3YP0ioL4huqK
jIi2sVXxaTR5vQNo6uH jIi2sVXxaTR5vQNo6uH
GpTdeJ4jlQkvCMFtiU8 GpTdeJ4jlQkvCMFtiU8
Jlkixpd2cLWGKCrVSmf Jlkixpd2cLWGKCrVSmf
mqAocERyYrzi36U5pTt mqAocERyYrzi36U5pTt
5Hz2glV7fhLTxX0iEyu 5Hz2glV7fhLTxX0iEyu
2SbQ735yxpaYRJGdLNt 2SbQ735yxpaYRJGdLNt
4RPkH7Dc2lSytIEjdvZ 4RPkH7Dc2lSytIEjdvZ
C7gXPVA3YZ2QWdsUkGx C7gXPVA3YZ2QWdsUkGx
8XNwOR4jem9hBP3VKuk 8XNwOR4jem9hBP3VKuk
ou7YpydAjD9Tzn0MSEv ou7YpydAjD9Tzn0MSEv
KtuJ8324zFfxhcgNUO0 KtuJ8324zFfxhcgNUO0
J1VXRSak3EBr6AGsmz7 J1VXRSak3EBr6AGsmz7
uFkwq6pWAKVEXdDRGQb uFkwq6pWAKVEXdDRGQb
XBQSWe7pwDs2Ik8lnAv XBQSWe7pwDs2Ik8lnAv
BMxnoGrf91mOZwU8P3C BMxnoGrf91mOZwU8P3C
Ou5bfz3rmJwxCBhTatL Ou5bfz3rmJwxCBhTatL
XMuchaoDbgs8v65ECIF XMuchaoDbgs8v65ECIF
wdEaysuC74BJzk6lPtZ wdEaysuC74BJzk6lPtZ
BS8iY9aPlgh1QqrIpVd BS8iY9aPlgh1QqrIpVd
CN1OwEHxoMR8mP7VXyj CN1OwEHxoMR8mP7VXyj
