0 6 5 15 28 10 26 38 34 59 12 96 50 64 24 84 67 36 88 56 14 35 42 19 62 44 39 27 46 58 100 101 104 105 108 109 112 113 116 117 120 121 124 125 128 129 132 133 136 137 140 141 142 146 147 148 152 153 154 158 159 160 164 165 166 170 171 172 176 177 178 182 183 184 188 189 190 194 195 196 195 194 190 189 188 184 183 182 178 177 176 172 171 170 166 165 164 160 159 158 154 153 152 148 147 146 142 141 140 137 136 133 132 129 128 125 124 121 120 117 116 113 112 109 108 105 104 101 100 58 46 27 39 44 62 19 42 35 14 56 88 36 67 84 24 64 50 96 12 59 34 38 26 10 28 15 5 6 0 11 57 95 55 37 76 75 86 32 3 68 80 53 31 8 87 20 29 47 85 97 93 79 48 51 69 7 1 33 4 77 13 41 66 49 25 23 21 43 73 60 63 2 40 74 90 45 81 70 83 89 99 61 52 92 65 98 22 72 54 30 91 71 94 82 78 16 17 9 18 102 103 106 107 110 111 114 115 118 119 122 123 126 127 130 131 134 135 138 139 143 144 145 149 150 151 155 156 157 161 162 163 167 168 169 173 174 175 179 180 181 185 186 187 191 192 193 197 198 199 198 197 193 192 191 187 186 185 181 180 179 175 174 173 169 168 167 163 162 161 157 156 155 151 150 149 145 144 143 139 138 135 134 131 130 127 126 123 122 119 118 115 114 111 110 107 106 103 102 18 9 17 16 78 82 94 71 91 30 54 72 22 98 65 92 52 61 99 89 83 70 81 45 90 74 40 2 63 60 73 43 21 23 25 49 66 41 13 77 4 33 1 7 69 51 48 79 93 97 85 47 29 20 87 8 31 53 80 68 3 32 86 75 76 37 55 95 57 11 0
100
100 100
101 101
102 102
103 103
104 104
105 105
106 106
107 107
108 108
109 109
110 110
111 111
112 112
113 113
114 114
115 115
116 116
117 117
118 118
119 119
120 120
121 121
122 122
123 123
124 124
125 125
126 126
127 127
128 128
129 129
130 130
131 131
132 132
133 133
134 134
135 135
136 136
137 137
138 138
139 139
140 140
141 141
142 142
143 143
144 144
145 145
146 146
147 147
148 148
149 149
150 150
151 151
152 152
153 153
154 154
155 155
156 156
157 157
158 158
159 159
160 160
161 161
162 162
163 163
164 164
165 165
166 166
167 167
168 168
169 169
170 170
171 171
172 172
173 173
174 174
175 175
176 176
177 177
178 178
179 179
180 180
181 181
182 182
183 183
184 184
185 185
186 186
187 187
188 188
189 189
190 190
191 191
192 192
193 193
194 194
195 195
196 196
197 197
198 198
199 199
