0 15 7 24 26 1 22 37 40 21 27 47 36 10 2 4 30 11 28 18 42 50 51 52 53 54 55 56 57 58 59 60 61 62 63 64 65 66 67 68 69 70 71 72 73 74 75 76 77 78 79 80 81 82 83 84 88 89 90 94 95 96 95 94 90 89 88 84 83 82 81 80 79 78 77 76 75 74 73 72 71 70 69 68 67 66 65 64 63 62 61 60 59 58 57 56 55 54 53 52 51 50 42 18 28 11 30 4 2 10 36 47 27 21 40 37 22 1 26 24 7 15 0 16 3 35 33 45 43 6 38 8 41 29 44 12 20 31 39 23 13 9 32 17 19 25 34 14 48 46 5 49 85 86 87 91 92 93 97 98 99 98 97 93 92 91 87 86 85 49 5 46 48 14 34 25 19 17 32 9 13 23 39 31 20 12 44 29 41 8 38 6 43 45 33 35 3 16 0
50
50 50
51 51
52 52
53 53
54 54
55 55
56 56
57 57
58 58
59 59
60 60
61 61
62 62
63 63
64 64
65 65
66 66
67 67
68 68
69 69
70 70
71 71
72 72
73 73
74 74
75 75
76 76
77 77
78 78
79 79
80 80
81 81
82 82
83 83
84 84
85 85
86 86
87 87
88 88
89 89
90 90
91 91
92 92
93 93
94 94
95 95
96 96
97 97
98 98
99 99
