0 3 1 6 8 2 13 11 16 17 104 189 179 124 159 149 169 114 194 199 52 51 48 46 43 38 41 42 186 77 76 73 68 61 58 32 31 26 23 28 33 36 37 35 185 69 84 19 59 14 39 134 139 175 154 148 145 7 146 147 153 156 157 158 152 151 122 121 118 116 113 112 111 92 91 87 86 88 93 62 195 197 196 12 66 67 123 126 127 128 125 190 5 170 94 155 120 47 183 188 193 188 183 47 120 155 94 170 5 190 125 128 127 126 123 67 66 12 196 197 195 62 93 88 86 87 91 92 111 112 113 116 118 121 122 151 152 158 157 156 153 147 146 7 145 148 154 175 139 134 39 14 59 19 84 69 185 35 37 36 33 28 23 26 31 32 58 61 68 73 76 77 186 42 41 38 43 46 48 51 52 199 194 114 169 149 159 124 179 189 104 17 16 11 13 2 8 6 1 3 0 75 4 30 29 174 184 164 144 140 54 74 85 135 130 99 105 44 110 57 56 53 50 60 63 71 72 129 119 109 115 80 83 78 81 82 108 102 106 107 103 101 96 98 95 40 70 55 10 45 90 150 20 22 21 18 15 100 165 65 27 25 9 24 49 34 89 79 64 180 167 166 117 168 161 162 160 137 136 133 131 132 141 142 138 143 97 163 171 172 173 176 177 178 181 182 187 191 192 198 192 191 187 182 181 178 177 176 173 172 171 163 97 143 138 142 141 132 131 133 136 137 160 162 161 168 117 166 167 180 64 79 89 34 49 24 9 25 27 65 165 100 15 18 21 22 20 150 90 45 10 55 70 40 95 98 96 101 103 107 106 102 108 82 81 78 83 80 115 109 119 129 72 71 63 60 50 53 56 57 110 44 105 99 130 135 85 74 54 140 144 164 184 174 29 30 4 75 0
100
27 27
66 66
68 68
192 192
122 122
3 3
134 134
124 124
15 15
37 37
91 91
82 82
16 16
186 186
104 104
13 13
180 180
38 38
131 131
116 116
36 36
132 132
136 136
17 17
64 64
2 2
139 139
166 166
25 25
102 102
65 65
141 141
55 55
184 184
149 149
47 47
97 97
43 43
145 145
172 172
99 99
57 57
12 12
100 100
148 148
181 181
95 95
28 28
113 113
114 114
128 128
35 35
179 179
94 94
92 92
87 87
20 20
142 142
105 105
182 182
108 108
54 54
152 152
154 154
138 138
159 159
101 101
110 110
67 67
183 183
118 118
74 74
78 78
39 39
69 69
161 161
133 133
160 160
32 32
42 42
44 44
120 120
123 123
52 52
72 72
189 189
56 56
11 11
135 135
125 125
168 168
30 30
129 129
41 41
144 144
187 187
197 197
79 79
58 58
195 195
