0 70 10 13 16 18 21 23 26 27 36 33 28 31 32 68 72 71 7 6 2 90 84 44 24 4 30 9 39 80 49 89 19 45 60 54 14 55 58 42 40 43 41 46 48 51 52 98 22 74 59 29 94 99 64 17 38 35 37 88 47 53 56 57 61 62 63 66 67 96 97 95 5 85 69 79 34 50 25 65 20 15 75 77 76 73 78 83 91 92 91 83 78 73 76 77 75 15 20 65 25 50 34 79 69 85 5 95 97 96 67 66 63 62 61 57 56 53 47 88 37 35 38 17 64 99 94 29 59 74 22 98 52 51 48 46 41 43 40 42 58 55 14 54 60 45 19 89 49 80 39 9 30 4 24 44 84 90 2 6 7 71 72 68 32 31 28 33 36 27 26 23 21 18 16 13 10 70 0 3 1 8 11 12 81 82 86 87 93 87 86 82 81 12 11 8 1 3 0
50
84 84
82 82
86 86
80 80
63 63
88 88
8 8
60 60
44 44
5 5
23 23
31 31
97 97
51 51
33 33
29 29
54 54
40 40
20 20
65 65
99 99
48 48
46 46
79 79
55 55
58 58
81 81
13 13
11 11
32 32
83 83
89 89
16 16
90 90
85 85
71 71
18 18
39 39
67 67
92 92
42 42
52 52
76 76
57 57
28 28
37 37
68 68
4 4
49 49
94 94
