85 43 67 35 6 65 0 24 81 86 32 31 12 16 83 38 63 72 11 36 28 18 57 19 50 74 30 93 10 51 82 87 88 62 90 17 95 56 99 89 79 58 77 80 48 52 34 13 4 69 75 9 64 97 78 46 39 37 49 73 15 84 7 21 76 40 55 14 45 53 42 92 25 23 2 1 5 26 94 26 5 1 2 23 25 92 42 53 45 14 55 40 76 21 7 84 15 73 49 37 39 46 78 97 64 9 75 69 4 13 34 52 48 80 77 58 79 89 99 56 95 17 90 62 88 87 82 51 10 93 30 74 50 19 57 18 28 36 11 72 63 38 83 16 12 31 32 86 81 24 0 65 6 35 67 43 85 54 61 8 44 91 33 71 66 60 96 20 27 59 68 70 22 41 47 3 29 98 29 3 47 41 22 70 68 59 27 20 96 60 66 71 33 91 44 8 61 54 85
50
0 0
1 1
7 7
8 8
11 11
13 13
15 15
16 16
17 17
22 22
23 23
27 27
28 28
31 31
34 34
35 35
37 37
38 38
43 43
44 44
45 45
46 46
47 47
48 48
50 50
51 51
52 52
53 53
54 54
55 55
56 56
57 57
64 64
68 68
69 69
71 71
76 76
77 77
79 79
80 80
81 81
86 86
87 87
91 91
92 92
93 93
94 94
96 96
98 98
99 99
