99 176 8 135 101 88 29 129 28 102 58 22 52 122 48 105 103 154 149 192 71 112 62 73 72 126 81 158 93 94 147 163 136 114 23 180 179 171 120 119 196 47 91 42 13 66 43 56 189 190 16 97 138 30 77 140 20 153 172 157 96 132 64 165 191 17 109 92 46 70 156 142 193 27 116 173 69 100 57 10 49 125 90 3 167 76 161 123 38 25 1 12 139 33 89 131 159 106 108 168 197 9 107 117 187 170 60 63 194 40 2 143 183 143 2 40 194 63 60 170 187 117 107 9 197 168 108 106 159 131 89 33 139 12 1 25 38 123 161 76 167 3 90 125 49 10 57 100 69 173 116 27 193 142 156 70 46 92 109 17 191 165 64 132 96 157 172 153 20 140 77 30 138 97 16 190 189 56 43 66 13 42 91 47 196 119 120 171 179 180 23 114 136 163 147 94 93 158 81 126 72 73 62 112 71 192 149 154 103 105 48 122 52 22 58 102 28 129 29 88 101 135 8 176 99 67 184 19 146 86 181 111 87 82 31 104 130 195 160 84 166 74 34 188 175 15 36 155 110 151 6 75 79 178 14 35 145 115 98 32 152 39 199 26 198 4 118 68 182 5 65 78 21 148 113 51 61 54 83 37 53 177 0 162 55 144 169 141 124 133 59 7 18 121 41 45 185 137 150 134 44 127 85 174 11 80 128 164 95 24 50 186 50 24 95 164 128 80 11 174 85 127 44 134 150 137 185 45 41 121 18 7 59 133 124 141 169 144 55 162 0 177 53 37 83 54 61 51 113 148 21 78 65 5 182 68 118 4 198 26 199 39 152 32 98 115 145 35 14 178 79 75 6 151 110 155 36 15 175 188 34 74 166 84 160 195 130 104 31 82 87 111 181 86 146 19 184 67 99
100
0 0
1 1
4 4
5 5
8 8
9 9
10 10
12 12
15 15
17 17
18 18
20 20
22 22
24 24
25 25
26 26
27 27
28 28
30 30
33 33
34 34
35 35
39 39
40 40
41 41
42 42
47 47
51 51
53 53
55 55
56 56
59 59
61 61
63 63
66 66
68 68
70 70
73 73
75 75
78 78
80 80
82 82
83 83
88 88
90 90
92 92
94 94
97 97
98 98
99 99
100 100
102 102
103 103
106 106
111 111
112 112
114 114
117 117
119 119
122 122
123 123
124 124
125 125
126 126
127 127
130 130
131 131
132 132
142 142
146 146
148 148
149 149
150 150
151 151
155 155
158 158
160 160
161 161
163 163
164 164
165 165
166 166
167 167
168 168
169 169
170 170
171 171
172 172
173 173
174 174
178 178
180 180
181 181
183 183
184 184
185 185
186 186
188 188
190 190
192 192
