81 175 152 192 17 190 106 199 10 178 86 196 146 23 58 54 84 163 131 22 6 162 134 149 76 46 120 83 125 62 147 119 20 198 96 180 182 128 139 116 70 109 71 52 150 193 148 53 176 33 72 168 195 50 61 64 11 29 188 2 38 103 77 102 174 90 129 74 165 5 34 78 101 30 36 189 26 37 122 170 19 97 132 15 133 15 132 97 19 170 122 37 26 189 36 30 101 78 34 5 165 74 129 90 174 102 77 103 38 2 188 29 11 64 61 50 195 168 72 33 176 53 148 193 150 52 71 109 70 116 139 128 182 180 96 198 20 119 147 62 125 83 120 46 76 149 134 162 6 22 131 163 84 54 58 23 146 196 86 178 10 199 106 190 17 192 152 175 81 48 75 105 187 143 60 197 183 7 63 181 57 32 45 114 166 164 79 115 161 100 73 185 159 1 124 51 156 80 12 121 194 18 91 27 118 39 108 16 67 177 69 173 40 3 126 167 56 153 98 110 130 155 135 171 68 88 8 191 93 160 179 59 127 92 14 24 104 200 31 169 49 138 172 44 21 111 123 25 66 184 28 137 89 145 158 140 95 157 87 13 35 136 85 117 144 99 94 151 47 154 141 142 4 112 41 55 43 9 107 113 42 65 82 186 82 65 42 113 107 9 43 55 41 112 4 142 141 154 47 151 94 99 144 117 85 136 35 13 87 157 95 140 158 145 89 137 28 184 66 25 123 111 21 44 172 138 49 169 31 200 104 24 14 92 127 59 179 160 93 191 8 88 68 171 135 155 130 110 98 153 56 167 126 3 40 173 69 177 67 16 108 39 118 27 91 18 194 121 12 80 156 51 124 1 159 185 73 100 161 115 79 164 166 114 45 32 57 181 63 7 183 197 60 143 187 105 75 48 81
100
92 92
153 153
35 35
76 76
86 86
135 135
195 195
199 199
183 183
161 161
180 180
107 107
124 124
85 85
87 87
9 9
191 191
77 77
8 8
57 57
42 42
167 167
70 70
109 109
188 188
52 52
49 49
71 71
130 130
196 196
36 36
93 93
90 90
34 34
166 166
184 184
97 97
56 56
121 121
20 20
88 88
108 108
132 132
58 58
154 154
95 95
81 81
18 18
23 23
14 14
78 78
115 115
179 179
89 89
103 103
53 53
80 80
12 12
48 48
182 182
1 1
127 127
45 45
84 84
33 33
123 123
164 164
17 17
162 162
138 138
64 64
59 59
198 198
170 170
165 165
141 141
125 125
158 158
46 46
178 178
156 156
100 100
65 65
117 117
126 126
96 96
74 74
150 150
69 69
197 197
189 189
200 200
41 41
152 152
27 27
16 16
145 145
24 24
159 159
43 43
