63 76 12 19 62 42 26 35 79 52 71 39 45 96 78 23 10 75 8 40 56 16 64 50 30 49 38 28 58 59 18 27 1 55 98 48 65 14 53 90 82 3 17 41 11 94 6 84 91 47 24 92 9 87 36 13 46 70 77 80 72 5 69 20 31 73 57 60 2 29 95 74 21 99 34 22 61 81 54 7 43 68 83 66 93 25 33 44 89 88 89 44 33 25 93 66 83 68 43 7 54 81 61 22 34 99 21 74 95 29 2 60 57 73 31 20 69 5 72 80 77 70 46 13 36 87 9 92 24 47 91 84 6 94 11 41 17 3 82 90 53 14 65 48 98 55 1 27 18 59 58 28 38 49 30 50 64 16 56 40 8 75 10 23 78 96 45 39 71 52 79 35 26 42 62 19 12 76 63 37 15 51 67 86 85 97 32 4 100 4 32 97 85 86 67 51 15 37 63
50
27 27
81 81
69 69
36 36
93 93
17 17
64 64
59 59
48 48
70 70
65 65
50 50
14 14
34 34
35 35
38 38
53 53
83 83
74 74
43 43
78 78
97 97
24 24
72 72
12 12
58 58
67 67
11 11
52 52
89 89
45 45
23 23
86 86
4 4
37 37
47 47
19 19
33 33
87 87
18 18
3 3
21 21
15 15
63 63
80 80
9 9
71 71
99 99
20 20
85 85
