10 22 26 25 31 23 21 24 18 17 16 4 1 3 27 5 2 44 46 48 45 47 49 20 0 19 30 28 41 42 43 35 34 8 9 6 7 33 32 40 36 39 38 37 12 14 11 13 29 15 29 13 11 14 12 37 38 39 36 40 32 33 7 6 9 8 34 35 43 42 41 28 30 19 0 20 49 47 45 48 46 44 2 5 27 3 1 4 16 17 18 24 21 23 31 25 26 22 10 50 87 86 85 84 83 82 81 80 79 78 77 76 75 74 73 72 71 70 69 68 67 66 65 64 63 62 61 99 98 94 95 96 60 97 59 58 57 56 93 92 88 89 90 55 91 54 53 52 51 52 53 54 91 55 90 89 88 92 93 56 57 58 59 97 60 96 95 94 98 99 61 62 63 64 65 66 67 68 69 70 71 72 73 74 75 76 77 78 79 80 81 82 83 84 85 86 87 50 10
47
1 1
2 2
3 3
5 5
6 6
7 7
8 8
11 11
12 12
15 15
21 21
22 22
23 23
25 25
29 29
32 32
34 34
35 35
36 36
37 37
38 38
39 39
41 41
42 42
43 43
51 51
52 52
53 53
54 54
56 56
57 57
58 58
59 59
61 61
62 62
84 84
85 85
86 86
87 87
90 90
91 91
92 92
93 93
96 96
97 97
98 98
99 99
