0 4 12 52 54 41 71 82 86 39 35 74 65 17 59 88 33 19 14 40 75 36 91 62 37 61 81 43 5 23 95 89 76 15 58 45 83 18 38 44 66 84 60 50 93 68 1 78 8 51 10 25 80 63 96 31 21 73 70 20 3 55 47 11 67 57 97 64 29 24 27 24 29 64 97 57 67 11 47 55 3 20 70 73 21 31 96 63 80 25 10 51 8 78 1 68 93 50 60 84 66 44 38 18 83 45 58 15 76 89 95 23 5 43 81 61 37 62 91 36 75 40 14 19 33 88 59 17 65 74 35 39 86 82 71 41 54 52 12 4 0 49 2 48 22 72 99 85 90 30 79 87 16 46 7 6 69 34 42 94 92 56 77 13 26 98 53 32 9 28 9 32 53 98 26 13 77 56 92 94 42 34 69 6 7 46 16 87 79 30 90 85 99 72 22 48 2 49 0
50
1 1
2 2
3 3
4 4
5 5
6 6
7 7
8 8
9 9
10 10
11 11
12 12
13 13
14 14
15 15
16 16
17 17
18 18
19 19
20 20
21 21
22 22
23 23
24 24
25 25
26 26
27 27
28 28
29 29
30 30
31 31
32 32
33 33
34 34
35 35
36 36
37 37
38 38
39 39
40 40
41 41
42 42
43 43
44 44
45 45
46 46
47 47
48 48
49 49
50 50
