0 127 109 187 180 115 51 189 60 23 65 125 181 7 108 45 161 89 152 17 106 120 30 121 68 186 195 150 75 101 26 69 40 148 59 174 34 166 197 85 16 193 144 119 73 122 179 175 114 167 14 173 136 52 107 160 117 79 169 143 154 90 168 12 184 113 135 82 135 113 184 12 168 90 154 143 169 79 117 160 107 52 136 173 14 167 114 175 179 122 73 119 144 193 16 85 197 166 34 174 59 148 40 69 26 101 75 150 195 186 68 121 30 120 106 17 152 89 161 45 108 7 181 125 65 23 60 189 51 115 180 187 109 127 0 91 105 47 37 74 43 2 196 80 131 81 98 61 88 8 72 29 86 99 78 103 126 15 25 67 19 146 64 11 1 151 142 20 35 56 199 102 192 57 58 3 170 153 198 140 9 39 162 133 27 49 53 129 194 83 10 93 191 95 132 165 130 66 4 32 118 92 104 24 139 63 159 138 164 188 147 50 183 22 172 77 36 41 128 156 110 182 123 42 28 76 33 44 176 97 31 55 134 171 13 21 71 116 141 178 157 96 6 112 158 84 163 54 149 177 18 185 48 111 100 124 137 190 94 70 62 5 87 155 46 38 145 38 46 155 87 5 62 70 94 190 137 124 100 111 48 185 18 177 149 54 163 84 158 112 6 96 157 178 141 116 71 21 13 171 134 55 31 97 176 44 33 76 28 42 123 182 110 156 128 41 36 77 172 22 183 50 147 188 164 138 159 63 139 24 104 92 118 32 4 66 130 165 132 95 191 93 10 83 194 129 53 49 27 133 162 39 9 140 198 153 170 3 58 57 192 102 199 56 35 20 142 151 1 11 64 146 19 67 25 15 126 103 78 99 86 29 72 8 88 61 98 81 131 80 196 2 43 74 37 47 105 91 0
100
1 1
2 2
3 3
4 4
5 5
6 6
7 7
8 8
9 9
10 10
11 11
12 12
13 13
14 14
15 15
16 16
17 17
18 18
19 19
20 20
21 21
22 22
23 23
24 24
25 25
26 26
27 27
28 28
29 29
30 30
31 31
32 32
33 33
34 34
35 35
36 36
37 37
38 38
39 39
40 40
41 41
42 42
43 43
44 44
45 45
46 46
47 47
48 48
49 49
50 50
51 51
52 52
53 53
54 54
55 55
56 56
57 57
58 58
59 59
60 60
61 61
62 62
63 63
64 64
65 65
66 66
67 67
68 68
69 69
70 70
71 71
72 72
73 73
74 74
75 75
76 76
77 77
78 78
79 79
80 80
81 81
82 82
83 83
84 84
85 85
86 86
87 87
88 88
89 89
90 90
91 91
92 92
93 93
94 94
95 95
96 96
97 97
98 98
99 99
100 100
