Soda A C E G I L K M O Q S U Y AA AC AE AH AG AI AK AM AO AQ AU AW AY BA BD BC BE BG BI BK BM BQ BS BU BW BU BS BQ BM BK BI BG BE BC BD BA AY AW AU AQ AO AM AK AI AG AH AE AC AA Y U S Q O M K L I G E C A Soda B D F H J N P R T W V X Z AB AD AF AJ AL AN AP AS AR AT AV AX AZ BB BF BH BJ BL BO BN BP BR BT BV BX BV BT BR BP BN BO BL BJ BH BF BB AZ AX AV AT AR AS AP AN AL AJ AF AD AB Z X V W T R P N J H F D B Soda
38
A A
B B
C C
D D
E E
F F
G G
H H
I I
J J
L L
M M
N N
O O
P P
Q Q
R R
S S
T T
U U
W W
X X
Y Y
Z Z
AA AA
AB AB
AC AC
AD AD
AE AE
AF AF
AH AH
AI AI
AJ AJ
AK AK
AL AL
AM AM
AN AN
AO AO
