99 89 15 92 13 0 52 10 14 66 71 53 51 39 7 21 54 48 22 26 56 24 12 11 27 62 63 1 57 80 97 74 16 3 16 74 97 80 57 1 63 62 27 11 12 24 56 26 22 48 54 21 7 39 51 53 71 66 14 10 52 0 13 92 15 89 99 88 59 94 79 75 87 85 35 95 34 72 77 78 46 98 93 37 32 49 44 9 73 91 76 58 61 38 69 2 8 19 31 42 84 40 5 28 29 4 33 41 50 70 47 25 81 18 55 83 17 60 68 86 23 67 82 90 6 96 65 43 64 45 30 20 36 20 30 45 64 43 65 96 6 90 82 67 23 86 68 60 17 83 55 18 81 25 47 70 50 41 33 4 29 28 5 40 84 42 31 19 8 2 69 38 61 58 76 91 73 9 44 49 32 37 93 98 46 78 77 72 34 95 35 85 87 75 79 94 59 88 99
50
0 0
1 1
2 2
3 3
4 4
5 5
6 6
7 7
8 8
9 9
10 10
11 11
12 12
13 13
14 14
15 15
16 16
17 17
18 18
19 19
20 20
21 21
22 22
23 23
24 24
25 25
26 26
27 27
28 28
29 29
30 30
31 31
32 32
33 33
34 34
35 35
36 36
37 37
38 38
39 39
40 40
41 41
42 42
43 43
44 44
45 45
46 46
47 47
48 48
49 49
