0 1 2 3 4 5 6 7 8 9 12 11 14 13 16 15 18 17 19 20 21 22 32 43 42 41 40 39 37 38 33 118 117 116 112 ViksNode 107 108 105 106 124 123 122 121 122 123 124 106 105 108 107 ViksNode 112 116 117 118 33 38 37 39 40 41 42 43 32 22 21 20 19 17 18 15 16 13 14 11 12 9 8 7 6 5 4 3 2 1 0 10 31 25 23 24 26 29 30 28 27 35 34 36 48 45 44 46 47 87 88 77 78 79 80 81 83 86 85 84 90 82 74 76 75 63 62 64 73 72 65 71 70 66 67 68 69 53 51 49 50 52 57 56 55 54 58 61 60 59 89 91 94 92 93 95 97 120 114 115 113 119 96 99 100 98 103 102 101 104 110 111 109 125 126 127 128 129 130 129 128 127 126 125 109 111 110 104 101 102 103 98 100 99 96 119 113 115 114 120 97 95 93 92 94 91 89 59 60 61 58 54 55 56 57 52 50 49 51 53 69 68 67 66 70 71 65 72 73 64 62 63 75 76 74 82 90 84 85 86 83 81 80 79 78 77 88 87 47 46 44 45 48 36 34 35 27 28 30 29 26 24 23 25 31 10 0
45
3 3
4 4
7 7
8 8
10 10
13 13
15 15
18 18
19 19
20 20
21 21
25 25
27 27
30 30
35 35
36 36
37 37
42 42
43 43
47 47
48 48
53 53
55 55
56 56
59 59
60 60
63 63
70 70
71 71
73 73
74 74
78 78
80 80
86 86
94 94
130 130
99 99
121 121
123 123
104 104
106 106
113 113
114 114
108 108
117 117
