0 10 31 25 23 24 26 29 30 28 27 33 38 37 39 40 41 42 43 50 49 51 53 69 68 67 66 70 71 65 72 76 75 63 62 64 73 55 54 52 57 56 58 61 60 59 89 59 60 61 58 56 57 52 54 55 73 64 62 63 75 76 72 65 71 70 66 67 68 69 53 51 49 50 43 42 41 40 39 37 38 33 27 28 30 29 26 24 23 25 31 10 0 1 2 3 4 5 6 7 8 9 12 11 14 13 16 15 18 17 19 20 21 22 32 35 34 36 48 45 44 46 47 87 74 82 90 84 85 86 83 81 80 79 78 77 88 91 88 77 78 79 80 81 83 86 85 84 90 82 74 87 47 46 44 45 48 36 34 35 32 22 21 20 19 17 18 15 16 13 14 11 12 9 8 7 6 5 4 3 2 1 0
34
3 3
4 4
7 7
8 8
10 10
13 13
15 15
18 18
19 19
20 20
21 21
25 25
27 27
30 30
35 35
36 36
37 37
42 42
43 43
47 47
48 48
53 53
55 55
56 56
59 59
60 60
63 63
70 70
71 71
73 73
74 74
78 78
80 80
86 86
