yZx4F8OpIk5Ar2sBMJAx O0o0dsnizntbY4XTBc6U 3Nm0UHOvSd34D8rM2yZH zXytU8JEQ4DXd0b8k0xu Kfp9FANmk4ssEoL1cMm0 j6jfX0BSBKdiymevadhL KdV5bt367BMwPhG3obI3 j8a5XYXH6AK0uHrNRime BiRrnnrx5JOsn416i8Ay 73lJNME3ed7CVENNhT28 JJferyIpT4R55BIN93bf xfBJiQuas9xv3hIOUe8o bgjTCRWT0daVlg0oTZuF Inoe9G8z2rKt9ExKxFhC t3p35rQwuMfICpxwBTRV MjcrC2MkSyccg6AM7KMW YCHj3zwS8C1T4iIu3mub DcSTxOIrGBCA1ofmh1Ax jNwxb36aecxF5XD0TZsi a37twrOQlX8ckvFplsbJ 7CGzOuRZKgL5gDBkIvbd 3iE4IApcSktKRl2GtSrk Zauo7Svp8sg2NRSQA9LS SxhNwhmBZW56skeskoXT uwJup2WiLVChmnkelhR8 UOpTUdRPdo3iSH1YUYbS BZsQtDdUez4tRoWxvdSR c2xoK29xdkQaHgutY5NS Jl9fGpEEaLR4lmSJYVKz bSPdwFdSvkSaDMkIhhIm evP9W9Sp0JotOHAnvl9E 2GGOgT8kgyBmX858M38j 5r3y5ay8x9ziAFT7j2sD Z5A3tROaNW2mCwf9Mwns Jn3m6dkxcdxrs3nZhgmu 0jgipIrBRNs0kV2NH91o p1HQ9bUXYQS3CJ4AN6us k4TDiYyIyLOxd2S09stN hCu50otWd5xV17Ex0c3a xjrY90FEcI7klV7sjO39 4vVzhXxSoe23m0D4crAQ xjrY90FEcI7klV7sjO39 hCu50otWd5xV17Ex0c3a k4TDiYyIyLOxd2S09stN p1HQ9bUXYQS3CJ4AN6us 0jgipIrBRNs0kV2NH91o Jn3m6dkxcdxrs3nZhgmu Z5A3tROaNW2mCwf9Mwns 5r3y5ay8x9ziAFT7j2sD 2GGOgT8kgyBmX858M38j evP9W9Sp0JotOHAnvl9E bSPdwFdSvkSaDMkIhhIm Jl9fGpEEaLR4lmSJYVKz c2xoK29xdkQaHgutY5NS BZsQtDdUez4tRoWxvdSR UOpTUdRPdo3iSH1YUYbS uwJup2WiLVChmnkelhR8 SxhNwhmBZW56skeskoXT Zauo7Svp8sg2NRSQA9LS 3iE4IApcSktKRl2GtSrk 7CGzOuRZKgL5gDBkIvbd a37twrOQlX8ckvFplsbJ jNwxb36aecxF5XD0TZsi DcSTxOIrGBCA1ofmh1Ax YCHj3zwS8C1T4iIu3mub MjcrC2MkSyccg6AM7KMW t3p35rQwuMfICpxwBTRV Inoe9G8z2rKt9ExKxFhC bgjTCRWT0daVlg0oTZuF xfBJiQuas9xv3hIOUe8o JJferyIpT4R55BIN93bf 73lJNME3ed7CVENNhT28 BiRrnnrx5JOsn416i8Ay j8a5XYXH6AK0uHrNRime KdV5bt367BMwPhG3obI3 j6jfX0BSBKdiymevadhL Kfp9FANmk4ssEoL1cMm0 zXytU8JEQ4DXd0b8k0xu 3Nm0UHOvSd34D8rM2yZH O0o0dsnizntbY4XTBc6U yZx4F8OpIk5Ar2sBMJAx 9RASC8iIlFoW2F9PoUXZ QEBtBeNKQExSkYcP2oS9 K5SbR7BNjzxCUkAdrGa5 OLNsB9xLMpVZMUaTLkU7 OX2sgS0EKma0KPRXo24b Ux0fPXy37kADOkMzDLQ2 BoPjxvlt26bTwBLbfnZh ylc14u4guzQsG1HGoIaW ixBQklcj47gZLpsoK0Z1 3NlcmlomZH13bXyH9A3z 9Z5V9EodIIW8gVo35688 KUHOkJLpmumLs35BloNl VjnDj9OGcLX4d3Nv51sc 2Qd5LbYgFfAA4sIfyfR2 1nX5xj0493ZNrFPUOVt9 FciSQxyNkHFgE3UoxohL V4ruzNkikbvZgvGmKxRU jCeMKHwHjip9JKrkAm5C gQemLIX7nMImczKz1saV pyuAeTbcVcifrFis8Hjk d0AuYg0eUOBgxIa5jBVn TIQTzk08mTKB7r8LXluj E0w68ygm8mlxdWmjUSMA C04v6gWpT9KEgVsdyDUb O3xMbN12rGc5j9ED6F9z O3Hkka0xTn4TYlQWkSEt YVk7gUo67rF6xKmFfZP9 oNRzekgjmcfhwbUnE9E5 gXksUd6KlaYZJ76ZGW35 VjV0iKUpTgDz3hfRQQBE fueUfAJSPntByRITD3U5 UazrrrPRLBh6H6eOA2HA fmbU4gOuVAuPiFa2wYtH nY368FnRo0TybzKtsr1y 4lxb7UVZ0IdttMx5EVCR sYiNL7uSzhZbFuuuJ7Ov iPYb45Axawv8d5E4ZUWT sI5I68bj40h6dFM0JU7L brD3Sp7VWuo0VotesZDK tNuKCHy4dCH7Llx93jAM 6Jr0nCoMaw4eIQVNKP8W pPbHJPhuUpIghy2AweIy coccrxCAACMV0GSxD2xc HSXLfkse2epBWUyN8pxf lRyI32Z3izBPgy0raiSy e6PVUjjd6ajldcTPycA6 tg1w5Br4i5001iky5uAt u3rvHKE2Cknh2L20VX31 P4umUwM6g1EE7yTS6Of0 mhfSTNs1vGxIVkKDB1R9 z9JZzDi8GuH17SntHGlQ u8Sh3uzUVF2pFMTdyMgE YXB7UTVLkwJ3CJcMVTzW s5fMEgh8w2WeOnudUhZu Xi43pjkClGI3uOUPwRgu xZZYawX5nu7IXCQrv42B 1i2SRvgsOcvOFdgVwaG2 MMuVzSLYdkYJSnZzYgpt aUS8Ma4u9DWG5rGkGMu3 MMuVzSLYdkYJSnZzYgpt 1i2SRvgsOcvOFdgVwaG2 xZZYawX5nu7IXCQrv42B Xi43pjkClGI3uOUPwRgu s5fMEgh8w2WeOnudUhZu YXB7UTVLkwJ3CJcMVTzW u8Sh3uzUVF2pFMTdyMgE z9JZzDi8GuH17SntHGlQ mhfSTNs1vGxIVkKDB1R9 P4umUwM6g1EE7yTS6Of0 u3rvHKE2Cknh2L20VX31 tg1w5Br4i5001iky5uAt e6PVUjjd6ajldcTPycA6 lRyI32Z3izBPgy0raiSy HSXLfkse2epBWUyN8pxf coccrxCAACMV0GSxD2xc pPbHJPhuUpIghy2AweIy 6Jr0nCoMaw4eIQVNKP8W tNuKCHy4dCH7Llx93jAM brD3Sp7VWuo0VotesZDK sI5I68bj40h6dFM0JU7L iPYb45Axawv8d5E4ZUWT sYiNL7uSzhZbFuuuJ7Ov 4lxb7UVZ0IdttMx5EVCR nY368FnRo0TybzKtsr1y fmbU4gOuVAuPiFa2wYtH UazrrrPRLBh6H6eOA2HA fueUfAJSPntByRITD3U5 VjV0iKUpTgDz3hfRQQBE gXksUd6KlaYZJ76ZGW35 oNRzekgjmcfhwbUnE9E5 YVk7gUo67rF6xKmFfZP9 O3Hkka0xTn4TYlQWkSEt O3xMbN12rGc5j9ED6F9z C04v6gWpT9KEgVsdyDUb E0w68ygm8mlxdWmjUSMA TIQTzk08mTKB7r8LXluj d0AuYg0eUOBgxIa5jBVn pyuAeTbcVcifrFis8Hjk gQemLIX7nMImczKz1saV jCeMKHwHjip9JKrkAm5C V4ruzNkikbvZgvGmKxRU FciSQxyNkHFgE3UoxohL 1nX5xj0493ZNrFPUOVt9 2Qd5LbYgFfAA4sIfyfR2 VjnDj9OGcLX4d3Nv51sc KUHOkJLpmumLs35BloNl 9Z5V9EodIIW8gVo35688 3NlcmlomZH13bXyH9A3z ixBQklcj47gZLpsoK0Z1 ylc14u4guzQsG1HGoIaW BoPjxvlt26bTwBLbfnZh Ux0fPXy37kADOkMzDLQ2 OX2sgS0EKma0KPRXo24b OLNsB9xLMpVZMUaTLkU7 K5SbR7BNjzxCUkAdrGa5 QEBtBeNKQExSkYcP2oS9 9RASC8iIlFoW2F9PoUXZ yZx4F8OpIk5Ar2sBMJAx
50
O3Hkka0xTn4TYlQWkSEt O3Hkka0xTn4TYlQWkSEt
ylc14u4guzQsG1HGoIaW ylc14u4guzQsG1HGoIaW
2GGOgT8kgyBmX858M38j 2GGOgT8kgyBmX858M38j
tg1w5Br4i5001iky5uAt tg1w5Br4i5001iky5uAt
aUS8Ma4u9DWG5rGkGMu3 aUS8Ma4u9DWG5rGkGMu3
1nX5xj0493ZNrFPUOVt9 1nX5xj0493ZNrFPUOVt9
hCu50otWd5xV17Ex0c3a hCu50otWd5xV17Ex0c3a
uwJup2WiLVChmnkelhR8 uwJup2WiLVChmnkelhR8
coccrxCAACMV0GSxD2xc coccrxCAACMV0GSxD2xc
SxhNwhmBZW56skeskoXT SxhNwhmBZW56skeskoXT
xfBJiQuas9xv3hIOUe8o xfBJiQuas9xv3hIOUe8o
c2xoK29xdkQaHgutY5NS c2xoK29xdkQaHgutY5NS
xjrY90FEcI7klV7sjO39 xjrY90FEcI7klV7sjO39
oNRzekgjmcfhwbUnE9E5 oNRzekgjmcfhwbUnE9E5
j8a5XYXH6AK0uHrNRime j8a5XYXH6AK0uHrNRime
Jl9fGpEEaLR4lmSJYVKz Jl9fGpEEaLR4lmSJYVKz
4vVzhXxSoe23m0D4crAQ 4vVzhXxSoe23m0D4crAQ
iPYb45Axawv8d5E4ZUWT iPYb45Axawv8d5E4ZUWT
OX2sgS0EKma0KPRXo24b OX2sgS0EKma0KPRXo24b
MjcrC2MkSyccg6AM7KMW MjcrC2MkSyccg6AM7KMW
YXB7UTVLkwJ3CJcMVTzW YXB7UTVLkwJ3CJcMVTzW
BoPjxvlt26bTwBLbfnZh BoPjxvlt26bTwBLbfnZh
evP9W9Sp0JotOHAnvl9E evP9W9Sp0JotOHAnvl9E
E0w68ygm8mlxdWmjUSMA E0w68ygm8mlxdWmjUSMA
ixBQklcj47gZLpsoK0Z1 ixBQklcj47gZLpsoK0Z1
mhfSTNs1vGxIVkKDB1R9 mhfSTNs1vGxIVkKDB1R9
k4TDiYyIyLOxd2S09stN k4TDiYyIyLOxd2S09stN
sYiNL7uSzhZbFuuuJ7Ov sYiNL7uSzhZbFuuuJ7Ov
Ux0fPXy37kADOkMzDLQ2 Ux0fPXy37kADOkMzDLQ2
Z5A3tROaNW2mCwf9Mwns Z5A3tROaNW2mCwf9Mwns
9RASC8iIlFoW2F9PoUXZ 9RASC8iIlFoW2F9PoUXZ
3Nm0UHOvSd34D8rM2yZH 3Nm0UHOvSd34D8rM2yZH
bSPdwFdSvkSaDMkIhhIm bSPdwFdSvkSaDMkIhhIm
e6PVUjjd6ajldcTPycA6 e6PVUjjd6ajldcTPycA6
u3rvHKE2Cknh2L20VX31 u3rvHKE2Cknh2L20VX31
KdV5bt367BMwPhG3obI3 KdV5bt367BMwPhG3obI3
3NlcmlomZH13bXyH9A3z 3NlcmlomZH13bXyH9A3z
u8Sh3uzUVF2pFMTdyMgE u8Sh3uzUVF2pFMTdyMgE
sI5I68bj40h6dFM0JU7L sI5I68bj40h6dFM0JU7L
a37twrOQlX8ckvFplsbJ a37twrOQlX8ckvFplsbJ
YCHj3zwS8C1T4iIu3mub YCHj3zwS8C1T4iIu3mub
pyuAeTbcVcifrFis8Hjk pyuAeTbcVcifrFis8Hjk
brD3Sp7VWuo0VotesZDK brD3Sp7VWuo0VotesZDK
t3p35rQwuMfICpxwBTRV t3p35rQwuMfICpxwBTRV
K5SbR7BNjzxCUkAdrGa5 K5SbR7BNjzxCUkAdrGa5
MMuVzSLYdkYJSnZzYgpt MMuVzSLYdkYJSnZzYgpt
p1HQ9bUXYQS3CJ4AN6us p1HQ9bUXYQS3CJ4AN6us
73lJNME3ed7CVENNhT28 73lJNME3ed7CVENNhT28
OLNsB9xLMpVZMUaTLkU7 OLNsB9xLMpVZMUaTLkU7
TIQTzk08mTKB7r8LXluj TIQTzk08mTKB7r8LXluj
