PQlYD3syBoo7C0hcATPD upn88whXcmTNEpbLaMgR y5HlDp3ZOU3fT35BihFS jN7FJhuhmTKkduIKGyBx zrZvuuVg7VhfNNSTyHUN 8kEed91vb76Fhm6ivuFw pGBevvfrXEYRwdy9Xa3h mMXK7rFRd7VNNboRtMKu iGcRn4eFfZI68Qr0MOgy oRnkB9WX4h9Vz2XYe2Mz Q3Cogj51XjuCQtkcLiAV CtdShr26uGGV2W6zZTdS ovOnjRP179hu4Hr77szb CE9MuYF6CpN99atuGjZ0 LojUOw2jUh1tZtGFz9aj SWMrIKPuAQFTY7HmPty0 58PE6yTygndgQ75HC5PU 3WxXECDgHfdxH64mHW2r NWf2n31erGPiONTUnVON ouUk8HCXkT1xNHUSpktV NpHJpdHaoVuG1evDy4mD Tcl3WEtO0xn1rLAvzx30 WH35TmjvCR4kO0EFhsWf FE9d826a5RuYfSI6vEz4 TjdE5jA1HCzZ8UYNo5Yc DmFkMz41R1xntSlYNDEm ytFHCaUXIRcWo2XR8KBQ zTPp43usagg8jQuMreHJ ikaH2IngBoan8x64dwnD 4WMfYZZfpmCLQPtUuu3U mHciHIbodF92KWBlyZhd NCE41di01bKQugxLGez3 N4yrn0aLU6ELQucPFmw8 CQFH0bM5UHhxPATIQeaZ niIlsyEn6CyxnfUTDmu9 MmXiw0PdJXAsicjY4bml IhJom3DfGSMSXKcmodso zlNUSmiBJyW8nEoA60dd MrPrjjrnFcdnkhnTvZwU h36zX7NC4P81W3KQD11u 8a1JXRFratj4AgnZpTVQ dPunn27br1tTUelFVNIt XT2Ymi7YdhYVjSO57uvy WuSb6mZA4Ht48gzyBwrs 29ZrssG8owPMWU0dtlEx 5jURyYkumVTCPwjIUFnW KZUYMItcoUmLAwugFZET WpDgsUZvfm1s3J1djPk6 FuxgylhHBTEcCmRpiyQO Z3gbgZRKDgBHS5V7Dyza Ygp8VmuPu4funyZLuNbc pmpfdWSNFW4BZf3j9zey Kxk6VsPzNOhHpwuN2F67 SJuQEhk6NZgb7Y1YXHxx dRs9JullKCFwk8f9TP2C ziyuCFaUNlunKHz5VaUE gByPZFfsA72SjYPmontO XfIhMNfCnUCbP8MIjhA8 QXy4Gy1uUpnOXuO2tleY uH1ua7AmUWR8VNTNVMrN DzmV3V4jLXFV8NKy7e6t cilZ8sEVa88zuDEMFzWQ aZ1gME9dgT1obQwN7kgz 2RLdpM4k7Le8vufDMuf4 8g81uxlp5KxuUVBAY6tu ajZwDYcDrAcHajKZpRul 58LVuHISdldtYbuuEa4z ub8uI0ust0bjRNZOYFrf mdVRTrjvtfNgUHxK6EKy wmYCCv3ILTyM5dyfknMZ zOauzkXEQku3g7FmlO3i fpvgH2TNMSBOKUOtDG6j UWVA5dAu4wDF6Efl9d4O QWI7iXL3JezTaLDClto3 32uxjSkk85ui0Y5vuvES Wls7YWfnOUYYNtO7TxlR tLzG9AxWULGyie26r8nJ lTNvRGBulC52xVXvXmmj m3uIZkevVRyscNPa6NkD 3KQH5YLkBNtwj5njGLDu LC5zOSOpTlmcNNlLZhJv iA0OPvpmSXnD5PmFrIY3 0FVcmc6ucH38k3GYDP2B mZEpl33HFjs4HaXj1h44 c5B3yGaAxuGVYEd7DCc5 egafCQ4ih9nCuFY3RBSk y5UFufU6hy8Zt47b4K3v uljrG5rkRmLVRMAW6eAf j1u2ybLPFsWda7RGIo6J yuNLI2bosn9XVMaJllU2 BTpZljiVwrKOuV3ovYf8 fKOlyBhpD8ROeSBtDSnb chATmSuISXTT2sMz8STx AcGlxsvhfAOKA2Ti96Hg 5wKsB6wx9H7PujNL03GN JkhndOWPSDNIKR1zn2NI BfkNC5T0oZOQYOkOg1Lr ycjEDh6K7JPFmCmDDtAG R3EYu49GUooMwZV27XSS xUd3lWAackpOjTn98YBa VjMruztOvYBB57sBtK7F CasJoLDeUHs9eB3JhaRH JVL0BClrob8ZkieO22tQ C8l14blndt8uGQmGfPky x7y62XeozblPouRtDuJZ 81BuRMlWnKSDv0gdoTLf rRx4ufuRfBzAjOzuQptQ CeJalRL3KinyCQjl6tio 4xoBiS6HZ3COfmNv2aTR IBSvm7mZeG0vXjguUx8d Hj1rLkk2UTHyyhArouOv zfARzNLN18Yt82uamMHY DLNj52Bf5LL4ZddWTcYY KFPByxllQdZjXQQ080Kb 4ck2vdbl0wzRRSh9h5JI TdlmIp83zJ8FzTW9jxJ8 K0Syo03DvdcUx01wEn1F Y7ftN89XjSewucXLr70O ul5TY5YtUVHURRbHo0xt 14UYPoQYf4I16EB1DXKQ e7HIMwL2s8LjuoIRxDl7 OReJAlihmGkSeDWg03jV oAwJ8ncZge95DCLogDfz JWNjS0Xtxw6CDJbk4UbK xKYsrPDf6uBnS1rB7oEi jQ398E757ZUZ6B3PAVLA IjoU40tEWMCkwd5SaIZC EWUzUZ9Yb7H9gHpK5NdI TlYvVZeexaNx2QRH5XgO TRIzdQQDV9bs8k4M9U4X LvHeBFyLyC9KHnAltZnF 1AmZo7yJ6YJzwrjZr6vX MnuekaeS1NiILcuuvn3o XY5VlEBBt6Thfunw6jtm sMSGdtwHWiI5XthQ9LEo O7rXvJNyIxIOwybkkM4Z O7r7jTAHUovFxQtj6W4Z dcRmXZcpiyoLWuwR56cL tBx3RfPMJg4OhazCeTsa JNypu0O2hxRmLxF04Zie 36bOBGFJRRhLasd5h4Dk XtcwDUG5TGpryRZKRvrm H7uVIevOruuuxxulSjmd cLgLzDowfDczOCIiAA1P daYVb2kr83paGhJZJJyA zV8w7Gt8capVIKs3sCpM Mo6dK8I2XR9RUnPgLFfU dROGWu9MJwNa5XPgzeZw HYWOTw4ndVABLaFirARf 0UIZ9YDhxr3ipBPf2WkK 3lGxoRlxzR2WFdFFc2su j0WhcaOOy1JCyHTrxCSk ck4dO3uX1I0Ukhdtw8xc 7vPETSHi40Gezwl6Et8o ukNH6KWEpBrTnkPycvgg jMUm9akutw2eIhNlERAk hQH0nHlpxkrlncu9buJt r52GhdJM3J6bC9RxltxZ 6XnXouxDZvL84c0l21Xk lP2ISUwXZ5Vr1Dbyi5b2 AhTd32p44tQrgKLluTfO pZmHZ63c7iUp469fR8uZ wcuru3pV98zLumiPp2mk YPxLz7ubSTcpcWxfhfMM 8BVD1mXIeFKDWXC0pHC5 4yCDRp1k04Ch6IBU1p1H VAD4i2sITJAyE9KdZs6R 8ohYkdBbhmuLxG2PaKA7 diWFyYW4KuKIAVWCVTOh IuwSP1hfYZRam5iX6Sbk 4EHOWDgXvpoSadcvvLu4 wpM05AhdMYgh3n4WvalH zpeGiHngfxKrh1e7CB9J aAf4nv1B7ggfx0DjrAOi zfB4CHKP8IkRnkzojRvd Zd6upjEKdV6jHG9xKORy ne2hOv431YIk6NU6lJQK u0wBIZEfM7QKVkmytCw3 cQGXIZOeOdGlvNPuZfO6 z2gCSWW099FkYohCVT7Y skzbEcObQeXfVSzgV7Zn IZipFcSb1a3uzUU2B1hv Hj9GXo6u0dDYfg4xoW2T 9zpvFa3wwt0dB0VOMd72 MGPH1ZQv2OM6dRC07Rj5 6KF9tSz3Df39DhvRy7FY ClI55Jc4paLtKGIpyO3j I3dKkMa3JUxVpADvWcmQ ZOUAFthiVkWe23hp0746 gYkcGnWFkHg6NXuE0PIL FGIvgo5aCn2fThXoawaG 66SloLvtkGOxnc9DxLHM FGIvgo5aCn2fThXoawaG gYkcGnWFkHg6NXuE0PIL ZOUAFthiVkWe23hp0746 I3dKkMa3JUxVpADvWcmQ ClI55Jc4paLtKGIpyO3j 6KF9tSz3Df39DhvRy7FY MGPH1ZQv2OM6dRC07Rj5 9zpvFa3wwt0dB0VOMd72 Hj9GXo6u0dDYfg4xoW2T IZipFcSb1a3uzUU2B1hv skzbEcObQeXfVSzgV7Zn z2gCSWW099FkYohCVT7Y cQGXIZOeOdGlvNPuZfO6 u0wBIZEfM7QKVkmytCw3 ne2hOv431YIk6NU6lJQK Zd6upjEKdV6jHG9xKORy zfB4CHKP8IkRnkzojRvd aAf4nv1B7ggfx0DjrAOi zpeGiHngfxKrh1e7CB9J wpM05AhdMYgh3n4WvalH 4EHOWDgXvpoSadcvvLu4 IuwSP1hfYZRam5iX6Sbk diWFyYW4KuKIAVWCVTOh 8ohYkdBbhmuLxG2PaKA7 VAD4i2sITJAyE9KdZs6R 4yCDRp1k04Ch6IBU1p1H 8BVD1mXIeFKDWXC0pHC5 YPxLz7ubSTcpcWxfhfMM wcuru3pV98zLumiPp2mk pZmHZ63c7iUp469fR8uZ AhTd32p44tQrgKLluTfO lP2ISUwXZ5Vr1Dbyi5b2 6XnXouxDZvL84c0l21Xk r52GhdJM3J6bC9RxltxZ hQH0nHlpxkrlncu9buJt jMUm9akutw2eIhNlERAk ukNH6KWEpBrTnkPycvgg 7vPETSHi40Gezwl6Et8o ck4dO3uX1I0Ukhdtw8xc j0WhcaOOy1JCyHTrxCSk 3lGxoRlxzR2WFdFFc2su 0UIZ9YDhxr3ipBPf2WkK HYWOTw4ndVABLaFirARf dROGWu9MJwNa5XPgzeZw Mo6dK8I2XR9RUnPgLFfU zV8w7Gt8capVIKs3sCpM daYVb2kr83paGhJZJJyA cLgLzDowfDczOCIiAA1P H7uVIevOruuuxxulSjmd XtcwDUG5TGpryRZKRvrm 36bOBGFJRRhLasd5h4Dk JNypu0O2hxRmLxF04Zie tBx3RfPMJg4OhazCeTsa dcRmXZcpiyoLWuwR56cL O7r7jTAHUovFxQtj6W4Z O7rXvJNyIxIOwybkkM4Z sMSGdtwHWiI5XthQ9LEo XY5VlEBBt6Thfunw6jtm MnuekaeS1NiILcuuvn3o 1AmZo7yJ6YJzwrjZr6vX LvHeBFyLyC9KHnAltZnF TRIzdQQDV9bs8k4M9U4X TlYvVZeexaNx2QRH5XgO EWUzUZ9Yb7H9gHpK5NdI IjoU40tEWMCkwd5SaIZC jQ398E757ZUZ6B3PAVLA xKYsrPDf6uBnS1rB7oEi JWNjS0Xtxw6CDJbk4UbK oAwJ8ncZge95DCLogDfz OReJAlihmGkSeDWg03jV e7HIMwL2s8LjuoIRxDl7 14UYPoQYf4I16EB1DXKQ ul5TY5YtUVHURRbHo0xt Y7ftN89XjSewucXLr70O K0Syo03DvdcUx01wEn1F TdlmIp83zJ8FzTW9jxJ8 4ck2vdbl0wzRRSh9h5JI KFPByxllQdZjXQQ080Kb DLNj52Bf5LL4ZddWTcYY zfARzNLN18Yt82uamMHY Hj1rLkk2UTHyyhArouOv IBSvm7mZeG0vXjguUx8d 4xoBiS6HZ3COfmNv2aTR CeJalRL3KinyCQjl6tio rRx4ufuRfBzAjOzuQptQ 81BuRMlWnKSDv0gdoTLf x7y62XeozblPouRtDuJZ C8l14blndt8uGQmGfPky JVL0BClrob8ZkieO22tQ CasJoLDeUHs9eB3JhaRH VjMruztOvYBB57sBtK7F xUd3lWAackpOjTn98YBa R3EYu49GUooMwZV27XSS ycjEDh6K7JPFmCmDDtAG BfkNC5T0oZOQYOkOg1Lr JkhndOWPSDNIKR1zn2NI 5wKsB6wx9H7PujNL03GN AcGlxsvhfAOKA2Ti96Hg chATmSuISXTT2sMz8STx fKOlyBhpD8ROeSBtDSnb BTpZljiVwrKOuV3ovYf8 yuNLI2bosn9XVMaJllU2 j1u2ybLPFsWda7RGIo6J uljrG5rkRmLVRMAW6eAf y5UFufU6hy8Zt47b4K3v egafCQ4ih9nCuFY3RBSk c5B3yGaAxuGVYEd7DCc5 mZEpl33HFjs4HaXj1h44 0FVcmc6ucH38k3GYDP2B iA0OPvpmSXnD5PmFrIY3 LC5zOSOpTlmcNNlLZhJv 3KQH5YLkBNtwj5njGLDu m3uIZkevVRyscNPa6NkD lTNvRGBulC52xVXvXmmj tLzG9AxWULGyie26r8nJ Wls7YWfnOUYYNtO7TxlR 32uxjSkk85ui0Y5vuvES QWI7iXL3JezTaLDClto3 UWVA5dAu4wDF6Efl9d4O fpvgH2TNMSBOKUOtDG6j zOauzkXEQku3g7FmlO3i wmYCCv3ILTyM5dyfknMZ mdVRTrjvtfNgUHxK6EKy ub8uI0ust0bjRNZOYFrf 58LVuHISdldtYbuuEa4z ajZwDYcDrAcHajKZpRul 8g81uxlp5KxuUVBAY6tu 2RLdpM4k7Le8vufDMuf4 aZ1gME9dgT1obQwN7kgz cilZ8sEVa88zuDEMFzWQ DzmV3V4jLXFV8NKy7e6t uH1ua7AmUWR8VNTNVMrN QXy4Gy1uUpnOXuO2tleY XfIhMNfCnUCbP8MIjhA8 gByPZFfsA72SjYPmontO ziyuCFaUNlunKHz5VaUE dRs9JullKCFwk8f9TP2C SJuQEhk6NZgb7Y1YXHxx Kxk6VsPzNOhHpwuN2F67 pmpfdWSNFW4BZf3j9zey Ygp8VmuPu4funyZLuNbc Z3gbgZRKDgBHS5V7Dyza FuxgylhHBTEcCmRpiyQO WpDgsUZvfm1s3J1djPk6 KZUYMItcoUmLAwugFZET 5jURyYkumVTCPwjIUFnW 29ZrssG8owPMWU0dtlEx WuSb6mZA4Ht48gzyBwrs XT2Ymi7YdhYVjSO57uvy dPunn27br1tTUelFVNIt 8a1JXRFratj4AgnZpTVQ h36zX7NC4P81W3KQD11u MrPrjjrnFcdnkhnTvZwU zlNUSmiBJyW8nEoA60dd IhJom3DfGSMSXKcmodso MmXiw0PdJXAsicjY4bml niIlsyEn6CyxnfUTDmu9 CQFH0bM5UHhxPATIQeaZ N4yrn0aLU6ELQucPFmw8 NCE41di01bKQugxLGez3 mHciHIbodF92KWBlyZhd 4WMfYZZfpmCLQPtUuu3U ikaH2IngBoan8x64dwnD zTPp43usagg8jQuMreHJ ytFHCaUXIRcWo2XR8KBQ DmFkMz41R1xntSlYNDEm TjdE5jA1HCzZ8UYNo5Yc FE9d826a5RuYfSI6vEz4 WH35TmjvCR4kO0EFhsWf Tcl3WEtO0xn1rLAvzx30 NpHJpdHaoVuG1evDy4mD ouUk8HCXkT1xNHUSpktV NWf2n31erGPiONTUnVON 3WxXECDgHfdxH64mHW2r 58PE6yTygndgQ75HC5PU SWMrIKPuAQFTY7HmPty0 LojUOw2jUh1tZtGFz9aj CE9MuYF6CpN99atuGjZ0 ovOnjRP179hu4Hr77szb CtdShr26uGGV2W6zZTdS Q3Cogj51XjuCQtkcLiAV oRnkB9WX4h9Vz2XYe2Mz iGcRn4eFfZI68Qr0MOgy mMXK7rFRd7VNNboRtMKu pGBevvfrXEYRwdy9Xa3h 8kEed91vb76Fhm6ivuFw zrZvuuVg7VhfNNSTyHUN jN7FJhuhmTKkduIKGyBx y5HlDp3ZOU3fT35BihFS upn88whXcmTNEpbLaMgR PQlYD3syBoo7C0hcATPD KFbZubIZwxKjbFZIhivu PRxK9WGPQn2vmuBbswLk BHDRDstSlZtm71sWfOHB Saezs03GHhWlgEusf2xb symCtAIG82LYD9Qs6FxZ chfID4Gg1RphlYZQtHhA wfrLtXM37SSnFsiHhmDU xM3fh05um8j45RhdwKOx wfrLtXM37SSnFsiHhmDU chfID4Gg1RphlYZQtHhA symCtAIG82LYD9Qs6FxZ Saezs03GHhWlgEusf2xb BHDRDstSlZtm71sWfOHB PRxK9WGPQn2vmuBbswLk KFbZubIZwxKjbFZIhivu PQlYD3syBoo7C0hcATPD
100
0UIZ9YDhxr3ipBPf2WkK 0UIZ9YDhxr3ipBPf2WkK
Kxk6VsPzNOhHpwuN2F67 Kxk6VsPzNOhHpwuN2F67
yuNLI2bosn9XVMaJllU2 yuNLI2bosn9XVMaJllU2
xM3fh05um8j45RhdwKOx xM3fh05um8j45RhdwKOx
aZ1gME9dgT1obQwN7kgz aZ1gME9dgT1obQwN7kgz
mMXK7rFRd7VNNboRtMKu mMXK7rFRd7VNNboRtMKu
r52GhdJM3J6bC9RxltxZ r52GhdJM3J6bC9RxltxZ
jN7FJhuhmTKkduIKGyBx jN7FJhuhmTKkduIKGyBx
JWNjS0Xtxw6CDJbk4UbK JWNjS0Xtxw6CDJbk4UbK
ZOUAFthiVkWe23hp0746 ZOUAFthiVkWe23hp0746
XT2Ymi7YdhYVjSO57uvy XT2Ymi7YdhYVjSO57uvy
pGBevvfrXEYRwdy9Xa3h pGBevvfrXEYRwdy9Xa3h
rRx4ufuRfBzAjOzuQptQ rRx4ufuRfBzAjOzuQptQ
58LVuHISdldtYbuuEa4z 58LVuHISdldtYbuuEa4z
WuSb6mZA4Ht48gzyBwrs WuSb6mZA4Ht48gzyBwrs
IuwSP1hfYZRam5iX6Sbk IuwSP1hfYZRam5iX6Sbk
SJuQEhk6NZgb7Y1YXHxx SJuQEhk6NZgb7Y1YXHxx
iGcRn4eFfZI68Qr0MOgy iGcRn4eFfZI68Qr0MOgy
LvHeBFyLyC9KHnAltZnF LvHeBFyLyC9KHnAltZnF
e7HIMwL2s8LjuoIRxDl7 e7HIMwL2s8LjuoIRxDl7
h36zX7NC4P81W3KQD11u h36zX7NC4P81W3KQD11u
dPunn27br1tTUelFVNIt dPunn27br1tTUelFVNIt
JNypu0O2hxRmLxF04Zie JNypu0O2hxRmLxF04Zie
8BVD1mXIeFKDWXC0pHC5 8BVD1mXIeFKDWXC0pHC5
upn88whXcmTNEpbLaMgR upn88whXcmTNEpbLaMgR
y5UFufU6hy8Zt47b4K3v y5UFufU6hy8Zt47b4K3v
CQFH0bM5UHhxPATIQeaZ CQFH0bM5UHhxPATIQeaZ
AcGlxsvhfAOKA2Ti96Hg AcGlxsvhfAOKA2Ti96Hg
TRIzdQQDV9bs8k4M9U4X TRIzdQQDV9bs8k4M9U4X
4yCDRp1k04Ch6IBU1p1H 4yCDRp1k04Ch6IBU1p1H
ajZwDYcDrAcHajKZpRul ajZwDYcDrAcHajKZpRul
CE9MuYF6CpN99atuGjZ0 CE9MuYF6CpN99atuGjZ0
KFbZubIZwxKjbFZIhivu KFbZubIZwxKjbFZIhivu
EWUzUZ9Yb7H9gHpK5NdI EWUzUZ9Yb7H9gHpK5NdI
oRnkB9WX4h9Vz2XYe2Mz oRnkB9WX4h9Vz2XYe2Mz
dcRmXZcpiyoLWuwR56cL dcRmXZcpiyoLWuwR56cL
y5HlDp3ZOU3fT35BihFS y5HlDp3ZOU3fT35BihFS
BfkNC5T0oZOQYOkOg1Lr BfkNC5T0oZOQYOkOg1Lr
N4yrn0aLU6ELQucPFmw8 N4yrn0aLU6ELQucPFmw8
PRxK9WGPQn2vmuBbswLk PRxK9WGPQn2vmuBbswLk
XfIhMNfCnUCbP8MIjhA8 XfIhMNfCnUCbP8MIjhA8
mHciHIbodF92KWBlyZhd mHciHIbodF92KWBlyZhd
WpDgsUZvfm1s3J1djPk6 WpDgsUZvfm1s3J1djPk6
Hj9GXo6u0dDYfg4xoW2T Hj9GXo6u0dDYfg4xoW2T
ouUk8HCXkT1xNHUSpktV ouUk8HCXkT1xNHUSpktV
Saezs03GHhWlgEusf2xb Saezs03GHhWlgEusf2xb
4ck2vdbl0wzRRSh9h5JI 4ck2vdbl0wzRRSh9h5JI
j1u2ybLPFsWda7RGIo6J j1u2ybLPFsWda7RGIo6J
egafCQ4ih9nCuFY3RBSk egafCQ4ih9nCuFY3RBSk
lP2ISUwXZ5Vr1Dbyi5b2 lP2ISUwXZ5Vr1Dbyi5b2
ul5TY5YtUVHURRbHo0xt ul5TY5YtUVHURRbHo0xt
symCtAIG82LYD9Qs6FxZ symCtAIG82LYD9Qs6FxZ
5wKsB6wx9H7PujNL03GN 5wKsB6wx9H7PujNL03GN
8kEed91vb76Fhm6ivuFw 8kEed91vb76Fhm6ivuFw
MmXiw0PdJXAsicjY4bml MmXiw0PdJXAsicjY4bml
CeJalRL3KinyCQjl6tio CeJalRL3KinyCQjl6tio
hQH0nHlpxkrlncu9buJt hQH0nHlpxkrlncu9buJt
FE9d826a5RuYfSI6vEz4 FE9d826a5RuYfSI6vEz4
UWVA5dAu4wDF6Efl9d4O UWVA5dAu4wDF6Efl9d4O
C8l14blndt8uGQmGfPky C8l14blndt8uGQmGfPky
Mo6dK8I2XR9RUnPgLFfU Mo6dK8I2XR9RUnPgLFfU
CtdShr26uGGV2W6zZTdS CtdShr26uGGV2W6zZTdS
SWMrIKPuAQFTY7HmPty0 SWMrIKPuAQFTY7HmPty0
BHDRDstSlZtm71sWfOHB BHDRDstSlZtm71sWfOHB
tBx3RfPMJg4OhazCeTsa tBx3RfPMJg4OhazCeTsa
m3uIZkevVRyscNPa6NkD m3uIZkevVRyscNPa6NkD
gByPZFfsA72SjYPmontO gByPZFfsA72SjYPmontO
oAwJ8ncZge95DCLogDfz oAwJ8ncZge95DCLogDfz
xUd3lWAackpOjTn98YBa xUd3lWAackpOjTn98YBa
Zd6upjEKdV6jHG9xKORy Zd6upjEKdV6jHG9xKORy
VjMruztOvYBB57sBtK7F VjMruztOvYBB57sBtK7F
XtcwDUG5TGpryRZKRvrm XtcwDUG5TGpryRZKRvrm
c5B3yGaAxuGVYEd7DCc5 c5B3yGaAxuGVYEd7DCc5
dRs9JullKCFwk8f9TP2C dRs9JullKCFwk8f9TP2C
zOauzkXEQku3g7FmlO3i zOauzkXEQku3g7FmlO3i
diWFyYW4KuKIAVWCVTOh diWFyYW4KuKIAVWCVTOh
MGPH1ZQv2OM6dRC07Rj5 MGPH1ZQv2OM6dRC07Rj5
2RLdpM4k7Le8vufDMuf4 2RLdpM4k7Le8vufDMuf4
pmpfdWSNFW4BZf3j9zey pmpfdWSNFW4BZf3j9zey
4xoBiS6HZ3COfmNv2aTR 4xoBiS6HZ3COfmNv2aTR
IjoU40tEWMCkwd5SaIZC IjoU40tEWMCkwd5SaIZC
4EHOWDgXvpoSadcvvLu4 4EHOWDgXvpoSadcvvLu4
zTPp43usagg8jQuMreHJ zTPp43usagg8jQuMreHJ
lTNvRGBulC52xVXvXmmj lTNvRGBulC52xVXvXmmj
ikaH2IngBoan8x64dwnD ikaH2IngBoan8x64dwnD
wpM05AhdMYgh3n4WvalH wpM05AhdMYgh3n4WvalH
aAf4nv1B7ggfx0DjrAOi aAf4nv1B7ggfx0DjrAOi
29ZrssG8owPMWU0dtlEx 29ZrssG8owPMWU0dtlEx
I3dKkMa3JUxVpADvWcmQ I3dKkMa3JUxVpADvWcmQ
AhTd32p44tQrgKLluTfO AhTd32p44tQrgKLluTfO
daYVb2kr83paGhJZJJyA daYVb2kr83paGhJZJJyA
NpHJpdHaoVuG1evDy4mD NpHJpdHaoVuG1evDy4mD
DLNj52Bf5LL4ZddWTcYY DLNj52Bf5LL4ZddWTcYY
PQlYD3syBoo7C0hcATPD PQlYD3syBoo7C0hcATPD
j0WhcaOOy1JCyHTrxCSk j0WhcaOOy1JCyHTrxCSk
IBSvm7mZeG0vXjguUx8d IBSvm7mZeG0vXjguUx8d
MnuekaeS1NiILcuuvn3o MnuekaeS1NiILcuuvn3o
58PE6yTygndgQ75HC5PU 58PE6yTygndgQ75HC5PU
1AmZo7yJ6YJzwrjZr6vX 1AmZo7yJ6YJzwrjZr6vX
iA0OPvpmSXnD5PmFrIY3 iA0OPvpmSXnD5PmFrIY3
