OYUinzd4zxVxIptSBcML C4iWe9yR2mvfNmTv1Ujg RZmrQarR6KHwd0px5PCW dVfyZ8osOWlPeWeMnteY R4vuuI03w8dYL5GkhR5G abY1deVefuOYb3Qbsxch koo1x8ZKXyO091fVUFpG 2mMEW336zlvoabKQ0Mze wDv7iczN6LiK2xDJOu0N cieooTZrDnB8y7clKPVU B8NzzbKOpktxIu3RMiu1 ZYH8jsdc6i9l3KBeNSdx XswGHKxxhnaU5H8uBGvJ KRZBWx1Sd8wB0uU3QWeQ 5ZJ6PKSExV6ZRgj7Nt2O kUvpk4l3fx8SDlWeuWLw 3SpSgYRcx99pESu1D9Wi n14fgY77RxYuy7mkbJU1 kfJs5QzmT7ST8ft2DPos lM0uQphyVNPO90DR8P6A 5NBtV3WZfSLuOc4snASI hNmNcVR9G9vHmZuCCZzX SpH4aaXlGaRZwx2N8tjl ugVnD0zzPxsfEn932v1t Ss2jKAenFdVEZjKszuur HRKeQ1mAYVJTDLCn8vy3 XFoQId8k1NYBulodlNzy 4R5nKw333ATOizKdSrav NrinBa8HoddXl4l4p837 xtyNkgmQQDlFdBVfN1o5 5euTHFaulIyTMDOpAOiL 29cQGjH4xgr2WjuBLLEb XpODWLG9IcpdTrX00ySH 2LHGJx7lje13o5VgjaWa XpODWLG9IcpdTrX00ySH 29cQGjH4xgr2WjuBLLEb 5euTHFaulIyTMDOpAOiL xtyNkgmQQDlFdBVfN1o5 NrinBa8HoddXl4l4p837 4R5nKw333ATOizKdSrav XFoQId8k1NYBulodlNzy HRKeQ1mAYVJTDLCn8vy3 Ss2jKAenFdVEZjKszuur ugVnD0zzPxsfEn932v1t SpH4aaXlGaRZwx2N8tjl hNmNcVR9G9vHmZuCCZzX 5NBtV3WZfSLuOc4snASI lM0uQphyVNPO90DR8P6A kfJs5QzmT7ST8ft2DPos n14fgY77RxYuy7mkbJU1 3SpSgYRcx99pESu1D9Wi kUvpk4l3fx8SDlWeuWLw 5ZJ6PKSExV6ZRgj7Nt2O KRZBWx1Sd8wB0uU3QWeQ XswGHKxxhnaU5H8uBGvJ ZYH8jsdc6i9l3KBeNSdx B8NzzbKOpktxIu3RMiu1 cieooTZrDnB8y7clKPVU wDv7iczN6LiK2xDJOu0N 2mMEW336zlvoabKQ0Mze koo1x8ZKXyO091fVUFpG abY1deVefuOYb3Qbsxch R4vuuI03w8dYL5GkhR5G dVfyZ8osOWlPeWeMnteY RZmrQarR6KHwd0px5PCW C4iWe9yR2mvfNmTv1Ujg OYUinzd4zxVxIptSBcML 0Y8GuXeRCg3UQ8iw3rJM 6Bk9DPe1j2gaX3skYd9f knZxc5ZrIrcQzv054Pss vTxhIvFuZb2EHFFwTQu9 TOlchSnWWkR7rRWP9Cdc 6YPXen0OkUAjsBQbugH8 mSL1gwuFl7ezuWmYhoWX 5dLU2ihY8weFRtdH0NCX 0rs0of9LUAzWTuABwTnG jVnJVrQfkUuQ5PfgtD65 ysFvkOBVEgTOFmcR2xc1 paxbzGIrGUKuLL8gNR12 yP7W68hzm2SVu2HOtz5k GobQt8M2xSMFSG5QpMju PtxZTnZKiABWc7R1EDLT 7sEAL87eVGtPRFGU7wZL PtxZTnZKiABWc7R1EDLT GobQt8M2xSMFSG5QpMju yP7W68hzm2SVu2HOtz5k paxbzGIrGUKuLL8gNR12 ysFvkOBVEgTOFmcR2xc1 jVnJVrQfkUuQ5PfgtD65 0rs0of9LUAzWTuABwTnG 5dLU2ihY8weFRtdH0NCX mSL1gwuFl7ezuWmYhoWX 6YPXen0OkUAjsBQbugH8 TOlchSnWWkR7rRWP9Cdc vTxhIvFuZb2EHFFwTQu9 knZxc5ZrIrcQzv054Pss 6Bk9DPe1j2gaX3skYd9f 0Y8GuXeRCg3UQ8iw3rJM OYUinzd4zxVxIptSBcML
25
6YPXen0OkUAjsBQbugH8 6YPXen0OkUAjsBQbugH8
4R5nKw333ATOizKdSrav 4R5nKw333ATOizKdSrav
5dLU2ihY8weFRtdH0NCX 5dLU2ihY8weFRtdH0NCX
3SpSgYRcx99pESu1D9Wi 3SpSgYRcx99pESu1D9Wi
C4iWe9yR2mvfNmTv1Ujg C4iWe9yR2mvfNmTv1Ujg
knZxc5ZrIrcQzv054Pss knZxc5ZrIrcQzv054Pss
ysFvkOBVEgTOFmcR2xc1 ysFvkOBVEgTOFmcR2xc1
jVnJVrQfkUuQ5PfgtD65 jVnJVrQfkUuQ5PfgtD65
paxbzGIrGUKuLL8gNR12 paxbzGIrGUKuLL8gNR12
xtyNkgmQQDlFdBVfN1o5 xtyNkgmQQDlFdBVfN1o5
2mMEW336zlvoabKQ0Mze 2mMEW336zlvoabKQ0Mze
TOlchSnWWkR7rRWP9Cdc TOlchSnWWkR7rRWP9Cdc
lM0uQphyVNPO90DR8P6A lM0uQphyVNPO90DR8P6A
0rs0of9LUAzWTuABwTnG 0rs0of9LUAzWTuABwTnG
5euTHFaulIyTMDOpAOiL 5euTHFaulIyTMDOpAOiL
mSL1gwuFl7ezuWmYhoWX mSL1gwuFl7ezuWmYhoWX
2LHGJx7lje13o5VgjaWa 2LHGJx7lje13o5VgjaWa
29cQGjH4xgr2WjuBLLEb 29cQGjH4xgr2WjuBLLEb
wDv7iczN6LiK2xDJOu0N wDv7iczN6LiK2xDJOu0N
KRZBWx1Sd8wB0uU3QWeQ KRZBWx1Sd8wB0uU3QWeQ
dVfyZ8osOWlPeWeMnteY dVfyZ8osOWlPeWeMnteY
0Y8GuXeRCg3UQ8iw3rJM 0Y8GuXeRCg3UQ8iw3rJM
n14fgY77RxYuy7mkbJU1 n14fgY77RxYuy7mkbJU1
ugVnD0zzPxsfEn932v1t ugVnD0zzPxsfEn932v1t
7sEAL87eVGtPRFGU7wZL 7sEAL87eVGtPRFGU7wZL
