destitute barnacle midstream ripe funny midget swingy diligent tate Gilmore whatsoever shovel covariate FPC mediate exothermic coarse shroud choice millennium intangible deletion creekside septillion papal balustrade Isfahan involuntary olden Tucson swordfish decor Hewlett limitate transpiration torus Bernini griddle bowman swordtail felony imperishable monotonous oriole McCall bobble Vega Andersen Halstead embassy Dominican Bleeker minion amateur slowdown funky wafer confrontation Sicilian Iowa fatten trill woke extrovert Curtis anvil Fisk connubial schedule lordosis schedule connubial Fisk anvil Curtis extrovert woke trill fatten Iowa Sicilian confrontation wafer funky slowdown amateur minion Bleeker Dominican embassy Halstead Andersen Vega bobble McCall oriole monotonous imperishable felony swordtail bowman griddle Bernini torus transpiration limitate Hewlett decor swordfish Tucson olden involuntary Isfahan balustrade papal septillion creekside deletion intangible millennium choice shroud coarse exothermic mediate FPC covariate shovel whatsoever Gilmore tate diligent swingy midget funny ripe midstream barnacle destitute Loomis Rio Darwin extractor combine MN taft Hindi embroil Irvin namesake jewel Auberge Modesto bifurcate illusion spill brook Elizabethan nowhere encumbrance radioactive stanza Injun yogurt sacrifice Goodrich Amtrak Rodney yin Rodney Amtrak Goodrich sacrifice yogurt Injun stanza radioactive encumbrance nowhere Elizabethan brook spill illusion bifurcate Modesto Auberge jewel namesake Irvin embroil Hindi taft MN combine extractor Darwin Rio Loomis destitute
50
Andersen Andersen
Auberge Auberge
Bleeker Bleeker
Darwin Darwin
Dominican Dominican
Elizabethan Elizabethan
Fisk Fisk
Gilmore Gilmore
Halstead Halstead
Hewlett Hewlett
Hindi Hindi
Injun Injun
Isfahan Isfahan
Loomis Loomis
MN MN
McCall McCall
Modesto Modesto
Rio Rio
Vega Vega
amateur amateur
anvil anvil
balustrade balustrade
bobble bobble
choice choice
connubial connubial
creekside creekside
decor decor
diligent diligent
embassy embassy
extractor extractor
fatten fatten
funny funny
illusion illusion
jewel jewel
mediate mediate
midget midget
minion minion
papal papal
ripe ripe
schedule schedule
septillion septillion
shroud shroud
slowdown slowdown
stanza stanza
swingy swingy
swordfish swordfish
tate tate
transpiration transpiration
trill trill
yogurt yogurt
