woebegone encumbrance millennium inform secondary imposition choice Wheller backplate relaxation confrontation midstream bunch oriole diligent McCall septillion embroil transpiration Lura numerology newborn wafer grudge midget plunder Bernini softball yogurt griddle illusion trimester deduce wingspread shovel viscous car papal archive swordtail tate slowdown renaissance casserole December olden amateur Sicilian extractor combine intangible shrewish Palo Durango Reilly bacteria Stratton angst limpkin Scotty clash catapult deletion MN exothermic equipping felony Isfahan thoroughfare mack clout destitute Pitney radioactive shroud Rio sweatsocks companion Bleeker postscript blimp noon rump fossiliferous expropriate Loomis balustrade babysat funny namesake Seoul bobble bat directory ripe minion brook schedule anvil decor fatten torus coarse atom transonic Simon Goodrich silage Sunday whatsoever nowhere incommutable cowhand explosion bifurcate update icon imperishable switchmen Vega lexicon sacrifice involuntary spill mitre stanza administer Modesto swordfish Rodney Auberge mediate Fisk swingy dull nereid Gruyere woke Gruyere nereid dull swingy Fisk mediate Auberge Rodney swordfish Modesto administer stanza mitre spill involuntary sacrifice lexicon Vega switchmen imperishable icon update bifurcate explosion cowhand incommutable nowhere whatsoever Sunday silage Goodrich Simon transonic atom coarse torus fatten decor anvil schedule brook minion ripe directory bat bobble Seoul namesake funny babysat balustrade Loomis expropriate fossiliferous rump noon blimp postscript Bleeker companion sweatsocks Rio shroud radioactive Pitney destitute clout mack thoroughfare Isfahan felony equipping exothermic MN deletion catapult clash Scotty limpkin angst Stratton bacteria Reilly Durango Palo shrewish intangible combine extractor Sicilian amateur olden December casserole renaissance slowdown tate swordtail archive papal car viscous shovel wingspread deduce trimester illusion griddle yogurt softball Bernini plunder midget grudge wafer newborn numerology Lura transpiration embroil septillion McCall diligent oriole bunch midstream confrontation relaxation backplate Wheller choice imposition secondary inform millennium encumbrance woebegone trill fulsome cytolysis embassy phylogenetic funky conceptual companionway colossi Curtis sphalerite hamper risen Iowa sinh monotonous dreadnought Gilmore simulate Stephen Hewlett Hindi Zorn bus lordosis is Elizabethan Darwin Andersen extrovert Tucson taft Amtrak jolt creekside bowman covariate Halstead wrap hydro Injun clause shifty transfuse catenate thirteen broil barnacle yearn gemsbok depth PDP limitate connubial Winchester FPC Dominican Irvin walkout Mesopotamia jewel yin jewel Mesopotamia walkout Irvin Dominican FPC Winchester connubial limitate PDP depth gemsbok yearn barnacle broil thirteen catenate transfuse shifty clause Injun hydro wrap Halstead covariate bowman creekside jolt Amtrak taft Tucson extrovert Andersen Darwin Elizabethan is lordosis bus Zorn Hindi Hewlett Stephen simulate Gilmore dreadnought monotonous sinh Iowa risen hamper sphalerite Curtis colossi companionway conceptual funky phylogenetic embassy cytolysis fulsome trill woebegone
100
Andersen Andersen
Auberge Auberge
Curtis Curtis
Darwin Darwin
December December
Durango Durango
Fisk Fisk
Gilmore Gilmore
Goodrich Goodrich
Hewlett Hewlett
Irvin Irvin
Isfahan Isfahan
McCall McCall
Modesto Modesto
PDP PDP
Reilly Reilly
Rodney Rodney
Simon Simon
Stephen Stephen
Sunday Sunday
Tucson Tucson
Vega Vega
Wheller Wheller
Winchester Winchester
Zorn Zorn
administer administer
anvil anvil
archive archive
babysat babysat
backplate backplate
barnacle barnacle
bat bat
bifurcate bifurcate
broil broil
bunch bunch
car car
casserole casserole
catenate catenate
choice choice
coarse coarse
connubial connubial
deduce deduce
diligent diligent
directory directory
dreadnought dreadnought
dull dull
embroil embroil
equipping equipping
exothermic exothermic
explosion explosion
extrovert extrovert
felony felony
fulsome fulsome
funky funky
funny funny
griddle griddle
icon icon
illusion illusion
imperishable imperishable
inform inform
involuntary involuntary
limitate limitate
mack mack
mediate mediate
midstream midstream
millennium millennium
mitre mitre
monotonous monotonous
noon noon
numerology numerology
oriole oriole
papal papal
postscript postscript
relaxation relaxation
renaissance renaissance
secondary secondary
septillion septillion
shovel shovel
silage silage
simulate simulate
sinh sinh
slowdown slowdown
softball softball
sphalerite sphalerite
spill spill
stanza stanza
swingy swingy
swordfish swordfish
tate tate
thirteen thirteen
thoroughfare thoroughfare
transfuse transfuse
transonic transonic
trimester trimester
update update
viscous viscous
whatsoever whatsoever
wingspread wingspread
yearn yearn
yogurt yogurt
