exothermic brook millennium intangible Tucson namesake FPC whatsoever extrovert Andersen McCall sacrifice McCall Andersen extrovert whatsoever FPC namesake Tucson intangible millennium brook exothermic shovel decor slowdown wafer swordfish yogurt Dominican felony Irvin Fisk coarse tate midget lordosis swordtail Sicilian Halstead embroil barnacle schedule stanza imperishable choice embassy illusion anvil involuntary Curtis Injun Bernini amateur Bleeker Hewlett oriole confrontation Iowa combine trill combine Iowa confrontation oriole Hewlett Bleeker amateur Bernini Injun Curtis involuntary anvil illusion embassy choice imperishable stanza schedule barnacle embroil Halstead Sicilian swordtail lordosis midget tate coarse Fisk Irvin felony Dominican yogurt swordfish wafer slowdown decor shovel exothermic
25
Andersen Andersen
Bernini Bernini
Curtis Curtis
FPC FPC
Halstead Halstead
Injun Injun
Iowa Iowa
Irvin Irvin
McCall McCall
Tucson Tucson
amateur amateur
coarse coarse
combine combine
decor decor
extrovert extrovert
felony felony
lordosis lordosis
midget midget
namesake namesake
sacrifice sacrifice
shovel shovel
swordfish swordfish
trill trill
wafer wafer
yogurt yogurt
