1 9 72 73 74 45 35 84 85 86 87 40 117 116 118 119 120 121 122 123 8 56 57 39 52 51 4 26 100 99 98 97 3 112 111 38 61 60 17 43 27 19 37 6 30 95 93 92 94 96 29 129 128 127 126 125 124 20 115 114 113 47 141 140 143 140 141 47 113 114 115 20 124 125 126 127 128 129 29 96 94 92 93 95 30 6 37 19 27 43 17 60 61 38 111 112 3 97 98 99 100 26 4 51 52 39 57 56 8 123 122 121 120 119 118 116 117 40 87 86 85 84 35 45 74 73 72 9 1 49 50 34 77 78 79 13 109 110 36 18 7 28 83 82 21 138 139 32 135 136 137 41 106 105 107 108 23 55 53 54 46 33 15 12 59 58 48 5 90 91 16 22 71 69 67 66 68 70 31 44 102 101 103 104 42 89 88 24 134 133 131 130 132 10 76 75 14 25 80 81 2 62 63 64 65 11 142 144 142 11 65 64 63 62 2 81 80 25 14 75 76 10 132 130 131 133 134 24 88 89 42 104 103 101 102 44 31 70 68 66 67 69 71 22 16 91 90 5 48 58 59 12 15 33 46 54 53 55 23 108 107 105 106 41 137 136 135 32 139 138 21 82 83 28 7 18 36 110 109 13 79 78 77 34 50 49 1
96
49 49
50 50
51 51
52 52
53 53
54 54
55 55
56 56
57 57
58 58
59 59
60 60
61 61
62 62
63 63
64 64
65 65
66 66
67 67
68 68
69 69
70 70
71 71
72 72
73 73
74 74
75 75
76 76
77 77
78 78
79 79
80 80
81 81
82 82
83 83
84 84
85 85
86 86
87 87
88 88
89 89
90 90
91 91
92 92
93 93
94 94
95 95
96 96
97 97
98 98
99 99
100 100
101 101
102 102
103 103
104 104
105 105
106 106
107 107
108 108
109 109
110 110
111 111
112 112
113 113
114 114
115 115
116 116
117 117
118 118
119 119
120 120
121 121
122 122
123 123
124 124
125 125
126 126
127 127
128 128
129 129
130 130
131 131
132 132
133 133
134 134
135 135
136 136
137 137
138 138
139 139
140 140
141 141
142 142
143 143
144 144
