1 79 78 11 23 55 54 53 24 10 65 63 64 20 33 46 82 83 36 18 7 28 60 59 42 49 16 22 81 80 32 39 69 68 70 71 40 15 12 52 50 51 26 4 67 66 8 38 90 92 3 41 94 41 3 92 90 38 8 66 67 4 26 51 50 52 12 15 40 71 70 68 69 39 32 80 81 22 16 49 42 59 60 28 7 18 36 83 82 46 33 20 64 63 65 10 24 53 54 55 23 11 78 79 1 9 84 85 86 25 13 58 56 57 2 29 73 72 74 75 45 35 87 88 48 5 76 77 44 31 91 89 14 34 62 61 21 47 93 95 30 6 37 19 27 43 17 96 17 43 27 19 37 6 30 95 93 47 21 61 62 34 14 89 91 31 44 77 76 5 48 88 87 35 45 75 74 72 73 29 2 57 56 58 13 25 86 85 84 9 1
48
49 49
50 50
51 51
52 52
53 53
54 54
55 55
56 56
57 57
58 58
59 59
60 60
61 61
62 62
63 63
64 64
65 65
66 66
67 67
68 68
69 69
70 70
71 71
72 72
73 73
74 74
75 75
76 76
77 77
78 78
79 79
80 80
81 81
82 82
83 83
84 84
85 85
86 86
87 87
88 88
89 89
90 90
91 91
92 92
93 93
94 94
95 95
96 96
