1 13 2 15 9 dgndkq itizxl dfkzik pecqdq ndksiu vprasu ragwaz vprasu ndksiu pecqdq dfkzik itizxl dgndkq 9 15 2 13 1 11 4 6 8 10 14 12 3 7 5 jjhfbf aiahrn fncbor wdukvg eecyyi mxfjog hkmvzs dwtmye adnqny xzpwqp htnufq bdkbsl zfpeyb obygpx qmrpna qmdppc eaxqgg atjnbp bvxxxl zmlind czhzrf enyiik eofvmz enyiik czhzrf zmlind bvxxxl atjnbp eaxqgg qmdppc qmrpna obygpx zfpeyb bdkbsl htnufq xzpwqp adnqny dwtmye hkmvzs mxfjog eecyyi wdukvg fncbor aiahrn jjhfbf 5 7 3 12 14 10 8 6 4 11 1
22
eecyyi eecyyi
mxfjog mxfjog
wdukvg wdukvg
hkmvzs hkmvzs
fncbor fncbor
dwtmye dwtmye
aiahrn aiahrn
adnqny adnqny
jjhfbf jjhfbf
xzpwqp xzpwqp
htnufq htnufq
bdkbsl bdkbsl
zfpeyb zfpeyb
obygpx obygpx
qmrpna qmrpna
qmdppc qmdppc
dgndkq dgndkq
eaxqgg eaxqgg
itizxl itizxl
atjnbp atjnbp
dfkzik dfkzik
bvxxxl bvxxxl
