ctUVEJSyNR Z82QDWb0Pr aU8DhVMUfY U5XdtBFGOe osdKgXyg1e MuYreynm57 f91pUtm9EZ RLF9v27sOQ aUbShUrdkZ RLF9v27sOQ f91pUtm9EZ MuYreynm57 osdKgXyg1e U5XdtBFGOe aU8DhVMUfY Z82QDWb0Pr ctUVEJSyNR vzXeZbLrSW UphA2uAaYC HEqjxwCWnl IU0Ia8127Z HTp005294X O1KJBq3Gfw jKpmFoejPZ 6lpxgUxCxO oPQmRUijH5 sY3UqAEMG3 HG8olhhcTZ oWdH0Xcxwv itxsAH2eBE 49j9bb4FwD JagiZ1urqa 7d3UA4fKWz 8Jejdr7ynm QwY2G6aX6c UX9cuf8Obj OhLW7kGQcM VBTKstUXwG 8UaR4YpZys I4iTN5KXjB BtCEVbHoQI VbPBW7rmhF txD9e6zJ8c MzId8uwrPz 1AtHE9Fk5J WujASZ2Phm il87Tf64CR lraBaKP2We vZijjgnvKU gLI8ArV2Ui N4DMbR59L3 qg08r1Pg6g uVIshS2g8a zUWT7uduzq KMo4YIX1eu T3o9dNVbcG TDmNOuGJBk pxgZ5VHtpD TDmNOuGJBk T3o9dNVbcG KMo4YIX1eu zUWT7uduzq uVIshS2g8a qg08r1Pg6g N4DMbR59L3 gLI8ArV2Ui vZijjgnvKU lraBaKP2We il87Tf64CR WujASZ2Phm 1AtHE9Fk5J MzId8uwrPz txD9e6zJ8c VbPBW7rmhF BtCEVbHoQI I4iTN5KXjB 8UaR4YpZys VBTKstUXwG OhLW7kGQcM UX9cuf8Obj QwY2G6aX6c 8Jejdr7ynm 7d3UA4fKWz JagiZ1urqa 49j9bb4FwD itxsAH2eBE oWdH0Xcxwv HG8olhhcTZ sY3UqAEMG3 oPQmRUijH5 6lpxgUxCxO jKpmFoejPZ O1KJBq3Gfw HTp005294X IU0Ia8127Z HEqjxwCWnl UphA2uAaYC vzXeZbLrSW ctUVEJSyNR
25
U5XdtBFGOe U5XdtBFGOe
8UaR4YpZys 8UaR4YpZys
zUWT7uduzq zUWT7uduzq
6lpxgUxCxO 6lpxgUxCxO
Z82QDWb0Pr Z82QDWb0Pr
VBTKstUXwG VBTKstUXwG
osdKgXyg1e osdKgXyg1e
oPQmRUijH5 oPQmRUijH5
I4iTN5KXjB I4iTN5KXjB
T3o9dNVbcG T3o9dNVbcG
8Jejdr7ynm 8Jejdr7ynm
gLI8ArV2Ui gLI8ArV2Ui
HG8olhhcTZ HG8olhhcTZ
IU0Ia8127Z IU0Ia8127Z
MuYreynm57 MuYreynm57
7d3UA4fKWz 7d3UA4fKWz
qg08r1Pg6g qg08r1Pg6g
RLF9v27sOQ RLF9v27sOQ
TDmNOuGJBk TDmNOuGJBk
MzId8uwrPz MzId8uwrPz
BtCEVbHoQI BtCEVbHoQI
QwY2G6aX6c QwY2G6aX6c
vzXeZbLrSW vzXeZbLrSW
f91pUtm9EZ f91pUtm9EZ
UphA2uAaYC UphA2uAaYC
