g3ylJsdLuC idQHxtSnxr BUMLJo6sc3 jPXsbXPNMq j98kcW9qGB z8wUSSybzM gTAImjNH8G 7ZWqK2F5XG 0SQlBVJ1YY 0mnwiU4XrT 9LabQjTqkn vUu8ijgxxf DJYFSgxecW t25XjDwQhD 8ZKCAWlImg tubjzjzUpV M2hatQPY96 CxfzSa2YOV 2q1lo9tSYb wRn7Oi1bcW xjSWG1YKh9 1KJyArncTt XlU2fx0ZPn BNkM7qaRNw yky49wE4YG Pv5LMSkQii rVrpShxAxl faoQv8TBlx srT70dfQEr Pz3egMzKU8 gZXiityEnU J3muHocLp9 gNPoyTno9C AOdvD4kI7u 0hs3CNDF4L nFqfAnhO3U euuICgBLD4 sxXDJEzMkM mcFTstBR1U I6HmSOF6YH t85IIqKEZh onlLq65Azx Cqa6jMOeIY 6LMX14aEdy O6QhQ7e2YE 4TTtdOaCTp uqBwmUCwgE u4FAx2sHZm 2OsmeZV9xh 0wTk0mYkLH 5gZkkIkl56 Qbef1n83yE uIf3wnJUdn fXy828RCG4 KUJdxKVZFO 7g0Idy1nzK 03xK87sjTf nKHFs5cKTX Oiowits7js 12ECENJIev HHHZ1vC1rP WCfxK7Y8pw 49R5E9I4Wp K05xB79KZo Bx61hYSyg6 bWDewy6WbV s3eMpsYH00 oIVQ2qkgnR bhojeHeddF 2nSOTVmvxV TP2TNyk7wl CYkwKg8CjQ hiOG1rve27 RxW7o7Y2pP 9ZP8NtfLqm S8BtTu4yH9 WAi18jd2vJ Tk8ERvdKxF oCk2Yieytb 33omYiVXOD 5SSy593K31 qqiMfzDvYA JGKb2VpmRc 7wS9dKOnJR 723MhcLxt0 TBzLS0OAYU Q2bVxDrpEx bserQRNqfz KpxiCfRqh3 WYEDqSuNRX oEdovEhrWM wiMdNn30Xd q3brjZkhs5 WvFZJEkTrw aEo62SfMqH biWuM2iRnz mok9StGG0X jWGPBjgoMW MXIvZpEPtW pWVnBerIra IT4pKw3giW 8KtuAXHUy3 EG1t1o8YrR fWIjO8yhE3 x066w6eh4W 1N2P3Sa7im u4LnQNaaiz p3w5kcAaF0 N6YnWF3Aqg 5hWe1EOa3M LIaAthcOOG LeZK9UvMT9 vnZBjkVngj IGpxjveim7 yvMowGbkvn QOx0Q2p9eD 5sNanI9agV CUEWGmB7Gt dMOAUqH7Z3 mbSdju1TJK 1TfvXd6dPZ dC48GQHGzO RN0bCAV6rQ pk0Vh75DnH 2fevl06VRg yUArOGL7bN 6akdokYv9t QrJxLpX875 dj8JMfo3hX 4znnlMjVra kwH6Lwl5ed uvoepIQg9n IA0Uf143OT JD3uem81Lg D0kECQ0RvI emYRLTiyj9 2eMl9AO5o8 oWmQcQwHPo oVMPVsMWrZ g2I4si69gU Qu2MUNKITj yU6iUY8YgO XOxGPscMMG dqqG7Zio8x 2O61j91J3T jVW9blzudJ 2S929yZddP YpRs8m6oyX FmtLnHv2HY GQ4F0g3Mdj XW1Wn7EqpN rCoEuOa7EU RUc8Sio5IX WRd4lScvm6 lfdanPGo3c Pijq8aHqIR qnkfLCmfDn QTNhZIciNJ CSjLrGbUz3 xtp1B5q0W1 AXNCIbkEJh WRgtAPt4eZ r8njDwxc2t FqFik17fFH WDULGPTRTU AlEhnWGqVG AL20k9yp9D z9nRKYQ1ub ZjhU7PWKtj WcyuqGYOzU O4Rh9n5Clo PcFJuErB3q FvzkpZRSj8 YAqGe4tKAP VpC9l6m3bG ZqWjuL44qr jBYJ7v19BQ qjDSEKmZMW vLjEFrUVJv pKK7T4agKn TyL7NE2puV mwzQG3SxnO 97ZNlakBoq TSSOUimHPg LCKLTNE1vp uNliYB9ELN x7iq98BiN3 eV8Vk47Uma AOmNEQMr29 KHDeTTvJC1 h5Si5BAPN0 fecMfiAuGC vajlhYBumL 1QXjsHNYao KO0qxEFqYe PY68abXYga s4xBpV0FQ8 KZfI0wRW9K bsEkAY2K41 Q1N77BLmyb bsEkAY2K41 KZfI0wRW9K s4xBpV0FQ8 PY68abXYga KO0qxEFqYe 1QXjsHNYao vajlhYBumL fecMfiAuGC h5Si5BAPN0 KHDeTTvJC1 AOmNEQMr29 eV8Vk47Uma x7iq98BiN3 uNliYB9ELN LCKLTNE1vp TSSOUimHPg 97ZNlakBoq mwzQG3SxnO TyL7NE2puV pKK7T4agKn vLjEFrUVJv qjDSEKmZMW jBYJ7v19BQ ZqWjuL44qr VpC9l6m3bG YAqGe4tKAP FvzkpZRSj8 PcFJuErB3q O4Rh9n5Clo WcyuqGYOzU ZjhU7PWKtj z9nRKYQ1ub AL20k9yp9D AlEhnWGqVG WDULGPTRTU FqFik17fFH r8njDwxc2t WRgtAPt4eZ AXNCIbkEJh xtp1B5q0W1 CSjLrGbUz3 QTNhZIciNJ qnkfLCmfDn Pijq8aHqIR lfdanPGo3c WRd4lScvm6 RUc8Sio5IX rCoEuOa7EU XW1Wn7EqpN GQ4F0g3Mdj FmtLnHv2HY YpRs8m6oyX 2S929yZddP jVW9blzudJ 2O61j91J3T dqqG7Zio8x XOxGPscMMG yU6iUY8YgO Qu2MUNKITj g2I4si69gU oVMPVsMWrZ oWmQcQwHPo 2eMl9AO5o8 emYRLTiyj9 D0kECQ0RvI JD3uem81Lg IA0Uf143OT uvoepIQg9n kwH6Lwl5ed 4znnlMjVra dj8JMfo3hX QrJxLpX875 6akdokYv9t yUArOGL7bN 2fevl06VRg pk0Vh75DnH RN0bCAV6rQ dC48GQHGzO 1TfvXd6dPZ mbSdju1TJK dMOAUqH7Z3 CUEWGmB7Gt 5sNanI9agV QOx0Q2p9eD yvMowGbkvn IGpxjveim7 vnZBjkVngj LeZK9UvMT9 LIaAthcOOG 5hWe1EOa3M N6YnWF3Aqg p3w5kcAaF0 u4LnQNaaiz 1N2P3Sa7im x066w6eh4W fWIjO8yhE3 EG1t1o8YrR 8KtuAXHUy3 IT4pKw3giW pWVnBerIra MXIvZpEPtW jWGPBjgoMW mok9StGG0X biWuM2iRnz aEo62SfMqH WvFZJEkTrw q3brjZkhs5 wiMdNn30Xd oEdovEhrWM WYEDqSuNRX KpxiCfRqh3 bserQRNqfz Q2bVxDrpEx TBzLS0OAYU 723MhcLxt0 7wS9dKOnJR JGKb2VpmRc qqiMfzDvYA 5SSy593K31 33omYiVXOD oCk2Yieytb Tk8ERvdKxF WAi18jd2vJ S8BtTu4yH9 9ZP8NtfLqm RxW7o7Y2pP hiOG1rve27 CYkwKg8CjQ TP2TNyk7wl 2nSOTVmvxV bhojeHeddF oIVQ2qkgnR s3eMpsYH00 bWDewy6WbV Bx61hYSyg6 K05xB79KZo 49R5E9I4Wp WCfxK7Y8pw HHHZ1vC1rP 12ECENJIev Oiowits7js nKHFs5cKTX 03xK87sjTf 7g0Idy1nzK KUJdxKVZFO fXy828RCG4 uIf3wnJUdn Qbef1n83yE 5gZkkIkl56 0wTk0mYkLH 2OsmeZV9xh u4FAx2sHZm uqBwmUCwgE 4TTtdOaCTp O6QhQ7e2YE 6LMX14aEdy Cqa6jMOeIY onlLq65Azx t85IIqKEZh I6HmSOF6YH mcFTstBR1U sxXDJEzMkM euuICgBLD4 nFqfAnhO3U 0hs3CNDF4L AOdvD4kI7u gNPoyTno9C J3muHocLp9 gZXiityEnU Pz3egMzKU8 srT70dfQEr faoQv8TBlx rVrpShxAxl Pv5LMSkQii yky49wE4YG BNkM7qaRNw XlU2fx0ZPn 1KJyArncTt xjSWG1YKh9 wRn7Oi1bcW 2q1lo9tSYb CxfzSa2YOV M2hatQPY96 tubjzjzUpV 8ZKCAWlImg t25XjDwQhD DJYFSgxecW vUu8ijgxxf 9LabQjTqkn 0mnwiU4XrT 0SQlBVJ1YY 7ZWqK2F5XG gTAImjNH8G z8wUSSybzM j98kcW9qGB jPXsbXPNMq BUMLJo6sc3 idQHxtSnxr g3ylJsdLuC
100
lfdanPGo3c lfdanPGo3c
S8BtTu4yH9 S8BtTu4yH9
0wTk0mYkLH 0wTk0mYkLH
Q1N77BLmyb Q1N77BLmyb
qjDSEKmZMW qjDSEKmZMW
12ECENJIev 12ECENJIev
oCk2Yieytb oCk2Yieytb
CUEWGmB7Gt CUEWGmB7Gt
s3eMpsYH00 s3eMpsYH00
YpRs8m6oyX YpRs8m6oyX
TBzLS0OAYU TBzLS0OAYU
XW1Wn7EqpN XW1Wn7EqpN
WcyuqGYOzU WcyuqGYOzU
bhojeHeddF bhojeHeddF
uIf3wnJUdn uIf3wnJUdn
WRd4lScvm6 WRd4lScvm6
Pz3egMzKU8 Pz3egMzKU8
z9nRKYQ1ub z9nRKYQ1ub
h5Si5BAPN0 h5Si5BAPN0
CxfzSa2YOV CxfzSa2YOV
1TfvXd6dPZ 1TfvXd6dPZ
Pijq8aHqIR Pijq8aHqIR
WAi18jd2vJ WAi18jd2vJ
oEdovEhrWM oEdovEhrWM
LeZK9UvMT9 LeZK9UvMT9
uvoepIQg9n uvoepIQg9n
0mnwiU4XrT 0mnwiU4XrT
gZXiityEnU gZXiityEnU
5SSy593K31 5SSy593K31
yvMowGbkvn yvMowGbkvn
u4LnQNaaiz u4LnQNaaiz
g2I4si69gU g2I4si69gU
IT4pKw3giW IT4pKw3giW
QrJxLpX875 QrJxLpX875
yky49wE4YG yky49wE4YG
Pv5LMSkQii Pv5LMSkQii
2O61j91J3T 2O61j91J3T
idQHxtSnxr idQHxtSnxr
Oiowits7js Oiowits7js
mbSdju1TJK mbSdju1TJK
KUJdxKVZFO KUJdxKVZFO
GQ4F0g3Mdj GQ4F0g3Mdj
oIVQ2qkgnR oIVQ2qkgnR
RN0bCAV6rQ RN0bCAV6rQ
tubjzjzUpV tubjzjzUpV
03xK87sjTf 03xK87sjTf
M2hatQPY96 M2hatQPY96
97ZNlakBoq 97ZNlakBoq
bsEkAY2K41 bsEkAY2K41
bWDewy6WbV bWDewy6WbV
WvFZJEkTrw WvFZJEkTrw
dj8JMfo3hX dj8JMfo3hX
aEo62SfMqH aEo62SfMqH
r8njDwxc2t r8njDwxc2t
IA0Uf143OT IA0Uf143OT
BNkM7qaRNw BNkM7qaRNw
pk0Vh75DnH pk0Vh75DnH
xtp1B5q0W1 xtp1B5q0W1
fecMfiAuGC fecMfiAuGC
K05xB79KZo K05xB79KZo
FvzkpZRSj8 FvzkpZRSj8
KHDeTTvJC1 KHDeTTvJC1
oWmQcQwHPo oWmQcQwHPo
4znnlMjVra 4znnlMjVra
qnkfLCmfDn qnkfLCmfDn
CSjLrGbUz3 CSjLrGbUz3
t25XjDwQhD t25XjDwQhD
KpxiCfRqh3 KpxiCfRqh3
jPXsbXPNMq jPXsbXPNMq
JD3uem81Lg JD3uem81Lg
TP2TNyk7wl TP2TNyk7wl
7g0Idy1nzK 7g0Idy1nzK
723MhcLxt0 723MhcLxt0
mwzQG3SxnO mwzQG3SxnO
oVMPVsMWrZ oVMPVsMWrZ
nKHFs5cKTX nKHFs5cKTX
Tk8ERvdKxF Tk8ERvdKxF
dMOAUqH7Z3 dMOAUqH7Z3
yU6iUY8YgO yU6iUY8YgO
wRn7Oi1bcW wRn7Oi1bcW
TyL7NE2puV TyL7NE2puV
XlU2fx0ZPn XlU2fx0ZPn
QTNhZIciNJ QTNhZIciNJ
onlLq65Azx onlLq65Azx
emYRLTiyj9 emYRLTiyj9
0hs3CNDF4L 0hs3CNDF4L
srT70dfQEr srT70dfQEr
vUu8ijgxxf vUu8ijgxxf
BUMLJo6sc3 BUMLJo6sc3
LCKLTNE1vp LCKLTNE1vp
2OsmeZV9xh 2OsmeZV9xh
x7iq98BiN3 x7iq98BiN3
biWuM2iRnz biWuM2iRnz
YAqGe4tKAP YAqGe4tKAP
fXy828RCG4 fXy828RCG4
1QXjsHNYao 1QXjsHNYao
jBYJ7v19BQ jBYJ7v19BQ
2S929yZddP 2S929yZddP
u4FAx2sHZm u4FAx2sHZm
8KtuAXHUy3 8KtuAXHUy3
