1 o N I 1aH Y B 1aE s O 1aG 1aS 7 d E i 1bB S j A c 1aY p 4 F Q 1bI u b v 1bC 1bD 9 Z 1aL M 1aI R x 1bJ z 1aW h 1bF 1aJ q 1bK 1bL 1aZ H 1aC L 1aF t g K W C w 1bH 8 1bA 1aP V a 1bG 1aN 1aB 1bE 5 1aT 1aK 1bM 1aV 1aO J U 1aX r 1aU r 1aX U J 1aO 1aV 1bM 1aK 1aT 5 1bE 1aB 1aN 1bG a V 1aP 1bA 8 1bH w C W K g t 1aF L 1aC H 1aZ 1bL 1bK q 1aJ 1bF h 1aW z 1bJ x R 1aI M 1aL Z 9 1bD 1bC v b u 1bI Q F 4 p 1aY c A j S 1bB i E d 7 1aS 1aG O s 1aE B Y 1aH I N o 1 G k n 1aM 1aR m 1aD 1aQ X f 3 1aA y P T D e 6 l 2 l 6 e D T P y 1aA 3 f X 1aQ 1aD m 1aR 1aM n k G 1
50
1aA 1aA
1aB 1aB
1aC 1aC
1aD 1aD
1aF 1aF
1aG 1aG
1aJ 1aJ
1aK 1aK
1aL 1aL
1aN 1aN
1aQ 1aQ
1aR 1aR
1aT 1aT
1aU 1aU
1aV 1aV
1aW 1aW
1aX 1aX
1aY 1aY
1aZ 1aZ
1bA 1bA
1bB 1bB
1bC 1bC
1bF 1bF
1bG 1bG
1bH 1bH
1bI 1bI
1bK 1bK
1bL 1bL
1bM 1bM
5 5
7 7
8 8
9 9
A A
B B
C C
E E
G G
H H
I I
J J
K K
L L
N N
P P
Q Q
R R
S S
T T
V V
