1 3 1fE 1bH z 1aL z 1bH 1fE 3 1 1fD s 1aS h S 5 1aV 1cJ 1bS 1bI 1aY 1bT 1cL 1eX 1eZ 1bO 1cT 1fB 1dF F U 1fC 1eB 1eH 1dP 1bW 1dR 1dT 8 w 1bN 1bJ 1bY 1cH K 1aK 1cC r 1cM 1dN B 1aX 1cY g 1dD 1bA 1bL 1cI 1dM V 1aF 1cD 1aG 1dG 1cF a u 1aA 1cB P 7 1aU 1cU 1cN 1eP 9 H 1fF m M 1dK 1aM 1dX 1aB 1bK X 1aZ i 1eT 1dB 1eG 1aI 1cK Q 1bE 1dL 1cW 1fA 1eW 1bZ e T 1dA 6 1cP 1fI 1aW 1fH C N x 1cG 1eK t L 1eR 1aR 1aD J 1dV 1cR 1bG 1dO 1dC 1cE 1aT 1eN 1cZ 1eQ 1aN n Z 1dJ D o 1eS y v 1dU 1eE 1dI 1bM 1cV 1dY 1bV E 1dS G 1dZ A 1dE 4 1eL 1eD 1bX q 1bC j 1dW R 1aH 1eV Y 1aC 1eO 1eC 1eJ 1bD 1bF b 1eA f 1dQ 1bB 1cX 1eU 1aO 1bQ 1bR p 1cO 1eF d 1bP c l W 1aP 1dH 1aQ 1eI k 1eY 1cA 1eM 1cS 1aJ 1bU 2 1cQ 1aE O 1fG I 1fG O 1aE 1cQ 2 1bU 1aJ 1cS 1eM 1cA 1eY k 1eI 1aQ 1dH 1aP W l c 1bP d 1eF 1cO p 1bR 1bQ 1aO 1eU 1cX 1bB 1dQ f 1eA b 1bF 1bD 1eJ 1eC 1eO 1aC Y 1eV 1aH R 1dW j 1bC q 1bX 1eD 1eL 4 1dE A 1dZ G 1dS E 1bV 1dY 1cV 1bM 1dI 1eE 1dU v y 1eS o D 1dJ Z n 1aN 1eQ 1cZ 1eN 1aT 1cE 1dC 1dO 1bG 1cR 1dV J 1aD 1aR 1eR L t 1eK 1cG x N C 1fH 1aW 1fI 1cP 6 1dA T e 1bZ 1eW 1fA 1cW 1dL 1bE Q 1cK 1aI 1eG 1dB 1eT i 1aZ X 1bK 1aB 1dX 1aM 1dK M m 1fF H 9 1eP 1cN 1cU 1aU 7 P 1cB 1aA u a 1cF 1dG 1aG 1cD 1aF V 1dM 1cI 1bL 1bA 1dD g 1cY 1aX B 1dN 1cM r 1cC 1aK K 1cH 1bY 1bJ 1bN w 8 1dT 1dR 1bW 1dP 1eH 1eB 1fC U F 1dF 1fB 1cT 1bO 1eZ 1eX 1cL 1bT 1aY 1bI 1bS 1cJ 1aV 5 S h 1aS s 1fD 1
100
1 1
1aA 1aA
1aB 1aB
1aC 1aC
1aE 1aE
1aI 1aI
1aJ 1aJ
1aK 1aK
1aL 1aL
1aM 1aM
1aN 1aN
1aP 1aP
1aQ 1aQ
1aR 1aR
1aS 1aS
1aT 1aT
1aU 1aU
1aV 1aV
1aW 1aW
1aX 1aX
1aY 1aY
1aZ 1aZ
1bA 1bA
1bB 1bB
1bC 1bC
1bD 1bD
1bE 1bE
1bF 1bF
1bG 1bG
1bH 1bH
1bJ 1bJ
1bK 1bK
1bL 1bL
1bM 1bM
1bN 1bN
1bO 1bO
1bP 1bP
1bQ 1bQ
1bR 1bR
1bS 1bS
1bT 1bT
1bU 1bU
1bV 1bV
1bW 1bW
1bX 1bX
1bY 1bY
1cB 1cB
1cC 1cC
1cD 1cD
1cE 1cE
1cF 1cF
1cG 1cG
1cH 1cH
1cI 1cI
1cJ 1cJ
1cK 1cK
1cN 1cN
1cO 1cO
1cP 1cP
1cQ 1cQ
1cR 1cR
1cS 1cS
1cT 1cT
1cU 1cU
1cV 1cV
1cW 1cW
1cX 1cX
1cY 1cY
1cZ 1cZ
1dA 1dA
1dC 1dC
1dD 1dD
1dE 1dE
1dF 1dF
1dG 1dG
1dH 1dH
1dI 1dI
1dJ 1dJ
1dK 1dK
1dM 1dM
1dN 1dN
1dO 1dO
1dP 1dP
1dR 1dR
1dS 1dS
1dT 1dT
1dV 1dV
1dW 1dW
1dY 1dY
1dZ 1dZ
1eA 1eA
1eB 1eB
1eC 1eC
1eD 1eD
1eE 1eE
1eF 1eF
1eG 1eG
1eH 1eH
1eI 1eI
1eJ 1eJ
