5 58 35 68 72 10 78 83 61 22 85 57 85 22 61 83 78 10 72 68 35 58 5 24 99 13 88 89 90 15 55 7 37 36 12 82 67 62 9 11 71 87 30 49 66 91 14 27 75 40 32 8 25 50 73 6 64 93 79 4 51 47 17 19 23 42 38 1 92 81 95 43 45 16 0 86 26 33 65 21 53 98 41 18 60 59 39 56 34 77 29 3 70 46 28 44 97 63 52 96 76 80 20 69 74 84 94 48 54 31 2 31 54 48 94 84 74 69 20 80 76 96 52 63 97 44 28 46 70 3 29 77 34 56 39 59 60 18 41 98 53 21 65 33 26 86 0 16 45 43 95 81 92 1 38 42 23 19 17 47 51 4 79 93 64 6 73 50 25 8 32 40 75 27 14 91 66 49 30 87 71 11 9 62 67 82 12 36 37 7 55 15 90 89 88 13 99 24 5
50
87 87
46 46
6 6
22 22
30 30
75 75
18 18
92 92
45 45
34 34
1 1
4 4
47 47
27 27
52 52
78 78
85 85
98 98
53 53
62 62
60 60
13 13
44 44
81 81
88 88
82 82
42 42
69 69
95 95
36 36
76 76
39 39
24 24
0 0
40 40
84 84
91 91
11 11
43 43
67 67
93 93
97 97
64 64
55 55
15 15
74 74
99 99
23 23
14 14
5 5
