153 165 134 24 1 119 81 108 41 196 13 86 22 110 42 198 127 55 142 23 151 147 199 189 78 102 169 35 177 51 171 92 83 105 94 193 179 111 37 160 2 100 56 162 163 14 191 101 122 187 17 48 103 98 88 6 133 172 26 11 71 79 125 113 62 74 97 107 15 173 159 49 167 33 136 181 117 135 194 146 152 59 28 72 31 4 67 164 182 75 16 144 46 126 124 76 7 20 89 114 44 10 87 50 156 9 143 158 96 128 64 150 168 66 190 91 19 186 52 137 68 118 69 192 5 29 112 116 175 27 53 77 95 161 60 0 139 43 154 85 131 138 61 140 80 39 70 180 130 73 132 73 130 180 70 39 80 140 61 138 131 85 154 43 139 0 60 161 95 77 53 27 175 116 112 29 5 192 69 118 68 137 52 186 19 91 190 66 168 150 64 128 96 158 143 9 156 50 87 10 44 114 89 20 7 76 124 126 46 144 16 75 182 164 67 4 31 72 28 59 152 146 194 135 117 181 136 33 167 49 159 173 15 107 97 74 62 113 125 79 71 11 26 172 133 6 88 98 103 48 17 187 122 101 191 14 163 162 56 100 2 160 37 111 179 193 94 105 83 92 171 51 177 35 169 102 78 189 199 147 151 23 142 55 127 198 42 110 22 86 13 196 41 108 81 119 1 24 134 165 153 170 32 183 30 34 123 58 47 120 36 188 106 93 12 129 157 174 84 21 184 18 63 141 54 166 145 99 109 104 176 45 155 195 25 178 121 197 115 3 185 90 38 40 82 149 148 65 57 8 57 65 148 149 82 40 38 90 185 3 115 197 121 178 25 195 155 45 176 104 109 99 145 166 54 141 63 18 184 21 84 174 157 129 12 93 106 188 36 120 47 58 123 34 30 183 32 170 153
100
168 168
127 127
29 29
150 150
12 12
119 119
81 81
140 140
196 196
145 145
126 126
118 118
2 2
58 58
15 15
26 26
13 13
124 124
86 86
113 113
21 21
3 3
197 197
160 160
68 68
70 70
182 182
90 90
89 89
37 37
112 112
4 4
163 163
16 16
11 11
98 98
178 178
153 153
135 135
156 156
52 52
8 8
47 47
61 61
188 188
137 137
40 40
41 41
93 93
194 194
172 172
129 129
120 120
60 60
49 49
42 42
138 138
56 56
36 36
122 122
96 96
23 23
184 184
7 7
95 95
99 99
88 88
19 19
35 35
74 74
177 177
192 192
167 167
53 53
180 180
128 128
161 161
136 136
131 131
187 187
146 146
169 169
0 0
152 152
108 108
77 77
34 34
134 134
83 83
195 195
170 170
43 43
147 147
79 79
20 20
171 171
179 179
5 5
28 28
50 50
