y1ueyuwp vy9v6nnzx 783c5j65ui wucvjdj mqt67y9n o8v5h74 bh5o9stvk7 hk8azedo934p3 g7pgjjh6 my85gnmouy kab7t8o7qjj sv1bfs4 38s4jyp4eu nnie92a fhrrge m48nzuh bmicm4au j2pso94 fb1k5fttu6 p5kt5ib5v8 umnww3 l9o31o qde64o9i3e 2bwd2j f3vyq53xc 9956fi vehkyi71w z3qc9ub eq5c5ygub w4qoh15 8eg2mee nu38y4r5 ap28w d37uowoo2 swoprer 5x4zmawq3cs ngl6ujj91 kch7lui7 t9z1zz96r zwcak5jfw u4xzrfm7f kc3zwg52 jjeivv4j55 p4fcg3ba vn24bhq q2cvwfhr6pl5 cugvgbo6wl q2cvwfhr6pl5 vn24bhq p4fcg3ba jjeivv4j55 kc3zwg52 u4xzrfm7f zwcak5jfw t9z1zz96r kch7lui7 ngl6ujj91 5x4zmawq3cs swoprer d37uowoo2 ap28w nu38y4r5 8eg2mee w4qoh15 eq5c5ygub z3qc9ub vehkyi71w 9956fi f3vyq53xc 2bwd2j qde64o9i3e l9o31o umnww3 p5kt5ib5v8 fb1k5fttu6 j2pso94 bmicm4au m48nzuh fhrrge nnie92a 38s4jyp4eu sv1bfs4 kab7t8o7qjj my85gnmouy g7pgjjh6 hk8azedo934p3 bh5o9stvk7 o8v5h74 mqt67y9n wucvjdj 783c5j65ui vy9v6nnzx y1ueyuwp oso2xmpn1i uus7jirbe u3hrcbx4 6cobswykzz 8erlfq rkd38ui5s4 v1cixzc 9ii2rucyn 8t9i4yy yik8cqxn2 quxig9xz2 h5k2yge4 6u33i 2y9obuu p53u2x9bku99j t9q1ztn8723 n7ezpoxxjz dwkx4qna9 yida2btlrgcd2it ywksl5wd 4cddmu86gmo 95nsenz6 semnfibvvw 6knvi15aqo dwpot1sud 2jba9pca ehy39 vat23asx gqjnkh qlbdmc rp7qqdx12pxp3 8rzfxob6lso8 k3bqrx 31raz5hp9v m6ncea3 3hlob94j5u oyoi4md61 b7of9a vnsdusp u1p7t48fr5 6irox6z 8cfvpx26xwcwt 7og7qr4t86 q847myi svhmnjst1e h8f7kmt2t l12pu wumltwm xllfi9b 6wzv62g osiicb1mi85 yfvnawh2c2 5x4netz yfvnawh2c2 osiicb1mi85 6wzv62g xllfi9b wumltwm l12pu h8f7kmt2t svhmnjst1e q847myi 7og7qr4t86 8cfvpx26xwcwt 6irox6z u1p7t48fr5 vnsdusp b7of9a oyoi4md61 3hlob94j5u m6ncea3 31raz5hp9v k3bqrx 8rzfxob6lso8 rp7qqdx12pxp3 qlbdmc gqjnkh vat23asx ehy39 2jba9pca dwpot1sud 6knvi15aqo semnfibvvw 95nsenz6 4cddmu86gmo ywksl5wd yida2btlrgcd2it dwkx4qna9 n7ezpoxxjz t9q1ztn8723 p53u2x9bku99j 2y9obuu 6u33i h5k2yge4 quxig9xz2 yik8cqxn2 8t9i4yy 9ii2rucyn v1cixzc rkd38ui5s4 8erlfq 6cobswykzz u3hrcbx4 uus7jirbe oso2xmpn1i y1ueyuwp
43
7og7qr4t86 7og7qr4t86
3hlob94j5u 3hlob94j5u
8cfvpx26xwcwt 8cfvpx26xwcwt
svhmnjst1e svhmnjst1e
4cddmu86gmo 4cddmu86gmo
9956fi 9956fi
u4xzrfm7f u4xzrfm7f
kab7t8o7qjj kab7t8o7qjj
uus7jirbe uus7jirbe
vnsdusp vnsdusp
swoprer swoprer
j2pso94 j2pso94
umnww3 umnww3
ehy39 ehy39
q847myi q847myi
fhrrge fhrrge
yida2btlrgcd2it yida2btlrgcd2it
jjeivv4j55 jjeivv4j55
8eg2mee 8eg2mee
mqt67y9n mqt67y9n
eq5c5ygub eq5c5ygub
l12pu l12pu
kc3zwg52 kc3zwg52
38s4jyp4eu 38s4jyp4eu
31raz5hp9v 31raz5hp9v
yik8cqxn2 yik8cqxn2
xllfi9b xllfi9b
2y9obuu 2y9obuu
bmicm4au bmicm4au
rkd38ui5s4 rkd38ui5s4
kch7lui7 kch7lui7
f3vyq53xc f3vyq53xc
w4qoh15 w4qoh15
95nsenz6 95nsenz6
vehkyi71w vehkyi71w
8erlfq 8erlfq
t9q1ztn8723 t9q1ztn8723
p53u2x9bku99j p53u2x9bku99j
ywksl5wd ywksl5wd
my85gnmouy my85gnmouy
quxig9xz2 quxig9xz2
6u33i 6u33i
2bwd2j 2bwd2j
