htb26qt qvfndvc f9t9in1 pllpn nulw7xl art44ncra 37v6d yr44oj2 p5ujl2azex obabms yjl4q4l zjh83ae yhp7wbv9 tu8xxomxhi siimi45 eb3m8w2lan f92ere3 eb88zd8x vl6czuab 8m3pascg 5b63nad1 7seihxs 5i361v itrx5fucdq 6u4omh ht1efrhmh tbd92q tjwldi euhqqqmdpe onl7cjn vrem3ey3kg44 6a87gkworxixf 7pbkkbbpw 4nwqnlye m5r6ali 87jxa t6jinp xszuhw8lv1 f1bbmjcq hjrkpj3ea pwqxinlzb3s v6tqh432 og6n7bgq8h qypz5m zhyb5y 89ladcv uzsjpl5f5 5nsjpxd 52oycn21v a5u8g4sej yx6dguko p9mtts pxudbw3kn q42s9z886w5 gg7w7g4xq mw8g2qjo1 v5twchi 3uf452o6g zou7sx9w id5491f19 t4iedm k9f3w9 bmq8ez5t w7iil h1gz5hzz b4mzy7ptg 1ca2x2cnc 4wptk69oipw t6fnmkuk xpxnortd 41k7m29wc 188h5ax 52a3fj2zh 9lvbrlgk k3qywmpr 9sp3riwrk66 pe165 u8tp4tq kxhc6t8tu yg6hizqty pt2n7hl 3kxd1h zqteiadetai5 9tdu9g a8n9m6il6 9tdu9g zqteiadetai5 3kxd1h pt2n7hl yg6hizqty kxhc6t8tu u8tp4tq pe165 9sp3riwrk66 k3qywmpr 9lvbrlgk 52a3fj2zh 188h5ax 41k7m29wc xpxnortd t6fnmkuk 4wptk69oipw 1ca2x2cnc b4mzy7ptg h1gz5hzz w7iil bmq8ez5t k9f3w9 t4iedm id5491f19 zou7sx9w 3uf452o6g v5twchi mw8g2qjo1 gg7w7g4xq q42s9z886w5 pxudbw3kn p9mtts yx6dguko a5u8g4sej 52oycn21v 5nsjpxd uzsjpl5f5 89ladcv zhyb5y qypz5m og6n7bgq8h v6tqh432 pwqxinlzb3s hjrkpj3ea f1bbmjcq xszuhw8lv1 t6jinp 87jxa m5r6ali 4nwqnlye 7pbkkbbpw 6a87gkworxixf vrem3ey3kg44 onl7cjn euhqqqmdpe tjwldi tbd92q ht1efrhmh 6u4omh itrx5fucdq 5i361v 7seihxs 5b63nad1 8m3pascg vl6czuab eb88zd8x f92ere3 eb3m8w2lan siimi45 tu8xxomxhi yhp7wbv9 zjh83ae yjl4q4l obabms p5ujl2azex yr44oj2 37v6d art44ncra nulw7xl pllpn f9t9in1 qvfndvc htb26qt 4lvyha1 iffsi dflx2lut hwu8dv9jgknbm czpcwszblx adcxemid7t wqkqf 9oii82xaa zjj1dm8s l8yypbh bp96npcev6ok 29vqtk3x itbc25it1yep 2hzpyd vx6dadli2g 479y34 z4kx8k9 y3eg7gqq6 vqthskq txlltgki ml5lp1nmef 5stwoup cm6lmd765k 6evi4pv qvqqfqui3f82 zxcqho2rbjlhmy8 nd9xavj kxogbftcrw 5nzdw36v hipbkq7s74z 1jhmm8m85 nm7ud qsf54c6a1s23 pmyqr xm1yvdr lg3pxcmyz ysiw8m4l ilaz9q 812l47wm 4ka6l1c8w fgkuly81y aq2rero4e mucolb1r ay5sahonq84 7r5kyxwijn 4w6uhigzl sdmvxrmgbm g3d1x5t915as 3881femiv8 s9vu9xx884 dlkmpx 7hz6j8 qq3mi tpuaixp aplkk57cpzm 44yverx ben42py9 tmyhwxa tq8pgw7ge 2akx591l5c piawzpgtzz9 1161ildqnj ynuam4f8 8jea4n4ez sf9yqti e3z4naodl7 cou34kvbi tfiihyy ic2r4blmm9 rz6wreexh1r ep6eozrh5t e7lxs lyvvnwfs 5612qqmh ushjdkdhm9 gxy4oc4 pgqlp c9c2oc6rv 5xz8hm5sa3 6k7du oafxqw 9egqgrh7x4e kwtb3cg kuxb29 59yzvtv ghvjeizrh r5aqeg7i wepv6d1ee9 ligw3mffc gd5ct4 3w86rqxzpi fl6nxu2p a8cy4e1t8 x73l73jp g2g6fxcwr2l yhvc7zg lnnsb9 hq5mh8mi 6u4sf1gi 8gc7dka8lfy 1ebc3 bu6z3q grn3uqx9y b8apl2kn x1ttaiih9 i6lsw66h jeiqok ozag34bm9 dt4ljfgjkizpq hc2hf5t8 96nf5ma x4ueofmzt fej54ps5j hyc885fvjls 3khitn6 hyc885fvjls fej54ps5j x4ueofmzt 96nf5ma hc2hf5t8 dt4ljfgjkizpq ozag34bm9 jeiqok i6lsw66h x1ttaiih9 b8apl2kn grn3uqx9y bu6z3q 1ebc3 8gc7dka8lfy 6u4sf1gi hq5mh8mi lnnsb9 yhvc7zg g2g6fxcwr2l x73l73jp a8cy4e1t8 fl6nxu2p 3w86rqxzpi gd5ct4 ligw3mffc wepv6d1ee9 r5aqeg7i ghvjeizrh 59yzvtv kuxb29 kwtb3cg 9egqgrh7x4e oafxqw 6k7du 5xz8hm5sa3 c9c2oc6rv pgqlp gxy4oc4 ushjdkdhm9 5612qqmh lyvvnwfs e7lxs ep6eozrh5t rz6wreexh1r ic2r4blmm9 tfiihyy cou34kvbi e3z4naodl7 sf9yqti 8jea4n4ez ynuam4f8 1161ildqnj piawzpgtzz9 2akx591l5c tq8pgw7ge tmyhwxa ben42py9 44yverx aplkk57cpzm tpuaixp qq3mi 7hz6j8 dlkmpx s9vu9xx884 3881femiv8 g3d1x5t915as sdmvxrmgbm 4w6uhigzl 7r5kyxwijn ay5sahonq84 mucolb1r aq2rero4e fgkuly81y 4ka6l1c8w 812l47wm ilaz9q ysiw8m4l lg3pxcmyz xm1yvdr pmyqr qsf54c6a1s23 nm7ud 1jhmm8m85 hipbkq7s74z 5nzdw36v kxogbftcrw nd9xavj zxcqho2rbjlhmy8 qvqqfqui3f82 6evi4pv cm6lmd765k 5stwoup ml5lp1nmef txlltgki vqthskq y3eg7gqq6 z4kx8k9 479y34 vx6dadli2g 2hzpyd itbc25it1yep 29vqtk3x bp96npcev6ok l8yypbh zjj1dm8s 9oii82xaa wqkqf adcxemid7t czpcwszblx hwu8dv9jgknbm dflx2lut iffsi 4lvyha1 htb26qt
84
yhvc7zg yhvc7zg
iffsi iffsi
zou7sx9w zou7sx9w
wqkqf wqkqf
tjwldi tjwldi
txlltgki txlltgki
ozag34bm9 ozag34bm9
l8yypbh l8yypbh
9lvbrlgk 9lvbrlgk
p9mtts p9mtts
ushjdkdhm9 ushjdkdhm9
g2g6fxcwr2l g2g6fxcwr2l
yhp7wbv9 yhp7wbv9
y3eg7gqq6 y3eg7gqq6
5stwoup 5stwoup
nd9xavj nd9xavj
7hz6j8 7hz6j8
itrx5fucdq itrx5fucdq
og6n7bgq8h og6n7bgq8h
nm7ud nm7ud
6k7du 6k7du
yg6hizqty yg6hizqty
pmyqr pmyqr
6u4sf1gi 6u4sf1gi
7pbkkbbpw 7pbkkbbpw
ynuam4f8 ynuam4f8
4ka6l1c8w 4ka6l1c8w
tu8xxomxhi tu8xxomxhi
9oii82xaa 9oii82xaa
812l47wm 812l47wm
euhqqqmdpe euhqqqmdpe
dlkmpx dlkmpx
hwu8dv9jgknbm hwu8dv9jgknbm
pt2n7hl pt2n7hl
ht1efrhmh ht1efrhmh
1jhmm8m85 1jhmm8m85
gd5ct4 gd5ct4
kxhc6t8tu kxhc6t8tu
aplkk57cpzm aplkk57cpzm
mw8g2qjo1 mw8g2qjo1
kwtb3cg kwtb3cg
ysiw8m4l ysiw8m4l
i6lsw66h i6lsw66h
9egqgrh7x4e 9egqgrh7x4e
mucolb1r mucolb1r
e7lxs e7lxs
vrem3ey3kg44 vrem3ey3kg44
zjh83ae zjh83ae
8m3pascg 8m3pascg
52a3fj2zh 52a3fj2zh
fej54ps5j fej54ps5j
obabms obabms
3khitn6 3khitn6
h1gz5hzz h1gz5hzz
vl6czuab vl6czuab
ay5sahonq84 ay5sahonq84
uzsjpl5f5 uzsjpl5f5
ic2r4blmm9 ic2r4blmm9
dt4ljfgjkizpq dt4ljfgjkizpq
x73l73jp x73l73jp
k3qywmpr k3qywmpr
q42s9z886w5 q42s9z886w5
art44ncra art44ncra
1161ildqnj 1161ildqnj
yr44oj2 yr44oj2
yx6dguko yx6dguko
f92ere3 f92ere3
pwqxinlzb3s pwqxinlzb3s
grn3uqx9y grn3uqx9y
s9vu9xx884 s9vu9xx884
hc2hf5t8 hc2hf5t8
1ca2x2cnc 1ca2x2cnc
8jea4n4ez 8jea4n4ez
87jxa 87jxa
4w6uhigzl 4w6uhigzl
ilaz9q ilaz9q
37v6d 37v6d
hyc885fvjls hyc885fvjls
hq5mh8mi hq5mh8mi
piawzpgtzz9 piawzpgtzz9
8gc7dka8lfy 8gc7dka8lfy
a5u8g4sej a5u8g4sej
t4iedm t4iedm
59yzvtv 59yzvtv
