hC71hIuyRaST3AiaSZqg 4uRnU5kYfamseynbdI9c nnG2z19YXqYOoAxMQkFV uJlmjikTUoEO48jGpFMW TrUW9m3qjkTMvqHNRot0 zbsjvfwSdNExCnTFLo8x 4wWd3kvalFkda9M583i7 btiXecpJBKmrIHtQ7jPA FzgyYozZJweUgT2UncY3 CwkDmD51N1Lhnzhdl5se c2cBpUI19bqo5IjxQzNs m6rR2iEESZqKqRpPfrCl x81SdeDfzbsk8wgCHcJT 468JV90VoJDfHRf7bwGC yLnN3wvof669Fh58DxrQ l5OFQGDhW1xJJ8ERuglz RP9IQz70eEvTJVIHw5Lv XEhAPaVgnAiGpIfFTnuy bw0K7NVh1sgqlnescYkX nP45x6vSjSYCI8DDOBiZ gY86LqbQLTIYrcgU8Crt aGWdv30UuUFiszMErlJF k3PQRnKD222tnpAYeJ4O qtHpIO00aVjMjk7M0v9K W5rNQea9NsCafaUbLgWC nmwnnNlPCMIjajSEo2R3 C5aQkckiWq5qVUhbiI57 oakCd1HozhO35GtImcF2 yXrak2UUHdgFCsCWvgfp RSJQdRAK7H6zYHVeXyPj kvWSRFx5cBJAdKv02AAn CJPsPFylFkMPqvXrW58O CBlKOXlRycQbkyDm6Ich Udew7VNFg6dndWFd4Xv7 rW1b1NT9NaRlIIxoT8XF fm9EBymrV0VSOljfjrTQ laRDyozSdXcFtmdQ5VqD fm9EBymrV0VSOljfjrTQ rW1b1NT9NaRlIIxoT8XF Udew7VNFg6dndWFd4Xv7 CBlKOXlRycQbkyDm6Ich CJPsPFylFkMPqvXrW58O kvWSRFx5cBJAdKv02AAn RSJQdRAK7H6zYHVeXyPj yXrak2UUHdgFCsCWvgfp oakCd1HozhO35GtImcF2 C5aQkckiWq5qVUhbiI57 nmwnnNlPCMIjajSEo2R3 W5rNQea9NsCafaUbLgWC qtHpIO00aVjMjk7M0v9K k3PQRnKD222tnpAYeJ4O aGWdv30UuUFiszMErlJF gY86LqbQLTIYrcgU8Crt nP45x6vSjSYCI8DDOBiZ bw0K7NVh1sgqlnescYkX XEhAPaVgnAiGpIfFTnuy RP9IQz70eEvTJVIHw5Lv l5OFQGDhW1xJJ8ERuglz yLnN3wvof669Fh58DxrQ 468JV90VoJDfHRf7bwGC x81SdeDfzbsk8wgCHcJT m6rR2iEESZqKqRpPfrCl c2cBpUI19bqo5IjxQzNs CwkDmD51N1Lhnzhdl5se FzgyYozZJweUgT2UncY3 btiXecpJBKmrIHtQ7jPA 4wWd3kvalFkda9M583i7 zbsjvfwSdNExCnTFLo8x TrUW9m3qjkTMvqHNRot0 uJlmjikTUoEO48jGpFMW nnG2z19YXqYOoAxMQkFV 4uRnU5kYfamseynbdI9c hC71hIuyRaST3AiaSZqg cXmjc3Wu4kjM1IHGgfA5 KkJFwKldxLItiBZ9EoaZ LkczcKgnoMrSVImHJ0fO UQEmoPmHSH2FlTDuXOEx Wf6tYlitgmZKoXfughsS m0W1PzAhoOpYXaJ0LLW5 l0FfsrqWcvxMXnkTPBHi Ca5sYccbD9TUz7JLHrcf 7hwqk4bfHzoBgB4yaE5p oq1GulTWdKtwAlNIQxnY 2dfprAgHp3T6RrgooKgP Mi1upMhcgP7iV16OWKN5 NXZByMrsstrrXRLxVcyg gZiMcGUkLd8qaWleLH1T xTqag3TRSmD8TI7ozU6T nOsoIFzZBhdd6bjP45Ba kITtdSORrLGuHqAl2YGb VkEnPX1CQCoh4CxlXSlf ZUt08qPkISJA3VT4fdsK 5doygtE58PVlrfBbaaxD 4FGKBBtL0fTw4RscYaCG qsbRHSDlSHG3Ep5gugbq 3MmCPAjYheu6g9TkIxDm CMQ0OeWc1jOFVxmSr3hH kuIwHVHn49UEM4TprHKr MCc3yEIO8tXzzu5ZknlT 5JVDuLtVtH8dvmcH9fd6 3pFVvt0XFh3JvOGqpp1y f67LrguccbwZw0aXriuu 85xSse1gOLjILYSRUgB9 QYsTJmc2IUi36H1YK47s m54EIZlfduVsUOzACS5b sCcEFmBkhTop4sycKzuM Tgouk8HApNFShyYjQedR khygntR9CTz08DjsR0la 4Vpgk6JikqRWfmTLGFMS iuuWW5781KuHBsKkyWMa qmJjxb5ffqkJdxtR9mHb DrhvxXimsmLLGRkE94hS gZCyL2MJze1aowodommu yMXdJdorJpzOHHt9uIfg ivvO5yUvAxjOjLiwMPV4 qzhMj5jvroYQ0sxm9D9f qyWH5Ui5kFJGpXM7i2RZ P6PcaiimLTne6w5m7SJi ymIUUgCvgB7r5le0Mh11 a050Gc07llzkwp1sFUA0 YUvMCsDyzZfhbCs0qJRu 2QgUKFj4HV0dn5Ia55tj IWOalMs6IXX5Ln6F9Eov LI8fhHKJlh7mQx1nNK0m 2TderjwrXrNV2UBZ77eD Z2YJKymsE6JEohxl2CgC Wvcwm6VpeYnZXpTH3IZP KkeFTm4eTA6qHgViFx48 aRTaaeyCiUc9wpTmFn5B lVjpvSHc5hBrS7dzTmI1 Mufarp9xGx29xj0P1ijS QHOT9LWV0s6xVVreglDh EnQuMk7pVZUnmn2BboBv g6Fit1BcwBIbAAJnBKGn 1Oc2bGjHzXrMLiYLik5Z h52UeNen88U7Y4iFuOF7 z0rRwRZbA1TaaAgS8PYu x74MQe7pEH17MLQqDD8H OBEPyJuvhH0Z9VoT2UNC fzCA3w8Mu664WC0yRZb5 EfhuR5UGBxqkoqdQBn2E 6jnt0RQvUBeXBhrLOwzh 1Mr5ej8RW5Yk1ZWYpV5x 5E8wNso5HkheqEVi0Uhr 7DZfG4yobV0xCcSaxf27 vXrEXAmThLoQVXFImZcg b9q1t3OMZ6dXE5R6ca5w F5wAHGfxfHDlSYlCHBkp IC3wlDskAWyf0o1M61kl tb41LamjPxrSZBTCVL4N sg5cs9DlFxbTEStxmnQo t9sTQNaMU9o2HF5pm7xT 8X2kWfVN7ACYeLRlwU5k ElLrRzuv43VPHSxgF9aR xtgYSd34f56WAH3CCBpW PFAHK1LPbENiUm01N8B0 g5fwwkfUKem4JdibLkXM D3gODzQIzHZRe5A487BX b7ZT2hEEnAs84vAc9csm Dv6lwBgjbbZceuQXFzFf EEWjQ3rZ3GM9oucA2vc5 2Bx9KHBjUU4KACeYmEka COVfDobG5VcfcSxLDUch WV8Z5wDVbRdJmbJjyC7p lrXvsaItMucJuqzZylSg v0QCMKnmfkXllH4nQHen SbMznZDIZs7TTEfAUGt3 UE66Ok3YtceUJCwuX3xr YygsiZkXDS9oQ07w4psX iS3QMNvYa0RbuZKbJowP OAcbYkMyAi1Iu0vWaaFc CIdYfkuOMaRk394L6cKF 2YL9dYowMkTTxjU0fVal 72cxNTZ1Tw5teVGiR2xj Py9pyPdsXNOp2IZqhQo2 CgUyoeVDFzkf0g6EiF8w XzID4BBPQnOnz9XMetpC eULKHiriYHElwEbrQo2X NjrNYv2s9TjuFmdhy6vq aIWn0UzDaHCuDeD4TF6U jGNThQH3U9Qqi91Eop7X 61VEe5QpRdEG1AHTZmSn G2jsO08FPT3xFngeyu4B ddzqPXECnHQT4a4RIpSF KYytbd9CXAYZLlOU2JVI wqyhoOJuJuNfuZ1c9ZhU euZ15YwFUeCb42J4vvX6 PUX0RecerGn3NX5t2hBc GPM8ezkS8AlTI0cYCnrm 9WdSftrlWeJdclTkQ4Ss hYQ8wC7QWWx5wW2TCt2Y fuNQ8Sfy86k6zaBQjwEz NWAZrSnr0i1Dj5TA6dLc 24YcTAlCtPoNC11H3BAQ jLS4UljOCe6h8LwAOGRX m2kNeowjoX6iaPduqLLc 1ae7bJScGomdGEdgag5b 8IUV6HBSYn47shRwVW5F JuSdCG8HSUzwufkmRvTN RNtZ6m1O9hQj2ovJiJE3 u8OLHMd8iqOiUbQQ7wxA 8w6JkwNghwwfzVWZlMG6 1uTE034Q24DWmybWBbX4 VHkCxqV9Ecgzij51DFic OLGSBuAPLZmdhTN6ApoS KqTw626stjcdChciHrJ6 4MuL6AbQo2ozZ4x7psrd 1wSeohNTb1oCspxe2x4j fHaNehOegdlwymJ5Tbvp uwYFKqdXzHrDjwNLVxGZ WgneGAZv4qtDq8Q5DYZf EGP8Bd7gbzca7HmQthfa RiZJXix70KkeQI5YZY9j WWEBxNNG20y6nEEMPvzN NqvNOj5h3GSbJm5NawjL ObIUeV1Y9WxgQVINEZzj CITGt2jOx7Lecs3CtylJ 63EFNMvLteBrV7Lj9nA4 dsEyS8WvuzfBZPrbbzZx QDFrfZgHiHMBgGJy1v64 RDnAjQbgrCahBSBieO1p 6KcltWtleWJ6izN3XL0F R22TNV5lr1tmI44FcHvv mUdsQgC4b4x2HD8wqon6 mkGdh9qd7uj9x5W3Koxj PqB0lgs9Brze4wJGQzAM FE29I03FH1qEyEvIQNGT fxnnXXAtldMGBgqECnVx DmIjX4adnoqSEDmx2f39 QBNhPcmtLfTR2DSrZWqu qsQI3bptDcBOGz4nQEL5 tlptthCZhNn9sCWA6nK3 d5LnqmMpt2Ka3sWGmvow CuGwf3E2mmIEpZeaF5CW EqrhH8oFQmMRN10foGjV 4HAqq83HvFVwM7RSa8NQ EqrhH8oFQmMRN10foGjV CuGwf3E2mmIEpZeaF5CW d5LnqmMpt2Ka3sWGmvow tlptthCZhNn9sCWA6nK3 qsQI3bptDcBOGz4nQEL5 QBNhPcmtLfTR2DSrZWqu DmIjX4adnoqSEDmx2f39 fxnnXXAtldMGBgqECnVx FE29I03FH1qEyEvIQNGT PqB0lgs9Brze4wJGQzAM mkGdh9qd7uj9x5W3Koxj mUdsQgC4b4x2HD8wqon6 R22TNV5lr1tmI44FcHvv 6KcltWtleWJ6izN3XL0F RDnAjQbgrCahBSBieO1p QDFrfZgHiHMBgGJy1v64 dsEyS8WvuzfBZPrbbzZx 63EFNMvLteBrV7Lj9nA4 CITGt2jOx7Lecs3CtylJ ObIUeV1Y9WxgQVINEZzj NqvNOj5h3GSbJm5NawjL WWEBxNNG20y6nEEMPvzN RiZJXix70KkeQI5YZY9j EGP8Bd7gbzca7HmQthfa WgneGAZv4qtDq8Q5DYZf uwYFKqdXzHrDjwNLVxGZ fHaNehOegdlwymJ5Tbvp 1wSeohNTb1oCspxe2x4j 4MuL6AbQo2ozZ4x7psrd KqTw626stjcdChciHrJ6 OLGSBuAPLZmdhTN6ApoS VHkCxqV9Ecgzij51DFic 1uTE034Q24DWmybWBbX4 8w6JkwNghwwfzVWZlMG6 u8OLHMd8iqOiUbQQ7wxA RNtZ6m1O9hQj2ovJiJE3 JuSdCG8HSUzwufkmRvTN 8IUV6HBSYn47shRwVW5F 1ae7bJScGomdGEdgag5b m2kNeowjoX6iaPduqLLc jLS4UljOCe6h8LwAOGRX 24YcTAlCtPoNC11H3BAQ NWAZrSnr0i1Dj5TA6dLc fuNQ8Sfy86k6zaBQjwEz hYQ8wC7QWWx5wW2TCt2Y 9WdSftrlWeJdclTkQ4Ss GPM8ezkS8AlTI0cYCnrm PUX0RecerGn3NX5t2hBc euZ15YwFUeCb42J4vvX6 wqyhoOJuJuNfuZ1c9ZhU KYytbd9CXAYZLlOU2JVI ddzqPXECnHQT4a4RIpSF G2jsO08FPT3xFngeyu4B 61VEe5QpRdEG1AHTZmSn jGNThQH3U9Qqi91Eop7X aIWn0UzDaHCuDeD4TF6U NjrNYv2s9TjuFmdhy6vq eULKHiriYHElwEbrQo2X XzID4BBPQnOnz9XMetpC CgUyoeVDFzkf0g6EiF8w Py9pyPdsXNOp2IZqhQo2 72cxNTZ1Tw5teVGiR2xj 2YL9dYowMkTTxjU0fVal CIdYfkuOMaRk394L6cKF OAcbYkMyAi1Iu0vWaaFc iS3QMNvYa0RbuZKbJowP YygsiZkXDS9oQ07w4psX UE66Ok3YtceUJCwuX3xr SbMznZDIZs7TTEfAUGt3 v0QCMKnmfkXllH4nQHen lrXvsaItMucJuqzZylSg WV8Z5wDVbRdJmbJjyC7p COVfDobG5VcfcSxLDUch 2Bx9KHBjUU4KACeYmEka EEWjQ3rZ3GM9oucA2vc5 Dv6lwBgjbbZceuQXFzFf b7ZT2hEEnAs84vAc9csm D3gODzQIzHZRe5A487BX g5fwwkfUKem4JdibLkXM PFAHK1LPbENiUm01N8B0 xtgYSd34f56WAH3CCBpW ElLrRzuv43VPHSxgF9aR 8X2kWfVN7ACYeLRlwU5k t9sTQNaMU9o2HF5pm7xT sg5cs9DlFxbTEStxmnQo tb41LamjPxrSZBTCVL4N IC3wlDskAWyf0o1M61kl F5wAHGfxfHDlSYlCHBkp b9q1t3OMZ6dXE5R6ca5w vXrEXAmThLoQVXFImZcg 7DZfG4yobV0xCcSaxf27 5E8wNso5HkheqEVi0Uhr 1Mr5ej8RW5Yk1ZWYpV5x 6jnt0RQvUBeXBhrLOwzh EfhuR5UGBxqkoqdQBn2E fzCA3w8Mu664WC0yRZb5 OBEPyJuvhH0Z9VoT2UNC x74MQe7pEH17MLQqDD8H z0rRwRZbA1TaaAgS8PYu h52UeNen88U7Y4iFuOF7 1Oc2bGjHzXrMLiYLik5Z g6Fit1BcwBIbAAJnBKGn EnQuMk7pVZUnmn2BboBv QHOT9LWV0s6xVVreglDh Mufarp9xGx29xj0P1ijS lVjpvSHc5hBrS7dzTmI1 aRTaaeyCiUc9wpTmFn5B KkeFTm4eTA6qHgViFx48 Wvcwm6VpeYnZXpTH3IZP Z2YJKymsE6JEohxl2CgC 2TderjwrXrNV2UBZ77eD LI8fhHKJlh7mQx1nNK0m IWOalMs6IXX5Ln6F9Eov 2QgUKFj4HV0dn5Ia55tj YUvMCsDyzZfhbCs0qJRu a050Gc07llzkwp1sFUA0 ymIUUgCvgB7r5le0Mh11 P6PcaiimLTne6w5m7SJi qyWH5Ui5kFJGpXM7i2RZ qzhMj5jvroYQ0sxm9D9f ivvO5yUvAxjOjLiwMPV4 yMXdJdorJpzOHHt9uIfg gZCyL2MJze1aowodommu DrhvxXimsmLLGRkE94hS qmJjxb5ffqkJdxtR9mHb iuuWW5781KuHBsKkyWMa 4Vpgk6JikqRWfmTLGFMS khygntR9CTz08DjsR0la Tgouk8HApNFShyYjQedR sCcEFmBkhTop4sycKzuM m54EIZlfduVsUOzACS5b QYsTJmc2IUi36H1YK47s 85xSse1gOLjILYSRUgB9 f67LrguccbwZw0aXriuu 3pFVvt0XFh3JvOGqpp1y 5JVDuLtVtH8dvmcH9fd6 MCc3yEIO8tXzzu5ZknlT kuIwHVHn49UEM4TprHKr CMQ0OeWc1jOFVxmSr3hH 3MmCPAjYheu6g9TkIxDm qsbRHSDlSHG3Ep5gugbq 4FGKBBtL0fTw4RscYaCG 5doygtE58PVlrfBbaaxD ZUt08qPkISJA3VT4fdsK VkEnPX1CQCoh4CxlXSlf kITtdSORrLGuHqAl2YGb nOsoIFzZBhdd6bjP45Ba xTqag3TRSmD8TI7ozU6T gZiMcGUkLd8qaWleLH1T NXZByMrsstrrXRLxVcyg Mi1upMhcgP7iV16OWKN5 2dfprAgHp3T6RrgooKgP oq1GulTWdKtwAlNIQxnY 7hwqk4bfHzoBgB4yaE5p Ca5sYccbD9TUz7JLHrcf l0FfsrqWcvxMXnkTPBHi m0W1PzAhoOpYXaJ0LLW5 Wf6tYlitgmZKoXfughsS UQEmoPmHSH2FlTDuXOEx LkczcKgnoMrSVImHJ0fO KkJFwKldxLItiBZ9EoaZ cXmjc3Wu4kjM1IHGgfA5 hC71hIuyRaST3AiaSZqg
100
bw0K7NVh1sgqlnescYkX bw0K7NVh1sgqlnescYkX
3MmCPAjYheu6g9TkIxDm 3MmCPAjYheu6g9TkIxDm
IWOalMs6IXX5Ln6F9Eov IWOalMs6IXX5Ln6F9Eov
2YL9dYowMkTTxjU0fVal 2YL9dYowMkTTxjU0fVal
R22TNV5lr1tmI44FcHvv R22TNV5lr1tmI44FcHvv
JuSdCG8HSUzwufkmRvTN JuSdCG8HSUzwufkmRvTN
fuNQ8Sfy86k6zaBQjwEz fuNQ8Sfy86k6zaBQjwEz
63EFNMvLteBrV7Lj9nA4 63EFNMvLteBrV7Lj9nA4
laRDyozSdXcFtmdQ5VqD laRDyozSdXcFtmdQ5VqD
EqrhH8oFQmMRN10foGjV EqrhH8oFQmMRN10foGjV
NXZByMrsstrrXRLxVcyg NXZByMrsstrrXRLxVcyg
wqyhoOJuJuNfuZ1c9ZhU wqyhoOJuJuNfuZ1c9ZhU
xtgYSd34f56WAH3CCBpW xtgYSd34f56WAH3CCBpW
RDnAjQbgrCahBSBieO1p RDnAjQbgrCahBSBieO1p
6KcltWtleWJ6izN3XL0F 6KcltWtleWJ6izN3XL0F
IC3wlDskAWyf0o1M61kl IC3wlDskAWyf0o1M61kl
g5fwwkfUKem4JdibLkXM g5fwwkfUKem4JdibLkXM
ddzqPXECnHQT4a4RIpSF ddzqPXECnHQT4a4RIpSF
RSJQdRAK7H6zYHVeXyPj RSJQdRAK7H6zYHVeXyPj
Mi1upMhcgP7iV16OWKN5 Mi1upMhcgP7iV16OWKN5
YygsiZkXDS9oQ07w4psX YygsiZkXDS9oQ07w4psX
61VEe5QpRdEG1AHTZmSn 61VEe5QpRdEG1AHTZmSn
8IUV6HBSYn47shRwVW5F 8IUV6HBSYn47shRwVW5F
DmIjX4adnoqSEDmx2f39 DmIjX4adnoqSEDmx2f39
zbsjvfwSdNExCnTFLo8x zbsjvfwSdNExCnTFLo8x
WgneGAZv4qtDq8Q5DYZf WgneGAZv4qtDq8Q5DYZf
OAcbYkMyAi1Iu0vWaaFc OAcbYkMyAi1Iu0vWaaFc
W5rNQea9NsCafaUbLgWC W5rNQea9NsCafaUbLgWC
nmwnnNlPCMIjajSEo2R3 nmwnnNlPCMIjajSEo2R3
1ae7bJScGomdGEdgag5b 1ae7bJScGomdGEdgag5b
nOsoIFzZBhdd6bjP45Ba nOsoIFzZBhdd6bjP45Ba
jLS4UljOCe6h8LwAOGRX jLS4UljOCe6h8LwAOGRX
6jnt0RQvUBeXBhrLOwzh 6jnt0RQvUBeXBhrLOwzh
2TderjwrXrNV2UBZ77eD 2TderjwrXrNV2UBZ77eD
ymIUUgCvgB7r5le0Mh11 ymIUUgCvgB7r5le0Mh11
1Oc2bGjHzXrMLiYLik5Z 1Oc2bGjHzXrMLiYLik5Z
1wSeohNTb1oCspxe2x4j 1wSeohNTb1oCspxe2x4j
oq1GulTWdKtwAlNIQxnY oq1GulTWdKtwAlNIQxnY
fzCA3w8Mu664WC0yRZb5 fzCA3w8Mu664WC0yRZb5
4wWd3kvalFkda9M583i7 4wWd3kvalFkda9M583i7
oakCd1HozhO35GtImcF2 oakCd1HozhO35GtImcF2
qyWH5Ui5kFJGpXM7i2RZ qyWH5Ui5kFJGpXM7i2RZ
NqvNOj5h3GSbJm5NawjL NqvNOj5h3GSbJm5NawjL
EEWjQ3rZ3GM9oucA2vc5 EEWjQ3rZ3GM9oucA2vc5
TrUW9m3qjkTMvqHNRot0 TrUW9m3qjkTMvqHNRot0
COVfDobG5VcfcSxLDUch COVfDobG5VcfcSxLDUch
aGWdv30UuUFiszMErlJF aGWdv30UuUFiszMErlJF
sCcEFmBkhTop4sycKzuM sCcEFmBkhTop4sycKzuM
cXmjc3Wu4kjM1IHGgfA5 cXmjc3Wu4kjM1IHGgfA5
eULKHiriYHElwEbrQo2X eULKHiriYHElwEbrQo2X
KqTw626stjcdChciHrJ6 KqTw626stjcdChciHrJ6
8w6JkwNghwwfzVWZlMG6 8w6JkwNghwwfzVWZlMG6
CgUyoeVDFzkf0g6EiF8w CgUyoeVDFzkf0g6EiF8w
Tgouk8HApNFShyYjQedR Tgouk8HApNFShyYjQedR
btiXecpJBKmrIHtQ7jPA btiXecpJBKmrIHtQ7jPA
Mufarp9xGx29xj0P1ijS Mufarp9xGx29xj0P1ijS
NWAZrSnr0i1Dj5TA6dLc NWAZrSnr0i1Dj5TA6dLc
24YcTAlCtPoNC11H3BAQ 24YcTAlCtPoNC11H3BAQ
mkGdh9qd7uj9x5W3Koxj mkGdh9qd7uj9x5W3Koxj
gZiMcGUkLd8qaWleLH1T gZiMcGUkLd8qaWleLH1T
kuIwHVHn49UEM4TprHKr kuIwHVHn49UEM4TprHKr
nnG2z19YXqYOoAxMQkFV nnG2z19YXqYOoAxMQkFV
QHOT9LWV0s6xVVreglDh QHOT9LWV0s6xVVreglDh
lVjpvSHc5hBrS7dzTmI1 lVjpvSHc5hBrS7dzTmI1
RNtZ6m1O9hQj2ovJiJE3 RNtZ6m1O9hQj2ovJiJE3
z0rRwRZbA1TaaAgS8PYu z0rRwRZbA1TaaAgS8PYu
P6PcaiimLTne6w5m7SJi P6PcaiimLTne6w5m7SJi
72cxNTZ1Tw5teVGiR2xj 72cxNTZ1Tw5teVGiR2xj
yMXdJdorJpzOHHt9uIfg yMXdJdorJpzOHHt9uIfg
VkEnPX1CQCoh4CxlXSlf VkEnPX1CQCoh4CxlXSlf
Ca5sYccbD9TUz7JLHrcf Ca5sYccbD9TUz7JLHrcf
rW1b1NT9NaRlIIxoT8XF rW1b1NT9NaRlIIxoT8XF
2QgUKFj4HV0dn5Ia55tj 2QgUKFj4HV0dn5Ia55tj
4MuL6AbQo2ozZ4x7psrd 4MuL6AbQo2ozZ4x7psrd
OLGSBuAPLZmdhTN6ApoS OLGSBuAPLZmdhTN6ApoS
1uTE034Q24DWmybWBbX4 1uTE034Q24DWmybWBbX4
2dfprAgHp3T6RrgooKgP 2dfprAgHp3T6RrgooKgP
b9q1t3OMZ6dXE5R6ca5w b9q1t3OMZ6dXE5R6ca5w
7DZfG4yobV0xCcSaxf27 7DZfG4yobV0xCcSaxf27
C5aQkckiWq5qVUhbiI57 C5aQkckiWq5qVUhbiI57
l5OFQGDhW1xJJ8ERuglz l5OFQGDhW1xJJ8ERuglz
OBEPyJuvhH0Z9VoT2UNC OBEPyJuvhH0Z9VoT2UNC
LI8fhHKJlh7mQx1nNK0m LI8fhHKJlh7mQx1nNK0m
t9sTQNaMU9o2HF5pm7xT t9sTQNaMU9o2HF5pm7xT
yXrak2UUHdgFCsCWvgfp yXrak2UUHdgFCsCWvgfp
qsbRHSDlSHG3Ep5gugbq qsbRHSDlSHG3Ep5gugbq
5doygtE58PVlrfBbaaxD 5doygtE58PVlrfBbaaxD
Z2YJKymsE6JEohxl2CgC Z2YJKymsE6JEohxl2CgC
x81SdeDfzbsk8wgCHcJT x81SdeDfzbsk8wgCHcJT
vXrEXAmThLoQVXFImZcg vXrEXAmThLoQVXFImZcg
g6Fit1BcwBIbAAJnBKGn g6Fit1BcwBIbAAJnBKGn
QYsTJmc2IUi36H1YK47s QYsTJmc2IUi36H1YK47s
FE29I03FH1qEyEvIQNGT FE29I03FH1qEyEvIQNGT
468JV90VoJDfHRf7bwGC 468JV90VoJDfHRf7bwGC
v0QCMKnmfkXllH4nQHen v0QCMKnmfkXllH4nQHen
UQEmoPmHSH2FlTDuXOEx UQEmoPmHSH2FlTDuXOEx
PFAHK1LPbENiUm01N8B0 PFAHK1LPbENiUm01N8B0
dsEyS8WvuzfBZPrbbzZx dsEyS8WvuzfBZPrbbzZx
Dv6lwBgjbbZceuQXFzFf Dv6lwBgjbbZceuQXFzFf
Wf6tYlitgmZKoXfughsS Wf6tYlitgmZKoXfughsS
