M2S9flVUcYP2sJdh8LXf H59EihDjhfpS7ToXFM3L cdaizmjQrCe5Vnwy3JQF vodEvdIApqt0N3TZsbxN 3UlroYOByYq01508FdLS QJuDebBKjW74ipndfA4c icN9hCSgyAan3sGfngmv MtQDjkLToWj4d53MMhKG nbZglhhmYQAPQz4eETaj LwS5op21h2H20gmVULql jgcWqrcniA4q9WNs9xkc sZojFweTE55bBWYz0Tda 0uvEfLgT4s8ImTk9VWBt dKH5OdpmJKCU83bbXVxZ T05cb1iVZnpGK4zO8JN8 Kfu1pc3YPMGebW7Iu8ex zbFdxZAJcbci5gs01pnM S8uMGvUglWyhnfV5Wzdp EtrZREkmL456viQQJ9Rb Pqf0Sn4UvsBLaxz7WO4n 48nWZMVqWDxfH9uMf2U3 zD7ErBenXxsG4D9b5TEV lxlEsWbbqG2dcyvjsLTA v0QJIKD4q7sFXrzFSb6J 8KfYYXeMqM0D4nShLOzi 4bQwji0D4wyEDLd54MWv zc2cVu7aHW2Uc4Z1tHon Yj14cJHLteGLwnT0JCVo 8bAWPVah2FAS7l954jrS KXy0F5MatG3NNlXhq3iJ BLfHepEtLPz0KQG4cyst 7TbbztQ90wmMzxjLFXzq oWxP87H6AXwFzF0dpB9d yHMPX8vHctuUweyLluyz 5gumrx48u1yPpF6ivPOI vxiwkV1b5fV2sGCBFsRQ R0zbyZWlnyux9w7Bds4F dOKaHsIcDX32wPXAX2Gt JajH9BPb1gw5kQ2oTRnP Dt5YfbjQq6VoKnyw6Zav i2zuTkgDKtYA8Q9KejMN k7k4sHxeh1pR4sOjcVuj 0zL2lyKxPHODDF48l5vJ L8bxdxuDa5issn2PiN3u Jjat3uJ5XboI9kZe0522 qZXSRyLD2TteA2dIJrXP pNXWB5geApaSjbsCCT4J uy6RcQAYd3ATM1Icq3my LxEzX08MG9T8knIYbul0 wMERbIWoRIf6BT6nQKYQ 2Iyc8vVotGd9JqdKVPyJ tvhjts5qETlydZX7IsvU NMTjl1jsvrb7y2ggdCSc XmlH4l2BXG35TF70bZqZ yCGd2pn2AE5LZ3OxzJbL fmFrd4vggNac5TkiFJAd ag5vZ07KPwCr1Lpz8zM0 Dc1wEVV3kuOZotG6pNlL LNMZej67uy0Whvqp5OR1 ZBeXR80522AAM5P7qeaG m1IYiQsUBuvvpTv7yWXO nhEaUTk3tk8p91oyWRpp tUowOUG1V7iCXBCMR0AT Eu0wGcDBBrgvePzHfqrS ECCnzlgsMEvTYjNwAlfM yZPIHwySFuIdRJCMzjnz ECCnzlgsMEvTYjNwAlfM Eu0wGcDBBrgvePzHfqrS tUowOUG1V7iCXBCMR0AT nhEaUTk3tk8p91oyWRpp m1IYiQsUBuvvpTv7yWXO ZBeXR80522AAM5P7qeaG LNMZej67uy0Whvqp5OR1 Dc1wEVV3kuOZotG6pNlL ag5vZ07KPwCr1Lpz8zM0 fmFrd4vggNac5TkiFJAd yCGd2pn2AE5LZ3OxzJbL XmlH4l2BXG35TF70bZqZ NMTjl1jsvrb7y2ggdCSc tvhjts5qETlydZX7IsvU 2Iyc8vVotGd9JqdKVPyJ wMERbIWoRIf6BT6nQKYQ LxEzX08MG9T8knIYbul0 uy6RcQAYd3ATM1Icq3my pNXWB5geApaSjbsCCT4J qZXSRyLD2TteA2dIJrXP Jjat3uJ5XboI9kZe0522 L8bxdxuDa5issn2PiN3u 0zL2lyKxPHODDF48l5vJ k7k4sHxeh1pR4sOjcVuj i2zuTkgDKtYA8Q9KejMN Dt5YfbjQq6VoKnyw6Zav JajH9BPb1gw5kQ2oTRnP dOKaHsIcDX32wPXAX2Gt R0zbyZWlnyux9w7Bds4F vxiwkV1b5fV2sGCBFsRQ 5gumrx48u1yPpF6ivPOI yHMPX8vHctuUweyLluyz oWxP87H6AXwFzF0dpB9d 7TbbztQ90wmMzxjLFXzq BLfHepEtLPz0KQG4cyst KXy0F5MatG3NNlXhq3iJ 8bAWPVah2FAS7l954jrS Yj14cJHLteGLwnT0JCVo zc2cVu7aHW2Uc4Z1tHon 4bQwji0D4wyEDLd54MWv 8KfYYXeMqM0D4nShLOzi v0QJIKD4q7sFXrzFSb6J lxlEsWbbqG2dcyvjsLTA zD7ErBenXxsG4D9b5TEV 48nWZMVqWDxfH9uMf2U3 Pqf0Sn4UvsBLaxz7WO4n EtrZREkmL456viQQJ9Rb S8uMGvUglWyhnfV5Wzdp zbFdxZAJcbci5gs01pnM Kfu1pc3YPMGebW7Iu8ex T05cb1iVZnpGK4zO8JN8 dKH5OdpmJKCU83bbXVxZ 0uvEfLgT4s8ImTk9VWBt sZojFweTE55bBWYz0Tda jgcWqrcniA4q9WNs9xkc LwS5op21h2H20gmVULql nbZglhhmYQAPQz4eETaj MtQDjkLToWj4d53MMhKG icN9hCSgyAan3sGfngmv QJuDebBKjW74ipndfA4c 3UlroYOByYq01508FdLS vodEvdIApqt0N3TZsbxN cdaizmjQrCe5Vnwy3JQF H59EihDjhfpS7ToXFM3L M2S9flVUcYP2sJdh8LXf wYRR07UrNAdstlFcx7n2 C1CVSQIxudgISqBvCOoA sGymQi0ZOpCowisPJkWe Y9NkTxuGcG1D46t8mZ67 iT2zQSDYRjiXtqbN78gH 93aDiM8K0XhtiVcCVKi2 X9TJsvmT50zYeG0q6XSG Bc6dudheE3WGLxP0iDdK E84Fbb1fDMRXU6XgwbS0 Z0DuoZMcx6oyDPWFznMK RFiaXjCJgUwAE3Wun3DA 3TWDD9k8g0eTVq52a62Z 5jhNGHh0Et1Lidy4vCpq wpBgd82GxlO3hr1i0lHL 1f1ShssvWmmfUiqDIjNc tVhIJJgs0kEFaQx1hdWm M7SD6FC2BzrEV1z9ajVv 2qerVVbMKjJpuQmQ9aqr PZrpdQAa8H8tkrajh08J sH3pvLOfMUrEGUrmsHCu tuE7UekaxGUib4idWtYa RV5D5yksO9rCY6rkv8aJ sHkjJnMiMEPb4htMPUMQ 6t76eBKiZ6qd2L92px9I 84NRaHoY6w6nly57gw1M W4IxjYZtRN88GGSV9Uoc PbYOO88SokShsv7XrgBm Z8MZ2JfftjeVVnGFSOQe lOEjyrMvpa6QONpUJC0R gZVNRDm5p6aX5QEEX8UG zdtRVpQ9lVyEhNj9Evpp 9Jr76N4fnNot7SNYqBKG 9GrchmlNCDIapQ9OnEYh e6duCKbQcxnU6ymY57XQ 9GrchmlNCDIapQ9OnEYh 9Jr76N4fnNot7SNYqBKG zdtRVpQ9lVyEhNj9Evpp gZVNRDm5p6aX5QEEX8UG lOEjyrMvpa6QONpUJC0R Z8MZ2JfftjeVVnGFSOQe PbYOO88SokShsv7XrgBm W4IxjYZtRN88GGSV9Uoc 84NRaHoY6w6nly57gw1M 6t76eBKiZ6qd2L92px9I sHkjJnMiMEPb4htMPUMQ RV5D5yksO9rCY6rkv8aJ tuE7UekaxGUib4idWtYa sH3pvLOfMUrEGUrmsHCu PZrpdQAa8H8tkrajh08J 2qerVVbMKjJpuQmQ9aqr M7SD6FC2BzrEV1z9ajVv tVhIJJgs0kEFaQx1hdWm 1f1ShssvWmmfUiqDIjNc wpBgd82GxlO3hr1i0lHL 5jhNGHh0Et1Lidy4vCpq 3TWDD9k8g0eTVq52a62Z RFiaXjCJgUwAE3Wun3DA Z0DuoZMcx6oyDPWFznMK E84Fbb1fDMRXU6XgwbS0 Bc6dudheE3WGLxP0iDdK X9TJsvmT50zYeG0q6XSG 93aDiM8K0XhtiVcCVKi2 iT2zQSDYRjiXtqbN78gH Y9NkTxuGcG1D46t8mZ67 sGymQi0ZOpCowisPJkWe C1CVSQIxudgISqBvCOoA wYRR07UrNAdstlFcx7n2 M2S9flVUcYP2sJdh8LXf
50
Dt5YfbjQq6VoKnyw6Zav Dt5YfbjQq6VoKnyw6Zav
Eu0wGcDBBrgvePzHfqrS Eu0wGcDBBrgvePzHfqrS
m1IYiQsUBuvvpTv7yWXO m1IYiQsUBuvvpTv7yWXO
H59EihDjhfpS7ToXFM3L H59EihDjhfpS7ToXFM3L
dKH5OdpmJKCU83bbXVxZ dKH5OdpmJKCU83bbXVxZ
tUowOUG1V7iCXBCMR0AT tUowOUG1V7iCXBCMR0AT
5gumrx48u1yPpF6ivPOI 5gumrx48u1yPpF6ivPOI
gZVNRDm5p6aX5QEEX8UG gZVNRDm5p6aX5QEEX8UG
sH3pvLOfMUrEGUrmsHCu sH3pvLOfMUrEGUrmsHCu
vxiwkV1b5fV2sGCBFsRQ vxiwkV1b5fV2sGCBFsRQ
LNMZej67uy0Whvqp5OR1 LNMZej67uy0Whvqp5OR1
PZrpdQAa8H8tkrajh08J PZrpdQAa8H8tkrajh08J
S8uMGvUglWyhnfV5Wzdp S8uMGvUglWyhnfV5Wzdp
ECCnzlgsMEvTYjNwAlfM ECCnzlgsMEvTYjNwAlfM
Pqf0Sn4UvsBLaxz7WO4n Pqf0Sn4UvsBLaxz7WO4n
v0QJIKD4q7sFXrzFSb6J v0QJIKD4q7sFXrzFSb6J
tVhIJJgs0kEFaQx1hdWm tVhIJJgs0kEFaQx1hdWm
NMTjl1jsvrb7y2ggdCSc NMTjl1jsvrb7y2ggdCSc
yHMPX8vHctuUweyLluyz yHMPX8vHctuUweyLluyz
9Jr76N4fnNot7SNYqBKG 9Jr76N4fnNot7SNYqBKG
L8bxdxuDa5issn2PiN3u L8bxdxuDa5issn2PiN3u
Kfu1pc3YPMGebW7Iu8ex Kfu1pc3YPMGebW7Iu8ex
Z8MZ2JfftjeVVnGFSOQe Z8MZ2JfftjeVVnGFSOQe
93aDiM8K0XhtiVcCVKi2 93aDiM8K0XhtiVcCVKi2
Jjat3uJ5XboI9kZe0522 Jjat3uJ5XboI9kZe0522
48nWZMVqWDxfH9uMf2U3 48nWZMVqWDxfH9uMf2U3
4bQwji0D4wyEDLd54MWv 4bQwji0D4wyEDLd54MWv
jgcWqrcniA4q9WNs9xkc jgcWqrcniA4q9WNs9xkc
uy6RcQAYd3ATM1Icq3my uy6RcQAYd3ATM1Icq3my
zdtRVpQ9lVyEhNj9Evpp zdtRVpQ9lVyEhNj9Evpp
Bc6dudheE3WGLxP0iDdK Bc6dudheE3WGLxP0iDdK
fmFrd4vggNac5TkiFJAd fmFrd4vggNac5TkiFJAd
LxEzX08MG9T8knIYbul0 LxEzX08MG9T8knIYbul0
8KfYYXeMqM0D4nShLOzi 8KfYYXeMqM0D4nShLOzi
nbZglhhmYQAPQz4eETaj nbZglhhmYQAPQz4eETaj
W4IxjYZtRN88GGSV9Uoc W4IxjYZtRN88GGSV9Uoc
Z0DuoZMcx6oyDPWFznMK Z0DuoZMcx6oyDPWFznMK
pNXWB5geApaSjbsCCT4J pNXWB5geApaSjbsCCT4J
9GrchmlNCDIapQ9OnEYh 9GrchmlNCDIapQ9OnEYh
M2S9flVUcYP2sJdh8LXf M2S9flVUcYP2sJdh8LXf
EtrZREkmL456viQQJ9Rb EtrZREkmL456viQQJ9Rb
XmlH4l2BXG35TF70bZqZ XmlH4l2BXG35TF70bZqZ
oWxP87H6AXwFzF0dpB9d oWxP87H6AXwFzF0dpB9d
dOKaHsIcDX32wPXAX2Gt dOKaHsIcDX32wPXAX2Gt
cdaizmjQrCe5Vnwy3JQF cdaizmjQrCe5Vnwy3JQF
zD7ErBenXxsG4D9b5TEV zD7ErBenXxsG4D9b5TEV
k7k4sHxeh1pR4sOjcVuj k7k4sHxeh1pR4sOjcVuj
yZPIHwySFuIdRJCMzjnz yZPIHwySFuIdRJCMzjnz
vodEvdIApqt0N3TZsbxN vodEvdIApqt0N3TZsbxN
0uvEfLgT4s8ImTk9VWBt 0uvEfLgT4s8ImTk9VWBt
