SaintPaul Garland Newark Scottsdale Boise Nashville Minneapolis Lincoln Henderson StPetersburg Milwaukee Columbus Glendale Hialeah OklahomaCity FortWayne Aurora Omaha Miami KansasCity Norfolk Denver Detroit Tucson Raleigh Sacramento Pittsburgh SantaAna Durham Phoenix Charlotte ChulaVista Cincinnati Fremont Irvine Buffalo Oakland Philadelphia SanFrancisco Stockton Houston Tampa Toledo JerseyCity Laredo VirginiaBeach Bakersfield CorpusChristi NewOrleans Chandler Madison Reno WinstonSalem Reno Madison Chandler NewOrleans CorpusChristi Bakersfield VirginiaBeach Laredo JerseyCity Toledo Tampa Houston Stockton SanFrancisco Philadelphia Oakland Buffalo Irvine Fremont Cincinnati ChulaVista Charlotte Phoenix Durham SantaAna Pittsburgh Sacramento Raleigh Tucson Detroit Denver Norfolk KansasCity Miami Omaha Aurora FortWayne OklahomaCity Hialeah Glendale Columbus Milwaukee StPetersburg Henderson Lincoln Minneapolis Nashville Boise Scottsdale Newark Garland SaintPaul Cleveland Anchorage Lexington Portland Orlando Boston Jacksonville Atlanta LasVegas Indianapolis Mesa Baltimore Albuquerque BatonRouge FortWorth NewYork ColoradoSprings NorthLasVegas SanDiego SanJose Washington Chicago Dallas Greensboro LongBeach SanAntonio Arlington Wichita Seattle Anaheim Irving Louisville Memphis Honolulu Lubbock StLouis Riverside Chesapeake Gilbert Richmond Tulsa Austin ElPaso LosAngeles Plano Fresno Spokane Fresno Plano LosAngeles ElPaso Austin Tulsa Richmond Gilbert Chesapeake Riverside StLouis Lubbock Honolulu Memphis Louisville Irving Anaheim Seattle Wichita Arlington SanAntonio LongBeach Greensboro Dallas Chicago Washington SanJose SanDiego NorthLasVegas ColoradoSprings NewYork FortWorth BatonRouge Albuquerque Baltimore Mesa Indianapolis LasVegas Atlanta Jacksonville Boston Orlando Portland Lexington Anchorage Cleveland SaintPaul
50
Newark Newark
Plano Plano
Scottsdale Scottsdale
Denver Denver
Honolulu Honolulu
SanAntonio SanAntonio
Durham Durham
Lexington Lexington
FortWorth FortWorth
Henderson Henderson
Austin Austin
FortWayne FortWayne
Baltimore Baltimore
Houston Houston
Glendale Glendale
Pittsburgh Pittsburgh
SanDiego SanDiego
Tucson Tucson
WinstonSalem WinstonSalem
SanJose SanJose
SantaAna SantaAna
Hialeah Hialeah
Lincoln Lincoln
LongBeach LongBeach
Charlotte Charlotte
Spokane Spokane
Milwaukee Milwaukee
Atlanta Atlanta
Laredo Laredo
Chesapeake Chesapeake
Dallas Dallas
Stockton Stockton
Columbus Columbus
Memphis Memphis
JerseyCity JerseyCity
Phoenix Phoenix
StPetersburg StPetersburg
Chandler Chandler
Indianapolis Indianapolis
Lubbock Lubbock
Bakersfield Bakersfield
Tampa Tampa
Anchorage Anchorage
Raleigh Raleigh
NewOrleans NewOrleans
OklahomaCity OklahomaCity
ElPaso ElPaso
Aurora Aurora
Madison Madison
Cincinnati Cincinnati
