Jacksonville Atlanta Louisville Arlington Portland Seattle Mesa KansasCity SanFrancisco Charlotte LasVegas Boston SanJose FortWorth OklahomaCity Phoenix NewYork Chicago Minneapolis Tulsa Detroit SanAntonio Miami Oakland Philadelphia Houston ColoradoSprings VirginiaBeach Nashville ElPaso LosAngeles Indianapolis SanDiego Denver Washington Memphis Raleigh Austin Omaha LongBeach Baltimore Tampa Dallas Fresno Albuquerque Sacramento Albuquerque Fresno Dallas Tampa Baltimore LongBeach Omaha Austin Raleigh Memphis Washington Denver SanDiego Indianapolis LosAngeles ElPaso Nashville VirginiaBeach ColoradoSprings Houston Philadelphia Oakland Miami SanAntonio Detroit Tulsa Minneapolis Chicago NewYork Phoenix OklahomaCity FortWorth SanJose Boston LasVegas Charlotte SanFrancisco KansasCity Mesa Seattle Portland Arlington Louisville Atlanta Jacksonville Milwaukee Tucson Columbus NewOrleans Columbus Tucson Milwaukee Jacksonville
25
Philadelphia Philadelphia
LasVegas LasVegas
FortWorth FortWorth
Portland Portland
Memphis Memphis
Tulsa Tulsa
Fresno Fresno
SanFrancisco SanFrancisco
Columbus Columbus
Atlanta Atlanta
Seattle Seattle
SanJose SanJose
Phoenix Phoenix
ElPaso ElPaso
Tucson Tucson
LongBeach LongBeach
VirginiaBeach VirginiaBeach
Albuquerque Albuquerque
Indianapolis Indianapolis
Austin Austin
Minneapolis Minneapolis
Jacksonville Jacksonville
Louisville Louisville
Boston Boston
LosAngeles LosAngeles
