Chattanooga Raleigh Norfolk Irvine Birmingham Oxnard Tacoma Huntsville Sacramento Miami FortLauderdale Savannah SaltLakeCity Palmdale Providence SantaClarita Hayward Akron RanchoCucamonga GardenGrove Toledo Atlanta Chicago Naperville Philadelphia Fremont Honolulu Miramar Tampa Thornton Augusta Lakewood Baltimore Lexington SiouxFalls Rockford Pittsburgh Louisville Omaha LongBeach Cincinnati WinstonSalem Knoxville Berkeley Worcester Portland JerseyCity Buffalo Pomona FortCollins PortStLucie Chandler Washington SaintPaul TianamenSquare Ontario Salem Oakland Arlington ChulaVista Anaheim MorenoValley Roseville Amarillo Yonkers Durham Eugene Laredo Newark NewOrleans Cleveland Chesapeake Cary Austin Vancouver Detroit BatonRouge Bakersfield Salinas Murfreesboro Charlotte SanDiego Rochester Reno Houston Dallas Mesa Columbus Henderson Mesquite SanFrancisco FortWayne Springfield Spokane Lancaster Tallahassee SantaRosa FortWorth VirginiaBeach Glendale SanJose Denver Modesto Paterson Modesto Denver SanJose Glendale VirginiaBeach FortWorth SantaRosa Tallahassee Lancaster Spokane Springfield FortWayne SanFrancisco Mesquite Henderson Columbus Mesa Dallas Houston Reno Rochester SanDiego Charlotte Murfreesboro Salinas Bakersfield BatonRouge Detroit Vancouver Austin Cary Chesapeake Cleveland NewOrleans Newark Laredo Eugene Durham Yonkers Amarillo Roseville MorenoValley Anaheim ChulaVista Arlington Oakland Salem Ontario TianamenSquare SaintPaul Washington Chandler PortStLucie FortCollins Pomona Buffalo JerseyCity Portland Worcester Berkeley Knoxville WinstonSalem Cincinnati LongBeach Omaha Louisville Pittsburgh Rockford SiouxFalls Lexington Baltimore Lakewood Augusta Thornton Tampa Miramar Honolulu Fremont Philadelphia Naperville Chicago Atlanta Toledo GardenGrove RanchoCucamonga Akron Hayward SantaClarita Providence Palmdale SaltLakeCity Savannah FortLauderdale Miami Sacramento Huntsville Tacoma Oxnard Birmingham Irvine Norfolk Raleigh Chattanooga Nashville Irving Wichita Waco Albuquerque LosAngeles Pasadena McAllen ElkGrove Plano Dayton ElPaso CorpusChristi GrandRapids Fresno OuterHaven Hollywood Lubbock Corona Peoria Jerusalem Orlando Garland Minneapolis NewportNews DesMoines ColoradoSprings LasVegas NewYork Syracuse WestValleyCity Alexandria HuntingtonBeach Jackson Brownsville KansasCity StLouis Clarksville Jacksonville Killeen Joliet Madison Lincoln OklahomaCity Fontana Oceanside CapeCoral LittleRock Shreveport Macon Montgomery Tulsa Memphis SanAntonio Tucson SanBernardino Boise Sunnyvale StPetersburg McKinney Fullerton Midland Anchorage Phoenix Indianapolis Riverside Escondido Olathe Mobile GrandPrairie NorthLasVegas Hialeah Munich Boston Bridgeport Milwaukee SantaAna Stockton Richmond Fayetteville Aurora Orange Frisco Seattle Carrollton Surprise OverlandPark Scottsdale Tempe Denton Gilbert PembrokePines Greensboro Bellevue Davis Torrance Davis Bellevue Greensboro PembrokePines Gilbert Denton Tempe Scottsdale OverlandPark Surprise Carrollton Seattle Frisco Orange Aurora Fayetteville Richmond Stockton SantaAna Milwaukee Bridgeport Boston Munich Hialeah NorthLasVegas GrandPrairie Mobile Olathe Escondido Riverside Indianapolis Phoenix Anchorage Midland Fullerton McKinney StPetersburg Sunnyvale Boise SanBernardino Tucson SanAntonio Memphis Tulsa Montgomery Macon Shreveport LittleRock CapeCoral Oceanside Fontana OklahomaCity Lincoln Madison Joliet Killeen Jacksonville Clarksville StLouis KansasCity Brownsville Jackson HuntingtonBeach Alexandria WestValleyCity Syracuse NewYork LasVegas ColoradoSprings DesMoines NewportNews Minneapolis Garland Orlando Jerusalem Peoria Corona Lubbock Hollywood OuterHaven Fresno GrandRapids CorpusChristi ElPaso Dayton Plano ElkGrove McAllen Pasadena LosAngeles Albuquerque Waco Wichita Irving Nashville Chattanooga
100
Yonkers Yonkers
Alexandria Alexandria
Joliet Joliet
Orlando Orlando
Lincoln Lincoln
Worcester Worcester
LittleRock LittleRock
GardenGrove GardenGrove
Aurora Aurora
DesMoines DesMoines
Surprise Surprise
Phoenix Phoenix
Knoxville Knoxville
Jacksonville Jacksonville
Oceanside Oceanside
Baltimore Baltimore
Henderson Henderson
Fremont Fremont
Riverside Riverside
Memphis Memphis
SanBernardino SanBernardino
Tacoma Tacoma
Wichita Wichita
Paterson Paterson
Washington Washington
Ontario Ontario
Bakersfield Bakersfield
SantaClarita SantaClarita
Cleveland Cleveland
Brownsville Brownsville
McAllen McAllen
Charlotte Charlotte
Corona Corona
Honolulu Honolulu
Springfield Springfield
Denton Denton
Tempe Tempe
Spokane Spokane
Glendale Glendale
Shreveport Shreveport
GrandPrairie GrandPrairie
Irvine Irvine
NewportNews NewportNews
Lexington Lexington
Olathe Olathe
SanFrancisco SanFrancisco
Scottsdale Scottsdale
Vancouver Vancouver
Indianapolis Indianapolis
Murfreesboro Murfreesboro
Anchorage Anchorage
FortWorth FortWorth
Austin Austin
Raleigh Raleigh
Anaheim Anaheim
SanJose SanJose
Fayetteville Fayetteville
Cincinnati Cincinnati
Oxnard Oxnard
Durham Durham
ChulaVista ChulaVista
SantaAna SantaAna
SaintPaul SaintPaul
FortLauderdale FortLauderdale
ElPaso ElPaso
Syracuse Syracuse
Madison Madison
GrandRapids GrandRapids
NewYork NewYork
Savannah Savannah
CapeCoral CapeCoral
Louisville Louisville
Hayward Hayward
Buffalo Buffalo
BatonRouge BatonRouge
Boston Boston
Boise Boise
Waco Waco
Chicago Chicago
SanAntonio SanAntonio
KansasCity KansasCity
Richmond Richmond
Tallahassee Tallahassee
Salem Salem
Midland Midland
LosAngeles LosAngeles
Fontana Fontana
Berkeley Berkeley
PortStLucie PortStLucie
Plano Plano
Orange Orange
Newark Newark
Toledo Toledo
Naperville Naperville
Jackson Jackson
Akron Akron
Pomona Pomona
Lubbock Lubbock
Frisco Frisco
SanDiego SanDiego
