Porterton Marcusburgh Matthewburgh Bondfort Shawnmouth Buckleyside Combsville Maryport Reynoldsview Richtown Geraldside Michellehaven Ramosborough Fordhaven Candaceborough Garciamouth Byrdfurt Loweryborough Stuartshire Calvinton Teresafort Suttonville Castanedachester Leechester Hodgesstad Gabrielburgh Joseport Hallborough Kylieview Adamview Harrisborough Tannerhaven Sethland Charlesberg Weberbury Clarkport Vickiville Holthaven Ashleystad Williamport Denisechester Patriciaside Audreyfort Garytown Jeffreyfort Derekmouth Williamshire Johnberg Davidsonview Jamieside Shawnfort Parkermouth Yvonneborough Gonzalesfurt Ellisstad Osbornemouth Kimberlyburgh Candiceland Jamesshire Gabrielfort Billton Banksburgh Simmonsburgh Michaelville Williamland Callahantown Walltown Paulburgh Ashleyborough Osborneville Payneview Barnesmouth Clarkborough Houstonchester Annberg Dyerport Brendaview Harrisport Hansonbury Paultown Tylerbury Pattersonberg Troyfort Patriciabury Thomasmouth Changbury Thomasside Cooperton Kristietown Joebury Brookemouth Kimberlymouth Kevinberg Adamside Andrewschester Heatherberg Thomasborough Masseyside Jameston Martinchester Thomasville Webbview Abigailhaven Swansonshire Toddtown Robertsstad Jessicaton Dannyside Shawnhaven Christophermouth Beckerton Jermaineton Clarkbury Singletonton Jacksonton Emilyview Davidtown Adkinsberg Johnsonberg Virginiastad Robinsonmouth Horneside Samanthashire Feliciaville Jennifertown Jacksonville Christopherhaven Ortegaberg Taylorton Campbellhaven Melissaview Danielleport Wallton Davisstad Newmanburgh Gallowaymouth Rioshaven Josephstad Ortizberg Willisfurt Fletcherland Kingview Williamschester Mirandaview Robertomouth Jamestown Wilsonstad Abigailville Smithtown Jacksonland Smithtown Abigailville Wilsonstad Jamestown Robertomouth Mirandaview Williamschester Kingview Fletcherland Willisfurt Ortizberg Josephstad Rioshaven Gallowaymouth Newmanburgh Davisstad Wallton Danielleport Melissaview Campbellhaven Taylorton Ortegaberg Christopherhaven Jacksonville Jennifertown Feliciaville Samanthashire Horneside Robinsonmouth Virginiastad Johnsonberg Adkinsberg Davidtown Emilyview Jacksonton Singletonton Clarkbury Jermaineton Beckerton Christophermouth Shawnhaven Dannyside Jessicaton Robertsstad Toddtown Swansonshire Abigailhaven Webbview Thomasville Martinchester Jameston Masseyside Thomasborough Heatherberg Andrewschester Adamside Kevinberg Kimberlymouth Brookemouth Joebury Kristietown Cooperton Thomasside Changbury Thomasmouth Patriciabury Troyfort Pattersonberg Tylerbury Paultown Hansonbury Harrisport Brendaview Dyerport Annberg Houstonchester Clarkborough Barnesmouth Payneview Osborneville Ashleyborough Paulburgh Walltown Callahantown Williamland Michaelville Simmonsburgh Banksburgh Billton Gabrielfort Jamesshire Candiceland Kimberlyburgh Osbornemouth Ellisstad Gonzalesfurt Yvonneborough Parkermouth Shawnfort Jamieside Davidsonview Johnberg Williamshire Derekmouth Jeffreyfort Garytown Audreyfort Patriciaside Denisechester Williamport Ashleystad Holthaven Vickiville Clarkport Weberbury Charlesberg Sethland Tannerhaven Harrisborough Adamview Kylieview Hallborough Joseport Gabrielburgh Hodgesstad Leechester Castanedachester Suttonville Teresafort Calvinton Stuartshire Loweryborough Byrdfurt Garciamouth Candaceborough Fordhaven Ramosborough Michellehaven Geraldside Richtown Reynoldsview Maryport Combsville Buckleyside Shawnmouth Bondfort Matthewburgh Marcusburgh Porterton Dianashire Burgessview Williamfort Moodyburgh Gregoryberg Smithfort Millerborough Bradberg Clarenceview Michaelview Judithview Reevestown Clarkberg Burtonview Phamhaven Mercedesmouth Bondmouth Pettyton Jonesfurt Mindyview Codyton Ryanside Scotttown Jacksonview Danielville Priceville Johnside Hallstad Haleview Laurenbury Scottburgh Ortegahaven Baileyfort Nealfurt Johnsonchester Susanfort Leahmouth Lopezburgh Lopezborough Waltersmouth Adamport Thompsonshire Cheyennefurt Watsonville Christyland Derekville Bakertown Murphyside Joneschester Cranemouth Joneschester Murphyside Bakertown Derekville Christyland Watsonville Cheyennefurt Thompsonshire Adamport Waltersmouth Lopezborough Lopezburgh Leahmouth Susanfort Johnsonchester Nealfurt Baileyfort Ortegahaven Scottburgh Laurenbury Haleview Hallstad Johnside Priceville Danielville Jacksonview Scotttown Ryanside Codyton Mindyview Jonesfurt Pettyton Bondmouth Mercedesmouth Phamhaven Burtonview Clarkberg Reevestown Judithview Michaelview Clarenceview Bradberg Millerborough Smithfort Gregoryberg Moodyburgh Williamfort Burgessview Dianashire Porterton
100
Johnsonberg Johnsonberg
Adamview Adamview
Feliciaville Feliciaville
Buckleyside Buckleyside
Combsville Combsville
Thompsonshire Thompsonshire
Mirandaview Mirandaview
Derekville Derekville
Wilsonstad Wilsonstad
Susanfort Susanfort
Haleview Haleview
Hallstad Hallstad
Adamport Adamport
Dannyside Dannyside
Jermaineton Jermaineton
Parkermouth Parkermouth
Jameston Jameston
Hansonbury Hansonbury
Kylieview Kylieview
Brendaview Brendaview
Mercedesmouth Mercedesmouth
Kimberlyburgh Kimberlyburgh
Leahmouth Leahmouth
Candiceland Candiceland
Houstonchester Houstonchester
Michaelview Michaelview
Dyerport Dyerport
Troyfort Troyfort
Cranemouth Cranemouth
Audreyfort Audreyfort
Reynoldsview Reynoldsview
Ellisstad Ellisstad
Byrdfurt Byrdfurt
Andrewschester Andrewschester
Tannerhaven Tannerhaven
Christyland Christyland
Patriciaside Patriciaside
Garciamouth Garciamouth
Robinsonmouth Robinsonmouth
Adamside Adamside
Bakertown Bakertown
Williamland Williamland
Patriciabury Patriciabury
Horneside Horneside
Jacksonland Jacksonland
Loweryborough Loweryborough
Bradberg Bradberg
Christopherhaven Christopherhaven
Harrisport Harrisport
Rioshaven Rioshaven
Jonesfurt Jonesfurt
Taylorton Taylorton
Williamschester Williamschester
Candaceborough Candaceborough
Hodgesstad Hodgesstad
Gabrielburgh Gabrielburgh
Clarkport Clarkport
Bondmouth Bondmouth
Fordhaven Fordhaven
Clarkborough Clarkborough
Holthaven Holthaven
Osbornemouth Osbornemouth
Ortegaberg Ortegaberg
Danielville Danielville
Shawnmouth Shawnmouth
Ryanside Ryanside
Smithtown Smithtown
Jacksonview Jacksonview
Ramosborough Ramosborough
Swansonshire Swansonshire
Thomasmouth Thomasmouth
Suttonville Suttonville
Annberg Annberg
Maryport Maryport
Ortizberg Ortizberg
Calvinton Calvinton
Williamshire Williamshire
Codyton Codyton
Vickiville Vickiville
Mindyview Mindyview
Abigailville Abigailville
Clarenceview Clarenceview
Masseyside Masseyside
Robertomouth Robertomouth
Michaelville Michaelville
Jennifertown Jennifertown
Nealfurt Nealfurt
Harrisborough Harrisborough
Adkinsberg Adkinsberg
Millerborough Millerborough
Shawnfort Shawnfort
Watsonville Watsonville
Abigailhaven Abigailhaven
Smithfort Smithfort
Josephstad Josephstad
Clarkbury Clarkbury
Priceville Priceville
Joneschester Joneschester
Hallborough Hallborough
Thomasborough Thomasborough
