Hernandezville Beckyshire Murphyberg Hendersonchester Josephton Wilsonburgh Dennisstad Bridgesville Riveramouth Bradshawside Wandaside Stricklandbury Tylermouth Deanstad Douglasland Jonestown Barbarachester Jonesberg Maysfort Huynhton Harristown Williamsville Morrisbury Courtneyfurt Gabriellabury Farmerside Simsport Wagnerton Derekton Thomaschester Josemouth Robertborough Smithmouth Crystalchester Mcculloughchester Ponceville Garymouth Camposstad Donaldstad Thomastown Johnstonmouth Williamsmouth Ryanton Jasonton Charlottetown Sheabury Frosthaven Rebeccaton Tammychester Richardhaven Downsville Scottshire Andrewland Emilymouth Heathermouth Lopezview Robertsfort Deborahfort Martinton Brianland Youngburgh Ralphtown Garciaport Charlesburgh Angelaview Pittsland Kellyfort Tinatown Williamsfort Contrerasland Mcfarlandville Belindamouth Johnsonmouth Johnport Morenoside Wallaceville Turnerfort Larryburgh Johnsontown Crystaltown Christophertown Richardville Francesmouth Dixonton Keithton Aprilstad Haasville Williammouth Haasville Aprilstad Keithton Dixonton Francesmouth Richardville Christophertown Crystaltown Johnsontown Larryburgh Turnerfort Wallaceville Morenoside Johnport Johnsonmouth Belindamouth Mcfarlandville Contrerasland Williamsfort Tinatown Kellyfort Pittsland Angelaview Charlesburgh Garciaport Ralphtown Youngburgh Brianland Martinton Deborahfort Robertsfort Lopezview Heathermouth Emilymouth Andrewland Scottshire Downsville Richardhaven Tammychester Rebeccaton Frosthaven Sheabury Charlottetown Jasonton Ryanton Williamsmouth Johnstonmouth Thomastown Donaldstad Camposstad Garymouth Ponceville Mcculloughchester Crystalchester Smithmouth Robertborough Josemouth Thomaschester Derekton Wagnerton Simsport Farmerside Gabriellabury Courtneyfurt Morrisbury Williamsville Harristown Huynhton Maysfort Jonesberg Barbarachester Jonestown Douglasland Deanstad Tylermouth Stricklandbury Wandaside Bradshawside Riveramouth Bridgesville Dennisstad Wilsonburgh Josephton Hendersonchester Murphyberg Beckyshire Hernandezville Joelview Mitchellchester Lopezmouth Campbellshire Amberfurt Adkinsfurt Mcdonaldmouth Allenberg Kristinbury Esparzaberg Thomasburgh Sanchezland Thomasburgh Esparzaberg Kristinbury Allenberg Mcdonaldmouth Adkinsfurt Amberfurt Campbellshire Lopezmouth Mitchellchester Joelview Hernandezville
50
Haasville Haasville
Johnsonmouth Johnsonmouth
Johnstonmouth Johnstonmouth
Allenberg Allenberg
Barbarachester Barbarachester
Pittsland Pittsland
Smithmouth Smithmouth
Tylermouth Tylermouth
Francesmouth Francesmouth
Tinatown Tinatown
Hendersonchester Hendersonchester
Thomasburgh Thomasburgh
Keithton Keithton
Contrerasland Contrerasland
Wilsonburgh Wilsonburgh
Angelaview Angelaview
Deborahfort Deborahfort
Kristinbury Kristinbury
Andrewland Andrewland
Wandaside Wandaside
Morrisbury Morrisbury
Martinton Martinton
Johnport Johnport
Williamsville Williamsville
Mcdonaldmouth Mcdonaldmouth
Robertsfort Robertsfort
Amberfurt Amberfurt
Huynhton Huynhton
Kellyfort Kellyfort
Adkinsfurt Adkinsfurt
Robertborough Robertborough
Crystaltown Crystaltown
Deanstad Deanstad
Harristown Harristown
Josephton Josephton
Sanchezland Sanchezland
Emilymouth Emilymouth
Jonesberg Jonesberg
Johnsontown Johnsontown
Bradshawside Bradshawside
Charlesburgh Charlesburgh
Belindamouth Belindamouth
Aprilstad Aprilstad
Donaldstad Donaldstad
Rebeccaton Rebeccaton
Thomastown Thomastown
Lopezview Lopezview
Richardville Richardville
Tammychester Tammychester
Brianland Brianland
