Taylorville Weberside Eduardotown Billyville Jonesbury Lloydton Smithborough Stephensonburgh Alexmouth Kristenmouth Mariaview Saraport Underwoodmouth Nancymouth Ashleyland Kathyfort Hawkinsland Ayalabury Callahanfort Nicholasshire Tinaville Stewartberg Foxview Steventown Foleyhaven Jacobberg Johnsonside Grahambury Kempshire Michaelfort Camposstad Stevenshire Lewisburgh Stevenshire Camposstad Michaelfort Kempshire Grahambury Johnsonside Jacobberg Foleyhaven Steventown Foxview Stewartberg Tinaville Nicholasshire Callahanfort Ayalabury Hawkinsland Kathyfort Ashleyland Nancymouth Underwoodmouth Saraport Mariaview Kristenmouth Alexmouth Stephensonburgh Smithborough Lloydton Jonesbury Billyville Eduardotown Weberside Taylorville Valerietown Manuelhaven Johnmouth Davidville Nicholefurt Jamestown Glasston Greggside Shawnport Alejandroport Deborahfurt Anthonyburgh Martinezfort Ericksonmouth Michaelville Sullivanmouth Underwoodborough Sullivanmouth Michaelville Ericksonmouth Martinezfort Anthonyburgh Deborahfurt Alejandroport Shawnport Greggside Glasston Jamestown Nicholefurt Davidville Johnmouth Manuelhaven Valerietown Taylorville
25
Jamestown Jamestown
Lloydton Lloydton
Lewisburgh Lewisburgh
Alexmouth Alexmouth
Saraport Saraport
Michaelfort Michaelfort
Kristenmouth Kristenmouth
Steventown Steventown
Johnsonside Johnsonside
Grahambury Grahambury
Hawkinsland Hawkinsland
Nicholefurt Nicholefurt
Underwoodmouth Underwoodmouth
Ericksonmouth Ericksonmouth
Foleyhaven Foleyhaven
Martinezfort Martinezfort
Camposstad Camposstad
Glasston Glasston
Nicholasshire Nicholasshire
Underwoodborough Underwoodborough
Stephensonburgh Stephensonburgh
Smithborough Smithborough
Stevenshire Stevenshire
Ayalabury Ayalabury
Michaelville Michaelville
