A0 A1 A5 B2 B8 B6 B9 B5 C7 B7 D1 D4 D5 C9 C1 D0 C0 D9 D7 D6 E2 E1 E4 E9 E6 F0 E0 F4 F3 F5 G4 G5 I5 H7 I2 H9 H5 H2 G8 H0 G9 G6 J8 J3 J1 J6 I7 I6 I9 I3 J4 J7 J4 I3 I9 I6 I7 J6 J1 J3 J8 G6 G9 H0 G8 H2 H5 H9 I2 H7 I5 G5 G4 F5 F3 F4 E0 F0 E6 E9 E4 E1 E2 D6 D7 D9 C0 D0 C1 C9 D5 D4 D1 B7 C7 B5 B9 B6 B8 B2 A5 A1 A0 A2 A8 A4 A9 A3 B0 A7 B1 A6 B3 B4 C4 C8 C5 C2 C6 C3 D2 D8 D3 E3 E5 E8 E7 F1 G1 G0 F6 F9 F8 F7 F2 G2 G3 G7 H6 H3 H1 I4 I0 I1 H4 H8 I8 J0 J5 J2 J9 J2 J5 J0 I8 H8 H4 I1 I0 I4 H1 H3 H6 G7 G3 G2 F2 F7 F8 F9 F6 G0 G1 F1 E7 E8 E5 E3 D3 D8 D2 C3 C6 C2 C5 C8 C4 B4 B3 A6 B1 A7 B0 A3 A9 A4 A8 A2 A0
50
A1 A1
A2 A2
A3 A3
A4 A4
A5 A5
A6 A6
A7 A7
A8 A8
A9 A9
B0 B0
B1 B1
B2 B2
B3 B3
B4 B4
B5 B5
B6 B6
B7 B7
B8 B8
B9 B9
C0 C0
C1 C1
C2 C2
C3 C3
C4 C4
C5 C5
C6 C6
C7 C7
C8 C8
C9 C9
D0 D0
D1 D1
D2 D2
D3 D3
D4 D4
D5 D5
D6 D6
D7 D7
D8 D8
D9 D9
E0 E0
E1 E1
E2 E2
E3 E3
E4 E4
E5 E5
E6 E6
E7 E7
E8 E8
E9 E9
F0 F0
