0 95 81 45 84 85 76 44 41 24 77 18 7 29 31 6 11 6 31 29 7 18 77 24 41 44 76 85 84 45 81 95 0 14 12 89 20 90 96 40 91 99 43 79 42 61 25 75 88 48 59 21 69 1 73 36 94 92 86 97 70 5 22 74 27 34 52 65 3 51 37 62 2 28 87 26 47 98 15 19 64 4 58 8 66 55 30 13 17 56 83 57 9 80 67 16 35 33 71 46 68 49 54 38 60 63 50 82 23 53 78 39 72 10 93 32 93 10 72 39 78 53 23 82 50 63 60 38 54 49 68 46 71 33 35 16 67 80 9 57 83 56 17 13 30 55 66 8 58 4 64 19 15 98 47 26 87 28 2 62 37 51 3 65 52 34 27 74 22 5 70 97 86 92 94 36 73 1 69 21 59 48 88 75 25 61 42 79 43 99 91 40 96 90 20 89 12 14 0
50
0 0
1 1
2 2
3 3
4 4
5 5
6 6
7 7
8 8
9 9
10 10
11 11
12 12
13 13
14 14
15 15
16 16
17 17
18 18
19 19
20 20
21 21
22 22
23 23
24 24
25 25
26 26
27 27
28 28
29 29
30 30
31 31
32 32
33 33
34 34
35 35
36 36
37 37
38 38
39 39
40 40
41 41
42 42
43 43
44 44
45 45
46 46
47 47
48 48
49 49
