0 73 181 149 144 159 143 112 90 55 119 132 193 48 139 64 50 34 57 4 60 54 49 187 53 20 81 89 147 177 29 118 13 116 131 172 163 178 115 103 130 33 15 194 61 122 167 28 185 151 42 157 27 96 195 199 104 35 109 46 63 99 179 92 153 19 164 128 176 170 85 173 44 134 62 12 75 5 182 70 25 70 182 5 75 12 62 134 44 173 85 170 176 128 164 19 153 92 179 99 63 46 109 35 104 199 195 96 27 157 42 151 185 28 167 122 61 194 15 33 130 103 115 178 163 172 131 116 13 118 29 177 147 89 81 20 53 187 49 54 60 4 57 34 50 64 139 48 193 132 119 55 90 112 143 159 144 149 181 73 0 23 88 7 197 94 126 123 189 39 67 56 136 14 78 36 77 150 133 68 140 31 97 59 32 41 74 141 21 93 161 146 117 3 125 154 80 183 43 69 1 58 186 184 166 47 91 98 65 26 107 79 17 196 174 95 87 18 84 76 165 51 22 142 180 188 135 16 156 155 110 102 160 106 152 198 10 71 137 158 190 82 192 101 45 162 129 114 138 120 11 175 105 38 2 86 66 145 124 111 171 169 100 148 121 37 168 52 108 83 40 9 6 24 191 72 30 8 113 127 113 8 30 72 191 24 6 9 40 83 108 52 168 37 121 148 100 169 171 111 124 145 66 86 2 38 105 175 11 120 138 114 129 162 45 101 192 82 190 158 137 71 10 198 152 106 160 102 110 155 156 16 135 188 180 142 22 51 165 76 84 18 87 95 174 196 17 79 107 26 65 98 91 47 166 184 186 58 1 69 43 183 80 154 125 3 117 146 161 93 21 141 74 41 32 59 97 31 140 68 133 150 77 36 78 14 136 56 67 39 189 123 126 94 197 7 88 23 0
100
0 0
1 1
2 2
3 3
4 4
5 5
6 6
7 7
8 8
9 9
10 10
11 11
12 12
13 13
14 14
15 15
16 16
17 17
18 18
19 19
20 20
21 21
22 22
23 23
24 24
25 25
26 26
27 27
28 28
29 29
30 30
31 31
32 32
33 33
34 34
35 35
36 36
37 37
38 38
39 39
40 40
41 41
42 42
43 43
44 44
45 45
46 46
47 47
48 48
49 49
50 50
51 51
52 52
53 53
54 54
55 55
56 56
57 57
58 58
59 59
60 60
61 61
62 62
63 63
64 64
65 65
66 66
67 67
68 68
69 69
70 70
71 71
72 72
73 73
74 74
75 75
76 76
77 77
78 78
79 79
80 80
81 81
82 82
83 83
84 84
85 85
86 86
87 87
88 88
89 89
90 90
91 91
92 92
93 93
94 94
95 95
96 96
97 97
98 98
99 99
