AY BX AL R B AG K V CD BG AC W CG BR AE AS BZ BH BI CA AU BS J BM AQ AK BF AD CF BK CK P Q CN AO BW CS C CP CE AT AB D Y AR CV BL AI AN CC F AZ AA A BA BN BY H CQ BT AP G BJ U N X BB AF S CR BD BC CT Z CJ AM CU BO O AX AV BU I BP AW CO BV M L E CB BE AJ CI CM T CL AH BQ AH CL T CM CI AJ BE CB E L M BV CO AW BP I BU AV AX O BO CU AM CJ Z CT BC BD CR S AF BB X N U BJ G AP BT CQ H BY BN BA A AA AZ F CC AN AI BL CV AR Y D AB AT CE CP C CS BW AO CN Q P CK BK CF AD BF AK AQ BM J BS AU CA BI BH BZ AS AE BR CG W AC BG CD V K AG B R AL BX AY CH AY
50
B B
F F
H H
I I
O O
P P
Q Q
T T
U U
V V
W W
AA AA
AB AB
AE AE
AH AH
AI AI
AK AK
AM AM
AO AO
AQ AQ
AS AS
AU AU
AV AV
AW AW
AX AX
AY AY
BA BA
BE BE
BF BF
BG BG
BI BI
BJ BJ
BO BO
BP BP
BU BU
BX BX
BZ BZ
CA CA
CC CC
CD CD
CE CE
CF CF
CK CK
CL CL
CM CM
CP CP
CQ CQ
CR CR
CU CU
CV CV
