K B AD GQ EN FD FQ CA GD ET S GB CR R AS CL O A FM DZ AB FC BO AP FV W AX I BN FY DO DW FE EC P FW EF FK DX EM EA BP FF D FA FJ GJ DB BI CO GI FU EH DN CM CC EY EO DE EV AY EJ BX DP GL BF DV BJ BU CS BL Z J DH DS AN EB DC BS AZ BG EX EU AH Q AW CP GR CN GR CP AW Q AH EU EX BG AZ BS DC EB AN DS DH J Z BL CS BU BJ DV BF GL DP BX EJ AY EV DE EO EY CC CM DN EH FU GI CO BI DB GJ FJ FA D FF BP EA EM DX FK EF FW P EC FE DW DO FY BN I AX W FV AP BO FC AB DZ FM A O CL AS R CR GB S ET GD CA FQ FD EN GQ AD B K BH FS CD AM CF BT BC U AA GE BV DK DI DM DG EL GN M F AL BK DQ EW AJ FZ CB GP BA G AV DF BM AK BY BE FL DD GH DA CX T DT EK FO AI FB FI V AC AQ GO CG BW GA Y FP CE EQ DL GF CT CU E EZ CH FX DR C EP EG AG GG EI CQ AR GM AO CZ FG AU FR GK FT BR CJ H FH CK DY BZ ES BQ FN CY CI AF BD EE DJ GC ED AE X AT CV CW BB L ER N DU N ER L BB CW CV AT X AE ED GC DJ EE BD AF CI CY FN BQ ES BZ DY CK FH H CJ BR FT GK FR AU FG CZ AO GM AR CQ EI GG AG EG EP C DR FX CH EZ E CU CT GF DL EQ CE FP Y GA BW CG GO AQ AC V FI FB AI FO EK DT T CX DA GH DD FL BE BY AK BM DF AV G BA GP CB FZ AJ EW DQ BK AL F M GN EL DG DM DI DK BV GE AA U BC BT CF AM CD FS BH K
100
B B
G G
I I
L L
M M
P P
R R
T T
U U
V V
X X
Y Y
Z Z
AB AB
AF AF
AG AG
AH AH
AJ AJ
AM AM
AN AN
AS AS
AW AW
AX AX
BA BA
BB BB
BE BE
BF BF
BG BG
BI BI
BJ BJ
BL BL
BO BO
BP BP
BQ BQ
BR BR
BX BX
BY BY
CB CB
CE CE
CF CF
CJ CJ
CK CK
CM CM
CQ CQ
CT CT
CW CW
CY CY
DB DB
DC DC
DG DG
DH DH
DI DI
DK DK
DP DP
DR DR
DS DS
DV DV
DX DX
DZ DZ
EA EA
EC EC
ED ED
EG EG
EH EH
EJ EJ
EK EK
EL EL
EM EM
EN EN
EO EO
EQ EQ
EU EU
EV EV
EZ EZ
FD FD
FE FE
FG FG
FH FH
FI FI
FJ FJ
FM FM
FO FO
FP FP
FR FR
FS FS
FU FU
FV FV
FX FX
FZ FZ
GC GC
GD GD
GE GE
GF GF
GG GG
GI GI
GJ GJ
GK GK
GL GL
GO GO
GR GR
