55 76 47 20 50 21 23 18 4 89 8 11 8 89 4 18 23 21 50 20 47 76 55 72 33 56 19 61 24 82 37 13 60 32 43 67 86 96 41 75 91 49 36 15 78 99 22 5 68 34 54 1 51 87 64 53 77 46 7 40 71 0 31 3 44 57 58 6 17 39 93 62 29 16 2 45 65 98 27 38 69 81 9 10 30 88 42 94 70 90 63 66 35 59 73 12 95 52 74 79 97 85 26 83 84 14 80 48 25 28 92 28 25 48 80 14 84 83 26 85 97 79 74 52 95 12 73 59 35 66 63 90 70 94 42 88 30 10 9 81 69 38 27 98 65 45 2 16 29 62 93 39 17 6 58 57 44 3 31 0 71 40 7 46 77 53 64 87 51 1 54 34 68 5 22 99 78 15 36 49 91 75 41 96 86 67 43 32 60 13 37 82 24 61 19 56 33 72 55
50
92 92
62 62
99 99
19 19
25 25
7 7
0 0
61 61
16 16
97 97
14 14
51 51
36 36
63 63
95 95
41 41
87 87
9 9
5 5
32 32
12 12
64 64
57 57
39 39
93 93
83 83
18 18
88 88
67 67
13 13
53 53
70 70
91 91
3 3
49 49
10 10
96 96
15 15
1 1
17 17
28 28
27 27
86 86
31 31
77 77
20 20
11 11
54 54
29 29
23 23
