89 68 66 191 174 13 158 148 72 58 14 40 187 12 150 69 183 109 112 123 108 113 97 199 84 7 168 37 63 41 167 52 124 59 75 129 2 171 76 111 49 186 4 92 185 93 185 92 4 186 49 111 76 171 2 129 75 59 124 52 167 41 63 37 168 7 84 199 97 113 108 123 112 109 183 69 150 12 187 40 14 58 72 148 158 13 174 191 66 68 89 181 100 87 61 122 175 102 114 143 10 8 125 116 16 161 26 190 39 145 149 55 25 121 33 159 165 60 45 135 151 117 22 193 74 137 57 134 9 48 27 78 101 169 80 88 127 1 118 131 91 139 189 166 105 146 85 162 28 32 157 164 98 196 177 182 47 179 176 119 70 192 17 136 3 64 18 107 31 6 44 99 180 184 195 132 77 106 19 62 160 20 11 54 83 42 170 5 172 110 104 142 188 21 197 0 140 144 163 178 155 56 29 115 50 153 35 90 147 138 65 34 82 198 15 120 128 23 24 67 96 53 81 38 152 94 86 173 36 30 79 95 103 73 133 194 141 46 43 51 71 156 154 130 126 130 154 156 71 51 43 46 141 194 133 73 103 95 79 30 36 173 86 94 152 38 81 53 96 67 24 23 128 120 15 198 82 34 65 138 147 90 35 153 50 115 29 56 155 178 163 144 140 0 197 21 188 142 104 110 172 5 170 42 83 54 11 20 160 62 19 106 77 132 195 184 180 99 44 6 31 107 18 64 3 136 17 192 70 119 176 179 47 182 177 196 98 164 157 32 28 162 85 146 105 166 189 139 91 131 118 1 127 88 80 169 101 78 27 48 9 134 57 137 74 193 22 117 151 135 45 60 165 159 33 121 25 55 149 145 39 190 26 161 16 116 125 8 10 143 114 102 175 122 61 87 100 181 89
100
100 100
96 96
179 179
178 178
101 101
132 132
86 86
197 197
172 172
127 127
79 79
94 94
3 3
88 88
190 190
122 122
33 33
18 18
151 151
51 51
97 97
169 169
99 99
78 78
102 102
124 124
36 36
183 183
44 44
199 199
125 125
128 128
109 109
135 135
29 29
173 173
81 81
114 114
59 59
37 37
146 146
107 107
148 148
16 16
75 75
136 136
69 69
194 194
21 21
195 195
11 11
149 149
5 5
130 130
83 83
27 27
25 25
98 98
189 189
12 12
13 13
41 41
4 4
191 191
111 111
39 39
64 64
193 193
73 73
156 156
23 23
85 85
160 160
65 65
133 133
80 80
155 155
38 38
61 61
56 56
6 6
192 192
112 112
58 58
140 140
32 32
48 48
187 187
144 144
118 118
31 31
121 121
1 1
147 147
141 141
188 188
49 49
82 82
70 70
9 9
