fmdhlepsteinstdnkill epsteindlsfdntmkillh dnkillepsteinlshdtfm epsteinkillmsftnddlh fkillepsteindlhdnsmt nltdmsfepsteinkilldh hnfdtmlepsteinkillds nhslfmepsteindtkilld hsdfepsteintlnkilldm ftmnsldepsteinkillhd sltepsteinkillndmdfh epsteinskilldlndhmtf lthfkilldnsmepsteind hepsteinsddnfkillmlt ddtmkillepsteinflsnh fddsepsteinhnlkilltm msfltdkillnepsteinhd fthddnmlepsteinkills mftkillepsteinndlhsd tfkilllnmsdhepsteind smfepsteindkillthlnd tfkilllnmsdhepsteind mftkillepsteinndlhsd fthddnmlepsteinkills msfltdkillnepsteinhd fddsepsteinhnlkilltm ddtmkillepsteinflsnh hepsteinsddnfkillmlt lthfkilldnsmepsteind epsteinskilldlndhmtf sltepsteinkillndmdfh ftmnsldepsteinkillhd hsdfepsteintlnkilldm nhslfmepsteindtkilld hnfdtmlepsteinkillds nltdmsfepsteinkilldh fkillepsteindlhdnsmt epsteinkillmsftnddlh dnkillepsteinlshdtfm epsteindlsfdntmkillh fmdhlepsteinstdnkill nhmkilllsftepsteindd ddepsteinhltfkillsmn nmlfshtdkillepsteind fltsndepsteinmkillhd lndsdkilltmepsteinhf hsndepsteindlmtkillf hsdlepsteinmnkilldft epsteinmhndfkilltdls tdfepsteinnlhdkillsm tfdmdslepsteinkillnh hmfnddkillepsteinslt killhdfdepsteinsltnm lkilltndepsteindsmfh tmsdnfdlkillhepstein lhepsteinkilldtnmfsd flmkillnsepsteinddth dhkilllsepsteinmntdf killepsteinlhtfdsmdn epsteinlshkilldnfdmt flepsteindndhmtkills killdmnsfhldepsteint dfslntkillmepsteindh epsteintdkilllnfdhms mndepsteinftsdkilllh lmhdtfdepsteinnkills dhepsteindsnlkillfmt stepsteinhkillfmnldd dmepsteinfnhltkillsd fshtdepsteinmldnkill dthepsteinkillmsldfn hepsteinnfdmtslkilld shmlepsteinkilldfntd tepsteinddfnlkillhms nfmdkillhdlepsteinst hdepsteinskillldtnfm killnfsdhltmepsteind fdshnmkillepsteinltd hkilldfepsteinmdlnts tsepsteinnmdkillfhld nkilltdhlmdepsteinsf epsteinskillhfdmntdl dmdepsteinnhkilllsft epsteinfsddmthkillnl hnsdkilllftdmepstein ddlmnftepsteinhskill fepsteinhsntddkilllm killmlepsteindthnfsd ntlepsteindmfdshkill dfdkillepsteinslmhnt lnsmkilltfdepsteindh lhsepsteindtdnmkillf fhndskillepsteintldm tlsfdmdepsteinnhkill dmkillshfepsteinltnd killhddfntepsteinlms tmlepsteinsdnfkillhd killnsfmhdepsteindtl tmsfnkillldhepsteind tnkillhldsfdepsteinm killlepsteindndtfhms depsteinnlsfmhtkilld fkillepsteinmldnhstd epsteinkillnmsdhtdlf nepsteinlmdkilldhfts nhkillepsteindmdlsft sldnhepsteindftkillm nfdhkilllsmtepsteind dfkilllmtepsteinhdsn snfdlkillmtdhepstein dnfkillsepsteindtlhm ftldepsteinkillhsdmn ndkillftdsmepsteinlh slepsteinntkillhddfm lsdepsteinfmkillndth tlmsdhdnkillfepstein fmsepsteindntldhkill epsteindfhlmdnskillt dlnsthfmepsteinkilld epsteinfthlnmddkills dlnsthfmepsteinkilld epsteindfhlmdnskillt fmsepsteindntldhkill tlmsdhdnkillfepstein lsdepsteinfmkillndth slepsteinntkillhddfm ndkillftdsmepsteinlh ftldepsteinkillhsdmn dnfkillsepsteindtlhm snfdlkillmtdhepstein dfkilllmtepsteinhdsn nfdhkilllsmtepsteind sldnhepsteindftkillm nhkillepsteindmdlsft nepsteinlmdkilldhfts epsteinkillnmsdhtdlf fkillepsteinmldnhstd depsteinnlsfmhtkilld killlepsteindndtfhms tnkillhldsfdepsteinm tmsfnkillldhepsteind killnsfmhdepsteindtl tmlepsteinsdnfkillhd killhddfntepsteinlms dmkillshfepsteinltnd tlsfdmdepsteinnhkill fhndskillepsteintldm lhsepsteindtdnmkillf lnsmkilltfdepsteindh dfdkillepsteinslmhnt ntlepsteindmfdshkill killmlepsteindthnfsd fepsteinhsntddkilllm ddlmnftepsteinhskill hnsdkilllftdmepstein epsteinfsddmthkillnl dmdepsteinnhkilllsft epsteinskillhfdmntdl nkilltdhlmdepsteinsf tsepsteinnmdkillfhld hkilldfepsteinmdlnts fdshnmkillepsteinltd killnfsdhltmepsteind hdepsteinskillldtnfm nfmdkillhdlepsteinst tepsteinddfnlkillhms shmlepsteinkilldfntd hepsteinnfdmtslkilld dthepsteinkillmsldfn fshtdepsteinmldnkill dmepsteinfnhltkillsd stepsteinhkillfmnldd dhepsteindsnlkillfmt lmhdtfdepsteinnkills mndepsteinftsdkilllh epsteintdkilllnfdhms dfslntkillmepsteindh killdmnsfhldepsteint flepsteindndhmtkills epsteinlshkilldnfdmt killepsteinlhtfdsmdn dhkilllsepsteinmntdf flmkillnsepsteinddth lhepsteinkilldtnmfsd tmsdnfdlkillhepstein lkilltndepsteindsmfh killhdfdepsteinsltnm hmfnddkillepsteinslt tfdmdslepsteinkillnh tdfepsteinnlhdkillsm epsteinmhndfkilltdls hsdlepsteinmnkilldft hsndepsteindlmtkillf lndsdkilltmepsteinhf fltsndepsteinmkillhd nmlfshtdkillepsteind ddepsteinhltfkillsmn nhmkilllsftepsteindd fmdhlepsteinstdnkill
50
msfltdkillnepsteinhd msfltdkillnepsteinhd
nfdhkilllsmtepsteind nfdhkilllsmtepsteind
epsteindlsfdntmkillh epsteindlsfdntmkillh
epsteinkillmsftnddlh epsteinkillmsftnddlh
dmepsteinfnhltkillsd dmepsteinfnhltkillsd
fdshnmkillepsteinltd fdshnmkillepsteinltd
fmsepsteindntldhkill fmsepsteindntldhkill
tmlepsteinsdnfkillhd tmlepsteinsdnfkillhd
killdmnsfhldepsteint killdmnsfhldepsteint
lnsmkilltfdepsteindh lnsmkilltfdepsteindh
hdepsteinskillldtnfm hdepsteinskillldtnfm
dnkillepsteinlshdtfm dnkillepsteinlshdtfm
killnsfmhdepsteindtl killnsfmhdepsteindtl
tlsfdmdepsteinnhkill tlsfdmdepsteinnhkill
killepsteinlhtfdsmdn killepsteinlhtfdsmdn
epsteintdkilllnfdhms epsteintdkilllnfdhms
ntlepsteindmfdshkill ntlepsteindmfdshkill
epsteindfhlmdnskillt epsteindfhlmdnskillt
depsteinnlsfmhtkilld depsteinnlsfmhtkilld
dhkilllsepsteinmntdf dhkilllsepsteinmntdf
nhmkilllsftepsteindd nhmkilllsftepsteindd
lsdepsteinfmkillndth lsdepsteinfmkillndth
fshtdepsteinmldnkill fshtdepsteinmldnkill
flepsteindndhmtkills flepsteindndhmtkills
ddtmkillepsteinflsnh ddtmkillepsteinflsnh
lndsdkilltmepsteinhf lndsdkilltmepsteinhf
nepsteinlmdkilldhfts nepsteinlmdkilldhfts
ndkillftdsmepsteinlh ndkillftdsmepsteinlh
hsndepsteindlmtkillf hsndepsteindlmtkillf
nltdmsfepsteinkilldh nltdmsfepsteinkilldh
mftkillepsteinndlhsd mftkillepsteinndlhsd
lmhdtfdepsteinnkills lmhdtfdepsteinnkills
dhepsteindsnlkillfmt dhepsteindsnlkillfmt
fepsteinhsntddkilllm fepsteinhsntddkilllm
lhepsteinkilldtnmfsd lhepsteinkilldtnmfsd
hsdfepsteintlnkilldm hsdfepsteintlnkilldm
dlnsthfmepsteinkilld dlnsthfmepsteinkilld
stepsteinhkillfmnldd stepsteinhkillfmnldd
epsteinskilldlndhmtf epsteinskilldlndhmtf
hnfdtmlepsteinkillds hnfdtmlepsteinkillds
nkilltdhlmdepsteinsf nkilltdhlmdepsteinsf
fhndskillepsteintldm fhndskillepsteintldm
tlmsdhdnkillfepstein tlmsdhdnkillfepstein
dfkilllmtepsteinhdsn dfkilllmtepsteinhdsn
epsteinlshkilldnfdmt epsteinlshkilldnfdmt
hepsteinsddnfkillmlt hepsteinsddnfkillmlt
killmlepsteindthnfsd killmlepsteindthnfsd
ddlmnftepsteinhskill ddlmnftepsteinhskill
epsteinmhndfkilltdls epsteinmhndfkilltdls
hnsdkilllftdmepstein hnsdkilllftdmepstein
