dldkilltnmhfepsteins msddkilllthepsteinfn dlfdkilltepsteinhnms fhnmkillepsteinsdltd depsteinftndhmkillsl mltdhfdepsteinkillsn epsteindmshtfldnkill dfkilllepsteinsnmhtd ldhtdkillepsteinfsmn fddsmepsteintnkillhl lnepsteintdfmdshkill skillmfepsteinthddnl killepsteinfdlhdtnms ltnhmdepsteinfdskill fepsteinnsdkillhdtml mhdfsepsteintdkillln sdnmepsteinkilldfhlt fmhlnkilldepsteindst tnfslmepsteinkillddh mndtkillepsteindlfhs ldfsmnepsteinkilltdh hepsteinnfmtlkilldds killtepsteinddhlmnsf nkillddfthsmepsteinl shfnmltepsteindkilld killtdslhfdepsteinnm mhdskillldftnepstein stmlepsteindnkilldfh slepsteinkillfmddhtn hddtnsmfkillepsteinl fsepsteindkillhmtdln epsteinlmkillfshnddt sepsteindhmnltkillfd dtnkillsepsteinmdfhl fdmhkilllepsteintnsd smkillnfdhepsteindlt dnldkillhmfstepstein dmtlsfhnkilldepstein hnddkilltslmfepstein thdlskillnfdmepstein lepsteinkilldhfmstnd slmdtkillepsteindnhf ltfnsdhepsteinkilldm nmkilldepsteinhtldsf killldsfhnepsteindmt tsmdepsteinkillhfdln lkilldtnmsepsteindfh tdnfmdhepsteinslkill epsteintfhndkilllmsd tdkillepsteinsmhdfnl dmhdepsteinfsltkilln hkillepsteindtsfmlnd dnkilllmdstfepsteinh lsdfndepsteinmkillht lmtsnfddepsteinkillh epsteinmlddnsfhkillt fhmlstdndkillepstein dlmstkilldhfepsteinn hdkillsndtepsteinmlf tepsteinmdfldhnskill sdlhfnmdepsteintkill dsftepsteindhkillmnl hlfdskilldnepsteintm killthsepsteindmlfdn nepsteindhkillltmsfd sndldftmkillepsteinh dkillnmsfhtlepsteind tndskilldfepsteinmhl mdkillntepsteindfhsl depsteinfmkillhdsnlt tdfkillslepsteinhdmn tsdnhkilllmepsteindf killdepsteinmfltdshn dflstmkillepsteindhn lsmftnepsteinkillhdd hkilllepsteinnstfddm dhmkillfdltnsepstein hdepsteinkillnfdlmts dkillldfepsteintsmnh dlshdtepsteinnkillfm killtdmsdfhnepsteinl dhkillldsepsteintnmf epsteinfsltkillnhddm fmltddhnepsteinskill mlepsteinskilldnftdh epsteintkillhndlfmds killmsfhdtlndepstein fdskillndtmepsteinlh killmdshdtnflepstein sdndhepsteinltkillfm dkillfepsteinnhdmtls depsteinlfnmkilldsht tldkillhsfnmepsteind killshdlmftnepsteind ndkillthdepsteinlsmf lkillfthdsepsteindnm nsepsteinfmdkillhldt hnskillepsteintfdmld fstnepsteinmdldhkill lkillepsteintdshmfnd hdmndfepsteinstkilll killmdepsteinftshldn epsteinkillstmfnhldd hepsteinnfdmlsdtkill epsteindkilltlmnhsfd dfkillhepsteintdsmln killfsdhmndepsteintl dftkillhmldnepsteins hmndfkillslepsteintd nmkilllepsteintdsdfh hndsmfkilltldepstein hsepsteinfkillnmddtl smfhndepsteinkillltd tldmepsteindkillfhsn nmdhepsteinkilltfsld ndshkilldmlepsteinft killndmdtepsteinfhsl depsteintkilllnmsfdh hepsteinntdkillsdmfl lmkillepsteintsndfhd lhsntdepsteindkillmf tepsteinkilldflhnmsd ddkillnftsmhepsteinl epsteinldtnfmshdkill lepsteindsmnhftdkill dhsepsteintlkillmfnd epsteinhdkillltsmfdn mkilldlshdtfepsteinn epsteinhnkillsldfdmt dflhnepsteinsmdtkill tlkillmnsddhfepstein ddmstlnkillfepsteinh sldnhepsteinftkilldm killhdfnsepsteinmltd mdkilllfdnstepsteinh tmfdhepsteinnslkilld smkillnepsteinfldthd thnkillmddsepsteinfl fthlkillnepsteindsdm killfhdndtlepsteinsm lepsteindnhstfdmkill ldepsteindhkilltsmfn dfdepsteintlnskillhm epsteinshlkilldmnfdt dkillnmhldstfepstein hdntepsteinkilllsdfm mhkillepsteinddlfsnt epsteinsnmflhtdkilld dtsmdnlhfepsteinkill fkillepsteinndmdlhts mkillthfdlnepsteinds skillthlfndepsteindm killldepsteinthsnfmd stmepsteinkillnhddlf killldepsteinthsnfmd skillthlfndepsteindm mkillthfdlnepsteinds fkillepsteinndmdlhts dtsmdnlhfepsteinkill epsteinsnmflhtdkilld mhkillepsteinddlfsnt hdntepsteinkilllsdfm dkillnmhldstfepstein epsteinshlkilldmnfdt dfdepsteintlnskillhm ldepsteindhkilltsmfn lepsteindnhstfdmkill killfhdndtlepsteinsm fthlkillnepsteindsdm thnkillmddsepsteinfl smkillnepsteinfldthd tmfdhepsteinnslkilld mdkilllfdnstepsteinh killhdfnsepsteinmltd sldnhepsteinftkilldm ddmstlnkillfepsteinh tlkillmnsddhfepstein dflhnepsteinsmdtkill epsteinhnkillsldfdmt mkilldlshdtfepsteinn epsteinhdkillltsmfdn dhsepsteintlkillmfnd lepsteindsmnhftdkill epsteinldtnfmshdkill ddkillnftsmhepsteinl tepsteinkilldflhnmsd lhsntdepsteindkillmf lmkillepsteintsndfhd hepsteinntdkillsdmfl depsteintkilllnmsfdh killndmdtepsteinfhsl ndshkilldmlepsteinft nmdhepsteinkilltfsld tldmepsteindkillfhsn smfhndepsteinkillltd hsepsteinfkillnmddtl hndsmfkilltldepstein nmkilllepsteintdsdfh hmndfkillslepsteintd dftkillhmldnepsteins killfsdhmndepsteintl dfkillhepsteintdsmln epsteindkilltlmnhsfd hepsteinnfdmlsdtkill epsteinkillstmfnhldd killmdepsteinftshldn hdmndfepsteinstkilll lkillepsteintdshmfnd fstnepsteinmdldhkill hnskillepsteintfdmld nsepsteinfmdkillhldt lkillfthdsepsteindnm ndkillthdepsteinlsmf killshdlmftnepsteind tldkillhsfnmepsteind depsteinlfnmkilldsht dkillfepsteinnhdmtls sdndhepsteinltkillfm killmdshdtnflepstein fdskillndtmepsteinlh killmsfhdtlndepstein epsteintkillhndlfmds mlepsteinskilldnftdh fmltddhnepsteinskill epsteinfsltkillnhddm dhkillldsepsteintnmf killtdmsdfhnepsteinl dlshdtepsteinnkillfm dkillldfepsteintsmnh hdepsteinkillnfdlmts dhmkillfdltnsepstein hkilllepsteinnstfddm lsmftnepsteinkillhdd dflstmkillepsteindhn killdepsteinmfltdshn tsdnhkilllmepsteindf tdfkillslepsteinhdmn depsteinfmkillhdsnlt mdkillntepsteindfhsl tndskilldfepsteinmhl dkillnmsfhtlepsteind sndldftmkillepsteinh nepsteindhkillltmsfd killthsepsteindmlfdn hlfdskilldnepsteintm dsftepsteindhkillmnl sdlhfnmdepsteintkill tepsteinmdfldhnskill hdkillsndtepsteinmlf dlmstkilldhfepsteinn fhmlstdndkillepstein epsteinmlddnsfhkillt lmtsnfddepsteinkillh lsdfndepsteinmkillht dnkilllmdstfepsteinh hkillepsteindtsfmlnd dmhdepsteinfsltkilln tdkillepsteinsmhdfnl epsteintfhndkilllmsd tdnfmdhepsteinslkill lkilldtnmsepsteindfh tsmdepsteinkillhfdln killldsfhnepsteindmt nmkilldepsteinhtldsf ltfnsdhepsteinkilldm slmdtkillepsteindnhf lepsteinkilldhfmstnd thdlskillnfdmepstein hnddkilltslmfepstein dmtlsfhnkilldepstein dnldkillhmfstepstein smkillnfdhepsteindlt fdmhkilllepsteintnsd dtnkillsepsteinmdfhl sepsteindhmnltkillfd epsteinlmkillfshnddt fsepsteindkillhmtdln hddtnsmfkillepsteinl slepsteinkillfmddhtn stmlepsteindnkilldfh mhdskillldftnepstein killtdslhfdepsteinnm shfnmltepsteindkilld nkillddfthsmepsteinl killtepsteinddhlmnsf hepsteinnfmtlkilldds ldfsmnepsteinkilltdh mndtkillepsteindlfhs tnfslmepsteinkillddh fmhlnkilldepsteindst sdnmepsteinkilldfhlt mhdfsepsteintdkillln fepsteinnsdkillhdtml ltnhmdepsteinfdskill killepsteinfdlhdtnms skillmfepsteinthddnl lnepsteintdfmdshkill fddsmepsteintnkillhl ldhtdkillepsteinfsmn dfkilllepsteinsnmhtd epsteindmshtfldnkill mltdhfdepsteinkillsn depsteinftndhmkillsl fhnmkillepsteinsdltd dlfdkilltepsteinhnms msddkilllthepsteinfn dldkilltnmhfepsteins ldepsteinhmfnkillsdt mdkillnlsdtepsteinhf nftmskilldldepsteinh fhdmnepsteindkillslt sldhnfmtdkillepstein msepsteintlhnfkilldd hmdkilllnepsteinfsdt killhtdmdlnsfepstein nfltdmkillsdepsteinh sfdnepsteinhlkilldtm killfthnmsdlepsteind killsepsteindmtflhnd sdepsteinhlmnkillfdt mshkillltdepsteinfdn tepsteinhsdkillmldfn shepsteinnkillftlddm epsteinkillddfnthslm nlsdepsteinkilltfhdm fmtnkilldepsteindhsl mkillldnhepsteinstfd dmldfhskillntepstein mlepsteindkillsfhtdn fdstmndepsteinlkillh fhkillddlnmtsepstein shdepsteinftkillnlmd fnkillddmtepsteinshl tkilllepsteinfsnhmdd lntkillepsteinfsddhm fdmtdepsteinkilllsnh mfndlsdepsteinhkillt smtepsteinkilldfnhdl killdldepsteinmfsthn nepsteinfthdldmkills killfsdndhtmepsteinl hnsepsteinmkillfddtl dhtepsteinkillsdflmn hfskilldepsteinmndlt lhepsteintndkilldsmf depsteinslkillhdftmn killmfndshdtepsteinl killlhstfdepsteinnmd ntmdhepsteinsdkillfl epsteinfthkilldnslmd sfdntlkilldhmepstein dkillnsepsteinfdmthl sdltmfepsteinhkilldn dkillnsepsteinfdmthl sfdntlkilldhmepstein epsteinfthkilldnslmd ntmdhepsteinsdkillfl killlhstfdepsteinnmd killmfndshdtepsteinl depsteinslkillhdftmn lhepsteintndkilldsmf hfskilldepsteinmndlt dhtepsteinkillsdflmn hnsepsteinmkillfddtl killfsdndhtmepsteinl nepsteinfthdldmkills killdldepsteinmfsthn smtepsteinkilldfnhdl mfndlsdepsteinhkillt fdmtdepsteinkilllsnh lntkillepsteinfsddhm tkilllepsteinfsnhmdd fnkillddmtepsteinshl shdepsteinftkillnlmd fhkillddlnmtsepstein fdstmndepsteinlkillh mlepsteindkillsfhtdn dmldfhskillntepstein mkillldnhepsteinstfd fmtnkilldepsteindhsl nlsdepsteinkilltfhdm epsteinkillddfnthslm shepsteinnkillftlddm tepsteinhsdkillmldfn mshkillltdepsteinfdn sdepsteinhlmnkillfdt killsepsteindmtflhnd killfthnmsdlepsteind sfdnepsteinhlkilldtm nfltdmkillsdepsteinh killhtdmdlnsfepstein hmdkilllnepsteinfsdt msepsteintlhnfkilldd sldhnfmtdkillepstein fhdmnepsteindkillslt nftmskilldldepsteinh mdkillnlsdtepsteinhf ldepsteinhmfnkillsdt dldkilltnmhfepsteins
100
dlfdkilltepsteinhnms dlfdkilltepsteinhnms
sdndhepsteinltkillfm sdndhepsteinltkillfm
tldkillhsfnmepsteind tldkillhsfnmepsteind
mdkillntepsteindfhsl mdkillntepsteindfhsl
mdkillnlsdtepsteinhf mdkillnlsdtepsteinhf
tsdnhkilllmepsteindf tsdnhkilllmepsteindf
tsmdepsteinkillhfdln tsmdepsteinkillhfdln
dhsepsteintlkillmfnd dhsepsteintlkillmfnd
fhdmnepsteindkillslt fhdmnepsteindkillslt
epsteintfhndkilllmsd epsteintfhndkilllmsd
fdskillndtmepsteinlh fdskillndtmepsteinlh
killhdfnsepsteinmltd killhdfnsepsteinmltd
killtdmsdfhnepsteinl killtdmsdfhnepsteinl
fmltddhnepsteinskill fmltddhnepsteinskill
fddsmepsteintnkillhl fddsmepsteintnkillhl
lepsteinkilldhfmstnd lepsteinkilldhfmstnd
lkilldtnmsepsteindfh lkilldtnmsepsteindfh
killmfndshdtepsteinl killmfndshdtepsteinl
mkillthfdlnepsteinds mkillthfdlnepsteinds
mdkilllfdnstepsteinh mdkilllfdnstepsteinh
fhnmkillepsteinsdltd fhnmkillepsteinsdltd
msepsteintlhnfkilldd msepsteintlhnfkilldd
fdmtdepsteinkilllsnh fdmtdepsteinkilllsnh
slepsteinkillfmddhtn slepsteinkillfmddhtn
dmtlsfhnkilldepstein dmtlsfhnkilldepstein
sdlhfnmdepsteintkill sdlhfnmdepsteintkill
hepsteinnfdmlsdtkill hepsteinnfdmlsdtkill
ndkillthdepsteinlsmf ndkillthdepsteinlsmf
dkillnmhldstfepstein dkillnmhldstfepstein
lkillepsteintdshmfnd lkillepsteintdshmfnd
lmkillepsteintsndfhd lmkillepsteintsndfhd
shfnmltepsteindkilld shfnmltepsteindkilld
mhkillepsteinddlfsnt mhkillepsteinddlfsnt
msddkilllthepsteinfn msddkilllthepsteinfn
lhsntdepsteindkillmf lhsntdepsteindkillmf
epsteinsnmflhtdkilld epsteinsnmflhtdkilld
dtsmdnlhfepsteinkill dtsmdnlhfepsteinkill
ldepsteindhkilltsmfn ldepsteindhkilltsmfn
depsteinftndhmkillsl depsteinftndhmkillsl
dfdepsteintlnskillhm dfdepsteintlnskillhm
depsteinlfnmkilldsht depsteinlfnmkilldsht
tndskilldfepsteinmhl tndskilldfepsteinmhl
killhtdmdlnsfepstein killhtdmdlnsfepstein
dmldfhskillntepstein dmldfhskillntepstein
fsepsteindkillhmtdln fsepsteindkillhmtdln
epsteinfthkilldnslmd epsteinfthkilldnslmd
skillmfepsteinthddnl skillmfepsteinthddnl
killfthnmsdlepsteind killfthnmsdlepsteind
epsteinhdkillltsmfdn epsteinhdkillltsmfdn
hepsteinntdkillsdmfl hepsteinntdkillsdmfl
depsteintkilllnmsfdh depsteintkilllnmsfdh
mhdskillldftnepstein mhdskillldftnepstein
hmdkilllnepsteinfsdt hmdkilllnepsteinfsdt
dlshdtepsteinnkillfm dlshdtepsteinnkillfm
ltfnsdhepsteinkilldm ltfnsdhepsteinkilldm
nfltdmkillsdepsteinh nfltdmkillsdepsteinh
tepsteinhsdkillmldfn tepsteinhsdkillmldfn
killdepsteinmfltdshn killdepsteinmfltdshn
mkillldnhepsteinstfd mkillldnhepsteinstfd
tdfkillslepsteinhdmn tdfkillslepsteinhdmn
killtdslhfdepsteinnm killtdslhfdepsteinnm
hnsepsteinmkillfddtl hnsepsteinmkillfddtl
hsepsteinfkillnmddtl hsepsteinfkillnmddtl
fmtnkilldepsteindhsl fmtnkilldepsteindhsl
tdkillepsteinsmhdfnl tdkillepsteinsmhdfnl
nftmskilldldepsteinh nftmskilldldepsteinh
sldhnfmtdkillepstein sldhnfmtdkillepstein
sndldftmkillepsteinh sndldftmkillepsteinh
hmndfkillslepsteintd hmndfkillslepsteintd
killthsepsteindmlfdn killthsepsteindmlfdn
dtnkillsepsteinmdfhl dtnkillsepsteinmdfhl
killtepsteinddhlmnsf killtepsteinddhlmnsf
lepsteindnhstfdmkill lepsteindnhstfdmkill
dhmkillfdltnsepstein dhmkillfdltnsepstein
nmdhepsteinkilltfsld nmdhepsteinkilltfsld
epsteinldtnfmshdkill epsteinldtnfmshdkill
thdlskillnfdmepstein thdlskillnfdmepstein
killdldepsteinmfsthn killdldepsteinmfsthn
ldfsmnepsteinkilltdh ldfsmnepsteinkilltdh
mkilldlshdtfepsteinn mkilldlshdtfepsteinn
epsteinlmkillfshnddt epsteinlmkillfshnddt
tepsteinmdfldhnskill tepsteinmdfldhnskill
lsmftnepsteinkillhdd lsmftnepsteinkillhdd
depsteinslkillhdftmn depsteinslkillhdftmn
dkillnmsfhtlepsteind dkillnmsfhtlepsteind
epsteindkilltlmnhsfd epsteindkilltlmnhsfd
ntmdhepsteinsdkillfl ntmdhepsteinsdkillfl
skillthlfndepsteindm skillthlfndepsteindm
dnldkillhmfstepstein dnldkillhmfstepstein
epsteinhnkillsldfdmt epsteinhnkillsldfdmt
nepsteindhkillltmsfd nepsteindhkillltmsfd
ndshkilldmlepsteinft ndshkilldmlepsteinft
dhtepsteinkillsdflmn dhtepsteinkillsdflmn
lhepsteintndkilldsmf lhepsteintndkilldsmf
mndtkillepsteindlfhs mndtkillepsteindlfhs
epsteindmshtfldnkill epsteindmshtfldnkill
dflstmkillepsteindhn dflstmkillepsteindhn
hnskillepsteintfdmld hnskillepsteintfdmld
dfkilllepsteinsnmhtd dfkilllepsteinsnmhtd
thnkillmddsepsteinfl thnkillmddsepsteinfl
