tepsteinfdkilldlmhns hdkillfmtslndepstein depsteinkillsfmnldth sltkillfndepsteinmhd htskillepsteindnlfdm slepsteinftndkillmdh thmepsteinlkillfsndd mfskillnhlddtepstein epsteindsmnlfdtkillh ntepsteinsldkillhmdf tskillepsteinhfmddnl thsfnmkilldlepsteind nepsteinkillfmstdlhd dtepsteindnhmskillfl fnmhskilldepsteinltd msnepsteinfkillhtdld hkillmepsteinstdfdnl hdldfepsteinntsmkill fhntdkillmepsteinsld tmhsnfepsteinldkilld ndlmhepsteintdskillf dnhdskillepsteinmltf hepsteinnfstkilllmdd ldnmepsteinhfstdkill nmhdkilltslepsteinfd hldmepsteindsnkilltf ftdmlhkilldepsteinsn dhlepsteindkillsmtnf lepsteinfdkillsdnmht nfdhepsteinltsdmkill depsteinhskillmflndt epsteinsdfmhltkillnd depsteinhskillmflndt nfdhepsteinltsdmkill lepsteinfdkillsdnmht dhlepsteindkillsmtnf ftdmlhkilldepsteinsn hldmepsteindsnkilltf nmhdkilltslepsteinfd ldnmepsteinhfstdkill hepsteinnfstkilllmdd dnhdskillepsteinmltf ndlmhepsteintdskillf tmhsnfepsteinldkilld fhntdkillmepsteinsld hdldfepsteinntsmkill hkillmepsteinstdfdnl msnepsteinfkillhtdld fnmhskilldepsteinltd dtepsteindnhmskillfl nepsteinkillfmstdlhd thsfnmkilldlepsteind tskillepsteinhfmddnl ntepsteinsldkillhmdf epsteindsmnlfdtkillh mfskillnhlddtepstein thmepsteinlkillfsndd slepsteinftndkillmdh htskillepsteindnlfdm sltkillfndepsteinmhd depsteinkillsfmnldth hdkillfmtslndepstein tepsteinfdkilldlmhns hdepsteinsmdtnflkill fnlskillhtepsteindmd mddnepsteinkillfltsh nlhtdsdepsteinfmkill killepsteintdldshfnm hndtldfmkillepsteins nkillsdtdhfmlepstein epsteinthsdmndkillfl snldmtkillfepsteindh ndlepsteinhdtskillfm killtdnfsdhmlepstein dmfndhstkillepsteinl skilldnmlhdftepstein epsteinhsnftkilldlmd smldnkilldepsteinfht dfnlmskillthepsteind hfskillnepsteinldtdm killnfhdsdltepsteinm hfskillnepsteinldtdm dfnlmskillthepsteind smldnkilldepsteinfht epsteinhsnftkilldlmd skilldnmlhdftepstein dmfndhstkillepsteinl killtdnfsdhmlepstein ndlepsteinhdtskillfm snldmtkillfepsteindh epsteinthsdmndkillfl nkillsdtdhfmlepstein hndtldfmkillepsteins killepsteintdldshfnm nlhtdsdepsteinfmkill mddnepsteinkillfltsh fnlskillhtepsteindmd hdepsteinsmdtnflkill tepsteinfdkilldlmhns
25
nkillsdtdhfmlepstein nkillsdtdhfmlepstein
skilldnmlhdftepstein skilldnmlhdftepstein
killepsteintdldshfnm killepsteintdldshfnm
htskillepsteindnlfdm htskillepsteindnlfdm
nlhtdsdepsteinfmkill nlhtdsdepsteinfmkill
thmepsteinlkillfsndd thmepsteinlkillfsndd
fnmhskilldepsteinltd fnmhskilldepsteinltd
hldmepsteindsnkilltf hldmepsteindsnkilltf
snldmtkillfepsteindh snldmtkillfepsteindh
epsteindsmnlfdtkillh epsteindsmnlfdtkillh
ndlmhepsteintdskillf ndlmhepsteintdskillf
epsteinthsdmndkillfl epsteinthsdmndkillfl
lepsteinfdkillsdnmht lepsteinfdkillsdnmht
fnlskillhtepsteindmd fnlskillhtepsteindmd
nfdhepsteinltsdmkill nfdhepsteinltsdmkill
hepsteinnfstkilllmdd hepsteinnfstkilllmdd
killnfhdsdltepsteinm killnfhdsdltepsteinm
hkillmepsteinstdfdnl hkillmepsteinstdfdnl
ndlepsteinhdtskillfm ndlepsteinhdtskillfm
epsteinsdfmhltkillnd epsteinsdfmhltkillnd
tskillepsteinhfmddnl tskillepsteinhfmddnl
hdepsteinsmdtnflkill hdepsteinsmdtnflkill
msnepsteinfkillhtdld msnepsteinfkillhtdld
dhlepsteindkillsmtnf dhlepsteindkillsmtnf
tmhsnfepsteinldkilld tmhsnfepsteinldkilld
