60 62 54 53 50 51 52 61 58 56 66 67 69 70 71 68 80 82 88 84 86 87 89 87 86 84 88 82 80 68 71 70 69 67 66 56 58 61 52 51 50 53 54 62 60 00 10 03 07 16 17 08 09 19 18 29 28 38 37 36 46 45 44 31 34 33 43 42 32 22 23 12 26 27 35 25 24 15 06 05 04 14 13 02 01 11 21 20 30 41 40 39 48 49 47 55 57 59 64 65 63 72 73 85 74 75 76 77 78 79 81 83 93 94 98 97 92 91 90 99 96 95 96 99 90 91 92 97 98 94 93 83 81 79 78 77 76 75 74 85 73 72 63 65 64 59 57 55 47 49 48 39 40 41 30 20 21 11 01 02 13 14 04 05 06 15 24 25 35 27 26 12 23 22 32 42 43 33 34 31 44 45 46 36 37 38 28 29 18 19 09 08 17 16 07 03 10 00 60
29
06 06
26 26
31 31
37 37
48 48
50 50
53 53
54 54
56 56
59 59
60 60
64 64
65 65
66 66
67 67
68 68
69 69
78 78
79 79
80 80
81 81
83 83
85 85
86 86
88 88
89 89
91 91
96 96
97 97
