149 000 010 003 007 016 017 008 009 019 018 029 028 038 037 036 046 045 044 031 034 033 043 042 032 022 023 012 026 027 035 025 024 015 006 005 004 014 013 002 001 011 021 020 030 041 040 039 048 049 047 055 057 059 064 065 063 072 073 085 074 075 076 077 078 079 081 083 093 094 098 097 092 091 090 099 096 095 106 114 118 115 117 126 122 121 124 123 135 136 138 134 131 113 112 111 109 110 129 128 127 130 133 132 137 141 143 142 140 125 139 144 139 125 140 142 143 141 137 132 133 130 127 128 129 110 109 111 112 113 131 134 138 136 135 123 124 121 122 126 117 115 118 114 106 095 096 099 090 091 092 097 098 094 093 083 081 079 078 077 076 075 074 085 073 072 063 065 064 059 057 055 047 049 048 039 040 041 030 020 021 011 001 002 013 014 004 005 006 015 024 025 035 027 026 012 023 022 032 042 043 033 034 031 044 045 046 036 037 038 028 029 018 019 009 008 017 016 007 003 010 000 149 060 062 054 053 050 051 052 061 058 056 066 067 069 070 071 068 080 082 088 084 086 087 089 103 101 102 104 120 119 116 107 100 105 108 145 146 148 147 148 146 145 108 105 100 107 116 119 120 104 102 101 103 089 087 086 084 088 082 080 068 071 070 069 067 066 056 058 061 052 051 050 053 054 062 060 149
36
006 006
026 026
031 031
037 037
048 048
050 050
053 053
054 054
056 056
059 059
060 060
064 064
065 065
066 066
067 067
068 068
069 069
078 078
079 079
080 080
081 081
083 083
085 085
086 086
088 088
089 089
091 091
096 096
097 097
103 103
104 104
111 111
115 115
123 123
126 126
142 142
