CorpusChristi Downey ElMonte Appleton Chicago Denton Birmingham Erie Cincinnati Amarillo Duluth Boise Chattanooga Escondido Aurora Arlington Augusta BatonRouge Chesapeake Durham Dayton Dallas CoralSprings ClarkeCounty DalyCity Concord Aberdeen Akron ElPaso Cary CedarRapids Burbank Denver AppleValley Chandler ChulaVista DavidsonCounty ColoradoSprings Athens Bremerton Brighton Boulder CollegeStation ElkGrove DesMoines Corona Bryan Abilene Asheville Austin Detroit Beaumont Cambridge Bloomington Buffalo Carrollton Elizabeth Baltimore Cleveland Brownsville Atlanta Columbia Canton Bakersfield Bridgeport BonitaSprings Alexandria BonitaSprings Bridgeport Bakersfield Canton Columbia Atlanta Brownsville Cleveland Baltimore Elizabeth Carrollton Buffalo Bloomington Cambridge Beaumont Detroit Austin Asheville Abilene Bryan Corona DesMoines ElkGrove CollegeStation Boulder Brighton Bremerton Athens ColoradoSprings DavidsonCounty ChulaVista Chandler AppleValley Denver Burbank CedarRapids Cary ElPaso Akron Aberdeen Concord DalyCity ClarkeCounty CoralSprings Dallas Dayton Durham Chesapeake BatonRouge Augusta Arlington Aurora Escondido Chattanooga Boise Duluth Amarillo Cincinnati Erie Birmingham Denton Chicago Appleton ElMonte Downey CorpusChristi CapeCoral DaytonaBeach Billings BoiseCity Danbury Antioch Arvada AnnArbor Berkeley Albuquerque Columbus Bethlehem CostaMesa AtlanticCity Bellevue Burlington Charlotte Clearwater Bradenton Charleston Barnstable Allentown Albany Boston Deltona Clarksville Davenport Anchorage BelAir Elkhart Champaign Anaheim CathedralCity Anaheim Champaign Elkhart BelAir Anchorage Davenport Clarksville Deltona Boston Albany Allentown Barnstable Charleston Bradenton Clearwater Charlotte Burlington Bellevue AtlanticCity CostaMesa Bethlehem Columbus Albuquerque Berkeley AnnArbor Arvada Antioch Danbury BoiseCity Billings DaytonaBeach CapeCoral CorpusChristi
50
Akron Akron
Albuquerque Albuquerque
Alexandria Alexandria
Amarillo Amarillo
Anaheim Anaheim
AppleValley AppleValley
Appleton Appleton
Arvada Arvada
Asheville Asheville
Augusta Augusta
Austin Austin
Beaumont Beaumont
BelAir BelAir
Bloomington Bloomington
BoiseCity BoiseCity
BonitaSprings BonitaSprings
Boulder Boulder
Bremerton Bremerton
Bridgeport Bridgeport
Brownsville Brownsville
Bryan Bryan
Canton Canton
CapeCoral CapeCoral
Carrollton Carrollton
CathedralCity CathedralCity
Champaign Champaign
Chandler Chandler
Charleston Charleston
Chattanooga Chattanooga
Chicago Chicago
Cincinnati Cincinnati
Clearwater Clearwater
ColoradoSprings ColoradoSprings
Columbia Columbia
Columbus Columbus
CorpusChristi CorpusChristi
Dallas Dallas
DalyCity DalyCity
Danbury Danbury
Davenport Davenport
Deltona Deltona
Denton Denton
Denver Denver
Downey Downey
Durham Durham
ElMonte ElMonte
ElPaso ElPaso
Elizabeth Elizabeth
Elkhart Elkhart
Escondido Escondido
