BatonRouge Bellevue Bloomington Buffalo AtlanticCity Boulder Allentown Bremerton Abilene Athens Austin Alexandria Arvada Billings Boise Brighton BelAir Bakersfield Bryan Birmingham AnnArbor Brownsville Bridgeport Beaumont Albuquerque Boston Burlington Bradenton Cambridge Anchorage Amarillo BonitaSprings Aberdeen BoiseCity Anaheim Arlington Appleton Aurora Akron Augusta Bethlehem Albany Bethlehem Augusta Akron Aurora Appleton Arlington Anaheim BoiseCity Aberdeen BonitaSprings Amarillo Anchorage Cambridge Bradenton Burlington Boston Albuquerque Beaumont Bridgeport Brownsville AnnArbor Birmingham Bryan Bakersfield BelAir Brighton Boise Billings Arvada Alexandria Austin Athens Abilene Bremerton Allentown Boulder AtlanticCity Buffalo Bloomington Bellevue BatonRouge Burbank Asheville Barnstable Baltimore AppleValley Atlanta Berkeley Antioch Berkeley Atlanta AppleValley Baltimore Barnstable Asheville Burbank BatonRouge
25
Aberdeen Aberdeen
Abilene Abilene
Albany Albany
Albuquerque Albuquerque
Amarillo Amarillo
Anchorage Anchorage
AnnArbor AnnArbor
Arvada Arvada
Atlanta Atlanta
AtlanticCity AtlanticCity
Aurora Aurora
Barnstable Barnstable
BatonRouge BatonRouge
Beaumont Beaumont
Berkeley Berkeley
Bethlehem Bethlehem
Birmingham Birmingham
BoiseCity BoiseCity
Boston Boston
Boulder Boulder
Bradenton Bradenton
Bryan Bryan
Buffalo Buffalo
Burbank Burbank
Cambridge Cambridge
