FortCollins Knoxville Harlingen Arlington GrandPrairie Hemet ElPaso Boise CollegeStation GardenGrove Aberdeen Lorain Albany Bloomington ColoradoSprings ChulaVista Deltona Howell Flint Augusta Dayton Kenosha Gilbert AtlanticCity Jacksonville Charlotte Lincoln Downey Cleveland Austin LasVegas Kennewick Antioch Anaheim Denver Layton Evansville Danbury Evansville Layton Denver Anaheim Antioch Kennewick LasVegas Austin Cleveland Downey Lincoln Charlotte Jacksonville AtlanticCity Gilbert Kenosha Dayton Augusta Flint Howell Deltona ChulaVista ColoradoSprings Bloomington Albany Lorain Aberdeen GardenGrove CollegeStation Boise ElPaso Hemet GrandPrairie Arlington Harlingen Knoxville FortCollins CostaMesa Macon Gastonia Fremont Brighton BelAir LittleRock Huntington Greensboro Abilene LongBeach Columbus HavredeGrace Burbank Cambridge BatonRouge Marysville Jefferson LosAngeles Dallas Clarksville Bradenton Bridgeport McAllen Chicago Clearwater Concord Elkhart Champaign DavidsonCounty Canton KansasCity CapeCoral Berkeley FortWorth ElMonte Laredo CoralSprings Birmingham Atlanta Manchester HuntingtonBeach Henderson BoiseCity Eugene FortLauderdale Bethlehem Beaumont Greenville Appleton Huntsville Brownsville Fayetteville Houma Madison Boulder Baltimore Hayward Hartford Aurora ClarkeCounty Independence Bellevue Lakeland JohnsonCity Chandler Boston GreenBay DesMoines Lansing Inglewood Hickory Lowell Albuquerque Davenport DaytonaBeach LakeCharles Chattanooga Burlington Indianapolis Garland GrandRapids Kailua Duluth Irvine Harrisburg ElkGrove Honolulu Marina Alexandria Gainesville Killeen LasCruces Joliet Fairfield FortWayne Kaneohe Lancaster Anchorage Lubbock Louisville Columbia Barnstable Jackson Fullerton JerseyCity Lexington Carrollton Frederick Hampton Lafayette Lakewood Hesperia Escondido Asheville Fitchburg Durham DalyCity Houston Fresno Kalamazoo Athens Erie Buffalo Hollywood Lewisville Cary Irving Lacey Detroit Corona Allentown Bremerton Denton Grayslake Billings Chesapeake HighPoint Hialeah Bryan CedarRapids Hagerstown CathedralCity Leominster GulfportBiloxi Cincinnati Bakersfield CorpusChristi AnnArbor Charleston BonitaSprings Fargo Glendale Arvada FortSmith Akron Elizabeth FortWaltonBeach Kissimmee Amarillo AppleValley Fontana AppleValley Amarillo Kissimmee FortWaltonBeach Elizabeth Akron FortSmith Arvada Glendale Fargo BonitaSprings Charleston AnnArbor CorpusChristi Bakersfield Cincinnati GulfportBiloxi Leominster CathedralCity Hagerstown CedarRapids Bryan Hialeah HighPoint Chesapeake Billings Grayslake Denton Bremerton Allentown Corona Detroit Lacey Irving Cary Lewisville Hollywood Buffalo Erie Athens Kalamazoo Fresno Houston DalyCity Durham Fitchburg Asheville Escondido Hesperia Lakewood Lafayette Hampton Frederick Carrollton Lexington JerseyCity Fullerton Jackson Barnstable Columbia Louisville Lubbock Anchorage Lancaster Kaneohe FortWayne Fairfield Joliet LasCruces Killeen Gainesville Alexandria Marina Honolulu ElkGrove Harrisburg Irvine Duluth Kailua GrandRapids Garland Indianapolis Burlington Chattanooga LakeCharles DaytonaBeach Davenport Albuquerque Lowell Hickory Inglewood Lansing DesMoines GreenBay Boston Chandler JohnsonCity Lakeland Bellevue Independence ClarkeCounty Aurora Hartford Hayward Baltimore Boulder Madison Houma Fayetteville Brownsville Huntsville Appleton Greenville Beaumont Bethlehem FortLauderdale Eugene BoiseCity Henderson HuntingtonBeach Manchester Atlanta Birmingham CoralSprings Laredo ElMonte FortWorth Berkeley CapeCoral KansasCity Canton DavidsonCounty Champaign Elkhart Concord Clearwater Chicago McAllen Bridgeport Bradenton Clarksville Dallas LosAngeles Jefferson Marysville BatonRouge Cambridge Burbank HavredeGrace Columbus LongBeach Abilene Greensboro Huntington LittleRock BelAir Brighton Fremont Gastonia Macon CostaMesa FortCollins
100
Aberdeen Aberdeen
Abilene Abilene
Akron Akron
Albuquerque Albuquerque
Alexandria Alexandria
Allentown Allentown
Amarillo Amarillo
Anaheim Anaheim
Anchorage Anchorage
AnnArbor AnnArbor
AppleValley AppleValley
Appleton Appleton
Arvada Arvada
Atlanta Atlanta
Augusta Augusta
Austin Austin
Bakersfield Bakersfield
Baltimore Baltimore
Barnstable Barnstable
Beaumont Beaumont
Bellevue Bellevue
Berkeley Berkeley
Bethlehem Bethlehem
Boise Boise
BoiseCity BoiseCity
BonitaSprings BonitaSprings
Bradenton Bradenton
Bremerton Bremerton
Brighton Brighton
Brownsville Brownsville
Burbank Burbank
CapeCoral CapeCoral
Carrollton Carrollton
Cary Cary
CedarRapids CedarRapids
Champaign Champaign
Chandler Chandler
Chicago Chicago
Cleveland Cleveland
CollegeStation CollegeStation
ColoradoSprings ColoradoSprings
Dallas Dallas
DalyCity DalyCity
Danbury Danbury
DavidsonCounty DavidsonCounty
Denver Denver
DesMoines DesMoines
Detroit Detroit
ElMonte ElMonte
ElPaso ElPaso
Elizabeth Elizabeth
Elkhart Elkhart
Erie Erie
Eugene Eugene
Evansville Evansville
Fairfield Fairfield
Fargo Fargo
Fayetteville Fayetteville
Fontana Fontana
FortCollins FortCollins
FortWaltonBeach FortWaltonBeach
Frederick Frederick
Fremont Fremont
Fresno Fresno
Garland Garland
Gilbert Gilbert
GrandRapids GrandRapids
Grayslake Grayslake
Hampton Hampton
Harlingen Harlingen
Harrisburg Harrisburg
Hemet Hemet
Henderson Henderson
Hickory Hickory
Hollywood Hollywood
Houston Houston
Independence Independence
Indianapolis Indianapolis
Inglewood Inglewood
Irvine Irvine
Irving Irving
Jacksonville Jacksonville
Jefferson Jefferson
Joliet Joliet
Kalamazoo Kalamazoo
Kennewick Kennewick
Knoxville Knoxville
Lacey Lacey
Lafayette Lafayette
Lakeland Lakeland
Lakewood Lakewood
Lancaster Lancaster
LasCruces LasCruces
Layton Layton
Leominster Leominster
LittleRock LittleRock
Lorain Lorain
Louisville Louisville
Lubbock Lubbock
Manchester Manchester
