18 69 44 6 54 37 64 41 63 68 59 9 60 50 22 50 60 9 59 68 63 41 64 37 54 6 44 69 18 30 26 71 12 42 24 49 1 45 73 56 17 4 46 21 43 48 19 29 47 8 61 31 52 27 55 34 32 62 70 67 65 25 40 66 53 28 14 15 72 23 38 36 2 16 3 39 33 0 11 5 35 57 10 13 7 20 58 51 58 20 7 13 10 57 35 5 11 0 33 39 3 16 2 36 38 23 72 15 14 28 53 66 40 25 65 67 70 62 32 34 55 27 52 31 61 8 47 29 19 48 43 21 46 4 17 56 73 45 1 49 24 42 12 71 26 30 18
26
24 24
35 35
51 51
38 38
41 41
62 62
34 34
55 55
29 29
45 45
61 61
70 70
67 67
7 7
25 25
54 54
39 39
63 63
72 72
33 33
22 22
44 44
43 43
59 59
23 23
27 27
