152 75 153 50 183 185 138 42 138 185 183 50 153 75 152 109 167 125 181 102 82 53 59 174 69 126 37 29 18 148 89 60 3 61 118 137 100 36 87 103 128 136 39 46 49 99 121 104 12 186 80 127 44 178 22 112 77 25 48 182 5 113 131 4 161 56 84 147 132 110 171 68 66 27 97 162 157 106 54 115 129 159 163 91 150 149 41 173 24 143 86 33 43 19 79 83 32 114 165 10 134 176 155 62 0 95 35 96 85 14 58 1 133 90 116 141 70 145 117 20 17 67 7 184 179 119 101 139 65 144 6 177 81 9 23 123 78 2 154 51 172 34 40 170 146 31 111 168 73 21 92 26 135 71 164 107 52 16 180 130 88 47 166 64 55 57 63 11 38 13 76 140 169 142 28 158 74 105 124 45 160 175 156 187 8 108 120 30 72 93 98 15 151 94 122 94 151 15 98 93 72 30 120 108 8 187 156 175 160 45 124 105 74 158 28 142 169 140 76 13 38 11 63 57 55 64 166 47 88 130 180 16 52 107 164 71 135 26 92 21 73 168 111 31 146 170 40 34 172 51 154 2 78 123 23 9 81 177 6 144 65 139 101 119 179 184 7 67 17 20 117 145 70 141 116 90 133 1 58 14 85 96 35 95 0 62 155 176 134 10 165 114 32 83 79 19 43 33 86 143 24 173 41 149 150 91 163 159 129 115 54 106 157 162 97 27 66 68 171 110 132 147 84 56 161 4 131 113 5 182 48 25 77 112 22 178 44 127 80 186 12 104 121 99 49 46 39 136 128 103 87 36 100 137 118 61 3 60 89 148 18 29 37 126 69 174 59 53 82 102 181 125 167 109 152
73
31 31
142 142
28 28
97 97
116 116
89 89
105 105
79 79
169 169
157 157
170 170
45 45
112 112
56 56
134 134
172 172
37 37
9 9
175 175
163 163
41 41
35 35
95 95
171 171
111 111
139 139
78 78
165 165
143 143
73 73
81 81
12 12
58 58
50 50
92 92
87 87
166 166
85 85
149 149
5 5
130 130
182 182
121 121
168 168
60 60
27 27
183 183
90 90
65 65
96 96
145 145
126 126
113 113
13 13
42 42
94 94
136 136
184 184
180 180
144 144
53 53
181 181
151 151
2 2
153 153
51 51
101 101
54 54
8 8
0 0
38 38
75 75
66 66
