O2XJ9 SXCXT OLSL2 RQZSX MXST9 1P1UA MXX55 TH1G8 IY314 VMBKR 45DYM KKZKB QQ4SP EI5ZM BXL4N F8JE7 YGEXQ HMYFI NV2VY 0JUN2 S1W7I YUMDY C821A N6XF7 PN6N5 FOXDK XOPIR SZKKG MOOJF N33WE TC4MB 49CGM TC4MB N33WE MOOJF SZKKG XOPIR FOXDK PN6N5 N6XF7 C821A YUMDY S1W7I 0JUN2 NV2VY HMYFI YGEXQ F8JE7 BXL4N EI5ZM QQ4SP KKZKB 45DYM VMBKR IY314 TH1G8 MXX55 1P1UA MXST9 RQZSX OLSL2 SXCXT O2XJ9 8D0H4 HYEF7 JXXUO T5W7D PGY5W GNMDA DQTJ3 1HTOE KPNHM Z6GW2 KU8EX UOF89 2WIJP SKA5V ZCU97 DYG9M GMOBL MV8NN GMOBL DYG9M ZCU97 SKA5V 2WIJP UOF89 KU8EX Z6GW2 KPNHM 1HTOE DQTJ3 GNMDA PGY5W T5W7D JXXUO HYEF7 8D0H4 O2XJ9
25
SZKKG SZKKG
KPNHM KPNHM
S1W7I S1W7I
8D0H4 8D0H4
IY314 IY314
NV2VY NV2VY
DYG9M DYG9M
SXCXT SXCXT
SKA5V SKA5V
GNMDA GNMDA
JXXUO JXXUO
T5W7D T5W7D
49CGM 49CGM
TC4MB TC4MB
Z6GW2 Z6GW2
N6XF7 N6XF7
ZCU97 ZCU97
EI5ZM EI5ZM
MXST9 MXST9
MXX55 MXX55
1P1UA 1P1UA
FOXDK FOXDK
YGEXQ YGEXQ
XOPIR XOPIR
0JUN2 0JUN2
