WNYCV UUOP5 2CPYE VBSGD 2CPYE UUOP5 WNYCV K1ZSD 958FG 65TK9 HHCET C0N2W 4O059 L7EDB KGZCW 639ON GXYLV HR8IA OE5TB ZQLCY XD7IR UYWGJ FS0ES H7R17 18R1B F5YBY WZTTJ PQ40E 91RFG TG5ZG UDC3C 1BUOS P3DJ7 X2AM4 KB443 BC3W4 H8ZPW CUG55 MB70R BGJ6Q BMC9X ZA57Z QM4LH LK2JB XPFOM WH9QK DDBA4 1ACIU B8UZ8 KR27P 42QVU FZ5DP QTZLJ EYREL 75H2N YMTTJ XTUSM UGOIO 94GUW XDKMD 1NBGE Y9N3G TNA9G 4ZK1T NOBPR 2FT0Z 77EY5 X8T63 KRLTG Z2GJ8 7CXN0 ULCTZ 2VG06 OC0MN RN3DW URMBF F8KPK N8QWY F07YB QSI1X 1UWW5 J501P GAXPM J2Z2N 2PD2W 1XUNX BO3AW RFDQ4 CHXFM 9HVLF 70U88 H796V EQWAL XRQ65 2KYXC 5I6U4 V11OW HZ80H H212X WJHGG O0RCM XBRKQ TFIM7 XBRKQ O0RCM WJHGG H212X HZ80H V11OW 5I6U4 2KYXC XRQ65 EQWAL H796V 70U88 9HVLF CHXFM RFDQ4 BO3AW 1XUNX 2PD2W J2Z2N GAXPM J501P 1UWW5 QSI1X F07YB N8QWY F8KPK URMBF RN3DW OC0MN 2VG06 ULCTZ 7CXN0 Z2GJ8 KRLTG X8T63 77EY5 2FT0Z NOBPR 4ZK1T TNA9G Y9N3G 1NBGE XDKMD 94GUW UGOIO XTUSM YMTTJ 75H2N EYREL QTZLJ FZ5DP 42QVU KR27P B8UZ8 1ACIU DDBA4 WH9QK XPFOM LK2JB QM4LH ZA57Z BMC9X BGJ6Q MB70R CUG55 H8ZPW BC3W4 KB443 X2AM4 P3DJ7 1BUOS UDC3C TG5ZG 91RFG PQ40E WZTTJ F5YBY 18R1B H7R17 FS0ES UYWGJ XD7IR ZQLCY OE5TB HR8IA GXYLV 639ON KGZCW L7EDB 4O059 C0N2W HHCET 65TK9 958FG K1ZSD WNYCV
50
XRQ65 XRQ65
1ACIU 1ACIU
H8ZPW H8ZPW
GXYLV GXYLV
TG5ZG TG5ZG
EQWAL EQWAL
91RFG 91RFG
OE5TB OE5TB
KB443 KB443
QSI1X QSI1X
F5YBY F5YBY
QTZLJ QTZLJ
HR8IA HR8IA
ULCTZ ULCTZ
V11OW V11OW
XPFOM XPFOM
77EY5 77EY5
K1ZSD K1ZSD
5I6U4 5I6U4
XTUSM XTUSM
KRLTG KRLTG
UGOIO UGOIO
XBRKQ XBRKQ
UUOP5 UUOP5
ZA57Z ZA57Z
1BUOS 1BUOS
2FT0Z 2FT0Z
X2AM4 X2AM4
42QVU 42QVU
URMBF URMBF
1UWW5 1UWW5
GAXPM GAXPM
EYREL EYREL
B8UZ8 B8UZ8
1NBGE 1NBGE
XDKMD XDKMD
CUG55 CUG55
XD7IR XD7IR
HHCET HHCET
65TK9 65TK9
7CXN0 7CXN0
BMC9X BMC9X
BO3AW BO3AW
9HVLF 9HVLF
YMTTJ YMTTJ
HZ80H HZ80H
H212X H212X
F07YB F07YB
2KYXC 2KYXC
18R1B 18R1B
