4HOMU 61QWU TY0L7 7GA8O WBT4L 2BUI5 6WOBI 0GVOS CSK6F 945CN SWFWN 1RS2N VOCAC KJDC0 N9H3X RU85S HZHRA A1QRL 7Y5B6 TBPBM M1HJR ZHSBU ICOAG 76HUN PYPSO OGHWH SL5A0 OHJD0 C7WKJ YK7ZR V8GEC 1X6L1 JKIP1 8EXDQ W2H22 JF7TT 0HZFS SQ5AD BZLKW M57K6 MC71K BVMDZ C45HH PTEKT H1LTE OLLV9 W59L6 F94V2 796NN FC0PR BJ8X0 P419D HV4Z2 Y4WG4 768ZF K92O5 YJ67U 4HSLO FRZVP FDYXL G5JK6 P2H5X DENA8 NPDI9 52MNN UW44H B3Y9E ELH5L 4WDJE 2P5XR BE5V8 6NY7T TI35I RAAD4 2KXWI H0BTZ ZGZT5 AT3CI VHCFR VZJYR L87XM CM5WA 5ZO5F 50J5H U2E9F I0241 IF7TL 58MIB EJSFK 1CTNO LLTLN KY9LT UX00P LKP22 HWKGJ T9O11 NQ0GE C8O6I UDYJK WCHWI N9H1B DOLRQ 4YD0G O580H OIPRN X180A JXLE1 LIRLU 2C63O XEEQB SYV5N DTPF4 TORQI AN067 1Y2CG WXZHF Q9MTE RVNGJ RBP9F 69BJO C5YOT SHOOM 9O1IZ FCYPJ 9WSXC FMCVK PXCIN VFR3Z DCHO3 WOEUE SKPO7 Q5DAA ZZH8Z 0D2BR Q02X6 WZB33 H3R1V 0U9HU KC9RF IZESQ 3AIXW KOYRV Z22CS 8CLEZ TCC7B JIVZP L2PQE LEBVZ OSJ7O ZZZQW L08CW WP2MA L08CW ZZZQW OSJ7O LEBVZ L2PQE JIVZP TCC7B 8CLEZ Z22CS KOYRV 3AIXW IZESQ KC9RF 0U9HU H3R1V WZB33 Q02X6 0D2BR ZZH8Z Q5DAA SKPO7 WOEUE DCHO3 VFR3Z PXCIN FMCVK 9WSXC FCYPJ 9O1IZ SHOOM C5YOT 69BJO RBP9F RVNGJ Q9MTE WXZHF 1Y2CG AN067 TORQI DTPF4 SYV5N XEEQB 2C63O LIRLU JXLE1 X180A OIPRN O580H 4YD0G DOLRQ N9H1B WCHWI UDYJK C8O6I NQ0GE T9O11 HWKGJ LKP22 UX00P KY9LT LLTLN 1CTNO EJSFK 58MIB IF7TL I0241 U2E9F 50J5H 5ZO5F CM5WA L87XM VZJYR VHCFR AT3CI ZGZT5 H0BTZ 2KXWI RAAD4 TI35I 6NY7T BE5V8 2P5XR 4WDJE ELH5L B3Y9E UW44H 52MNN NPDI9 DENA8 P2H5X G5JK6 FDYXL FRZVP 4HSLO YJ67U K92O5 768ZF Y4WG4 HV4Z2 P419D BJ8X0 FC0PR 796NN F94V2 W59L6 OLLV9 H1LTE PTEKT C45HH BVMDZ MC71K M57K6 BZLKW SQ5AD 0HZFS JF7TT W2H22 8EXDQ JKIP1 1X6L1 V8GEC YK7ZR C7WKJ OHJD0 SL5A0 OGHWH PYPSO 76HUN ICOAG ZHSBU M1HJR TBPBM 7Y5B6 A1QRL HZHRA RU85S N9H3X KJDC0 VOCAC 1RS2N SWFWN 945CN CSK6F 0GVOS 6WOBI 2BUI5 WBT4L 7GA8O TY0L7 61QWU 4HOMU DL8LT DDXG0 4VNLG I5ALT V22SY FP2ST IR07O WI88U EDSMH L2GJ5 1F0YL BELQC BU58G QOBDK 65FE1 ZRPB5 O9J47 PMFJ2 F7QF4 KWADH EDK36 8A5FQ 45JXE Q0T2T B7A2L PTADN OKGKQ M0J6A Y61KP 6VC3I 9FD5I XKTHP W2M5C Q7FCL ZA7S5 CFGE5 6OA3K I91NY K50JQ 53Y1R 7U3JG 68VRF 0VPRW KN0CP 6ACGE ZN2EP 4YS4G SA6G0 4YS4G ZN2EP 6ACGE KN0CP 0VPRW 68VRF 7U3JG 53Y1R K50JQ I91NY 6OA3K CFGE5 ZA7S5 Q7FCL W2M5C XKTHP 9FD5I 6VC3I Y61KP M0J6A OKGKQ PTADN B7A2L Q0T2T 45JXE 8A5FQ EDK36 KWADH F7QF4 PMFJ2 O9J47 ZRPB5 65FE1 QOBDK BU58G BELQC 1F0YL L2GJ5 EDSMH WI88U IR07O FP2ST V22SY I5ALT 4VNLG DDXG0 DL8LT 4HOMU
100
L2PQE L2PQE
945CN 945CN
L2GJ5 L2GJ5
2C63O 2C63O
SYV5N SYV5N
768ZF 768ZF
RU85S RU85S
KOYRV KOYRV
XEEQB XEEQB
KC9RF KC9RF
ZN2EP ZN2EP
45JXE 45JXE
UW44H UW44H
0D2BR 0D2BR
M1HJR M1HJR
LIRLU LIRLU
1F0YL 1F0YL
DOLRQ DOLRQ
WP2MA WP2MA
50J5H 50J5H
CFGE5 CFGE5
Q7FCL Q7FCL
0VPRW 0VPRW
SHOOM SHOOM
HWKGJ HWKGJ
6ACGE 6ACGE
DTPF4 DTPF4
7GA8O 7GA8O
7U3JG 7U3JG
BE5V8 BE5V8
TY0L7 TY0L7
W2M5C W2M5C
SA6G0 SA6G0
WI88U WI88U
TORQI TORQI
ZHSBU ZHSBU
DCHO3 DCHO3
RAAD4 RAAD4
FRZVP FRZVP
HZHRA HZHRA
53Y1R 53Y1R
TI35I TI35I
Y61KP Y61KP
9WSXC 9WSXC
C7WKJ C7WKJ
P419D P419D
NPDI9 NPDI9
ZZH8Z ZZH8Z
IF7TL IF7TL
V22SY V22SY
PXCIN PXCIN
K50JQ K50JQ
JXLE1 JXLE1
H1LTE H1LTE
DDXG0 DDXG0
PTADN PTADN
IZESQ IZESQ
2BUI5 2BUI5
3AIXW 3AIXW
1RS2N 1RS2N
0U9HU 0U9HU
WZB33 WZB33
Q5DAA Q5DAA
4WDJE 4WDJE
8EXDQ 8EXDQ
FCYPJ FCYPJ
W2H22 W2H22
PYPSO PYPSO
CM5WA CM5WA
6WOBI 6WOBI
AT3CI AT3CI
SKPO7 SKPO7
ZRPB5 ZRPB5
T9O11 T9O11
LEBVZ LEBVZ
61QWU 61QWU
C45HH C45HH
ELH5L ELH5L
69BJO 69BJO
X180A X180A
52MNN 52MNN
OLLV9 OLLV9
WXZHF WXZHF
OIPRN OIPRN
MC71K MC71K
BVMDZ BVMDZ
6OA3K 6OA3K
FC0PR FC0PR
C8O6I C8O6I
LLTLN LLTLN
A1QRL A1QRL
YJ67U YJ67U
V8GEC V8GEC
PMFJ2 PMFJ2
8CLEZ 8CLEZ
TCC7B TCC7B
LKP22 LKP22
TBPBM TBPBM
EDSMH EDSMH
VHCFR VHCFR
