E5QfM g7UFE kK9KO gMApe wJ1Uh eo9RR UAJ0O i0LV1 UAJ0O eo9RR wJ1Uh gMApe kK9KO g7UFE E5QfM VVsIg m8uAW nFWOP hWCGd KtuGJ c8yxo Bwirf PqcOh sBCEV 5dWHi beqJL VzbsN nRWIs nlvIB 76Tmp HQft6 4HmGm lGTR3 JumrS xipXr uUlBE 145FZ OBe1t tmfyy jGP1H GLYoA RDCRd f1Y6z 286Kr YT251 RlXVZ ZR6vL bgK6r XWn9g GRBfw Ln4EG hSuE9 hEy3K 3rGcS 8TDB7 lPMDV 05SJr lPMDV 8TDB7 3rGcS hEy3K hSuE9 Ln4EG GRBfw XWn9g bgK6r ZR6vL RlXVZ YT251 286Kr f1Y6z RDCRd GLYoA jGP1H tmfyy OBe1t 145FZ uUlBE xipXr JumrS lGTR3 4HmGm HQft6 76Tmp nlvIB nRWIs VzbsN beqJL 5dWHi sBCEV PqcOh Bwirf c8yxo KtuGJ hWCGd nFWOP m8uAW VVsIg E5QfM
25
uUlBE uUlBE
eo9RR eo9RR
beqJL beqJL
GLYoA GLYoA
8TDB7 8TDB7
kK9KO kK9KO
i0LV1 i0LV1
lPMDV lPMDV
bgK6r bgK6r
sBCEV sBCEV
lGTR3 lGTR3
VzbsN VzbsN
nRWIs nRWIs
Ln4EG Ln4EG
4HmGm 4HmGm
KtuGJ KtuGJ
76Tmp 76Tmp
05SJr 05SJr
UAJ0O UAJ0O
wJ1Uh wJ1Uh
jGP1H jGP1H
PqcOh PqcOh
hWCGd hWCGd
f1Y6z f1Y6z
3rGcS 3rGcS
