fab8g Flgse o4F0A Vjk2Z zkkNw sF84c nScgp lJJK2 sJxOk wiGnS cm8oa e1dxq RhMSo S7KTn 3Dk4y BWyM2 Nbb6U K6Wkq bD2TR wKKkJ HZ0mP TQZik 1bOlM c17Qf VXhkL 4rEB0 1SXiN riK43 hbrXC PYeFH EEBHE b4E7v ZaUro iy8Ty PpZP8 UnQrq a0yqa jeyZK 015ql CT8M8 3qT0X lcarA 1SvIs HRxz5 LBzlR QH4qB fr0Bd 92uq7 dzQhZ adW6k 8xyrX y47P3 IOMJd 1OpM2 HGiwH L54Jg IG74z AGorf pIpbm iJ4Mz 4b2sA F8mws dRMou dAx9s 0YoJb gc3GT TtUXd O1QPI AwVbs BybTG guI5B h3Iq1 eDWES LSaNu 8tK4L obqW1 7J90B tQXF5 nF0WE hoGIC p3t9G reoTJ DvVMC DHhK9 Cq0AO GHmnJ P5ucv aiycm vroFQ x8KLa 1pNjr pesnn rNoRH j9m8Q BwNt0 9u8oD l0HDP nRTkO 83RWH 5Ix1v QedQr 8PY0r QedQr 5Ix1v 83RWH nRTkO l0HDP 9u8oD BwNt0 j9m8Q rNoRH pesnn 1pNjr x8KLa vroFQ aiycm P5ucv GHmnJ Cq0AO DHhK9 DvVMC reoTJ p3t9G hoGIC nF0WE tQXF5 7J90B obqW1 8tK4L LSaNu eDWES h3Iq1 guI5B BybTG AwVbs O1QPI TtUXd gc3GT 0YoJb dAx9s dRMou F8mws 4b2sA iJ4Mz pIpbm AGorf IG74z L54Jg HGiwH 1OpM2 IOMJd y47P3 8xyrX adW6k dzQhZ 92uq7 fr0Bd QH4qB LBzlR HRxz5 1SvIs lcarA 3qT0X CT8M8 015ql jeyZK a0yqa UnQrq PpZP8 iy8Ty ZaUro b4E7v EEBHE PYeFH hbrXC riK43 1SXiN 4rEB0 VXhkL c17Qf 1bOlM TQZik HZ0mP wKKkJ bD2TR K6Wkq Nbb6U BWyM2 3Dk4y S7KTn RhMSo e1dxq cm8oa wiGnS sJxOk lJJK2 nScgp sF84c zkkNw Vjk2Z o4F0A Flgse fab8g HaHFT yM9nQ LEdo3 ZlgGe bSoeD bepE0 qd8nA 4GEPG B3NSd 5TJtS G91ym g1WJz 3XMfZ RgC1Q tcyH9 Gt2w1 xoAtW KBkC3 VUKiE HigE0 TjmY2 77EXR I7fCS zgyDJ f5Qx2 4Dy05 pnHil wPPZK 4cLlE H6HgM rzyrR 1rURn cQMFl 0SCRq HPcVt vonuO Lqz0g 9ZatH Upoa8 rO2GE mgHYN ciJ7c 3FUsL Bw1D7 F7m3U eHREN tB1i9 U54HV KWmhW 0vyBA 2t8R5 cDkiZ ccfS6 BJ1iC QxiXc kCdcu 9KTGG qchZ3 RnwlC gwQSf uQK8T s9PnU rmi3m G944F KzS0e d2xnW Q0oXi 7ZD2v rdrNf Pl36F wV821 lJfgZ KB016 6iHOa TjTPw 2Z0oU 5V5xf 1xx4U GFdZy NQJeb VIl39 tEdSo yLjxK vkp9u m4sps fhc2k U8evV h8sUC UrLSh n9AEE FW6DI HKgVO Xe1JT XDGuI a8pwa BXKN1 4ORRk exra7 4ORRk BXKN1 a8pwa XDGuI Xe1JT HKgVO FW6DI n9AEE UrLSh h8sUC U8evV fhc2k m4sps vkp9u yLjxK tEdSo VIl39 NQJeb GFdZy 1xx4U 5V5xf 2Z0oU TjTPw 6iHOa KB016 lJfgZ wV821 Pl36F rdrNf 7ZD2v Q0oXi d2xnW KzS0e G944F rmi3m s9PnU uQK8T gwQSf RnwlC qchZ3 9KTGG kCdcu QxiXc BJ1iC ccfS6 cDkiZ 2t8R5 0vyBA KWmhW U54HV tB1i9 eHREN F7m3U Bw1D7 3FUsL ciJ7c mgHYN rO2GE Upoa8 9ZatH Lqz0g vonuO HPcVt 0SCRq cQMFl 1rURn rzyrR H6HgM 4cLlE wPPZK pnHil 4Dy05 f5Qx2 zgyDJ I7fCS 77EXR TjmY2 HigE0 VUKiE KBkC3 xoAtW Gt2w1 tcyH9 RgC1Q 3XMfZ g1WJz G91ym 5TJtS B3NSd 4GEPG qd8nA bepE0 bSoeD ZlgGe LEdo3 yM9nQ HaHFT fab8g
100
7J90B 7J90B
cDkiZ cDkiZ
iy8Ty iy8Ty
guI5B guI5B
bD2TR bD2TR
fab8g fab8g
gwQSf gwQSf
PpZP8 PpZP8
LBzlR LBzlR
Nbb6U Nbb6U
Flgse Flgse
Gt2w1 Gt2w1
1pNjr 1pNjr
015ql 015ql
cm8oa cm8oa
8tK4L 8tK4L
BWyM2 BWyM2
G944F G944F
8PY0r 8PY0r
KzS0e KzS0e
Bw1D7 Bw1D7
HaHFT HaHFT
GHmnJ GHmnJ
eDWES eDWES
Vjk2Z Vjk2Z
lJJK2 lJJK2
mgHYN mgHYN
n9AEE n9AEE
4GEPG 4GEPG
tEdSo tEdSo
b4E7v b4E7v
G91ym G91ym
wiGnS wiGnS
bepE0 bepE0
2Z0oU 2Z0oU
AGorf AGorf
TQZik TQZik
FW6DI FW6DI
3XMfZ 3XMfZ
RgC1Q RgC1Q
Q0oXi Q0oXi
aiycm aiycm
lJfgZ lJfgZ
g1WJz g1WJz
1SvIs 1SvIs
BJ1iC BJ1iC
0YoJb 0YoJb
VIl39 VIl39
pesnn pesnn
CT8M8 CT8M8
KWmhW KWmhW
obqW1 obqW1
HKgVO HKgVO
O1QPI O1QPI
cQMFl cQMFl
DHhK9 DHhK9
5Ix1v 5Ix1v
yM9nQ yM9nQ
l0HDP l0HDP
kCdcu kCdcu
nScgp nScgp
1OpM2 1OpM2
lcarA lcarA
H6HgM H6HgM
XDGuI XDGuI
adW6k adW6k
ciJ7c ciJ7c
o4F0A o4F0A
4ORRk 4ORRk
TtUXd TtUXd
nRTkO nRTkO
RhMSo RhMSo
qchZ3 qchZ3
tQXF5 tQXF5
BybTG BybTG
F7m3U F7m3U
RnwlC RnwlC
KB016 KB016
9u8oD 9u8oD
L54Jg L54Jg
dAx9s dAx9s
wKKkJ wKKkJ
ZlgGe ZlgGe
c17Qf c17Qf
4b2sA 4b2sA
rzyrR rzyrR
uQK8T uQK8T
sF84c sF84c
P5ucv P5ucv
f5Qx2 f5Qx2
3FUsL 3FUsL
9ZatH 9ZatH
fhc2k fhc2k
1xx4U 1xx4U
Lqz0g Lqz0g
8xyrX 8xyrX
x8KLa x8KLa
B3NSd B3NSd
VUKiE VUKiE
fr0Bd fr0Bd
