cy4fm 7Lw2B Dkq13 7XIxZ di7h7 YTtfA xyghb 6ceXl KYsbm FkLYM EWhpw jtJls 7l0Vw XmtJy g95ez I2lfX 2Fhi4 OFvld OoKEI Ss744 29Bwa 1H2uK NvAYI AWuA9 nogr2 kjpV4 dwc7b tao9t luD6b Ib5xu ZPM4o C565q yMPWG wdXpe 8RNd8 u4uj9 5rdYI 19YKC S6OMl SAUL4 yFKGt Xhpv3 BoNoJ 8aYYW kbRYl gCujL 9ZyoJ uWr4y O9k9o LdsTN qUtyk FnVf8 DCl5F zTyzX hQThM LNh60 dU1Ub G6G4p 3iQ53 uT5W0 BnM1k gk2cW Vjg5l vSPJ5 P8Fbf rUUVt C0eRL zQjQm TXvJf GHZOS C14Q6 lA2MC w4BF1 qt5AA IjjWK Iks3D hOy4D 4gH6P k9NwV 27qFp F2nEN GX9Mz X6hJp 7uKJ4 61loU IjTCu cRVnK IjTCu 61loU 7uKJ4 X6hJp GX9Mz F2nEN 27qFp k9NwV 4gH6P hOy4D Iks3D IjjWK qt5AA w4BF1 lA2MC C14Q6 GHZOS TXvJf zQjQm C0eRL rUUVt P8Fbf vSPJ5 Vjg5l gk2cW BnM1k uT5W0 3iQ53 G6G4p dU1Ub LNh60 hQThM zTyzX DCl5F FnVf8 qUtyk LdsTN O9k9o uWr4y 9ZyoJ gCujL kbRYl 8aYYW BoNoJ Xhpv3 yFKGt SAUL4 S6OMl 19YKC 5rdYI u4uj9 8RNd8 wdXpe yMPWG C565q ZPM4o Ib5xu luD6b tao9t dwc7b kjpV4 nogr2 AWuA9 NvAYI 1H2uK 29Bwa Ss744 OoKEI OFvld 2Fhi4 I2lfX g95ez XmtJy 7l0Vw jtJls EWhpw FkLYM KYsbm 6ceXl xyghb YTtfA di7h7 7XIxZ Dkq13 7Lw2B cy4fm JrJcE Cfmbw EZzdy jse5F jLZgo 59AZY mQvLs P3lE7 mY2cU jQ7g0 me1sW 8yfOn RrouS 8yfOn me1sW jQ7g0 mY2cU P3lE7 mQvLs 59AZY jLZgo jse5F EZzdy Cfmbw JrJcE cy4fm
50
uT5W0 uT5W0
P3lE7 P3lE7
C565q C565q
lA2MC lA2MC
P8Fbf P8Fbf
yMPWG yMPWG
rUUVt rUUVt
5rdYI 5rdYI
vSPJ5 vSPJ5
Iks3D Iks3D
FnVf8 FnVf8
X6hJp X6hJp
qt5AA qt5AA
6ceXl 6ceXl
di7h7 di7h7
yFKGt yFKGt
Vjg5l Vjg5l
zQjQm zQjQm
DCl5F DCl5F
LNh60 LNh60
3iQ53 3iQ53
tao9t tao9t
BoNoJ BoNoJ
KYsbm KYsbm
wdXpe wdXpe
G6G4p G6G4p
IjjWK IjjWK
OFvld OFvld
GHZOS GHZOS
C0eRL C0eRL
hOy4D hOy4D
EWhpw EWhpw
1H2uK 1H2uK
w4BF1 w4BF1
Cfmbw Cfmbw
kbRYl kbRYl
Xhpv3 Xhpv3
19YKC 19YKC
8aYYW 8aYYW
7l0Vw 7l0Vw
gk2cW gk2cW
F2nEN F2nEN
7XIxZ 7XIxZ
NvAYI NvAYI
nogr2 nogr2
uWr4y uWr4y
jse5F jse5F
dU1Ub dU1Ub
OoKEI OoKEI
8RNd8 8RNd8
