0 161 160 167 168 107 31 106 46 123 11 26 153 51 152 198 197 151 45 74 83 57 18 147 80 146 194 193 145 48 61 62 39 132 95 130 183 38 126 97 124 179 180 125 29 158 92 157 10 102 43 100 163 164 2 176 119 50 120 128 77 127 181 182 174 116 25 117 5 159 140 190 140 159 5 117 25 116 174 182 181 127 77 128 120 50 119 176 2 164 163 100 43 102 10 157 92 158 29 125 180 179 124 97 126 38 183 130 95 132 39 62 61 48 145 193 194 146 80 147 18 57 83 74 45 151 197 198 152 51 153 26 11 123 46 106 31 107 168 167 160 161 0 162 170 110 109 169 36 150 44 101 105 59 103 165 166 104 30 156 93 155 37 114 35 113 172 22 99 9 7 71 1 65 3 58 32 54 55 27 112 171 173 115 108 111 17 67 64 76 52 72 73 19 16 13 49 40 66 79 41 134 186 33 185 133 47 177 121 94 122 178 12 21 154 34 138 85 136 187 188 137 129 135 91 75 69 53 86 14 175 118 23 196 149 88 148 195 8 42 56 63 68 70 87 90 84 78 89 98 82 28 4 81 6 131 184 20 24 142 191 192 143 60 144 15 141 96 139 189 199 189 139 96 141 15 144 60 143 192 191 142 24 20 184 131 6 81 4 28 82 98 89 78 84 90 87 70 68 63 56 42 8 195 148 88 149 196 23 118 175 14 86 53 69 75 91 135 129 137 188 187 136 85 138 34 154 21 12 178 122 94 121 177 47 133 185 33 186 134 41 79 66 40 49 13 16 19 73 72 52 76 64 67 17 111 108 115 173 171 112 27 55 54 32 58 3 65 1 71 7 9 99 22 172 113 35 114 37 155 93 156 30 104 166 165 103 59 105 101 44 150 36 169 109 110 170 162 0
99
100 100
101 101
102 102
103 103
104 104
105 105
106 106
107 107
108 108
109 109
110 110
111 111
112 112
113 113
114 114
115 115
116 116
117 117
118 118
119 119
120 120
121 121
122 122
123 123
124 124
125 125
126 126
127 127
128 128
129 129
130 130
131 131
132 132
133 133
134 134
135 135
136 136
137 137
138 138
139 139
140 140
141 141
142 142
143 143
144 144
145 145
146 146
147 147
148 148
149 149
150 150
151 151
152 152
153 153
154 154
155 155
156 156
157 157
158 158
159 159
160 160
161 161
162 162
163 163
164 164
165 165
166 166
167 167
168 168
169 169
170 170
171 171
172 172
173 173
174 174
175 175
176 176
177 177
178 178
179 179
180 180
181 181
182 182
183 183
184 184
185 185
186 186
187 187
188 188
189 189
190 190
191 191
192 192
193 193
194 194
195 195
196 196
197 197
198 198
