10 7 32 28 29 92 16 93 60 8 61 6 57 9 56 91 31 18 58 20 96 26 65 64 35 5 68 47 74 75 24 27 4 19 80 42 81 22 48 78 79 11 39 70 34 71 3 0 84 85 84 0 3 71 34 70 39 11 79 78 48 22 81 42 80 19 4 27 24 75 74 47 68 5 35 64 65 26 96 20 58 18 31 91 56 9 57 6 61 8 60 93 16 92 29 28 32 7 10 59 15 53 40 66 97 98 67 49 44 12 37 83 82 2 90 55 36 54 89 23 21 69 14 88 30 52 41 87 51 33 50 86 38 13 46 76 77 43 62 25 63 95 94 1 17 45 73 72 99 72 73 45 17 1 94 95 63 25 62 43 77 76 46 13 38 86 50 33 51 87 41 52 30 88 14 69 21 23 89 54 36 55 90 2 82 83 37 12 44 49 67 98 97 66 40 53 15 59 10
49
50 50
51 51
52 52
53 53
54 54
55 55
56 56
57 57
58 58
59 59
60 60
61 61
62 62
63 63
64 64
65 65
66 66
67 67
68 68
69 69
70 70
71 71
72 72
73 73
74 74
75 75
76 76
77 77
78 78
79 79
80 80
81 81
82 82
83 83
84 84
85 85
86 86
87 87
88 88
89 89
90 90
91 91
92 92
93 93
94 94
95 95
96 96
97 97
98 98
