0 10 22 45 91 183 180 89 179 176 174 172 85 171 170 173 86 42 20 41 84 169 168 83 167 166 82 165 163 160 79 159 158 161 80 162 164 81 40 19 9 4 1 3 7 16 34 69 140 138 68 33 26 27 13 28 57 116 114 56 113 110 54 109 106 52 105 107 53 108 111 55 112 115 117 58 118 119 120 59 29 60 122 121 123 61 30 62 126 124 125 127 128 63 31 15 32 65 131 129 64 130 132 133 66 134 135 67 136 137 139 141 70 142 143 71 144 145 72 35 17 8 18 38 78 157 156 77 155 153 154 76 37 75 152 151 150 148 73 147 146 149 74 36 39 44 21 43 87 175 177 88 178 181 90 182 184 185 92 186 187 93 46 94 189 188 190 191 95 192 193 96 194 195 196 97 48 98 197 198 197 98 48 97 196 195 194 96 193 192 95 191 190 188 189 94 46 93 187 186 92 185 184 182 90 181 178 88 177 175 87 43 21 44 39 36 74 149 146 147 73 148 150 151 152 75 37 76 154 153 155 77 156 157 78 38 18 8 17 35 72 145 144 71 143 142 70 141 139 137 136 67 135 134 66 133 132 130 64 129 131 65 32 15 31 63 128 127 125 124 126 62 30 61 123 121 122 60 29 59 120 119 118 58 117 115 112 55 111 108 53 107 105 52 106 109 54 110 113 56 114 116 57 28 13 27 26 33 68 138 140 69 34 16 7 3 1 4 9 19 40 81 164 162 80 161 158 159 79 160 163 165 82 166 167 83 168 169 84 41 20 42 86 173 170 171 85 172 174 176 179 89 180 183 91 45 22 10 0 14 6 2 5 12 25 51 104 103 102 101 50 24 11 23 47 100 49 99 199 99 49 100 47 23 11 24 50 101 102 103 104 51 25 12 5 2 6 14 0
100
100 100
101 101
102 102
103 103
104 104
105 105
106 106
107 107
108 108
109 109
110 110
111 111
112 112
113 113
114 114
115 115
116 116
117 117
118 118
119 119
120 120
121 121
122 122
123 123
124 124
125 125
126 126
127 127
128 128
129 129
130 130
131 131
132 132
133 133
134 134
135 135
136 136
137 137
138 138
139 139
140 140
141 141
142 142
143 143
144 144
145 145
146 146
147 147
148 148
149 149
150 150
151 151
152 152
153 153
154 154
155 155
156 156
157 157
158 158
159 159
160 160
161 161
162 162
163 163
164 164
165 165
166 166
167 167
168 168
169 169
170 170
171 171
172 172
173 173
174 174
175 175
176 176
177 177
178 178
179 179
180 180
181 181
182 182
183 183
184 184
185 185
186 186
187 187
188 188
189 189
190 190
191 191
192 192
193 193
194 194
195 195
196 196
197 197
198 198
199 199
