55 39 43 44 48 46 45 47 37 36 35 38 42 33 40 32 30 31 23 26 21 20 17 18 12 2 10 7 9 15 11 19 16 14 5 1 4 3 6 0 8 13 24 29 27 25 22 28 34 49 50 41 53 54 52 56 57 58 67 64 63 60 69 76 82 87 92 91 90 78 86 84 83 89 85 95 93 99 96 102 103 105 107 104 108 109 106 112 114 115 117 119 123 124 122 126 120 130 137 140 134 136 133 138 141 135 146 147 150 158 152 155 159 165 166 163 145 151 139 142 143 154 160 162 161 162 160 154 143 142 139 151 145 163 166 165 159 155 152 158 150 147 146 135 141 138 133 136 134 140 137 130 120 126 122 124 123 119 117 115 114 112 106 109 108 104 107 105 103 102 96 99 93 95 85 89 83 84 86 78 90 91 92 87 82 76 69 60 63 64 67 58 57 56 52 54 53 41 50 49 34 28 22 25 27 29 24 13 8 0 6 3 4 1 5 14 16 19 11 15 9 7 10 2 12 18 17 20 21 26 23 31 30 32 40 33 42 38 35 36 37 47 45 46 48 44 43 39 55 51 61 62 59 66 68 65 72 73 81 80 75 70 71 74 77 79 88 98 97 94 101 100 111 110 113 116 118 121 131 128 127 129 125 132 144 148 153 156 149 157 164 157 149 156 153 148 144 132 125 129 127 128 131 121 118 116 113 110 111 100 101 94 97 98 88 79 77 74 71 70 75 80 81 73 72 65 68 66 59 62 61 51 55
74
2 2
3 3
4 4
6 6
7 7
9 9
11 11
12 12
13 13
15 15
16 16
18 18
20 20
21 21
23 23
25 25
27 27
29 29
31 31
32 32
34 34
35 35
36 36
37 37
39 39
41 41
42 42
44 44
45 45
46 46
48 48
49 49
51 51
52 52
54 54
55 55
57 57
58 58
60 60
61 61
62 62
63 63
65 65
67 67
69 69
70 70
71 71
72 72
73 73
75 75
77 77
79 79
80 80
81 81
83 83
85 85
87 87
89 89
90 90
92 92
93 93
94 94
96 96
98 98
99 99
100 100
102 102
103 103
104 104
106 106
107 107
108 108
110 110
112 112
