Soda Davis Bechtel Dwinelle Evans Campanille Latimer Lewis MemorialGlade LiKaShing Doe Haas Stephans Sproul Barrows MLK GBC RSF Wellman Morgan MainStacks Mulford Unit3 Foothill LakeMerrit ClarkKerr GoldenStatePark TheRoof Harlem BerkeleyMarina Ontario WestOakland DowntTownBerkeley CafeBlueDoor WillardPark RoseGarden OgawaPark FoxTheater Fruitvale JackLondonSquare LaColonia MtDiablo SanJose MarinHeadlands Inverness PointReyes SantaCruz Occidental CesarChavezPark LaMission CasaLatina CaffeStrada EthnicStudiesLibrary McCone LawrenceLab Stonefire Merced Christian Salinas OaklandMarina Gilroy Fresno PaloAlto Martinez PeoplesPark Rockridge Homeroom Rochdale Ehrman GraduateBerkeley Royston TheHouse ThetaChi POCHouse Hillside SigmaKappa AlphaChi Mars Saturn AlphaCentauri Pomona Emeryville Upland Fontana SouthGate SanBernardino Tijuana SanMiguel MexicoCity Rasputin DKingGallery Tako CREAM Cancun BAMPFA CafeTibet Sacramento VictoryPoint Irvine Platano LosAngeles SantaBarbara FantasticComics Riverside FantasticComics SantaBarbara LosAngeles Platano Irvine VictoryPoint Sacramento CafeTibet BAMPFA Cancun CREAM Tako DKingGallery Rasputin MexicoCity SanMiguel Tijuana SanBernardino SouthGate Fontana Upland Emeryville Pomona AlphaCentauri Saturn Mars AlphaChi SigmaKappa Hillside POCHouse ThetaChi TheHouse Royston GraduateBerkeley Ehrman Rochdale Homeroom Rockridge PeoplesPark Martinez PaloAlto Fresno Gilroy OaklandMarina Salinas Christian Merced Stonefire LawrenceLab McCone EthnicStudiesLibrary CaffeStrada CasaLatina LaMission CesarChavezPark Occidental SantaCruz PointReyes Inverness MarinHeadlands SanJose MtDiablo LaColonia JackLondonSquare Fruitvale FoxTheater OgawaPark RoseGarden WillardPark CafeBlueDoor DowntTownBerkeley WestOakland Ontario BerkeleyMarina Harlem TheRoof GoldenStatePark ClarkKerr LakeMerrit Foothill Unit3 Mulford MainStacks Morgan Wellman RSF GBC MLK Barrows Sproul Stephans Haas Doe LiKaShing MemorialGlade Lewis Latimer Campanille Evans Dwinelle Bechtel Davis Soda Etcheverry Cory Sibley Hearst NorthGate Stanley Campbell Pimentel LeConte Moffitt VLSB Wheeler Hertz MemorialStadium BWW Unit2 BC Unit1 Blackwell Albany GrizzlyPeak OaklandArena Richmond Alcatraz TildenPark OaklandAirport KehoeBeach SantaRosa MiTierra SproulPlaza MiningCircle GreekTheater ICSI LawrenceHall BotanicalGardens Hollister Griffiths Wada LosBanos Moses MartinezMarina SatherGate Kansai OBTown CasaDeChocolates PhilzCoffee Fenwick Amoeba TheBerk SigmaPi ChiOmega BerkeleyHigh BerkeleyHillel Jupiter InternationalHouse DeltaDelta Venus BayStreet Gregoire Perris Ashby Compton Whittier Chino SanDiego Tuxcacuesco Guadalajara ElGrullo Talpa Jalisco TripleRock Myto Tuhuamixtel Kips Tang ChezPanisse Tang Kips Tuhuamixtel Myto TripleRock Jalisco Talpa ElGrullo Guadalajara Tuxcacuesco SanDiego Chino Whittier Compton Ashby Perris Gregoire BayStreet Venus DeltaDelta InternationalHouse Jupiter BerkeleyHillel BerkeleyHigh ChiOmega SigmaPi TheBerk Amoeba Fenwick PhilzCoffee CasaDeChocolates OBTown Kansai SatherGate MartinezMarina Moses LosBanos Wada Griffiths Hollister BotanicalGardens LawrenceHall ICSI GreekTheater MiningCircle SproulPlaza MiTierra SantaRosa KehoeBeach OaklandAirport TildenPark Alcatraz Richmond OaklandArena GrizzlyPeak Albany Blackwell Unit1 BC Unit2 BWW MemorialStadium Hertz Wheeler VLSB Moffitt LeConte Pimentel Campbell Stanley NorthGate Hearst Sibley Cory Etcheverry Soda
55
ChiOmega ChiOmega
SigmaKappa SigmaKappa
AlphaChi AlphaChi
DeltaDelta DeltaDelta
InternationalHouse InternationalHouse
BerkeleyHillel BerkeleyHillel
BerkeleyHigh BerkeleyHigh
Jupiter Jupiter
Mars Mars
Venus Venus
Saturn Saturn
AlphaCentauri AlphaCentauri
Gregoire Gregoire
BayStreet BayStreet
Emeryville Emeryville
Pomona Pomona
Compton Compton
Ashby Ashby
Perris Perris
Fontana Fontana
SanBernardino SanBernardino
Upland Upland
Chino Chino
Whittier Whittier
SouthGate SouthGate
Tijuana Tijuana
SanDiego SanDiego
Jalisco Jalisco
Guadalajara Guadalajara
SanMiguel SanMiguel
Tuxcacuesco Tuxcacuesco
Talpa Talpa
ElGrullo ElGrullo
MexicoCity MexicoCity
Tuhuamixtel Tuhuamixtel
Myto Myto
Kips Kips
TripleRock TripleRock
Rasputin Rasputin
CREAM CREAM
Tako Tako
Tang Tang
Cancun Cancun
DKingGallery DKingGallery
BAMPFA BAMPFA
Platano Platano
CafeTibet CafeTibet
FantasticComics FantasticComics
SantaBarbara SantaBarbara
Sacramento Sacramento
LosAngeles LosAngeles
Irvine Irvine
Riverside Riverside
VictoryPoint VictoryPoint
ChezPanisse ChezPanisse
