Soda Davis Bechtel Sibley Stanley LeConte Campbell Pimentel NorthGate Lewis Moffitt LiKaShing Wheeler Haas RSF BWW Mulford Wellman Sproul Morgan MemorialStadium Unit2 Unit1 Blackwell ClarkKerr Blackwell Unit1 Unit2 MemorialStadium Morgan Sproul Wellman Mulford BWW RSF Haas Wheeler LiKaShing Moffitt Lewis NorthGate Pimentel Campbell LeConte Stanley Sibley Bechtel Davis Soda Cory Dwinelle Etcheverry Hearst Evans Campanille Latimer MemorialGlade VLSB Stephans Barrows GBC Doe Hertz MLK MainStacks Unit3 BC Foothill LakeMerrit GoldenStatePark TheRoof GoldenStatePark LakeMerrit Foothill BC Unit3 MainStacks MLK Hertz Doe GBC Barrows Stephans VLSB MemorialGlade Latimer Campanille Evans Hearst Etcheverry Dwinelle Cory Soda
26
Doe Doe
Wheeler Wheeler
Stephans Stephans
Haas Haas
Hertz Hertz
Barrows Barrows
RSF RSF
Sproul Sproul
GBC GBC
MLK MLK
BWW BWW
MemorialStadium MemorialStadium
MainStacks MainStacks
Morgan Morgan
Mulford Mulford
Wellman Wellman
Unit1 Unit1
Unit2 Unit2
Unit3 Unit3
Blackwell Blackwell
BC BC
Foothill Foothill
ClarkKerr ClarkKerr
LakeMerrit LakeMerrit
GoldenStatePark GoldenStatePark
TheRoof TheRoof
