2 78 79 81 3 71 75 28 37 33 39 45 95 58 5 1 84 7 6 51 21 92 21 51 6 7 84 1 5 58 95 45 39 33 37 28 75 71 3 81 79 78 2 67 73 94 19 47 66 46 87 27 29 11 85 80 26 72 53 17 70 65 41 25 35 76 16 40 30 89 96 50 77 13 83 22 61 34 57 42 69 60 0 63 10 15 49 62 90 59 52 97 64 44 38 43 24 31 54 14 86 12 9 48 20 18 8 55 32 23 68 99 93 91 36 4 88 56 74 82 98 82 74 56 88 4 36 91 93 99 68 23 32 55 8 18 20 48 9 12 86 14 54 31 24 43 38 44 64 97 52 59 90 62 49 15 10 63 0 60 69 42 57 34 61 22 83 13 77 50 96 89 30 40 16 76 35 25 41 65 70 17 53 72 26 80 85 11 29 27 87 46 66 47 19 94 73 67 2
50
25 25
44 44
13 13
29 29
98 98
58 58
17 17
63 63
28 28
16 16
69 69
61 61
62 62
59 59
67 67
30 30
42 42
31 31
4 4
3 3
0 0
10 10
14 14
94 94
5 5
38 38
86 86
83 83
66 66
40 40
7 7
72 72
11 11
65 65
41 41
50 50
23 23
81 81
88 88
74 74
70 70
47 47
24 24
35 35
60 60
1 1
71 71
76 76
34 34
96 96
