5 157 145 87 113 197 149 90 72 60 2 167 15 156 76 81 19 151 75 39 92 107 35 188 142 25 30 65 180 28 31 79 105 17 66 91 178 114 146 114 178 91 66 17 105 79 31 28 180 65 30 25 142 188 35 107 92 39 75 151 19 81 76 156 15 167 2 60 72 90 149 197 113 87 145 157 5 4 33 137 42 44 86 93 115 148 43 47 106 98 139 67 41 18 177 37 64 130 150 191 194 51 183 111 71 119 192 100 135 10 169 125 124 110 21 50 134 116 95 23 99 161 59 118 56 195 68 133 34 62 36 11 20 94 109 84 168 88 40 155 96 127 63 108 175 22 165 7 121 52 162 126 176 132 102 55 164 185 122 166 199 53 0 27 141 49 153 69 138 61 120 158 45 14 163 80 128 131 190 16 12 46 48 54 3 8 9 24 32 179 78 29 193 38 58 152 97 181 57 171 112 82 129 186 189 103 6 173 182 144 73 196 184 85 159 172 143 77 198 140 123 89 154 187 74 170 136 117 83 104 147 13 70 26 174 101 1 160 1 101 174 26 70 13 147 104 83 117 136 170 74 187 154 89 123 140 198 77 143 172 159 85 184 196 73 144 182 173 6 103 189 186 129 82 112 171 57 181 97 152 58 38 193 29 78 179 32 24 9 8 3 54 48 46 12 16 190 131 128 80 163 14 45 158 120 61 138 69 153 49 141 27 0 53 199 166 122 185 164 55 102 132 176 126 162 52 121 7 165 22 175 108 63 127 96 155 40 88 168 84 109 94 20 11 36 62 34 133 68 195 56 118 59 161 99 23 95 116 134 50 21 110 124 125 169 10 135 100 192 119 71 111 183 51 194 191 150 130 64 37 177 18 41 67 139 98 106 47 43 148 115 93 86 44 42 137 33 4 5
100
10 10
194 194
1 1
100 100
47 47
28 28
178 178
133 133
171 171
14 14
85 85
2 2
91 91
48 48
33 33
122 122
76 76
32 32
187 187
146 146
138 138
37 37
96 96
199 199
135 135
174 174
39 39
140 140
53 53
67 67
25 25
103 103
177 177
9 9
69 69
153 153
193 193
104 104
105 105
31 31
168 168
26 26
162 162
50 50
16 16
116 116
75 75
46 46
164 164
34 34
137 137
20 20
157 157
63 63
152 152
180 180
123 123
196 196
52 52
192 192
43 43
143 143
71 71
102 102
61 61
44 44
189 189
158 158
11 11
170 170
81 81
92 92
83 83
101 101
55 55
188 188
51 51
156 156
151 151
80 80
64 64
110 110
99 99
183 183
159 159
42 42
173 173
18 18
184 184
17 17
154 154
41 41
179 179
77 77
58 58
149 149
68 68
56 56
22 22
78 78
