A BB BD BF BH BJ BL BN BP B BQ BS BU BW BY BW BU BS BQ B BP BN BL BJ BH BF BD BB A BA AY AW AU AS AQ AO AM AK AJ AI AH AG AF AE AD AC AB AA Z Y X W V C U T S R Q P O N M L K J I H G F D E AL AN AP AR AT AV AX AZ BC BE BG BI BK BM BO BR BT BV BX BZ BX BV BT BR BO BM BK BI BG BE BC AZ AX AV AT AR AP AN AL E D F G H I J K L M N O P Q R S T U C V W X Y Z AA AB AC AD AE AF AG AH AI AJ AK AM AO AQ AS AU AW AY BA A
30
H H
U U
V V
W W
X X
Y Y
Z Z
AA AA
AB AB
AC AC
AD AD
AE AE
AF AF
AG AG
AH AH
AI AI
AJ AJ
AK AK
AN AN
BP BP
BQ BQ
BR BR
BS BS
BT BT
BU BU
BV BV
BW BW
BX BX
BY BY
BZ BZ
