COM NER ABW NIC ATF ASM ATA MYS IRN IRQ ISL IOT IRL IMN GUF GRC HND MAR MAF MOZ MKD HUN PAK GNQ GUY KHM HMD CCK CAN COK CMR GNB CIV CAF BVT GRD GTM LAO KGZ CRI MLT PSE PER PRI NAM MTQ MSR MRT MNP SEN LUX KIR KAZ HKG GUM HTI BWA NLD PRY NRU PRT ATG AUS BLM BLZ BEN BRB BHS BES BLR BIH AZE BDI BHR BOL BGD BGR BFA BRN BEL BRA DNK FJI ECU ESH FRA GGY FRO ERI GIN GBR FLK EGY ETH GAB FIN FSM ESP GEO GHA GIB EST NCL LBR LBY QAT SGP RUS PYF COD CHN SHN SDN REU GLP MDA GRL KNA CHE BTN PRK NIU PLW PNG POL MEX MLI MCO SAU DOM DZA CYP CYM CZE DEU CXR NFK ALA ALB ARE ARG AND ARM AUT BMU NGA GMB PCN PAN JEY JOR MWI MUS DJI DMA RWA MNG MMR NPL PHL AGO PHL NPL MMR MNG RWA DMA DJI MUS MWI JOR JEY PAN PCN GMB NGA BMU AUT ARM AND ARG ARE ALB ALA NFK CXR DEU CZE CYM CYP DZA DOM SAU MCO MLI MEX POL PNG PLW NIU PRK BTN CHE KNA GRL MDA GLP REU SDN SHN CHN COD PYF RUS SGP QAT LBY LBR NCL EST GIB GHA GEO ESP FSM FIN GAB ETH EGY FLK GBR GIN ERI FRO GGY FRA ESH ECU FJI DNK BRA BEL BRN BFA BGR BGD BOL BHR BDI AZE BIH BLR BES BHS BRB BEN BLZ BLM AUS ATG PRT NRU PRY NLD BWA HTI GUM HKG KAZ KIR LUX SEN MNP MRT MSR MTQ NAM PRI PER PSE MLT CRI KGZ LAO GTM GRD BVT CAF CIV GNB CMR COK CAN CCK HMD KHM GUY GNQ PAK HUN MKD MOZ MAF MAR HND GRC GUF IMN IRL IOT ISL IRQ IRN MYS ATA ASM ATF NIC ABW NER COM MDG IDN COL SJM SLE OMN MNE MDV MAC MHL CPV LIE LTU LSO KEN JAM ITA ISR IND NOR CHL JPN LBN LVA COG KWT LKA KOR LCA HRV ROU SLB SGS NZL CUW CUB MYT AIA AFG AIA MYT CUB CUW NZL SGS SLB ROU HRV LCA KOR LKA KWT COG LVA LBN JPN CHL NOR IND ISR ITA JAM KEN LSO LTU LIE CPV MHL MAC MDV MNE OMN SLE SJM COL IDN MDG COM
100
CIV CIV
CAN CAN
HND HND
MOZ MOZ
ITA ITA
KOR KOR
NER NER
MYT MYT
REU REU
GRC GRC
LUX LUX
CXR CXR
LIE LIE
EGY EGY
MMR MMR
GNQ GNQ
PAN PAN
NPL NPL
SHN SHN
FRA FRA
ESP ESP
LKA LKA
BLM BLM
COG COG
GIB GIB
MAC MAC
MAR MAR
LBR LBR
KHM KHM
MEX MEX
ATG ATG
MDA MDA
IDN IDN
ARM ARM
DZA DZA
PRY PRY
SDN SDN
NRU NRU
GBR GBR
LBN LBN
MTQ MTQ
BDI BDI
DMA DMA
BHS BHS
NZL NZL
KNA KNA
GUM GUM
RUS RUS
COL COL
IRL IRL
AFG AFG
BEN BEN
COK COK
HKG HKG
NFK NFK
ESH ESH
ALB ALB
HRV HRV
HTI HTI
AZE AZE
HMD HMD
PNG PNG
SGS SGS
MLI MLI
PAK PAK
LAO LAO
GIN GIN
GEO GEO
KAZ KAZ
CYP CYP
FSM FSM
DEU DEU
POL POL
JEY JEY
CHN CHN
KWT KWT
ALA ALA
FIN FIN
CPV CPV
IRN IRN
HUN HUN
DJI DJI
AUS AUS
LTU LTU
ARE ARE
PSE PSE
ABW ABW
NIU NIU
BHR BHR
ECU ECU
IOT IOT
NIC NIC
GAB GAB
GMB GMB
JPN JPN
COD COD
BMU BMU
RWA RWA
CAF CAF
GHA GHA
