ATG ARM AND ALB ARE ARG ARE ALB AND ARM ATG AUS CHE COG BLR BES BIH BOL BEN AUT BLZ BHS BFA AZE BRN BRB BLM BHR BGD COD COK AGO AFG CHL COL CAF CHN BVT AIA ALA BTN BWA CCK CAN BEL BGR BDI BMU BRA CMR CIV ATF ASM ATA ABW ATA ASM ATF CIV CMR BRA BMU BDI BGR BEL CAN CCK BWA BTN ALA AIA BVT CHN CAF COL CHL AFG AGO COK COD BGD BHR BLM BRB BRN AZE BFA BHS BLZ AUT BEN BOL BIH BES BLR COG CHE AUS ATG
25
ARM ARM
AFG AFG
BRA BRA
CAN CAN
CHL CHL
ABW ABW
COD COD
CCK CCK
BGR BGR
BLR BLR
BEL BEL
AGO AGO
AIA AIA
ARG ARG
BVT BVT
BLZ BLZ
AND AND
CMR CMR
ATA ATA
BTN BTN
BRB BRB
ALA ALA
BMU BMU
BFA BFA
BHS BHS
