DZA AGO GNB HND GEO EST ETH GGY ERI GAB FIN FLK GIN ESP AND ESP GIN FLK FIN GAB ERI GGY ETH EST GEO HND GNB AGO DZA COM CRI DEU CXR CYM CYP CUB CPV BEN BLZ BHR BFA BGD BOL BLR CCK CMR BWA CHL COK AUT GUY GNQ GRD GUM GTM COG EGY ESH FRO FRA GBR GHA FSM GIB ECU FJI CZE AIA ALA HMD HRV GRC BRA BLM BES BRB CAN CIV CHE COD BRN BIH BEL BDI BMU BHS AZE BGR GLP GRL HKG GUF GMB COL BVT CAF CHN BTN DJI DMA ATA ASM ATF ATG AUS DOM CUW DNK ARE ALB ARG ARM AFG ABW AFG ARM ARG ALB ARE DNK CUW DOM AUS ATG ATF ASM ATA DMA DJI BTN CHN CAF BVT COL GMB GUF HKG GRL GLP BGR AZE BHS BMU BDI BEL BIH BRN COD CHE CIV CAN BRB BES BLM BRA GRC HRV HMD ALA AIA CZE FJI ECU GIB FSM GHA GBR FRA FRO ESH EGY COG GTM GUM GRD GNQ GUY AUT COK CHL BWA CMR CCK BLR BOL BGD BFA BHR BLZ BEN CPV CUB CYP CYM CXR DEU CRI COM DZA
50
COD COD
FLK FLK
BRN BRN
DJI DJI
AND AND
FRO FRO
CAF CAF
HMD HMD
ARG ARG
GRD GRD
BHS BHS
HND HND
ALB ALB
BLM BLM
CCK CCK
GNQ GNQ
GLP GLP
CHE CHE
BGD BGD
GRC GRC
ATA ATA
FSM FSM
ARE ARE
BES BES
DOM DOM
FIN FIN
CUB CUB
COG COG
GHA GHA
GEO GEO
ABW ABW
CYM CYM
DNK DNK
BDI BDI
GBR GBR
BVT BVT
ATF ATF
ECU ECU
BRB BRB
CUW CUW
ERI ERI
FRA FRA
AUS AUS
CXR CXR
BFA BFA
BEN BEN
HKG HKG
CAN CAN
CZE CZE
BLR BLR
