Soda a a1 a0 b0 b1 b c c1 c0 d0 d d1 e0 e e1 f0 f f1 g0 g1 g h h0 h1 i0 i i1 j0 j j1 k1 k k0 l0 l m n l1 p o q r s u w y x v t 54 50 51 57 55 56 58 59 60 52 61 62 63 53 64 65 69 68 90 91 92 93 94 93 92 91 90 68 69 65 64 53 63 62 61 52 60 59 58 56 55 57 51 50 54 t v x y w u s r q o p l1 n m l l0 k0 k k1 j1 j j0 i1 i i0 h1 h0 h g g1 g0 f1 f f0 e1 e e0 d1 d d0 c0 c1 c b b1 b0 a0 a1 a Soda 66 70 71 72 73 74 75 76 77 78 79 84 83 82 81 80 67 85 86 87 88 89 95 96 97 98 99 98 97 96 95 89 88 87 86 85 67 80 81 82 83 84 79 78 77 76 75 74 73 72 71 70 66 Soda
50
a0 a0
a1 a1
b0 b0
b1 b1
c0 c0
c1 c1
d0 d0
d1 d1
e0 e0
e1 e1
f0 f0
f1 f1
g0 g0
g1 g1
h0 h0
h1 h1
i0 i0
i1 i1
j0 j0
j1 j1
k0 k0
k1 k1
l0 l0
l1 l1
y y
54 54
55 55
56 56
57 57
58 58
59 59
60 60
61 61
62 62
63 63
64 64
65 65
72 72
74 74
77 77
79 79
82 82
84 84
87 87
89 89
92 92
94 94
97 97
99 99
69 69
