Soda 68 118 40 85 78 171 194 71 161 34 80 192 160 15 83 17 11 63 37 55 176 92 149 186 87 107 45 97 114 130 65 127 21 41 61 10 81 16 51 187 144 196 190 122 62 73 178 179 174 165 6 52 64 170 5 169 177 164 183 154 181 35 60 140 105 22 90 67 135 2 28 32 126 112 126 32 28 2 135 67 90 22 105 140 60 35 181 154 183 164 177 169 5 170 64 52 6 165 174 179 178 73 62 122 190 196 144 187 51 16 81 10 61 41 21 127 65 130 114 97 45 107 87 186 149 92 176 55 37 63 11 17 83 15 160 192 80 34 161 71 194 171 78 85 40 118 68 Soda 124 7 48 116 86 95 189 29 9 76 26 104 139 111 108 146 58 49 59 57 102 132 100 27 162 0 53 79 133 12 18 197 129 138 30 13 109 42 128 156 91 77 198 74 153 125 3 31 1 166 136 33 195 182 44 115 147 23 145 101 191 185 168 19 93 20 38 110 66 137 152 188 119 158 193 36 131 157 143 88 148 94 175 180 173 184 72 43 8 113 98 70 69 142 172 134 89 50 82 25 151 141 4 150 123 117 120 121 155 84 103 46 14 39 159 24 106 56 96 75 99 167 47 54 163 54 47 167 99 75 96 56 106 24 159 39 14 46 103 84 155 121 120 117 123 150 4 141 151 25 82 50 89 134 172 142 69 70 98 113 8 43 72 184 173 180 175 94 148 88 143 157 131 36 193 158 119 188 152 137 66 110 38 20 93 19 168 185 191 101 145 23 147 115 44 182 195 33 136 166 1 31 3 125 153 74 198 77 91 156 128 42 109 13 30 138 129 197 18 12 133 79 53 0 162 27 100 132 102 57 59 49 58 146 108 111 139 104 26 76 9 29 189 95 86 116 48 7 124 Soda
100
99 99
100 100
101 101
102 102
103 103
104 104
105 105
106 106
107 107
108 108
109 109
110 110
111 111
112 112
113 113
114 114
115 115
116 116
117 117
118 118
119 119
120 120
121 121
122 122
123 123
124 124
125 125
126 126
127 127
128 128
129 129
130 130
131 131
132 132
133 133
134 134
135 135
136 136
137 137
138 138
139 139
140 140
141 141
142 142
143 143
144 144
145 145
146 146
147 147
148 148
149 149
150 150
151 151
152 152
153 153
154 154
155 155
156 156
157 157
158 158
159 159
160 160
161 161
162 162
163 163
164 164
165 165
166 166
167 167
168 168
169 169
170 170
171 171
172 172
173 173
174 174
175 175
176 176
177 177
178 178
179 179
180 180
181 181
182 182
183 183
184 184
185 185
186 186
187 187
188 188
189 189
190 190
191 191
192 192
193 193
194 194
195 195
196 196
197 197
198 198
