90 127 81 66 36 113 10 132 182 96 12 45 165 129 117 84 198 88 111 78 1 112 102 155 193 189 60 77 139 153 170 79 103 125 107 51 133 40 91 43 14 99 97 184 39 85 52 106 194 110 141 19 190 114 101 21 164 23 17 33 180 159 29 64 63 171 76 68 148 24 74 105 2 44 32 48 58 38 191 143 98 120 178 138 181 140 16 26 92 154 20 149 168 176 179 35 147 46 177 128 73 187 157 118 0 11 197 89 75 67 142 123 166 150 57 116 57 150 166 123 142 67 75 89 197 11 0 118 157 187 73 128 177 46 147 35 179 176 168 149 20 154 92 26 16 140 181 138 178 120 98 143 191 38 58 48 32 44 2 105 74 24 148 68 76 171 63 64 29 159 180 33 17 23 164 21 101 114 190 19 141 110 194 106 52 85 39 184 97 99 14 43 91 40 133 51 107 125 103 79 170 153 139 77 60 189 193 155 102 112 1 78 111 88 198 84 117 129 165 45 12 96 182 132 10 113 36 66 81 127 90 200 50 195 137 172 62 109 56 42 9 156 183 86 30 145 7 126 55 186 34 41 122 95 174 13 160 65 5 151 93 54 144 49 162 119 108 100 70 192 59 22 158 173 37 8 161 72 135 69 163 15 188 87 185 80 4 82 25 136 61 130 71 199 115 169 3 27 18 134 124 94 31 53 121 146 47 167 196 6 175 152 104 83 28 83 104 152 175 6 196 167 47 146 121 53 31 94 124 134 18 27 3 169 115 199 71 130 61 136 25 82 4 80 185 87 188 15 163 69 135 72 161 8 37 173 158 22 59 192 70 100 108 119 162 49 144 54 93 151 5 65 160 13 174 95 122 41 34 186 55 126 7 145 30 86 183 156 9 42 56 109 62 172 137 195 50 200 90
30
189 189
97 97
190 190
12 12
84 84
82 82
20 20
135 135
48 48
10 10
169 169
55 55
191 191
132 132
167 167
59 59
133 133
70 70
113 113
195 195
88 88
91 91
125 125
81 81
6 6
89 89
101 101
93 93
54 54
51 51
