113 177 155 156 80 188 12 117 82 114 200 38 5 89 2 105 66 128 57 128 66 105 2 89 5 38 200 114 82 117 12 188 80 156 155 177 113 137 13 22 40 109 151 88 85 56 76 190 172 61 127 123 27 7 32 36 24 184 124 60 64 165 58 112 160 180 53 199 53 180 160 112 58 165 64 60 124 184 24 36 32 7 27 123 127 61 172 190 76 56 85 88 151 109 40 22 13 137 113
25
82 82
58 58
114 114
2 2
76 76
124 124
113 113
109 109
177 177
12 12
190 190
105 105
53 53
88 88
66 66
172 172
199 199
112 112
38 38
188 188
57 57
22 22
27 27
85 85
60 60
