Soda 14 53 23 27 96 41 83 98 92 64 40 69 66 63 56 9 17 6 91 20 61 22 10 100 42 45 12 54 29 15 62 94 57 55 43 77 95 44 79 70 25 30 16 30 25 70 79 44 95 77 43 55 57 94 62 15 29 54 12 45 42 100 10 22 61 20 91 6 17 9 56 63 66 69 40 64 92 98 83 41 96 27 23 53 14 Soda 60 74 46 82 97 76 19 31 18 21 73 80 81 35 87 38 7 24 32 90 88 2 78 89 67 48 39 49 34 36 84 5 99 8 68 3 50 33 13 93 52 47 11 75 59 72 65 86 37 26 4 28 71 85 58 51 58 85 71 28 4 26 37 86 65 72 59 75 11 47 52 93 13 33 50 3 68 8 99 5 84 36 34 49 39 48 67 89 78 2 88 90 32 24 7 38 87 35 81 80 73 21 18 31 19 76 97 82 46 74 60 Soda
50
2 2
3 3
4 4
5 5
6 6
7 7
8 8
9 9
10 10
11 11
12 12
13 13
14 14
15 15
16 16
17 17
18 18
19 19
20 20
21 21
22 22
23 23
24 24
25 25
26 26
27 27
28 28
29 29
30 30
31 31
32 32
33 33
34 34
35 35
36 36
37 37
38 38
39 39
40 40
41 41
42 42
43 43
44 44
45 45
46 46
47 47
48 48
49 49
50 50
51 51
