Soda 173 194 67 115 121 45 112 57 103 78 178 163 14 96 49 77 124 170 98 22 80 114 76 73 81 72 71 118 179 86 64 111 35 56 135 182 24 7 137 158 185 109 196 153 69 193 74 40 161 117 159 198 139 169 83 88 143 184 130 104 189 187 41 52 160 106 150 93 136 142 33 75 29 157 54 89 146 138 162 11 199 167 50 36 2 200 171 38 95 27 165 152 42 37 6 168 132 100 129 134 155 53 123 166 91 62 156 8 183 48 147 44 119 39 107 180 110 149 188 140 16 128 105 32 34 174 28 9 58 68 133 126 15 46 116 17 175 19 61 31 192 186 70 82 18 99 108 3 4 13 23 13 4 3 108 99 18 82 70 186 192 31 61 19 175 17 116 46 15 126 133 68 58 9 28 174 34 32 105 128 16 140 188 149 110 180 107 39 119 44 147 48 183 8 156 62 91 166 123 53 155 134 129 100 132 168 6 37 42 152 165 27 95 38 171 200 2 36 50 167 199 11 162 138 146 89 54 157 29 75 33 142 136 93 150 106 160 52 41 187 189 104 130 184 143 88 83 169 139 198 159 117 161 40 74 193 69 153 196 109 185 158 137 7 24 182 135 56 35 111 64 86 179 118 71 72 81 73 76 114 80 22 98 170 124 77 49 96 14 163 178 78 103 57 112 45 121 115 67 194 173 Soda 177 190 12 102 21 79 65 191 172 131 87 164 154 97 148 181 92 145 141 63 47 84 85 151 43 60 125 51 113 122 120 195 30 144 25 10 176 55 66 127 26 20 197 90 5 101 94 59 94 101 5 90 197 20 26 127 66 55 176 10 25 144 30 195 120 122 113 51 125 60 43 151 85 84 47 63 141 145 92 181 148 97 154 164 87 131 172 191 65 79 21 102 12 190 177 Soda
100
2 2
3 3
4 4
5 5
6 6
7 7
8 8
9 9
10 10
11 11
12 12
13 13
14 14
15 15
16 16
17 17
18 18
19 19
20 20
21 21
22 22
23 23
24 24
25 25
26 26
27 27
28 28
29 29
30 30
31 31
32 32
33 33
34 34
35 35
36 36
37 37
38 38
39 39
40 40
41 41
42 42
43 43
44 44
45 45
46 46
47 47
48 48
49 49
50 50
51 51
52 52
53 53
54 54
55 55
56 56
57 57
58 58
59 59
60 60
61 61
62 62
63 63
64 64
65 65
66 66
67 67
68 68
69 69
70 70
71 71
72 72
73 73
74 74
75 75
76 76
77 77
78 78
79 79
80 80
81 81
82 82
83 83
84 84
85 85
86 86
87 87
88 88
89 89
90 90
91 91
92 92
93 93
94 94
95 95
96 96
97 97
98 98
99 99
100 100
101 101
