Wurster Lansing Wurster Visitor Missouri Soda Class Hilgard Haste Des Maxwell Martin Eshleman Stanley Simpson Hazardous Arkansas Nevada North Gayley Frank Baton McLaughlin Pitzer Denver Insectary Lincoln Raleigh Carson Salt Juneau Idaho UC Maine Cory Sutardja Hildebrand Zellerbach Kentucky Chan Oregon Warren Life Chvez Vermont Iowa Bancroft Parking Hartford Gilman Phoenix Florida Providence Lewis Campanile Georgia Pennsylvania Memorial Alumni Silver Annapolis Massachusetts Optometry Stadium Honolulu Madison Campbell Donner Spieker Moffitt Brain Evans Simon Goldman Kleeberger Moses Barker Minnesota Dwinelle Barrows Latimer Indianapolis Montgomery Tennessee Morgan Alaska Jacobs Topeka Observatory Blackwell Charleston Anthony Ohio Sather Alabama Boston Salem Hesse California Recreational Wheeler Recreational California Hesse Salem Boston Alabama Sather Ohio Anthony Charleston Blackwell Observatory Topeka Jacobs Alaska Morgan Tennessee Montgomery Indianapolis Latimer Barrows Dwinelle Minnesota Barker Moses Kleeberger Goldman Simon Evans Brain Moffitt Spieker Donner Campbell Madison Honolulu Stadium Optometry Massachusetts Annapolis Silver Alumni Memorial Pennsylvania Georgia Campanile Lewis Providence Florida Phoenix Gilman Hartford Parking Bancroft Iowa Vermont Chvez Life Warren Oregon Chan Kentucky Zellerbach Hildebrand Sutardja Cory Maine UC Idaho Juneau Salt Carson Raleigh Lincoln Insectary Denver Pitzer McLaughlin Baton Frank Gayley North Nevada Arkansas Hazardous Simpson Stanley Eshleman Martin Maxwell Des Haste Hilgard Class Soda Missouri Visitor Wurster
50
Silver Silver
Boston Boston
Honolulu Honolulu
Alabama Alabama
Montgomery Montgomery
California California
Frank Frank
Hazardous Hazardous
Sutardja Sutardja
Recreational Recreational
Maxwell Maxwell
Sather Sather
Pennsylvania Pennsylvania
Visitor Visitor
Stanley Stanley
Massachusetts Massachusetts
Salem Salem
Hilgard Hilgard
Wurster Wurster
Vermont Vermont
Parking Parking
Optometry Optometry
Juneau Juneau
Class Class
Florida Florida
Raleigh Raleigh
Oregon Oregon
Simpson Simpson
Spieker Spieker
North North
Tennessee Tennessee
Nevada Nevada
Simon Simon
Moses Moses
McLaughlin McLaughlin
Pitzer Pitzer
Hesse Hesse
Indianapolis Indianapolis
Kleeberger Kleeberger
Chan Chan
Cory Cory
Goldman Goldman
Gilman Gilman
Blackwell Blackwell
Anthony Anthony
Moffitt Moffitt
Barrows Barrows
Brain Brain
Idaho Idaho
Observatory Observatory
