Rhode Campbell McEnerney Olympia Senior East Cheyenne Kentucky Koshland Michigan Hargrove Alaska Parking Montpelier Calvin Phoenix Anthony Santa Connecticut Krutch Austin Albany Oregon Blackwell Chou Birge Hawaii Springer Wickson Salem Mathematical Edwards Class Atlanta Oklahoma Chan Tan Insectary Observatory Lincoln Hesse Massachusetts Hearst Haste Frankfort Foothill Tallahassee Concord Cyclotron Northwest Chvez Brain Iowa Bowles California Virginia Indianapolis Blum Gayley Nashville Harrisburg Martin Dwinelle Donner Arkansas Nebraska Hellman Life Haviland University Valley Lawrence Ida Berkeley Unit Clark Delaware Etcheverry Maxwell Hertz Little Durant Tennessee Soda Faculty Police Banway Jones Hartford Montana Springfield Memorial Richmond Providence Kansas Old Eshleman Giauque Andersen Salt Lower Utah Energy Durham Heating Wyoming Golden Boston Tang Columbia BART CNMAT Greenhouse Warren Cleary Genetics Campanile New Wurster Colorado Augusta Grinnell UC Annapolis McCone Davis South Natural Fox Kroeber Lansing Mulford Florida Columbus Dover Boise Sproul Boalt Des Bismarck Minnesota Eye Goldman Alabama Jacobs Barrows Giannini Trenton Denver Wisconsin Maryland Martinez West Carson Stadium Recreational Bancroft Montgomery Witter Lewis Jackson McLaughlin Moffitt Morrison Maine Wheeler Illinois Hazardous Ishi Topeka Mississippi Bechtel Gilman Simon Optometry Woo International Stern Morgan Raleigh Frank Botanical Silver Simpson Pennsylvania LeConte Jefferson Doe Madison Baton Residence Kleeberger Pitzer Sibley Idaho Nevada Evans Moses Cory Zellerbach Cory Moses Evans Nevada Idaho Sibley Pitzer Kleeberger Residence Baton Madison Doe Jefferson LeConte Pennsylvania Simpson Silver Botanical Frank Raleigh Morgan Stern International Woo Optometry Simon Gilman Bechtel Mississippi Topeka Ishi Hazardous Illinois Wheeler Maine Morrison Moffitt McLaughlin Jackson Lewis Witter Montgomery Bancroft Recreational Stadium Carson West Martinez Maryland Wisconsin Denver Trenton Giannini Barrows Jacobs Alabama Goldman Eye Minnesota Bismarck Des Boalt Sproul Boise Dover Columbus Florida Mulford Lansing Kroeber Fox Natural South Davis McCone Annapolis UC Grinnell Augusta Colorado Wurster New Campanile Genetics Cleary Warren Greenhouse CNMAT BART Columbia Tang Boston Golden Wyoming Heating Durham Energy Utah Lower Salt Andersen Giauque Eshleman Old Kansas Providence Richmond Memorial Springfield Montana Hartford Jones Banway Police Faculty Soda Tennessee Durant Little Hertz Maxwell Etcheverry Delaware Clark Unit Berkeley Ida Lawrence Valley University Haviland Life Hellman Nebraska Arkansas Donner Dwinelle Martin Harrisburg Nashville Gayley Blum Indianapolis Virginia California Bowles Iowa Brain Chvez Northwest Cyclotron Concord Tallahassee Foothill Frankfort Haste Hearst Massachusetts Hesse Lincoln Observatory Insectary Tan Chan Oklahoma Atlanta Class Edwards Mathematical Salem Wickson Springer Hawaii Birge Chou Blackwell Oregon Albany Austin Krutch Connecticut Santa Anthony Phoenix Calvin Montpelier Parking Alaska Hargrove Michigan Koshland Kentucky Cheyenne East Senior Olympia McEnerney Campbell Rhode
100
Krutch Krutch
Energy Energy
Hearst Hearst
Campanile Campanile
Providence Providence
Utah Utah
Florida Florida
Jacobs Jacobs
Birge Birge
Clark Clark
Bancroft Bancroft
Harrisburg Harrisburg
Hawaii Hawaii
CNMAT CNMAT
Rhode Rhode
Blackwell Blackwell
Annapolis Annapolis
LeConte LeConte
Cory Cory
Edwards Edwards
Observatory Observatory
Wisconsin Wisconsin
McLaughlin McLaughlin
Haste Haste
Illinois Illinois
Moffitt Moffitt
Silver Silver
Insectary Insectary
Chou Chou
Little Little
Nashville Nashville
Baton Baton
Bowles Bowles
Montana Montana
Moses Moses
Jefferson Jefferson
East East
Hartford Hartford
Donner Donner
Lansing Lansing
Chvez Chvez
Hellman Hellman
BART BART
Columbia Columbia
Stadium Stadium
Michigan Michigan
Class Class
International International
Hertz Hertz
Pennsylvania Pennsylvania
McEnerney McEnerney
Kentucky Kentucky
Tang Tang
Life Life
Jones Jones
Durham Durham
Columbus Columbus
Salt Salt
Heating Heating
Berkeley Berkeley
Sproul Sproul
Maryland Maryland
West West
Olympia Olympia
Tennessee Tennessee
Martin Martin
Durant Durant
Concord Concord
Simpson Simpson
Madison Madison
Simon Simon
Morrison Morrison
Oregon Oregon
Police Police
Brain Brain
Topeka Topeka
Lower Lower
Boalt Boalt
Richmond Richmond
Nevada Nevada
University University
Austin Austin
Mathematical Mathematical
Minnesota Minnesota
Valley Valley
Barrows Barrows
Cheyenne Cheyenne
Montgomery Montgomery
Hargrove Hargrove
Foothill Foothill
Springer Springer
Santa Santa
Etcheverry Etcheverry
Trenton Trenton
Maxwell Maxwell
Mulford Mulford
Grinnell Grinnell
Warren Warren
Mississippi Mississippi
Cleary Cleary
