Donner Tang Architects Annapolis North Heating Brain Maryland Haste Cory Minnesota Little Ishi Illinois Topeka Eye Kansas Iowa Jackson Stadium Tallahassee Alabama Doe Durham Mississippi Old Foothill Gayley Recreational Phoenix Haas Hertz Gilman Life Martinez Nevada Idaho Providence Wurster CNMAT Helena Cyclotron Juneau Optometry McCone Wyoming McLaughlin Santa McLaughlin Wyoming McCone Optometry Juneau Cyclotron Helena CNMAT Wurster Providence Idaho Nevada Martinez Life Gilman Hertz Haas Phoenix Recreational Gayley Foothill Old Mississippi Durham Doe Alabama Tallahassee Stadium Jackson Iowa Kansas Eye Topeka Illinois Ishi Little Minnesota Cory Haste Maryland Brain Heating North Annapolis Architects Tang Donner Albany Campanile Albany Donner
25
Old Old
North North
Topeka Topeka
Foothill Foothill
Haas Haas
Cyclotron Cyclotron
Helena Helena
Providence Providence
Optometry Optometry
Life Life
Santa Santa
Minnesota Minnesota
Iowa Iowa
Juneau Juneau
Ishi Ishi
Illinois Illinois
Phoenix Phoenix
Gilman Gilman
Gayley Gayley
Recreational Recreational
McCone McCone
Wurster Wurster
Donner Donner
Haste Haste
Tallahassee Tallahassee
