AY AZ AG AK AJ AH AF AL S AI BD BA BT BR BN BO BP CI CK CJ CH CB CA BG BF AM BE BX BW BQ BS BV BU CL CN CQ CP CS BZ CV CT CV BZ CS CP CQ CN CL BU BV BS BQ BW BX BE AM BF BG CA CB CH CJ CK CI BP BO BN BR BT BA BD AI S AL AF AH AJ AK AG AZ AY AX AD AB AU AW AV BM AT AO AQ AP AS Z AA V U M Q W X D AC Y AE H N F G A B E C I K L J O P R T AN BY BH BC BB AR BL BK BJ BI CC CD CF CG CE CM CO CR CU CR CO CM CE CG CF CD CC BI BJ BK BL AR BB BC BH BY AN T R P O J L K I C E B A G F N H AE Y AC D X W Q M U V AA Z AS AP AQ AO AT BM AV AW AU AB AD AX AY
40
A A
B B
D D
F F
G G
H H
I I
K K
M M
O O
P P
S S
T T
V V
X X
Y Y
AD AD
AG AG
AJ AJ
AM AM
AO AO
AQ AQ
AS AS
AV AV
AX AX
BA BA
BF BF
BG BG
BI BI
BJ BJ
BN BN
CA CA
CB CB
CC CC
CK CK
CN CN
CO CO
CP CP
CS CS
CT CT
