100 31 28 46 142 131 50 19 47 48 49 51 23 53 18 55 24 5 71 4 44 2 17 1 54 52 57 56 21 188 136 20 141 133 134 135 139 140 200 196 194 190 197 195 198 195 197 190 194 196 200 140 139 135 134 133 141 20 136 188 21 56 57 52 54 1 17 2 44 4 71 5 24 55 18 53 23 51 49 48 47 19 50 131 142 46 28 31 100 58 98 94 95 96 187 182 189 192 191 193 184 186 181 161 159 82 112 155 108 65 102 86 85 87 172 169 163 173 174 171 167 162 168 170 90 89 91 92 97 99 93 185 183 180 179 176 175 177 178 32 88 81 79 73 74 6 9 8 40 72 75 84 83 166 80 64 62 27 15 30 16 59 25 22 60 63 67 68 35 38 77 106 110 114 116 113 111 115 153 156 104 165 164 160 158 157 154 152 151 123 150 122 119 121 76 10 11 12 33 36 70 69 107 105 101 103 13 29 43 45 26 61 14 34 7 39 78 37 66 117 120 109 118 124 125 126 149 148 146 127 147 138 143 145 41 3 42 144 129 130 128 132 137 199 137 132 128 130 129 144 42 3 41 145 143 138 147 127 146 148 149 126 125 124 118 109 120 117 66 37 78 39 7 34 14 61 26 45 43 29 13 103 101 105 107 69 70 36 33 12 11 10 76 121 119 122 150 123 151 152 154 157 158 160 164 165 104 156 153 115 111 113 116 114 110 106 77 38 35 68 67 63 60 22 25 59 16 30 15 27 62 64 80 166 83 84 75 72 40 8 9 6 74 73 79 81 88 32 178 177 175 176 179 180 183 185 93 99 97 92 91 89 90 170 168 162 167 171 174 173 163 169 172 87 85 86 102 65 108 155 112 82 159 161 181 186 184 193 191 192 189 182 187 96 95 94 98 58 100
64
1 1
2 2
3 3
4 4
5 5
6 6
7 7
8 8
9 9
10 10
11 11
12 12
13 13
14 14
15 15
16 16
17 17
18 18
19 19
20 20
21 21
22 22
23 23
24 24
25 25
26 26
27 27
28 28
29 29
30 30
31 31
32 32
33 33
34 34
36 36
37 37
39 39
40 40
41 41
42 42
43 43
44 44
45 45
46 46
47 47
48 48
49 49
50 50
51 51
52 52
53 53
54 54
55 55
56 56
57 57
58 58
59 59
60 60
111 111
121 121
153 153
165 165
182 182
192 192
