YuhuaEast Simpang CityHall PasirRis Mandai ChengSan BoonLayPlace LowerSeletar PearlsHill Woodgrove Seletar SembawangNorth SenokoNorth BoonLay BukitBatokEast PenjuruCrescent KallangWay TelokBlangahRise KampongUbi Sentosa Sengkang Brickworks KampongTiongBahru SungeiKadut HougangCentral DefuIndustrialPark BoatQuay Saujana JurongRiver Kangkar YishunCentral Hillcrest Northshore FarrerCourt TanjongIrau Aljunied TanjongIrau FarrerCourt Northshore Hillcrest YishunCentral Kangkar JurongRiver Saujana BoatQuay DefuIndustrialPark HougangCentral SungeiKadut KampongTiongBahru Brickworks Sengkang Sentosa KampongUbi TelokBlangahRise KallangWay PenjuruCrescent BukitBatokEast BoonLay SenokoNorth SembawangNorth Seletar Woodgrove PearlsHill LowerSeletar BoonLayPlace ChengSan Mandai PasirRis CityHall Simpang YuhuaEast TelokBlangahDrive Sennett SerangoonGarden SingaporeRiver PotongPasir ChinaSquare SerangoonNorth TagoreSindo UpperPayaLebar Crawford EvertonPark ReservoirView PulauPunggolTimor ChoaChuKang SengkangTownCentre OneNorth Anson ClementiWest JurongWestCentral PasirRisDrive TohGuan PayaLebarEast Museum FloraDrive Geylang Matilda ClarkeQuay BedokSouth RafflesPlace BenoiSector MountPleasant Marymount TuasPromenade SembawangEast PayaLebarNorth ConeyIsland ShangriLa TiongBahru TuasBay TiongBahruStation Bishan BukitBatokWest PengSiang Tampines KebunBahru MountEmily GeylangEast Redhill Moulmein Woodleigh SeletarHills MonksHill MandaiEast TanglinHalt SembawangSprings CliffordPier KeatHong YioChuKangEast UluPandan Dunearn SembawangHills ChoaChuKangCentral TamanJurong ChangiPoint Yunnan SenokoWest JooSengPayaLebar JurongPort PeiChun DairyFarm Mountbatten Northland WoodlandsWest BukitBatokSouth PasirPanjang2 SerangoonCentral Khatib HollandDrive YioChuKang Bangkit MandaiEstate AlexandraNorth SimpangNorth Paterson Queenstown Bedok PangSua Kranji MandaiWest BukitPanjang KentRidge Commonwealth Chatsworth InstitutionHill Senja WaterwayEast SungeiRoad AngMoKioTownCentre BukitTimah Port DhobyGhaut LittleIndia KianTeck WoodlandsSouth Cairnhill PunggolField Rochor Victoria PayaLebar Tanglin MarinaEast PasirPanjang1 PulauPunggolBarat Queensway StraitsView YishunWest RochorCanal Boulevard Gombak SimpangSouth HongKah TampinesWest TampinesNorth HougangEast IstanaNegara Bayshore TuasNorthPioneer WestCoast SouthernIslands HongKahNorth SwissClub UpperThomson FarrerPark BrasBasah Kembangan LoyangEast SenokoSouth ClementiNorth BoonTeck Katong Clementi PasirRisPark OneTreeHill SembawangStraits Shipyard Simei Trafalgar LorongChuan OrangeGrove PeoplesPark BayfrontSubzone Punggol Midview ClementiCentral Serangoon BedokNorth Plab EastCoast Sembawang Changi SembawangCentral NatureReserve ChangiWest GulBasin ChangiWest NatureReserve SembawangCentral Changi Sembawang EastCoast Plab BedokNorth Serangoon ClementiCentral Midview Punggol BayfrontSubzone PeoplesPark OrangeGrove LorongChuan Trafalgar Simei Shipyard SembawangStraits OneTreeHill PasirRisPark Clementi Katong BoonTeck ClementiNorth SenokoSouth LoyangEast Kembangan BrasBasah FarrerPark UpperThomson SwissClub HongKahNorth SouthernIslands WestCoast TuasNorthPioneer Bayshore IstanaNegara HougangEast TampinesNorth TampinesWest HongKah SimpangSouth Gombak Boulevard RochorCanal YishunWest StraitsView Queensway PulauPunggolBarat PasirPanjang1 MarinaEast Tanglin PayaLebar Victoria Rochor PunggolField Cairnhill WoodlandsSouth KianTeck LittleIndia DhobyGhaut Port BukitTimah AngMoKioTownCentre SungeiRoad WaterwayEast Senja InstitutionHill Chatsworth Commonwealth KentRidge BukitPanjang MandaiWest Kranji PangSua Bedok Queenstown Paterson SimpangNorth AlexandraNorth MandaiEstate Bangkit YioChuKang HollandDrive Khatib SerangoonCentral PasirPanjang2 BukitBatokSouth WoodlandsWest Northland Mountbatten DairyFarm PeiChun JurongPort JooSengPayaLebar SenokoWest Yunnan ChangiPoint TamanJurong ChoaChuKangCentral SembawangHills Dunearn UluPandan YioChuKangEast KeatHong CliffordPier SembawangSprings TanglinHalt MandaiEast MonksHill SeletarHills Woodleigh Moulmein Redhill GeylangEast MountEmily KebunBahru Tampines PengSiang BukitBatokWest Bishan TiongBahruStation TuasBay TiongBahru ShangriLa ConeyIsland PayaLebarNorth SembawangEast TuasPromenade Marymount MountPleasant BenoiSector RafflesPlace BedokSouth ClarkeQuay Matilda Geylang FloraDrive Museum PayaLebarEast TohGuan PasirRisDrive JurongWestCentral ClementiWest Anson OneNorth SengkangTownCentre ChoaChuKang PulauPunggolTimor ReservoirView EvertonPark Crawford UpperPayaLebar TagoreSindo SerangoonNorth ChinaSquare PotongPasir SingaporeRiver SerangoonGarden Sennett TelokBlangahDrive YuhuaEast
100
Northland Northland
HongKah HongKah
AngMoKioTownCentre AngMoKioTownCentre
SerangoonNorth SerangoonNorth
Paterson Paterson
Punggol Punggol
YioChuKang YioChuKang
KentRidge KentRidge
Commonwealth Commonwealth
KeatHong KeatHong
HongKahNorth HongKahNorth
BedokNorth BedokNorth
Serangoon Serangoon
OneTreeHill OneTreeHill
EastCoast EastCoast
Sennett Sennett
WaterwayEast WaterwayEast
SungeiKadut SungeiKadut
TuasPromenade TuasPromenade
Museum Museum
Mountbatten Mountbatten
PayaLebarEast PayaLebarEast
LowerSeletar LowerSeletar
BedokSouth BedokSouth
SembawangStraits SembawangStraits
TuasNorthPioneer TuasNorthPioneer
CityHall CityHall
TelokBlangahRise TelokBlangahRise
SungeiRoad SungeiRoad
SimpangNorth SimpangNorth
IstanaNegara IstanaNegara
HougangCentral HougangCentral
PasirRisDrive PasirRisDrive
PangSua PangSua
Trafalgar Trafalgar
Tampines Tampines
BenoiSector BenoiSector
ChoaChuKang ChoaChuKang
Moulmein Moulmein
TiongBahru TiongBahru
BukitBatokSouth BukitBatokSouth
PasirRis PasirRis
TagoreSindo TagoreSindo
Shipyard Shipyard
JurongPort JurongPort
ClementiNorth ClementiNorth
GeylangEast GeylangEast
Khatib Khatib
Matilda Matilda
Brickworks Brickworks
BukitBatokWest BukitBatokWest
Aljunied Aljunied
SerangoonGarden SerangoonGarden
SerangoonCentral SerangoonCentral
PearlsHill PearlsHill
SembawangHills SembawangHills
SingaporeRiver SingaporeRiver
PasirRisPark PasirRisPark
BoatQuay BoatQuay
BoonLayPlace BoonLayPlace
EvertonPark EvertonPark
AlexandraNorth AlexandraNorth
PeiChun PeiChun
PunggolField PunggolField
Sentosa Sentosa
InstitutionHill InstitutionHill
TohGuan TohGuan
DhobyGhaut DhobyGhaut
ReservoirView ReservoirView
JooSengPayaLebar JooSengPayaLebar
DairyFarm DairyFarm
PulauPunggolTimor PulauPunggolTimor
Tanglin Tanglin
Saujana Saujana
UluPandan UluPandan
TampinesNorth TampinesNorth
TuasBay TuasBay
Geylang Geylang
Cairnhill Cairnhill
Sembawang Sembawang
WoodlandsWest WoodlandsWest
OneNorth OneNorth
Mandai Mandai
YioChuKangEast YioChuKangEast
Port Port
DefuIndustrialPark DefuIndustrialPark
UpperThomson UpperThomson
ChinaSquare ChinaSquare
JurongWestCentral JurongWestCentral
PeoplesPark PeoplesPark
MandaiEast MandaiEast
ChangiWest ChangiWest
BayfrontSubzone BayfrontSubzone
KebunBahru KebunBahru
Kembangan Kembangan
OrangeGrove OrangeGrove
ChangiPoint ChangiPoint
SouthernIslands SouthernIslands
RochorCanal RochorCanal
Chatsworth Chatsworth
