LeonieHill ChangiPoint SungeiKadut DefuIndustrialPark Tyersall JurongPort OrangeGrove NeeSoon Shipyard KampongUbi WoodlandsSouth HougangCentral InstitutionHill MonksHill Outram Sennett JurongWestCentral Kranji NatureReserve Rochor StraitsView YioChuKangWest PunggolTownCentre YewTee LiuFang ChoaChuKangCentral LoyangEast AirportRoad ChangiWest ClementiCentral YishunCentral Woodgrove Pandan Cecil ClarkeQuay SungeiRoad Semakau WesternIslands PasirPanjang2 TanjongRhu YuhuaEast GeylangBahru Springleaf ShangriLa MandaiWest YioChuKang AnchorvaleBuangkok KallangWay Boulevard WestCoast NorthCoast Plab BukitBatokCentral Mandai LoyangWest PasirRisWestElias TampinesWest YuhuaWestBoonLay KeatHong Novena SingaporePolytechnic JooSengPayaLebar Frankel FarrerPark Guilin GreenwoodPark WaterwayEast PasirRisCentralTown KampongGlam MandaiEast SembawangSprings PasirRisPark Sentosa ChengSan YishunWest Admiralty Changi CompassvaleTrafalgar ConeyIsland Gombak Ridout BishanEast ChoaChuKang TuasBay TanglinHalt MandaiEstate Khatib Yishun Phillip SerangoonGarden Lavender Victoria Clementi TheWharves Townsville Trafalgar Seletar ChangiBay PeoplesPark NorthEasternIslands PeoplesPark ChangiBay Seletar Trafalgar Townsville TheWharves Clementi Victoria Lavender SerangoonGarden Phillip Yishun Khatib MandaiEstate TanglinHalt TuasBay ChoaChuKang BishanEast Ridout Gombak ConeyIsland CompassvaleTrafalgar Changi Admiralty YishunWest ChengSan Sentosa PasirRisPark SembawangSprings MandaiEast KampongGlam PasirRisCentralTown WaterwayEast GreenwoodPark Guilin FarrerPark Frankel JooSengPayaLebar SingaporePolytechnic Novena KeatHong YuhuaWestBoonLay TampinesWest PasirRisWestElias LoyangWest Mandai BukitBatokCentral Plab NorthCoast WestCoast Boulevard KallangWay AnchorvaleBuangkok YioChuKang MandaiWest ShangriLa Springleaf GeylangBahru YuhuaEast TanjongRhu PasirPanjang2 WesternIslands Semakau SungeiRoad ClarkeQuay Cecil Pandan Woodgrove YishunCentral ClementiCentral ChangiWest AirportRoad LoyangEast ChoaChuKangCentral LiuFang YewTee PunggolTownCentre YioChuKangWest StraitsView Rochor NatureReserve Kranji JurongWestCentral Sennett Outram MonksHill InstitutionHill HougangCentral WoodlandsSouth KampongUbi Shipyard NeeSoon OrangeGrove JurongPort Tyersall DefuIndustrialPark SungeiKadut ChangiPoint LeonieHill
50
Guilin Guilin
Trafalgar Trafalgar
Townsville Townsville
SerangoonGarden SerangoonGarden
Springleaf Springleaf
ClementiCentral ClementiCentral
Novena Novena
FarrerPark FarrerPark
SungeiKadut SungeiKadut
Boulevard Boulevard
MonksHill MonksHill
AirportRoad AirportRoad
KallangWay KallangWay
Shipyard Shipyard
YuhuaWestBoonLay YuhuaWestBoonLay
YioChuKang YioChuKang
SungeiRoad SungeiRoad
TuasBay TuasBay
Phillip Phillip
TampinesWest TampinesWest
Sennett Sennett
SembawangSprings SembawangSprings
Kranji Kranji
Victoria Victoria
Ridout Ridout
BishanEast BishanEast
Yishun Yishun
MandaiWest MandaiWest
PasirPanjang2 PasirPanjang2
NorthCoast NorthCoast
Semakau Semakau
PunggolTownCentre PunggolTownCentre
Outram Outram
Sentosa Sentosa
OrangeGrove OrangeGrove
TanglinHalt TanglinHalt
NeeSoon NeeSoon
BukitBatokCentral BukitBatokCentral
ChoaChuKangCentral ChoaChuKangCentral
ConeyIsland ConeyIsland
AnchorvaleBuangkok AnchorvaleBuangkok
JurongWestCentral JurongWestCentral
Tyersall Tyersall
KampongGlam KampongGlam
GreenwoodPark GreenwoodPark
SingaporePolytechnic SingaporePolytechnic
Woodgrove Woodgrove
DefuIndustrialPark DefuIndustrialPark
ChangiWest ChangiWest
LoyangEast LoyangEast
