BukitBatokEast LeonieHill RiverValley KakiBukit BukitHoSwee Sembawang Crawford GhimMoh Tengah Safti Tengeh Frankel CompassvaleTrafalgar TanjongPagar SembawangHills SwissClub Springleaf CityHall KampongGlam RobertsonQuay Sudong Hillview Hillcrest Bayshore TanglinHalt AirportRoad NeeSoon Bendemeer PulauPunggolTimor SimpangNorth JooKoon Tyersall Yishun CliffordPier Geylang BoatQuay PearlsHill Redhill PearlsHill BoatQuay Geylang CliffordPier Yishun Tyersall JooKoon SimpangNorth PulauPunggolTimor Bendemeer NeeSoon AirportRoad TanglinHalt Bayshore Hillcrest Hillview Sudong RobertsonQuay KampongGlam CityHall Springleaf SwissClub SembawangHills TanjongPagar CompassvaleTrafalgar Frankel Tengeh Safti Tengah GhimMoh Crawford Sembawang BukitHoSwee KakiBukit RiverValley LeonieHill BukitBatokEast Simei SungeiRoad TiongBahruStation DowntownCore Gombak LowerSeletar SouthernGroup Boulevard GaliBatuMandai Jelebu Seletar ChoaChuKang Seletar Jelebu GaliBatuMandai Boulevard SouthernGroup LowerSeletar Gombak DowntownCore TiongBahruStation SungeiRoad Simei BukitBatokEast
25
Frankel Frankel
SungeiRoad SungeiRoad
Simei Simei
Redhill Redhill
GaliBatuMandai GaliBatuMandai
Tengeh Tengeh
RiverValley RiverValley
SimpangNorth SimpangNorth
NeeSoon NeeSoon
JooKoon JooKoon
DowntownCore DowntownCore
SwissClub SwissClub
ChoaChuKang ChoaChuKang
GhimMoh GhimMoh
Hillcrest Hillcrest
LowerSeletar LowerSeletar
LeonieHill LeonieHill
Sudong Sudong
PearlsHill PearlsHill
Safti Safti
TanjongPagar TanjongPagar
Tyersall Tyersall
TiongBahruStation TiongBahruStation
CityHall CityHall
Sembawang Sembawang
