139 115 185 142 119 89 138 170 174 188 196 168 187 109 122 166 172 192 178 171 164 197 173 128 155 161 181 184 147 118 140 175 159 186 156 135 158 129 106 153 143 162 165 177 169 125 131 116 104 71 148 93 83 117 150 137 84 105 97 25 195 25 97 105 84 137 150 117 83 93 148 71 104 116 131 125 169 177 165 162 143 153 106 129 158 135 156 186 159 175 140 118 147 184 181 161 155 128 173 197 164 171 178 192 172 166 122 109 187 168 196 188 174 170 138 89 119 142 185 115 139 141 48 132 113 112 130 111 136 100 42 22 41 44 51 19 35 5 37 10 30 13 43 12 46 52 27 59 70 57 108 103 81 65 94 63 95 24 99 98 76 78 77 123 146 183 189 167 200 198 194 180 151 182 179 126 154 176 157 160 107 79 114 90 82 69 72 2 38 39 55 1 47 32 62 33 67 29 49 40 20 58 74 102 75 91 68 92 120 110 86 149 152 96 145 124 191 133 163 127 134 101 64 87 61 88 80 144 190 31 28 7 60 45 8 36 17 3 26 16 53 9 66 34 73 54 21 4 6 50 56 23 14 15 18 11 85 121 193 199 193 121 85 11 18 15 14 23 56 50 6 4 21 54 73 34 66 9 53 16 26 3 17 36 8 45 60 7 28 31 190 144 80 88 61 87 64 101 134 127 163 133 191 124 145 96 152 149 86 110 120 92 68 91 75 102 74 58 20 40 49 29 67 33 62 32 47 1 55 39 38 2 72 69 82 90 114 79 107 160 157 176 154 126 179 182 151 180 194 198 200 167 189 183 146 123 77 78 76 98 99 24 95 63 94 65 81 103 108 57 70 59 27 52 46 12 43 13 30 10 37 5 35 19 51 44 41 22 42 100 136 111 130 112 113 132 48 141 139
100
189 189
106 106
77 77
91 91
142 142
47 47
146 146
84 84
125 125
85 85
112 112
23 23
101 101
8 8
198 198
11 11
81 81
18 18
152 152
74 74
43 43
173 173
15 15
5 5
64 64
78 78
176 176
127 127
184 184
187 187
141 141
71 71
1 1
60 60
65 65
2 2
72 72
111 111
113 113
123 123
109 109
188 188
9 9
95 95
57 57
48 48
108 108
153 153
14 14
79 79
33 33
144 144
191 191
114 114
13 13
58 58
148 148
16 16
30 30
32 32
158 158
147 147
39 39
182 182
82 82
128 128
98 98
134 134
27 27
31 31
35 35
119 119
96 96
138 138
104 104
131 131
22 22
122 122
161 161
41 41
178 178
157 157
7 7
67 67
118 118
156 156
21 21
25 25
130 130
105 105
69 69
37 37
89 89
145 145
75 75
44 44
186 186
26 26
172 172
165 165
