J6 I7 G7 C8 F3 E9 D0 E8 H0 G4 F2 E7 A9 A8 G5 F7 F4 E6 B7 A3 F8 C7 G2 A7 F5 E4 B2 H7 B4 I1 B3 E1 B1 D9 H5 H4 I2 I4 J3 D2 G3 D8 F9 J5 B5 J1 A4 I8 I0 I3 C9 J2 C6 C3 D5 D7 D3 J0 G9 C2 J7 J8 B9 E3 F1 H9 A2 C1 G1 J9 I5 G6 A0 E0 G0 E0 A0 G6 I5 J9 G1 C1 A2 H9 F1 E3 B9 J8 J7 C2 G9 J0 D3 D7 D5 C3 C6 J2 C9 I3 I0 I8 A4 J1 B5 J5 F9 D8 G3 D2 J3 I4 I2 H4 H5 D9 B1 E1 B3 I1 B4 H7 B2 E4 F5 A7 G2 C7 F8 A3 B7 E6 F4 F7 G5 A8 A9 E7 F2 G4 H0 E8 D0 E9 F3 C8 G7 I7 J6 C4 C5 G8 H3 B8 A6 I9 B0 D4 H1 D6 F0 F6 E5 J4 E2 C0 A1 A5 D1 H6 H8 I6 B6 H2 B6 I6 H8 H6 D1 A5 A1 C0 E2 J4 E5 F6 F0 D6 H1 D4 B0 I9 A6 B8 H3 G8 C5 C4 J6
50
H2 H2
A7 A7
G9 G9
H8 H8
B7 B7
F3 F3
J4 J4
C9 C9
E2 E2
F8 F8
G8 G8
I3 I3
G0 G0
A2 A2
E4 E4
B9 B9
E1 E1
A0 A0
G6 G6
J9 J9
C1 C1
C3 C3
H7 H7
H4 H4
J5 J5
F0 F0
B3 B3
B0 B0
F7 F7
J7 J7
F5 F5
D8 D8
F9 F9
A8 A8
C4 C4
E0 E0
A9 A9
H3 H3
D6 D6
C2 C2
C6 C6
B6 B6
H0 H0
D0 D0
B5 B5
I7 I7
A5 A5
J8 J8
H5 H5
J6 J6
