Qwilfish Tropius Drapion Taillow Scatterbug Dewpider Slowbro Simisear Sandile Meloetta Porygon2 Vullaby Volcarona Magmar Phanpy Skiddo Noibat Tornadus Gengar Metapod Inkay Slurpuff Metang Terrakion Politoed Lotad Skorupi Honedge Wartortle Steenee Jumpluff Xerneas Seaking Munna Swadloon Tauros Kakuna Treecko Bastiodon Shellder Vespiquen Weezing Crawdaunt Amoonguss Magnemite Froakie Bounsweet Yungoos Stufful Woobat Escavalier Woobat Stufful Yungoos Bounsweet Froakie Magnemite Amoonguss Crawdaunt Weezing Vespiquen Shellder Bastiodon Treecko Kakuna Tauros Swadloon Munna Seaking Xerneas Jumpluff Steenee Wartortle Honedge Skorupi Lotad Politoed Terrakion Metang Slurpuff Inkay Metapod Gengar Tornadus Noibat Skiddo Phanpy Magmar Volcarona Vullaby Porygon2 Meloetta Sandile Simisear Slowbro Dewpider Scatterbug Taillow Drapion Tropius Qwilfish Drampa Shellos Nincada Whismur Tsareena Paras Zekrom Weepinbell Lumineon Comfey Plusle Wailord Conkeldurr Wailord Plusle Comfey Lumineon Weepinbell Zekrom Paras Tsareena Whismur Nincada Shellos Drampa Qwilfish
50
Volcarona Volcarona
Meloetta Meloetta
Gengar Gengar
Whismur Whismur
Qwilfish Qwilfish
Simisear Simisear
Metapod Metapod
Woobat Woobat
Sandile Sandile
Steenee Steenee
Nincada Nincada
Swadloon Swadloon
Tauros Tauros
Drapion Drapion
Scatterbug Scatterbug
Vullaby Vullaby
Porygon2 Porygon2
Escavalier Escavalier
Vespiquen Vespiquen
Crawdaunt Crawdaunt
Seaking Seaking
Magnemite Magnemite
Magmar Magmar
Munna Munna
Skorupi Skorupi
Stufful Stufful
Bastiodon Bastiodon
Noibat Noibat
Weezing Weezing
Froakie Froakie
Taillow Taillow
Metang Metang
Weepinbell Weepinbell
Drampa Drampa
Bounsweet Bounsweet
Slurpuff Slurpuff
Honedge Honedge
Plusle Plusle
Treecko Treecko
Shellder Shellder
Inkay Inkay
Lotad Lotad
Conkeldurr Conkeldurr
Shellos Shellos
Skiddo Skiddo
Amoonguss Amoonguss
Wailord Wailord
Comfey Comfey
Jumpluff Jumpluff
Kakuna Kakuna
