Qwilfish Tropius Drapion Taillow Scatterbug Dewpider Slowbro Simisear Sandile Meloetta Porygon2 Vullaby Volcarona Magmar Phanpy Skiddo Noibat Tornadus Gengar Metapod Inkay Slurpuff Metang Terrakion Politoed Lotad Skorupi Honedge Wartortle Steenee Jumpluff Xerneas Seaking Munna Swadloon Tauros Kakuna Treecko Bastiodon Shellder Vespiquen Weezing Crawdaunt Amoonguss Magnemite Froakie Bounsweet Yungoos Stufful Woobat Escavalier Woobat Stufful Yungoos Bounsweet Froakie Magnemite Amoonguss Crawdaunt Weezing Vespiquen Shellder Bastiodon Treecko Kakuna Tauros Swadloon Munna Seaking Xerneas Jumpluff Steenee Wartortle Honedge Skorupi Lotad Politoed Terrakion Metang Slurpuff Inkay Metapod Gengar Tornadus Noibat Skiddo Phanpy Magmar Volcarona Vullaby Porygon2 Meloetta Sandile Simisear Slowbro Dewpider Scatterbug Taillow Drapion Tropius Qwilfish Drampa Shellos Nincada Whismur Tsareena Paras Zekrom Weepinbell Lumineon Comfey Plusle Wailord Conkeldurr Wailord Plusle Comfey Lumineon Weepinbell Zekrom Paras Tsareena Whismur Nincada Shellos Drampa Qwilfish
64
Qwilfish Qwilfish
Simisear Simisear
Phanpy Phanpy
Terrakion Terrakion
Drapion Drapion
Meloetta Meloetta
Volcarona Volcarona
Slurpuff Slurpuff
Skiddo Skiddo
Politoed Politoed
Tropius Tropius
Sandile Sandile
Magmar Magmar
Metang Metang
Taillow Taillow
Porygon2 Porygon2
Slowbro Slowbro
Drampa Drampa
Noibat Noibat
Lotad Lotad
Scatterbug Scatterbug
Vullaby Vullaby
Inkay Inkay
Steenee Steenee
Tornadus Tornadus
Skorupi Skorupi
Dewpider Dewpider
Shellos Shellos
Metapod Metapod
Wartortle Wartortle
Crawdaunt Crawdaunt
Paras Paras
Froakie Froakie
Nincada Nincada
Gengar Gengar
Honedge Honedge
Amoonguss Amoonguss
Tsareena Tsareena
Jumpluff Jumpluff
Vespiquen Vespiquen
Munna Munna
Kakuna Kakuna
Magnemite Magnemite
Whismur Whismur
Xerneas Xerneas
Weezing Weezing
Zekrom Zekrom
Woobat Woobat
Comfey Comfey
Bounsweet Bounsweet
Seaking Seaking
Tauros Tauros
Weepinbell Weepinbell
Stufful Stufful
Shellder Shellder
Plusle Plusle
Treecko Treecko
Swadloon Swadloon
Lumineon Lumineon
Yungoos Yungoos
Bastiodon Bastiodon
Wailord Wailord
Escavalier Escavalier
Conkeldurr Conkeldurr
