Latias Shelgon Zorua Wurmple Crabominable Bounsweet Pangoro Golisopod Charmeleon Elgyem Vibrava Aggron Relicanth Exeggutor Duskull Pidgeot Guzzlord Corsola Toxicroak Dartrix Keldeo Smeargle Cinccino Smeargle Keldeo Dartrix Toxicroak Corsola Guzzlord Pidgeot Duskull Exeggutor Relicanth Aggron Vibrava Elgyem Charmeleon Golisopod Pangoro Bounsweet Crabominable Wurmple Zorua Shelgon Latias Yanma Delphox Primeape Gengar Reshiram Lycanroc Raticate Unown Magearna Jigglypuff Gible Marshtomp Scizor Frogadier Greninja Talonflame Arceus Voltorb Alomomola Staryu Darumaka Luvdisc Petilil Scolipede Infernape Noivern Palkia Noivern Infernape Scolipede Petilil Luvdisc Darumaka Staryu Alomomola Voltorb Arceus Talonflame Greninja Frogadier Scizor Marshtomp Gible Jigglypuff Magearna Unown Raticate Lycanroc Reshiram Gengar Primeape Delphox Yanma Latias
25
Raticate Raticate
Talonflame Talonflame
Petilil Petilil
Shelgon Shelgon
Charmeleon Charmeleon
Wurmple Wurmple
Jigglypuff Jigglypuff
Toxicroak Toxicroak
Primeape Primeape
Infernape Infernape
Magearna Magearna
Dartrix Dartrix
Staryu Staryu
Elgyem Elgyem
Noivern Noivern
Keldeo Keldeo
Scolipede Scolipede
Exeggutor Exeggutor
Golisopod Golisopod
Reshiram Reshiram
Luvdisc Luvdisc
Palkia Palkia
Bounsweet Bounsweet
Relicanth Relicanth
Vibrava Vibrava
