Myrtle Alexandria Deltona Joliet Irving Appleton Arvada Fayetteville Chicago Boulder Miramar Kissimmee Harlingen Lorain Cincinnati Baltimore Cary Albuquerque Canton Bradenton Macon Barnstable Hesperia Brownsville Cedar Hollywood Baton Charles Bellevue Houston Albany Irvine Escondido Champaign Madison Cambridge Kailua Vegas ElPaso Nashua Moreno Garland Mobile Merced Collins Merced Mobile Garland Moreno Nashua ElPaso Vegas Kailua Cambridge Madison Champaign Escondido Irvine Albany Houston Bellevue Charles Baton Hollywood Cedar Brownsville Hesperia Barnstable Macon Bradenton Canton Albuquerque Cary Baltimore Cincinnati Lorain Harlingen Kissimmee Miramar Boulder Chicago Fayetteville Arvada Appleton Irving Joliet Deltona Alexandria Myrtle Denton Buffalo Aribel Kansas Lexington Minneapolis Erie Plen Monterey Hemet Atlantic Bryan Honolulu Hartford Abilene GreenBay Medford Bloomington Lansing Cruces Boston Kennewick Chesapeake Aurora Jersey Lacey Huntington Muskegon Prairie Gilbert Chandler Dallas Jacksonville Grays Berkeley Clearwater Columbus Lancaster Huntsville Athens Corpus Layton Bridgeport Melbourne Davidson Lafayette Montgomery Cathedral Hickory Amarillo Leominster Houma Brighton Kaneohe Kalamazoo Kaneohe Brighton Houma Leominster Amarillo Hickory Cathedral Montgomery Lafayette Davidson Melbourne Bridgeport Layton Corpus Athens Huntsville Lancaster Columbus Clearwater Berkeley Grays Jacksonville Dallas Chandler Gilbert Prairie Muskegon Huntington Lacey Jersey Aurora Chesapeake Kennewick Boston Cruces Lansing Bloomington Medford GreenBay Abilene Hartford Honolulu Bryan Atlantic Hemet Monterey Plen Erie Minneapolis Lexington Kansas Aribel Buffalo Denton Myrtle
50
Hartford Hartford
Joliet Joliet
Barnstable Barnstable
Dallas Dallas
Grays Grays
Muskegon Muskegon
Merced Merced
Erie Erie
Chicago Chicago
Hollywood Hollywood
Hemet Hemet
Cary Cary
Bridgeport Bridgeport
Harlingen Harlingen
Macon Macon
Cedar Cedar
Plen Plen
Bradenton Bradenton
Bloomington Bloomington
Brownsville Brownsville
Albuquerque Albuquerque
Lorain Lorain
Nashua Nashua
Miramar Miramar
Kissimmee Kissimmee
Montgomery Montgomery
Davidson Davidson
Leominster Leominster
Minneapolis Minneapolis
Lexington Lexington
GreenBay GreenBay
Aribel Aribel
Baltimore Baltimore
Albany Albany
Abilene Abilene
Kansas Kansas
Chandler Chandler
Mobile Mobile
Champaign Champaign
Appleton Appleton
Cathedral Cathedral
Lansing Lansing
Corpus Corpus
Deltona Deltona
Huntsville Huntsville
Houma Houma
Medford Medford
Huntington Huntington
Alexandria Alexandria
Moreno Moreno
