Monroe CSprings Naples Bedford Bremerton Brighton Bethlehem Chicago Macon Honolulu Kenosha Baltimore Frederick Flint Lowell Aberdeen Grays Muskegon Downey Rapids Davidson Chula Alexandria Lakeland Hayward Hemet Gainesville Independence Kailua Independence Gainesville Hemet Hayward Lakeland Alexandria Chula Davidson Rapids Downey Muskegon Grays Aberdeen Lowell Flint Frederick Baltimore Kenosha Honolulu Macon Chicago Bethlehem Brighton Bremerton Bedford Naples CSprings Monroe Berkeley Moreno Two Hampton Viejo Marysville Havre Naperville Aribel Chattanooga Fairfield Lansing Abilene Bridgeport Arlington Houston Atlanta Boise Lincoln Lorain Boulder Murfreesboro Hagerstown Irvine LA Plen Murrieta GreenBay Layton Corpus Miami Escondido Fremont Antioch Daytona Henderson Canton Four Fresno Julian Fitchburg Kissimmee Charlotte Jacksonville Ten Albuquerque Akron Nine Evansville ElkGrove Bryan Inglewood Myrtle Jefferson Burlington One Johnson Charleston Laredo Seven Lauderdale Modesto Dallas Huntsville Gulfport Madison Bonita Kaneohe Anchorage Minneapolis Medford Killeen Barnstable Anaheim ElPaso Prairie Billings Lewisville Allentown Vista Augusta Eleven Atlantic Gilbert Columbia Jackson Chandler Kansas Corona Bloomington Elizabeth Irving Bakersfield Mobile Buffalo Apple Fayetteville Fullerton Dayton Duluth Aurora Clarksville Five Collins Greensboro Greenville McAllen Cary Manchester Erie Cleveland Fargo Monterey Six Gastonia Chesapeake Asheville Carrollton Columbus Baton Boston Louisville Three Detroit Montgomery Merced Appleton Lacey Melbourne Birmingham Hollywood Durham Joliet Burbank Memphis Concord Eight Athens Marina Austin Vegas Mesa Hialeah Milwaukee Champaign Albany Cambridge Daly Bradenton Denver Kennewick Danbury Lakewood Lafayette Hickory Hartford Glendale Amarillo Mesquite Leominster Lancaster Cathedral Elkhart Huntington Jersey Harrisburg Denton Hesperia Clarke Indianapolis Brownsville Indianapolis Clarke Hesperia Denton Harrisburg Jersey Huntington Elkhart Cathedral Lancaster Leominster Mesquite Amarillo Glendale Hartford Hickory Lafayette Lakewood Danbury Kennewick Denver Bradenton Daly Cambridge Albany Champaign Milwaukee Hialeah Mesa Vegas Austin Marina Athens Eight Concord Memphis Burbank Joliet Durham Hollywood Birmingham Melbourne Lacey Appleton Merced Montgomery Detroit Three Louisville Boston Baton Columbus Carrollton Asheville Chesapeake Gastonia Six Monterey Fargo Cleveland Erie Manchester Cary McAllen Greenville Greensboro Collins Five Clarksville Aurora Duluth Dayton Fullerton Fayetteville Apple Buffalo Mobile Bakersfield Irving Elizabeth Bloomington Corona Kansas Chandler Jackson Columbia Gilbert Atlantic Eleven Augusta Vista Allentown Lewisville Billings Prairie ElPaso Anaheim Barnstable Killeen Medford Minneapolis Anchorage Kaneohe Bonita Madison Gulfport Huntsville Dallas Modesto Lauderdale Seven Laredo Charleston Johnson One Burlington Jefferson Myrtle Inglewood Bryan ElkGrove Evansville Nine Akron Albuquerque Ten Jacksonville Charlotte Kissimmee Fitchburg Julian Fresno Four Canton Henderson Daytona Antioch Fremont Escondido Miami Corpus Layton GreenBay Murrieta Plen LA Irvine Hagerstown Murfreesboro Boulder Lorain Lincoln Boise Atlanta Houston Arlington Bridgeport Abilene Lansing Fairfield Chattanooga Aribel Naperville Havre Marysville Viejo Hampton Two Moreno Berkeley Monroe
100
Bradenton Bradenton
Three Three
Mesquite Mesquite
Hampton Hampton
Albany Albany
Ten Ten
Burlington Burlington
Miami Miami
Kenosha Kenosha
Melbourne Melbourne
Kissimmee Kissimmee
Baton Baton
Allentown Allentown
Fairfield Fairfield
Arlington Arlington
Four Four
Elizabeth Elizabeth
Chesapeake Chesapeake
Gainesville Gainesville
Clarke Clarke
Montgomery Montgomery
Baltimore Baltimore
Mesa Mesa
Kailua Kailua
Elkhart Elkhart
Aberdeen Aberdeen
Greensboro Greensboro
Gilbert Gilbert
Athens Athens
Akron Akron
Killeen Killeen
Amarillo Amarillo
Lewisville Lewisville
Seven Seven
Monroe Monroe
Johnson Johnson
Naples Naples
Hagerstown Hagerstown
Havre Havre
Vista Vista
Brownsville Brownsville
Rapids Rapids
Bridgeport Bridgeport
Erie Erie
Modesto Modesto
Manchester Manchester
Hesperia Hesperia
Lowell Lowell
Lancaster Lancaster
Prairie Prairie
Daytona Daytona
Lacey Lacey
Boulder Boulder
Davidson Davidson
Dayton Dayton
Birmingham Birmingham
Hartford Hartford
Kennewick Kennewick
Huntington Huntington
Cleveland Cleveland
Irving Irving
Dallas Dallas
Julian Julian
Cary Cary
Lakeland Lakeland
Laredo Laredo
Mobile Mobile
Bethlehem Bethlehem
Apple Apple
Cambridge Cambridge
Hayward Hayward
Austin Austin
Lafayette Lafayette
Monterey Monterey
Merced Merced
Asheville Asheville
Glendale Glendale
Viejo Viejo
Denton Denton
Canton Canton
Muskegon Muskegon
Anaheim Anaheim
Boise Boise
Anchorage Anchorage
Huntsville Huntsville
Leominster Leominster
Detroit Detroit
Hialeah Hialeah
Bedford Bedford
Antioch Antioch
Charleston Charleston
Hickory Hickory
Carrollton Carrollton
Jacksonville Jacksonville
Abilene Abilene
Clarksville Clarksville
Corpus Corpus
Fayetteville Fayetteville
Layton Layton
Denver Denver
