Burlington Independence Greensboro Hialeah Inglewood Bradenton Cedar Costa McAllen Barnstable Columbus Clarke Miramar Bridgeport Naperville Harlingen Honolulu Aribel Fayetteville Myrtle Hampton Arlington Killeen Prairie Apple Hayward Elkhart Lewisville Frederick Chattanooga Plen Greenville Amarillo Merced Davenport Julian Corona Buffalo Downey Brighton Nashville Brighton Downey Buffalo Corona Julian Davenport Merced Amarillo Greenville Plen Chattanooga Frederick Lewisville Elkhart Hayward Apple Prairie Killeen Arlington Hampton Myrtle Fayetteville Aribel Honolulu Harlingen Naperville Bridgeport Miramar Clarke Columbus Barnstable McAllen Costa Cedar Bradenton Inglewood Hialeah Greensboro Independence Burlington Cambridge ElMonte Denver Rapids Kenosha Louisville Chicago Huntsville Bloomington Huntsville Chicago Louisville Kenosha Rapids Denver ElMonte Cambridge Burlington
25
Buffalo Buffalo
Denver Denver
Naperville Naperville
Amarillo Amarillo
Myrtle Myrtle
Chicago Chicago
Merced Merced
Columbus Columbus
Honolulu Honolulu
Davenport Davenport
McAllen McAllen
Killeen Killeen
Prairie Prairie
Bridgeport Bridgeport
Chattanooga Chattanooga
Rapids Rapids
Hayward Hayward
Clarke Clarke
Miramar Miramar
Cedar Cedar
Cambridge Cambridge
Louisville Louisville
Independence Independence
Hampton Hampton
Greenville Greenville
