AF BG DJ DO AT CS BF BE AH DS CZ DR BN DD BS CV AV AD BO DN BD DT CB BB BX CK AE DC BC BT DV DL DQ CP DG AL AU CA CM DF CD CJ BH DH AY BW DA CO CW BM BV CE AX AN BQ CU CC CU BQ AN AX CE BV BM CW CO DA BW AY DH BH CJ CD DF CM CA AU AL DG CP DQ DL DV BT BC DC AE CK BX BB CB DT BD DN BO AD AV CV BS DD BN DR CZ DS AH BE BF CS AT DO DJ BG AF AZ BR CX AI AK DB DK AP AJ BJ CF CN BP BK CY BL CQ CR BI DU CI AC DM BZ DP AM CG AG AQ AB BU BA AS AW CH AA AO BY DI CT AR DE CL DE AR CT DI BY AO AA CH AW AS BA BU AB AQ AG CG AM DP BZ DM AC CI DU BI CR CQ BL CY BK BP CN CF BJ AJ AP DK DB AK AI CX BR AZ AF
47
CZ CZ
BF BF
AD AD
CI CI
BO BO
BM BM
BV BV
AC AC
BJ BJ
AO AO
CE CE
CD CD
AN AN
DU DU
AP AP
BQ BQ
AM AM
DS DS
CV CV
CQ CQ
BD BD
BT BT
AU AU
BE BE
AA AA
DI DI
DD DD
CP CP
BI BI
BW BW
CS CS
AW AW
BH BH
CY CY
AJ AJ
CM CM
DV DV
DT DT
DQ DQ
CH CH
CC CC
DN DN
CR CR
BB BB
DF DF
DG DG
CL CL
