DK AE HF BK EX EU DI AI CJ GY BE FI CH HC CA EZ FX CQ FL CX AL EA BL EG FT AO AG GI EM FV EH CM FB AA GN GC AW BA GD GF FE GZ AN AF CZ FY DX DC GS BI BU AV FS CF BR BX GR ER CE FJ FH AC EP DE AD FQ CL CG GO DZ HE FC DB AU BH FG BZ AR BO EK EJ EV BW ED FM DQ DR GH BS GA GX BT FK FR DP EQ BY AX DW DN HB FZ EI CT GV DY BD CV EY GG AB EW HA DU FD FP AS CI DH GB AH DF CY HD CN GU AT CK ES GP BN DT EE CU BM CP GM GW CS DL GK DV CW AJ DD BQ DD AJ CW DV GK DL CS GW GM CP BM CU EE DT BN GP ES CK AT GU CN HD CY DF AH GB DH CI AS FP FD DU HA EW AB GG EY CV BD DY GV CT EI FZ HB DN DW AX BY EQ DP FR FK BT GX GA BS GH DR DQ FM ED BW EV EJ EK BO AR BZ FG BH AU DB FC HE DZ GO CG CL FQ AD DE EP AC FH FJ CE ER GR BX BR CF FS AV BU BI GS DC DX FY CZ AF AN GZ FE GF GD BA AW GC GN AA FB CM EH FV EM GI AG AO FT EG BL EA AL CX FL CQ FX EZ CA HC CH FI BE GY CJ AI DI EU EX BK HF AE DK BG DO CB EN HJ FW BV AP GT CR AZ GL FF BF GJ HI BJ BC EL DA CD AY CO EC FO EB GE HH BP DJ EF DG AK EO FN FA DM CC AM FU HG BB DS ET AQ GQ AQ ET DS BB HG FU AM CC DM FA FN EO AK DG EF DJ BP HH GE EB FO EC CO AY CD DA EL BC BJ HI GJ BF FF GL AZ CR GT AP BV FW HJ EN CB DO BG DK
94
FA FA
CS CS
BC BC
CA CA
DI DI
BH BH
EY EY
DZ DZ
GB GB
DN DN
HJ HJ
AU AU
BE BE
CW CW
AO AO
CE CE
AN AN
EN EN
DP DP
HE HE
DF DF
DU DU
AB AB
AZ AZ
AG AG
DM DM
DX DX
ED ED
CT CT
FZ FZ
HC HC
FB FB
CP CP
DO DO
EO EO
AK AK
DB DB
CY CY
EA EA
CD CD
CR CR
FP FP
FH FH
EL EL
FG FG
BV BV
DL DL
EP EP
HF HF
FN FN
GX GX
BW BW
DD DD
GY GY
AT AT
EQ EQ
HI HI
EB EB
FT FT
CI CI
AM AM
FW FW
CM CM
BI BI
CK CK
GV GV
ET ET
GZ GZ
EM EM
EW EW
GR GR
BR BR
CC CC
GG GG
BL BL
FD FD
AA AA
CU CU
DE DE
BF BF
AY AY
EF EF
DT DT
ES ES
GT GT
AV AV
HB HB
BM BM
BP BP
CG CG
HD HD
GN GN
BZ BZ
CX CX
