Soda DurantHall HearstFieldAnnex InternationalHouse EtcheverryHall LeConteHall PoliceUC EyeCenter CyclotronRd ObservatoryHill EshlemanHall NorthGateHall EastAsianLibrary HildebrandHall MulfordHall MaxwellFamilyField ClarkKerrCampus CalvinLaboratory BerkeleyArtMuseum AnthonyHall Campanile BerkeleyWayWest BrainImagingCenter KroeberHall FacultyClub EvansDiamond BarrowLane BarrowsHall BARTStation MinorHall DonnerLab ChanShunAuditorium MinorHallAddition MorganHall CampbellHall McConeHall ChouHall FoxCottage GianniniHall PimentelHall Dwinelle Insectary GoldmanPlaza OBrienHall DavisHall HearstGreekTheatre MorrisonHall GayleyRd TangCenter HertzHall CNMAT CaliforniaHall FacultyGlade CaliforniaHall CNMAT HertzHall TangCenter GayleyRd MorrisonHall HearstGreekTheatre DavisHall OBrienHall GoldmanPlaza Insectary Dwinelle PimentelHall GianniniHall FoxCottage ChouHall McConeHall CampbellHall MorganHall MinorHallAddition ChanShunAuditorium DonnerLab MinorHall BARTStation BarrowsHall BarrowLane EvansDiamond FacultyClub KroeberHall BrainImagingCenter BerkeleyWayWest Campanile AnthonyHall BerkeleyArtMuseum CalvinLaboratory ClarkKerrCampus MaxwellFamilyField MulfordHall HildebrandHall EastAsianLibrary NorthGateHall EshlemanHall ObservatoryHill CyclotronRd EyeCenter PoliceUC LeConteHall EtcheverryHall InternationalHouse HearstFieldAnnex DurantHall Soda ResidenceHalls LowerSproulPlaza CareerCenter VLSB OptometryClinic JacobsHall BoaltHall MosesHall LewisHall HilgardHall GilmanHall EastGate BancroftLibrary Moffitt DoeMemorialLibrary KrutchTheater IshiCourt BarkerHall LatimerHall RSF BirgeHall BlumHall OldArtGallery Cory GoldmanField LevineFrickeField NorthField HavilandHall AlumniHouse HaasPavilion CheitHall GiauqueHall BlackwellHall McEnerneyHall FoundersRock HesseHall McLaughlinHall BanwayBldg EdwardsStadium KoshlandHall ClearyHall EvansHall BotanicalGarden Greenhouse MLK BowlesHall HearstMiningCircle BowlesHall MLK Greenhouse BotanicalGarden EvansHall ClearyHall KoshlandHall EdwardsStadium BanwayBldg McLaughlinHall HesseHall FoundersRock McEnerneyHall BlackwellHall GiauqueHall CheitHall HaasPavilion AlumniHouse HavilandHall NorthField LevineFrickeField GoldmanField Cory OldArtGallery BlumHall BirgeHall RSF LatimerHall BarkerHall IshiCourt KrutchTheater DoeMemorialLibrary Moffitt BancroftLibrary EastGate GilmanHall HilgardHall LewisHall MosesHall BoaltHall JacobsHall OptometryClinic VLSB CareerCenter LowerSproulPlaza ResidenceHalls Soda
40
AlumniHouse AlumniHouse
AnthonyHall AnthonyHall
BancroftLibrary BancroftLibrary
BanwayBldg BanwayBldg
BarkerHall BarkerHall
BarrowLane BarrowLane
BarrowsHall BarrowsHall
BARTStation BARTStation
BerkeleyArtMuseum BerkeleyArtMuseum
BerkeleyWayWest BerkeleyWayWest
BirgeHall BirgeHall
BlackwellHall BlackwellHall
BlumHall BlumHall
BoaltHall BoaltHall
BotanicalGarden BotanicalGarden
BrainImagingCenter BrainImagingCenter
EastAsianLibrary EastAsianLibrary
CaliforniaHall CaliforniaHall
CalvinLaboratory CalvinLaboratory
Campanile Campanile
CampbellHall CampbellHall
CareerCenter CareerCenter
ChanShunAuditorium ChanShunAuditorium
VLSB VLSB
CheitHall CheitHall
ChouHall ChouHall
ClarkKerrCampus ClarkKerrCampus
CNMAT CNMAT
Cory Cory
CyclotronRd CyclotronRd
DavisHall DavisHall
DoeMemorialLibrary DoeMemorialLibrary
DonnerLab DonnerLab
DurantHall DurantHall
Dwinelle Dwinelle
EastGate EastGate
EdwardsStadium EdwardsStadium
EshlemanHall EshlemanHall
EtcheverryHall EtcheverryHall
EvansDiamond EvansDiamond
