Soda EtcheverryHall WicksonNaturalArea OptometryClinic Piedmont NorthField FacultyGlade Emeryville HaasSchoolofBusiness LevineFrickeField CyclotronRd HertzHall GrinnellNaturalArea LewisHall BarrowsHall Oakley Orinda GiauqueHall Alameda SantaClara Hercules ResidenceHalls GoldmanField BirgeHall WheelerHall SanFrancisco StadiumRimWay MemorialGladeandPool Berkeley PleasantHill GayleyRd Petaluma MorganHall SpringerGateway HildebrandHall Antioch Classof1914Fountain AnthonyHall JacobsHall FoxCottage FosterCity BarrowLane EastAsianLibrary SpiekerPlaza McConeHall Novato Pittsburg SanMateo HeatingPlantCentral Larkspur BancroftLibrary MorrisonHall DavisHall StanleyHall Fairfield ZellerbachHall MulfordHall KrutchTheater Unit2 Pacifica PoliceUC VLSB FrankSchlessingerWay OBrienHall ObservatoryHill GianniniHall WarrenHall Lafayette Unit1 Gilroy HalfMoonBay AlumniHouse PaloAlto WursterHall Brentwood Greenhouse EdwardsStadium KoshlandHall WooHonFaiHall WellmanHall SternHall MLK WomenFacultyClub Benicia Burlingame ZellerbachPlayhouse SimpsonCenter RSF EshlemanHall VisitorCenter SeniorHall HargroveMusicLibrary NorthGateHall DonnerLab UniversityHall UCBerkeleyExtension BanwayBldg UniversityHouse Atherton SanPablo HilgardHall Campbell Napa SatherRd SanRafael IshiCourt ClarkKerrCampus MinorHall ElCerrito WestCircle WitterField GoldmanPlaza HaasPavilion HellmanTennisComplex WestGate InternationalHouse EvansDiamond GilmanHall SuisunCity HavilandHall McEnerneyHall BoaltHall KroeberHall Insectary BotanicalGarden BowlesHall CalvinLaboratory HearstGreekTheatre MountainView SatherGate Sebastopol TanHall Albany Unit3 HearstMiningCircle DurantHall CareerCenter Sonoma ChanShunAuditorium ChvezStudentCenter Belmont FairfaxNewark ClearyHall SimonHall SouthHall SatherTower KleebergerFieldHouse StHelena MinorHallAddition FoundersRock EvansHall LeConteHall CampbellHall LowerSproulPlaza McLaughlinHall OldArtGallery McLaughlinHall LowerSproulPlaza CampbellHall LeConteHall EvansHall FoundersRock MinorHallAddition StHelena KleebergerFieldHouse SatherTower SouthHall SimonHall ClearyHall FairfaxNewark Belmont ChvezStudentCenter ChanShunAuditorium Sonoma CareerCenter DurantHall HearstMiningCircle Unit3 Albany TanHall Sebastopol SatherGate MountainView HearstGreekTheatre CalvinLaboratory BowlesHall BotanicalGarden Insectary KroeberHall BoaltHall McEnerneyHall HavilandHall SuisunCity GilmanHall EvansDiamond InternationalHouse WestGate HellmanTennisComplex HaasPavilion GoldmanPlaza WitterField WestCircle ElCerrito MinorHall ClarkKerrCampus IshiCourt SanRafael SatherRd Napa Campbell HilgardHall SanPablo Atherton UniversityHouse BanwayBldg UCBerkeleyExtension UniversityHall DonnerLab NorthGateHall HargroveMusicLibrary SeniorHall VisitorCenter EshlemanHall RSF SimpsonCenter ZellerbachPlayhouse Burlingame Benicia WomenFacultyClub MLK SternHall WellmanHall WooHonFaiHall KoshlandHall EdwardsStadium Greenhouse Brentwood WursterHall PaloAlto AlumniHouse HalfMoonBay Gilroy Unit1 Lafayette WarrenHall GianniniHall ObservatoryHill OBrienHall FrankSchlessingerWay VLSB PoliceUC Pacifica Unit2 KrutchTheater MulfordHall ZellerbachHall Fairfield StanleyHall DavisHall MorrisonHall BancroftLibrary Larkspur HeatingPlantCentral SanMateo Pittsburg Novato McConeHall SpiekerPlaza EastAsianLibrary BarrowLane FosterCity FoxCottage JacobsHall AnthonyHall Classof1914Fountain Antioch HildebrandHall SpringerGateway MorganHall Petaluma GayleyRd PleasantHill Berkeley MemorialGladeandPool StadiumRimWay SanFrancisco WheelerHall BirgeHall GoldmanField ResidenceHalls Hercules SantaClara Alameda GiauqueHall Orinda Oakley BarrowsHall LewisHall GrinnellNaturalArea HertzHall CyclotronRd LevineFrickeField HaasSchoolofBusiness Emeryville FacultyGlade NorthField Piedmont OptometryClinic WicksonNaturalArea EtcheverryHall Soda Calistoga Moffitt BarkerHall PimentelHall Belvedere LegendsAquaticCenter SproulPlaza CaliforniaHall Dwinelle CNMAT EastGate ChouHall TangCenter Hillsborough MosesHall SanRamon FacultyClub AmericanCanyon Pinole Oakland SproulHall HearstFieldAnnex Brisbane BlackwellHall LifeSciencesAddition SantaRosa BrainImagingCenter Healdsburg SutardjaDaiHall Campanile LatimerHall MaxwellFamilyField MartinezCommons BerkeleyArtMuseum Sausalito EyeCenter Hayward Saratoga BlumHall HesseHall Cory SanLeandro BerkeleyWayWest BARTStation BerkeleyWayWest SanLeandro Cory HesseHall BlumHall Saratoga Hayward EyeCenter Sausalito BerkeleyArtMuseum MartinezCommons MaxwellFamilyField LatimerHall Campanile SutardjaDaiHall Healdsburg BrainImagingCenter SantaRosa LifeSciencesAddition BlackwellHall Brisbane HearstFieldAnnex SproulHall Oakland Pinole AmericanCanyon FacultyClub SanRamon MosesHall Hillsborough TangCenter ChouHall EastGate CNMAT Dwinelle CaliforniaHall SproulPlaza LegendsAquaticCenter Belvedere PimentelHall BarkerHall Moffitt Calistoga Soda
70
Campanile Campanile
GiauqueHall GiauqueHall
ClearyHall ClearyHall
IshiCourt IshiCourt
Fairfield Fairfield
StadiumRimWay StadiumRimWay
LowerSproulPlaza LowerSproulPlaza
ZellerbachPlayhouse ZellerbachPlayhouse
SatherTower SatherTower
ZellerbachHall ZellerbachHall
AnthonyHall AnthonyHall
ClarkKerrCampus ClarkKerrCampus
Healdsburg Healdsburg
Pinole Pinole
DonnerLab DonnerLab
SanPablo SanPablo
Saratoga Saratoga
EtcheverryHall EtcheverryHall
NorthGateHall NorthGateHall
Brisbane Brisbane
Belmont Belmont
HearstMiningCircle HearstMiningCircle
PimentelHall PimentelHall
BancroftLibrary BancroftLibrary
KroeberHall KroeberHall
KleebergerFieldHouse KleebergerFieldHouse
Oakley Oakley
GilmanHall GilmanHall
SternHall SternHall
WheelerHall WheelerHall
WestCircle WestCircle
ChouHall ChouHall
HargroveMusicLibrary HargroveMusicLibrary
HertzHall HertzHall
LewisHall LewisHall
GoldmanField GoldmanField
EvansHall EvansHall
MartinezCommons MartinezCommons
Insectary Insectary
Unit1 Unit1
HearstGreekTheatre HearstGreekTheatre
Pittsburg Pittsburg
FoundersRock FoundersRock
EastGate EastGate
Pacifica Pacifica
Benicia Benicia
Piedmont Piedmont
Cory Cory
MinorHallAddition MinorHallAddition
Orinda Orinda
Alameda Alameda
Hayward Hayward
Albany Albany
SanRamon SanRamon
WursterHall WursterHall
BlumHall BlumHall
Emeryville Emeryville
WellmanHall WellmanHall
BarkerHall BarkerHall
WicksonNaturalArea WicksonNaturalArea
StHelena StHelena
SanRafael SanRafael
Hillsborough Hillsborough
SproulPlaza SproulPlaza
WomenFacultyClub WomenFacultyClub
FrankSchlessingerWay FrankSchlessingerWay
WestGate WestGate
CalvinLaboratory CalvinLaboratory
Unit3 Unit3
MulfordHall MulfordHall
