Soda SatherTower Moffitt MorganHall MorrisonHall MosesHall MulfordHall NorthField SatherGate EyeCenter BarrowsHall CampbellHall CareerCenter ClarkKerr Dwinelle BarrowLane BarkerHall BanwayBldg AlumniHouse Campanile LowerSproul MemorialGlade LeConteHall EshlemanHall GreekTheatre HaasPavilion Jacobs Lawrence MLK SutardjaDaiHall Unit1 Unit2 Unit3 Unit2 Unit1 SutardjaDaiHall MLK Lawrence Jacobs HaasPavilion GreekTheatre EshlemanHall LeConteHall MemorialGlade LowerSproul Campanile AlumniHouse BanwayBldg BarkerHall BarrowLane Dwinelle ClarkKerr CareerCenter CampbellHall BarrowsHall EyeCenter SatherGate NorthField MulfordHall MosesHall MorrisonHall MorganHall Moffitt SatherTower Soda RSF SatherRd WursterHall TangCenter SproulPlaza SproulHall SeniorHall Zellerbach SeniorHall SproulHall SproulPlaza TangCenter WursterHall SatherRd RSF Soda
18
Campanile Campanile
CareerCenter CareerCenter
BarkerHall BarkerHall
Dwinelle Dwinelle
EyeCenter EyeCenter
Jacobs Jacobs
LeConteHall LeConteHall
MemorialGlade MemorialGlade
MLK MLK
Lawrence Lawrence
MorrisonHall MorrisonHall
MorganHall MorganHall
MulfordHall MulfordHall
SatherRd SatherRd
SproulPlaza SproulPlaza
SutardjaDaiHall SutardjaDaiHall
Unit1 Unit1
WursterHall WursterHall
