BerkeleyArtMuseumand LegendsAquaticCenter CITRIS LawSchool BancroftLibrary CalvinLaboratory BlumHall CareerCenter SodaHall WarrenHall MinorHallAddition DwightWayChildDevelo Unit3ResidentHall MartinLutherKingJrSt UniversityHouse BoaltHall IRLE McConeHall AnnaHeadAlumnaeHall WursterHall CampbellHall Demography BarrowsHall HertzHall LiKaShingCenter ArchaeologicalResear LevineFrickeSoftball AlumniHouse PublicAffairsOfficeo JacobsHall MoffittLibrary HavilandHall LewisHall MorrisonHall KoshlandHall SimpsonCenterforStud InsectaryGreenhouse TanHall BechtelEngineeringCe LatinAmericanStudies CrescentSpringerGate LifeSciencesAddition SoutheastAsianStudie BerkeleyWayWest PacificFilmArchiveBe FacultyGlade Sebastians SutardjaDaiHall GolbousPlace UniversityHealthServ StanleyHall OBrienHall GilmanHall IdaLouiseJacksonGrad EvansHall WooHonFaiHall KoretVisitorCenter DonnerLaboratory LawrenceBerkeleyNati StarrEastAsianLibrar MartinezCommons GoldmanField ResidentialStudentSe UpperHearstParkingSt CheitHall HearstMemorialMining SpaceSciencesLaborat BowlesHall JonatansCrazyHouse UniversityHall LatimerHall ClarkKerrCampus FacultyClub CampanileSatherTower HaasPavilion GianniniHall MorganHall EdwardsTrackStadiumG InvestigativeReporti SternHall BanwayBuilding AHammock WellmanHall KroeberHall MaxwellFamilyFieldan ChanningBowditchApar FoxCottage2350Bowdit ValleyLifeSciencesBu PimentelHall EarthquakeEngineerin Unit1ResidentHall WheelerHall WomensFacultyClub LowerHearstParkingSt BirgeHall SummerSession GrinnellNaturalArea SummerSession BirgeHall LowerHearstParkingSt WomensFacultyClub WheelerHall Unit1ResidentHall EarthquakeEngineerin PimentelHall ValleyLifeSciencesBu FoxCottage2350Bowdit ChanningBowditchApar MaxwellFamilyFieldan KroeberHall WellmanHall AHammock BanwayBuilding SternHall InvestigativeReporti EdwardsTrackStadiumG MorganHall GianniniHall HaasPavilion CampanileSatherTower FacultyClub ClarkKerrCampus LatimerHall UniversityHall JonatansCrazyHouse BowlesHall SpaceSciencesLaborat HearstMemorialMining CheitHall UpperHearstParkingSt ResidentialStudentSe GoldmanField MartinezCommons StarrEastAsianLibrar LawrenceBerkeleyNati DonnerLaboratory KoretVisitorCenter WooHonFaiHall EvansHall IdaLouiseJacksonGrad GilmanHall OBrienHall StanleyHall UniversityHealthServ GolbousPlace SutardjaDaiHall Sebastians FacultyGlade PacificFilmArchiveBe BerkeleyWayWest SoutheastAsianStudie LifeSciencesAddition CrescentSpringerGate LatinAmericanStudies BechtelEngineeringCe TanHall InsectaryGreenhouse SimpsonCenterforStud KoshlandHall MorrisonHall LewisHall HavilandHall MoffittLibrary JacobsHall PublicAffairsOfficeo AlumniHouse LevineFrickeSoftball ArchaeologicalResear LiKaShingCenter HertzHall BarrowsHall Demography CampbellHall WursterHall AnnaHeadAlumnaeHall McConeHall IRLE BoaltHall UniversityHouse MartinLutherKingJrSt Unit3ResidentHall DwightWayChildDevelo MinorHallAddition WarrenHall SodaHall CareerCenter BlumHall CalvinLaboratory BancroftLibrary LawSchool CITRIS LegendsAquaticCenter BerkeleyArtMuseumand HasteStreetChildDeve NorthGateHall ArchitectsEngineersA SatherTower AndersenAuditorium FallProgramforFreshm BotanicalGarden EtcheverryHall SpiekerAquaticsCompl MulfordHall ChancellorsEsplanade VisitorCenter HellmanTennisCenter WitterRugbyField LawrenceHallofScienc HaasSchoolofBusiness MemorialGlade RecreationalSportsFa JacksonGraduateHouse EvansDiamond GoldmanSchool AnthonyHall BlackwellHall Library WestCircle BancroftDanceStudio EucalyptusGrove NorthField DavisHall MariesHouse SouthHall McLaughlinHall StudentUnion AcademicInnovationSt HildebrandHall TangCenter UCBerkeleyExtension MinorHall ObservatoryHill HearstFieldAnnex CoryHall ClearyHall DurantHall Extension GraduateTheologicalU RedwoodGroveBotanica MosesHall OfficeofPublicAffair EllsworthParkingStru MathematicalSciences MelvinCalvinLaborato CampusSharedServices EastAsianLibrary StrawberryCanyonRecr HearstGreekTheatre EnergyBiosciencesBui LeConteHall DwinelleAnnex CNMAT1750ArchSt ManvilleHall CesarEChavezStudentC LowerSproulPlaza CaliforniaHall SamsPad HenryHWheelerBrainIm Unit2ResidentHall ZellerbachHall NaturalResourcesLabo MagnesCollectionofJe GeneticsandPlantBiol EastAsianStudiesInst OldArtGallery JuliaMorganHall EshlemanHall HaasClubhouse SimonHall InternationalHouse HearstMiningCircle SproulHall HearstMiningCircle InternationalHouse SimonHall HaasClubhouse EshlemanHall JuliaMorganHall OldArtGallery EastAsianStudiesInst GeneticsandPlantBiol MagnesCollectionofJe NaturalResourcesLabo ZellerbachHall Unit2ResidentHall HenryHWheelerBrainIm SamsPad CaliforniaHall LowerSproulPlaza CesarEChavezStudentC ManvilleHall CNMAT1750ArchSt DwinelleAnnex LeConteHall EnergyBiosciencesBui HearstGreekTheatre StrawberryCanyonRecr EastAsianLibrary CampusSharedServices MelvinCalvinLaborato MathematicalSciences EllsworthParkingStru OfficeofPublicAffair MosesHall RedwoodGroveBotanica GraduateTheologicalU Extension DurantHall ClearyHall CoryHall HearstFieldAnnex ObservatoryHill MinorHall UCBerkeleyExtension TangCenter HildebrandHall AcademicInnovationSt StudentUnion McLaughlinHall SouthHall MariesHouse DavisHall NorthField EucalyptusGrove BancroftDanceStudio WestCircle Library BlackwellHall AnthonyHall GoldmanSchool EvansDiamond JacksonGraduateHouse RecreationalSportsFa MemorialGlade HaasSchoolofBusiness LawrenceHallofScienc WitterRugbyField HellmanTennisCenter VisitorCenter ChancellorsEsplanade MulfordHall SpiekerAquaticsCompl EtcheverryHall BotanicalGarden FallProgramforFreshm AndersenAuditorium SatherTower ArchitectsEngineersA NorthGateHall HasteStreetChildDeve BerkeleyArtMuseumand
82
FoxCottage2350Bowdit FoxCottage2350Bowdit
MartinezCommons MartinezCommons
FallProgramforFreshm FallProgramforFreshm
AnthonyHall AnthonyHall
GoldmanField GoldmanField
SimpsonCenterforStud SimpsonCenterforStud
PublicAffairsOfficeo PublicAffairsOfficeo
BowlesHall BowlesHall
BancroftLibrary BancroftLibrary
McConeHall McConeHall
CesarEChavezStudentC CesarEChavezStudentC
LeConteHall LeConteHall
MaxwellFamilyFieldan MaxwellFamilyFieldan
KoshlandHall KoshlandHall
GianniniHall GianniniHall
BancroftDanceStudio BancroftDanceStudio
CareerCenter CareerCenter
HavilandHall HavilandHall
MariesHouse MariesHouse
SutardjaDaiHall SutardjaDaiHall
ObservatoryHill ObservatoryHill
KoretVisitorCenter KoretVisitorCenter
StanleyHall StanleyHall
Demography Demography
HearstMemorialMining HearstMemorialMining
AlumniHouse AlumniHouse
EnergyBiosciencesBui EnergyBiosciencesBui
PacificFilmArchiveBe PacificFilmArchiveBe
NorthField NorthField
ArchitectsEngineersA ArchitectsEngineersA
InsectaryGreenhouse InsectaryGreenhouse
BanwayBuilding BanwayBuilding
MulfordHall MulfordHall
MagnesCollectionofJe MagnesCollectionofJe
FacultyGlade FacultyGlade
WarrenHall WarrenHall
GraduateTheologicalU GraduateTheologicalU
SpiekerAquaticsCompl SpiekerAquaticsCompl
MosesHall MosesHall
EvansHall EvansHall
ManvilleHall ManvilleHall
BarrowsHall BarrowsHall
EvansDiamond EvansDiamond
HaasSchoolofBusiness HaasSchoolofBusiness
EdwardsTrackStadiumG EdwardsTrackStadiumG
LegendsAquaticCenter LegendsAquaticCenter
FacultyClub FacultyClub
InternationalHouse InternationalHouse
MathematicalSciences MathematicalSciences
GolbousPlace GolbousPlace
LawSchool LawSchool
LatinAmericanStudies LatinAmericanStudies
IRLE IRLE
EastAsianStudiesInst EastAsianStudiesInst
Unit1ResidentHall Unit1ResidentHall
UniversityHouse UniversityHouse
CaliforniaHall CaliforniaHall
SimonHall SimonHall
ClarkKerrCampus ClarkKerrCampus
MorrisonHall MorrisonHall
EllsworthParkingStru EllsworthParkingStru
NaturalResourcesLabo NaturalResourcesLabo
BerkeleyArtMuseumand BerkeleyArtMuseumand
Sebastians Sebastians
CheitHall CheitHall
LawrenceHallofScienc LawrenceHallofScienc
LawrenceBerkeleyNati LawrenceBerkeleyNati
McLaughlinHall McLaughlinHall
Library Library
LiKaShingCenter LiKaShingCenter
WellmanHall WellmanHall
CoryHall CoryHall
SatherTower SatherTower
ZellerbachHall ZellerbachHall
AHammock AHammock
UpperHearstParkingSt UpperHearstParkingSt
InvestigativeReporti InvestigativeReporti
LowerHearstParkingSt LowerHearstParkingSt
AcademicInnovationSt AcademicInnovationSt
ChancellorsEsplanade ChancellorsEsplanade
HenryHWheelerBrainIm HenryHWheelerBrainIm
UniversityHealthServ UniversityHealthServ
