LegendsAquaticCenter GolbousPlace ValleyLifeSciencesBu CampusSharedServices CITRIS LewisHall Unit3ResidentHall ClarkKerrCampus WheelerHall ObservatoryHill LeConteHall MoffittLibrary ClearyHall EllsworthParkingStru StarrEastAsianLibrar StrawberryCanyonRecr LawSchool NorthField SoutheastAsianStudie BlackwellHall SatherTower BlackwellHall SoutheastAsianStudie NorthField LawSchool StrawberryCanyonRecr StarrEastAsianLibrar EllsworthParkingStru ClearyHall MoffittLibrary LeConteHall ObservatoryHill WheelerHall ClarkKerrCampus Unit3ResidentHall LewisHall CITRIS CampusSharedServices ValleyLifeSciencesBu GolbousPlace LegendsAquaticCenter DurantHall MemorialGlade BancroftParkingStruc CNMAT1750ArchSt EucalyptusGrove SimpsonCenterforStud ZellerbachHall ChancellorsEsplanade NorthGateHall SodaHall BarrowsHall KroeberHall LevineFrickeSoftball CoryHall RecreationalSportsFa BarkerHall GoldmanField StudentUnion HesseHall BerkeleyArtMuseumand TanHall InvestigativeReporti IRLE SutardjaDaiHall FoothillResidenceHal SutardjaDaiHall IRLE InvestigativeReporti TanHall BerkeleyArtMuseumand HesseHall StudentUnion GoldmanField BarkerHall RecreationalSportsFa CoryHall LevineFrickeSoftball KroeberHall BarrowsHall SodaHall NorthGateHall ChancellorsEsplanade ZellerbachHall SimpsonCenterforStud EucalyptusGrove CNMAT1750ArchSt BancroftParkingStruc MemorialGlade DurantHall LegendsAquaticCenter
20
EllsworthParkingStru EllsworthParkingStru
DurantHall DurantHall
LawSchool LawSchool
CITRIS CITRIS
NorthField NorthField
InvestigativeReporti InvestigativeReporti
LevineFrickeSoftball LevineFrickeSoftball
LegendsAquaticCenter LegendsAquaticCenter
GolbousPlace GolbousPlace
LeConteHall LeConteHall
SodaHall SodaHall
ValleyLifeSciencesBu ValleyLifeSciencesBu
NorthGateHall NorthGateHall
LewisHall LewisHall
MemorialGlade MemorialGlade
SatherTower SatherTower
EucalyptusGrove EucalyptusGrove
StarrEastAsianLibrar StarrEastAsianLibrar
GoldmanField GoldmanField
SoutheastAsianStudie SoutheastAsianStudie
