McLaughlinHall MoffittLibrary RedwoodGroveBotanica MathematicalSciences DwinelleHall EucalyptusGrove KroeberHall VisitorCenter Unit1ResidentHall EtcheverryHall RecreationalSportsFa SouthHall WarrenHall UniversityHealthServ FoothillResidenceHal MelvinCalvinLaborato HearstGreekTheatre LowerHearstParkingSt GeneticsandPlantBiol SeniorHall EastAsianLibrary FacultyGlade WheelerHall KoretVisitorCenter StudentUnion WooHonFaiHall Stradda LowerSproulPlaza MagnesCollectionofJe LegendsAquaticCenter Unit3ResidentHall WomensFacultyClub EshlemanHall GiauqueHall NorthGateHall SpiekerAquaticsCompl Sebastians GianniniHall BoaltHall LevineFrickeSoftball AnnaHeadAlumnaeHall SimonHall CNMAT1750ArchSt McConeHall CampusSharedServices ClearyHall UnderhillParkingFaci ClearyHall CampusSharedServices McConeHall CNMAT1750ArchSt SimonHall AnnaHeadAlumnaeHall LevineFrickeSoftball BoaltHall GianniniHall Sebastians SpiekerAquaticsCompl NorthGateHall GiauqueHall EshlemanHall WomensFacultyClub Unit3ResidentHall LegendsAquaticCenter MagnesCollectionofJe LowerSproulPlaza Stradda WooHonFaiHall StudentUnion KoretVisitorCenter WheelerHall FacultyGlade EastAsianLibrary SeniorHall GeneticsandPlantBiol LowerHearstParkingSt HearstGreekTheatre MelvinCalvinLaborato FoothillResidenceHal UniversityHealthServ WarrenHall SouthHall RecreationalSportsFa EtcheverryHall Unit1ResidentHall VisitorCenter KroeberHall EucalyptusGrove DwinelleHall MathematicalSciences RedwoodGroveBotanica MoffittLibrary McLaughlinHall CareerCenter SummerSession PacificFilmArchiveBe DurantHall SamsPad OfficeofPublicAffair BotanicalGarden HasteStreetChildDeve CheitHall EnergyBiosciencesBui GrinnellNaturalArea EvansDiamond EastAsianStudiesInst HertzHall BancroftParkingStruc CaliforniaMemorialSt Library PublicAffairsOfficeo ResidentialStudentSe ZellerbachHall FallProgramforFreshm BerkeleyArtMuseumand AnthonyHall LifeSciencesAddition SimpsonCenterforStud BlackwellHall WitterRugbyField JonesChildStudyCente LatinAmericanStudies CrescentSpringerGate HargroveMusicLibrary ObservatoryHill InsectaryGreenhouse BancroftLibrary KoshlandHall StrawberryCanyonRecr WursterHall HavilandHall Romeos UCBerkeleyExtension GoldmanSchool OxfordResearchUnit OBrienHall StephensHall ManvilleHall StephensHall OBrienHall OxfordResearchUnit GoldmanSchool UCBerkeleyExtension Romeos HavilandHall WursterHall StrawberryCanyonRecr KoshlandHall BancroftLibrary InsectaryGreenhouse ObservatoryHill HargroveMusicLibrary CrescentSpringerGate LatinAmericanStudies JonesChildStudyCente WitterRugbyField BlackwellHall SimpsonCenterforStud LifeSciencesAddition AnthonyHall BerkeleyArtMuseumand FallProgramforFreshm ZellerbachHall ResidentialStudentSe PublicAffairsOfficeo Library CaliforniaMemorialSt BancroftParkingStruc HertzHall EastAsianStudiesInst EvansDiamond GrinnellNaturalArea EnergyBiosciencesBui CheitHall HasteStreetChildDeve BotanicalGarden OfficeofPublicAffair SamsPad DurantHall PacificFilmArchiveBe SummerSession CareerCenter McLaughlinHall
48
CNMAT1750ArchSt CNMAT1750ArchSt
EvansDiamond EvansDiamond
WitterRugbyField WitterRugbyField
RedwoodGroveBotanica RedwoodGroveBotanica
PublicAffairsOfficeo PublicAffairsOfficeo
HasteStreetChildDeve HasteStreetChildDeve
UCBerkeleyExtension UCBerkeleyExtension
GrinnellNaturalArea GrinnellNaturalArea
SeniorHall SeniorHall
EastAsianStudiesInst EastAsianStudiesInst
AnnaHeadAlumnaeHall AnnaHeadAlumnaeHall
Unit3ResidentHall Unit3ResidentHall
DurantHall DurantHall
BancroftParkingStruc BancroftParkingStruc
FacultyGlade FacultyGlade
CampusSharedServices CampusSharedServices
SamsPad SamsPad
RecreationalSportsFa RecreationalSportsFa
StrawberryCanyonRecr StrawberryCanyonRecr
EshlemanHall EshlemanHall
JonesChildStudyCente JonesChildStudyCente
InsectaryGreenhouse InsectaryGreenhouse
WarrenHall WarrenHall
MoffittLibrary MoffittLibrary
EtcheverryHall EtcheverryHall
CareerCenter CareerCenter
StephensHall StephensHall
MathematicalSciences MathematicalSciences
ZellerbachHall ZellerbachHall
HertzHall HertzHall
McLaughlinHall McLaughlinHall
EnergyBiosciencesBui EnergyBiosciencesBui
VisitorCenter VisitorCenter
BerkeleyArtMuseumand BerkeleyArtMuseumand
BotanicalGarden BotanicalGarden
SimpsonCenterforStud SimpsonCenterforStud
MagnesCollectionofJe MagnesCollectionofJe
KroeberHall KroeberHall
ResidentialStudentSe ResidentialStudentSe
GiauqueHall GiauqueHall
Library Library
LegendsAquaticCenter LegendsAquaticCenter
Romeos Romeos
LevineFrickeSoftball LevineFrickeSoftball
SpiekerAquaticsCompl SpiekerAquaticsCompl
GoldmanSchool GoldmanSchool
GianniniHall GianniniHall
WomensFacultyClub WomensFacultyClub
