a c ge ga eo fs fi fu fm er dy fe ev dx eu eh fj dj dc dp ez fz dd gh ec dg fk ff el gi en dn fg ew fa fh do ck ch cc ca bz bv bt bq bn bl bi bk bh bf be ba ay as aq an al ao aj ak ah af gb gk fl gm ei gr ea et go et ea gr ei gm fl gk gb af ah ak aj ao al an aq as ay ba be bf bh bk bi bl bn bq bt bv bz ca cc ch ck do fh fa ew fg dn en gi el ff fk dg ec gh dd fz ez dp dc dj fj eh eu dx ev fe dy er fm fu fi fs eo ga ge c a b e d f h j k l n q s u x aa z ac ct ed ex cv dw dl ee ek co cj cp cm cu dq di dm cx dr cr gj dv fp da fy cs fw dt gg de cq dh cz cw cy df fr es fo fb eq ds db gn cn eb dk dz eg g i m o p r t w v y ab ae ad ag ai am ap ar at au av ax aw az bb bd bc bg bj bm bp bo br bs bu bw bx by cb ce cd cf cg ci cl fx fv fd gd ep gl fn gf ft gp ej gc fc ey em ef fq du gq du fq ef em ey fc gc ej gp ft gf fn gl ep gd fd fv fx cl ci cg cf cd ce cb by bx bw bu bs br bo bp bm bj bg bc bd bb az aw ax av au at ar ap am ai ag ad ae ab y v w t r p o m i g eg dz dk eb cn gn db ds eq fb fo es fr df cy cw cz dh cq de gg dt fw cs fy da fp dv gj cr dr cx dm di dq cu cm cp cj co ek ee dl dw cv ex ed ct ac z aa x u s q n l k j h f d e b a
100
aj aj
fl fl
et et
aw aw
ci ci
fy fy
fn fn
w w
ec ec
eu eu
ae ae
ey ey
cv cv
ep ep
aa aa
de de
em em
m m
bl bl
gn gn
dq dq
az az
ex ex
u u
en en
df df
ee ee
dm dm
y y
du du
dt dt
ff ff
cl cl
e e
bi bi
fb fb
dx dx
bd bd
ct ct
bc bc
ga ga
eq eq
eg eg
dg dg
p p
ag ag
bm bm
gl gl
b b
ck ck
fh fh
ap ap
fa fa
cs cs
fz fz
l l
do do
cu cu
fv fv
ev ev
ar ar
er er
ea ea
a a
fd fd
t t
h h
fr fr
ew ew
c c
cq cq
ak ak
al al
fg fg
j j
fu fu
gp gp
bv bv
gh gh
dn dn
o o
ah ah
dj dj
gb gb
br br
cd cd
k k
gm gm
ch ch
fs fs
by by
bf bf
ed ed
an an
cp cp
cb cb
bz bz
ab ab
bb bb
dv dv
