a as j l m o p r s t x aa ad ag ah aj am al ao ck cl co cg bc ay au bp bh ba ct bx ct ba bh bp au ay bc cg co cl ck ao al am aj ah ag ad aa x t s r p o m l j as a f e g i n q v u w y z ac ab ae af ai ak an ap aq bu bg ch be av bt br bs bb cd ce cn bw bm b d bk bl bi bq at cv bo ax cp cc cr bj cb ci bz cj bv bf bn cq ca c h k bd cs aw az ar cu by cm cf cm by cu ar az aw cs bd k h c ca cq bn bf bv cj bz ci cb bj cr cc cp ax bo cv at bq bi bl bk d b bm bw cn ce cd bb bs br bt av be ch bg bu aq ap an ak ai af ae ab ac z y w u v q n i g e f a
50
by by
ch ch
bs bs
i i
y y
bi bi
q q
ce ce
bt bt
f f
cn cn
cj cj
bk bk
ai ai
o o
cg cg
am am
bm bm
cb cb
bg bg
aa aa
z z
w w
ba ba
x x
bu bu
bd bd
ar ar
ap ap
aq aq
a a
d d
m m
t t
n n
j j
p p
bq bq
bl bl
bp bp
be be
bx bx
al al
cp cp
aw aw
cr cr
cm cm
bw bw
ae ae
av av
