Fizz Earthshaker Anivia Katarina Nidalee Kennen Vladimir Rubick Azir Heimerdinger Viktor Nasus Lina Janna JarvanIV Nami Kayn Irelia Ryze Corki Ivern SpiritBreaker Doom Tryndamere Rumble Phoenix Venomancer KogMaw Leshrac Quinn NightStalker ChaosKnight Taric Beastmaster Aatrox Bard Vi Malphite Gragas Urgot ShadowShaman Meepo Twitch Silencer Tidehunter Akali Dazzle Mirana Wukong Camille Bloodseeker Clockwerk Nocturne Windranger Nocturne Clockwerk Bloodseeker Camille Wukong Mirana Dazzle Akali Tidehunter Silencer Twitch Meepo ShadowShaman Urgot Gragas Malphite Vi Bard Aatrox Beastmaster Taric ChaosKnight NightStalker Quinn Leshrac KogMaw Venomancer Phoenix Rumble Tryndamere Doom SpiritBreaker Ivern Corki Ryze Irelia Kayn Nami JarvanIV Janna Lina Nasus Viktor Heimerdinger Azir Rubick Vladimir Kennen Nidalee Katarina Anivia Earthshaker Fizz DarkSeer Lulu Jakiro Poppy Tiny Pudge Enigma TwistedFate Sivir ArcWarden Rammus Zilean Techies Elise Xerath TrollWarlord TahmKench Hecarim Volibear Kindred EmberSpirit Lifestealer Brewmaster Timbersaw DeathProphet Pantheon Sven Slardar AncientApparition Singed Shen Rengar Teemo WitchDoctor ShadowDemon CentaurWarrunner Magnus DragonKnight Vayne Kled Orianna Bane Huskar Warlock Undying Ahri Swain Kassadin KhaZix ChoGath FacelessVoid Thresh Jayce Karma Illaoi Yorick Slark Trundle Leona Brand Oracle Sniper CrystalMaiden Ekko Zeus Tusk DrowRanger Sona PhantomAssassin Ezreal Necrophos Talon Terrorblade Malzahar Xayah Tailyah VelKoz Fiddlesticks BountyHunter Amumu StormSpirit Io Spectre EarthSpirit Pugna Riki DrMundo Annie LoneDruid Medusa Morgana Visage MasterYi Gyrocopter Morphling Alistar LeBlanc ShadowFiend QueenofPain Alchemist Weaver Udyr Invoker Clinkz Lich Zed Soraka WinterWyvern Omniknight Evelynn Puck Tristana Darius Ziggs TreantProtector Ashe Maokai Chen Lucian Cassiopeia Jinx Nunu Razor Syndra OutworldDevourer Draven Nautilus Veigar NaturesProphet Fiora SkywrathMage Galio SkywrathMage Fiora NaturesProphet Veigar Nautilus Draven OutworldDevourer Syndra Razor Nunu Jinx Cassiopeia Lucian Chen Maokai Ashe TreantProtector Ziggs Darius Tristana Puck Evelynn Omniknight WinterWyvern Soraka Zed Lich Clinkz Invoker Udyr Weaver Alchemist QueenofPain ShadowFiend LeBlanc Alistar Morphling Gyrocopter MasterYi Visage Morgana Medusa LoneDruid Annie DrMundo Riki Pugna EarthSpirit Spectre Io StormSpirit Amumu BountyHunter Fiddlesticks VelKoz Tailyah Xayah Malzahar Terrorblade Talon Necrophos Ezreal PhantomAssassin Sona DrowRanger Tusk Zeus Ekko CrystalMaiden Sniper Oracle Brand Leona Trundle Slark Yorick Illaoi Karma Jayce Thresh FacelessVoid ChoGath KhaZix Kassadin Swain Ahri Undying Warlock Huskar Bane Orianna Kled Vayne DragonKnight Magnus CentaurWarrunner ShadowDemon WitchDoctor Teemo Rengar Shen Singed AncientApparition Slardar Sven Pantheon DeathProphet Timbersaw Brewmaster Lifestealer EmberSpirit Kindred Volibear Hecarim TahmKench TrollWarlord Xerath Elise Techies Zilean Rammus ArcWarden Sivir TwistedFate Enigma Pudge Tiny Poppy Jakiro Lulu DarkSeer Fizz
89
Thresh Thresh
Heimerdinger Heimerdinger
Huskar Huskar
Sven Sven
Nasus Nasus
Medusa Medusa
Tiny Tiny
Katarina Katarina
Terrorblade Terrorblade
KhaZix KhaZix
Slardar Slardar
Kassadin Kassadin
Gragas Gragas
Kennen Kennen
CentaurWarrunner CentaurWarrunner
Sniper Sniper
WinterWyvern WinterWyvern
Nidalee Nidalee
NightStalker NightStalker
Annie Annie
Singed Singed
Quinn Quinn
Ekko Ekko
Venomancer Venomancer
Karma Karma
Omniknight Omniknight
StormSpirit StormSpirit
BountyHunter BountyHunter
Warlock Warlock
Weaver Weaver
ShadowFiend ShadowFiend
DeathProphet DeathProphet
Fiddlesticks Fiddlesticks
Janna Janna
Undying Undying
Rengar Rengar
Fizz Fizz
Magnus Magnus
Visage Visage
TrollWarlord TrollWarlord
Kled Kled
Jinx Jinx
Syndra Syndra
Sona Sona
Azir Azir
LoneDruid LoneDruid
Zed Zed
Rubick Rubick
Morphling Morphling
Irelia Irelia
Techies Techies
Beastmaster Beastmaster
FacelessVoid FacelessVoid
VelKoz VelKoz
LeBlanc LeBlanc
Amumu Amumu
Pantheon Pantheon
ShadowDemon ShadowDemon
Puck Puck
SpiritBreaker SpiritBreaker
Bane Bane
Yorick Yorick
Vladimir Vladimir
Ryze Ryze
Mirana Mirana
Slark Slark
Orianna Orianna
Trundle Trundle
JarvanIV JarvanIV
Timbersaw Timbersaw
Jayce Jayce
Ziggs Ziggs
Tristana Tristana
Xayah Xayah
Cassiopeia Cassiopeia
Chen Chen
Viktor Viktor
Leona Leona
Oracle Oracle
Lucian Lucian
Vi Vi
Nunu Nunu
Brewmaster Brewmaster
ShadowShaman ShadowShaman
Talon Talon
Rumble Rumble
Zilean Zilean
TahmKench TahmKench
Kayn Kayn
