Zeus EarthSpirit Mirana Sion Sven TreantProtector Lycan Yorick Lycan TreantProtector Sven Sion Mirana EarthSpirit Zeus Bloodseeker Lulu Xayah Timbersaw Braum EmberSpirit Blitzcrank Jax Nocturne Axe Sona Olaf Rammus Kled Renekton Slardar Tidehunter Gragas Shen ElderTitan Skarner Juggernaut Visage Leshrac Enchantress Syndra Katarina Twitch AncientApparition Nidalee Tinker Dazzle Tinker Nidalee AncientApparition Twitch Katarina Syndra Enchantress Leshrac Visage Juggernaut Skarner ElderTitan Shen Gragas Tidehunter Slardar Renekton Kled Rammus Olaf Sona Axe Nocturne Jax Blitzcrank EmberSpirit Braum Timbersaw Xayah Lulu Bloodseeker Zeus
20
EmberSpirit EmberSpirit
Leshrac Leshrac
Slardar Slardar
Dazzle Dazzle
TreantProtector TreantProtector
Braum Braum
Zeus Zeus
Bloodseeker Bloodseeker
Sven Sven
Renekton Renekton
Axe Axe
ElderTitan ElderTitan
Nocturne Nocturne
Twitch Twitch
Syndra Syndra
Lycan Lycan
Blitzcrank Blitzcrank
Xayah Xayah
Lulu Lulu
Shen Shen
