Pantheon Ahri ArcWarden Omniknight Razor Axe Slark Sejuani NaturesProphet BountyHunter LegionCommander Rammus Chen Kennen Nunu Ezreal SandKing Fiddlesticks Rumble SpiritBreaker ChaosKnight Lich Ekko KogMaw CrystalMaiden Xerath Skarner Bard Visage Bard Skarner Xerath CrystalMaiden KogMaw Ekko Lich ChaosKnight SpiritBreaker Rumble Fiddlesticks SandKing Ezreal Nunu Kennen Chen Rammus LegionCommander BountyHunter NaturesProphet Sejuani Slark Axe Razor Omniknight ArcWarden Ahri Pantheon Spectre Kayn RekSai MasterYi Disruptor Anivia Tiny Zilean Viper ElderTitan Graves Riven Kled Jhin Swain Braum Galio Phoenix Jax WraithKing OutworldDevourer Jinx Draven Lux Renekton Magnus Windranger Lucian Ursa TrollWarlord Bane Cassiopeia Talon NightStalker Broodmother Undying Morgana CentaurWarrunner Ziggs Akali Heimerdinger VelKoz XinZhao Kalista Jayce Shyvana Ashe Oracle Tailyah Bristleback Maokai Nautilus LoneDruid Weaver Thresh Sona Malphite SkywrathMage Shen SkywrathMage Malphite Sona Thresh Weaver LoneDruid Nautilus Maokai Bristleback Tailyah Oracle Ashe Shyvana Jayce Kalista XinZhao VelKoz Heimerdinger Akali Ziggs CentaurWarrunner Morgana Undying Broodmother NightStalker Talon Cassiopeia Bane TrollWarlord Ursa Lucian Windranger Magnus Renekton Lux Draven Jinx OutworldDevourer WraithKing Jax Phoenix Galio Braum Swain Jhin Kled Riven Graves ElderTitan Viper Zilean Tiny Anivia Disruptor MasterYi RekSai Kayn Spectre Pantheon
48
Jinx Jinx
Nunu Nunu
Akali Akali
Spectre Spectre
Anivia Anivia
CrystalMaiden CrystalMaiden
CentaurWarrunner CentaurWarrunner
Oracle Oracle
Xerath Xerath
Jayce Jayce
Disruptor Disruptor
Lux Lux
Jhin Jhin
BountyHunter BountyHunter
Malphite Malphite
Tiny Tiny
Draven Draven
Rumble Rumble
LoneDruid LoneDruid
NightStalker NightStalker
Ezreal Ezreal
Tailyah Tailyah
KogMaw KogMaw
Ziggs Ziggs
Talon Talon
Morgana Morgana
Skarner Skarner
Magnus Magnus
Jax Jax
Lich Lich
Heimerdinger Heimerdinger
Ashe Ashe
ChaosKnight ChaosKnight
Kled Kled
MasterYi MasterYi
Bard Bard
ArcWarden ArcWarden
SpiritBreaker SpiritBreaker
Bristleback Bristleback
Maokai Maokai
Slark Slark
Phoenix Phoenix
TrollWarlord TrollWarlord
WraithKing WraithKing
Ahri Ahri
Galio Galio
Shyvana Shyvana
Lucian Lucian
