6 5 9 22 29 25 27 21 20 24 28 26 23 46 43 49 48 44 41 45 40 42 47 56 61 65 64 60 66 67 69 63 62 68 85 83 89 80 82 88 84 81 87 86 87 81 84 88 82 80 89 83 85 68 62 63 69 67 66 60 64 65 61 56 47 42 40 45 41 44 48 49 43 46 23 26 28 24 20 21 27 25 29 22 9 5 6 3 1 4 0 8 7 2 17 11 15 13 14 16 19 12 10 18 36 38 32 33 30 31 37 35 34 39 52 54 50 53 57 58 55 51 59 76 75 77 70 72 79 71 73 74 78 93 96 92 91 90 95 97 98 94 99 94 98 97 95 90 91 92 96 93 78 74 73 71 79 72 70 77 75 76 59 51 55 58 57 53 50 54 52 39 34 35 37 31 30 33 32 38 36 18 10 12 19 16 14 13 15 11 17 2 7 8 0 4 1 3 6
44
8 8
4 4
1 1
7 7
0 0
10 10
15 15
18 18
19 19
14 14
23 23
20 20
21 21
26 26
39 39
36 36
31 31
38 38
46 46
41 41
40 40
48 48
50 50
57 57
51 51
59 59
62 62
63 63
65 65
69 69
60 60
77 77
78 78
75 75
79 79
74 74
87 87
88 88
85 85
81 81
97 97
90 90
98 98
95 95
