6 3 1 4 0 8 7 2 17 11 15 13 14 16 19 12 10 18 36 38 32 33 30 31 37 35 34 39 52 54 50 53 57 58 55 51 59 76 75 77 70 72 79 71 73 74 78 93 96 92 91 90 95 97 98 94 99 108 122 125 131 137 138 132 144 149 147 140 141 145 142 148 143 146 163 166 165 161 167 160 162 164 168 169 182 184 181 187 188 185 186 180 189 183 189 180 186 185 188 187 181 184 182 169 168 164 162 160 167 161 165 166 163 146 143 148 142 145 141 140 147 149 144 132 138 137 131 125 122 108 99 94 98 97 95 90 91 92 96 93 78 74 73 71 79 72 70 77 75 76 59 51 55 58 57 53 50 54 52 39 34 35 37 31 30 33 32 38 36 18 10 12 19 16 14 13 15 11 17 2 7 8 0 4 1 3 6 5 9 22 29 25 27 21 20 24 28 26 23 46 43 49 48 44 41 45 40 42 47 56 61 65 64 60 66 67 69 63 62 68 85 83 89 80 82 88 84 81 87 86 103 105 101 102 107 100 109 106 104 116 117 110 119 113 111 114 112 115 118 127 120 121 128 129 123 126 124 133 135 134 139 130 136 154 153 150 158 159 152 155 156 151 157 175 171 170 176 172 177 173 179 174 178 193 195 192 190 191 196 199 198 197 194 197 198 199 196 191 190 192 195 193 178 174 179 173 177 172 176 170 171 175 157 151 156 155 152 159 158 150 153 154 136 130 139 134 135 133 124 126 123 129 128 121 120 127 118 115 112 114 111 113 119 110 117 116 104 106 109 100 107 102 101 105 103 86 87 81 84 88 82 80 89 83 85 68 62 63 69 67 66 60 64 65 61 56 47 42 40 45 41 44 48 49 43 46 23 26 28 24 20 21 27 25 29 22 9 5 6
92
8 8
4 4
1 1
7 7
0 0
10 10
15 15
18 18
19 19
14 14
23 23
20 20
21 21
26 26
39 39
36 36
31 31
38 38
46 46
41 41
40 40
48 48
50 50
57 57
51 51
59 59
62 62
63 63
65 65
69 69
60 60
77 77
78 78
75 75
79 79
74 74
87 87
88 88
85 85
81 81
97 97
90 90
98 98
95 95
106 106
109 109
105 105
101 101
107 107
112 112
118 118
113 113
115 115
114 114
120 120
126 126
125 125
129 129
128 128
137 137
139 139
132 132
130 130
134 134
148 148
146 146
145 145
149 149
144 144
153 153
150 150
152 152
157 157
167 167
164 164
163 163
166 166
176 176
170 170
178 178
177 177
179 179
182 182
181 181
186 186
187 187
185 185
191 191
194 194
198 198
190 190
196 196
