5 3 2 1 0 4 16 12 13 14 15 17 23 21 20 19 18 22 40 36 37 38 39 41 47 45 44 43 42 46 64 60 61 62 63 65 71 69 68 67 66 70 88 84 85 86 87 89 95 93 92 91 90 94 112 108 109 110 111 113 119 117 116 115 114 118 136 132 133 134 135 137 143 141 140 139 138 142 160 156 157 158 159 161 167 165 164 163 162 166 162 163 164 165 167 161 159 158 157 156 160 142 138 139 140 141 143 137 135 134 133 132 136 118 114 115 116 117 119 113 111 110 109 108 112 94 90 91 92 93 95 89 87 86 85 84 88 70 66 67 68 69 71 65 63 62 61 60 64 46 42 43 44 45 47 41 39 38 37 36 40 22 18 19 20 21 23 17 15 14 13 12 16 4 0 1 2 3 5 11 9 8 7 6 10 28 24 25 26 27 29 35 33 32 31 30 34 52 48 49 50 51 53 59 57 56 55 54 58 76 72 73 74 75 77 83 81 80 79 78 82 100 96 97 98 99 101 107 105 104 103 102 106 124 120 121 122 123 125 131 129 128 127 126 130 148 144 145 146 147 149 155 153 152 151 150 154 172 168 169 170 171 173 179 177 176 175 174 178 174 175 176 177 179 173 171 170 169 168 172 154 150 151 152 153 155 149 147 146 145 144 148 130 126 127 128 129 131 125 123 122 121 120 124 106 102 103 104 105 107 101 99 98 97 96 100 82 78 79 80 81 83 77 75 74 73 72 76 58 54 55 56 57 59 53 51 50 49 48 52 34 30 31 32 33 35 29 27 26 25 24 28 10 6 7 8 9 11 5
90
0 0
1 1
2 2
3 3
4 4
6 6
7 7
8 8
9 9
10 10
12 12
13 13
14 14
15 15
16 16
18 18
19 19
20 20
21 21
22 22
24 24
25 25
26 26
27 27
28 28
30 30
31 31
32 32
33 33
34 34
36 36
37 37
38 38
39 39
40 40
42 42
43 43
44 44
45 45
46 46
48 48
49 49
50 50
51 51
52 52
54 54
55 55
56 56
57 57
58 58
60 60
61 61
62 62
63 63
64 64
66 66
67 67
68 68
69 69
70 70
72 72
73 73
74 74
75 75
76 76
78 78
79 79
80 80
81 81
82 82
84 84
85 85
86 86
87 87
88 88
90 90
91 91
92 92
93 93
94 94
96 96
97 97
98 98
99 99
100 100
102 102
103 103
104 104
105 105
106 106
