0 11 1 17 19 2 21 23 25 27 29 3 31 33 35 37 4 39 41 43 45 47 5 50 52 54 56 6 57 59 61 63 65 67 7 68 70 72 74 75 76 77 78 80 82 85 87 89 87 85 82 80 78 77 76 75 74 72 70 68 7 67 65 63 61 59 57 6 56 54 52 50 5 47 45 43 41 39 4 37 35 33 31 3 29 27 25 23 21 2 19 17 1 11 0 10 12 13 14 15 16 18 20 22 24 26 28 30 32 34 36 38 40 42 44 46 48 49 51 53 55 58 60 62 64 66 69 71 73 8 79 81 83 9 84 86 88 90 88 86 84 9 83 81 79 8 73 71 69 66 64 62 60 58 55 53 51 49 48 46 44 42 40 38 36 34 32 30 28 26 24 22 20 18 16 15 14 13 12 10 0
49
11 11
15 15
10 10
17 17
21 21
25 25
18 18
22 22
26 26
32 32
29 29
27 27
39 39
36 36
41 41
40 40
43 43
49 49
48 48
44 44
50 50
57 57
54 54
55 55
59 59
64 64
61 61
63 63
70 70
68 68
71 71
73 73
80 80
77 77
76 76
79 79
87 87
89 89
82 82
83 83
1 1
2 2
3 3
4 4
5 5
6 6
7 7
8 8
9 9
