0 4 3 147 141 149 148 2 90 83 84 80 82 81 86 91 88 95 93 87 118 40 48 47 51 53 54 56 57 61 60 65 66 63 71 68 64 59 55 58 50 5 6 7 76 75 69 74 73 77 78 85 28 22 139 137 140 145 146 62 67 70 72 79 41 34 37 43 35 39 36 31 33 27 23 16 21 15 13 11 10 8 9 14 18 19 12 17 25 24 20 26 32 29 30 49 42 46 44 52 45 38 1 108 111 117 121 123 119 126 124 120 122 115 125 129 128 132 133 131 135 138 136 134 130 127 142 112 107 99 100 105 102 104 97 89 94 92 144 101 96 98 103 110 109 106 113 114 116 114 113 106 109 110 103 98 96 101 144 92 94 89 97 104 102 105 100 99 107 112 142 127 130 134 136 138 135 131 133 132 128 129 125 115 122 120 124 126 119 123 121 117 111 108 1 38 45 52 44 46 42 49 30 29 32 26 20 24 25 17 12 19 18 14 9 8 10 11 13 15 21 16 23 27 33 31 36 39 35 43 37 34 41 79 72 70 67 62 146 145 140 137 139 22 28 85 78 77 73 74 69 75 76 7 6 5 50 58 55 59 64 68 71 63 66 65 60 61 57 56 54 53 51 47 48 40 118 87 93 95 88 91 86 81 82 80 84 83 90 2 148 149 141 147 3 4 0 143 0
100
73 73
18 18
118 118
78 78
76 76
31 31
64 64
141 141
68 68
82 82
110 110
12 12
36 36
9 9
19 19
56 56
104 104
69 69
55 55
132 132
29 29
127 127
26 26
128 128
131 131
145 145
108 108
143 143
45 45
30 30
22 22
15 15
65 65
11 11
42 42
146 146
51 51
27 27
4 4
32 32
142 142
85 85
86 86
16 16
10 10
81 81
133 133
137 137
75 75
109 109
96 96
105 105
66 66
0 0
122 122
67 67
28 28
40 40
44 44
60 60
123 123
24 24
25 25
23 23
94 94
39 39
95 95
117 117
47 47
97 97
113 113
33 33
138 138
101 101
62 62
84 84
148 148
53 53
5 5
93 93
111 111
49 49
35 35
80 80
77 77
34 34
114 114
7 7
43 43
70 70
98 98
120 120
83 83
134 134
135 135
89 89
8 8
13 13
119 119
125 125
