1 100 25 66 79 69 75 94 30 43 44 78 17 89 51 68 76 99 98 54 26 38 56 33 52 45 16 18 40 86 34 80 11 50 5 19 36 29 91 53 84 58 3 13 55 92 46 64 22 37 27 28 96 63 47 42 24 49 32 81 74 8 87 10 90 12 67 20 59 97 60 57 21 2 61 71 9 39 14 23 72 83 15 35 62 95 93 73 41 82 31 88 4 7 6 85 48 85 6 7 4 88 31 82 41 73 93 95 62 35 15 83 72 23 14 39 9 71 61 2 21 57 60 97 59 20 67 12 90 10 87 8 74 81 32 49 24 42 47 63 96 28 27 37 22 64 46 92 55 13 3 58 84 53 91 29 36 19 5 50 11 80 34 86 40 18 16 45 52 33 56 38 26 54 98 99 76 68 51 89 17 78 44 43 30 94 75 69 79 66 25 100 1 77 70 65 70 77 1
50
68 68
5 5
58 58
1 1
41 41
14 14
61 61
39 39
71 71
2 2
99 99
33 33
85 85
77 77
19 19
7 7
49 49
42 42
40 40
87 87
35 35
82 82
72 72
73 73
26 26
9 9
64 64
17 17
63 63
16 16
62 62
53 53
3 3
100 100
6 6
76 76
29 29
55 55
8 8
90 90
67 67
21 21
94 94
50 50
28 28
83 83
81 81
12 12
91 91
45 45
