1 75 48 193 30 61 133 40 141 99 24 192 25 168 144 108 110 146 31 149 184 124 80 16 130 177 18 65 176 179 53 100 164 83 36 199 185 190 170 152 26 51 11 3 19 151 138 47 55 147 90 191 181 68 94 114 5 96 143 79 171 8 134 29 187 50 81 82 23 155 27 160 95 198 41 182 39 77 14 33 115 183 86 121 56 49 158 59 194 13 105 85 117 156 128 76 109 196 118 10 122 38 32 92 163 172 150 46 35 145 111 2 74 123 142 12 139 91 166 101 63 71 28 175 15 93 45 157 174 52 178 58 62 189 165 6 159 34 72 60 180 37 102 78 113 131 9 43 200 17 87 127 70 22 104 69 84 161 97 112 21 167 57 120 73 66 44 66 73 120 57 167 21 112 97 161 84 69 104 22 70 127 87 17 200 43 9 131 113 78 102 37 180 60 72 34 159 6 165 189 62 58 178 52 174 157 45 93 15 175 28 71 63 101 166 91 139 12 142 123 74 2 111 145 35 46 150 172 163 92 32 38 122 10 118 196 109 76 128 156 117 85 105 13 194 59 158 49 56 121 86 183 115 33 14 77 39 182 41 198 95 160 27 155 23 82 81 50 187 29 134 8 171 79 143 96 5 114 94 68 181 191 90 147 55 47 138 151 19 3 11 51 26 152 170 190 185 199 36 83 164 100 53 179 176 65 18 177 130 16 80 124 184 149 31 146 110 108 144 168 25 192 24 99 141 40 133 61 30 193 48 75 1 54 116 64 103 126 98 125 4 186 173 140 162 136 89 169 154 137 148 42 132 88 119 20 135 197 106 129 7 107 195 67 188 153 188 67 195 107 7 129 106 197 135 20 119 88 132 42 148 137 154 169 89 136 162 140 173 186 4 125 98 126 103 64 116 54 1
100
151 151
119 119
2 2
74 74
147 147
112 112
16 16
160 160
59 59
163 163
140 140
57 57
12 12
53 53
143 143
27 27
36 36
182 182
97 97
95 95
192 192
7 7
78 78
126 126
29 29
32 32
129 129
139 139
42 42
127 127
13 13
183 183
167 167
70 70
181 181
14 14
186 186
89 89
153 153
45 45
142 142
87 87
184 184
60 60
123 123
170 170
76 76
118 118
21 21
165 165
68 68
108 108
11 11
114 114
17 17
3 3
197 197
100 100
6 6
52 52
149 149
132 132
35 35
79 79
176 176
137 137
40 40
180 180
9 9
64 64
161 161
117 117
20 20
67 67
164 164
25 25
122 122
28 28
120 120
172 172
99 99
121 121
93 93
190 190
77 77
44 44
65 65
159 159
148 148
116 116
94 94
191 191
92 92
91 91
188 188
34 34
131 131
81 81
178 178
155 155
