187 156 86 103 141 51 59 37 42 29 153 88 151 94 4 109 131 133 122 71 22 5 23 46 126 96 180 85 146 69 1 171 31 9 0 26 114 79 44 134 154 89 54 55 76 14 21 108 135 147 106 152 2 30 43 186 41 93 17 105 90 192 97 192 90 105 17 93 41 186 43 30 2 152 106 147 135 108 21 14 76 55 54 89 154 134 44 79 114 26 0 9 31 171 1 69 146 85 180 96 126 46 23 5 22 71 122 133 131 109 4 94 151 88 153 29 42 37 59 51 141 103 86 156 187 158 48 112 3 27 10 63 195 199 70 45 32 185 162 68 7 38 145 179 36 87 164 78 155 84 40 62 72 173 166 104 113 11 188 191 136 178 161 49 77 107 190 169 143 12 25 6 149 132 111 163 20 176 159 157 83 33 130 139 198 182 80 189 193 74 129 160 39 167 194 165 137 16 56 35 53 19 168 82 123 15 184 116 148 150 81 127 28 57 115 101 92 60 24 197 34 61 170 117 73 174 64 95 58 140 65 183 100 181 124 128 75 102 175 142 50 138 121 18 67 99 196 120 118 13 47 110 125 91 8 66 98 172 177 52 144 119 144 52 177 172 98 66 8 91 125 110 47 13 118 120 196 99 67 18 121 138 50 142 175 102 75 128 124 181 100 183 65 140 58 95 64 174 73 117 170 61 34 197 24 60 92 101 115 57 28 127 81 150 148 116 184 15 123 82 168 19 53 35 56 16 137 165 194 167 39 160 129 74 193 189 80 182 198 139 130 33 83 157 159 176 20 163 111 132 149 6 25 12 143 169 190 107 77 49 161 178 136 191 188 11 113 104 166 173 72 62 40 84 155 78 164 87 36 179 145 38 7 68 162 185 32 45 70 199 195 63 10 27 3 112 48 158 187
100
63 63
111 111
82 82
152 152
133 133
33 33
119 119
191 191
173 173
175 175
163 163
13 13
181 181
90 90
142 142
6 6
110 110
148 148
109 109
132 132
30 30
117 117
165 165
41 41
69 69
128 128
157 157
150 150
54 54
9 9
23 23
169 169
12 12
162 162
2 2
80 80
107 107
190 190
146 146
78 78
153 153
134 134
161 161
67 67
120 120
183 183
55 55
176 176
184 184
93 93
164 164
136 136
48 48
140 140
8 8
72 72
95 95
94 94
171 171
92 92
36 36
18 18
89 89
87 87
160 160
180 180
53 53
97 97
52 52
114 114
172 172
15 15
68 68
47 47
127 127
71 71
65 65
73 73
126 126
58 58
83 83
39 39
70 70
32 32
108 108
79 79
199 199
196 196
154 154
124 124
59 59
29 29
45 45
86 86
156 156
131 131
7 7
44 44
42 42
166 166
