16 33 63 25 79 43 67 55 40 21 40 55 67 43 79 25 63 33 16 39 78 75 92 19 85 7 6 27 14 22 36 89 91 70 13 30 42 97 1 5 45 3 46 74 68 24 34 49 10 95 28 54 60 88 47 35 80 15 56 48 23 61 4 64 58 17 29 50 8 18 32 77 2 76 41 51 71 44 69 81 82 62 11 20 87 66 93 72 31 12 0 38 86 99 98 90 83 73 9 52 57 84 96 26 65 37 59 94 53 94 59 37 65 26 96 84 57 52 9 73 83 90 98 99 86 38 0 12 31 72 93 66 87 20 11 62 82 81 69 44 71 51 41 76 2 77 32 18 8 50 29 17 58 64 4 61 23 48 56 15 80 35 47 88 60 54 28 95 10 49 34 24 68 74 46 3 45 5 1 97 42 30 13 70 91 89 36 22 14 27 6 7 85 19 92 75 78 39 16
50
86 86
93 93
75 75
90 90
31 31
51 51
7 7
23 23
33 33
35 35
94 94
17 17
60 60
92 92
84 84
37 37
29 29
58 58
0 0
96 96
5 5
18 18
19 19
82 82
88 88
62 62
68 68
40 40
50 50
80 80
36 36
11 11
74 74
21 21
61 61
6 6
53 53
25 25
3 3
55 55
44 44
20 20
65 65
83 83
85 85
81 81
52 52
39 39
77 77
15 15
