0 18 85 100 163 52 127 157 164 126 63 192 43 135 23 135 43 192 63 126 164 157 127 52 163 100 85 18 0 194 21 25 78 199 29 59 151 152 103 149 37 19 22 49 20 80 12 98 137 150 39 38 35 143 196 42 125 182 141 4 124 115 88 102 145 89 47 142 9 119 41 132 15 32 176 76 123 108 67 104 101 11 86 81 57 51 69 92 197 175 107 14 72 6 68 154 84 156 144 24 73 58 91 155 122 70 109 94 26 3 83 172 31 129 133 159 166 7 54 174 120 53 61 121 36 179 33 171 17 191 183 77 95 167 185 62 13 188 189 187 82 40 8 96 186 181 117 97 169 56 46 5 134 146 190 48 16 113 178 90 112 60 106 105 180 28 10 170 114 173 162 2 168 139 161 44 66 45 116 64 158 136 193 93 165 111 147 99 140 34 79 110 130 198 65 128 75 55 177 195 50 148 160 118 27 74 138 1 184 153 71 87 131 30 131 87 71 153 184 1 138 74 27 118 160 148 50 195 177 55 75 128 65 198 130 110 79 34 140 99 147 111 165 93 193 136 158 64 116 45 66 44 161 139 168 2 162 173 114 170 10 28 180 105 106 60 112 90 178 113 16 48 190 146 134 5 46 56 169 97 117 181 186 96 8 40 82 187 189 188 13 62 185 167 95 77 183 191 17 171 33 179 36 121 61 53 120 174 54 7 166 159 133 129 31 172 83 3 26 94 109 70 122 155 91 58 73 24 144 156 84 154 68 6 72 14 107 175 197 92 69 51 57 81 86 11 101 104 67 108 123 76 176 32 15 132 41 119 9 142 47 89 145 102 88 115 124 4 141 182 125 42 196 143 35 38 39 150 137 98 12 80 20 49 22 19 37 149 103 152 151 59 29 199 78 25 21 194 0
100
1 1
2 2
3 3
4 4
5 5
6 6
7 7
8 8
9 9
10 10
11 11
12 12
13 13
14 14
15 15
16 16
17 17
18 18
19 19
20 20
21 21
22 22
23 23
24 24
25 25
26 26
27 27
28 28
29 29
30 30
31 31
32 32
33 33
34 34
35 35
36 36
37 37
38 38
39 39
40 40
41 41
42 42
43 43
44 44
45 45
46 46
47 47
48 48
49 49
50 50
51 51
52 52
53 53
54 54
55 55
56 56
57 57
58 58
59 59
60 60
61 61
62 62
63 63
64 64
65 65
66 66
67 67
68 68
69 69
70 70
71 71
72 72
73 73
74 74
75 75
76 76
77 77
78 78
79 79
80 80
81 81
82 82
83 83
84 84
85 85
86 86
87 87
88 88
89 89
90 90
91 91
92 92
93 93
94 94
95 95
96 96
97 97
98 98
99 99
100 100
