0 1 39 77 25 3 69 37 51 22 18 6 83 50 85 60 86 35 40 2 68 55 66 31 76 11 42 23 57 93 75 45 61 62 12 80 19 95 27 21 88 7 29 72 4 10 41 13 8 91 17 36 97 58 74 99 28 96 20 54 9 82 78 63 89 34 81 33 24 64 94 52 84 43 47 38 79 53 98 65 92 67 73 48 14 87 59 16 59 87 14 48 73 67 92 65 98 53 79 38 47 43 84 52 94 64 24 33 81 34 89 63 78 82 9 54 20 96 28 99 74 58 97 36 17 91 8 13 41 10 4 72 29 7 88 21 27 95 19 80 12 62 61 45 75 93 57 23 42 11 76 31 66 55 68 2 40 35 86 60 85 50 83 6 18 22 51 37 69 3 25 77 39 1 0 44 46 90 49 5 56 26 15 71 30 70 32 70 30 71 15 26 56 5 49 90 46 44 0
50
1 1
2 2
3 3
4 4
5 5
6 6
7 7
8 8
9 9
10 10
11 11
12 12
13 13
14 14
15 15
16 16
17 17
18 18
19 19
20 20
21 21
22 22
23 23
24 24
25 25
26 26
27 27
28 28
29 29
30 30
31 31
32 32
33 33
34 34
35 35
36 36
37 37
38 38
39 39
40 40
41 41
42 42
43 43
44 44
45 45
46 46
47 47
48 48
49 49
50 50
