e9 j9 j6 g2 f8 e4 c4 e5 c6 a0 d9 b2 h9 h1 c2 h6 c1 a9 d6 b9 a1 g1 a5 g7 f2 b1 f4 e3 i8 h3 d2 b8 i6 e8 b7 c0 c8 j2 a3 b0 j0 c3 i1 g6 j3 i7 c9 i0 j5 a4 j5 i0 c9 i7 j3 g6 i1 c3 j0 b0 a3 j2 c8 c0 b7 e8 i6 b8 d2 h3 i8 e3 f4 b1 f2 g7 a5 g1 a1 b9 d6 a9 c1 h6 c2 h1 h9 b2 d9 a0 c6 e5 c4 e4 f8 g2 j6 j9 e9 b4 f1 j8 g4 c7 h2 e0 g8 d8 a6 a2 f6 d0 i9 h7 d7 g9 a7 h4 i5 i4 g0 e6 d5 i2 j7 e7 i3 f9 a8 h0 e2 b6 j1 j4 h5 f3 b3 f0 f5 e1 f7 d4 h8 c5 b5 d1 d3 g5 g3 g5 d3 d1 b5 c5 h8 d4 f7 e1 f5 f0 b3 f3 h5 j4 j1 b6 e2 h0 a8 f9 i3 e7 j7 i2 d5 e6 g0 i4 i5 h4 a7 g9 d7 h7 i9 d0 f6 a2 a6 d8 g8 e0 h2 c7 g4 j8 f1 b4 e9
50
b1 b1
b3 b3
j2 j2
g4 g4
b7 b7
i2 i2
f1 f1
d2 d2
d0 d0
h3 h3
e9 e9
g1 g1
a1 a1
d5 d5
h4 h4
g3 g3
h5 h5
i1 i1
b6 b6
f9 f9
g2 g2
i3 i3
f6 f6
d3 d3
h6 h6
i7 i7
d9 d9
d1 d1
i6 i6
j1 j1
g9 g9
i8 i8
d8 d8
j3 j3
b5 b5
i0 i0
i9 i9
c8 c8
e8 e8
e2 e2
d4 d4
d7 d7
f8 f8
a4 a4
e0 e0
b2 b2
h9 h9
h2 h2
a8 a8
g8 g8
