0 28 5 98 185 108 156 121 172 110 67 71 197 187 30 72 55 50 163 196 138 173 53 182 54 149 165 146 75 20 114 111 181 103 122 147 89 88 82 85 92 74 176 77 47 80 15 144 192 120 44 16 167 41 116 65 8 105 34 140 178 13 49 191 79 84 18 139 23 45 158 33 137 91 27 134 161 7 128 59 152 119 162 157 189 124 38 4 143 87 61 90 155 2 115 3 96 66 130 14 132 123 12 43 104 69 36 31 36 69 104 43 12 123 132 14 130 66 96 3 115 2 155 90 61 87 143 4 38 124 189 157 162 119 152 59 128 7 161 134 27 91 137 33 158 45 23 139 18 84 79 191 49 13 178 140 34 105 8 65 116 41 167 16 44 120 192 144 15 80 47 77 176 74 92 85 82 88 89 147 122 103 181 111 114 20 75 146 165 149 54 182 53 173 138 196 163 50 55 72 30 187 197 71 67 110 172 121 156 108 185 98 5 28 0 174 169 76 60 193 112 127 46 141 99 6 57 86 10 51 37 25 180 56 101 160 11 17 70 133 102 39 188 195 58 194 117 175 151 168 48 145 52 198 148 95 83 183 153 100 135 93 78 107 21 125 142 136 113 22 190 94 24 106 40 166 97 179 63 9 150 199 68 1 42 32 171 73 64 129 186 170 29 118 177 184 131 159 62 19 81 35 164 126 26 154 109 154 26 126 164 35 81 19 62 159 131 184 177 118 29 170 186 129 64 73 171 32 42 1 68 199 150 9 63 179 97 166 40 106 24 94 190 22 113 136 142 125 21 107 78 93 135 100 153 183 83 95 148 198 52 145 48 168 151 175 117 194 58 195 188 39 102 133 70 17 11 160 101 56 180 25 37 51 10 86 57 6 99 141 46 127 112 193 60 76 169 174 0
100
1 1
3 3
5 5
7 7
9 9
11 11
13 13
15 15
17 17
19 19
21 21
23 23
25 25
27 27
29 29
31 31
33 33
35 35
37 37
39 39
41 41
43 43
45 45
47 47
49 49
51 51
53 53
55 55
57 57
59 59
61 61
63 63
65 65
67 67
69 69
71 71
73 73
75 75
77 77
79 79
81 81
83 83
85 85
87 87
89 89
91 91
93 93
95 95
97 97
99 99
101 101
103 103
105 105
107 107
109 109
111 111
113 113
115 115
117 117
119 119
121 121
123 123
125 125
127 127
129 129
131 131
133 133
135 135
137 137
139 139
141 141
143 143
145 145
147 147
149 149
151 151
153 153
155 155
157 157
159 159
161 161
163 163
165 165
167 167
169 169
171 171
173 173
175 175
177 177
179 179
181 181
183 183
185 185
187 187
189 189
191 191
193 193
195 195
197 197
199 199
