0 29 25 13 8 60 4 35 9 6 86 74 48 12 79 98 50 80 59 62 95 7 1 30 3 46 27 45 11 32 90 91 38 10 17 31 69 92 88 24 89 70 99 52 78 71 97 39 84 57 58 15 16 54 51 21 40 37 83 56 66 93 53 73 67 28 5 33 64 33 5 28 67 73 53 93 66 56 83 37 40 21 51 54 16 15 58 57 84 39 97 71 78 52 99 70 89 24 88 92 69 31 17 10 38 91 90 32 11 45 27 46 3 30 1 7 95 62 59 80 50 98 79 12 48 74 86 6 9 35 4 60 8 13 25 29 0 63 42 68 96 65 36 72 26 2 81 41 85 19 76 77 82 55 14 20 23 75 34 22 43 47 49 44 18 61 87 94 87 61 18 44 49 47 43 22 34 75 23 20 14 55 82 77 76 19 85 41 81 2 26 72 36 65 96 68 42 63 0
40
28 28
96 96
80 80
88 88
23 23
94 94
91 91
11 11
64 64
79 79
77 77
2 2
0 0
29 29
10 10
56 56
40 40
47 47
24 24
41 41
71 71
21 21
8 8
82 82
65 65
19 19
25 25
48 48
22 22
42 42
93 93
60 60
45 45
33 33
43 43
15 15
67 67
74 74
3 3
61 61
