0 39 78 185 126 14 79 18 33 68 131 71 178 25 74 156 72 113 94 149 129 160 97 54 19 32 15 53 65 69 91 145 93 194 67 81 82 138 195 88 66 4 132 107 55 151 96 45 60 75 104 184 182 21 166 64 186 140 137 56 172 197 116 3 119 73 135 83 30 16 159 139 44 29 7 5 9 102 57 49 112 191 89 99 42 100 192 141 111 117 154 189 121 103 180 2 130 193 120 187 62 59 177 146 70 24 27 153 155 171 158 35 106 61 101 134 23 92 90 41 80 108 167 163 76 150 179 22 86 148 28 84 110 168 10 50 147 170 188 164 157 176 13 118 11 43 183 115 173 63 199 175 190 128 105 196 46 123 8 143 26 47 36 109 12 87 165 51 174 51 165 87 12 109 36 47 26 143 8 123 46 196 105 128 190 175 199 63 173 115 183 43 11 118 13 176 157 164 188 170 147 50 10 168 110 84 28 148 86 22 179 150 76 163 167 108 80 41 90 92 23 134 101 61 106 35 158 171 155 153 27 24 70 146 177 59 62 187 120 193 130 2 180 103 121 189 154 117 111 141 192 100 42 99 89 191 112 49 57 102 9 5 7 29 44 139 159 16 30 83 135 73 119 3 116 197 172 56 137 140 186 64 166 21 182 184 104 75 60 45 96 151 55 107 132 4 66 88 195 138 82 81 67 194 93 145 91 69 65 53 15 32 19 54 97 160 129 149 94 113 72 156 74 25 178 71 131 68 33 18 79 14 126 185 78 39 0 17 37 133 124 114 152 127 31 58 1 98 181 162 161 142 6 85 38 48 34 20 144 40 125 122 52 169 95 77 136 198 136 77 95 169 52 122 125 40 144 20 34 48 38 85 6 142 161 162 181 98 1 58 31 127 152 114 124 133 37 17 0
80
199 199
39 39
58 58
188 188
3 3
52 52
125 125
160 160
12 12
78 78
19 19
32 32
195 195
136 136
116 116
119 119
170 170
197 197
183 183
126 126
31 31
179 179
2 2
94 94
33 33
105 105
74 74
68 68
184 184
143 143
142 142
21 21
24 24
180 180
156 156
157 157
16 16
96 96
0 0
131 131
174 174
115 115
185 185
194 194
103 103
158 158
38 38
69 69
177 177
17 17
46 46
80 80
191 191
86 86
198 198
163 163
4 4
190 190
60 60
8 8
35 35
50 50
192 192
189 189
18 18
29 29
133 133
109 109
178 178
70 70
43 43
159 159
62 62
93 93
51 51
182 182
77 77
193 193
9 9
129 129
