190 75 166 56 74 60 128 104 119 53 121 145 6 38 65 44 64 55 36 196 34 103 168 23 130 51 87 2 182 91 171 195 66 71 143 88 118 142 43 9 148 31 11 7 98 85 149 18 14 37 113 94 157 141 79 154 129 83 58 127 80 20 40 73 19 179 100 89 117 22 39 47 125 45 153 5 70 114 33 67 8 147 27 48 86 25 144 0 95 162 69 108 126 59 35 30 187 63 10 68 167 199 146 193 90 139 115 191 178 137 106 137 178 191 115 139 90 193 146 199 167 68 10 63 187 30 35 59 126 108 69 162 95 0 144 25 86 48 27 147 8 67 33 114 70 5 153 45 125 47 39 22 117 89 100 179 19 73 40 20 80 127 58 83 129 154 79 141 157 94 113 37 14 18 149 85 98 7 11 31 148 9 43 142 118 88 143 71 66 195 171 91 182 2 87 51 130 23 168 103 34 196 36 55 64 44 65 38 6 145 121 53 119 104 128 60 74 56 166 75 190 135 15 161 92 132 12 42 155 1 175 131 174 29 151 120 181 78 4 172 122 192 84 186 194 72 101 177 159 81 173 188 134 99 17 102 109 198 160 116 165 136 111 189 24 152 96 140 180 107 76 49 185 112 110 28 133 150 156 158 50 41 57 169 176 21 16 184 61 82 52 138 13 26 183 77 3 197 32 54 163 93 164 105 46 170 62 124 97 123 97 124 62 170 46 105 164 93 163 54 32 197 3 77 183 26 13 138 52 82 61 184 16 21 176 169 57 41 50 158 156 150 133 28 110 112 185 49 76 107 180 140 96 152 24 189 111 136 165 116 160 198 109 102 17 99 134 188 173 81 159 177 101 72 194 186 84 192 122 172 4 78 181 120 151 29 174 131 175 1 155 42 12 132 92 161 15 135 190
100
165 165
60 60
146 146
185 185
141 141
138 138
104 104
55 55
192 192
176 176
188 188
29 29
36 36
1 1
34 34
11 11
166 166
123 123
3 3
50 50
62 62
118 118
168 168
182 182
117 117
172 172
142 142
69 69
113 113
109 109
21 21
61 61
112 112
94 94
139 139
54 54
33 33
177 177
2 2
135 135
137 137
27 27
179 179
129 129
133 133
10 10
47 47
162 162
5 5
99 99
76 76
156 156
40 40
38 38
149 149
57 57
95 95
153 153
92 92
23 23
52 52
163 163
100 100
66 66
169 169
71 71
22 22
56 56
121 121
132 132
198 198
186 186
101 101
32 32
195 195
30 30
45 45
84 84
46 46
44 44
181 181
108 108
93 93
67 67
193 193
136 136
8 8
173 173
116 116
106 106
114 114
111 111
152 152
83 83
164 164
103 103
68 68
189 189
102 102
65 65
