61 48 59 66 81 66 59 48 61 84 67 2 27 25 9 94 87 12 5 65 43 44 46 33 71 96 42 52 21 17 82 90 49 11 18 95 30 79 28 23 35 10 37 15 29 63 41 20 47 31 4 89 22 34 6 55 72 99 40 74 16 80 38 54 98 75 58 68 60 57 88 36 3 19 97 85 69 39 0 8 91 78 51 76 64 93 53 77 92 14 45 26 73 7 62 83 1 56 32 70 13 24 50 86 50 24 13 70 32 56 1 83 62 7 73 26 45 14 92 77 53 93 64 76 51 78 91 8 0 39 69 85 97 19 3 36 88 57 60 68 58 75 98 54 38 80 16 74 40 99 72 55 6 34 22 89 4 31 47 20 41 63 29 15 37 10 35 23 28 79 30 95 18 11 49 90 82 17 21 52 42 96 71 33 46 44 43 65 5 12 87 94 9 25 27 2 67 84 61
50
60 60
28 28
92 92
5 5
86 86
10 10
98 98
15 15
36 36
58 58
80 80
2 2
74 74
11 11
69 69
1 1
32 32
67 67
3 3
48 48
8 8
72 72
82 82
42 42
4 4
6 6
14 14
51 51
63 63
83 83
70 70
90 90
65 65
26 26
44 44
35 35
91 91
31 31
40 40
85 85
33 33
30 30
39 39
37 37
73 73
57 57
97 97
17 17
76 76
25 25
