49 32 44 61 59 78 30 75 64 74 62 56 3 73 41 76 67 20 17 6 34 87 39 82 98 57 42 84 83 13 99 31 22 1 4 89 11 21 38 27 63 69 15 45 65 5 8 72 29 70 28 79 7 47 71 68 93 25 92 0 37 9 23 51 58 2 40 52 81 55 12 66 80 48 33 85 26 16 86 10 18 97 77 94 19 54 43 54 19 94 77 97 18 10 86 16 26 85 33 48 80 66 12 55 81 52 40 2 58 51 23 9 37 0 92 25 93 68 71 47 7 79 28 70 29 72 8 5 65 45 15 69 63 27 38 21 11 89 4 1 22 31 99 13 83 84 42 57 98 82 39 87 34 6 17 20 67 76 41 73 3 56 62 74 64 75 30 78 59 61 44 32 49 14 91 88 50 90 35 36 24 53 95 60 96 46 96 60 95 53 24 36 35 90 50 88 91 14 49
50
37 37
19 19
32 32
10 10
72 72
21 21
6 6
82 82
76 76
9 9
59 59
86 86
1 1
45 45
90 90
93 93
36 36
55 55
42 42
4 4
7 7
47 47
12 12
5 5
83 83
51 51
23 23
24 24
80 80
16 16
70 70
88 88
95 95
87 87
18 18
38 38
2 2
60 60
49 49
73 73
48 48
11 11
71 71
64 64
89 89
20 20
53 53
77 77
97 97
98 98
