114 91 67 98 100 73 182 164 154 129 92 47 26 18 63 95 80 51 62 108 35 149 45 158 56 151 1 117 57 75 105 143 109 181 13 178 21 126 148 68 66 107 131 89 59 27 55 79 20 83 139 188 81 121 152 94 174 150 170 102 184 193 30 167 96 7 86 61 123 58 49 97 88 141 14 31 122 103 186 166 199 85 28 53 10 25 191 6 133 106 160 76 190 29 0 173 46 187 135 93 172 19 119 128 99 161 78 163 156 168 44 159 71 40 71 159 44 168 156 163 78 161 99 128 119 19 172 93 135 187 46 173 0 29 190 76 160 106 133 6 191 25 10 53 28 85 199 166 186 103 122 31 14 141 88 97 49 58 123 61 86 7 96 167 30 193 184 102 170 150 174 94 152 121 81 188 139 83 20 79 55 27 59 89 131 107 66 68 148 126 21 178 13 181 109 143 105 75 57 117 1 151 56 158 45 149 35 108 62 51 80 95 63 18 26 47 92 129 154 164 182 73 100 98 67 91 114 101 74 175 157 171 64 127 155 8 69 22 111 165 137 116 82 5 41 115 37 189 110 134 65 196 195 60 140 177 11 32 118 194 23 24 179 17 147 153 145 34 192 84 169 146 185 124 90 162 72 3 4 36 77 38 9 2 144 87 104 176 183 138 12 132 54 16 130 180 70 125 43 113 15 142 120 42 112 50 136 48 33 52 39 197 198 197 39 52 33 48 136 50 112 42 120 142 15 113 43 125 70 180 130 16 54 132 12 138 183 176 104 87 144 2 9 38 77 36 4 3 72 162 90 124 185 146 169 84 192 34 145 153 147 17 179 24 23 194 118 32 11 177 140 60 195 196 65 134 110 189 37 115 41 5 82 116 137 165 111 22 69 8 155 127 64 171 157 175 74 101 114
100
16 16
174 174
183 183
78 78
188 188
199 199
102 102
21 21
167 167
75 75
191 191
170 170
51 51
175 175
103 103
7 7
166 166
42 42
182 182
49 49
111 111
196 196
12 12
33 33
148 148
24 24
26 26
146 146
197 197
4 4
63 63
70 70
10 10
154 154
66 66
127 127
0 0
37 37
15 15
195 195
173 173
112 112
169 169
155 155
105 105
133 133
131 131
171 171
1 1
28 28
149 149
187 187
98 98
117 117
18 18
67 67
92 92
147 147
35 35
69 69
135 135
74 74
100 100
84 84
96 96
95 95
108 108
115 115
76 76
91 91
43 43
161 161
81 81
31 31
14 14
62 62
109 109
3 3
114 114
41 41
93 93
176 176
89 89
36 36
177 177
124 124
53 53
119 119
5 5
32 32
181 181
87 87
134 134
150 150
59 59
164 164
38 38
94 94
29 29
47 47
