bw ay bb cu ad au cn ai m ak az ac i af d bj cg ba ag be bq ao v al g at cc as aa f av cp bg b br cd bz r a bd ah ca ce cj bc bh z n bo k o by bt am aj bu aj am bt by o k bo n z bh bc cj ce ca ah bd a r bz cd br b bg cp av f aa as cc at g al v ao bq be ag ba cg bj d af i ac az ak m ai cn au ad cu bb ay bw cs s bi h y j ch q bs bm c aq an co ab cf ci ct w ae bp bk l ck ar ax t cr cl x cv aw bx p ap e bn bf bv cm cb u bl cq bl u cb cm bv bf bn e ap p bx aw cv x cl cr t ax ar ck l bk bp ae w ct ci cf ab co an aq c bm bs q ch j y h bi s cs bw
50
ct ct
ag ag
by by
ax ax
cf cf
cr cr
az az
co co
b b
x x
cs cs
w w
al al
z z
cn cn
bt bt
f f
bm bm
j j
p p
cp cp
q q
bo bo
ap ap
l l
k k
o o
n n
bq bq
ck ck
u u
ao ao
ci ci
ch ch
ac ac
cq cq
af af
ca ca
au au
d d
bz bz
av av
r r
bh bh
br br
bx bx
bd bd
bw bw
aj aj
ad ad
