gc as ac co bw ba ax r q fr gm m y aj es eg fg bu gq v dk ai dn ci at a e fe bq c cc dd cc c bq fe e a at ci dn ai dk v gq bu fg eg es aj y m gm fr q r ax ba bw co ac as gc gk aa em ec ab cm dg u ds bk fm bn et gf fh df bv j aq b dc ar cz k cp cr ch ef ep de cd am ck z go l eu er g fj ed fl cn br fb al dv fw dy bh gp ew cg fy cx t bg fa db az ek i bm ge cy ak gb n eq dt bj w ea cu fi cf bp dq ae ex av dm bb bt f bf gd fp ag ao cv ct ev cs cw ah by bc bs bz gn dx ei gh x fd fo ft bo an ej be gl dr ap bx au en dh d gi di gj cq ad fz bl fx da dw ez du ga ay ff fs fk ce fq fv bd p o fu gr af el cj ee cl s dz bi fc ca cb fn ey eb dl dj h aw eh do gg dp eo dp gg do eh aw h dj dl eb ey fn cb ca fc bi dz s cl ee cj el af gr fu o p bd fv fq ce fk fs ff ay ga du ez dw da fx bl fz ad cq gj di gi d dh en au bx ap dr gl be ej an bo ft fo fd x gh ei dx gn bz bs bc by ah cw cs ev ct cv ao ag fp gd bf f bt bb dm av ex ae dq bp cf fi cu ea w bj dt eq n gb ak cy ge bm i ek az db fa bg t cx fy cg ew gp bh dy fw dv al fb br cn fl ed fj g er eu l go z ck am cd de ep ef ch cr cp k cz ar dc b aq j bv df fh gf et bn fm bk ds u dg cm ab ec em aa gk gc
100
d d
cm cm
ah ah
cs cs
gn gn
dy dy
fd fd
er er
ds ds
bj bj
eq eq
q q
fi fi
ep ep
an an
br br
j j
at at
bt bt
fy fy
dg dg
ad ad
fn fn
bq bq
ap ap
cz cz
gg gg
az az
dq dq
gi gi
et et
dn dn
as as
do do
di di
u u
fw fw
fo fo
am am
bp bp
bi bi
ac ac
cn cn
cg cg
aw aw
dp dp
ab ab
bc bc
en en
by by
cq cq
fr fr
ey ey
ao ao
g g
ee ee
ae ae
co co
ck ck
gj gj
dx dx
ga ga
ff ff
fe fe
bx bx
gh gh
go go
bv bv
em em
ft ft
e e
p p
y y
es es
el el
db db
dh dh
cj cj
ai ai
bl bl
fk fk
fq fq
cr cr
gq gq
dj dj
cv cv
gk gk
cl cl
fh fh
v v
a a
fa fa
cp cp
b b
bn bn
ge ge
dw dw
gm gm
bb bb
bu bu
