Liam Jordan Leonardo Xander Maddox Kaiden Daniel Nicholas Silas Ryder Luca Dylan Lincoln Chase Greyson Elias Ezekiel Jeremiah Hudson Ivan Juan Ethan George Emmett Xavier Ryan Jonah August Zayden Abel Weston Kevin Nathan Connor Jasper Elliot Brody David Joseph Robert Giovanni Abraham Giovanni Robert Joseph David Brody Elliot Jasper Connor Nathan Kevin Weston Abel Zayden August Jonah Ryan Xavier Emmett George Ethan Juan Ivan Hudson Jeremiah Ezekiel Elias Greyson Chase Lincoln Dylan Luca Ryder Silas Nicholas Daniel Kaiden Maddox Xander Leonardo Jordan Liam Evan Carson Emmanuel Samuel Eric Luis Nathaniel Joel Jeremy Elliott Carter Jesus Leo Bryson Malachi Henry Jayce Gabriel Victor Dominic Maximus Graham Jason Wesley Caleb Cameron Asher Brayden Declan Alexander Grayson Maxwell Anthony Angel Jaxson Harrison Adrian Elijah Nolan Miles Luke Kingston Brandon Noah Maverick Micah Vincent Damian Tristan Diego Kayden Jace Parker Marcus Waylon Gavin Dawson Gael Wyatt Edward Sebastian Bryce Ayden Cole Everett Jacob Finn Alex Ashton Jose Ezra Jackson Braxton Brantley Kai Christopher Alan Santiago Kaleb Jesse Antonio Grant Cooper Timothy Max Jayden Bentley Camden Avery Roman Andrew Oliver Patrick Dean Beau William Landon Bennett Hayden Zion Rhett Christian Jonathan Preston Lorenzo Messiah John Matthew King Jaxon Benjamin Jameson Matteo Julian Josiah Justin Jack Joshua Lucas Logan Mason Charles Tucker Colton Adam Ian Alejandro Ryker Carlos Blake Calvin Michael Aaron Amir Miguel Mateo Aiden Richard Easton Austin Rowan Theodore Jude Zachary Hunter Thomas Isaiah Levi Owen Isaac James Steven Sawyer Eli Tyler Axel Oscar Karter Oscar Axel Tyler Eli Sawyer Steven James Isaac Owen Levi Isaiah Thomas Hunter Zachary Jude Theodore Rowan Austin Easton Richard Aiden Mateo Miguel Amir Aaron Michael Calvin Blake Carlos Ryker Alejandro Ian Adam Colton Tucker Charles Mason Logan Lucas Joshua Jack Justin Josiah Julian Matteo Jameson Benjamin Jaxon King Matthew John Messiah Lorenzo Preston Jonathan Christian Rhett Zion Hayden Bennett Landon William Beau Dean Patrick Oliver Andrew Roman Avery Camden Bentley Jayden Max Timothy Cooper Grant Antonio Jesse Kaleb Santiago Alan Christopher Kai Brantley Braxton Jackson Ezra Jose Ashton Alex Finn Jacob Everett Cole Ayden Bryce Sebastian Edward Wyatt Gael Dawson Gavin Waylon Marcus Parker Jace Kayden Diego Tristan Damian Vincent Micah Maverick Noah Brandon Kingston Luke Miles Nolan Elijah Adrian Harrison Jaxson Angel Anthony Maxwell Grayson Alexander Declan Brayden Asher Cameron Caleb Wesley Jason Graham Maximus Dominic Victor Gabriel Jayce Henry Malachi Bryson Leo Jesus Carter Elliott Jeremy Joel Nathaniel Luis Eric Samuel Emmanuel Carson Evan Liam
90
Liam Liam
Noah Noah
William William
James James
Logan Logan
Benjamin Benjamin
Mason Mason
Elijah Elijah
Oliver Oliver
Jacob Jacob
Lucas Lucas
Michael Michael
Alexander Alexander
Ethan Ethan
Daniel Daniel
Matthew Matthew
Aiden Aiden
Henry Henry
Joseph Joseph
Jackson Jackson
Samuel Samuel
Sebastian Sebastian
David David
Carter Carter
Wyatt Wyatt
Jayden Jayden
John John
Owen Owen
Dylan Dylan
Luke Luke
Gabriel Gabriel
Anthony Anthony
Isaac Isaac
Grayson Grayson
Jack Jack
Julian Julian
Levi Levi
Christopher Christopher
Joshua Joshua
Andrew Andrew
Lincoln Lincoln
Mateo Mateo
Ryan Ryan
Jaxon Jaxon
Nathan Nathan
Aaron Aaron
Isaiah Isaiah
Thomas Thomas
Charles Charles
Caleb Caleb
Josiah Josiah
Christian Christian
Hunter Hunter
Eli Eli
Jonathan Jonathan
Connor Connor
Landon Landon
Adrian Adrian
Asher Asher
Cameron Cameron
Leo Leo
Theodore Theodore
Jeremiah Jeremiah
Hudson Hudson
Robert Robert
Easton Easton
Nolan Nolan
Nicholas Nicholas
Ezra Ezra
Colton Colton
Angel Angel
Brayden Brayden
Jordan Jordan
Dominic Dominic
Austin Austin
Ian Ian
Adam Adam
Elias Elias
Jaxson Jaxson
Greyson Greyson
Jose Jose
Ezekiel Ezekiel
Carson Carson
Evan Evan
Maverick Maverick
Bryson Bryson
Jace Jace
Cooper Cooper
Xavier Xavier
Parker Parker
