Liam Aiden Jaxon David James Logan John Anthony Michael Luke Aaron Oliver Charles Andrew Owen Wyatt Dylan Noah Gabriel Christopher Jack Grayson Jack Christopher Gabriel Noah Dylan Wyatt Owen Andrew Charles Oliver Aaron Luke Michael Anthony John Logan James David Jaxon Aiden Liam Benjamin Nathan Ethan Julian Lucas Jackson Sebastian Isaac Joshua Joseph Matthew Isaiah Henry Alexander Samuel Ryan Levi Jacob Jayden Thomas Lincoln Daniel Mateo Elijah Mason William Carter Caleb Carter William Mason Elijah Mateo Daniel Lincoln Thomas Jayden Jacob Levi Ryan Samuel Alexander Henry Isaiah Matthew Joseph Joshua Isaac Sebastian Jackson Lucas Julian Ethan Nathan Benjamin Liam
25
Liam Liam
Noah Noah
William William
James James
Logan Logan
Benjamin Benjamin
Mason Mason
Elijah Elijah
Oliver Oliver
Jacob Jacob
Lucas Lucas
Michael Michael
Alexander Alexander
Ethan Ethan
Daniel Daniel
Matthew Matthew
Aiden Aiden
Henry Henry
Joseph Joseph
Jackson Jackson
Samuel Samuel
Sebastian Sebastian
David David
Carter Carter
Wyatt Wyatt
