Liam Noah Lucas Daniel Caleb Alexander Mason Elijah Adrian Nolan Landon Connor Benjamin Carter Ayden Jameson Jack Christopher Luke Asher Joshua Andrew Lincoln Leonardo Theodore Hunter Easton Grayson Cooper Maverick Roman Jordan Nicholas Samuel Jason Anthony David Sebastian Matthew Jackson Wyatt Xavier Jeremiah Jonathan Henry Christian Carson Hudson Robert Ian Adam Jayden Julian Dylan Ezekiel Dylan Julian Jayden Adam Ian Robert Hudson Carson Christian Henry Jonathan Jeremiah Xavier Wyatt Jackson Matthew Sebastian David Anthony Jason Samuel Nicholas Jordan Roman Maverick Cooper Grayson Easton Hunter Theodore Leonardo Lincoln Andrew Joshua Asher Luke Christopher Jack Jameson Ayden Carter Benjamin Connor Landon Nolan Adrian Elijah Mason Alexander Caleb Daniel Lucas Noah Liam Elias Isaiah Leo Aaron Nathan Ryan Cameron Jace Gavin Angel Parker Aiden William Jacob James Thomas Ezra Michael Greyson Kayden John Sawyer Jose Owen Santiago Isaac Jaxon Gabriel Mateo Joseph Charles Austin Logan Ethan Brayden Jaxson Colton Levi Chase Evan Josiah Eli Dominic Oliver Bryson Oliver Dominic Eli Josiah Evan Chase Levi Colton Jaxson Brayden Ethan Logan Austin Charles Joseph Mateo Gabriel Jaxon Isaac Santiago Owen Jose Sawyer John Kayden Greyson Michael Ezra Thomas James Jacob William Aiden Parker Angel Gavin Jace Cameron Ryan Nathan Aaron Leo Isaiah Elias Liam
30
Liam Liam
Noah Noah
William William
James James
Logan Logan
Benjamin Benjamin
Mason Mason
Elijah Elijah
Oliver Oliver
Jacob Jacob
Lucas Lucas
Michael Michael
Alexander Alexander
Ethan Ethan
Daniel Daniel
Matthew Matthew
Aiden Aiden
Henry Henry
Joseph Joseph
Jackson Jackson
Samuel Samuel
Sebastian Sebastian
David David
Carter Carter
Wyatt Wyatt
Jayden Jayden
John John
Owen Owen
Dylan Dylan
Luke Luke
