zero one seven one zero two three four five six thirteen twelve eleven ten nine eight fourteen twentyone fifteen sixteen seventeen eighteen nineteen twenty twentyseven twentysix twentyfive twentyfour twentythree twentytwo twentyeight thirtyfive twentynine thirty thirtyone thirtytwo thirtythree thirtyfour fortyone forty thirtynine thirtyeight thirtyseven thirtysix fortytwo fortynine fortythree fortyfour fortyfive fortysix fortyseven fortyeight fiftyfive fiftyfour fiftythree fiftytwo fiftyone fifty fiftysix sixtythree fiftyseven fiftyeight fiftynine sixty sixtyone sixtytwo sixtynine sixtyeight sixtyseven sixtysix sixtyfive sixtyfour seventy seventyseven seventyone seventytwo seventythree seventyfour seventyfive seventysix eightythree eightytwo eightyone eighty seventynine seventyeight eightyfour ninetyone eightyfive eightysix eightyseven eightyeight eightynine ninety ninetyseven ninetysix ninetyfive ninetyfour ninetythree ninetytwo ninetyeight onehunfive ninetynine onehun onehunone onehuntwo onehunthree onehunfour onehuneleven onehunten onehunnine onehuneight onehunseven onehunsix onehuntwelve onehunnineteen onehunthirteen onehunfourteen onehunfifteen onehunsixteen onehunseventeen onehuneighteen onehuntwentyfive onehuntwentyfour onehuntwentythree onehuntwentytwo onehuntwentyone onehuntwenty onehuntwentysix onehunthirtythree onehuntwentyseven onehuntwentyeight onehuntwentynine onehunthirty onehunthirtyone onehunthirtytwo onehunthirtynine onehunthirtyeight onehunthirtyseven onehunthirtysix onehunthirtyfive onehunthirtyfour onehunforty onehunfortyseven onehunfortyone onehunfortytwo onehunfortythree onehunfortyfour onehunfortyfive onehunfortysix onehunfiftythree onehunfiftytwo onehunfiftyone onehunfifty onehunfortynine onehunfortyeight onehunfiftyfour onehunsixtyone onehunfiftyfive onehunfiftysix onehunfiftyseven onehunfiftyeight onehunfiftynine onehunsixty onehunsixtyseven onehunsixtysix onehunsixtyfive onehunsixtyfour onehunsixtythree onehunsixtytwo onehunsixtyeight onehunseventyfive onehunsixtynine onehunseventy onehunseventyone onehunseventytwo onehunseventythree onehunseventyfour onehuneightyone onehuneighty onehunseventynine onehunseventyeight onehunseventyseven onehunseventysix onehuneightytwo onehuneightynine onehuneightythree onehuneightyfour onehuneightyfive onehuneightysix onehuneightyseven onehuneightyeight onehunninetyfive onehunninetyfour onehunninetythree onehunninetytwo onehunninetyone onehunninety onehunninetysix onehunninety onehunninetyone onehunninetytwo onehunninetythree onehunninetyfour onehunninetyfive onehuneightyeight onehuneightyseven onehuneightysix onehuneightyfive onehuneightyfour onehuneightythree onehuneightynine onehuneightytwo onehunseventysix onehunseventyseven onehunseventyeight onehunseventynine onehuneighty onehuneightyone onehunseventyfour onehunseventythree onehunseventytwo onehunseventyone onehunseventy onehunsixtynine onehunseventyfive onehunsixtyeight onehunsixtytwo onehunsixtythree onehunsixtyfour onehunsixtyfive onehunsixtysix onehunsixtyseven onehunsixty onehunfiftynine onehunfiftyeight onehunfiftyseven onehunfiftysix onehunfiftyfive onehunsixtyone onehunfiftyfour onehunfortyeight onehunfortynine onehunfifty onehunfiftyone onehunfiftytwo onehunfiftythree onehunfortysix onehunfortyfive onehunfortyfour onehunfortythree onehunfortytwo onehunfortyone onehunfortyseven onehunforty onehunthirtyfour onehunthirtyfive onehunthirtysix onehunthirtyseven onehunthirtyeight onehunthirtynine onehunthirtytwo onehunthirtyone onehunthirty onehuntwentynine onehuntwentyeight onehuntwentyseven onehunthirtythree onehuntwentysix onehuntwenty onehuntwentyone onehuntwentytwo onehuntwentythree onehuntwentyfour onehuntwentyfive onehuneighteen onehunseventeen onehunsixteen onehunfifteen onehunfourteen onehunthirteen onehunnineteen onehuntwelve onehunsix onehunseven onehuneight onehunnine onehunten onehuneleven onehunfour onehunthree onehuntwo onehunone onehun ninetynine onehunfive ninetyeight ninetytwo ninetythree ninetyfour ninetyfive ninetysix ninetyseven ninety eightynine eightyeight eightyseven eightysix eightyfive ninetyone eightyfour seventyeight seventynine eighty eightyone eightytwo eightythree seventysix seventyfive seventyfour seventythree seventytwo seventyone seventyseven seventy sixtyfour sixtyfive sixtysix sixtyseven sixtyeight sixtynine sixtytwo sixtyone sixty fiftynine fiftyeight fiftyseven sixtythree fiftysix fifty fiftyone fiftytwo fiftythree fiftyfour fiftyfive fortyeight fortyseven fortysix fortyfive fortyfour fortythree fortynine fortytwo thirtysix thirtyseven thirtyeight thirtynine forty fortyone thirtyfour thirtythree thirtytwo thirtyone thirty twentynine thirtyfive twentyeight twentytwo twentythree twentyfour twentyfive twentysix twentyseven twenty nineteen eighteen seventeen sixteen fifteen twentyone fourteen eight nine ten eleven twelve thirteen six five four three two zero
100
one one
two two
three three
six six
seven seven
ten ten
eleven eleven
twelve twelve
fourteen fourteen
fifteen fifteen
sixteen sixteen
seventeen seventeen
twenty twenty
twentythree twentythree
twentyfive twentyfive
twentysix twentysix
twentyseven twentyseven
twentynine twentynine
thirtythree thirtythree
thirtyfour thirtyfour
thirtyseven thirtyseven
thirtyeight thirtyeight
fortythree fortythree
fortyfour fortyfour
fortyfive fortyfive
fortynine fortynine
fiftytwo fiftytwo
fiftythree fiftythree
fiftyfive fiftyfive
fiftyseven fiftyseven
fiftyeight fiftyeight
sixty sixty
sixtyfour sixtyfour
sixtysix sixtysix
sixtyseven sixtyseven
sixtynine sixtynine
seventy seventy
seventyone seventyone
seventytwo seventytwo
seventyfive seventyfive
seventyseven seventyseven
seventyeight seventyeight
seventynine seventynine
eightytwo eightytwo
eightythree eightythree
eightyfour eightyfour
eightyseven eightyseven
ninetyeight ninetyeight
ninetynine ninetynine
onehunone onehunone
onehuneight onehuneight
onehunten onehunten
onehuneleven onehuneleven
onehunthirteen onehunthirteen
onehunsixteen onehunsixteen
onehunseventeen onehunseventeen
onehuneighteen onehuneighteen
onehunnineteen onehunnineteen
onehuntwentyone onehuntwentyone
onehuntwentythree onehuntwentythree
onehuntwentyfour onehuntwentyfour
onehuntwentysix onehuntwentysix
onehuntwentyseven onehuntwentyseven
onehuntwentyeight onehuntwentyeight
onehunthirty onehunthirty
onehunthirtyfive onehunthirtyfive
onehunforty onehunforty
onehunfortythree onehunfortythree
onehunfortyfour onehunfortyfour
onehunfortyfive onehunfortyfive
onehunfortysix onehunfortysix
onehunfortynine onehunfortynine
onehunfifty onehunfifty
onehunfiftyfour onehunfiftyfour
onehunfiftyseven onehunfiftyseven
onehunfiftynine onehunfiftynine
onehunsixty onehunsixty
onehunsixtyone onehunsixtyone
onehunsixtythree onehunsixtythree
onehunsixtyfour onehunsixtyfour
onehunsixtyfive onehunsixtyfive
onehunsixtysix onehunsixtysix
onehunsixtynine onehunsixtynine
onehunseventy onehunseventy
onehunseventyone onehunseventyone
onehunseventythree onehunseventythree
onehunseventyfour onehunseventyfour
onehunseventyfive onehunseventyfive
onehunseventysix onehunseventysix
onehunseventyeight onehunseventyeight
onehuneighty onehuneighty
onehuneightyone onehuneightyone
onehuneightytwo onehuneightytwo
onehuneightyfour onehuneightyfour
onehuneightyseven onehuneightyseven
onehunninety onehunninety
onehunninetyone onehunninetyone
onehunninetytwo onehunninetytwo
onehunninetythree onehunninetythree
onehunninetyfour onehunninetyfour
