zero one seven one zero two three four five six thirteen twelve eleven ten nine eight fourteen twentyone fifteen sixteen seventeen eighteen nineteen twenty twentyseven twentysix twentyfive twentyfour twentythree twentytwo twentyeight thirtyfive twentynine thirty thirtyone thirtytwo thirtythree thirtyfour fortyone forty thirtynine thirtyeight thirtyseven thirtysix fortytwo fortynine fortythree fortyfour fortyfive fortysix fortyseven fortyeight fortyseven fortysix fortyfive fortyfour fortythree fortynine fortytwo thirtysix thirtyseven thirtyeight thirtynine forty fortyone thirtyfour thirtythree thirtytwo thirtyone thirty twentynine thirtyfive twentyeight twentytwo twentythree twentyfour twentyfive twentysix twentyseven twenty nineteen eighteen seventeen sixteen fifteen twentyone fourteen eight nine ten eleven twelve thirteen six five four three two zero
25
three three
five five
six six
seven seven
nine nine
eleven eleven
twelve twelve
thirteen thirteen
fourteen fourteen
fifteen fifteen
sixteen sixteen
eighteen eighteen
nineteen nineteen
twenty twenty
twentyfive twentyfive
thirtyone thirtyone
thirtytwo thirtytwo
thirtyfour thirtyfour
thirtyfive thirtyfive
thirtyseven thirtyseven
thirtyeight thirtyeight
forty forty
fortytwo fortytwo
fortyfive fortyfive
fortysix fortysix
