zero one seven one zero two three four five six thirteen twelve eleven ten nine eight fourteen twentyone fifteen sixteen seventeen eighteen nineteen twenty twentyseven twentysix twentyfive twentyfour twentythree twentytwo twentyeight thirtyfive twentynine thirty thirtyone thirtytwo thirtythree thirtyfour fortyone forty thirtynine thirtyeight thirtyseven thirtysix fortytwo fortynine fortythree fortyfour fortyfive fortysix fortyseven fortyeight fiftyfive fiftyfour fiftythree fiftytwo fiftyone fifty fiftysix sixtythree fiftyseven fiftyeight fiftynine sixty sixtyone sixtytwo sixtynine sixtyeight sixtyseven sixtysix sixtyfive sixtyfour seventy seventyseven seventyone seventytwo seventythree seventyfour seventyfive seventysix eightythree eightytwo eightyone eighty seventynine seventyeight eightyfour ninetyone eightyfive eightysix eightyseven eightyeight eightynine ninety ninetyseven ninetysix ninetyfive ninetyfour ninetythree ninetytwo ninetyeight ninetytwo ninetythree ninetyfour ninetyfive ninetysix ninetyseven ninety eightynine eightyeight eightyseven eightysix eightyfive ninetyone eightyfour seventyeight seventynine eighty eightyone eightytwo eightythree seventysix seventyfive seventyfour seventythree seventytwo seventyone seventyseven seventy sixtyfour sixtyfive sixtysix sixtyseven sixtyeight sixtynine sixtytwo sixtyone sixty fiftynine fiftyeight fiftyseven sixtythree fiftysix fifty fiftyone fiftytwo fiftythree fiftyfour fiftyfive fortyeight fortyseven fortysix fortyfive fortyfour fortythree fortynine fortytwo thirtysix thirtyseven thirtyeight thirtynine forty fortyone thirtyfour thirtythree thirtytwo thirtyone thirty twentynine thirtyfive twentyeight twentytwo twentythree twentyfour twentyfive twentysix twentyseven twenty nineteen eighteen seventeen sixteen fifteen twentyone fourteen eight nine ten eleven twelve thirteen six five four three two zero
50
two two
three three
four four
five five
six six
ten ten
twelve twelve
fourteen fourteen
fifteen fifteen
twenty twenty
twentytwo twentytwo
twentyfour twentyfour
twentyfive twentyfive
twentynine twentynine
thirty thirty
thirtythree thirtythree
thirtyfour thirtyfour
thirtyfive thirtyfive
thirtysix thirtysix
thirtyseven thirtyseven
thirtynine thirtynine
fortyfour fortyfour
fortyfive fortyfive
fortyseven fortyseven
fortyeight fortyeight
fifty fifty
fiftyone fiftyone
fiftythree fiftythree
fiftyfive fiftyfive
fiftyseven fiftyseven
sixty sixty
sixtyone sixtyone
sixtytwo sixtytwo
sixtyfive sixtyfive
sixtysix sixtysix
sixtyseven sixtyseven
sixtyeight sixtyeight
seventy seventy
seventyone seventyone
seventyfive seventyfive
seventyseven seventyseven
seventyeight seventyeight
seventynine seventynine
eightyone eightyone
eightytwo eightytwo
eightyfour eightyfour
eightyseven eightyseven
eightyeight eightyeight
eightynine eightynine
ninetyfive ninetyfive
