0 109 110 114 108 92 150 181 158 32 99 160 20 79 167 198 170 47 87 151 199 15 182 70 172 133 107 44 183 120 98 90 28 84 121 9 155 185 127 141 57 40 91 1 61 162 49 24 100 96 16 146 119 60 148 171 50 153 19 74 52 71 124 23 180 68 37 112 75 29 152 66 134 132 138 43 144 85 11 113 118 48 179 111 139 178 13 177 33 17 142 192 78 6 51 106 86 135 35 42 165 175 174 191 77 188 14 36 12 8 196 164 54 131 129 65 56 161 7 184 159 80 193 55 166 21 123 195 156 126 140 101 157 38 58 81 18 39 168 187 147 197 25 154 145 10 88 3 95 122 73 64 130 116 67 105 27 97 76 117 186 128 194 169 189 143 94 82 93 26 30 41 69 163 22 72 125 149 45 46 45 149 125 72 22 163 69 41 30 26 93 82 94 143 189 169 194 128 186 117 76 97 27 105 67 116 130 64 73 122 95 3 88 10 145 154 25 197 147 187 168 39 18 81 58 38 157 101 140 126 156 195 123 21 166 55 193 80 159 184 7 161 56 65 129 131 54 164 196 8 12 36 14 188 77 191 174 175 165 42 35 135 86 106 51 6 78 192 142 17 33 177 13 178 139 111 179 48 118 113 11 85 144 43 138 132 134 66 152 29 75 112 37 68 180 23 124 71 52 74 19 153 50 171 148 60 119 146 16 96 100 24 49 162 61 1 91 40 57 141 127 185 155 9 121 84 28 90 98 120 183 44 107 133 172 70 182 15 199 151 87 47 170 198 167 79 20 160 99 32 158 181 150 92 108 114 110 109 0 136 53 102 190 115 59 89 83 104 63 173 5 2 103 31 4 34 176 62 137 62 176 34 4 31 103 2 5 173 63 104 83 89 59 115 190 102 53 136 0
100
66 66
31 31
93 93
36 36
74 74
59 59
22 22
99 99
62 62
43 43
41 41
77 77
50 50
58 58
60 60
15 15
49 49
45 45
95 95
4 4
1 1
44 44
75 75
18 18
96 96
37 37
67 67
76 76
79 79
38 38
92 92
29 29
19 19
71 71
27 27
73 73
28 28
34 34
7 7
17 17
63 63
0 0
47 47
97 97
40 40
84 84
61 61
20 20
85 85
80 80
98 98
53 53
72 72
52 52
46 46
64 64
78 78
30 30
89 89
57 57
35 35
23 23
82 82
32 32
68 68
25 25
91 91
54 54
48 48
10 10
56 56
83 83
55 55
33 33
81 81
86 86
2 2
51 51
94 94
90 90
6 6
5 5
8 8
24 24
70 70
87 87
9 9
12 12
14 14
39 39
16 16
65 65
42 42
11 11
3 3
21 21
69 69
26 26
13 13
88 88
