0 36 89 80 28 71 96 52 58 38 9 45 49 68 11 14 33 63 65 98 70 67 32 7 17 16 92 66 87 22 21 54 13 69 3 34 25 56 15 90 75 73 1 97 40 85 44 82 91 74 81 76 79 50 47 2 61 84 99 57 42 29 26 12 53 62 24 93 95 37 30 78 8 31 19 35 60 27 46 59 6 88 23 94 64 39 72 77 18 86 4 20 41 51 55 48 10 43 83 43 10 48 55 51 41 20 4 86 18 77 72 39 64 94 23 88 6 59 46 27 60 35 19 31 8 78 30 37 95 93 24 62 53 12 26 29 42 57 99 84 61 2 47 50 79 76 81 74 91 82 44 85 40 97 1 73 75 90 15 56 25 34 3 69 13 54 21 22 87 66 92 16 17 7 32 67 70 98 65 63 33 14 11 68 49 45 9 38 58 52 96 71 28 80 89 36 0 5 0
50
38 38
32 32
2 2
11 11
25 25
24 24
27 27
9 9
41 41
19 19
18 18
44 44
23 23
36 36
5 5
1 1
35 35
0 0
43 43
28 28
34 34
33 33
31 31
15 15
40 40
48 48
21 21
42 42
6 6
22 22
7 7
49 49
47 47
3 3
10 10
39 39
29 29
30 30
45 45
14 14
8 8
4 4
20 20
13 13
46 46
12 12
17 17
16 16
37 37
26 26
