0 3 117 191 140 139 137 135 133 131 129 127 125 123 121 120 122 124 126 128 130 132 134 136 138 178 177 176 174 172 173 175 154 152 150 142 105 141 143 144 145 146 147 148 149 151 153 158 156 155 157 159 160 161 162 163 164 165 166 167 168 169 170 171 119 43 34 60 103 21 14 86 59 69 41 50 7 106 38 44 49 102 2 107 4 90 57 74 99 46 64 39 65 104 18 109 45 95 100 97 89 16 48 93 24 72 112 92 55 96 10 26 9 29 62 33 28 13 58 115 108 51 67 52 5 94 11 19 32 71 54 36 61 63 8 91 118 98 31 27 37 20 70 23 83 87 80 42 40 79 25 56 84 88 22 6 30 75 110 78 113 12 114 180 179 181 182 183 184 185 186 187 189 192 194 196 198 196 194 192 189 187 186 185 184 183 182 181 179 180 114 12 113 78 110 75 30 6 22 88 84 56 25 79 40 42 80 87 83 23 70 20 37 27 31 98 118 91 8 63 61 36 54 71 32 19 11 94 5 52 67 51 108 115 58 13 28 33 62 29 9 26 10 96 55 92 112 72 24 93 48 16 89 97 100 95 45 109 18 104 65 39 64 46 99 74 57 90 4 107 2 102 49 44 38 106 7 50 41 69 59 86 14 21 103 60 34 43 119 171 170 169 168 167 166 165 164 163 162 161 160 159 157 155 156 158 153 151 149 148 147 146 145 144 143 141 105 142 150 152 154 175 173 172 174 176 177 178 138 136 134 132 130 128 126 124 122 120 121 123 125 127 129 131 133 135 137 139 140 191 117 3 0 81 85 1 73 53 17 111 77 66 101 68 15 76 47 35 82 116 188 190 193 195 197 199 197 195 193 190 188 116 82 35 47 76 15 68 101 66 77 111 17 53 73 1 85 81 0
80
120 120
121 121
122 122
123 123
124 124
125 125
126 126
127 127
128 128
129 129
130 130
131 131
132 132
133 133
134 134
135 135
136 136
137 137
138 138
139 139
140 140
141 141
142 142
143 143
144 144
145 145
146 146
147 147
148 148
149 149
150 150
151 151
152 152
153 153
154 154
155 155
156 156
157 157
158 158
159 159
160 160
161 161
162 162
163 163
164 164
165 165
166 166
167 167
168 168
169 169
170 170
171 171
172 172
173 173
174 174
175 175
176 176
177 177
178 178
179 179
180 180
181 181
182 182
183 183
184 184
185 185
186 186
187 187
188 188
189 189
190 190
191 191
192 192
193 193
194 194
195 195
196 196
197 197
198 198
199 199
