Djibouti Brunei Botswana Belize Belarus Barbados Bavaria Bahrain Austria Armenia Antigu Argentina Andorra Albania Afghanistan Algeria Angola Australia Azerbaijan Austrian Baden Bangladesh Belgium Bolivia Benin Bosnia Brazil Bulgaria Burma Cabo Cameroon Chad China Comoros CotedIvoire Cuba Czechi Congo Czechi Cuba CotedIvoire Comoros China Chad Cameroon Cabo Burma Bulgaria Brazil Bosnia Benin Bolivia Belgium Bangladesh Baden Austrian Azerbaijan Australia Angola Algeria Afghanistan Albania Andorra Argentina Antigu Armenia Austria Bahrain Bavaria Barbados Belarus Belize Botswana Brunei Djibouti Brunswick Burkina Burundi Cambodia Canada Chile Colombia Costarica Croatia Cyprus Czechoslovakia Denmark Czechoslovakia Cyprus Croatia Costarica Colombia Chile Canada Cambodia Burundi Burkina Brunswick Djibouti
25
Afghanistan Afghanistan
Albania Albania
Algeria Algeria
Andorra Andorra
Angola Angola
Antigu Antigu
Argentina Argentina
Armenia Armenia
Australia Australia
Austria Austria
Austrian Austrian
Azerbaijan Azerbaijan
Baden Baden
Bahrain Bahrain
Bangladesh Bangladesh
Barbados Barbados
Bavaria Bavaria
Belarus Belarus
Belgium Belgium
Belize Belize
Benin Benin
Bolivia Bolivia
Bosnia Bosnia
Botswana Botswana
Brazil Brazil
