Afghanistan Dominica Ecuador ElSalvador Eritrea Eswatini Fiji France Georgia Ghana Grenada Guinea Guyana Hanover Hawaii HolySee Hungary Iraq Israel Jamaica Jordan Kenya Korea Kuwait Laos LewChew Laos Kuwait Korea Kenya Jordan Jamaica Israel Iraq Hungary HolySee Hawaii Hanover Guyana Guinea Grenada Ghana Georgia France Fiji Eswatini Eritrea ElSalvador Ecuador Dominica Afghanistan Albania Algeria Andorra Angola Antigu Argentina Armenia Australia Austria Austrian Azerbaijan Baden Bahrain Bangladesh Barbados Bavaria Belarus Belgium Belize Benin Bolivia Bosnia Botswana Brazil Brunei Brunswick Bulgaria Burkina Burma Burundi Cabo Cambodia Cameroon Canada Chad Chile China Colombia Comoros Costarica CotedIvoire Croatia Cuba Cyprus Czechi Czechoslovakia Congo Denmark Djibouti Dominicanrepublic Egypt EquatorialGuinea Estonia Ethiopia Finland Gabon Germany Greece Guatemala GuineaBissau Haiti HanseaticRepublics Hesse Honduras Iran Ireland Italy Japan Kazakhstan Kiribati Kosovo Kyrgyzstan Latvia Loochoo Latvia Kyrgyzstan Kosovo Kiribati Kazakhstan Japan Italy Ireland Iran Honduras Hesse HanseaticRepublics Haiti GuineaBissau Guatemala Greece Germany Gabon Finland Ethiopia Estonia EquatorialGuinea Egypt Dominicanrepublic Djibouti Denmark Congo Czechoslovakia Czechi Cyprus Cuba Croatia CotedIvoire Costarica Comoros Colombia China Chile Chad Canada Cameroon Cambodia Cabo Burundi Burma Burkina Bulgaria Brunswick Brunei Brazil Botswana Bosnia Bolivia Benin Belize Belgium Belarus Bavaria Barbados Bangladesh Bahrain Baden Azerbaijan Austrian Austria Australia Armenia Argentina Antigu Angola Andorra Algeria Albania Afghanistan
50
Afghanistan Afghanistan
Albania Albania
Algeria Algeria
Andorra Andorra
Angola Angola
Antigu Antigu
Argentina Argentina
Armenia Armenia
Australia Australia
Austria Austria
Austrian Austrian
Azerbaijan Azerbaijan
Baden Baden
Bahrain Bahrain
Bangladesh Bangladesh
Barbados Barbados
Bavaria Bavaria
Belarus Belarus
Belgium Belgium
Belize Belize
Benin Benin
Bolivia Bolivia
Bosnia Bosnia
Botswana Botswana
Brazil Brazil
Brunei Brunei
Brunswick Brunswick
Bulgaria Bulgaria
Burkina Burkina
Burma Burma
Burundi Burundi
Cabo Cabo
Cambodia Cambodia
Cameroon Cameroon
Canada Canada
Chad Chad
Chile Chile
China China
Colombia Colombia
Comoros Comoros
Costarica Costarica
CotedIvoire CotedIvoire
Croatia Croatia
Cuba Cuba
Cyprus Cyprus
Czechi Czechi
Czechoslovakia Czechoslovakia
Congo Congo
Denmark Denmark
Djibouti Djibouti
