equinox name smash roll commitment president houseplant seller pudding prestige camp slice flow balance corpse reinforce analyst extension brick fish implication explicit active old funeral chain presidential dry revise mastermind tropical charismatic walk progress method machinery wilderness constant lamb improvement sell cycle incident cherry orange community frighten map kitchen farewell muggy launch glove suffering novel prejudice mirror bark aisle conference sustain hiccup photograph resident safari secretary paint essential jurisdiction curtain tile liability distinct twitch net perform favor research shift referee shift research favor perform net twitch distinct liability tile curtain jurisdiction essential paint secretary safari resident photograph hiccup sustain conference aisle bark mirror prejudice novel suffering glove launch muggy farewell kitchen map frighten community orange cherry incident cycle sell improvement lamb constant wilderness machinery method progress walk charismatic tropical mastermind revise dry presidential chain funeral old active explicit implication fish brick extension analyst reinforce corpse balance flow slice camp prestige pudding seller houseplant president commitment roll smash name equinox band clothes candle dollar remark duck fibre union advocate approach recording tongue morale account uncertainty death improve disposition survey acquisition survey disposition improve death uncertainty account morale tongue recording approach advocate union fibre duck remark dollar candle clothes band equinox
43
houseplant houseplant
lamb lamb
fibre fibre
presidential presidential
chain chain
union union
essential essential
brick brick
mastermind mastermind
aisle aisle
novel novel
bark bark
disposition disposition
paint paint
secretary secretary
uncertainty uncertainty
photograph photograph
explicit explicit
slice slice
band band
farewell farewell
seller seller
fish fish
orange orange
clothes clothes
prejudice prejudice
muggy muggy
flow flow
wilderness wilderness
equinox equinox
analyst analyst
dry dry
twitch twitch
funeral funeral
method method
jurisdiction jurisdiction
dollar dollar
corpse corpse
remark remark
referee referee
hiccup hiccup
glove glove
tropical tropical
