pump need preoccupation inquiry voice splurge fitness prevent clock plane salesperson share admiration attractive parallel ghost diagram precede extension appearance peasant forest prospect pedestrian nominate spine irony sacrifice wear sketch lot gloom innovation hierarchy Bible cooperative pray ensure lemon exercise resort mud lead grudge preparation differ twitch posture crossing pursuit jelly leg tune hit connection projection hiccup terminal incongruous achievement symbol discreet opposite bear genetic wage physical advance privilege depressed shed inspector few duck final category injury hallway implication grimace Mars slam sex track ideal mouse anger pipe sequence flight sit deprivation compromise distributor impound nap criminal polish statement strong girl performance title speech lump range coffee transform row novel operational line sensitivity brain allow spell cemetery agenda park wording protect fairy flourish around bacon consideration freedom overlook incapable overlook freedom consideration bacon around flourish fairy protect wording park agenda cemetery spell allow brain sensitivity line operational novel row transform coffee range lump speech title performance girl strong statement polish criminal nap impound distributor compromise deprivation sit flight sequence pipe anger mouse ideal track sex slam Mars grimace implication hallway injury category final duck few inspector shed depressed privilege advance physical wage genetic bear opposite discreet symbol achievement incongruous terminal hiccup projection connection hit tune leg jelly pursuit crossing posture twitch differ preparation grudge lead mud resort exercise lemon ensure pray cooperative Bible hierarchy innovation gloom lot sketch wear sacrifice irony spine nominate pedestrian prospect forest peasant appearance extension precede diagram ghost parallel attractive admiration share salesperson plane clock prevent fitness splurge voice inquiry preoccupation need pump gun descent opposition unanimous consensus vehicle likely engineer control increase guideline peanut pastel minor pepper office tease affect soap packet sentiment ton sweet formulate quaint thrust coma aspect tip feign leadership dark float skin reject judicial plug dialect seller presence fool set anniversary moment go extend wing arise racism glory slump talkative reduction wife survival tournament rock valley linger quotation literature money abortion AIDS ground satellite reflection separate sticky button election button sticky separate reflection satellite ground AIDS abortion money literature quotation linger valley rock tournament survival wife reduction talkative slump glory racism arise wing extend go moment anniversary set fool presence seller dialect plug judicial reject skin float dark leadership feign tip aspect coma thrust quaint formulate sweet ton sentiment packet soap affect tease office pepper minor pastel peanut guideline increase control engineer likely vehicle consensus unanimous opposition descent gun pump
78
guideline guideline
ensure ensure
hallway hallway
sticky sticky
impound impound
physical physical
category category
tip tip
range range
prospect prospect
literature literature
distributor distributor
row row
sweet sweet
rock rock
pipe pipe
nominate nominate
mouse mouse
appearance appearance
lemon lemon
fairy fairy
mud mud
anger anger
brain brain
unanimous unanimous
consideration consideration
reflection reflection
plug plug
preoccupation preoccupation
linger linger
minor minor
sentiment sentiment
depressed depressed
parallel parallel
feign feign
sacrifice sacrifice
wage wage
affect affect
reject reject
innovation innovation
admiration admiration
overlook overlook
freedom freedom
aspect aspect
ground ground
polish polish
park park
button button
line line
pedestrian pedestrian
engineer engineer
wear wear
pursuit pursuit
exercise exercise
float float
gloom gloom
attractive attractive
separate separate
title title
formulate formulate
diagram diagram
judicial judicial
performance performance
pray pray
forest forest
need need
pump pump
genetic genetic
valley valley
descent descent
packet packet
lot lot
hierarchy hierarchy
ghost ghost
leadership leadership
privilege privilege
sit sit
survival survival
