paint fetch stop sink route blade ignite slam trucks glamorous ray desire simple puny shed stink fine boys inherit tame argue finish stereotyped ice sugar determine complain learning ambiguous water diligent floor same nutty indicate resonant hit stream sick measure heady appear heady measure sick stream hit resonant indicate nutty same floor diligent water ambiguous learning complain determine sugar ice stereotyped finish argue tame inherit boys fine stink shed puny simple desire ray glamorous trucks slam ignite blade route sink stop fetch paint wooden brake wrist imported thumb baseball fling rake fling baseball thumb imported wrist brake wooden paint
25
ambiguous ambiguous
rake rake
blade blade
inherit inherit
paint paint
desire desire
nutty nutty
ice ice
floor floor
thumb thumb
finish finish
measure measure
indicate indicate
ray ray
diligent diligent
same same
determine determine
glamorous glamorous
slam slam
route route
imported imported
complain complain
learning learning
stink stink
wooden wooden
