188645 0FB66D CEAE00 B833F0 FA567E 2F1AB5 9B9BDD D04F40 628AB2 D443EB D7CAF9 36D08C F53049 567883 143B88 44716B 500783 35FF16 A5CCB5 DBDC9A A7E9D9 B7B073 657F93 24CE25 561BC2 E0E349 318BA7 2C101C CB09C0 7A7E10 15E2D3 1276AF 0801CC 9B0EC2 B3243F 1472B4 825884 48C2D5 AFF8D1 E09D29 C98FE7 17A825 19FFAB 4B39CA D9447D 61EDA9 35F60D AA8E14 724A76 29B2A4 70146D 8499F1 673B36 C0766C 07D80A 103C70 84EBFF 2EA2EE 1EB422 0D7DE7 E954F7 EDC0CA EF4D57 3AA8C5 3B1041 7E5598 DDF3EB D27DC1 6D778A 800641 994F93 FD1783 EC05F7 539A92 7E18E9 37F745 8D0852 09A4FD 7BF2B5 784F83 AE6906 AD298D DD2694 31D332 B0C7A5 3C7AA2 B86446 4FBDE1 DF9F85 ACB11D D01E6B 0A5C0E 0FBCDC 467AB7 0FBCDC 0A5C0E D01E6B ACB11D DF9F85 4FBDE1 B86446 3C7AA2 B0C7A5 31D332 DD2694 AD298D AE6906 784F83 7BF2B5 09A4FD 8D0852 37F745 7E18E9 539A92 EC05F7 FD1783 994F93 800641 6D778A D27DC1 DDF3EB 7E5598 3B1041 3AA8C5 EF4D57 EDC0CA E954F7 0D7DE7 1EB422 2EA2EE 84EBFF 103C70 07D80A C0766C 673B36 8499F1 70146D 29B2A4 724A76 AA8E14 35F60D 61EDA9 D9447D 4B39CA 19FFAB 17A825 C98FE7 E09D29 AFF8D1 48C2D5 825884 1472B4 B3243F 9B0EC2 0801CC 1276AF 15E2D3 7A7E10 CB09C0 2C101C 318BA7 E0E349 561BC2 24CE25 657F93 B7B073 A7E9D9 DBDC9A A5CCB5 35FF16 500783 44716B 143B88 567883 F53049 36D08C D7CAF9 D443EB 628AB2 D04F40 9B9BDD 2F1AB5 FA567E B833F0 CEAE00 0FB66D 188645 D5356A 3ADA02 94D700 410DA1 298FDD FF8D45 298FDD 410DA1 94D700 3ADA02 D5356A 188645
50
84EBFF 84EBFF
FD1783 FD1783
19FFAB 19FFAB
29B2A4 29B2A4
DBDC9A DBDC9A
500783 500783
94D700 94D700
467AB7 467AB7
188645 188645
CB09C0 CB09C0
AA8E14 AA8E14
4FBDE1 4FBDE1
539A92 539A92
D7CAF9 D7CAF9
48C2D5 48C2D5
A7E9D9 A7E9D9
E954F7 E954F7
DD2694 DD2694
D01E6B D01E6B
800641 800641
C98FE7 C98FE7
784F83 784F83
0A5C0E 0A5C0E
9B9BDD 9B9BDD
9B0EC2 9B0EC2
994F93 994F93
07D80A 07D80A
724A76 724A76
6D778A 6D778A
0FBCDC 0FBCDC
B833F0 B833F0
B7B073 B7B073
D04F40 D04F40
3B1041 3B1041
8D0852 8D0852
E09D29 E09D29
0FB66D 0FB66D
2C101C 2C101C
D5356A D5356A
D443EB D443EB
AFF8D1 AFF8D1
3ADA02 3ADA02
628AB2 628AB2
1276AF 1276AF
FF8D45 FF8D45
A5CCB5 A5CCB5
EF4D57 EF4D57
7E18E9 7E18E9
44716B 44716B
37F745 37F745
