7FD578 853F1A 1176C9 6C7BF0 7CDA20 9A65B7 F94356 309D1E 877D0E CE97C4 1BD5F4 2E60FC 1EE680 2E60FC 1BD5F4 CE97C4 877D0E 309D1E F94356 9A65B7 7CDA20 6C7BF0 1176C9 853F1A 7FD578 1AC5CE 283373 ED0989 138F30 C3030C 7EA726 E5D023 2C376F 3E0BDD AA2C70 66B94B F4C859 4BCD0B 61D740 342A3C 0FED38 C03738 EEEA40 9F01C8 8633C5 01684B 859C0E 17BEF0 62DE79 2A2C8A 2FBF68 FF39A5 981760 B40756 9B7F16 6CAF19 E27C41 719360 19E454 57CBDE 7B7BDE A085DD 7B7BDE 57CBDE 19E454 719360 E27C41 6CAF19 9B7F16 B40756 981760 FF39A5 2FBF68 2A2C8A 62DE79 17BEF0 859C0E 01684B 8633C5 9F01C8 EEEA40 C03738 0FED38 342A3C 61D740 4BCD0B F4C859 66B94B AA2C70 3E0BDD 2C376F E5D023 7EA726 C3030C 138F30 ED0989 283373 1AC5CE 7FD578
25
01684B 01684B
6CAF19 6CAF19
E27C41 E27C41
7B7BDE 7B7BDE
B40756 B40756
F4C859 F4C859
A085DD A085DD
981760 981760
E5D023 E5D023
9B7F16 9B7F16
1BD5F4 1BD5F4
3E0BDD 3E0BDD
1EE680 1EE680
1AC5CE 1AC5CE
6C7BF0 6C7BF0
1176C9 1176C9
2C376F 2C376F
859C0E 859C0E
61D740 61D740
FF39A5 FF39A5
9F01C8 9F01C8
877D0E 877D0E
2E60FC 2E60FC
66B94B 66B94B
EEEA40 EEEA40
