F1E81B 6F492E 91A0DC 2FEDFB 6B340B AE4A01 6966D7 1111F7 D4A75D 14B430 E80628 14B430 D4A75D 1111F7 6966D7 AE4A01 6B340B 2FEDFB 91A0DC 6F492E F1E81B 47FACD 0F5860 A1F104 CC9C14 6B4619 C3EF62 10520F 48EA33 E63884 C18C9B BB4908 EAD0E3 112AE7 94A561 77A0B5 490F1E AD0427 BB40E6 205E5C DCE144 8F495E 0CBC31 E3C2C9 8015E0 29D5D7 98C2CE 462226 1977E0 D1967A 3B4B53 5A3862 82A1F6 CC6D2A 2BF7B5 5D0E2E C953A6 013940 93EBE3 28F6D1 2CCB19 239994 FB0EF2 CD2CA7 230A7C 3C5D7A EE2A22 4B97F1 14994D 6825D4 3EDE7E B23A80 E2CE9F E33276 A7D03E EB719D 8BFCAC BF6302 B23276 66048A 36590B 9096DB C9AF85 E5E6C0 580DB7 36C862 7829D7 099830 04439C AEFF96 B27903 1E1095 8B6C2F 2595F1 8B519F 1EC224 5BB557 BA32D6 CB3924 06C557 B75549 EDF90E C63C0A 6D51F4 846159 D6CC7A B47658 DEC4F2 825EC5 151BC9 8F17C0 D8AAF4 A014A0 A94B37 13A782 BA3320 90451D CEAC59 103724 305D33 191510 9A8DF4 61199E 086D53 F33196 E81014 0C73D8 86493E 4B3F8A 2924CB BDE94D F8EE67 DE6899 59843B 5FD658 770D1A CDC6D4 8417C8 6C010A DD07FF 0A147B 17779E FFFD4B 573788 2334E8 851F90 B7F75A EC4D08 E0BEFC 17BB75 D1AE72 F3EDB3 40D10E 2CF818 C3B3E7 002274 D337F2 E51A66 7D997B 85D6DB 63361A 20EAE7 ABD8FE 783751 D2BE39 4099A6 55BAD2 4A28BA C45E71 6B622D 5F4E43 53C6C8 9DA2E3 62C365 CF668A 614224 FFEEBD 7BE8A9 5EFED0 94941B 4A5708 8C971D 8EBF8A 1D21D3 EB8E2E 596CF6 C4303B 2CA4AD 1B337D 7E1C6C 4CAD30 293D59 7E78F3 1F842B B69F55 79BC3D 52C88C A9F1B8 24743A 251939 5C7062 9D4968 124C90 612FAA 396D53 813B05 6B644E 6CAF46 685D1A 6E313C 685D1A 6CAF46 6B644E 813B05 396D53 612FAA 124C90 9D4968 5C7062 251939 24743A A9F1B8 52C88C 79BC3D B69F55 1F842B 7E78F3 293D59 4CAD30 7E1C6C 1B337D 2CA4AD C4303B 596CF6 EB8E2E 1D21D3 8EBF8A 8C971D 4A5708 94941B 5EFED0 7BE8A9 FFEEBD 614224 CF668A 62C365 9DA2E3 53C6C8 5F4E43 6B622D C45E71 4A28BA 55BAD2 4099A6 D2BE39 783751 ABD8FE 20EAE7 63361A 85D6DB 7D997B E51A66 D337F2 002274 C3B3E7 2CF818 40D10E F3EDB3 D1AE72 17BB75 E0BEFC EC4D08 B7F75A 851F90 2334E8 573788 FFFD4B 17779E 0A147B DD07FF 6C010A 8417C8 CDC6D4 770D1A 5FD658 59843B DE6899 F8EE67 BDE94D 2924CB 4B3F8A 86493E 0C73D8 E81014 F33196 086D53 61199E 9A8DF4 191510 305D33 103724 CEAC59 90451D BA3320 13A782 A94B37 A014A0 D8AAF4 8F17C0 151BC9 825EC5 DEC4F2 B47658 D6CC7A 846159 6D51F4 C63C0A EDF90E B75549 06C557 CB3924 BA32D6 5BB557 1EC224 8B519F 2595F1 8B6C2F 1E1095 B27903 AEFF96 04439C 099830 7829D7 36C862 580DB7 E5E6C0 C9AF85 9096DB 36590B 66048A B23276 BF6302 8BFCAC EB719D A7D03E E33276 E2CE9F B23A80 3EDE7E 6825D4 14994D 4B97F1 EE2A22 3C5D7A 230A7C CD2CA7 FB0EF2 239994 2CCB19 28F6D1 93EBE3 013940 C953A6 5D0E2E 2BF7B5 CC6D2A 82A1F6 5A3862 3B4B53 D1967A 1977E0 462226 98C2CE 29D5D7 8015E0 E3C2C9 0CBC31 8F495E DCE144 205E5C BB40E6 AD0427 490F1E 77A0B5 94A561 112AE7 EAD0E3 BB4908 C18C9B E63884 48EA33 10520F C3EF62 6B4619 CC9C14 A1F104 0F5860 47FACD F1E81B
100
573788 573788
29D5D7 29D5D7
8015E0 8015E0
17779E 17779E
D337F2 D337F2
CEAC59 CEAC59
AE4A01 AE4A01
D1967A D1967A
B47658 B47658
230A7C 230A7C
1F842B 1F842B
47FACD 47FACD
C3EF62 C3EF62
E81014 E81014
A1F104 A1F104
52C88C 52C88C
E5E6C0 E5E6C0
6B340B 6B340B
2CCB19 2CCB19
AEFF96 AEFF96
851F90 851F90
8BFCAC 8BFCAC
E51A66 E51A66
396D53 396D53
9096DB 9096DB
596CF6 596CF6
8F495E 8F495E
4099A6 4099A6
F33196 F33196
FFEEBD FFEEBD
614224 614224
94A561 94A561
305D33 305D33
C18C9B C18C9B
151BC9 151BC9
36C862 36C862
93EBE3 93EBE3
C9AF85 C9AF85
6B622D 6B622D
783751 783751
CC9C14 CC9C14
66048A 66048A
770D1A 770D1A
20EAE7 20EAE7
6E313C 6E313C
E80628 E80628
4B97F1 4B97F1
0CBC31 0CBC31
8B6C2F 8B6C2F
0F5860 0F5860
685D1A 685D1A
61199E 61199E
1E1095 1E1095
2BF7B5 2BF7B5
59843B 59843B
4A28BA 4A28BA
5BB557 5BB557
90451D 90451D
5F4E43 5F4E43
5C7062 5C7062
C4303B C4303B
8B519F 8B519F
7829D7 7829D7
B7F75A B7F75A
14994D 14994D
6D51F4 6D51F4
239994 239994
2FEDFB 2FEDFB
813B05 813B05
8417C8 8417C8
DCE144 DCE144
D4A75D D4A75D
7E78F3 7E78F3
4CAD30 4CAD30
28F6D1 28F6D1
6966D7 6966D7
7E1C6C 7E1C6C
8EBF8A 8EBF8A
B69F55 B69F55
F1E81B F1E81B
C3B3E7 C3B3E7
3B4B53 3B4B53
D6CC7A D6CC7A
86493E 86493E
85D6DB 85D6DB
4A5708 4A5708
490F1E 490F1E
FFFD4B FFFD4B
BB40E6 BB40E6
DE6899 DE6899
293D59 293D59
14B430 14B430
8F17C0 8F17C0
E3C2C9 E3C2C9
BB4908 BB4908
77A0B5 77A0B5
124C90 124C90
ABD8FE ABD8FE
63361A 63361A
36590B 36590B
