context technology disaster drawing aspect construction satisfaction reality departure price fun interaction force anxiety currency wood bit soil ability state thanks fat order relationship while cell cabinet subject soup wedding fact indication fact wedding soup subject cabinet cell while relationship order fat thanks state ability soil bit wood currency anxiety force interaction fun price departure reality satisfaction construction aspect drawing disaster technology context association part study potato bread teaching road priority car attempt bank bedroom farmer store class recognition stress care stress recognition class store farmer bedroom bank attempt car priority road teaching bread potato study part association context
25
care care
context context
while while
currency currency
reality reality
bedroom bedroom
wood wood
bit bit
ability ability
interaction interaction
farmer farmer
construction construction
teaching teaching
soil soil
state state
satisfaction satisfaction
store store
attempt attempt
departure departure
fat fat
thanks thanks
bread bread
anxiety anxiety
aspect aspect
road road
