engine question reputation significance supermarket dealer size police bath delivery card emphasis argument preparation gift member wealth oven girl song industry grandmother light office area series energy secretary blood future possibility failure engineering tool guest economy promotion church accident risk square chapter key material dirt director sport satisfaction water side product information clothes north ability aspect measurement economics ear money car drawing piano combination country bus volume idea town technology fact answer singer employment tongue source conclusion war performance difficulty sympathy variation platform stress difference understanding access version buyer oil opportunity hotel style love culture education birth departure success resolution room entertainment editor judgment space camera teaching thanks step while career passenger class debt indication debt class passenger career while step thanks teaching camera space judgment editor entertainment room resolution success departure birth education culture love style hotel opportunity oil buyer version access understanding difference stress platform variation sympathy difficulty performance war conclusion source tongue employment singer answer fact technology town idea volume bus country combination piano drawing car money ear economics measurement aspect ability north clothes information product side water satisfaction sport director dirt material key chapter square risk accident church promotion economy guest tool engineering failure possibility future blood secretary energy series area office light grandmother industry song girl oven wealth member gift preparation argument emphasis card delivery bath police size dealer supermarket significance reputation question engine equipment error feature temperature statement age network stranger extent feedback strategy finding theory poetry effort interaction menu work situation flight politics practice rock permission credit speech business process force reaction mind issue disaster girlfriend leadership model trainer map personality fishing comparison tax meal eye funeral teacher standard problem reading moment beginning drawer reason tension thing database type figure tooth cabinet homework share choice transportation exam son honey machine recording data trade beer two view time worker wind section building exercise tennis ratio analyst training black training analyst ratio tennis exercise building section wind worker time view two beer trade data recording machine honey son exam transportation choice share homework cabinet tooth figure type database thing tension reason drawer beginning moment reading problem standard teacher funeral eye meal tax comparison fishing personality map trainer model leadership girlfriend disaster issue mind reaction force process business speech credit permission rock practice politics flight situation work menu interaction effort poetry theory finding strategy feedback extent stranger network age statement temperature feature error equipment engine
100
business business
light light
beginning beginning
secretary secretary
drawer drawer
promotion promotion
piano piano
space space
volume volume
speech speech
member member
office office
meal meal
model model
situation situation
standard standard
beer beer
understanding understanding
teaching teaching
worker worker
chapter chapter
machine machine
teacher teacher
time time
preparation preparation
engine engine
card card
choice choice
emphasis emphasis
reputation reputation
satisfaction satisfaction
leadership leadership
politics politics
tax tax
aspect aspect
birth birth
grandmother grandmother
departure departure
money money
performance performance
age age
significance significance
accident accident
difficulty difficulty
interaction interaction
data data
failure failure
class class
eye eye
view view
two two
step step
fact fact
sympathy sympathy
mind mind
country country
engineering engineering
moment moment
funeral funeral
figure figure
editor editor
director director
song song
area area
section section
energy energy
problem problem
buyer buyer
measurement measurement
source source
war war
process process
tension tension
tooth tooth
ear ear
clothes clothes
police police
drawing drawing
tool tool
answer answer
singer singer
education education
side side
variation variation
error error
ratio ratio
analyst analyst
menu menu
delivery delivery
town town
idea idea
series series
sport sport
bus bus
material material
dirt dirt
dealer dealer
girl girl
temperature temperature
flight flight
