S CT B CJ AK AW K BZ AT BF Q BG BT BI AC CU AL BR CR BD AY BJ CE BP U BA O BV AR BW W CK BC V BE AE BB AX L BY AP BO D CV D BO AP BY L AX BB AE BE V BC CK W BW AR BV O BA U BP CE BJ AY BD CR BR AL CU AC BI BT BG Q BF AT BZ K AW AK CJ B CT S A AQ CF AO CD AN BS AI BN AG BK AF BM AH BQ AM CB AD M CQ T CS BL AS P CI Z AV R CM C BH H CL N CO CN BU F CP AA CC CA BX AU I Y J AZ G X CH AJ AB E CW E AB AJ CH X G AZ J Y I AU BX CA CC AA CP F BU CN CO N CL H BH C CM R AV Z CI P AS BL CS T CQ M AD CB AM BQ AH BM AF BK AG BN AI BS AN CD AO CF AQ A S
50
A A
B B
C C
D D
E E
F F
G G
H H
I I
J J
K K
L L
M M
N N
O O
P P
Q Q
R R
S S
T T
U U
V V
W W
X X
Y Y
Z Z
AA AA
AB AB
AC AC
AD AD
AE AE
AF AF
AG AG
AH AH
AI AI
AJ AJ
AK AK
AL AL
AM AM
AN AN
AO AO
AP AP
AQ AQ
AR AR
AS AS
AT AT
AU AU
AV AV
AW AW
AX AX
