S AI X O U L AF P AT AS AU V AJ AN AV AX AZ BA BB BC BD BE BF BG BH BI BJ BL BM BN BO BP BQ BS M FG FI FK FM FO FQ FS FU FW FY GA GC C AR AQ AP AO AM AL AK AW AH AB AG CT Z AY Y J BW Q BT BU BV GJ AD DY AE DK W B DH DF DD DC DE DG DI DL DM DN DO DP DQ DS DT DU AC DR H EI A EK K CL CK CJ CI CH CF CE CC CA BZ BY BX CB EN EM EL EJ EH EG EF EE ED R DJ G CD N EC EB EA D GE GG GI GL GN GP QR GP GN GL GI GG GE D EA EB EC N CD G DJ R ED EE EF EG EH EJ EL EM EN CB BX BY BZ CA CC CE CF CH CI CJ CK CL K EK A EI H DR AC DU DT DS DQ DP DO DN DM DL DI DG DE DC DD DF DH B W DK AE DY AD GJ BV BU BT Q BW J Y AY Z CT AG AB AH AW AK AL AM AO AP AQ AR C GC GA FY FW FU FS FQ FO FM FK FI FG M BS BQ BP BO BN BM BL BJ BI BH BG BF BE BD BC BB BA AZ AX AV AN AJ V AU AS AT P AF L U O X AI S BK T BR AA E DX DV DW DZ F CM CN CO CP CQ CR CS CU CV CW CX CY CZ DA DB I FC FA EY EW EU ES EQ EO EP ER ET EV EX EZ FB FD FE FF FH FJ FL FN FP FR FT FV FX FZ GB GD GF GH GK GM GO GQ QS GQ GO GM GK GH GF GD GB FZ FX FV FT FR FP FN FL FJ FH FF FE FD FB EZ EX EV ET ER EP EO EQ ES EU EW EY FA FC I DB DA CZ CY CX CW CV CU CS CR CQ CP CO CN CM F DZ DW DV DX E AA BR T BK S
100
A A
B B
C C
D D
E E
F F
G G
H H
I I
J J
K K
L L
M M
N N
O O
P P
Q Q
R R
S S
T T
U U
V V
W W
X X
Y Y
Z Z
AA AA
AB AB
AC AC
AD AD
AE AE
AF AF
AG AG
AH AH
AI AI
AJ AJ
AK AK
AL AL
AM AM
AN AN
AO AO
AP AP
AQ AQ
AR AR
AS AS
AT AT
AU AU
AV AV
AW AW
AX AX
AY AY
AZ AZ
BA BA
BB BB
BC BC
BD BD
BE BE
BF BF
BG BG
BH BH
BI BI
BJ BJ
BK BK
BL BL
BM BM
BN BN
BO BO
BP BP
BQ BQ
BR BR
BS BS
BT BT
BU BU
BV BV
BW BW
BX BX
BY BY
BZ BZ
CA CA
CB CB
CC CC
CD CD
CE CE
CF CF
CH CH
CI CI
CJ CJ
CK CK
CL CL
CM CM
CN CN
CO CO
CP CP
CQ CQ
CR CR
CS CS
CT CT
CU CU
CV CV
CW CW
