Bowles LaVals Marina RoseGarden Strada UCha PhiKappaTau Hoyt Claremont Botanical Normandy SuperDuper Sinaloa YogurtPark Hildebrand Davis Browns Cafe3 TraderJoes Optometry Anthony Kroeber Maxwell Barrows Stern FSM Sliver Lawrence UCTheatre NCEM UCTheatre Lawrence Sliver FSM Stern Barrows Maxwell Kroeber Anthony Optometry TraderJoes Cafe3 Browns Davis Hildebrand YogurtPark Sinaloa SuperDuper Normandy Botanical Claremont Hoyt PhiKappaTau UCha Strada RoseGarden Marina LaVals Bowles Calvin Etcheverry Smokes Koja DYar Starbucks Chipotle MFoundry TriDelta GammaPhiBeta Fiji BearFoodCourt SigmaPhiOmega SigmaPsiZeta SigmaOmicronPi Marugame Kips Venus McDonalds Bachenheimer Rasputin Amoeba Walgreens Pappys HearstAnnex Lothlorien PhiKappaPsi ThetaChi AlphaSigmaPhi ChancellorHouse Ippuku LKShing Morgan Martinez WayWest CKerr Unit3 CVStarr Hillel Jupiter BAMPFA BART Unit2 Wolf StrawberryCreek Wilde Castro Sherman Stacks Pimentel South CalHall DonnerLab Easterly Edwards Chez NorthGate Artichokes Cheeseboard FallRush IndianRock Milano CREAM EZStop Cornerstone Crepevine Koshland Wheeler Hertz Jacob Hearst MLK Latimer Mulford Crescent Target Sather GBC Pavilion Haas Crossroads Euclid Ridge CZ Rochdale Cloyne BlueDoor Metropolitan sweetgreen BigC Extension Cinnaholic Greek Stebbins Safeway Warren Tan Hargrove MemorialStadium Campbell Doe Haviland IHouse RSF Boalt VLSB LeConte Stanley Cory Bechtel Birge Stephens Minor Memorial TacoBell Subway PeoplesPark Kresge Gregoire Kah Sutardja Wellman Lewis Morrison LaNote Convent Faculty Moffitt Evan Blackwell McLaughlin GenPlantBio OCF Campanile Bongo ShengKee Graduate Daiso Baker Simons Cheit Foothill Dwinelle TastyPot KappaAlpha SigmaChi Barker Fenwick TopDog Kidd Kingman Legends Spieker Chengdu Gypsys RareTea Moses Kee Soda Sproul Eshleman Unit1 Zellerbach Wurster McCone Spats Stonefire PiLambda PiAlphaPhi ALS PiAlphaPhi PiLambda Stonefire Spats McCone Wurster Zellerbach Unit1 Eshleman Sproul Soda Kee Moses RareTea Gypsys Chengdu Spieker Legends Kingman Kidd TopDog Fenwick Barker SigmaChi KappaAlpha TastyPot Dwinelle Foothill Cheit Simons Baker Daiso Graduate ShengKee Bongo Campanile OCF GenPlantBio McLaughlin Blackwell Evan Moffitt Faculty Convent LaNote Morrison Lewis Wellman Sutardja Kah Gregoire Kresge PeoplesPark Subway TacoBell Memorial Minor Stephens Birge Bechtel Cory Stanley LeConte VLSB Boalt RSF IHouse Haviland Doe Campbell MemorialStadium Hargrove Tan Warren Safeway Stebbins Greek Cinnaholic Extension BigC sweetgreen Metropolitan BlueDoor Cloyne Rochdale CZ Ridge Euclid Crossroads Haas Pavilion GBC Sather Target Crescent Mulford Latimer MLK Hearst Jacob Hertz Wheeler Koshland Crepevine Cornerstone EZStop CREAM Milano IndianRock FallRush Cheeseboard Artichokes NorthGate Chez Edwards Easterly DonnerLab CalHall South Pimentel Stacks Sherman Castro Wilde StrawberryCreek Wolf Unit2 BART BAMPFA Jupiter Hillel CVStarr Unit3 CKerr WayWest Martinez Morgan LKShing Ippuku ChancellorHouse AlphaSigmaPhi ThetaChi PhiKappaPsi Lothlorien HearstAnnex Pappys Walgreens Amoeba Rasputin Bachenheimer McDonalds Venus Kips Marugame SigmaOmicronPi SigmaPsiZeta SigmaPhiOmega BearFoodCourt Fiji GammaPhiBeta TriDelta MFoundry Chipotle Starbucks DYar Koja Smokes Etcheverry Calvin Bowles
80
Evan Evan
Foothill Foothill
Campbell Campbell
Doe Doe
Birge Birge
Campanile Campanile
Moses Moses
VLSB VLSB
Wellman Wellman
Koshland Koshland
Mulford Mulford
HearstAnnex HearstAnnex
RSF RSF
Haas Haas
Boalt Boalt
Wurster Wurster
Unit1 Unit1
Blackwell Blackwell
Zellerbach Zellerbach
Greek Greek
Maxwell Maxwell
Calvin Calvin
Etcheverry Etcheverry
Sutardja Sutardja
Kresge Kresge
Hildebrand Hildebrand
Morgan Morgan
Baker Baker
Barrows Barrows
Unit2 Unit2
Unit3 Unit3
CKerr CKerr
Martinez Martinez
WayWest WayWest
Pavilion Pavilion
Stacks Stacks
Simons Simons
PeoplesPark PeoplesPark
LaVals LaVals
Bongo Bongo
TacoBell TacoBell
Strada Strada
Edwards Edwards
Crossroads Crossroads
Browns Browns
Safeway Safeway
Gypsys Gypsys
Graduate Graduate
Daiso Daiso
YogurtPark YogurtPark
ShengKee ShengKee
Rochdale Rochdale
Cloyne Cloyne
Ridge Ridge
Lothlorien Lothlorien
Wilde Wilde
Castro Castro
Sherman Sherman
Wolf Wolf
Spats Spats
Crescent Crescent
Chipotle Chipotle
IndianRock IndianRock
NorthGate NorthGate
Extension Extension
UCTheatre UCTheatre
Cheeseboard Cheeseboard
RoseGarden RoseGarden
StrawberryCreek StrawberryCreek
GenPlantBio GenPlantBio
Barker Barker
Easterly Easterly
BearFoodCourt BearFoodCourt
AlphaSigmaPhi AlphaSigmaPhi
GammaPhiBeta GammaPhiBeta
PiLambda PiLambda
PiAlphaPhi PiAlphaPhi
MFoundry MFoundry
NCEM NCEM
ALS ALS
