Wheeler Doe Campanile LeConte Campbell Birge Lewis Greek Cory Jacobs Bechtel Foothill Stanley Latimer Evans Morrison Hertz Kroeber Wurster Boalt Unit1 HearstAnnex Blackwell Sproul Soda Etcheverry VLSB Moffitt CVStarr Morgan Pimentel Stern Anthony GBC Martinez Sather Unit3 Barker OCF Barrows Warren WayWest Ippuku Metropolitan FallRush Bongo NorthGate Cloyne Cafe3 Hearst Davis Kresge Normandy Cheit GenPlantBio Hildebrand CKerr McCone BigC Pavilion PeoplePark TriDelta PeoplePark Pavilion BigC McCone CKerr Hildebrand GenPlantBio Cheit Normandy Kresge Davis Hearst Cafe3 Cloyne NorthGate Bongo FallRush Metropolitan Ippuku WayWest Warren Barrows OCF Barker Unit3 Sather Martinez GBC Anthony Stern Pimentel Morgan CVStarr Moffitt VLSB Etcheverry Soda Sproul Blackwell HearstAnnex Unit1 Boalt Wurster Kroeber Hertz Morrison Evans Latimer Stanley Foothill Bechtel Jacobs Cory Greek Lewis Birge Campbell LeConte Campanile Doe Wheeler Dwinelle Mulford IHouse Zellerbach MLK Eshleman Hargrove Calvin MemorialStadium Maxwell Bowles Moses Stephens South McLaughlin Memorial Haviland Wellman RSF Koshland Stonefire Minor Haas Faculty FSM Baker RareTea CalHall Spieker CZ Fiji Simons Koja Legends Stacks LaNote Unit2 TacoBell Unit2 LaNote Stacks Legends Koja Simons Fiji CZ Spieker CalHall RareTea Baker FSM Faculty Haas Minor Stonefire Koshland RSF Wellman Haviland Memorial McLaughlin South Stephens Moses Bowles Maxwell MemorialStadium Calvin Hargrove Eshleman MLK Zellerbach IHouse Mulford Dwinelle Wheeler
36
Martinez Martinez
Barker Barker
Unit3 Unit3
OCF OCF
Hearst Hearst
Stonefire Stonefire
Unit2 Unit2
Legends Legends
TriDelta TriDelta
Metropolitan Metropolitan
Anthony Anthony
Moffitt Moffitt
Hargrove Hargrove
Sproul Sproul
Birge Birge
Dwinelle Dwinelle
Bechtel Bechtel
Jacobs Jacobs
Boalt Boalt
Kroeber Kroeber
Morrison Morrison
Haas Haas
Baker Baker
Fiji Fiji
CKerr CKerr
PeoplePark PeoplePark
RSF RSF
Cheit Cheit
Davis Davis
Cloyne Cloyne
Warren Warren
Etcheverry Etcheverry
Foothill Foothill
IHouse IHouse
McLaughlin McLaughlin
Moses Moses
