0 5 30 18 36 37 12 29 22 3 2 1 33 39 40 41 43 6 45 42 47 24 21 19 26 44 7 48 27 35 15 25 23 38 32 34 14 28 16 9 4 11 17 13 49 51 52 56 66 97 94 92 89 63 55 62 85 82 79 77 59 54 50 53 58 74 72 71 73 75 76 78 80 60 81 83 61 84 86 87 88 90 64 91 93 95 65 96 98 96 65 95 93 91 64 90 88 87 86 84 61 83 81 60 80 78 76 75 73 71 72 74 58 53 50 54 59 77 79 82 85 62 55 63 89 92 94 97 66 56 52 51 49 13 17 11 4 9 16 28 14 34 32 38 23 25 15 35 27 48 7 44 26 19 21 24 47 42 45 6 43 41 40 39 33 1 2 3 22 29 12 37 36 18 30 5 0 8 46 20 31 10 70 69 57 68 67 99 67 68 57 69 70 10 31 20 46 8 0
50
20 20
93 93
42 42
32 32
87 87
11 11
60 60
49 49
71 71
78 78
98 98
70 70
66 66
90 90
52 52
94 94
19 19
95 95
25 25
73 73
14 14
35 35
83 83
54 54
26 26
96 96
39 39
37 37
74 74
33 33
59 59
21 21
48 48
10 10
84 84
62 62
55 55
12 12
67 67
23 23
77 77
63 63
41 41
92 92
2 2
34 34
45 45
40 40
97 97
31 31
