0 17 13 32 45 39 37 38 35 31 97 72 64 7 1 6 8 9 14 15 12 62 81 82 78 74 76 79 89 47 46 73 85 90 86 10 83 84 87 88 91 92 93 25 24 23 22 77 30 28 26 29 75 34 33 36 27 19 16 18 21 57 61 60 59 56 54 52 50 49 51 53 55 20 43 41 40 42 5 65 70 44 68 48 71 69 3 2 11 58 98 80 66 63 67 4 96 94 95 99 114 192 190 188 186 113 185 183 181 179 176 174 172 170 167 109 164 162 160 158 108 155 153 151 149 147 144 142 140 138 105 137 135 104 133 131 129 127 128 130 132 134 136 139 141 143 145 106 146 148 150 107 152 154 156 157 159 161 163 165 166 168 110 169 171 173 175 177 111 178 180 112 182 184 187 189 191 193 194 195 196 197 115 101 116 198 116 101 115 197 196 195 194 193 191 189 187 184 182 112 180 178 111 177 175 173 171 169 110 168 166 165 163 161 159 157 156 154 152 107 150 148 146 106 145 143 141 139 136 134 132 130 128 127 129 131 133 104 135 137 105 138 140 142 144 147 149 151 153 155 108 158 160 162 164 109 167 170 172 174 176 179 181 183 185 113 186 188 190 192 114 99 95 94 96 4 67 63 66 80 98 58 11 2 3 69 71 48 68 44 70 65 5 42 40 41 43 20 55 53 51 49 50 52 54 56 59 60 61 57 21 18 16 19 27 36 33 34 75 29 26 28 30 77 22 23 24 25 93 92 91 88 87 84 83 10 86 90 85 73 46 47 89 79 76 74 78 82 81 62 12 15 14 9 8 6 1 7 64 72 97 31 35 38 37 39 45 32 13 17 0 100 103 126 125 123 121 119 120 122 124 102 118 117 199 117 118 102 124 122 120 119 121 123 125 126 103 100 0
100
17 17
104 104
128 128
20 20
152 152
167 167
182 182
14 14
42 42
43 43
153 153
83 83
25 25
70 70
35 35
156 156
117 117
172 172
169 169
177 177
65 65
147 147
109 109
130 130
127 127
87 87
175 175
124 124
90 90
171 171
189 189
18 18
188 188
31 31
63 63
196 196
66 66
81 81
26 26
51 51
77 77
56 56
180 180
24 24
53 53
1 1
136 136
149 149
158 158
99 99
10 10
82 82
101 101
100 100
160 160
28 28
85 85
96 96
72 72
154 154
44 44
86 86
57 57
106 106
54 54
29 29
22 22
68 68
123 123
118 118
178 178
49 49
98 98
142 142
62 62
145 145
89 89
198 198
58 58
113 113
121 121
112 112
102 102
13 13
138 138
7 7
105 105
173 173
75 75
144 144
59 59
5 5
21 21
55 55
168 168
146 146
151 151
4 4
194 194
179 179
