aa as ca cp db bd ak dg bw bg aw di af ay ap dd du ac bz co ct cr cv al cm ao bk df cq ce cu dq cz ae bn bq ah dn am dh ag cn dp cl ds au bb bx ba ab ck de dk cy cj bv dm dt cg da az an aq bj cf dj bt cs ai bu dv ch cc bc bm cb ar ax bp cd bp ax ar cb bm bc cc ch dv bu ai cs bt dj cf bj aq an az da cg dt dm bv cj cy dk de ck ab ba bx bb au ds cl dp cn ag dh am dn ah bq bn ae cz dq cu ce cq df bk ao cm al cv cr ct co bz ac du dd ap ay af di aw bg bw dg ak bd db cp ca as aa cx at av bl ci ad bi bh aj br dc bs do cw by bo dr bf be dl be bf dr bo by cw do bs dc br aj bh bi ad ci bl av at cx aa
50
ag ag
df df
bc bc
bf bf
cy cy
ae ae
bv bv
ce ce
cs cs
cl cl
dv dv
db db
cj cj
cf cf
ax ax
de de
bj bj
ab ab
az az
aa aa
ao ao
cm cm
at at
bb bb
bu bu
bk bk
ay ay
bd bd
cb cb
aj aj
am am
ap ap
dq dq
by by
ch ch
bs bs
dj dj
au au
dk dk
af af
ac ac
dg dg
dr dr
bo bo
br br
ct ct
bl bl
ak ak
bg bg
be be
