3 6 10 7 48 22 81 50 26 27 30 52 47 38 17 78 1 79 36 51 53 80 29 37 39 82 41 55 31 28 44 23 72 12 54 40 99 68 67 63 83 58 49 57 91 43 45 84 15 35 14 2 13 9 11 24 86 98 86 24 11 9 13 2 14 35 15 84 45 43 91 57 49 58 83 63 67 68 99 40 54 12 72 23 44 28 31 55 41 82 39 37 29 80 53 51 36 79 1 78 17 38 47 52 30 27 26 50 81 22 48 7 10 6 3 5 19 4 20 42 65 33 69 32 34 8 18 76 73 70 71 75 74 66 89 56 97 16 25 61 88 93 85 87 95 21 64 46 62 59 60 77 94 90 92 96 100 96 92 90 94 77 60 59 62 46 64 21 95 87 85 93 88 61 25 16 97 56 89 66 74 75 71 70 73 76 18 8 34 32 69 33 65 42 20 4 19 5 3
50
1 1
6 6
7 7
8 8
9 9
12 12
14 14
15 15
17 17
19 19
21 21
22 22
23 23
24 24
25 25
27 27
29 29
31 31
32 32
33 33
36 36
40 40
41 41
42 42
43 43
45 45
46 46
49 49
50 50
52 52
53 53
56 56
57 57
58 58
60 60
63 63
66 66
67 67
68 68
70 70
71 71
73 73
75 75
76 76
87 87
90 90
94 94
96 96
98 98
100 100
