86 120 186 139 112 159 32 15 18 47 34 88 27 21 79 30 61 48 12 8 23 7 45 147 73 37 11 3 5 128 172 56 69 74 82 84 62 39 119 121 131 109 13 9 10 83 26 58 28 33 98 126 191 160 162 163 161 150 148 152 153 155 157 158 25 46 2 63 70 57 95 72 59 138 135 52 114 93 178 132 137 140 141 144 145 146 65 167 71 103 64 190 156 142 154 166 149 188 16 17 151 80 194 192 193 195 196 197 198 199 198 197 196 195 193 192 194 80 151 17 16 188 149 166 154 142 156 190 64 103 71 167 65 146 145 144 141 140 137 132 178 93 114 52 135 138 59 72 95 57 70 63 2 46 25 158 157 155 153 152 148 150 161 163 162 160 191 126 98 33 28 58 26 83 10 9 13 109 131 121 119 39 62 84 82 74 69 56 172 128 5 3 11 37 73 147 45 7 23 8 12 48 61 30 79 21 27 88 34 47 18 15 32 159 112 139 186 120 86 125 123 122 124 24 104 81 107 106 105 90 91 136 89 115 53 180 101 133 92 127 97 165 75 171 170 169 168 189 185 187 35 68 22 67 54 111 113 110 116 117 143 6 14 78 49 19 77 43 51 41 50 134 44 108 29 85 129 118 94 102 87 99 76 42 1 60 66 55 40 38 20 36 31 4 130 164 184 183 181 179 177 176 175 173 174 96 182 100 200 100 182 96 174 173 175 176 177 179 181 183 184 164 130 4 31 36 20 38 40 55 66 60 1 42 76 99 87 102 94 118 129 85 29 108 44 134 50 41 51 43 77 19 49 78 14 6 143 117 116 110 113 111 54 67 22 68 35 187 185 189 168 169 170 171 75 165 97 127 92 133 101 180 53 115 89 136 91 90 105 106 107 81 104 24 124 122 123 125 86
100
1 1
2 2
5 5
6 6
8 8
10 10
11 11
13 13
14 14
17 17
19 19
21 21
22 22
26 26
27 27
28 28
30 30
35 35
36 36
38 38
41 41
44 44
45 45
48 48
51 51
52 52
53 53
54 54
56 56
57 57
64 64
66 66
69 69
71 71
72 72
73 73
74 74
75 75
76 76
82 82
84 84
87 87
89 89
90 90
91 91
92 92
93 93
94 94
97 97
100 100
101 101
105 105
106 106
107 107
110 110
113 113
116 116
117 117
120 120
121 121
122 122
123 123
125 125
126 126
129 129
132 132
137 137
138 138
139 139
140 140
145 145
146 146
148 148
149 149
150 150
152 152
153 153
154 154
156 156
157 157
158 158
159 159
160 160
163 163
169 169
173 173
174 174
175 175
177 177
179 179
181 181
183 183
184 184
185 185
189 189
192 192
194 194
196 196
198 198
199 199
