110 90 26 90 110 57 129 44 168 7 2 124 81 159 114 174 38 69 95 162 128 109 196 87 66 60 100 72 164 184 153 68 82 152 119 191 199 103 24 185 154 28 29 0 23 32 8 107 126 147 149 79 36 49 1 179 59 120 22 52 19 165 108 63 18 71 141 83 5 17 115 27 70 161 78 53 84 175 64 188 21 96 50 56 112 182 85 137 10 130 41 25 146 88 9 150 34 62 178 189 98 104 13 151 142 116 139 55 155 133 143 181 99 136 33 195 77 163 15 86 132 91 67 4 75 145 106 122 190 138 127 3 118 102 194 39 61 171 11 176 158 117 160 42 148 134 74 12 172 92 177 156 47 45 73 180 113 125 35 54 65 169 197 135 37 20 192 31 144 89 170 14 173 30 40 157 167 94 76 183 80 198 16 48 131 6 140 97 93 187 121 105 193 123 43 101 46 166 111 51 58 186 58 51 111 166 46 101 43 123 193 105 121 187 93 97 140 6 131 48 16 198 80 183 76 94 167 157 40 30 173 14 170 89 144 31 192 20 37 135 197 169 65 54 35 125 113 180 73 45 47 156 177 92 172 12 74 134 148 42 160 117 158 176 11 171 61 39 194 102 118 3 127 138 190 122 106 145 75 4 67 91 132 86 15 163 77 195 33 136 99 181 143 133 155 55 139 116 142 151 13 104 98 189 178 62 34 150 9 88 146 25 41 130 10 137 85 182 112 56 50 96 21 188 64 175 84 53 78 161 70 27 115 17 5 83 141 71 18 63 108 165 19 52 22 120 59 179 1 49 36 79 149 147 126 107 8 32 23 0 29 28 154 185 24 103 199 191 119 152 82 68 153 184 164 72 100 60 66 87 196 109 128 162 95 69 38 174 114 159 81 124 2 7 168 44 129 57 110
100
178 178
76 76
152 152
190 190
90 90
64 64
54 54
36 36
163 163
60 60
160 160
175 175
99 99
141 141
44 44
197 197
50 50
51 51
28 28
101 101
195 195
47 47
107 107
30 30
172 172
159 159
148 148
29 29
43 43
15 15
81 81
41 41
87 87
169 169
18 18
53 53
193 193
11 11
56 56
20 20
126 126
6 6
25 25
96 96
13 13
147 147
45 45
171 171
165 165
38 38
1 1
72 72
140 140
121 121
110 110
123 123
182 182
73 73
124 124
0 0
5 5
14 14
55 55
127 127
161 161
131 131
98 98
142 142
79 79
103 103
170 170
39 39
149 149
92 92
22 22
122 122
66 66
74 74
3 3
85 85
52 52
83 83
100 100
67 67
181 181
19 19
199 199
154 154
189 189
94 94
138 138
192 192
77 77
91 91
176 176
168 168
145 145
26 26
132 132
40 40
