57 53 97 2 75 16 46 64 41 25 59 84 35 85 78 69 20 32 74 10 21 86 49 54 14 62 67 92 51 92 67 62 14 54 49 86 21 10 74 32 20 69 78 85 35 84 59 25 41 64 46 16 75 2 97 53 57 95 9 70 17 48 61 66 56 6 98 1 15 80 7 33 83 39 42 5 23 44 87 79 77 3 99 19 96 52 31 38 94 68 55 81 58 76 45 13 71 43 91 4 0 22 65 34 30 40 36 27 93 47 8 37 89 11 50 18 29 82 60 72 63 88 28 26 73 24 12 90 12 24 73 26 28 88 63 72 60 82 29 18 50 11 89 37 8 47 93 27 36 40 30 34 65 22 0 4 91 43 71 13 45 76 58 81 55 68 94 38 31 52 96 19 99 3 77 79 87 44 23 5 42 39 83 33 7 80 15 1 98 6 56 66 61 48 17 70 9 95 57
50
86 86
54 54
58 58
48 48
80 80
55 55
25 25
84 84
21 21
13 13
11 11
47 47
43 43
75 75
61 61
4 4
87 87
78 78
17 17
26 26
51 51
64 64
50 50
91 91
14 14
94 94
70 70
88 88
77 77
68 68
98 98
29 29
24 24
56 56
38 38
52 52
76 76
83 83
7 7
57 57
5 5
62 62
34 34
2 2
42 42
46 46
99 99
53 53
12 12
36 36
