0x19 0x8b 0x90 0xa7 0x33 0x75 0x26 0x9d 0x6b 0x5a 0x7a 0xb1 0x65 0x4e 0x5d 0x13 0x80 0x93 0x35 0x22 0x8a 0x2c 0xa0 0x0 0x4 0x3 0x69 0x72 0x1b 0x6a 0x82 0xb9 0xb5 0x46 0x8c 0x56 0x68 0x43 0xba 0x91 0x16 0x71 0x66 0xc3 0xc1 0x96 0xc7 0x44 0x9c 0x44 0xc7 0x96 0xc1 0xc3 0x66 0x71 0x16 0x91 0xba 0x43 0x68 0x56 0x8c 0x46 0xb5 0xb9 0x82 0x6a 0x1b 0x72 0x69 0x3 0x4 0x0 0xa0 0x2c 0x8a 0x22 0x35 0x93 0x80 0x13 0x5d 0x4e 0x65 0xb1 0x7a 0x5a 0x6b 0x9d 0x26 0x75 0x33 0xa7 0x90 0x8b 0x19 0x2b 0xc 0x1d 0x2e 0x32 0x1c 0x94 0x29 0xbc 0x7 0x78 0x34 0x3f 0x55 0xb7 0xd 0xa9 0x87 0x88 0x84 0x74 0xbb 0x59 0x54 0xc5 0x8e 0x4d 0x3a 0x1e 0x28 0xa6 0x30 0x21 0x61 0x12 0x3b 0x8d 0x36 0x4f 0x57 0x62 0xa1 0x18 0x4c 0x37 0x7e 0x2 0x85 0x81 0x79 0x73 0x70 0x64 0x9e 0x99 0x9a 0x15 0xa8 0x83 0x6e 0x17 0x92 0x9f 0x1 0xb8 0x6d 0x5c 0xc0 0x2a 0xb 0x9 0xbe 0x6c 0x47 0xaa 0x9b 0x2d 0x45 0x7f 0x20 0xad 0x1f 0x1a 0x39 0xaf 0x24 0x48 0x42 0x50 0x53 0x5b 0x60 0x23 0x2f 0xa3 0x52 0xbd 0x27 0x7d 0x5 0xa5 0x4a 0x41 0x51 0x58 0x25 0xf 0xa 0x4b 0x3e 0xc4 0x10 0x7b 0x5e 0xb4 0xb3 0x98 0xae 0xc2 0x86 0x40 0x14 0x67 0xb2 0x76 0x97 0x8f 0xc6 0x11 0x5f 0xa4 0x3d 0xbf 0x95 0x49 0x63 0x38 0x7c 0xb0 0x6f 0x77 0x31 0x6 0x8 0x89 0x3c 0xe 0xa2 0xac 0xab 0xb6 0xab 0xac 0xa2 0xe 0x3c 0x89 0x8 0x6 0x31 0x77 0x6f 0xb0 0x7c 0x38 0x63 0x49 0x95 0xbf 0x3d 0xa4 0x5f 0x11 0xc6 0x8f 0x97 0x76 0xb2 0x67 0x14 0x40 0x86 0xc2 0xae 0x98 0xb3 0xb4 0x5e 0x7b 0x10 0xc4 0x3e 0x4b 0xa 0xf 0x25 0x58 0x51 0x41 0x4a 0xa5 0x5 0x7d 0x27 0xbd 0x52 0xa3 0x2f 0x23 0x60 0x5b 0x53 0x50 0x42 0x48 0x24 0xaf 0x39 0x1a 0x1f 0xad 0x20 0x7f 0x45 0x2d 0x9b 0xaa 0x47 0x6c 0xbe 0x9 0xb 0x2a 0xc0 0x5c 0x6d 0xb8 0x1 0x9f 0x92 0x17 0x6e 0x83 0xa8 0x15 0x9a 0x99 0x9e 0x64 0x70 0x73 0x79 0x81 0x85 0x2 0x7e 0x37 0x4c 0x18 0xa1 0x62 0x57 0x4f 0x36 0x8d 0x3b 0x12 0x61 0x21 0x30 0xa6 0x28 0x1e 0x3a 0x4d 0x8e 0xc5 0x54 0x59 0xbb 0x74 0x84 0x88 0x87 0xa9 0xd 0xb7 0x55 0x3f 0x34 0x78 0x7 0xbc 0x29 0x94 0x1c 0x32 0x2e 0x1d 0xc 0x2b 0x19
100
0x8e 0x8e
0x25 0x25
0xa8 0xa8
0x9 0x9
0x9e 0x9e
0x8f 0x8f
0x1d 0x1d
0x97 0x97
0x3d 0x3d
0x56 0x56
0x42 0x42
0x91 0x91
0xc2 0xc2
0xac 0xac
0x7b 0x7b
0xb0 0xb0
0x99 0x99
0x3b 0x3b
0x28 0x28
0x21 0x21
0x31 0x31
0x8b 0x8b
0xc3 0xc3
0x84 0x84
0xba 0xba
0x1 0x1
0xc4 0xc4
0x34 0x34
0x6a 0x6a
0x4e 0x4e
0x4d 0x4d
0x0 0x0
0xbd 0xbd
0x6f 0x6f
0x83 0x83
0x2d 0x2d
0x5 0x5
0xb2 0xb2
0xa3 0xa3
0x2a 0x2a
0x7 0x7
0xaa 0xaa
0x9b 0x9b
0x45 0x45
0xa7 0xa7
0x9f 0x9f
0x77 0x77
0x59 0x59
0x46 0x46
0x1f 0x1f
0xbc 0xbc
0xab 0xab
0x80 0x80
0x6b 0x6b
0x1b 0x1b
0xa6 0xa6
0x7a 0x7a
0x4 0x4
0xb6 0xb6
0x89 0x89
0xae 0xae
0x53 0x53
0x15 0x15
0x10 0x10
0x1a 0x1a
0x2c 0x2c
0x52 0x52
0x70 0x70
0x12 0x12
0x60 0x60
0x85 0x85
0xbb 0xbb
0x74 0x74
0x5d 0x5d
0x6d 0x6d
0xa1 0xa1
0xa0 0xa0
0x9a 0x9a
0xc6 0xc6
0x5a 0x5a
0x3a 0x3a
0x87 0x87
0x18 0x18
0xb4 0xb4
0x86 0x86
0x79 0x79
0x78 0x78
0x9c 0x9c
0xa4 0xa4
0xf 0xf
0x81 0x81
0xb5 0xb5
0xc7 0xc7
0x11 0x11
0x14 0x14
0x98 0x98
0x68 0x68
0x2b 0x2b
0x61 0x61
0x8c 0x8c
