1 13 12 18 42 53 100 75 59 70 79 83 88 78 89 96 92 84 92 96 89 78 88 83 79 70 59 75 100 53 42 18 12 13 1 10 16 28 14 44 33 35 34 32 29 26 20 30 98 24 15 19 3 17 8 22 31 36 74 66 77 38 46 49 50 62 95 67 81 45 40 82 86 90 94 73 54 71 87 47 69 51 55 64 48 43 37 2 25 21 4 7 5 6 9 23 65 56 80 99 85 91 52 72 61 11 39 41 27 68 93 57 58 60 76 63 97 63 76 60 58 57 93 68 27 41 39 11 61 72 52 91 85 99 80 56 65 23 9 6 5 7 4 21 25 2 37 43 48 64 55 51 69 47 87 71 54 73 94 90 86 82 40 45 81 67 95 62 50 49 46 38 77 66 74 36 31 22 8 17 3 19 15 24 98 30 20 26 29 32 34 35 33 44 14 28 16 10 1
37
1 1
6 6
10 10
11 11
12 12
13 13
16 16
17 17
20 20
21 21
22 22
23 23
24 24
25 25
27 27
29 29
36 36
40 40
42 42
45 45
50 50
54 54
61 61
63 63
71 71
72 72
74 74
75 75
76 76
77 77
83 83
87 87
89 89
90 90
91 91
93 93
100 100
