1 8 2 14 18 4 25 9 37 27 36 47 16 52 48 57 51 55 70 89 65 59 69 68 177 195 120 133 121 122 116 109 105 110 173 160 174 96 102 90 76 82 53 81 58 56 46 50 49 20 6 26 176 171 184 183 149 194 189 172 182 188 114 166 196 197 178 61 187 61 178 197 196 166 114 188 182 172 189 194 149 183 184 171 176 26 6 20 49 50 46 56 58 81 53 82 76 90 102 96 174 160 173 110 105 109 116 122 121 133 120 195 177 68 69 59 65 89 70 55 51 57 48 52 16 47 36 27 37 9 25 4 18 14 2 8 1 3 13 15 12 7 28 17 10 5 11 24 34 42 30 35 29 33 19 21 23 180 67 22 43 39 64 32 38 31 45 60 44 66 71 84 86 74 101 63 104 108 123 125 128 103 98 78 80 83 73 41 54 40 62 79 118 107 93 111 100 131 119 139 140 150 142 129 144 136 147 151 158 162 143 97 138 127 126 168 190 186 193 169 185 175 191 161 153 157 145 113 124 112 117 95 72 88 75 87 99 192 170 181 146 152 163 179 134 148 165 164 167 154 155 156 141 132 77 92 94 91 85 106 115 137 130 159 135 199 198 200 198 199 135 159 130 137 115 106 85 91 94 92 77 132 141 156 155 154 167 164 165 148 134 179 163 152 146 181 170 192 99 87 75 88 72 95 117 112 124 113 145 157 153 161 191 175 185 169 193 186 190 168 126 127 138 97 143 162 158 151 147 136 144 129 142 150 140 139 119 131 100 111 93 107 118 79 62 40 54 41 73 83 80 78 98 103 128 125 123 108 104 63 101 74 86 84 71 66 44 60 45 31 38 32 64 39 43 22 67 180 23 21 19 33 29 35 30 42 34 24 11 5 10 17 28 7 12 15 13 3 1
97
1 1
2 2
3 3
6 6
8 8
9 9
10 10
13 13
16 16
20 20
21 21
26 26
27 27
31 31
33 33
34 34
35 35
36 36
37 37
41 41
42 42
44 44
47 47
49 49
50 50
51 51
53 53
55 55
56 56
57 57
58 58
59 59
60 60
61 61
68 68
69 69
70 70
74 74
75 75
77 77
80 80
81 81
82 82
83 83
84 84
85 85
86 86
87 87
88 88
89 89
92 92
95 95
97 97
99 99
101 101
102 102
103 103
106 106
110 110
111 111
116 116
124 124
126 126
127 127
129 129
130 130
131 131
133 133
136 136
137 137
138 138
139 139
140 140
141 141
143 143
144 144
150 150
151 151
156 156
157 157
159 159
161 161
162 162
164 164
165 165
167 167
169 169
171 171
174 174
176 176
177 177
182 182
184 184
189 189
193 193
198 198
200 200
