0 15 10 9 13 11 4 5 8 6 7 18 20 19 32 34 33 47 44 48 49 52 53 64 62 66 67 71 80 72 75 76 74 73 77 79 81 85 87 89 78 88 86 92 96 91 90 93 95 93 90 91 96 92 86 88 78 89 87 85 81 79 77 73 74 76 75 72 80 71 67 66 62 64 53 52 49 48 44 47 33 34 32 19 20 18 7 6 8 5 4 11 13 9 10 15 0 1 2 3 14 12 16 17 21 30 22 25 26 24 23 27 29 31 35 37 39 28 38 36 42 46 41 40 43 45 51 50 65 60 59 63 61 54 55 58 56 57 68 70 69 82 84 83 97 94 98 99 98 94 97 83 84 82 69 70 68 57 56 58 55 54 61 63 59 60 65 50 51 45 43 40 41 46 42 36 38 28 39 37 35 31 29 27 23 24 26 25 22 30 21 17 16 12 14 3 2 1 0
44
1 1
2 2
3 3
4 4
5 5
6 6
10 10
22 22
24 24
25 25
26 26
27 27
33 33
47 47
44 44
48 48
49 49
46 46
42 42
36 36
40 40
41 41
51 51
52 52
53 53
54 54
55 55
56 56
60 60
72 72
74 74
75 75
76 76
77 77
83 83
97 97
94 94
98 98
99 99
96 96
92 92
86 86
90 90
91 91
