0 15 10 9 13 11 4 5 8 6 7 18 20 19 32 34 33 47 44 48 49 52 53 64 62 66 67 71 80 72 75 76 74 73 77 79 81 85 87 89 78 88 86 92 96 91 90 93 95 101 100 115 110 109 113 111 104 105 108 106 107 118 120 119 132 134 133 147 144 148 149 152 153 164 162 166 167 171 180 172 175 176 174 173 177 179 181 185 187 189 178 188 186 192 196 191 190 193 195 193 190 191 196 192 186 188 178 189 187 185 181 179 177 173 174 176 175 172 180 171 167 166 162 164 153 152 149 148 144 147 133 134 132 119 120 118 107 106 108 105 104 111 113 109 110 115 100 101 95 93 90 91 96 92 86 88 78 89 87 85 81 79 77 73 74 76 75 72 80 71 67 66 62 64 53 52 49 48 44 47 33 34 32 19 20 18 7 6 8 5 4 11 13 9 10 15 0 1 2 3 14 12 16 17 21 30 22 25 26 24 23 27 29 31 35 37 39 28 38 36 42 46 41 40 43 45 51 50 65 60 59 63 61 54 55 58 56 57 68 70 69 82 84 83 97 94 98 99 102 103 114 112 116 117 121 130 122 125 126 124 123 127 129 131 135 137 139 128 138 136 142 146 141 140 143 145 151 150 165 160 159 163 161 154 155 158 156 157 168 170 169 182 184 183 197 194 198 199 198 194 197 183 184 182 169 170 168 157 156 158 155 154 161 163 159 160 165 150 151 145 143 140 141 146 142 136 138 128 139 137 135 131 129 127 123 124 126 125 122 130 121 117 116 112 114 103 102 99 98 94 97 83 84 82 69 70 68 57 56 58 55 54 61 63 59 60 65 50 51 45 43 40 41 46 42 36 38 28 39 37 35 31 29 27 23 24 26 25 22 30 21 17 16 12 14 3 2 1 0
88
1 1
2 2
3 3
4 4
5 5
6 6
10 10
22 22
24 24
25 25
26 26
27 27
33 33
47 47
44 44
48 48
49 49
46 46
42 42
36 36
40 40
41 41
51 51
52 52
53 53
54 54
55 55
56 56
60 60
72 72
74 74
75 75
76 76
77 77
83 83
97 97
94 94
98 98
99 99
96 96
92 92
86 86
90 90
91 91
101 101
102 102
103 103
104 104
105 105
106 106
110 110
122 122
124 124
125 125
126 126
127 127
133 133
147 147
144 144
148 148
149 149
146 146
142 142
136 136
140 140
141 141
151 151
152 152
153 153
154 154
155 155
156 156
160 160
172 172
174 174
175 175
176 176
177 177
183 183
197 197
194 194
198 198
199 199
196 196
192 192
186 186
190 190
191 191
