31 73 65 87 36 128 146 132 112 107 127 1 89 11 59 151 125 38 64 35 24 40 150 77 79 42 122 101 70 148 83 80 28 16 9 4 139 108 67 160 118 86 68 7 39 145 71 110 19 60 5 43 69 92 30 6 58 53 26 102 76 138 134 32 116 91 61 22 103 27 95 85 23 129 111 49 147 93 25 84 41 78 98 113 106 123 117 3 66 14 44 115 81 13 131 119 10 141 17 20 55 34 96 154 63 57 8 29 33 105 137 159 133 75 12 120 52 46 124 2 62 100 189 172 194 186 199 179 162 182 180 193 176 191 197 171 169 195 187 174 163 178 166 164 184 173 177 165 198 183 170 181 170 183 198 165 177 173 184 164 166 178 163 174 187 195 169 171 197 191 176 193 180 182 162 179 199 186 194 172 189 100 62 2 124 46 52 120 12 75 133 159 137 105 33 29 8 57 63 154 96 34 55 20 17 141 10 119 131 13 81 115 44 14 66 3 117 123 106 113 98 78 41 84 25 93 147 49 111 129 23 85 95 27 103 22 61 91 116 32 134 138 76 102 26 53 58 6 30 92 69 43 5 60 19 110 71 145 39 7 68 86 118 160 67 108 139 4 9 16 28 80 83 148 70 101 122 42 79 77 150 40 24 35 64 38 125 151 59 11 89 1 127 107 112 132 146 128 36 87 65 73 31 74 56 144 157 104 90 155 143 15 88 37 97 130 51 152 136 135 109 82 149 94 45 21 18 50 158 153 140 72 126 121 47 54 114 48 142 99 156 167 196 175 161 200 185 188 168 190 192 190 168 188 185 200 161 175 196 167 156 99 142 48 114 54 47 121 126 72 140 153 158 50 18 21 45 94 149 82 109 135 136 152 51 130 97 37 88 15 143 155 90 104 157 144 56 74 31
100
175 175
127 127
78 78
93 93
58 58
66 66
167 167
69 69
160 160
195 195
13 13
65 65
32 32
198 198
197 197
173 173
77 77
20 20
38 38
80 80
81 81
147 147
82 82
120 120
125 125
196 196
22 22
180 180
105 105
108 108
46 46
119 119
117 117
49 49
114 114
143 143
21 21
94 94
106 106
74 74
90 90
60 60
88 88
48 48
14 14
169 169
148 148
184 184
151 151
112 112
179 179
110 110
27 27
86 86
140 140
34 34
138 138
7 7
134 134
107 107
123 123
128 128
30 30
168 168
103 103
188 188
35 35
99 99
137 137
4 4
156 156
164 164
47 47
28 28
170 170
64 64
12 12
6 6
186 186
67 67
89 89
146 146
9 9
33 33
141 141
57 57
115 115
191 191
42 42
152 152
149 149
29 29
68 68
45 45
131 131
83 83
121 121
52 52
171 171
199 199
