45 58 1 64 36 46 42 77 91 63 12 70 41 2 40 27 30 51 5 87 96 97 4 38 50 79 67 78 53 66 60 11 57 44 21 22 81 33 61 8 15 72 34 68 55 65 29 69 83 24 88 26 7 73 32 100 84 89 47 54 3 90 74 39 71 86 59 93 82 48 99 17 85 37 9 13 18 14 28 94 80 6 92 95 76 43 31 56 98 52 62 20 16 20 62 52 98 56 31 43 76 95 92 6 80 94 28 14 18 13 9 37 85 17 99 48 82 93 59 86 71 39 74 90 3 54 47 89 84 100 32 73 7 26 88 24 83 69 29 65 55 68 34 72 15 8 61 33 81 22 21 44 57 11 60 66 53 78 67 79 50 38 4 97 96 87 5 51 30 27 40 2 41 70 12 63 91 77 42 46 36 64 1 58 45 75 23 25 10 49 35 19 35 49 10 25 23 75 45
50
39 39
91 91
52 52
84 84
21 21
63 63
34 34
38 38
50 50
87 87
69 69
58 58
41 41
89 89
27 27
2 2
59 59
1 1
46 46
92 92
26 26
47 47
80 80
24 24
77 77
57 57
51 51
35 35
70 70
18 18
68 68
17 17
82 82
54 54
71 71
40 40
10 10
56 56
66 66
78 78
95 95
44 44
61 61
33 33
5 5
7 7
53 53
19 19
31 31
29 29
