clod conductance decrease sting onomatopoeia blackberry spit Croix linger brainchild furlough palladium Spaulding cumulus disseminate Herschel post Menorca sneaky chauvinist Illinois Elmira ferrite delay anchor shear Stratton larvae Lethe tung aide s Levitt wool servicemen cryptic walrus amende ambiguity conception Saskatchewan impromptu foxglove vanadium coincide salmon coincide vanadium foxglove impromptu Saskatchewan conception ambiguity amende walrus cryptic servicemen wool Levitt s aide tung Lethe larvae Stratton shear anchor delay ferrite Elmira Illinois chauvinist sneaky Menorca post Herschel disseminate cumulus Spaulding palladium furlough brainchild linger Croix spit blackberry onomatopoeia sting decrease conductance clod phonic callus lever sign presto stateroom Yankton Kingsbury mortgagee vicious sagittal bauble formula officious scrounge resurrect ash Barnet RPM Dunbar agronomy shriek inadequate axon gingham bowline IL perennial absent Gloria VA cur Daugherty pole Palladian syllogistic Hans abridge adjoint behalf hippy pundit shimmy Brooklyn eightyfold Dunlap creepy twirly extent objector uphill collateral inure Hyde inure collateral uphill objector extent twirly creepy Dunlap eightyfold Brooklyn shimmy pundit hippy behalf adjoint abridge Hans syllogistic Palladian pole Daugherty cur VA Gloria absent perennial IL bowline gingham axon inadequate shriek agronomy Dunbar RPM Barnet ash resurrect scrounge officious formula bauble sagittal vicious mortgagee Kingsbury Yankton stateroom presto sign lever callus phonic clod
50
callus callus
stateroom stateroom
sign sign
Kingsbury Kingsbury
decrease decrease
vicious vicious
bauble bauble
Barnet Barnet
onomatopoeia onomatopoeia
officious officious
resurrect resurrect
Dunbar Dunbar
shriek shriek
axon axon
linger linger
spit spit
Spaulding Spaulding
disseminate disseminate
bowline bowline
furlough furlough
pundit pundit
perennial perennial
behalf behalf
Brooklyn Brooklyn
abridge abridge
post post
Gloria Gloria
cur cur
syllogistic syllogistic
pole pole
Dunlap Dunlap
Lethe Lethe
sneaky sneaky
Illinois Illinois
Stratton Stratton
anchor anchor
aide aide
Levitt Levitt
ferrite ferrite
coincide coincide
twirly twirly
objector objector
servicemen servicemen
foxglove foxglove
collateral collateral
Saskatchewan Saskatchewan
walrus walrus
ambiguity ambiguity
salmon salmon
Hyde Hyde
