cure Verdi hypotonic periphery swoop awash reflectance bear marquess salary roost abreact logjam loud ineducable land Moe ovate greet atoll item Wilkinson seem Kepler latch gas Blackman march stupor lint stupor march Blackman gas latch Kepler seem Wilkinson item atoll greet ovate Moe land ineducable loud logjam abreact roost salary marquess bear reflectance awash swoop periphery hypotonic Verdi cure coralberry Delphi St Negroid hydrophone Bridgeport crabapple upheld Britannica indignity thiocyanate Muscat tick Brillouin loop obfuscate refrain belch Allen Vichy Allen belch refrain obfuscate loop Brillouin tick Muscat thiocyanate indignity Britannica upheld crabapple Bridgeport hydrophone Negroid St Delphi coralberry cure
25
Delphi Delphi
hypotonic hypotonic
swoop swoop
marquess marquess
roost roost
reflectance reflectance
Negroid Negroid
Bridgeport Bridgeport
Muscat Muscat
Brillouin Brillouin
logjam logjam
indignity indignity
upheld upheld
item item
obfuscate obfuscate
ineducable ineducable
greet greet
belch belch
Moe Moe
lint lint
seem seem
Blackman Blackman
stupor stupor
latch latch
Vichy Vichy
