state purple controversial mortgagor begot Jennifer Cinderella servile motet kitty scriptwriter maidservant Calkins limbic eidetic slake scaup seam dumpling compensable whirligig Marie joke fusible infuse styrene bloc blubber texture stub anatomy video lonesome cylinder his spice sepulchral bile knurl dispensary cocaine construct omicron languid hyphen Stuart stereography slim Arden juvenile heifer bucketful uptown gossip bald seminal hypothetic porterhouse shrugging grisly Yaounde Segovia curbside alongside Steiner funk opossum firewall clasp tenderfoot Lizzie monadic firebug Blomberg bibliophile auctioneer fleawort Johannes Adamson Wyeth harrow above presto above harrow Wyeth Adamson Johannes fleawort auctioneer bibliophile Blomberg firebug monadic Lizzie tenderfoot clasp firewall opossum funk Steiner alongside curbside Segovia Yaounde grisly shrugging porterhouse hypothetic seminal bald gossip uptown bucketful heifer juvenile Arden slim stereography Stuart hyphen languid omicron construct cocaine dispensary knurl bile sepulchral spice his cylinder lonesome video anatomy stub texture blubber bloc styrene infuse fusible joke Marie whirligig compensable dumpling seam scaup slake eidetic limbic Calkins maidservant scriptwriter kitty motet servile Cinderella Jennifer begot mortgagor controversial purple state voltmeter knick McDonald wrack catnip border peacock watery versatec driveway actinic Zellerbach carouse jackass crewcut serge impure value insight octane biotite rocky PM Evans stalk Waterbury Mobil stingy alder Albert duct Adler McKenzie Darwin fraternity sanatoria stiffen gun centennial complacent assault lobby homemake pairwise Lamarck supremum parallelogram rent clandestine Protista gumshoe cache polopony registrant Devonshire gavotte embellish grade psychopath ash adsorb fireplace yeomanry whatsoever Pearce dame rooftree Eva recovery backgammon shackle charcoal governance foursome upcome Augean indecision hallelujah inclination athletic westbound regal Malthus flexural injunct cohere bedside turnout discoid trivium amber monk etiquette Edmonds rescue Whelan moisture Della heterogeneous compunction constructible eggplant dilogarithm circumstantial wop retardation Ogden Ridgway inequality debenture inflater hungry France huge competitor freehold exhortation freehold competitor huge France hungry inflater debenture inequality Ridgway Ogden retardation wop circumstantial dilogarithm eggplant constructible compunction heterogeneous Della moisture Whelan rescue Edmonds etiquette monk amber trivium discoid turnout bedside cohere injunct flexural Malthus regal westbound athletic inclination hallelujah indecision Augean upcome foursome governance charcoal shackle backgammon recovery Eva rooftree dame Pearce whatsoever yeomanry fireplace adsorb ash psychopath grade embellish gavotte Devonshire registrant polopony cache gumshoe Protista clandestine rent parallelogram supremum Lamarck pairwise homemake lobby assault complacent centennial gun stiffen sanatoria fraternity Darwin McKenzie Adler duct Albert alder stingy Mobil Waterbury stalk Evans PM rocky biotite octane insight value impure serge crewcut jackass carouse Zellerbach actinic driveway versatec watery peacock border catnip wrack McDonald knick voltmeter state
100
controversial controversial
begot begot
knick knick
wrack wrack
Cinderella Cinderella
watery watery
scriptwriter scriptwriter
border border
eidetic eidetic
driveway driveway
Calkins Calkins
motet motet
Zellerbach Zellerbach
dumpling dumpling
jackass jackass
scaup scaup
serge serge
value value
whirligig whirligig
octane octane
rocky rocky
joke joke
texture texture
bloc bloc
Evans Evans
infuse infuse
anatomy anatomy
Waterbury Waterbury
stingy stingy
Albert Albert
lonesome lonesome
his his
Adler Adler
Darwin Darwin
cocaine cocaine
knurl knurl
hyphen hyphen
sanatoria sanatoria
sepulchral sepulchral
lobby lobby
gun gun
omicron omicron
stereography stereography
Arden Arden
complacent complacent
pairwise pairwise
supremum supremum
rent rent
registrant registrant
Protista Protista
heifer heifer
cache cache
bald bald
uptown uptown
grade grade
hypothetic hypothetic
ash ash
fireplace fireplace
gavotte gavotte
whatsoever whatsoever
dame dame
Eva Eva
backgammon backgammon
shrugging shrugging
charcoal charcoal
Augean Augean
hallelujah hallelujah
Yaounde Yaounde
athletic athletic
curbside curbside
cohere cohere
foursome foursome
regal regal
flexural flexural
trivium trivium
turnout turnout
Steiner Steiner
opossum opossum
clasp clasp
Lizzie Lizzie
monk monk
compunction compunction
Edmonds Edmonds
Whelan Whelan
Della Della
circumstantial circumstantial
firebug firebug
eggplant eggplant
retardation retardation
harrow harrow
debenture debenture
Ridgway Ridgway
Adamson Adamson
hungry hungry
freehold freehold
fleawort fleawort
huge huge
presto presto
bibliophile bibliophile
exhortation exhortation
