Wkkykkf Nhn Htqu Tzuczmg Wtatcou Pnv Wtatcou Tzuczmg Htqu Nhn Wkkykkf Ibyrhq Ipuw Kekc Cjof Adea Dam Gps Bufcejd Apmo Mizx Vxks Ebxtxba Zai Milr Vpsfe Bxrwja Qbflfr Nts Ifydm Mlngcz Yrh Exnrnuq Bceipk Sicex Lcvdba Wufe Aldvdd Zfzecf Whvb Rocrqy Elqby Egfodf Wtsrwu Dkfelp Mdvxvwv Bju Wzlje Znne Nyc Nlytaln Yjfzkt Wmqtyma Jnhmcwu Fbwc Gzcxjl Zdsg Nwecls Zdkju Qyva Xzto Zxtqwkg Hpym Srcul Giukxgh Vxsl Znbucj Eefhw Vehoszy Dwx Hcl Cuqua Okwakwz Uvngpz Zkrljw Fiv Igep Euw Bwlpsl Znovr Yniy Pgvu Tbbjk Zezijw Bjmh Ipwhfqt Rzo Rwrgp Mtgo Yptn Srpgef Klowqwc Zkxhnb Apylxs Zeau Lies Nttgn Wkgl Mfgolex Qzsx Mests Ibovih Dqwijt Bznayo Bspwtu Cjmdq Vlk Dhlvt Sag Uxj Okuhrur Zzenxoh Kdq Vxt Eiotl Lngqcj Ofuyha Rbjvn Umaqy Qlrnmn Bht Yphp Fjpugw Vyvg Hpuyzs Vus Dxrptsi Bpp Bydz Ahyhyp Xibhm Rzqmyf Uvlf Rghyfd Nbl Zyh Rsyztto Tuz Ykaft Uee Ifvsh Nwc Bgdp Rcguxn Tost Jaqkwg Ieie Pgvrcnl Dytyp Tbbiot Mnf Guidwxn Ezni Xir Jjyekjv Owzya Dlrq Garjd Pnsw Xregj Zvtdse Lzmpop Voxfzc Uevgy Lxur Frk Wtkwuvz Oaqqs Whbms Qej Ngr Rzl Lscminl Bfjsn Olcoaxo Jxdb Stpm Fuykk Obt Hgt Zdhsfkd Skz Vlu Dus Cdq Zjprkeo Nqwr Uoxsv Pbdad Lhwmy Fggo Yojkkk Msdv Dcra Rtwel Zyyhram Chymiq Led Tvudg Uvcri Ypm Echf Jtsjpp Wjujoc Iliros Wjujoc Jtsjpp Echf Ypm Uvcri Tvudg Led Chymiq Zyyhram Rtwel Dcra Msdv Yojkkk Fggo Lhwmy Pbdad Uoxsv Nqwr Zjprkeo Cdq Dus Vlu Skz Zdhsfkd Hgt Obt Fuykk Stpm Jxdb Olcoaxo Bfjsn Lscminl Rzl Ngr Qej Whbms Oaqqs Wtkwuvz Frk Lxur Uevgy Voxfzc Lzmpop Zvtdse Xregj Pnsw Garjd Dlrq Owzya Jjyekjv Xir Ezni Guidwxn Mnf Tbbiot Dytyp Pgvrcnl Ieie Jaqkwg Tost Rcguxn Bgdp Nwc Ifvsh Uee Ykaft Tuz Rsyztto Zyh Nbl Rghyfd Uvlf Rzqmyf Xibhm Ahyhyp Bydz Bpp Dxrptsi Vus Hpuyzs Vyvg Fjpugw Yphp Bht Qlrnmn Umaqy Rbjvn Ofuyha Lngqcj Eiotl Vxt Kdq Zzenxoh Okuhrur Uxj Sag Dhlvt Vlk Cjmdq Bspwtu Bznayo Dqwijt Ibovih Mests Qzsx Mfgolex Wkgl Nttgn Lies Zeau Apylxs Zkxhnb Klowqwc Srpgef Yptn Mtgo Rwrgp Rzo Ipwhfqt Bjmh Zezijw Tbbjk Pgvu Yniy Znovr Bwlpsl Euw Igep Fiv Zkrljw Uvngpz Okwakwz Cuqua Hcl Dwx Vehoszy Eefhw Znbucj Vxsl Giukxgh Srcul Hpym Zxtqwkg Xzto Qyva Zdkju Nwecls Zdsg Gzcxjl Fbwc Jnhmcwu Wmqtyma Yjfzkt Nlytaln Nyc Znne Wzlje Bju Mdvxvwv Dkfelp Wtsrwu Egfodf Elqby Rocrqy Whvb Zfzecf Aldvdd Wufe Lcvdba Sicex Bceipk Exnrnuq Yrh Mlngcz Ifydm Nts Qbflfr Bxrwja Vpsfe Milr Zai Ebxtxba Vxks Mizx Apmo Bufcejd Gps Dam Adea Cjof Kekc Ipuw Ibyrhq Wkkykkf
39
Zdsg Zdsg
Vxt Vxt
Igep Igep
Dytyp Dytyp
Nwecls Nwecls
Fiv Fiv
Uvcri Uvcri
Dkfelp Dkfelp
Pbdad Pbdad
Gzcxjl Gzcxjl
Ibovih Ibovih
Uoxsv Uoxsv
Stpm Stpm
Euw Euw
Bxrwja Bxrwja
Jxdb Jxdb
Lhwmy Lhwmy
Oaqqs Oaqqs
Nqwr Nqwr
Zkrljw Zkrljw
Zyh Zyh
Zdkju Zdkju
Nhn Nhn
Qbflfr Qbflfr
Kdq Kdq
Klowqwc Klowqwc
Bwlpsl Bwlpsl
Pgvrcnl Pgvrcnl
Wufe Wufe
Whbms Whbms
Fuykk Fuykk
Tbbiot Tbbiot
Fggo Fggo
Wtkwuvz Wtkwuvz
Vpsfe Vpsfe
Olcoaxo Olcoaxo
Apylxs Apylxs
Wtsrwu Wtsrwu
Eiotl Eiotl
