A0 C0 F0 N3 D3 K1 B2 X1 G3 J1 Y1 W1 U1 M3 O0 K0 R1 P1 L1 L0 H2 A2 C1 E0 O1 Q0 Q3 F3 A1 N2 J2 V0 I3 V2 X0 F1 A3 M1 D1 D0 S0 K2 U3 L3 L2 G2 Z2 O2 M0 H0 B3 Z0 Y2 R3 J0 X2 F2 T1 R0 T2 P0 T3 W2 I1 V1 H1 C2 M2 T0 E2 V3 N0 I2 N1 J3 E3 E1 Q2 D2 H3 S3 W0 O3 U0 U2 Y0 S2 G0 B0 Q1 R2 C3 P3 K3 G1 S1 B1 I0 Z1 I0 B1 S1 G1 K3 P3 C3 R2 Q1 B0 G0 S2 Y0 U2 U0 O3 W0 S3 H3 D2 Q2 E1 E3 J3 N1 I2 N0 V3 E2 T0 M2 C2 H1 V1 I1 W2 T3 P0 T2 R0 T1 F2 X2 J0 R3 Y2 Z0 B3 H0 M0 O2 Z2 G2 L2 L3 U3 K2 S0 D0 D1 M1 A3 F1 X0 V2 I3 V0 J2 N2 A1 F3 Q3 Q0 O1 E0 C1 A2 H2 L0 L1 P1 R1 K0 O0 M3 U1 W1 Y1 J1 G3 X1 B2 K1 D3 N3 F0 C0 A0 P2 A0
50
A0 A0
B0 B0
C0 C0
E0 E0
F0 F0
H0 H0
I0 I0
K0 K0
L0 L0
M0 M0
N0 N0
O0 O0
P0 P0
S0 S0
U0 U0
V0 V0
Z0 Z0
A1 A1
B1 B1
C1 C1
D1 D1
F1 F1
H1 H1
K1 K1
L1 L1
M1 M1
O1 O1
T1 T1
U1 U1
V1 V1
X1 X1
Z1 Z1
B2 B2
C2 C2
N2 N2
P2 P2
Q2 Q2
R2 R2
U2 U2
V2 V2
W2 W2
X2 X2
C3 C3
D3 D3
F3 F3
L3 L3
N3 N3
P3 P3
S3 S3
T3 T3
