7 5 55 63 70 22 60 92 51 73 64 95 64 73 51 92 60 22 70 63 55 5 7 11 53 36 21 10 86 17 14 2 37 19 20 9 54 57 94 30 31 50 46 80 66 87 40 56 48 47 45 93 8 58 12 88 59 85 39 68 25 16 41 44 72 23 49 67 89 76 26 91 33 82 52 15 65 98 62 99 96 6 81 27 35 28 84 77 38 83 24 34 18 3 0 74 29 79 1 78 71 75 13 4 69 90 43 32 42 61 97 61 42 32 43 90 69 4 13 75 71 78 1 79 29 74 0 3 18 34 24 83 38 77 84 28 35 27 81 6 96 99 62 98 65 15 52 82 33 91 26 76 89 67 49 23 72 44 41 16 25 68 39 85 59 88 12 58 8 93 45 47 48 56 40 87 66 80 46 50 31 30 94 57 54 9 20 19 37 2 14 17 86 10 21 36 53 11 7
30
22 22
49 49
84 84
83 83
15 15
38 38
63 63
23 23
81 81
65 65
89 89
74 74
96 96
98 98
61 61
99 99
58 58
30 30
51 51
19 19
80 80
25 25
75 75
76 76
42 42
44 44
64 64
32 32
33 33
16 16
