142 121 137 66 44 88 86 157 21 59 164 126 104 165 172 37 194 125 180 140 171 63 131 35 182 176 40 116 98 96 25 196 25 96 98 116 40 176 182 35 131 63 171 140 180 125 194 37 172 165 104 126 164 59 21 157 86 88 44 66 137 121 142 167 173 45 8 31 94 16 177 175 34 30 139 153 181 18 103 6 17 57 144 151 93 83 188 39 132 187 85 89 79 75 128 68 152 41 133 33 36 169 123 115 5 185 22 149 26 0 183 190 118 38 197 12 14 134 52 178 195 158 69 64 122 124 60 78 186 55 105 61 53 24 76 48 56 135 97 91 101 161 49 138 113 42 82 70 92 9 28 23 168 11 7 50 73 13 10 119 81 95 193 130 65 80 114 54 99 141 179 192 150 159 191 154 1 100 163 170 120 127 106 109 87 72 145 129 67 32 29 84 107 62 47 136 102 2 19 15 74 184 20 189 146 27 147 58 155 162 166 51 3 174 4 46 148 108 160 77 143 90 111 43 110 117 71 199 112 156 198 156 112 199 71 117 110 43 111 90 143 77 160 108 148 46 4 174 3 51 166 162 155 58 147 27 146 189 20 184 74 15 19 2 102 136 47 62 107 84 29 32 67 129 145 72 87 109 106 127 120 170 163 100 1 154 191 159 150 192 179 141 99 54 114 80 65 130 193 95 81 119 10 13 73 50 7 11 168 23 28 9 92 70 82 42 113 138 49 161 101 91 97 135 56 48 76 24 53 61 105 55 186 78 60 124 122 64 69 158 195 178 52 134 14 12 197 38 118 190 183 0 26 149 22 185 5 115 123 169 36 33 133 41 152 68 128 75 79 89 85 187 132 39 188 83 93 151 144 57 17 6 103 18 181 153 139 30 34 175 177 16 94 31 8 45 173 167 142
60
150 150
144 144
31 31
129 129
158 158
90 90
133 133
178 178
14 14
181 181
141 141
30 30
174 174
70 70
183 183
46 46
106 106
21 21
186 186
159 159
124 124
34 34
41 41
108 108
7 7
121 121
177 177
89 89
22 22
23 23
127 127
63 63
151 151
157 157
76 76
145 145
60 60
195 195
3 3
197 197
167 167
115 115
48 48
35 35
38 38
55 55
140 140
16 16
77 77
69 69
91 91
137 137
93 93
58 58
97 97
39 39
4 4
33 33
64 64
44 44
