5 33 68 155 171 169 168 170 193 192 191 150 12 18 178 177 176 180 194 195 196 197 152 151 146 147 149 134 133 99 94 92 40 139 140 131 123 53 60 156 161 160 10 15 30 24 25 46 49 51 54 20 19 52 143 144 159 158 154 153 157 132 43 61 119 198 119 61 43 132 157 153 154 158 159 144 143 52 19 20 54 51 49 46 25 24 30 15 10 160 161 156 60 53 123 131 140 139 40 92 94 99 133 134 149 147 146 151 152 197 196 195 194 180 176 177 178 18 12 150 191 192 193 170 168 169 171 155 68 33 5 2 1 0 3 4 13 70 187 185 186 188 189 190 117 88 39 28 98 97 100 95 8 21 83 80 81 184 183 181 75 50 32 29 16 7 65 63 57 87 91 90 74 73 56 102 103 23 14 172 173 148 96 136 135 79 93 26 66 31 35 36 82 179 182 34 6 11 85 84 62 108 110 111 112 107 106 44 47 38 42 138 137 105 115 113 116 104 101 59 127 125 122 120 121 124 126 118 166 165 167 163 162 164 114 17 55 78 76 77 9 22 37 45 72 71 67 69 145 141 142 89 64 27 41 48 175 174 130 129 128 58 86 109 199 109 86 58 128 129 130 174 175 48 41 27 64 89 142 141 145 69 67 71 72 45 37 22 9 77 76 78 55 17 114 164 162 163 167 165 166 118 126 124 121 120 122 125 127 59 101 104 116 113 115 105 137 138 42 38 47 44 106 107 112 111 110 108 62 84 85 11 6 34 182 179 82 36 35 31 66 26 93 79 135 136 96 148 173 172 14 23 103 102 56 73 74 90 91 87 57 63 65 7 16 29 32 50 75 181 183 184 81 80 83 21 8 95 100 97 98 28 39 88 117 190 189 188 186 185 187 70 13 4 3 0 1 2 5
52
9 9
21 21
23 23
27 27
31 31
32 32
35 35
45 45
50 50
51 51
54 54
57 57
58 58
63 63
68 68
76 76
77 77
80 80
85 85
91 91
92 92
96 96
101 101
102 102
103 103
104 104
105 105
106 106
109 109
111 111
113 113
121 121
126 126
127 127
130 130
140 140
145 145
152 152
155 155
160 160
163 163
168 168
169 169
176 176
177 177
178 178
179 179
180 180
183 183
191 191
194 194
196 196
