6 8 48 85 49 43 12 19 15 26 29 31 86 87 51 18 32 58 56 53 57 59 30 44 69 22 11 37 55 82 79 70 68 45 3 4 98 96 92 65 62 63 72 73 10 39 46 40 52 28 20 23 21 13 14 89 90 64 50 42 71 74 75 93 91 47 60 95 94 17 9 81 76 77 83 84 41 36 24 7 97 7 24 36 41 84 83 77 76 81 9 17 94 95 60 47 91 93 75 74 71 42 50 64 90 89 14 13 21 23 20 28 52 40 46 39 10 73 72 63 62 65 92 96 98 4 3 45 68 70 79 82 55 37 11 22 69 44 30 59 57 53 56 58 32 18 51 87 86 31 29 26 15 19 12 43 49 85 48 8 6 25 78 67 66 27 88 61 5 1 0 2 16 80 35 33 34 38 54 99 54 38 34 33 35 80 16 2 0 1 5 61 88 27 66 67 78 25 6
25
6 6
8 8
13 13
17 17
23 23
28 28
35 35
42 42
46 46
47 47
48 48
52 52
54 54
55 55
56 56
70 70
73 73
75 75
77 77
78 78
84 84
85 85
89 89
93 93
95 95
