89 96 51 48 17 23 74 44 21 81 60 76 67 55 66 41 49 29 46 93 71 39 50 20 35 19 42 31 64 4 40 8 57 56 16 95 53 10 98 1 6 37 0 2 91 62 43 84 43 62 91 2 0 37 6 1 98 10 53 95 16 56 57 8 40 4 64 31 42 19 35 20 50 39 71 93 46 29 49 41 66 55 67 76 60 81 21 44 74 23 17 48 51 96 89 11 27 80 94 14 58 12 78 63 85 72 68 22 47 45 52 38 75 86 26 32 30 36 34 33 25 28 88 5 24 87 54 90 70 97 13 15 7 92 82 65 18 69 77 83 61 59 79 3 73 9 99 9 73 3 79 59 61 83 77 69 18 65 82 92 7 15 13 97 70 90 54 87 24 5 88 28 25 33 34 36 30 32 26 86 75 38 52 45 47 22 68 72 85 63 78 12 58 14 94 80 27 11 89
50
1 1
2 2
3 3
4 4
5 5
6 6
7 7
8 8
9 9
10 10
11 11
12 12
13 13
14 14
15 15
16 16
17 17
18 18
19 19
20 20
21 21
22 22
23 23
24 24
25 25
26 26
27 27
28 28
29 29
30 30
31 31
32 32
33 33
34 34
35 35
36 36
37 37
38 38
39 39
40 40
41 41
42 42
43 43
44 44
45 45
46 46
47 47
48 48
49 49
50 50
