149 14 68 165 148 48 97 168 72 101 57 187 63 53 142 106 31 130 94 93 140 161 87 39 103 54 123 195 73 65 12 58 121 145 32 162 92 139 70 81 170 78 147 17 8 150 35 47 84 166 111 118 135 1 83 132 34 152 85 21 190 197 196 3 40 108 115 26 49 160 52 13 56 198 169 89 90 157 10 120 159 186 109 5 25 6 164 173 143 114 11 141 163 102 194 182 22 38 125 55 113 128 155 178 193 69 42 36 2 4 59 75 184 16 188 96 154 100 76 171 192 156 144 175 45 129 18 37 44 191 112 116 20 80 110 134 51 122 189 74 117 180 99 23 79 127 151 119 29 43 172 28 105 33 153 66 64 136 7 136 64 66 153 33 105 28 172 43 29 119 151 127 79 23 99 180 117 74 189 122 51 134 110 80 20 116 112 191 44 37 18 129 45 175 144 156 192 171 76 100 154 96 188 16 184 75 59 4 2 36 42 69 193 178 155 128 113 55 125 38 22 182 194 102 163 141 11 114 143 173 164 6 25 5 109 186 159 120 10 157 90 89 169 198 56 13 52 160 49 26 115 108 40 3 196 197 190 21 85 152 34 132 83 1 135 118 111 166 84 47 35 150 8 17 147 78 170 81 70 139 92 162 32 145 121 58 12 65 73 195 123 54 103 39 87 161 140 93 94 130 31 106 142 53 63 187 57 101 72 168 97 48 148 165 68 14 149 199 24 137 167 177 0 60 19 41 176 30 62 86 27 146 174 183 88 71 9 61 46 158 133 15 104 131 185 50 67 124 179 126 95 91 107 181 98 77 82 138 82 77 98 181 107 91 95 126 179 124 67 50 185 131 104 15 133 158 46 61 9 71 88 183 174 146 27 86 62 30 176 41 19 60 0 177 167 137 24 199 149
100
1 1
2 2
3 3
4 4
5 5
6 6
7 7
8 8
9 9
10 10
11 11
12 12
13 13
14 14
15 15
16 16
17 17
18 18
19 19
20 20
21 21
22 22
23 23
24 24
25 25
26 26
27 27
28 28
29 29
30 30
31 31
32 32
33 33
34 34
35 35
36 36
37 37
38 38
39 39
40 40
41 41
42 42
43 43
44 44
45 45
46 46
47 47
48 48
49 49
50 50
51 51
52 52
53 53
54 54
55 55
56 56
57 57
58 58
59 59
60 60
61 61
62 62
63 63
64 64
65 65
66 66
67 67
68 68
69 69
70 70
71 71
72 72
73 73
74 74
75 75
76 76
77 77
78 78
79 79
80 80
81 81
82 82
83 83
84 84
85 85
86 86
87 87
88 88
89 89
90 90
91 91
92 92
93 93
94 94
95 95
96 96
97 97
98 98
99 99
100 100
