myBc2oGXtwQIbhN8LZB1 vy2boLWO2lxg10y7uS0y acKFNKRjJfiuZlOgTEsC 9qKQxzNhOFjJqaecQyK0 3B3BIG6A4j9vPwAc8nQR 1ZOzWuPMAgV9noIUn6fI nmetx4LmU9YBYTmghDrT itlYcr1HLIijK6IEih7d jHmvxfAZsjs2mCnHbbFf 4jo8IXw984NR3wvT2Dr9 FMx2ghinkTg3bXUUbaTx k1M2cFnugZRKjqOUnjwv FMx2ghinkTg3bXUUbaTx 4jo8IXw984NR3wvT2Dr9 jHmvxfAZsjs2mCnHbbFf itlYcr1HLIijK6IEih7d nmetx4LmU9YBYTmghDrT 1ZOzWuPMAgV9noIUn6fI 3B3BIG6A4j9vPwAc8nQR 9qKQxzNhOFjJqaecQyK0 acKFNKRjJfiuZlOgTEsC vy2boLWO2lxg10y7uS0y myBc2oGXtwQIbhN8LZB1 6X2CNJieZ0I5rs3Wfu65 fpPjeU3Q7Ml0oxbNnONE THOlWrcPLTG3BoVkMtJU vngNw4A9ZBI4o4Wf7Dba 5f6BSghRQWi4UfjviKjn 1xvTq3xEFTlQlaxDd2yR riaaYbNfyU7H6Pgj8ox2 e3j3O8zLHFaoF4L54lX4 oTKjE2BVS0AvV4XvUeLk 1GbSD7rTlpNb4qV46SKR wqC51QdeDTq2cT8foWJ0 ac1xBQA0fTyrjmfkRJQN X0l14s0sRXjXSeLRZLOJ zWpsWJk9vbOt0JkC0vhz TN93ZjZBMIgkJh9ck6Ha vDgQrJL5dinUbTXXnFI5 jy3jNWgqegakpFSv6gUm qizvT7wmu308zgJRCTE2 w5Yg5o0VnYd77fs4XPRL yAYyOcL4ZKdEiLdSPQJm 6yzFaM9N8M8BsjLACDds z5q6ttBPV27yxxLLSiEN dOBnQCXLXxGyjTj3QvT5 RBvtNZMBTgecfVkYzQF0 ptVEb5MtTsnyDsszLqdb ncgdwkJBMYlPXBREt3a2 fs293gU4e4aMhOljCB50 j2d1svPUTAqQIDPXwffl lRM59z2yUMoVl3kzgo9u bVCSBWLjvEmxQEUvDzc4 qz4O4bOhKA0YZxpN4mu9 saIZq3FqZhdVPNoQWmqU ki0pv73E3TweydEr2xMN E1No0jrU6hgJwSJDwUUZ G6CUgOl4p73Rgc0T3f94 mZGLfn0jbLOpy4dRbGU2 QE7OzkjvlSSywyVvAzrw MGbVIBTGbPc6LEJTJ0O1 lIw41GL97UpW0SIulzFJ MrSQPZSbMdgYshneAfKf SwF10yYWjKWmqxtGZBky C4VxHS7oWghMg001nCqT 7icmXpzpUEkwaV7qVEaJ lYkJhGqsFKbDklNelAfr gVtgypR1P6Eyj6R6BPn8 GvRFaXYJvrU5PAeeG88T IMeOdBNxrGDg6Fs4Ao98 HDb2FcmjCYtiXtdvOxhu tDBlCuVAUlVhYfGmo0ZK 0XkHA8PrhAZdfyodPJuj LJTA7Za5kd0YC7vjiAyc uyIFjf9icYD5VmAzNfRQ VThEkwdtHmaZ1zsmfh4s uNXUIWejT1w4vLTe7QBt EY74ASuADSlYlDTJLkL6 dDuRIa3uykAHrqtnscL7 wy0RiFWOddqgqdcatQ9A o9XvbKLK829LHx1fwro4 9OL9rFCWxsvkui0BnJrR 69TQpRojisYUrVnWqBaA bxgB5IUPnImEXqnS3iaV yHPSS57AN08ejjILeFs9 q1ntlEPy5TkjTDK1N7QA fbJ1XhavEsRSCGVVB1U1 oAFZUXg8zx8H0DELrp92 jjCSZnB5168QDqTrFROq JBiXyXogbhO9RGLjMiRP olDP1pNg8HxpvCq8TOIJ K674cUKePzN7aRSq4iqU o53aRQwjhcCKlIFPSjvf o2dWBGyrvosFrr6mKxkG SUNxIlWVwIvWYg6OTKeH cTQsPiFc1uh1wyO5LVD6 F2tHb2HX5QlBFzs8Czn0 k1Tln9YIMlQqN0j9DgoX gTUKyXNYZMF2asX4AtFU TcUz8pPP5kJyD6SKwm5I 3TCeOMdE7BbPZ0rpYuCY DY8VhtrSq6Cc3rxJZ9sj UV9ETXujgMy6Jbe14yrW RpB10dFWsUl9DC779n8X KtbSULrz2h1IxsKP2DHz bDUuepVti8upHAAenmtw UMmbOoOKP6EkLMuN70H3 huAFXwtRjt3SQzwGHlqz o9aZyqilfPONdyLlpTRX m1eNgjuhkxodElFqqgdb ZhHxBzOYsJAOHrqq4mZM m1eNgjuhkxodElFqqgdb o9aZyqilfPONdyLlpTRX huAFXwtRjt3SQzwGHlqz UMmbOoOKP6EkLMuN70H3 bDUuepVti8upHAAenmtw KtbSULrz2h1IxsKP2DHz RpB10dFWsUl9DC779n8X UV9ETXujgMy6Jbe14yrW DY8VhtrSq6Cc3rxJZ9sj 3TCeOMdE7BbPZ0rpYuCY TcUz8pPP5kJyD6SKwm5I gTUKyXNYZMF2asX4AtFU k1Tln9YIMlQqN0j9DgoX F2tHb2HX5QlBFzs8Czn0 cTQsPiFc1uh1wyO5LVD6 SUNxIlWVwIvWYg6OTKeH o2dWBGyrvosFrr6mKxkG o53aRQwjhcCKlIFPSjvf K674cUKePzN7aRSq4iqU olDP1pNg8HxpvCq8TOIJ JBiXyXogbhO9RGLjMiRP jjCSZnB5168QDqTrFROq oAFZUXg8zx8H0DELrp92 fbJ1XhavEsRSCGVVB1U1 q1ntlEPy5TkjTDK1N7QA yHPSS57AN08ejjILeFs9 bxgB5IUPnImEXqnS3iaV 69TQpRojisYUrVnWqBaA 9OL9rFCWxsvkui0BnJrR o9XvbKLK829LHx1fwro4 wy0RiFWOddqgqdcatQ9A dDuRIa3uykAHrqtnscL7 EY74ASuADSlYlDTJLkL6 uNXUIWejT1w4vLTe7QBt VThEkwdtHmaZ1zsmfh4s uyIFjf9icYD5VmAzNfRQ LJTA7Za5kd0YC7vjiAyc 0XkHA8PrhAZdfyodPJuj tDBlCuVAUlVhYfGmo0ZK HDb2FcmjCYtiXtdvOxhu IMeOdBNxrGDg6Fs4Ao98 GvRFaXYJvrU5PAeeG88T gVtgypR1P6Eyj6R6BPn8 lYkJhGqsFKbDklNelAfr 7icmXpzpUEkwaV7qVEaJ C4VxHS7oWghMg001nCqT SwF10yYWjKWmqxtGZBky MrSQPZSbMdgYshneAfKf lIw41GL97UpW0SIulzFJ MGbVIBTGbPc6LEJTJ0O1 QE7OzkjvlSSywyVvAzrw mZGLfn0jbLOpy4dRbGU2 G6CUgOl4p73Rgc0T3f94 E1No0jrU6hgJwSJDwUUZ ki0pv73E3TweydEr2xMN saIZq3FqZhdVPNoQWmqU qz4O4bOhKA0YZxpN4mu9 bVCSBWLjvEmxQEUvDzc4 lRM59z2yUMoVl3kzgo9u j2d1svPUTAqQIDPXwffl fs293gU4e4aMhOljCB50 ncgdwkJBMYlPXBREt3a2 ptVEb5MtTsnyDsszLqdb RBvtNZMBTgecfVkYzQF0 dOBnQCXLXxGyjTj3QvT5 z5q6ttBPV27yxxLLSiEN 6yzFaM9N8M8BsjLACDds yAYyOcL4ZKdEiLdSPQJm w5Yg5o0VnYd77fs4XPRL qizvT7wmu308zgJRCTE2 jy3jNWgqegakpFSv6gUm vDgQrJL5dinUbTXXnFI5 TN93ZjZBMIgkJh9ck6Ha zWpsWJk9vbOt0JkC0vhz X0l14s0sRXjXSeLRZLOJ ac1xBQA0fTyrjmfkRJQN wqC51QdeDTq2cT8foWJ0 1GbSD7rTlpNb4qV46SKR oTKjE2BVS0AvV4XvUeLk e3j3O8zLHFaoF4L54lX4 riaaYbNfyU7H6Pgj8ox2 1xvTq3xEFTlQlaxDd2yR 5f6BSghRQWi4UfjviKjn vngNw4A9ZBI4o4Wf7Dba THOlWrcPLTG3BoVkMtJU fpPjeU3Q7Ml0oxbNnONE 6X2CNJieZ0I5rs3Wfu65 myBc2oGXtwQIbhN8LZB1
50
GvRFaXYJvrU5PAeeG88T GvRFaXYJvrU5PAeeG88T
RBvtNZMBTgecfVkYzQF0 RBvtNZMBTgecfVkYzQF0
5f6BSghRQWi4UfjviKjn 5f6BSghRQWi4UfjviKjn
bVCSBWLjvEmxQEUvDzc4 bVCSBWLjvEmxQEUvDzc4
m1eNgjuhkxodElFqqgdb m1eNgjuhkxodElFqqgdb
1GbSD7rTlpNb4qV46SKR 1GbSD7rTlpNb4qV46SKR
qz4O4bOhKA0YZxpN4mu9 qz4O4bOhKA0YZxpN4mu9
o53aRQwjhcCKlIFPSjvf o53aRQwjhcCKlIFPSjvf
vy2boLWO2lxg10y7uS0y vy2boLWO2lxg10y7uS0y
FMx2ghinkTg3bXUUbaTx FMx2ghinkTg3bXUUbaTx
fpPjeU3Q7Ml0oxbNnONE fpPjeU3Q7Ml0oxbNnONE
9OL9rFCWxsvkui0BnJrR 9OL9rFCWxsvkui0BnJrR
RpB10dFWsUl9DC779n8X RpB10dFWsUl9DC779n8X
zWpsWJk9vbOt0JkC0vhz zWpsWJk9vbOt0JkC0vhz
C4VxHS7oWghMg001nCqT C4VxHS7oWghMg001nCqT
uNXUIWejT1w4vLTe7QBt uNXUIWejT1w4vLTe7QBt
e3j3O8zLHFaoF4L54lX4 e3j3O8zLHFaoF4L54lX4
nmetx4LmU9YBYTmghDrT nmetx4LmU9YBYTmghDrT
X0l14s0sRXjXSeLRZLOJ X0l14s0sRXjXSeLRZLOJ
69TQpRojisYUrVnWqBaA 69TQpRojisYUrVnWqBaA
LJTA7Za5kd0YC7vjiAyc LJTA7Za5kd0YC7vjiAyc
j2d1svPUTAqQIDPXwffl j2d1svPUTAqQIDPXwffl
ZhHxBzOYsJAOHrqq4mZM ZhHxBzOYsJAOHrqq4mZM
jy3jNWgqegakpFSv6gUm jy3jNWgqegakpFSv6gUm
VThEkwdtHmaZ1zsmfh4s VThEkwdtHmaZ1zsmfh4s
o2dWBGyrvosFrr6mKxkG o2dWBGyrvosFrr6mKxkG
q1ntlEPy5TkjTDK1N7QA q1ntlEPy5TkjTDK1N7QA
oTKjE2BVS0AvV4XvUeLk oTKjE2BVS0AvV4XvUeLk
UMmbOoOKP6EkLMuN70H3 UMmbOoOKP6EkLMuN70H3
SUNxIlWVwIvWYg6OTKeH SUNxIlWVwIvWYg6OTKeH
K674cUKePzN7aRSq4iqU K674cUKePzN7aRSq4iqU
EY74ASuADSlYlDTJLkL6 EY74ASuADSlYlDTJLkL6
jjCSZnB5168QDqTrFROq jjCSZnB5168QDqTrFROq
KtbSULrz2h1IxsKP2DHz KtbSULrz2h1IxsKP2DHz
6X2CNJieZ0I5rs3Wfu65 6X2CNJieZ0I5rs3Wfu65
lYkJhGqsFKbDklNelAfr lYkJhGqsFKbDklNelAfr
w5Yg5o0VnYd77fs4XPRL w5Yg5o0VnYd77fs4XPRL
ki0pv73E3TweydEr2xMN ki0pv73E3TweydEr2xMN
o9aZyqilfPONdyLlpTRX o9aZyqilfPONdyLlpTRX
MrSQPZSbMdgYshneAfKf MrSQPZSbMdgYshneAfKf
olDP1pNg8HxpvCq8TOIJ olDP1pNg8HxpvCq8TOIJ
jHmvxfAZsjs2mCnHbbFf jHmvxfAZsjs2mCnHbbFf
lRM59z2yUMoVl3kzgo9u lRM59z2yUMoVl3kzgo9u
saIZq3FqZhdVPNoQWmqU saIZq3FqZhdVPNoQWmqU
yAYyOcL4ZKdEiLdSPQJm yAYyOcL4ZKdEiLdSPQJm
wy0RiFWOddqgqdcatQ9A wy0RiFWOddqgqdcatQ9A
6yzFaM9N8M8BsjLACDds 6yzFaM9N8M8BsjLACDds
1ZOzWuPMAgV9noIUn6fI 1ZOzWuPMAgV9noIUn6fI
fbJ1XhavEsRSCGVVB1U1 fbJ1XhavEsRSCGVVB1U1
4jo8IXw984NR3wvT2Dr9 4jo8IXw984NR3wvT2Dr9
