PlmPdVeiiHQg3JYZCDWt Fj3o1P7cDuinqDyM5v58 6GSZa1npVyW2652oBwaR dNoUXTyodWg6ihABmzIM gdO0wiBlQ8wFbeNyGtx5 iwJGcbQH2bifG6D82Iel GUntLlYA0xo9Vk4WLTLV ETjjZI7uk2pIvhwlFJmu ztpb0oeFUYAmv52dElS6 vgVY143HiC3DIrnHqOVb qOK6WPKQJA4Q9XqXgSgT CofLnw0Ss4pVGWmPS5oO cUanhOambcNkocePqfvx KOLHrmR3FKDMdl4SYdK9 g0ywcwildP9K6oBendJq enzXJAvcXabmrwWV3YuL iFXIyHTPBX7ivXxsV1VM Oy6fETwECO5ouC6YS702 VXU331oDUcuzaGGUYIl9 847MZ9RXdcbtrj0xf7hq mjf2bYOpX2uCbKVikaAR uaR7l3Qhn4FRAnSeVURz dRK5ma7NqggKZHlnDCi2 ANdko3dYAy7a2BOq7wpm VKQB4EmoMIRFao2cUe1s nKDJ3ylOzub2eWcHnAhq muaifDkU51RuZjmGy3EY a06qeiApctGnC1GMtGuJ rrsfFE1VQlGvYiPVJPzk RuUdtXtfFCKpaLUcmsqg vfFBTNAIMMm13X2tZysq gu4ZhQvmb4pSQmUY70Nq E59siIyngnj5PIsLeowv 3cixCQKdOFnhNCezth5V ML4pCjYl4gPEwSnvlRaD 1kUMD8KZUKbCCVh7WHWn eJFQvXShtLM53SM8xiiu WErk2X2lm629vuxPHVtl Ueu5MpmB6m0Tj07uN555 4wKSG7BFou1CA7O0mLH6 NHPxOzu7Bj5bnsm7vmJS BWhyt9wATIprZDhzxwVv H1kgaLgK3XrnSUWaxIp0 YFXFh0nBpGYXfL8mfny3 jVItWJkETNqrkY47Hghp 3rqlQRwe5izypHjXjWla kaVGl3oG0Ulg2MgkbJB8 kwA1qrRggH9YLKcVfIe5 2chOacZ5nNYuf6eeGFSW 1ERN8pUhtdYbmxXPnWk4 EY9cQTmyqhrzeZsobQa5 JakuJordFcO229c3L5ct o1oGR6O0WpnFD6HgjJm1 AmAHnr1XXkPpwJ6DUDIO WsVMGV8yZisK6ojnqzBE 1tmkPhHujDQhTmW4oV7S Osa2UT4anhyBl7doUFs5 4AwtOzgg4YBT3wkiEwMr SNmFiRdCmf8vg1yMqr30 26HBw5rqKS910jXVuDWn zXFq4Mw19qGmxfgvxgKV E8pbRn7LIeWnB3swkYzz gRC6QGMaofieuDp4DxNK ivcmXAg3WJYgMBzFenfb PWUaVYPeofxjJdT472wG 4QLswP82Wvxw9Z42obzh NXYVlLN4oRDZThND0BmP dvxgUZzwjHAP85QpElWp JTOsbkycRuz0e5JQ3gRH KjQNU2EAAYEZSeJWPxLM ZqjU5adUgNWGWDhxv0Ya ZNY0bYUvhQMUm5V6mJno hZHynIvymuQxD6BftzWt 89uQTJVvGaob2884UTbx Wq14UxgLNQSDYKfwPKLH LWxNpOtygHuLI9qU5DwF Vh6ScHVb39wz7CmKwIuA 20utbptZXLJi5iRJMPtt DF1KTiOHBIkswyjh8uB1 3NZ1POQXIwf6NGuaUl5h W9TKm0U6bNDZ1Aok7hNH zos6qdAgLydZyli2syMt eVsZLsrTO9vGrfl2kinU jJYVpHxqx7vGmijT2uyo XfoLhICApzD21ekC6Raj nweJtOYiRJ9VPbpUTVQU Ht8MCgqFhHoK08qA4XXh EkRPPDhcu5ww6XulSOgx nplSyFCfwWl94XgtPFkm Dwi7fYT8wa9I4Kzyto4Y x5UVX06335fM5pfCNBMU MSj6zOuZ0EoAKjP4wXXW C6w7afZujemehEooILjN Tr6dOTuKB3EM5juuJxqy ELEJN8tWDJT7mLhCdqW3 N5YDsCDN1lKguyHbn4Zb MEVVMgbTLIgXdG4vAbeX Zzs5CIqF9Ll2avkxI78N bvNUsI1a9ORRkwy1plRX nsq4rhHWMCaIVcah5fcd 1wRG7TNgo9ui6iZBLuaw 88tlmRAaQO3KDf7QWuDb 9EFf7Db1oVUr4vPii753 gDiXpOExvLIslrQ3rfBi 76b3evP8JEiQ8c6jd2b5 yneFBbj6YjKvwSUW253g zGdvV8W1IzIvw9dDijIG YIxKvTpWMaQKGFtD5BDH ChEnlTNCMoqxBfyzEzW7 41HkeQtKSrMStkOA4nM4 u4dtaT6NdEhJmWtNAXSE yHfbaNMH6AALGleUN7ln U7iVliqmXRkLwyPSNdfv eUyNsK7nwP1YPac54CbU 7qCgmo7DrrfnVQIWnbiV ukPtLY7YueARRkX8hPaS 060q0aISPODkGeAbYbQ6 LXqfTqJggDSh6mykPyz3 hvFnmSwhfuOmcUJJ8teU 804aK8wEArkuheeUiB4R 6WGzUhXeOltLDbkIvTzq WZsO2i9GZwvMYoV9SyKS q4nqG9N45SSRxndw48Xl CkcRIkbkwcSO7uvVYs8H 7yt9hKqOEGabqtqIEmdH jKREQK0zNUshG5l5lIJd yKQw7YXCNsthb1VWEFur 2Cz4Y4eG1XIezf9qpdQl 48BAUsycKlkSkbOjYLFN 4E11EdbsS5KbjeJWtodD tX1uDaXm9hMlEKqU7m9j xHjRz67dW7C8omsktslg X39Y1tqjVB1dYhLfEsBQ grvEnF7GDly5W5B32u51 eFBRJr5p5I2EdlVEayJ6 0q2ewXNjMVDn3GAFEoyU YXpO8M342ISxgv446YFJ 6bLuQyxEzh3wnYgGbaCv IxWh6LSiXwGUWSx9VJ39 9gglBKpHLZmA2dFXYK5s lcQ1GcVaImUGztIdTr68 82AQRTkjWEU79atYWx1r NA24XhOMsROCBnUViAJT EVtx7khff7Fs8yuuQKJx aGmUpeq6kVn42aPOEaUT DmOYSEzvATkNwLC4lcsN 4S2YiI3VYPKghkl95iqK GzSNGBn4EPemDLEWXNxx N1MiBWI2XSNYPV4Bi2Zg W6pSplT3U7lJfu0pJGBX zforAf5jhSPEL0aOiCeo dsndgEJWfBsFA2I3Hgqf 3M9YkxmgHhrzhCgskWR0 npvmhiGWlG3giKEGoWCw 8RfB73Lw8C9LbSwIxA9Q dCcd6iAvBWonWTNoMnIv bxi8Rg1pw86lzWjaSAaf JWIkMKKlAG6fUoRVxKKI sgcToTYzCpAKhdYwyDOd U93q1CSaufcn6AN6XT0E fuCjhXAjnc4YFvoPeqP4 MPSdS6GmL12gP1dYVUis 6NK21BPodyGlEh86UzyE oera1CM7cj3K49AkZhzz 1JawjZrawLlOCGN1EB0O BrudisXSomFZhqJyPfJg k8LvqKsQ4ejh0bCWs4fP zvH9G6FQ1xC7CVezs43e YmmIBqqdn3Z6PuFXWNHi 9iFeMEl5ieZvKvHKf9x4 yzZAQs8WNcqHoW4TRAoo 9iFeMEl5ieZvKvHKf9x4 YmmIBqqdn3Z6PuFXWNHi zvH9G6FQ1xC7CVezs43e k8LvqKsQ4ejh0bCWs4fP BrudisXSomFZhqJyPfJg 1JawjZrawLlOCGN1EB0O oera1CM7cj3K49AkZhzz 6NK21BPodyGlEh86UzyE MPSdS6GmL12gP1dYVUis fuCjhXAjnc4YFvoPeqP4 U93q1CSaufcn6AN6XT0E sgcToTYzCpAKhdYwyDOd JWIkMKKlAG6fUoRVxKKI bxi8Rg1pw86lzWjaSAaf dCcd6iAvBWonWTNoMnIv 8RfB73Lw8C9LbSwIxA9Q npvmhiGWlG3giKEGoWCw 3M9YkxmgHhrzhCgskWR0 dsndgEJWfBsFA2I3Hgqf zforAf5jhSPEL0aOiCeo W6pSplT3U7lJfu0pJGBX N1MiBWI2XSNYPV4Bi2Zg GzSNGBn4EPemDLEWXNxx 4S2YiI3VYPKghkl95iqK DmOYSEzvATkNwLC4lcsN aGmUpeq6kVn42aPOEaUT EVtx7khff7Fs8yuuQKJx NA24XhOMsROCBnUViAJT 82AQRTkjWEU79atYWx1r lcQ1GcVaImUGztIdTr68 9gglBKpHLZmA2dFXYK5s IxWh6LSiXwGUWSx9VJ39 6bLuQyxEzh3wnYgGbaCv YXpO8M342ISxgv446YFJ 0q2ewXNjMVDn3GAFEoyU eFBRJr5p5I2EdlVEayJ6 grvEnF7GDly5W5B32u51 X39Y1tqjVB1dYhLfEsBQ xHjRz67dW7C8omsktslg tX1uDaXm9hMlEKqU7m9j 4E11EdbsS5KbjeJWtodD 48BAUsycKlkSkbOjYLFN 2Cz4Y4eG1XIezf9qpdQl yKQw7YXCNsthb1VWEFur jKREQK0zNUshG5l5lIJd 7yt9hKqOEGabqtqIEmdH CkcRIkbkwcSO7uvVYs8H q4nqG9N45SSRxndw48Xl WZsO2i9GZwvMYoV9SyKS 6WGzUhXeOltLDbkIvTzq 804aK8wEArkuheeUiB4R hvFnmSwhfuOmcUJJ8teU LXqfTqJggDSh6mykPyz3 060q0aISPODkGeAbYbQ6 ukPtLY7YueARRkX8hPaS 7qCgmo7DrrfnVQIWnbiV eUyNsK7nwP1YPac54CbU U7iVliqmXRkLwyPSNdfv yHfbaNMH6AALGleUN7ln u4dtaT6NdEhJmWtNAXSE 41HkeQtKSrMStkOA4nM4 ChEnlTNCMoqxBfyzEzW7 YIxKvTpWMaQKGFtD5BDH zGdvV8W1IzIvw9dDijIG yneFBbj6YjKvwSUW253g 76b3evP8JEiQ8c6jd2b5 gDiXpOExvLIslrQ3rfBi 9EFf7Db1oVUr4vPii753 88tlmRAaQO3KDf7QWuDb 1wRG7TNgo9ui6iZBLuaw nsq4rhHWMCaIVcah5fcd bvNUsI1a9ORRkwy1plRX Zzs5CIqF9Ll2avkxI78N MEVVMgbTLIgXdG4vAbeX N5YDsCDN1lKguyHbn4Zb ELEJN8tWDJT7mLhCdqW3 Tr6dOTuKB3EM5juuJxqy C6w7afZujemehEooILjN MSj6zOuZ0EoAKjP4wXXW x5UVX06335fM5pfCNBMU Dwi7fYT8wa9I4Kzyto4Y nplSyFCfwWl94XgtPFkm EkRPPDhcu5ww6XulSOgx Ht8MCgqFhHoK08qA4XXh nweJtOYiRJ9VPbpUTVQU XfoLhICApzD21ekC6Raj jJYVpHxqx7vGmijT2uyo eVsZLsrTO9vGrfl2kinU zos6qdAgLydZyli2syMt W9TKm0U6bNDZ1Aok7hNH 3NZ1POQXIwf6NGuaUl5h DF1KTiOHBIkswyjh8uB1 20utbptZXLJi5iRJMPtt Vh6ScHVb39wz7CmKwIuA LWxNpOtygHuLI9qU5DwF Wq14UxgLNQSDYKfwPKLH 89uQTJVvGaob2884UTbx hZHynIvymuQxD6BftzWt ZNY0bYUvhQMUm5V6mJno ZqjU5adUgNWGWDhxv0Ya KjQNU2EAAYEZSeJWPxLM JTOsbkycRuz0e5JQ3gRH dvxgUZzwjHAP85QpElWp NXYVlLN4oRDZThND0BmP 4QLswP82Wvxw9Z42obzh PWUaVYPeofxjJdT472wG ivcmXAg3WJYgMBzFenfb gRC6QGMaofieuDp4DxNK E8pbRn7LIeWnB3swkYzz zXFq4Mw19qGmxfgvxgKV 26HBw5rqKS910jXVuDWn SNmFiRdCmf8vg1yMqr30 4AwtOzgg4YBT3wkiEwMr Osa2UT4anhyBl7doUFs5 1tmkPhHujDQhTmW4oV7S WsVMGV8yZisK6ojnqzBE AmAHnr1XXkPpwJ6DUDIO o1oGR6O0WpnFD6HgjJm1 JakuJordFcO229c3L5ct EY9cQTmyqhrzeZsobQa5 1ERN8pUhtdYbmxXPnWk4 2chOacZ5nNYuf6eeGFSW kwA1qrRggH9YLKcVfIe5 kaVGl3oG0Ulg2MgkbJB8 3rqlQRwe5izypHjXjWla jVItWJkETNqrkY47Hghp YFXFh0nBpGYXfL8mfny3 H1kgaLgK3XrnSUWaxIp0 BWhyt9wATIprZDhzxwVv NHPxOzu7Bj5bnsm7vmJS 4wKSG7BFou1CA7O0mLH6 Ueu5MpmB6m0Tj07uN555 WErk2X2lm629vuxPHVtl eJFQvXShtLM53SM8xiiu 1kUMD8KZUKbCCVh7WHWn ML4pCjYl4gPEwSnvlRaD 3cixCQKdOFnhNCezth5V E59siIyngnj5PIsLeowv gu4ZhQvmb4pSQmUY70Nq vfFBTNAIMMm13X2tZysq RuUdtXtfFCKpaLUcmsqg rrsfFE1VQlGvYiPVJPzk a06qeiApctGnC1GMtGuJ muaifDkU51RuZjmGy3EY nKDJ3ylOzub2eWcHnAhq VKQB4EmoMIRFao2cUe1s ANdko3dYAy7a2BOq7wpm dRK5ma7NqggKZHlnDCi2 uaR7l3Qhn4FRAnSeVURz mjf2bYOpX2uCbKVikaAR 847MZ9RXdcbtrj0xf7hq VXU331oDUcuzaGGUYIl9 Oy6fETwECO5ouC6YS702 iFXIyHTPBX7ivXxsV1VM enzXJAvcXabmrwWV3YuL g0ywcwildP9K6oBendJq KOLHrmR3FKDMdl4SYdK9 cUanhOambcNkocePqfvx CofLnw0Ss4pVGWmPS5oO qOK6WPKQJA4Q9XqXgSgT vgVY143HiC3DIrnHqOVb ztpb0oeFUYAmv52dElS6 ETjjZI7uk2pIvhwlFJmu GUntLlYA0xo9Vk4WLTLV iwJGcbQH2bifG6D82Iel gdO0wiBlQ8wFbeNyGtx5 dNoUXTyodWg6ihABmzIM 6GSZa1npVyW2652oBwaR Fj3o1P7cDuinqDyM5v58 PlmPdVeiiHQg3JYZCDWt KZAoViymglGlxlkbi0dq BqpTiWAotYe5nRTWXkzn xcisI0PJDdG9nIuyj3IS yD8JCRUWcVAZxJ4ZDldr m1A3pMC42PQioFziqK5C 4SDaLq9JuVK9Hgq625aC uNMLlt0W1KUwk2d6EP98 VuvjJGf6deKVAQ0JUD4i TpLamlzpT6GwerxzVsxr ke8TpJ63eqUMups8ebCz ZxL97V8dSQtTxDPiOdxc PBBsNLNC5p1ScJ69o6I3 cYMPcE5UNSzOtkRY62gr kRqgoaGzBgIxzyW55b7b z5H5mNBg1cfKwaYMbsoz irZyMKazQALnyfoOCtbL 8jko5XAn6JliQ07A0rUO PIekFeWZsA6etqyFB2SF UkqILZ2p4EbRuMBIrGXp nyd0fM2XE4qmli1xfIwr wZppnfABPMsntS9k4lvX XbrNBzXJSitXalj9YB4o XEVVfArWHJg24STfORUs loEPY9WRgDIJ7DWZtMDr fp0tOLe2bgMhAVnspvYT XdyhPab6W9wOZnKLq1fq U8sg63DCydwx1FzxqIaQ 9zoM12ZWjXrKaszveCQH o85TEEBuzMbePdf5cbCv 9zoM12ZWjXrKaszveCQH U8sg63DCydwx1FzxqIaQ XdyhPab6W9wOZnKLq1fq fp0tOLe2bgMhAVnspvYT loEPY9WRgDIJ7DWZtMDr XEVVfArWHJg24STfORUs XbrNBzXJSitXalj9YB4o wZppnfABPMsntS9k4lvX nyd0fM2XE4qmli1xfIwr UkqILZ2p4EbRuMBIrGXp PIekFeWZsA6etqyFB2SF 8jko5XAn6JliQ07A0rUO irZyMKazQALnyfoOCtbL z5H5mNBg1cfKwaYMbsoz kRqgoaGzBgIxzyW55b7b cYMPcE5UNSzOtkRY62gr PBBsNLNC5p1ScJ69o6I3 ZxL97V8dSQtTxDPiOdxc ke8TpJ63eqUMups8ebCz TpLamlzpT6GwerxzVsxr VuvjJGf6deKVAQ0JUD4i uNMLlt0W1KUwk2d6EP98 4SDaLq9JuVK9Hgq625aC m1A3pMC42PQioFziqK5C yD8JCRUWcVAZxJ4ZDldr xcisI0PJDdG9nIuyj3IS BqpTiWAotYe5nRTWXkzn KZAoViymglGlxlkbi0dq PlmPdVeiiHQg3JYZCDWt
100
RuUdtXtfFCKpaLUcmsqg RuUdtXtfFCKpaLUcmsqg
MEVVMgbTLIgXdG4vAbeX MEVVMgbTLIgXdG4vAbeX
YmmIBqqdn3Z6PuFXWNHi YmmIBqqdn3Z6PuFXWNHi
SNmFiRdCmf8vg1yMqr30 SNmFiRdCmf8vg1yMqr30
nKDJ3ylOzub2eWcHnAhq nKDJ3ylOzub2eWcHnAhq
JakuJordFcO229c3L5ct JakuJordFcO229c3L5ct
WErk2X2lm629vuxPHVtl WErk2X2lm629vuxPHVtl
ChEnlTNCMoqxBfyzEzW7 ChEnlTNCMoqxBfyzEzW7
o85TEEBuzMbePdf5cbCv o85TEEBuzMbePdf5cbCv
g0ywcwildP9K6oBendJq g0ywcwildP9K6oBendJq
N5YDsCDN1lKguyHbn4Zb N5YDsCDN1lKguyHbn4Zb
3M9YkxmgHhrzhCgskWR0 3M9YkxmgHhrzhCgskWR0
GzSNGBn4EPemDLEWXNxx GzSNGBn4EPemDLEWXNxx
7qCgmo7DrrfnVQIWnbiV 7qCgmo7DrrfnVQIWnbiV
48BAUsycKlkSkbOjYLFN 48BAUsycKlkSkbOjYLFN
qOK6WPKQJA4Q9XqXgSgT qOK6WPKQJA4Q9XqXgSgT
WsVMGV8yZisK6ojnqzBE WsVMGV8yZisK6ojnqzBE
060q0aISPODkGeAbYbQ6 060q0aISPODkGeAbYbQ6
1tmkPhHujDQhTmW4oV7S 1tmkPhHujDQhTmW4oV7S
NXYVlLN4oRDZThND0BmP NXYVlLN4oRDZThND0BmP
zvH9G6FQ1xC7CVezs43e zvH9G6FQ1xC7CVezs43e
Tr6dOTuKB3EM5juuJxqy Tr6dOTuKB3EM5juuJxqy
Vh6ScHVb39wz7CmKwIuA Vh6ScHVb39wz7CmKwIuA
dsndgEJWfBsFA2I3Hgqf dsndgEJWfBsFA2I3Hgqf
kaVGl3oG0Ulg2MgkbJB8 kaVGl3oG0Ulg2MgkbJB8
eUyNsK7nwP1YPac54CbU eUyNsK7nwP1YPac54CbU
9zoM12ZWjXrKaszveCQH 9zoM12ZWjXrKaszveCQH
hZHynIvymuQxD6BftzWt hZHynIvymuQxD6BftzWt
PIekFeWZsA6etqyFB2SF PIekFeWZsA6etqyFB2SF
zforAf5jhSPEL0aOiCeo zforAf5jhSPEL0aOiCeo
ELEJN8tWDJT7mLhCdqW3 ELEJN8tWDJT7mLhCdqW3
76b3evP8JEiQ8c6jd2b5 76b3evP8JEiQ8c6jd2b5
UkqILZ2p4EbRuMBIrGXp UkqILZ2p4EbRuMBIrGXp
nsq4rhHWMCaIVcah5fcd nsq4rhHWMCaIVcah5fcd
ukPtLY7YueARRkX8hPaS ukPtLY7YueARRkX8hPaS
NA24XhOMsROCBnUViAJT NA24XhOMsROCBnUViAJT
DF1KTiOHBIkswyjh8uB1 DF1KTiOHBIkswyjh8uB1
IxWh6LSiXwGUWSx9VJ39 IxWh6LSiXwGUWSx9VJ39
k8LvqKsQ4ejh0bCWs4fP k8LvqKsQ4ejh0bCWs4fP
3rqlQRwe5izypHjXjWla 3rqlQRwe5izypHjXjWla
W9TKm0U6bNDZ1Aok7hNH W9TKm0U6bNDZ1Aok7hNH
2Cz4Y4eG1XIezf9qpdQl 2Cz4Y4eG1XIezf9qpdQl
Osa2UT4anhyBl7doUFs5 Osa2UT4anhyBl7doUFs5
yKQw7YXCNsthb1VWEFur yKQw7YXCNsthb1VWEFur
uaR7l3Qhn4FRAnSeVURz uaR7l3Qhn4FRAnSeVURz
KjQNU2EAAYEZSeJWPxLM KjQNU2EAAYEZSeJWPxLM
E59siIyngnj5PIsLeowv E59siIyngnj5PIsLeowv
XdyhPab6W9wOZnKLq1fq XdyhPab6W9wOZnKLq1fq
yD8JCRUWcVAZxJ4ZDldr yD8JCRUWcVAZxJ4ZDldr
cYMPcE5UNSzOtkRY62gr cYMPcE5UNSzOtkRY62gr
AmAHnr1XXkPpwJ6DUDIO AmAHnr1XXkPpwJ6DUDIO
U7iVliqmXRkLwyPSNdfv U7iVliqmXRkLwyPSNdfv
jVItWJkETNqrkY47Hghp jVItWJkETNqrkY47Hghp
YFXFh0nBpGYXfL8mfny3 YFXFh0nBpGYXfL8mfny3
EVtx7khff7Fs8yuuQKJx EVtx7khff7Fs8yuuQKJx
4S2YiI3VYPKghkl95iqK 4S2YiI3VYPKghkl95iqK
1JawjZrawLlOCGN1EB0O 1JawjZrawLlOCGN1EB0O
WZsO2i9GZwvMYoV9SyKS WZsO2i9GZwvMYoV9SyKS
uNMLlt0W1KUwk2d6EP98 uNMLlt0W1KUwk2d6EP98
nyd0fM2XE4qmli1xfIwr nyd0fM2XE4qmli1xfIwr
iFXIyHTPBX7ivXxsV1VM iFXIyHTPBX7ivXxsV1VM
EkRPPDhcu5ww6XulSOgx EkRPPDhcu5ww6XulSOgx
LXqfTqJggDSh6mykPyz3 LXqfTqJggDSh6mykPyz3
2chOacZ5nNYuf6eeGFSW 2chOacZ5nNYuf6eeGFSW
VuvjJGf6deKVAQ0JUD4i VuvjJGf6deKVAQ0JUD4i
ML4pCjYl4gPEwSnvlRaD ML4pCjYl4gPEwSnvlRaD
Zzs5CIqF9Ll2avkxI78N Zzs5CIqF9Ll2avkxI78N
JWIkMKKlAG6fUoRVxKKI JWIkMKKlAG6fUoRVxKKI
iwJGcbQH2bifG6D82Iel iwJGcbQH2bifG6D82Iel
ANdko3dYAy7a2BOq7wpm ANdko3dYAy7a2BOq7wpm
MSj6zOuZ0EoAKjP4wXXW MSj6zOuZ0EoAKjP4wXXW
cUanhOambcNkocePqfvx cUanhOambcNkocePqfvx
CofLnw0Ss4pVGWmPS5oO CofLnw0Ss4pVGWmPS5oO
kwA1qrRggH9YLKcVfIe5 kwA1qrRggH9YLKcVfIe5
YIxKvTpWMaQKGFtD5BDH YIxKvTpWMaQKGFtD5BDH
gdO0wiBlQ8wFbeNyGtx5 gdO0wiBlQ8wFbeNyGtx5
EY9cQTmyqhrzeZsobQa5 EY9cQTmyqhrzeZsobQa5
TpLamlzpT6GwerxzVsxr TpLamlzpT6GwerxzVsxr
Dwi7fYT8wa9I4Kzyto4Y Dwi7fYT8wa9I4Kzyto4Y
m1A3pMC42PQioFziqK5C m1A3pMC42PQioFziqK5C
8RfB73Lw8C9LbSwIxA9Q 8RfB73Lw8C9LbSwIxA9Q
C6w7afZujemehEooILjN C6w7afZujemehEooILjN
1wRG7TNgo9ui6iZBLuaw 1wRG7TNgo9ui6iZBLuaw
irZyMKazQALnyfoOCtbL irZyMKazQALnyfoOCtbL
q4nqG9N45SSRxndw48Xl q4nqG9N45SSRxndw48Xl
E8pbRn7LIeWnB3swkYzz E8pbRn7LIeWnB3swkYzz
6WGzUhXeOltLDbkIvTzq 6WGzUhXeOltLDbkIvTzq
dvxgUZzwjHAP85QpElWp dvxgUZzwjHAP85QpElWp
BWhyt9wATIprZDhzxwVv BWhyt9wATIprZDhzxwVv
tX1uDaXm9hMlEKqU7m9j tX1uDaXm9hMlEKqU7m9j
x5UVX06335fM5pfCNBMU x5UVX06335fM5pfCNBMU
a06qeiApctGnC1GMtGuJ a06qeiApctGnC1GMtGuJ
xcisI0PJDdG9nIuyj3IS xcisI0PJDdG9nIuyj3IS
4QLswP82Wvxw9Z42obzh 4QLswP82Wvxw9Z42obzh
7yt9hKqOEGabqtqIEmdH 7yt9hKqOEGabqtqIEmdH
GUntLlYA0xo9Vk4WLTLV GUntLlYA0xo9Vk4WLTLV
PWUaVYPeofxjJdT472wG PWUaVYPeofxjJdT472wG
KOLHrmR3FKDMdl4SYdK9 KOLHrmR3FKDMdl4SYdK9
804aK8wEArkuheeUiB4R 804aK8wEArkuheeUiB4R
VXU331oDUcuzaGGUYIl9 VXU331oDUcuzaGGUYIl9
