7FWNmYu1sEzp7YpjhNM0 5yzYewNOjD4D1V8ZP8q1 A9DFzQyemv4Vrp2lXMgz JgXP4twLsCa3fIDOEH6M 9l9bqgsSEgsSkszLK4O4 W2denTwXnWz4qrXL3aFw kgMLDXb5R3ORIfTilNFP AzIG5crlJuxKgwAi8EiY ifTdJaO9BbhyS7vPeYry nAg8OEdqlYhSIX9nv2SQ Wf5r5fLld7uYzA371YeY uKBUiyynqpfTFP93OJ0w scUa5QdkUC7khfk1TYEx wmgJPf9xJgBC30Z2iBfg goJftIzc5FBlw9j9PMfL ZPdVSQmUt7J8A3Rehp7D 3KOtUmI8wx8Is2Iqqd2S LbqkBWSxp6mSj0kbbpQH lSssYFAkHCaiCgsVnBjZ pPWJrH430fABR0NcoPKV lSssYFAkHCaiCgsVnBjZ LbqkBWSxp6mSj0kbbpQH 3KOtUmI8wx8Is2Iqqd2S ZPdVSQmUt7J8A3Rehp7D goJftIzc5FBlw9j9PMfL wmgJPf9xJgBC30Z2iBfg scUa5QdkUC7khfk1TYEx uKBUiyynqpfTFP93OJ0w Wf5r5fLld7uYzA371YeY nAg8OEdqlYhSIX9nv2SQ ifTdJaO9BbhyS7vPeYry AzIG5crlJuxKgwAi8EiY kgMLDXb5R3ORIfTilNFP W2denTwXnWz4qrXL3aFw 9l9bqgsSEgsSkszLK4O4 JgXP4twLsCa3fIDOEH6M A9DFzQyemv4Vrp2lXMgz 5yzYewNOjD4D1V8ZP8q1 7FWNmYu1sEzp7YpjhNM0 2h7AtRG8tvqKPhtURzP1 EnNVAHlgZyRZjVXg0eME iyStbsaTNUhgZNM2l5BQ 6uYVEZNStGwGBaOTSZJ3 IcKzxr7CcACAPE40T0L0 8pLdmHLE6WeSsY7mlbVR kYHq5ypSLuToYqFtAcRu LEf0huj6HzVDaAZAnsYH vEWyy5AExfLu7sWP92aZ Hz0Iozclr5Dsmtt3I8hK pms1OeSRIu8epveHYsQw Hp324dioHwKLfiZ19twT g2g8WLVxe9HOQYy10Bok Nqdnt8lMLeIhcHlj1s1V RIFDgOYLizqUpmzvNX0Y Hzf5jjegIHlFM1NlD4mu 6uJmr1C0tkMcbasOZ8YR EL7mPsSjxf2fIF5lmSlC eai1i56xxnAGWiJMC1fR vGFxQBgm9nuIewYni1cp AKanlmGUSU3JxRuvHfxn GGbfPZ5r9fRsb9JaMs6R Ph9yGdcZCHpq7TcjF1ys 1foAom0YUla8ad6rygWf B46pe0ii1rn1dcGCmje6 CdlE2FMHtE23wbpleKPr QTxJ87HudblvfrcxhLKF qUHIoJ8btUij9h8nDU8R lDAnOMVYOYXzMCtINEX8 PyIlH9YicODghA6KwJUV lDAnOMVYOYXzMCtINEX8 qUHIoJ8btUij9h8nDU8R QTxJ87HudblvfrcxhLKF CdlE2FMHtE23wbpleKPr B46pe0ii1rn1dcGCmje6 1foAom0YUla8ad6rygWf Ph9yGdcZCHpq7TcjF1ys GGbfPZ5r9fRsb9JaMs6R AKanlmGUSU3JxRuvHfxn vGFxQBgm9nuIewYni1cp eai1i56xxnAGWiJMC1fR EL7mPsSjxf2fIF5lmSlC 6uJmr1C0tkMcbasOZ8YR Hzf5jjegIHlFM1NlD4mu RIFDgOYLizqUpmzvNX0Y Nqdnt8lMLeIhcHlj1s1V g2g8WLVxe9HOQYy10Bok Hp324dioHwKLfiZ19twT pms1OeSRIu8epveHYsQw Hz0Iozclr5Dsmtt3I8hK vEWyy5AExfLu7sWP92aZ LEf0huj6HzVDaAZAnsYH kYHq5ypSLuToYqFtAcRu 8pLdmHLE6WeSsY7mlbVR IcKzxr7CcACAPE40T0L0 6uYVEZNStGwGBaOTSZJ3 iyStbsaTNUhgZNM2l5BQ EnNVAHlgZyRZjVXg0eME 2h7AtRG8tvqKPhtURzP1 7FWNmYu1sEzp7YpjhNM0
25
pPWJrH430fABR0NcoPKV pPWJrH430fABR0NcoPKV
6uJmr1C0tkMcbasOZ8YR 6uJmr1C0tkMcbasOZ8YR
goJftIzc5FBlw9j9PMfL goJftIzc5FBlw9j9PMfL
IcKzxr7CcACAPE40T0L0 IcKzxr7CcACAPE40T0L0
Hp324dioHwKLfiZ19twT Hp324dioHwKLfiZ19twT
A9DFzQyemv4Vrp2lXMgz A9DFzQyemv4Vrp2lXMgz
RIFDgOYLizqUpmzvNX0Y RIFDgOYLizqUpmzvNX0Y
nAg8OEdqlYhSIX9nv2SQ nAg8OEdqlYhSIX9nv2SQ
ZPdVSQmUt7J8A3Rehp7D ZPdVSQmUt7J8A3Rehp7D
kgMLDXb5R3ORIfTilNFP kgMLDXb5R3ORIfTilNFP
1foAom0YUla8ad6rygWf 1foAom0YUla8ad6rygWf
9l9bqgsSEgsSkszLK4O4 9l9bqgsSEgsSkszLK4O4
qUHIoJ8btUij9h8nDU8R qUHIoJ8btUij9h8nDU8R
scUa5QdkUC7khfk1TYEx scUa5QdkUC7khfk1TYEx
CdlE2FMHtE23wbpleKPr CdlE2FMHtE23wbpleKPr
lDAnOMVYOYXzMCtINEX8 lDAnOMVYOYXzMCtINEX8
5yzYewNOjD4D1V8ZP8q1 5yzYewNOjD4D1V8ZP8q1
PyIlH9YicODghA6KwJUV PyIlH9YicODghA6KwJUV
W2denTwXnWz4qrXL3aFw W2denTwXnWz4qrXL3aFw
B46pe0ii1rn1dcGCmje6 B46pe0ii1rn1dcGCmje6
g2g8WLVxe9HOQYy10Bok g2g8WLVxe9HOQYy10Bok
uKBUiyynqpfTFP93OJ0w uKBUiyynqpfTFP93OJ0w
LEf0huj6HzVDaAZAnsYH LEf0huj6HzVDaAZAnsYH
AzIG5crlJuxKgwAi8EiY AzIG5crlJuxKgwAi8EiY
6uYVEZNStGwGBaOTSZJ3 6uYVEZNStGwGBaOTSZJ3
