xse weo ego cen rrp aeu kfu aft fin dgl ltf owy kgl nyk bda ttw ptu shb agh nry hyo ruo byu qxs hmi xxx vtd vjd aeg mxv xeh bnl vmv vaz sad fjy eah kpp eei fbk nko bse bsc cun gfa nhi vzr jgt gzr nbi fyc qbf wiy hks emz ojx ckt nwn uuw vmt hjv rir ksg gsy ceo xjt bad tlh hir hnq hxr jwx vnr fgp vlb mok uby adx kxn xyl brt jwm ykt vvn qdz ryi mti svk uau krr qjf kcv xpy odh tko gmq syk clj uwo miy mnp jfh ils hcr nsw ymw wfn dkp rsg ras ask ckx gbd qol loj hbd lqm zud apk qnj zdb nis yie wvm lky qzf qiq iqd gxs fhv lfl ksn nmf aaj fia bow vpr nvz qdw xmg qkp naa bod ogh auf lvm vog pvs ikb khu xnr nwc jom vwg xme fzi lwk nfr lrj txq rtc hpx qwk bdh igs aii wbg njg ocp fmr nxj pjf gex tso ljd nii ukv idv rjv zks fws ygr hat dnl nbk tdu bkg zkt cma yug wyg yug cma zkt bkg tdu nbk dnl hat ygr fws zks rjv idv ukv nii ljd tso gex pjf nxj fmr ocp njg wbg aii igs bdh qwk hpx rtc txq lrj nfr lwk fzi xme vwg jom nwc xnr khu ikb pvs vog lvm auf ogh bod naa qkp xmg qdw nvz vpr bow fia aaj nmf ksn lfl fhv gxs iqd qiq qzf lky wvm yie nis zdb qnj apk zud lqm hbd loj qol gbd ckx ask ras rsg dkp wfn ymw nsw hcr ils jfh mnp miy uwo clj syk gmq tko odh xpy kcv qjf krr uau svk mti ryi qdz vvn ykt jwm brt xyl kxn adx uby mok vlb fgp vnr jwx hxr hnq hir tlh bad xjt ceo gsy ksg rir hjv vmt uuw nwn ckt ojx emz hks wiy qbf fyc nbi gzr jgt vzr nhi gfa cun bsc bse nko fbk eei kpp eah fjy sad vaz vmv bnl xeh mxv aeg vjd vtd xxx hmi qxs byu ruo hyo nry agh shb ptu ttw bda nyk kgl owy ltf dgl fin aft kfu aeu rrp cen ego weo xse wxx ggo qab vsl cek uok ybr jam phg jam ybr uok cek vsl qab ggo wxx xse
99
cma cma
adx adx
ocp ocp
pvs pvs
fbk fbk
vtd vtd
cen cen
bda bda
aii aii
lrj lrj
uwo uwo
nii nii
mti mti
ybr ybr
ikb ikb
wyg wyg
xeh xeh
khu khu
vvn vvn
bdh bdh
mok mok
fin fin
vmv vmv
lvm lvm
nwc nwc
loj loj
fzi fzi
uau uau
miy miy
tdu tdu
fia fia
byu byu
hmi hmi
fhv fhv
uok uok
nfr nfr
qbf qbf
hcr hcr
phg phg
zud zud
hpx hpx
pjf pjf
wiy wiy
ttw ttw
cun cun
rtc rtc
nry nry
yug yug
ptu ptu
jgt jgt
lwk lwk
aeg aeg
nmf nmf
ckx ckx
zkt zkt
uuw uuw
nhi nhi
ogh ogh
krr krr
nko nko
qdw qdw
tso tso
kxn kxn
bod bod
xjt xjt
tko tko
vzr vzr
vwg vwg
dgl dgl
zdb zdb
ruo ruo
nsw nsw
rsg rsg
rjv rjv
fgp fgp
xme xme
ego ego
bnl bnl
gex gex
ukv ukv
emz emz
txq txq
kpp kpp
jam jam
fyc fyc
wbg wbg
qjf qjf
vmt vmt
jfh jfh
ksg ksg
kfu kfu
svk svk
ljd ljd
tlh tlh
qxs qxs
nvz nvz
idv idv
fjy fjy
ils ils
