azv xie hyb ihg ovx ijd lko yiy qdo pvt wpu hip ncc hln yfq ipq gcw mtd eqx mqu vfq kxx eqa gcr uvc std dgw qpl mis sca faq boc whw hse eqk ykc mpw cib bgn ufa txp cuv sau zdd ofa dxm jvc ryg hcc ivp law rov zuz lmh xki gfr uyd rfl vxn cvb rcw uua qzx hlc ubo aur scm uon hwc pzr hob wcd zdi ccw ctf gei cim til brw cwq yvc jwx dqy taj hsi wyg rgm itj bxq pxx vxd zwf yqq ydw irv loz hbg loz irv ydw yqq zwf vxd pxx bxq itj rgm wyg hsi taj dqy jwx yvc cwq brw til cim gei ctf ccw zdi wcd hob pzr hwc uon scm aur ubo hlc qzx uua rcw cvb vxn rfl uyd gfr xki lmh zuz rov law ivp hcc ryg jvc dxm ofa zdd sau cuv txp ufa bgn cib mpw ykc eqk hse whw boc faq sca mis qpl dgw std uvc gcr eqa kxx vfq mqu eqx mtd gcw ipq yfq hln ncc hip wpu pvt qdo yiy lko ijd ovx ihg hyb xie azv oqv rti sob rti oqv azv
50
gcw gcw
azv azv
yiy yiy
ipq ipq
lmh lmh
oqv oqv
pzr pzr
ovx ovx
rcw rcw
rfl rfl
jwx jwx
yvc yvc
zuz zuz
ijd ijd
ufa ufa
hwc hwc
hyb hyb
sau sau
scm scm
gfr gfr
rti rti
gei gei
xie xie
hsi hsi
ncc ncc
dqy dqy
jvc jvc
ctf ctf
cim cim
yfq yfq
vxn vxn
aur aur
cib cib
vfq vfq
rov rov
uua uua
boc boc
mis mis
qzx qzx
brw brw
mtd mtd
hlc hlc
mpw mpw
uyd uyd
hip hip
wcd wcd
cwq cwq
hcc hcc
eqa eqa
ivp ivp
