zcf wcz obv wij vac txd kis zao lfo nnf yix mcw rqh orc wrz vch vya tnc njn nty ctp mhz qpe gbr jsh vep mmo rwk upz rga roj szm evh hly aea vbj hcu zbp umf tyl oam psl idl wfa idl psl oam tyl umf zbp hcu vbj aea hly evh szm roj rga upz rwk mmo vep jsh gbr qpe mhz ctp nty njn tnc vya vch wrz orc rqh mcw yix nnf lfo zao kis txd vac wij obv wcz zcf jbg mje rve cer krj rks krj cer rve mje jbg zcf
25
qpe qpe
oam oam
aea aea
rwk rwk
mcw mcw
vya vya
vac vac
yix yix
szm szm
wrz wrz
wfa wfa
idl idl
txd txd
rks rks
hcu hcu
umf umf
tyl tyl
wij wij
rga rga
lfo lfo
jsh jsh
upz upz
zcf zcf
vch vch
nnf nnf
