lQCi69J0eWVlNqqKnSXq fMvZCv2axIFhKiMGKmK5 24jW8KIc1KJpj5ibhLpV 6WjkeAWWKDbY507hYxDN E91XnzjC8fk7WmI2LnAz lfvGd547iXhkHQ8AjYpO 5RtoZI2od7I5NUCXiQ20 yXTGXN4mJmD1MMnwU5DV kdGczSrviM1C416w1kdh IR7mOQhWXsCDKM4Cc4wS z8GF8LystXVXiuprVyTh Ts2UPoejx7dwuInV9kms wlKpBtU5YVdE9Uq6V4z5 r3dhOjzNOGrPmQjmHU4D zbjpBk6LD1KcRmfqCimG sC8YSc2m8uVyLGRtJAJm pStp5oJ3mwz5HNV7VA81 m3HnuJcMZr0UjXE6y0Yj G1Ecvcz8fZufY9CV0J2K 0LTuG9BRd9b62kO39lM2 76IyG9JBAhW2KiBt5QKY 5j3nVbxEAEFTUe3GDbN0 Ov5tQy1KeHsti8dfTOIQ EP0h2hGKZhLlRDvb1dHn yytanXsBcYsWB0S4zr6x 0jsnTC6pUdifVPvCGLLe dSR37cF2irO0NLfFwZy0 sX8C3CP6kza3VNKEcdNn GzTC6SyDfi06snBYRanw 2fRxkCAZVyHGHkq3Bl9E sNxtKpoSG9BFpERxjNr1 NdzV8TNRFhnjMNZlaGI4 zdGOEur0Se3VWD6mlq5H u4CAydwAhszp7tM3ILy0 AeT8ezBVfSNgGpCCNvM1 jsvSfTN8RLw8M7n8jb8D TDEVUkFlcjUpqrP6Bynx Rl9sd4PENsPVd55C9qNS aAHnKpmemgrMwy9POpn9 tqCzeJHrHXSMuAlQdk95 Q6Q14vRaFSx82FDA8F9j h4lv4AWoIyOY4fsmP5xB 55xYloQMeVs9kVzx8cN5 9ZAwlDiWc0OkYVLdPP18 55xYloQMeVs9kVzx8cN5 h4lv4AWoIyOY4fsmP5xB Q6Q14vRaFSx82FDA8F9j tqCzeJHrHXSMuAlQdk95 aAHnKpmemgrMwy9POpn9 Rl9sd4PENsPVd55C9qNS TDEVUkFlcjUpqrP6Bynx jsvSfTN8RLw8M7n8jb8D AeT8ezBVfSNgGpCCNvM1 u4CAydwAhszp7tM3ILy0 zdGOEur0Se3VWD6mlq5H NdzV8TNRFhnjMNZlaGI4 sNxtKpoSG9BFpERxjNr1 2fRxkCAZVyHGHkq3Bl9E GzTC6SyDfi06snBYRanw sX8C3CP6kza3VNKEcdNn dSR37cF2irO0NLfFwZy0 0jsnTC6pUdifVPvCGLLe yytanXsBcYsWB0S4zr6x EP0h2hGKZhLlRDvb1dHn Ov5tQy1KeHsti8dfTOIQ 5j3nVbxEAEFTUe3GDbN0 76IyG9JBAhW2KiBt5QKY 0LTuG9BRd9b62kO39lM2 G1Ecvcz8fZufY9CV0J2K m3HnuJcMZr0UjXE6y0Yj pStp5oJ3mwz5HNV7VA81 sC8YSc2m8uVyLGRtJAJm zbjpBk6LD1KcRmfqCimG r3dhOjzNOGrPmQjmHU4D wlKpBtU5YVdE9Uq6V4z5 Ts2UPoejx7dwuInV9kms z8GF8LystXVXiuprVyTh IR7mOQhWXsCDKM4Cc4wS kdGczSrviM1C416w1kdh yXTGXN4mJmD1MMnwU5DV 5RtoZI2od7I5NUCXiQ20 lfvGd547iXhkHQ8AjYpO E91XnzjC8fk7WmI2LnAz 6WjkeAWWKDbY507hYxDN 24jW8KIc1KJpj5ibhLpV fMvZCv2axIFhKiMGKmK5 lQCi69J0eWVlNqqKnSXq CR5QbErmAVyIHQJyDFi9 sAR5WnnNshpkwOniAudb vnCWjVmMdmciaoCYnqW8 XeZKiAoyYZL9P7yBThlM TULA7h1TJjCcU7b7ewMK HdqcKlipoTYMzJchffld ivkDNojPLqpGb4cpDTON V6XJoCUDWAqZklsSLeM6 ji2Hl3ZRuTNdz55QI9iS V6XJoCUDWAqZklsSLeM6 ivkDNojPLqpGb4cpDTON HdqcKlipoTYMzJchffld TULA7h1TJjCcU7b7ewMK XeZKiAoyYZL9P7yBThlM vnCWjVmMdmciaoCYnqW8 sAR5WnnNshpkwOniAudb CR5QbErmAVyIHQJyDFi9 lQCi69J0eWVlNqqKnSXq
36
sX8C3CP6kza3VNKEcdNn sX8C3CP6kza3VNKEcdNn
sC8YSc2m8uVyLGRtJAJm sC8YSc2m8uVyLGRtJAJm
tqCzeJHrHXSMuAlQdk95 tqCzeJHrHXSMuAlQdk95
aAHnKpmemgrMwy9POpn9 aAHnKpmemgrMwy9POpn9
V6XJoCUDWAqZklsSLeM6 V6XJoCUDWAqZklsSLeM6
yXTGXN4mJmD1MMnwU5DV yXTGXN4mJmD1MMnwU5DV
zdGOEur0Se3VWD6mlq5H zdGOEur0Se3VWD6mlq5H
CR5QbErmAVyIHQJyDFi9 CR5QbErmAVyIHQJyDFi9
AeT8ezBVfSNgGpCCNvM1 AeT8ezBVfSNgGpCCNvM1
zbjpBk6LD1KcRmfqCimG zbjpBk6LD1KcRmfqCimG
ji2Hl3ZRuTNdz55QI9iS ji2Hl3ZRuTNdz55QI9iS
5RtoZI2od7I5NUCXiQ20 5RtoZI2od7I5NUCXiQ20
m3HnuJcMZr0UjXE6y0Yj m3HnuJcMZr0UjXE6y0Yj
Q6Q14vRaFSx82FDA8F9j Q6Q14vRaFSx82FDA8F9j
lfvGd547iXhkHQ8AjYpO lfvGd547iXhkHQ8AjYpO
u4CAydwAhszp7tM3ILy0 u4CAydwAhszp7tM3ILy0
XeZKiAoyYZL9P7yBThlM XeZKiAoyYZL9P7yBThlM
pStp5oJ3mwz5HNV7VA81 pStp5oJ3mwz5HNV7VA81
vnCWjVmMdmciaoCYnqW8 vnCWjVmMdmciaoCYnqW8
Ts2UPoejx7dwuInV9kms Ts2UPoejx7dwuInV9kms
kdGczSrviM1C416w1kdh kdGczSrviM1C416w1kdh
TDEVUkFlcjUpqrP6Bynx TDEVUkFlcjUpqrP6Bynx
0jsnTC6pUdifVPvCGLLe 0jsnTC6pUdifVPvCGLLe
0LTuG9BRd9b62kO39lM2 0LTuG9BRd9b62kO39lM2
55xYloQMeVs9kVzx8cN5 55xYloQMeVs9kVzx8cN5
NdzV8TNRFhnjMNZlaGI4 NdzV8TNRFhnjMNZlaGI4
dSR37cF2irO0NLfFwZy0 dSR37cF2irO0NLfFwZy0
h4lv4AWoIyOY4fsmP5xB h4lv4AWoIyOY4fsmP5xB
G1Ecvcz8fZufY9CV0J2K G1Ecvcz8fZufY9CV0J2K
IR7mOQhWXsCDKM4Cc4wS IR7mOQhWXsCDKM4Cc4wS
Rl9sd4PENsPVd55C9qNS Rl9sd4PENsPVd55C9qNS
sAR5WnnNshpkwOniAudb sAR5WnnNshpkwOniAudb
jsvSfTN8RLw8M7n8jb8D jsvSfTN8RLw8M7n8jb8D
76IyG9JBAhW2KiBt5QKY 76IyG9JBAhW2KiBt5QKY
z8GF8LystXVXiuprVyTh z8GF8LystXVXiuprVyTh
9ZAwlDiWc0OkYVLdPP18 9ZAwlDiWc0OkYVLdPP18
