zMnoKpsz12d1Y6CixoCL ZvocIzADG7dBR58wmnu8 dBvruVRsFq4ihmzPj7nf KP4zLIZ5LMWJ6mkRn6BX oDA5VKbLZuTPP2ZEB14d ZcpnIKUrL8i4GzxAolZX szEChRtMF49nUq5i634G 9XhdonQsTDmLQknJ4xeP dUDrtIP8WIldh2FT7uba yE3wNgUIJB0oZwUjLCMo XKYNaFpYuIx7Zx7vNANa lcq8BXTLE4WDnj4JF3yo NieXnWTTyXxCRp5CSl0i pkPHvGrHHriGlmiL3mRW QHym2s92VJ8ycxMeFawz WCUwzDEkBlRrgSeSv9vv 50qWynRev5CSErzk8Yih Vkpfkc0JUDpakJkZipKD HAc1Ylu9mrUmnheKISnK 15e7umNMnawEegsOhkYh VxRxz5foWagBafuSz1m4 Y0dqIYSR4P9Br1Cq3f9U mTYxpEwVJTp369cmBN7S GaG5DAqLVuTD09GfUl6l JKKWZrMfMDLTYQt6t5Ap 8s4ukhLgGBoor0D87KUr ofmz95sRAyIS0ShQndvb Y2BEa9hp0T63SlTWXenG hH5yU5IgxmmStVnXEBJ1 oougNPfNRCSRCWJrOUlb bclRgmmOqfg3PHQz06qB xBNbU9Yu51mQvClxjQdr WdpiLe9uZpnuS9WMphYw TuA4wNSOMjTMUxZ5fZWx dakEfF8eF1B4IYsSGGLe GhNWfyijkz8OKJbptIGO JOo21iuZtHvP9sSModQZ e7oVwvEXzQVG9DeK8uQS bUGtOHLCdzsNiRxcLtaT FHGlzd4VlMUVjTba9Qjm QFT8yfDPa0xDNdRMchX3 GfpGWz1SaDeisCQVEJrI ARorC1kPdEun4czh3dmX FqxzURcIHYyg2FOpiXCN 5VNO6t8qAcR3d5jJgfi4 1Tm2BSSz9mj8o3m9o0TB IcoYVabhkC8yNYJgy44V B56U06r3nz3RZaXVmiK2 UkKARQyd3ZxfrQwOeW0R 5jE3DcSbPJWRITx0u2Kf RIRtIJewArUY7i7A6OEl jS5XJP3bXemMgWyvfsmt M3MAG2lM6nUmTjQ3nD4D kHWDWFJURX8TBbDnLSlR ybqDdUoaPknlNwzZFeto WELPo1XEQnG4JejlB13A 5cjkSqVe5mFfFhCgwe8r MyPRIiIVlLarPoP5nZfy olgHJpCT79b6HED7FUWa Vv2apUMOUSvB9J5u8yJr CcIlGrru613gqyngyuYo u91JdIwHTd2zumpXCvmK 3mTCmcCkVhhFn533BM03 uqAmYQiu3O0THeAaPzKH z2nBS9pweVYpDmW0fMRS Armxs904ujfdAYn9LtOF z6gtkXCB2ntSiYsjrque PrzulPuk0tqiNKmdjp0X 07iKiKtYzy9bLoKUo0ve qSLkk45Evo68Y4JhMUq7 mUERvxQcAO2XlgBTPRGA TzlCRBgA0Q2cCjETm7Vx oJor9EUgXhaXPDmChml7 C3qGKxHtliSTI7oOnHoB U8fsnzMIN4aMdzToihTq 9c21VhIQJbtu6kG4NZT4 QTgsp1BfPDsixeeH6QUT 2DqN6NYyebkVczAnrbNI MDHuBmBbeFOGqzpuNmVz JPD2uBroiElzO4z72vhQ YIAlamFOfZeHd5qDll32 34ScKN0pHkNmnxdkoIOC BVbv363irLjfCXrWQjqn nfdt04yvrwrpPVPzIy2c Ryx97mzVLWHytqmLAKlJ jdgXkfbupFQ0XUNJEyvU FDT7h4JKMRWa9fcDNmXs gM8AHyLc0ZjUxmDMuXzJ RvFA5khunRjN3Z7dmUKr ZSg6FSZaRCTLmeHoLgMI T7hLF9jTtc4htoAH0PWD G6KTAOxQU8MNiSLazU1t OcyqfDTyG7wfT1rvpitz sNJuS4R6b6KAUX5QI4md 3fQHkf8pseCy7Ys4Kez5 W8ft2Hcg1VXPVNTpprS3 KBGTLYOWLSviflcWwd9y FwLnZPETaUkrkp7dE0hH hzqXRQPGO5tnMpQYDdxn g6l3PryZJRSAXJGUyq22 YqOJXOtRcgzFFRGKRutM fat0ktgmwPXvqLhmWfJ0 mNuLv0WHsIRpWEdSUREd 9q9h29089dBsNERnjXsd mNuLv0WHsIRpWEdSUREd fat0ktgmwPXvqLhmWfJ0 YqOJXOtRcgzFFRGKRutM g6l3PryZJRSAXJGUyq22 hzqXRQPGO5tnMpQYDdxn FwLnZPETaUkrkp7dE0hH KBGTLYOWLSviflcWwd9y W8ft2Hcg1VXPVNTpprS3 3fQHkf8pseCy7Ys4Kez5 sNJuS4R6b6KAUX5QI4md OcyqfDTyG7wfT1rvpitz G6KTAOxQU8MNiSLazU1t T7hLF9jTtc4htoAH0PWD ZSg6FSZaRCTLmeHoLgMI RvFA5khunRjN3Z7dmUKr gM8AHyLc0ZjUxmDMuXzJ FDT7h4JKMRWa9fcDNmXs jdgXkfbupFQ0XUNJEyvU Ryx97mzVLWHytqmLAKlJ nfdt04yvrwrpPVPzIy2c BVbv363irLjfCXrWQjqn 34ScKN0pHkNmnxdkoIOC YIAlamFOfZeHd5qDll32 JPD2uBroiElzO4z72vhQ MDHuBmBbeFOGqzpuNmVz 2DqN6NYyebkVczAnrbNI QTgsp1BfPDsixeeH6QUT 9c21VhIQJbtu6kG4NZT4 U8fsnzMIN4aMdzToihTq C3qGKxHtliSTI7oOnHoB oJor9EUgXhaXPDmChml7 TzlCRBgA0Q2cCjETm7Vx mUERvxQcAO2XlgBTPRGA qSLkk45Evo68Y4JhMUq7 07iKiKtYzy9bLoKUo0ve PrzulPuk0tqiNKmdjp0X z6gtkXCB2ntSiYsjrque Armxs904ujfdAYn9LtOF z2nBS9pweVYpDmW0fMRS uqAmYQiu3O0THeAaPzKH 3mTCmcCkVhhFn533BM03 u91JdIwHTd2zumpXCvmK CcIlGrru613gqyngyuYo Vv2apUMOUSvB9J5u8yJr olgHJpCT79b6HED7FUWa MyPRIiIVlLarPoP5nZfy 5cjkSqVe5mFfFhCgwe8r WELPo1XEQnG4JejlB13A ybqDdUoaPknlNwzZFeto kHWDWFJURX8TBbDnLSlR M3MAG2lM6nUmTjQ3nD4D jS5XJP3bXemMgWyvfsmt RIRtIJewArUY7i7A6OEl 5jE3DcSbPJWRITx0u2Kf UkKARQyd3ZxfrQwOeW0R B56U06r3nz3RZaXVmiK2 IcoYVabhkC8yNYJgy44V 1Tm2BSSz9mj8o3m9o0TB 5VNO6t8qAcR3d5jJgfi4 FqxzURcIHYyg2FOpiXCN ARorC1kPdEun4czh3dmX GfpGWz1SaDeisCQVEJrI QFT8yfDPa0xDNdRMchX3 FHGlzd4VlMUVjTba9Qjm bUGtOHLCdzsNiRxcLtaT e7oVwvEXzQVG9DeK8uQS JOo21iuZtHvP9sSModQZ GhNWfyijkz8OKJbptIGO dakEfF8eF1B4IYsSGGLe TuA4wNSOMjTMUxZ5fZWx WdpiLe9uZpnuS9WMphYw xBNbU9Yu51mQvClxjQdr bclRgmmOqfg3PHQz06qB oougNPfNRCSRCWJrOUlb hH5yU5IgxmmStVnXEBJ1 Y2BEa9hp0T63SlTWXenG ofmz95sRAyIS0ShQndvb 8s4ukhLgGBoor0D87KUr JKKWZrMfMDLTYQt6t5Ap GaG5DAqLVuTD09GfUl6l mTYxpEwVJTp369cmBN7S Y0dqIYSR4P9Br1Cq3f9U VxRxz5foWagBafuSz1m4 15e7umNMnawEegsOhkYh HAc1Ylu9mrUmnheKISnK Vkpfkc0JUDpakJkZipKD 50qWynRev5CSErzk8Yih WCUwzDEkBlRrgSeSv9vv QHym2s92VJ8ycxMeFawz pkPHvGrHHriGlmiL3mRW NieXnWTTyXxCRp5CSl0i lcq8BXTLE4WDnj4JF3yo XKYNaFpYuIx7Zx7vNANa yE3wNgUIJB0oZwUjLCMo dUDrtIP8WIldh2FT7uba 9XhdonQsTDmLQknJ4xeP szEChRtMF49nUq5i634G ZcpnIKUrL8i4GzxAolZX oDA5VKbLZuTPP2ZEB14d KP4zLIZ5LMWJ6mkRn6BX dBvruVRsFq4ihmzPj7nf ZvocIzADG7dBR58wmnu8 zMnoKpsz12d1Y6CixoCL vPVOeWczn8eJlf3Gviol WErCaTW8MMgw3ZAta1gT EFVi1RMWM28DYYdOxVze dgvhUwh5BJRBJnc00LMu PVcbdr9b4cXQbbu8InjK 73GclC6XOTCjqTwHSUFH BKvWsgveG3lQHgeNBv62 RLriJ3z2V3NV2Vo1oURR tXtX3vcLWOYDJBh3QgZt LBRpsuMfPp9LEzGTlw5t LdDKuyalK5FXEd1h8XJt hdXOmxRAbu0HN40emwgb cthtNVKVABeolrPabegT OMLAPgVr1RosMrpENk9K EvdCmEq3CXPDtnZYkiVu QmCq2RCVgnssPOgSwAr8 JzMVZjOikutQZg00S8wX QmCq2RCVgnssPOgSwAr8 EvdCmEq3CXPDtnZYkiVu OMLAPgVr1RosMrpENk9K cthtNVKVABeolrPabegT hdXOmxRAbu0HN40emwgb LdDKuyalK5FXEd1h8XJt LBRpsuMfPp9LEzGTlw5t tXtX3vcLWOYDJBh3QgZt RLriJ3z2V3NV2Vo1oURR BKvWsgveG3lQHgeNBv62 73GclC6XOTCjqTwHSUFH PVcbdr9b4cXQbbu8InjK dgvhUwh5BJRBJnc00LMu EFVi1RMWM28DYYdOxVze WErCaTW8MMgw3ZAta1gT vPVOeWczn8eJlf3Gviol zMnoKpsz12d1Y6CixoCL
81
mNuLv0WHsIRpWEdSUREd mNuLv0WHsIRpWEdSUREd
mUERvxQcAO2XlgBTPRGA mUERvxQcAO2XlgBTPRGA
qSLkk45Evo68Y4JhMUq7 qSLkk45Evo68Y4JhMUq7
ZcpnIKUrL8i4GzxAolZX ZcpnIKUrL8i4GzxAolZX
07iKiKtYzy9bLoKUo0ve 07iKiKtYzy9bLoKUo0ve
5VNO6t8qAcR3d5jJgfi4 5VNO6t8qAcR3d5jJgfi4
olgHJpCT79b6HED7FUWa olgHJpCT79b6HED7FUWa
ARorC1kPdEun4czh3dmX ARorC1kPdEun4czh3dmX
bUGtOHLCdzsNiRxcLtaT bUGtOHLCdzsNiRxcLtaT
ZvocIzADG7dBR58wmnu8 ZvocIzADG7dBR58wmnu8
9c21VhIQJbtu6kG4NZT4 9c21VhIQJbtu6kG4NZT4
KBGTLYOWLSviflcWwd9y KBGTLYOWLSviflcWwd9y
u91JdIwHTd2zumpXCvmK u91JdIwHTd2zumpXCvmK
OMLAPgVr1RosMrpENk9K OMLAPgVr1RosMrpENk9K
JKKWZrMfMDLTYQt6t5Ap JKKWZrMfMDLTYQt6t5Ap
PrzulPuk0tqiNKmdjp0X PrzulPuk0tqiNKmdjp0X
GfpGWz1SaDeisCQVEJrI GfpGWz1SaDeisCQVEJrI
z2nBS9pweVYpDmW0fMRS z2nBS9pweVYpDmW0fMRS
CcIlGrru613gqyngyuYo CcIlGrru613gqyngyuYo
Vv2apUMOUSvB9J5u8yJr Vv2apUMOUSvB9J5u8yJr
ZSg6FSZaRCTLmeHoLgMI ZSg6FSZaRCTLmeHoLgMI
KP4zLIZ5LMWJ6mkRn6BX KP4zLIZ5LMWJ6mkRn6BX
QFT8yfDPa0xDNdRMchX3 QFT8yfDPa0xDNdRMchX3
pkPHvGrHHriGlmiL3mRW pkPHvGrHHriGlmiL3mRW
dBvruVRsFq4ihmzPj7nf dBvruVRsFq4ihmzPj7nf
GaG5DAqLVuTD09GfUl6l GaG5DAqLVuTD09GfUl6l
U8fsnzMIN4aMdzToihTq U8fsnzMIN4aMdzToihTq
NieXnWTTyXxCRp5CSl0i NieXnWTTyXxCRp5CSl0i
gM8AHyLc0ZjUxmDMuXzJ gM8AHyLc0ZjUxmDMuXzJ
9q9h29089dBsNERnjXsd 9q9h29089dBsNERnjXsd
RvFA5khunRjN3Z7dmUKr RvFA5khunRjN3Z7dmUKr
2DqN6NYyebkVczAnrbNI 2DqN6NYyebkVczAnrbNI
Armxs904ujfdAYn9LtOF Armxs904ujfdAYn9LtOF
oDA5VKbLZuTPP2ZEB14d oDA5VKbLZuTPP2ZEB14d
T7hLF9jTtc4htoAH0PWD T7hLF9jTtc4htoAH0PWD
QmCq2RCVgnssPOgSwAr8 QmCq2RCVgnssPOgSwAr8
3mTCmcCkVhhFn533BM03 3mTCmcCkVhhFn533BM03
oougNPfNRCSRCWJrOUlb oougNPfNRCSRCWJrOUlb
Y2BEa9hp0T63SlTWXenG Y2BEa9hp0T63SlTWXenG
nfdt04yvrwrpPVPzIy2c nfdt04yvrwrpPVPzIy2c
MDHuBmBbeFOGqzpuNmVz MDHuBmBbeFOGqzpuNmVz
34ScKN0pHkNmnxdkoIOC 34ScKN0pHkNmnxdkoIOC
Y0dqIYSR4P9Br1Cq3f9U Y0dqIYSR4P9Br1Cq3f9U
MyPRIiIVlLarPoP5nZfy MyPRIiIVlLarPoP5nZfy
xBNbU9Yu51mQvClxjQdr xBNbU9Yu51mQvClxjQdr
FHGlzd4VlMUVjTba9Qjm FHGlzd4VlMUVjTba9Qjm
WELPo1XEQnG4JejlB13A WELPo1XEQnG4JejlB13A
z6gtkXCB2ntSiYsjrque z6gtkXCB2ntSiYsjrque
XKYNaFpYuIx7Zx7vNANa XKYNaFpYuIx7Zx7vNANa
8s4ukhLgGBoor0D87KUr 8s4ukhLgGBoor0D87KUr
bclRgmmOqfg3PHQz06qB bclRgmmOqfg3PHQz06qB
cthtNVKVABeolrPabegT cthtNVKVABeolrPabegT
szEChRtMF49nUq5i634G szEChRtMF49nUq5i634G
FqxzURcIHYyg2FOpiXCN FqxzURcIHYyg2FOpiXCN
lcq8BXTLE4WDnj4JF3yo lcq8BXTLE4WDnj4JF3yo
EvdCmEq3CXPDtnZYkiVu EvdCmEq3CXPDtnZYkiVu
VxRxz5foWagBafuSz1m4 VxRxz5foWagBafuSz1m4
TzlCRBgA0Q2cCjETm7Vx TzlCRBgA0Q2cCjETm7Vx
C3qGKxHtliSTI7oOnHoB C3qGKxHtliSTI7oOnHoB
FDT7h4JKMRWa9fcDNmXs FDT7h4JKMRWa9fcDNmXs
yE3wNgUIJB0oZwUjLCMo yE3wNgUIJB0oZwUjLCMo
9XhdonQsTDmLQknJ4xeP 9XhdonQsTDmLQknJ4xeP
YIAlamFOfZeHd5qDll32 YIAlamFOfZeHd5qDll32
QTgsp1BfPDsixeeH6QUT QTgsp1BfPDsixeeH6QUT
Vkpfkc0JUDpakJkZipKD Vkpfkc0JUDpakJkZipKD
3fQHkf8pseCy7Ys4Kez5 3fQHkf8pseCy7Ys4Kez5
ofmz95sRAyIS0ShQndvb ofmz95sRAyIS0ShQndvb
15e7umNMnawEegsOhkYh 15e7umNMnawEegsOhkYh
5cjkSqVe5mFfFhCgwe8r 5cjkSqVe5mFfFhCgwe8r
jdgXkfbupFQ0XUNJEyvU jdgXkfbupFQ0XUNJEyvU
JzMVZjOikutQZg00S8wX JzMVZjOikutQZg00S8wX
WdpiLe9uZpnuS9WMphYw WdpiLe9uZpnuS9WMphYw
sNJuS4R6b6KAUX5QI4md sNJuS4R6b6KAUX5QI4md
G6KTAOxQU8MNiSLazU1t G6KTAOxQU8MNiSLazU1t
uqAmYQiu3O0THeAaPzKH uqAmYQiu3O0THeAaPzKH
W8ft2Hcg1VXPVNTpprS3 W8ft2Hcg1VXPVNTpprS3
mTYxpEwVJTp369cmBN7S mTYxpEwVJTp369cmBN7S
dUDrtIP8WIldh2FT7uba dUDrtIP8WIldh2FT7uba
JPD2uBroiElzO4z72vhQ JPD2uBroiElzO4z72vhQ
HAc1Ylu9mrUmnheKISnK HAc1Ylu9mrUmnheKISnK
Ryx97mzVLWHytqmLAKlJ Ryx97mzVLWHytqmLAKlJ
