Encanto Sherman Castle Crafton Elmira Cypress Meyers Veterans Ramona Dayton Sacramento Chinese Sacramento Dayton Ramona Veterans Meyers Cypress Elmira Crafton Castle Sherman Encanto Old Oceanside 18th Brookdale Fiorini Warner Cabbage Campbell Carmel Moores Linden Helm Santa Quail Balsdon Clark Banning Marina Forest Lost Moccasin City Potrero Yurok Vista Ames Bangor Riverside Home Huron Roseland Delta Merced Alpaugh Chittenden Shafter Green Armstrong Two Rossmoor Vernon Garden Willow Woodbridge Welden All Bonita Cherokee Oildale Yubadocs Homestead Manzanita South Robertsville Jane Los Calaveras Kern Beach Aguanga Mount Smoke Costa San Clayton Presidio Carnelian Granite Colonnade Mission Iowa Richvale Greenwood New Glencoe McAuley Hume Fremont Ida Kentfield Pumpkin Foothills Long Laguna Woffard Boulevard Coachella Portola Coachella Boulevard Woffard Laguna Long Foothills Pumpkin Kentfield Ida Fremont Hume McAuley Glencoe New Greenwood Richvale Iowa Mission Colonnade Granite Carnelian Presidio Clayton San Costa Smoke Mount Aguanga Beach Kern Calaveras Los Jane Robertsville South Manzanita Homestead Yubadocs Oildale Cherokee Bonita All Welden Woodbridge Willow Garden Vernon Rossmoor Two Armstrong Green Shafter Chittenden Alpaugh Merced Delta Roseland Huron Home Riverside Bangor Ames Vista Yurok Potrero City Moccasin Lost Forest Marina Banning Clark Balsdon Quail Santa Helm Linden Moores Carmel Campbell Cabbage Warner Fiorini Brookdale 18th Oceanside Old Encanto
50
Cherokee Cherokee
Kentfield Kentfield
Banning Banning
Vernon Vernon
Bonita Bonita
Forest Forest
Vista Vista
Laguna Laguna
Homestead Homestead
Willow Willow
Foothills Foothills
Moccasin Moccasin
Two Two
Beach Beach
Presidio Presidio
Sherman Sherman
All All
Richvale Richvale
Kern Kern
Woodbridge Woodbridge
Yurok Yurok
Cabbage Cabbage
Glencoe Glencoe
Jane Jane
Welden Welden
Mount Mount
Elmira Elmira
Warner Warner
Shafter Shafter
Los Los
Ames Ames
City City
Quail Quail
Santa Santa
Granite Granite
Clayton Clayton
Garden Garden
Chinese Chinese
Woffard Woffard
Alpaugh Alpaugh
Pumpkin Pumpkin
Delta Delta
Costa Costa
Encanto Encanto
Ramona Ramona
Riverside Riverside
Smoke Smoke
Cypress Cypress
McAuley McAuley
Green Green
