Vernon Stanton Parchester Warner Industry Marshall Clayton Fountain Cressey Calaveras Church Garden Jamul Welwood Aptos Davis Olivehurst Davenport Nicolaus Grasslands Bodfish Carnelian Stockdale Inaja Pleasant Woody Tuxedo Calexico Magic Smith Ophir Ramona Downtown Commonwealth Sunny Three Blue Bonny Huron Cerro Temecula Bandini Forbestown Ballena Cambridge Durham Delta Banning Louis Crestmont Beach California Skydive Garcia Collins Mecca Stone East Chicken Susan Fremont Foothills Yubadocs Homestead Artesia Mount Bodad Richvale Madera Carmel King Manker Tijuana Helm Del Dayton Ellis Aguanga Fiorini Patrick Palomar Princeton Bradley Bell Delano Veterans Clipper Ritter Donner Alameda Wallace Willow Pacheco New Kaiser Hoffman Potrero Castle Bakersfield Cherokee Lincoln Boulevard Sonoma Sequoia Yurok Escondido Santa Cypress Glennville Ida Boulder Manzanita Civic Rowland Portola Jane Alamo Chowchilla Bristol Quail Terra Lebec Le Rough La Sulpizio El Coulterville Jacumba Ames Fox Chittenden Armstrong Chinese Lake Smoke Yale Escalon Coddingtown Washington Vallecito Flinn Kentfield Flinn Vallecito Washington Coddingtown Escalon Yale Smoke Lake Chinese Armstrong Chittenden Fox Ames Jacumba Coulterville El Sulpizio La Rough Le Lebec Terra Quail Bristol Chowchilla Alamo Jane Portola Rowland Civic Manzanita Boulder Ida Glennville Cypress Santa Escondido Yurok Sequoia Sonoma Boulevard Lincoln Cherokee Bakersfield Castle Potrero Hoffman Kaiser New Pacheco Willow Wallace Alameda Donner Ritter Clipper Veterans Delano Bell Bradley Princeton Palomar Patrick Fiorini Aguanga Ellis Dayton Del Helm Tijuana Manker King Carmel Madera Richvale Bodad Mount Artesia Homestead Yubadocs Foothills Fremont Susan Chicken East Stone Mecca Collins Garcia Skydive California Beach Crestmont Louis Banning Delta Durham Cambridge Ballena Forbestown Bandini Temecula Cerro Huron Bonny Blue Three Sunny Commonwealth Downtown Ramona Ophir Smith Magic Calexico Tuxedo Woody Pleasant Inaja Stockdale Carnelian Bodfish Grasslands Nicolaus Davenport Olivehurst Davis Aptos Welwood Jamul Garden Church Calaveras Cressey Fountain Clayton Marshall Industry Warner Parchester Stanton Vernon Anaheim Industrial Meyers Sheep Marina Glencoe Colonnade Bangor Saint Stanislaus Balboa Creston Moores Hub Butte Fullerton Winterhaven Brundage Capuchino Bonita Hammer Midtown Pumpkin Flying Robertsville Singing Yankee Buena Livingston All Dutch Yucca Costa City South San Encanto Forest Dulzura Roseland Presidio Cahuilla Smartsville Strawberry Hume Coachella Cudahy Newark Visalia Sacramento Cabbage Northern Lost Sherman Oildale Timbuctoo Antelope Timbuctoo Oildale Sherman Lost Northern Cabbage Sacramento Visalia Newark Cudahy Coachella Hume Strawberry Smartsville Cahuilla Presidio Roseland Dulzura Forest Encanto San South City Costa Yucca Dutch All Livingston Buena Yankee Singing Robertsville Flying Pumpkin Midtown Hammer Bonita Capuchino Brundage Winterhaven Fullerton Butte Hub Moores Creston Balboa Stanislaus Saint Bangor Colonnade Glencoe Marina Sheep Meyers Industrial Anaheim Vernon
100
Davenport Davenport
Smith Smith
Winterhaven Winterhaven
Yankee Yankee
Cressey Cressey
Robertsville Robertsville
Warner Warner
Cerro Cerro
Terra Terra
Wallace Wallace
Temecula Temecula
Quail Quail
Stockdale Stockdale
Carmel Carmel
Clayton Clayton
Richvale Richvale
Le Le
Downtown Downtown
Woody Woody
Three Three
Presidio Presidio
Crestmont Crestmont
Anaheim Anaheim
Bell Bell
Cabbage Cabbage
Industry Industry
Forbestown Forbestown
Mecca Mecca
Bodad Bodad
Industrial Industrial
Portola Portola
Calaveras Calaveras
Antelope Antelope
Kaiser Kaiser
Bakersfield Bakersfield
Strawberry Strawberry
Veterans Veterans
Dulzura Dulzura
Pleasant Pleasant
Escalon Escalon
Brundage Brundage
Hammer Hammer
Manker Manker
Moores Moores
Blue Blue
Grasslands Grasslands
Helm Helm
Saint Saint
Rough Rough
Bonny Bonny
Timbuctoo Timbuctoo
Parchester Parchester
Fox Fox
Pacheco Pacheco
Huron Huron
Balboa Balboa
Roseland Roseland
Capuchino Capuchino
Beach Beach
Fullerton Fullerton
Cudahy Cudahy
Civic Civic
Potrero Potrero
Bangor Bangor
Santa Santa
Ramona Ramona
Garcia Garcia
Cambridge Cambridge
Ritter Ritter
Sherman Sherman
Costa Costa
Fiorini Fiorini
Louis Louis
Hoffman Hoffman
Lake Lake
Buena Buena
Alamo Alamo
California California
Collins Collins
Donner Donner
Coddingtown Coddingtown
Glencoe Glencoe
Yurok Yurok
Rowland Rowland
Marshall Marshall
Sunny Sunny
Sacramento Sacramento
Flinn Flinn
Chittenden Chittenden
Armstrong Armstrong
Delta Delta
Tijuana Tijuana
All All
Smoke Smoke
Bradley Bradley
South South
Sulpizio Sulpizio
Cypress Cypress
Del Del
Escondido Escondido
