Potrero Hume Kentfield Richvale Carmel Old Delta Fremont Welden Presidio Laguna Home Yurok Linden Oildale All Meyers Brookdale Aguanga Greenwood Fiorini Garden Campbell Warner Granite Rossmoor Banning Merced Oceanside Chinese Sacramento Kern Santa Ames Huron Ida Clayton Ida Huron Ames Santa Kern Sacramento Chinese Oceanside Merced Banning Rossmoor Granite Warner Campbell Garden Fiorini Greenwood Aguanga Brookdale Meyers All Oildale Linden Yurok Home Laguna Presidio Welden Fremont Delta Old Carmel Richvale Kentfield Hume Potrero Calaveras Moores Vista Foothills Balsdon Sherman Woffard Colonnade Boulevard Ramona 18th Smoke Elmira Smoke 18th Ramona Boulevard Colonnade Woffard Sherman Balsdon Foothills Vista Moores Calaveras Potrero
25
Balsdon Balsdon
Chinese Chinese
All All
Hume Hume
Carmel Carmel
Warner Warner
Oceanside Oceanside
Linden Linden
Clayton Clayton
Boulevard Boulevard
Ida Ida
Calaveras Calaveras
Merced Merced
Potrero Potrero
18th 18th
Meyers Meyers
Fiorini Fiorini
Fremont Fremont
Banning Banning
Laguna Laguna
Santa Santa
Ames Ames
Smoke Smoke
Richvale Richvale
Woffard Woffard
