1 5 6 7 23 22 21 17 18 19 20 24 25 29 30 31 32 28 27 26 42 43 44 48 49 50 52 54 64 63 65 67 69 70 71 72 73 74 75 76 80 82 80 76 75 74 73 72 71 70 69 67 65 63 64 54 52 50 49 48 44 43 42 26 27 28 32 31 30 29 25 24 20 19 18 17 21 22 23 7 6 5 1 2 3 4 8 9 13 14 15 16 12 11 10 39 38 37 33 34 35 36 40 41 45 46 47 51 53 55 56 57 58 59 60 61 62 66 68 78 77 79 81 83 84 85 86 87 88 89 90 91 92 93 94 95 96 97 98 97 96 95 94 93 92 91 90 89 88 87 86 85 84 83 81 79 77 78 68 66 62 61 60 59 58 57 56 55 53 51 47 46 45 41 40 36 35 34 33 37 38 39 10 11 12 16 15 14 13 9 8 4 3 2 1
44
2 2
4 4
5 5
7 7
10 10
12 12
13 13
15 15
18 18
20 20
21 21
23 23
26 26
28 28
29 29
31 31
34 34
36 36
37 37
39 39
42 42
44 44
45 45
47 47
50 50
51 51
52 52
53 53
54 54
64 64
65 65
66 66
67 67
68 68
78 78
79 79
80 80
81 81
82 82
92 92
93 93
94 94
95 95
96 96
