Evans WursterHall Shengkee WursterHall Evans Cory Eshelman Campbell Morrisonhall Gongcha LeConte Moffit HappyLemon LawrenceHall Kips BigC TPTea BAMPFA HAAS Foothill Artichokes Soda Plentea LatimerHall Etcheverry GiauqueHall SatherGate GreekTheatre CanyonPool Boalt Spats TraderJoes Cafe3 Raretea Wheeler UniversityVillage Yifang BerkeleyWayWest AlumniHouse ImmThai Blackwell Underhill RSF Unit1 DurantHall InternationalHouse CaliforniaHall Firewings Crossroads BetaLounge Fengcha TacoBell Ucha McDonalds Bonchon UCafe Chipotle ThaiNoodle Dwinelle MLK HildebrandHall Safeway Morganhall MulfordHall MemorialStadium HortonHall Barrows KroeberHall Bowles HilgardHall AshaTeaHouse ZellerbachHall Cornerstone SutardjaDai Kresge MemorialGlade StrawberryCreek TripleRock LowerSproul HesseHall SouthHall Milkbomb Unit3 NorthHall OptometryBuilding HearstMining VLSB HavilandHall BancroftLibrary Doe Campanile Marugame Gilman BotanicalGardens ClarkKerr DavisHall LewisHall SproulHall Pappys Unit2 Stern EastAsianLibrary Stern Unit2 Pappys SproulHall LewisHall DavisHall ClarkKerr BotanicalGardens Gilman Marugame Campanile Doe BancroftLibrary HavilandHall VLSB HearstMining OptometryBuilding NorthHall Unit3 Milkbomb SouthHall HesseHall LowerSproul TripleRock StrawberryCreek MemorialGlade Kresge SutardjaDai Cornerstone ZellerbachHall AshaTeaHouse HilgardHall Bowles KroeberHall Barrows HortonHall MemorialStadium MulfordHall Morganhall Safeway HildebrandHall MLK Dwinelle ThaiNoodle Chipotle UCafe Bonchon McDonalds Ucha TacoBell Fengcha BetaLounge Crossroads Firewings CaliforniaHall InternationalHouse DurantHall Unit1 RSF Underhill Blackwell ImmThai AlumniHouse BerkeleyWayWest Yifang UniversityVillage Wheeler Raretea Cafe3 TraderJoes Spats Boalt CanyonPool GreekTheatre SatherGate GiauqueHall Etcheverry LatimerHall Plentea Soda Artichokes Foothill HAAS BAMPFA TPTea BigC Kips LawrenceHall HappyLemon Moffit LeConte Gongcha Morrisonhall Campbell Eshelman Cory Evans
50
ThaiNoodle ThaiNoodle
Doe Doe
HearstMining HearstMining
Wheeler Wheeler
Campanile Campanile
LeConte LeConte
Moffit Moffit
Dwinelle Dwinelle
SouthHall SouthHall
Gilman Gilman
CaliforniaHall CaliforniaHall
Bowles Bowles
BancroftLibrary BancroftLibrary
DurantHall DurantHall
Stern Stern
Campbell Campbell
GreekTheatre GreekTheatre
BAMPFA BAMPFA
BerkeleyWayWest BerkeleyWayWest
LawrenceHall LawrenceHall
InternationalHouse InternationalHouse
Unit1 Unit1
Unit2 Unit2
Unit3 Unit3
Foothill Foothill
VLSB VLSB
RSF RSF
Blackwell Blackwell
ZellerbachHall ZellerbachHall
MLK MLK
Eshelman Eshelman
Soda Soda
Cory Cory
Barrows Barrows
HAAS HAAS
AlumniHouse AlumniHouse
Boalt Boalt
BotanicalGardens BotanicalGardens
MemorialStadium MemorialStadium
CanyonPool CanyonPool
DavisHall DavisHall
Kresge Kresge
SutardjaDai SutardjaDai
Etcheverry Etcheverry
GiauqueHall GiauqueHall
UniversityVillage UniversityVillage
HavilandHall HavilandHall
HesseHall HesseHall
HildebrandHall HildebrandHall
HilgardHall HilgardHall
