Soda Doe UniversityVillage Bowles Wheeler Boalt HilgardHall CaliforniaHall HildebrandHall Gilman ZellerbachHall RSF SouthHall DavisHall Moffit CanyonPool Barrows Unit3 Campbell GiauqueHall AlumniHouse InternationalHouse MemorialStadium LawrenceHall GreekTheatre DurantHall Stern HesseHall MLK Eshelman Cory Blackwell BancroftLibrary Unit2 Etcheverry LeConte Foothill BAMPFA Unit1 VLSB HavilandHall Dwinelle HearstMining BotanicalGardens HAAS BotanicalGardens HearstMining Dwinelle HavilandHall VLSB Unit1 BAMPFA Foothill LeConte Etcheverry Unit2 BancroftLibrary Blackwell Cory Eshelman MLK HesseHall Stern DurantHall GreekTheatre LawrenceHall MemorialStadium InternationalHouse AlumniHouse GiauqueHall Campbell Unit3 Barrows CanyonPool Moffit DavisHall SouthHall RSF ZellerbachHall Gilman HildebrandHall CaliforniaHall HilgardHall Boalt Wheeler Bowles UniversityVillage Doe Soda BerkeleyWayWest Campanile Evans Kresge SutardjaDai Kresge Evans Campanile BerkeleyWayWest Soda
25
Evans Evans
Doe Doe
HearstMining HearstMining
Wheeler Wheeler
Campanile Campanile
LeConte LeConte
Moffit Moffit
Dwinelle Dwinelle
SouthHall SouthHall
Gilman Gilman
CaliforniaHall CaliforniaHall
Bowles Bowles
BancroftLibrary BancroftLibrary
DurantHall DurantHall
Stern Stern
Campbell Campbell
GreekTheatre GreekTheatre
BAMPFA BAMPFA
BerkeleyWayWest BerkeleyWayWest
LawrenceHall LawrenceHall
InternationalHouse InternationalHouse
Unit1 Unit1
Unit2 Unit2
Unit3 Unit3
Foothill Foothill
