Ippudo ChezPanisse SweetheartCafe PeoplesCafe PurpleKow GPB AuCoquelet BerkeleyRoseGarden HAAS Mezzo BerkeleyArtStudio SaturnCafe HeatCafe BerkeleyThaiHouse Safeway Barrows MLK Cory MemorialStadium Artichokes SnackShack AmoebaMusic BotanicalGardens SteamTrains JambaJuice Doe Evans Spats Gather TraderJoes BigC TenderGreens Target LaVals YogurtPark OptometryBuilding LaBurrita Unit3 NoodleGirl MSRI Gongcha TacoBell LaNote ExtremePizza TheHabit Homeroom Underhill HortonHall Shengkee LowerSproul BetaLounge Cornerstone UrbanOutfitters AndrewsApartment Flavia UCafe Bonchon HavilandHall UdupiPalace GrizzlyPeak FoxTheater Raretea InternationalHouse BobbyGPizza ImmThai Plentea PokeBar WindmillCoffee LittleCampanile EastAsianLibrary Gypsys Platano Soda HildebrandHall NatApartment Rachas SutardjaDai ThaiBasil BrandyMelville FireTrails MulfordHall Morrisonhall McDonalds HearstAnnex Pappys SuperDuperBurgers Blackwell Foothill Milkbomb Ikea GiauqueHall Dwinelle Wheeler GSPP EastBaySpiceCompany HesseHall Kips Muraccis BanshoRamen LiKaShing Crossroads SouthHall Ucha Gilman VictoryPoint Moffit Tzone ZellerbachHall DurantHall Yifang NorthHall DavisHall TukTukThai BSC Kresge HilgardHall KroeberHall LatimerHall Tilden GreekTheatre ACuppaTea Wikiwiki CVS EndlessSweets LittleBird HalalGuys Gadani CaliforniaHall BAMPFA CanyonPool Staples Chipotle HearstMining Campbell MemorialGlade Slivers Cinnaholic TripleRock DollarTree ClarkKerr Stern BerkeleyHigh Toss Etcheverry Marugame BenAndJerry BerkeleyMarina TheDwight SmokesPoutinerie LewisHall BagOCrab LawrenceHall Unit1 Unit2 Eshelman RSF Cheeseboard BancroftLibrary TennisCourts BobaNinja TToust UniversityVillage Fengcha Ikes Eureka Teazone GreatChina SatherGate StrawberryCreek Namaste Bowles AshaTeaHouse JacobsApartment NorthBerkeleyBart SteamTunnel AlumniHouse Boalt HearstGym WursterHall IndianRock BerkeleyBubbles BerkeleyWayWest HappyLemon BerkeleyBart SproulHall TPTea Campanile LeConte Cafe3 ThaiNoodle PeoplesPark Quicklys Firewings TopDog Jupiter Morganhall VLSB LakeAnza VLSB Morganhall Jupiter TopDog Firewings Quicklys PeoplesPark ThaiNoodle Cafe3 LeConte Campanile TPTea SproulHall BerkeleyBart HappyLemon BerkeleyWayWest BerkeleyBubbles IndianRock WursterHall HearstGym Boalt AlumniHouse SteamTunnel NorthBerkeleyBart JacobsApartment AshaTeaHouse Bowles Namaste StrawberryCreek SatherGate GreatChina Teazone Eureka Ikes Fengcha UniversityVillage TToust BobaNinja TennisCourts BancroftLibrary Cheeseboard RSF Eshelman Unit2 Unit1 LawrenceHall BagOCrab LewisHall SmokesPoutinerie TheDwight BerkeleyMarina BenAndJerry Marugame Etcheverry Toss BerkeleyHigh Stern ClarkKerr DollarTree TripleRock Cinnaholic Slivers MemorialGlade Campbell HearstMining Chipotle Staples CanyonPool BAMPFA CaliforniaHall Gadani HalalGuys LittleBird EndlessSweets CVS Wikiwiki ACuppaTea GreekTheatre Tilden LatimerHall KroeberHall HilgardHall Kresge BSC TukTukThai DavisHall NorthHall Yifang DurantHall ZellerbachHall Tzone Moffit VictoryPoint Gilman Ucha SouthHall Crossroads LiKaShing BanshoRamen Muraccis Kips HesseHall EastBaySpiceCompany GSPP Wheeler Dwinelle GiauqueHall Ikea Milkbomb Foothill Blackwell SuperDuperBurgers Pappys HearstAnnex McDonalds Morrisonhall MulfordHall FireTrails BrandyMelville ThaiBasil SutardjaDai Rachas NatApartment HildebrandHall Soda Platano Gypsys EastAsianLibrary LittleCampanile WindmillCoffee PokeBar Plentea ImmThai BobbyGPizza InternationalHouse Raretea FoxTheater GrizzlyPeak UdupiPalace HavilandHall Bonchon UCafe Flavia AndrewsApartment UrbanOutfitters Cornerstone BetaLounge LowerSproul Shengkee HortonHall Underhill Homeroom TheHabit ExtremePizza LaNote TacoBell Gongcha MSRI NoodleGirl Unit3 LaBurrita OptometryBuilding YogurtPark LaVals Target TenderGreens BigC TraderJoes Gather Spats Evans Doe JambaJuice SteamTrains BotanicalGardens AmoebaMusic SnackShack Artichokes MemorialStadium Cory MLK Barrows Safeway BerkeleyThaiHouse HeatCafe SaturnCafe BerkeleyArtStudio Mezzo HAAS BerkeleyRoseGarden AuCoquelet GPB PurpleKow PeoplesCafe SweetheartCafe ChezPanisse Ippudo Venus Cream Venus Ippudo
100
HortonHall HortonHall
KroeberHall KroeberHall
LatimerHall LatimerHall
LewisHall LewisHall
Morganhall Morganhall
Morrisonhall Morrisonhall
MulfordHall MulfordHall
NorthHall NorthHall
OptometryBuilding OptometryBuilding
AshaTeaHouse AshaTeaHouse
McDonalds McDonalds
Bonchon Bonchon
Firewings Firewings
HappyLemon HappyLemon
Ucha Ucha
Artichokes Artichokes
TacoBell TacoBell
Gongcha Gongcha
Yifang Yifang
Fengcha Fengcha
UCafe UCafe
SproulHall SproulHall
TPTea TPTea
SatherGate SatherGate
StrawberryCreek StrawberryCreek
BigC BigC
ClarkKerr ClarkKerr
Crossroads Crossroads
Cafe3 Cafe3
Raretea Raretea
Underhill Underhill
TraderJoes TraderJoes
Safeway Safeway
Marugame Marugame
Kips Kips
Pappys Pappys
BetaLounge BetaLounge
Spats Spats
Cornerstone Cornerstone
TripleRock TripleRock
LowerSproul LowerSproul
WursterHall WursterHall
Shengkee Shengkee
Plentea Plentea
Chipotle Chipotle
ImmThai ImmThai
Milkbomb Milkbomb
MemorialGlade MemorialGlade
EastAsianLibrary EastAsianLibrary
ThaiNoodle ThaiNoodle
Mezzo Mezzo
Slivers Slivers
Ikes Ikes
Teazone Teazone
PokeBar PokeBar
Quicklys Quicklys
TopDog TopDog
Gypsys Gypsys
SnackShack SnackShack
SmokesPoutinerie SmokesPoutinerie
GreatChina GreatChina
ThaiBasil ThaiBasil
Eureka Eureka
BSC BSC
Platano Platano
EastBaySpiceCompany EastBaySpiceCompany
TenderGreens TenderGreens
PeoplesCafe PeoplesCafe
SuperDuperBurgers SuperDuperBurgers
Target Target
JambaJuice JambaJuice
HalalGuys HalalGuys
ExtremePizza ExtremePizza
Gadani Gadani
Wikiwiki Wikiwiki
TheHabit TheHabit
Homeroom Homeroom
Cheeseboard Cheeseboard
ChezPanisse ChezPanisse
LaNote LaNote
Rachas Rachas
BobaNinja BobaNinja
SweetheartCafe SweetheartCafe
Wheeler Wheeler
TukTukThai TukTukThai
Gather Gather
Venus Venus
SaturnCafe SaturnCafe
Jupiter Jupiter
AmoebaMusic AmoebaMusic
GrizzlyPeak GrizzlyPeak
LaBurrita LaBurrita
AndrewsApartment AndrewsApartment
BerkeleyArtStudio BerkeleyArtStudio
TheDwight TheDwight
BanshoRamen BanshoRamen
LittleCampanile LittleCampanile
Namaste Namaste
Muraccis Muraccis
UrbanOutfitters UrbanOutfitters
