Shower0 Toilet12 Puppy19 Urine5 Puppy19 Toilet12 Shower0 Shoes34 BBQ36 Fence29 Robot49 Websites15 Laptop22 Elevator35 Rollers40 Sink37 Allergies7 Prints46 Soda18 Website21 Soap14 Ring33 Plants20 Post17 Toilet45 Mail41 Light1 Cat44 Ice42 Plants3 BBQ38 Prints25 Toilet26 Video10 Shower9 Cat23 Plants6 Whale8 Crab16 Nuclear43 Ice30 Towel2 Websites24 YouTube4 Running47 Monster32 Android27 Printer11 Cone13 BBQ39 Puppy28 Boat48 Flowers31 Boat48 Puppy28 BBQ39 Cone13 Printer11 Android27 Monster32 Running47 YouTube4 Websites24 Towel2 Ice30 Nuclear43 Crab16 Whale8 Plants6 Cat23 Shower9 Video10 Toilet26 Prints25 BBQ38 Plants3 Ice42 Cat44 Light1 Mail41 Toilet45 Post17 Plants20 Ring33 Soap14 Website21 Soda18 Prints46 Allergies7 Sink37 Rollers40 Elevator35 Laptop22 Websites15 Robot49 Fence29 BBQ36 Shoes34 Shower0
25
Soda18 Soda18
Toilet45 Toilet45
Mail41 Mail41
Ring33 Ring33
YouTube4 YouTube4
Elevator35 Elevator35
Prints25 Prints25
Sink37 Sink37
Laptop22 Laptop22
Puppy19 Puppy19
Robot49 Robot49
Nuclear43 Nuclear43
Ice42 Ice42
Cat44 Cat44
Android27 Android27
Monster32 Monster32
Toilet26 Toilet26
Crab16 Crab16
Cone13 Cone13
BBQ36 BBQ36
Ice30 Ice30
Light1 Light1
BBQ38 BBQ38
Allergies7 Allergies7
Plants3 Plants3
