Shelf0 Toolbox153 Ice52 Male149 Toolbox147 Soap3 Ring82 Soda127 Robot164 Whale114 Nuclear65 Comics107 Urine124 BBQ172 Book99 Poop76 Mail6 Body55 Clock2 Puppy117 Ice165 Water38 Prints152 Website54 Bird43 Trees68 Sink157 Monster175 Website190 Solar162 Robot87 Shoes132 Shoe111 Flowers178 Plus112 Urine142 Urine97 Ice50 Allergies7 Toolbox10 Kitty37 Comics105 Kitty89 Crab81 System183 Toolbox144 Monster16 Leash45 Horse148 Solar160 Allergies106 Settings75 Fusion131 Printer188 Cat187 Whale31 Shower57 Sink109 Shower47 Clock61 Whale126 Post158 YouTube151 Poop5 Towel92 Ice198 Puppy140 Mail22 Allergies103 Mail22 Puppy140 Ice198 Towel92 Poop5 YouTube151 Post158 Whale126 Clock61 Shower47 Sink109 Shower57 Whale31 Cat187 Printer188 Fusion131 Settings75 Allergies106 Solar160 Horse148 Leash45 Monster16 Toolbox144 System183 Crab81 Kitty89 Comics105 Kitty37 Toolbox10 Allergies7 Ice50 Urine97 Urine142 Plus112 Flowers178 Shoe111 Shoes132 Robot87 Solar162 Website190 Monster175 Sink157 Trees68 Bird43 Website54 Prints152 Water38 Ice165 Puppy117 Clock2 Body55 Mail6 Poop76 Book99 BBQ172 Urine124 Comics107 Nuclear65 Whale114 Robot164 Soda127 Ring82 Soap3 Toolbox147 Male149 Ice52 Toolbox153 Shelf0 Shower48 Toilet13 Drugs184 Monster73 Fusion179 Fence74 Allergies88 Websites4 Clock139 Soap64 Crab83 Dog101 Water135 Rollers95 Kitty98 Laptop125 Water29 Whale91 Clock145 Light49 Solar192 Soda119 YouTube33 Puppy155 Soda100 Crab110 Plants129 Kitty138 Rollers42 Cat70 Running66 System79 Drugs195 Clock25 Cat15 Leash46 Water90 Hnads116 Running177 Drugs39 Puppy133 Leash136 Towel154 Dislike143 Allergies176 Elevator120 Sink96 Boat67 Shoes8 Dislike12 Dislike170 Dog181 Toilet191 Elevator115 Shoe174 Rollers173 Body180 Shoe17 Urine108 Hnads182 BBQ167 Solar59 Plus78 Video86 YouTube44 Ice41 Laptop19 Dislike27 Book24 Robot51 YouTube199 Shelf40 Soda197 Urine20 BBQ36 Ring161 Rollers14 Nuclear35 Ring84 Websites32 Rollers63 Breakfast85 Plants62 Soap58 Water21 Horse26 Ring60 Solar71 Cone185 Dislike186 Websites193 Poop80 Settings102 Websites94 Fusion34 Fusion104 Plants118 Android189 Bird11 Kitty194 Kitty56 Boat141 Leash77 Laptop1 System156 Soap53 Laptop69 Poop150 Robot93 Towel123 Dog128 Ice9 Solar159 Nuclear18 Solar130 Toolbox72 Android196 Dog168 Robot134 Horse122 Comics28 Light30 Comics113 Book171 Allergies23 Prints121 Toolbox146 Ring169 Whale137 Cat163 Shoe166 Cat163 Whale137 Ring169 Toolbox146 Prints121 Allergies23 Book171 Comics113 Light30 Comics28 Horse122 Robot134 Dog168 Android196 Toolbox72 Solar130 Nuclear18 Solar159 Ice9 Dog128 Towel123 Robot93 Poop150 Laptop69 Soap53 System156 Laptop1 Leash77 Boat141 Kitty56 Kitty194 Bird11 Android189 Plants118 Fusion104 Fusion34 Websites94 Settings102 Poop80 Websites193 Dislike186 Cone185 Solar71 Ring60 Horse26 Water21 Soap58 Plants62 Breakfast85 Rollers63 Websites32 Ring84 Nuclear35 Rollers14 Ring161 BBQ36 Urine20 Soda197 Shelf40 YouTube199 Robot51 Book24 Dislike27 Laptop19 Ice41 YouTube44 Video86 Plus78 Solar59 BBQ167 Hnads182 Urine108 Shoe17 Body180 Rollers173 Shoe174 Elevator115 Toilet191 Dog181 Dislike170 Dislike12 Shoes8 Boat67 Sink96 Elevator120 Allergies176 Dislike143 Towel154 Leash136 Puppy133 Drugs39 Running177 Hnads116 Water90 Leash46 Cat15 Clock25 Drugs195 System79 Running66 Cat70 Rollers42 Kitty138 Plants129 Crab110 Soda100 Puppy155 YouTube33 Soda119 Solar192 Light49 Clock145 Whale91 Water29 Laptop125 Kitty98 Rollers95 Water135 Dog101 Crab83 Soap64 Clock139 Websites4 Allergies88 Fence74 Fusion179 Monster73 Drugs184 Toilet13 Shower48 Shelf0
100
Crab83 Crab83
Boat67 Boat67
Horse148 Horse148
Post158 Post158
Robot93 Robot93
Kitty194 Kitty194
Drugs39 Drugs39
Sink109 Sink109
Shelf40 Shelf40
Leash77 Leash77
Laptop125 Laptop125
Allergies88 Allergies88
Toolbox146 Toolbox146
Ice9 Ice9
Light30 Light30
Soap58 Soap58
Towel154 Towel154
Plants118 Plants118
Settings75 Settings75
Kitty89 Kitty89
Body55 Body55
Monster175 Monster175
Water135 Water135
Shower47 Shower47
Dislike12 Dislike12
Dog168 Dog168
BBQ36 BBQ36
Shoe174 Shoe174
Urine124 Urine124
Nuclear35 Nuclear35
Mail22 Mail22
Allergies103 Allergies103
Dislike143 Dislike143
Ice41 Ice41
Monster73 Monster73
Puppy117 Puppy117
Whale126 Whale126
Solar130 Solar130
Soda119 Soda119
Printer188 Printer188
Rollers95 Rollers95
Water29 Water29
Robot51 Robot51
Poop150 Poop150
Drugs195 Drugs195
Laptop19 Laptop19
Toolbox72 Toolbox72
Clock2 Clock2
Hnads116 Hnads116
Nuclear18 Nuclear18
Soap64 Soap64
Robot164 Robot164
Soda197 Soda197
Dog181 Dog181
Clock139 Clock139
Toolbox153 Toolbox153
Water38 Water38
Dislike27 Dislike27
System156 System156
Puppy140 Puppy140
Poop80 Poop80
Solar162 Solar162
Allergies176 Allergies176
Plus78 Plus78
Ice165 Ice165
Solar192 Solar192
Mail6 Mail6
Whale137 Whale137
Rollers14 Rollers14
Book24 Book24
Urine97 Urine97
Fusion104 Fusion104
Flowers178 Flowers178
Shoe17 Shoe17
Urine20 Urine20
Cat15 Cat15
Book171 Book171
Solar71 Solar71
System183 System183
Ring82 Ring82
Poop76 Poop76
Clock61 Clock61
Shoes8 Shoes8
Ring169 Ring169
Male149 Male149
Cat187 Cat187
Android196 Android196
Hnads182 Hnads182
Shelf0 Shelf0
Fusion34 Fusion34
Whale114 Whale114
Towel92 Towel92
Toilet13 Toilet13
Website190 Website190
Breakfast85 Breakfast85
Websites4 Websites4
Shower57 Shower57
Comics107 Comics107
System79 System79
Kitty98 Kitty98
