Horse0 Poop43 Soda85 Shower15 Floppy40 Website24 Mail88 Robot9 Ice32 Printer53 Rollers18 Body99 Dislike60 Websites81 Water83 Dislike70 Towel37 Leash89 Shelf7 Rollers48 Book41 Crab78 Urine76 Video31 Leash68 Monster80 Kitty92 Water66 Towel12 Toilet20 Bird93 Shoe46 Toilet1 Printer75 Monster71 Trees96 BBQ86 Urine50 Shoe87 Floppy63 Ice10 Bird82 Website29 Prints23 System69 Ice30 Shelf25 Whale22 Post2 Dislike21 Plus62 Flowers72 Dislike51 System90 Comics49 Soda67 Poop8 Urine73 Post61 Laptop36 Allergies4 Laptop79 YouTube56 Ice26 Towel35 Water52 Cat13 Ring97 Running77 Breakfast42 Towel16 Settings94 Soda57 Breakfast19 Floppy64 Towel28 Horse55 Light65 Monster47 Allergies3 Flowers98 Solar58 Flowers98 Allergies3 Monster47 Light65 Horse55 Towel28 Floppy64 Breakfast19 Soda57 Settings94 Towel16 Breakfast42 Running77 Ring97 Cat13 Water52 Towel35 Ice26 YouTube56 Laptop79 Allergies4 Laptop36 Post61 Urine73 Poop8 Soda67 Comics49 System90 Dislike51 Flowers72 Plus62 Dislike21 Post2 Whale22 Shelf25 Ice30 System69 Prints23 Website29 Bird82 Ice10 Floppy63 Shoe87 Urine50 BBQ86 Trees96 Monster71 Printer75 Toilet1 Shoe46 Bird93 Toilet20 Towel12 Water66 Kitty92 Monster80 Leash68 Video31 Urine76 Crab78 Book41 Rollers48 Shelf7 Leash89 Towel37 Dislike70 Water83 Websites81 Dislike60 Body99 Rollers18 Printer53 Ice32 Robot9 Mail88 Website24 Floppy40 Shower15 Soda85 Poop43 Horse0 Breakfast74 Ring45 Whale59 Shower11 Settings5 Rollers91 Websites17 Rollers34 Ice38 Male84 Kitty14 Horse44 Monster39 Settings33 Ring6 Allergies54 Leash27 Soda95 Leash27 Allergies54 Ring6 Settings33 Monster39 Horse44 Kitty14 Male84 Ice38 Rollers34 Websites17 Rollers91 Settings5 Shower11 Whale59 Ring45 Breakfast74 Horse0
50
Shower11 Shower11
Websites81 Websites81
Running77 Running77
Horse55 Horse55
Monster39 Monster39
Websites17 Websites17
Male84 Male84
Monster71 Monster71
Ring45 Ring45
Solar58 Solar58
Plus62 Plus62
Allergies4 Allergies4
Kitty14 Kitty14
Printer53 Printer53
Ice10 Ice10
Toilet20 Toilet20
Towel37 Towel37
Bird82 Bird82
Dislike51 Dislike51
Rollers34 Rollers34
BBQ86 BBQ86
Horse0 Horse0
Book41 Book41
Water52 Water52
Leash68 Leash68
Shower15 Shower15
Water66 Water66
Breakfast19 Breakfast19
Ring97 Ring97
Cat13 Cat13
Floppy63 Floppy63
Flowers98 Flowers98
Allergies3 Allergies3
Soda57 Soda57
Ice38 Ice38
Whale22 Whale22
Towel16 Towel16
Robot9 Robot9
Whale59 Whale59
Ice30 Ice30
Bird93 Bird93
Shelf25 Shelf25
Prints23 Prints23
Breakfast74 Breakfast74
Towel35 Towel35
Comics49 Comics49
Settings5 Settings5
Post61 Post61
Rollers48 Rollers48
Mail88 Mail88
