S A E J O W G 7 12 17 Q 17 12 7 G W O J E A S F K 2 X 3 L 13 18 22 23 19 14 9 H 10 T 8 P B C 4 M 6 Z 5 Y 15 20 W2 X2 R 16 11 I 1 V N U D 24 29 28 38 43 44 39 34 30 25 26 31 35 40 45 46 41 36 32 27 A2 33 37 42 47 F2 K2 P2 V2 U2 O2 J2 E2 D2 I2 N2 T2 48 Z2 R2 M2 H2 C2 B2 G2 L2 Q2 Y2 Q2 L2 G2 B2 C2 H2 M2 R2 Z2 48 T2 N2 I2 D2 E2 J2 O2 U2 V2 P2 K2 F2 47 42 37 33 A2 27 32 36 41 46 45 40 35 31 26 25 30 34 39 44 43 38 28 29 24 D U N V 1 I 11 16 R X2 W2 20 15 Y 5 Z 6 M 4 C B P 8 T 10 H 9 14 19 23 22 18 13 L 3 X 2 K F S
50
A A
B B
C C
D D
E E
F F
G G
H H
I I
J J
K K
L L
M M
N N
O O
P P
Q Q
R R
T T
U U
V V
W W
X X
Y Y
Z Z
A2 A2
B2 B2
C2 C2
D2 D2
E2 E2
F2 F2
G2 G2
H2 H2
I2 I2
J2 J2
K2 K2
L2 L2
M2 M2
N2 N2
O2 O2
P2 P2
Q2 Q2
R2 R2
T2 T2
U2 U2
V2 V2
W2 W2
X2 X2
Y2 Y2
Z2 Z2
