S A E J O W G 7 12 17 Q Q3 127 E3 J3 O3 77 G3 95 111 112 111 95 G3 77 O3 J3 E3 127 Q3 Q 17 12 7 G W O J E A S F K 2 X 3 L 13 18 22 50 131 F3 K3 70 76 91 L3 113 117 118 114 96 H3 84 71 64 P3 128 51 23 19 14 9 H 10 T 8 P B C 4 M 6 Z 5 Y 15 20 W2 72 129 58 M3 78 75 92 97 115 119 120 116 98 93 85 V3 N3 U3 130 73 X2 R 16 11 I 1 V N U D 24 29 28 38 43 44 39 34 30 25 26 31 35 40 45 46 41 36 32 27 132 33 37 42 47 F2 K2 P2 V2 49 53 A2 63 69 83 90 101 109 110 123 122 102 108 100 Y3 82 68 62 57 B3 A3 U2 O2 J2 E2 D2 I2 N2 T2 48 52 56 61 67 81 X3 D3 I3 104 T3 R3 105 107 C3 W3 80 66 60 55 Z3 Z2 R2 M2 H2 C2 B2 G2 L2 Q2 Y2 74 54 59 65 79 86 94 99 106 121 106 99 94 86 79 65 59 54 74 Y2 Q2 L2 G2 B2 C2 H2 M2 R2 Z2 Z3 55 60 66 80 W3 C3 107 105 R3 T3 104 I3 D3 X3 81 67 61 56 52 48 T2 N2 I2 D2 E2 J2 O2 U2 A3 B3 57 62 68 82 Y3 100 108 102 122 123 110 109 101 90 83 69 63 A2 53 49 V2 P2 K2 F2 47 42 37 33 132 27 32 36 41 46 45 40 35 31 26 25 30 34 39 44 43 38 28 29 24 D U N V 1 I 11 16 R X2 73 130 U3 N3 V3 85 93 98 116 120 119 115 97 92 75 78 M3 58 129 72 W2 20 15 Y 5 Z 6 M 4 C B P 8 T 10 H 9 14 19 23 51 128 P3 64 71 84 H3 96 114 118 117 113 L3 91 76 70 K3 F3 131 50 22 18 13 L 3 X 2 K F S
75
A A
B B
C C
D D
E E
F F
G G
H H
I I
J J
K K
L L
M M
N N
O O
P P
Q Q
R R
T T
U U
V V
W W
X X
Y Y
Z Z
A2 A2
B2 B2
C2 C2
D2 D2
E2 E2
F2 F2
G2 G2
H2 H2
I2 I2
J2 J2
K2 K2
L2 L2
M2 M2
N2 N2
O2 O2
P2 P2
Q2 Q2
R2 R2
T2 T2
U2 U2
V2 V2
W2 W2
X2 X2
Y2 Y2
Z2 Z2
A3 A3
B3 B3
C3 C3
D3 D3
E3 E3
F3 F3
G3 G3
H3 H3
I3 I3
J3 J3
K3 K3
L3 L3
M3 M3
N3 N3
O3 O3
P3 P3
Q3 Q3
R3 R3
T3 T3
U3 U3
V3 V3
W3 W3
X3 X3
Y3 Y3
Z3 Z3
