ROck maKe getting THat YouLL you roll bundled AND Didn AND bundled roll you YouLL THat getting maKe ROck Know Judging gOld Only You dONt see play Fed HEY till YOURE cool doNt little Your need thumb if gliTTers GeT GEt U mYself strEEts way up might wait But told running gEts live said gas gold uSe thin back Star differ with I rules meteor Well On coming dumb this runningj head ice ground skate use geTS know To re now get they t wrong COuld me shine Hey shootinG about yep aLl stAr OnLY well myself staR glitters shape forehead of GO shoW break men water all satellite MOld brain coNcept Didnt Live youre stop tHat her plAy fRom sharpest years tool So the bored YoULL And For sense like noW OnLy in It it show spare taking L ll aLLSTAr mold star tO once dont don yours place pretty In on ThE chAnge nOw AnD we smart looking finger so gEt Somebody GET fuel beg sTar yOUr make The to streets glItters fire fun iS gAme shooting stArs do youR gLItters swim SHooting rock what could glow go warm kind not but yOure GOld colder geT some never That stars brEAk is start gets that pLace alL pLace that gets start is brEAk stars That never some geT colder GOld yOure but not kind warm go glow could what rock SHooting swim gLItters youR do stArs shooting gAme iS fun fire glItters streets to The make yOUr sTar beg fuel GET Somebody gEt so finger looking smart we AnD nOw chAnge ThE on In pretty place yours don dont once tO star mold aLLSTAr ll L taking spare show it It in OnLy noW like sense For And YoULL bored the So tool years sharpest fRom plAy her tHat stop youre Live Didnt coNcept brain MOld satellite all water men break shoW GO of forehead shape glitters staR myself well OnLY stAr aLl yep about shootinG Hey shine me COuld wrong t they get now re To know geTS use skate ground ice head runningj this dumb coming On Well meteor rules I with differ Star back thin uSe gold gas said live gEts running told But wait might up way strEEts mYself U GEt GeT gliTTers if thumb need Your little doNt cool YOURE till HEY Fed play see dONt You Only gOld Judging Know ROck
100
Know Know
Judging Judging
gOld gOld
Only Only
ground ground
ice ice
skate skate
head head
use use
runningj runningj
geTS geTS
this this
know know
To To
re re
now now
get get
stop stop
tHat tHat
youre youre
her her
So So
the the
roll roll
bundled bundled
cool cool
doNt doNt
YOURE YOURE
dONt dONt
see see
shoW shoW
break break
GO GO
of of
forehead forehead
shape shape
glitters glitters
staR staR
uSe uSe
gold gold
wrong wrong
t t
wait wait
might might
sharpest sharpest
fRom fRom
years years
THat THat
YouLL YouLL
getting getting
maKe maKe
Your Your
HEY HEY
need need
Fed Fed
thumb thumb
meteor meteor
rules rules
Well Well
stAr stAr
On On
OnLY OnLY
well well
live live
said said
gEts gEts
running running
told told
way way
Didnt Didnt
strEEts strEEts
coNcept coNcept
mYself mYself
brain brain
U U
MOld MOld
GEt GEt
satellite satellite
GeT GeT
all all
gliTTers gliTTers
water water
with with
about about
differ differ
shootinG shootinG
Star Star
Hey Hey
back back
shine shine
me me
sense sense
like like
For For
noW noW
And And
OnLy OnLy
YoULL YoULL
in in
Didn Didn
