L staR smart get use bundled roll bundled use get smart staR L YouLL of shine start doNt as some Hey GeT game hole re years shooting it your glow cool COuld skate but To Somebody gAme away gliTTers said gOld see geT geTS fuel much iS make OnLy mold fOr if gett ground change never change ground gett if fOr mold OnLy make iS much fuel geTS geT see gOld said gliTTers away gAme Somebody To but skate COuld cool glow your it shooting years re hole game GeT Hey some as doNt start shine of YouLL L
25
some some
as as
Hey Hey
GeT GeT
game game
COuld COuld
skate skate
but but
To To
Somebody Somebody
years years
shooting shooting
it it
your your
staR staR
start start
smart smart
shine shine
get get
of of
use use
YouLL YouLL
bundled bundled
away away
roll roll
