0 4 7 3 8 18 30 14 21 10 20 24 31 12 32 44 46 57 66 77 80 35 25 16 6 5 19 85 34 47 61 55 49 56 60 76 68 83 15 17 33 36 42 48 27 52 54 51 45 50 53 59 74 70 67 75 79 58 69 62 71 65 63 73 22 38 84 38 22 73 63 65 71 62 69 58 79 75 67 70 74 59 53 50 45 51 54 52 27 48 42 36 33 17 15 83 68 76 60 56 49 55 61 47 34 85 19 5 6 16 25 35 80 77 66 57 46 44 32 12 31 24 20 10 21 14 30 18 8 3 7 4 0 2 9 11 1 28 29 39 37 40 23 26 41 13 43 64 72 81 78 82 86 87 88 89 90 91 92 93 94 95 96 97 98 99 98 97 96 95 94 93 92 91 90 89 88 87 86 82 78 81 72 64 43 13 41 26 23 40 37 39 29 28 1 11 9 2 0
50
0 0
8 8
9 9
12 12
14 14
15 15
16 16
18 18
19 19
20 20
28 28
29 29
35 35
38 38
39 39
43 43
45 45
48 48
49 49
50 50
51 51
52 52
53 53
54 54
58 58
59 59
62 62
66 66
67 67
71 71
72 72
76 76
78 78
80 80
82 82
84 84
86 86
87 87
88 88
89 89
90 90
91 91
92 92
93 93
94 94
95 95
96 96
97 97
98 98
99 99
