0 13 31 22 1 10 18 5 39 27 150 143 138 137 141 145 160 151 156 76 66 61 60 54 44 78 59 65 68 62 58 73 82 83 80 149 142 134 131 133 132 130 127 120 129 119 118 136 155 152 146 35 46 47 43 64 63 72 74 75 85 94 87 79 86 99 100 95 96 89 112 111 107 109 103 115 110 116 114 105 113 123 126 124 125 122 121 117 128 135 84 106 108 97 104 98 102 101 92 88 70 91 159 158 147 154 148 139 144 153 140 157 161 162 163 164 165 166 167 168 169 170 171 172 173 174 175 176 177 178 179 180 181 182 183 184 185 186 187 186 185 184 183 182 181 180 179 178 177 176 175 174 173 172 171 170 169 168 167 166 165 164 163 162 161 157 140 153 144 139 148 154 147 158 159 91 70 88 92 101 102 98 104 97 108 106 84 135 128 117 121 122 125 124 126 123 113 105 114 116 110 115 103 109 107 111 112 89 96 95 100 99 86 79 87 94 85 75 74 72 63 64 43 47 46 35 146 152 155 136 118 119 129 120 127 130 132 133 131 134 142 149 80 83 82 73 58 62 68 65 59 78 44 54 60 61 66 76 156 151 160 145 141 137 138 143 150 27 39 5 18 10 1 22 31 13 0 21 6 23 8 36 26 12 17 3 2 30 7 19 32 34 20 41 56 45 57 49 37 52 55 53 50 28 51 48 29 38 33 14 11 15 4 16 9 25 24 40 42 67 71 77 93 90 81 69 188 189 190 191 192 193 194 195 196 197 198 199 198 197 196 195 194 193 192 191 190 189 188 69 81 90 93 77 71 67 42 40 24 25 9 16 4 15 11 14 33 38 29 48 51 28 50 53 55 52 37 49 57 45 56 41 20 34 32 19 7 30 2 3 17 12 26 36 8 23 6 21 0
100
2 2
3 3
5 5
7 7
12 12
13 13
19 19
22 22
24 24
28 28
31 31
34 34
35 35
36 36
43 43
44 44
47 47
51 51
53 53
54 54
56 56
59 59
60 60
61 61
62 62
65 65
66 66
67 67
68 68
69 69
72 72
73 73
77 77
80 80
83 83
86 86
94 94
95 95
101 101
102 102
107 107
112 112
118 118
120 120
121 121
122 122
124 124
129 129
133 133
135 135
140 140
142 142
143 143
145 145
146 146
148 148
151 151
153 153
155 155
157 157
159 159
160 160
162 162
163 163
164 164
165 165
166 166
167 167
168 168
169 169
170 170
171 171
172 172
173 173
174 174
175 175
176 176
177 177
178 178
179 179
180 180
181 181
182 182
183 183
184 184
185 185
186 186
187 187
188 188
189 189
190 190
191 191
192 192
193 193
194 194
195 195
196 196
197 197
198 198
199 199
