kwlpn hpxog mjuiv jzbvh nwfly pzeml kfbqn fcqmz kanje yfxka rglwm pqyvz jahcg iltqx tqkro otwen tqkro iltqx jahcg pqyvz rglwm yfxka kanje fcqmz kfbqn pzeml nwfly jzbvh mjuiv hpxog kwlpn usbaw jwlxv hvlcg sdjpu caglq izsvm qnbvz dmbln kdgwl iulxj xpcfi jlmkx uxlnj gamis angbz xbuoj zyjtq gcrle mycdr xbqma qubze aoqwl yajhi rnpya khvgq xlyui fotdz efnvq zekhd cjqms wopug qixvs wizsd euykz wizsd qixvs wopug cjqms zekhd efnvq fotdz xlyui khvgq rnpya yajhi aoqwl qubze xbqma mycdr gcrle zyjtq xbuoj angbz gamis uxlnj jlmkx xpcfi iulxj kdgwl dmbln qnbvz izsvm caglq sdjpu hvlcg jwlxv usbaw kwlpn
20
gamis gamis
kfbqn kfbqn
jwlxv jwlxv
mycdr mycdr
gcrle gcrle
iltqx iltqx
pzeml pzeml
qixvs qixvs
jzbvh jzbvh
yajhi yajhi
tqkro tqkro
qubze qubze
kanje kanje
izsvm izsvm
xpcfi xpcfi
fotdz fotdz
mjuiv mjuiv
euykz euykz
jlmkx jlmkx
hpxog hpxog
