hutmk sqlhp qtcla edkrj hkdrv guxio cjfpu pyjhz nohqc ejulp otirh yiodb bcrwj efjns ijofp ywion ijvuq xeljy qzsba qdbec ekogd groqz nqtby urlkt coubd xintv lskxo bfcvm lkcpj ejrpc lcghr tiyfv zsehb tyuep cursl xnysi fdciu uqimz hincx uqimz fdciu xnysi cursl tyuep zsehb tiyfv lcghr ejrpc lkcpj bfcvm lskxo xintv coubd urlkt nqtby groqz ekogd qdbec qzsba xeljy ijvuq ywion ijofp efjns bcrwj yiodb otirh ejulp nohqc pyjhz cjfpu guxio hkdrv edkrj qtcla sqlhp hutmk omjfc dowbf yaxts kwgic ablxw rlfxc zbawl aflzx lnfiu csirk aeomh bjyil akxro gxdqt misyc snlmb nihqv obwid xsbfo oscrv mlfbi nhaik lsnhz fswhz tqiky rvhjg htfom yzaje ugyls uxtfk vmgxh ybtpq dvkfe qsarc uaicq hopbn krhxf qdzgs ljosi xpyfh jrfin tejxc aqzce axmwy cgrwy ounwr bquaw ofjku artvi abupm mzlsn spehv ynfag gizud spuoi kbshp kcley qtmld vczkh ugamb iofdr ugamb vczkh qtmld kcley kbshp spuoi gizud ynfag spehv mzlsn abupm artvi ofjku bquaw ounwr cgrwy axmwy aqzce tejxc jrfin xpyfh ljosi qdzgs krhxf hopbn uaicq qsarc dvkfe ybtpq vmgxh uxtfk ugyls yzaje htfom rvhjg tqiky fswhz lsnhz nhaik mlfbi oscrv xsbfo obwid nihqv snlmb misyc gxdqt akxro bjyil aeomh csirk lnfiu aflzx zbawl rlfxc ablxw kwgic yaxts dowbf omjfc hutmk
40
oscrv oscrv
hopbn hopbn
mlfbi mlfbi
lcghr lcghr
aqzce aqzce
mzlsn mzlsn
zsehb zsehb
tyuep tyuep
coubd coubd
yzaje yzaje
lnfiu lnfiu
cursl cursl
omjfc omjfc
qdzgs qdzgs
xintv xintv
ywion ywion
gxdqt gxdqt
vczkh vczkh
yiodb yiodb
urlkt urlkt
rlfxc rlfxc
aeomh aeomh
artvi artvi
vmgxh vmgxh
ugamb ugamb
ablxw ablxw
otirh otirh
ugyls ugyls
tejxc tejxc
xeljy xeljy
yaxts yaxts
spuoi spuoi
xnysi xnysi
dowbf dowbf
misyc misyc
bcrwj bcrwj
lsnhz lsnhz
axmwy axmwy
ijvuq ijvuq
ijofp ijofp
