hdpxs wbvga pbqlk whqrj pwydx osxbc cihba wnelr txcno amfiz dwyai rchbw bsvth htkwy lirzq mcyde frhgc lmwpk cgjda fairz sfizh cqsby kspyc jmahd pjzqm ahnds qzasm dbjxw glrpy yqtob qhbyf lgcuf yazqf bigwn ymcfp jhlus xscoe zqjxb uklga xeylf yqzit ebwcp bdevm aoqtg ehqyk yqfdk tgeks rjuxc qckjp wdquv lrqft tfcam xnpwq uiogl ktzce fqjsk dkjro ohzfn iyuas egclu comrg bwknx zgenl zxchm mvxup wotiq vgwoi axthi uhxyj kbjmt hwmzn crlfe sxdiu nqtru rlumh mlibf ekgsc tmwdy yvfsg pytwh gstwp zcjqx fjdqi oxuqn rzvtg ayrgb ypdnb djbxa tuhfw btwzv laqzs nzack lnjxt pfeuc pgdnx kxmbi ynwvu kjihy bfauz wkbuf qpbmc ramjo kzwah mujil pihld xcvow pgtfb syoxv mhekz gufvs tkwle armnk olqfv bkfuc tdjvy xtzpg tjake mhuad cxdes oewcd osvgp hulpb mkndy stflc wjond rdoqk syoxf tmaji mcwry gdnim lpudv yvbse evsbm cxdfu aqoyk pgqva maqho qbdwz wajol hgzbc dsean witul lvqun ostkf yxjgq aedvq bldws aedvq yxjgq ostkf lvqun witul dsean hgzbc wajol qbdwz maqho pgqva aqoyk cxdfu evsbm yvbse lpudv gdnim mcwry tmaji syoxf rdoqk wjond stflc mkndy hulpb osvgp oewcd cxdes mhuad tjake xtzpg tdjvy bkfuc olqfv armnk tkwle gufvs mhekz syoxv pgtfb xcvow pihld mujil kzwah ramjo qpbmc wkbuf bfauz kjihy ynwvu kxmbi pgdnx pfeuc lnjxt nzack laqzs btwzv tuhfw djbxa ypdnb ayrgb rzvtg oxuqn fjdqi zcjqx gstwp pytwh yvfsg tmwdy ekgsc mlibf rlumh nqtru sxdiu crlfe hwmzn kbjmt uhxyj axthi vgwoi wotiq mvxup zxchm zgenl bwknx comrg egclu iyuas ohzfn dkjro fqjsk ktzce uiogl xnpwq tfcam lrqft wdquv qckjp rjuxc tgeks yqfdk ehqyk aoqtg bdevm ebwcp yqzit xeylf uklga zqjxb xscoe jhlus ymcfp bigwn yazqf lgcuf qhbyf yqtob glrpy dbjxw qzasm ahnds pjzqm jmahd kspyc cqsby sfizh fairz cgjda lmwpk frhgc mcyde lirzq htkwy bsvth rchbw dwyai amfiz txcno wnelr cihba osxbc pwydx whqrj pbqlk wbvga hdpxs oxitr dncuw iwpol nzirf awhmz xbcew jrghb uzybk hoxir uakjq eatck utdhx qtdze vcwfj qsmkj jitgc fjkwc dpuzr qhvsb vobqh myxlw ndszt gvfpj pqzow drojn xlrzc kscoz jcwpu tivko joztf cxajk evtgj ziskg xzgdq qsmzo betwv mtcsd oaeyh rmahk qhibx rjdai zadjy sktfj rqenc jcqfl sdqie tndwl zntkr wcjeg gdovn oclyb swpdc tudbo swpdc oclyb gdovn wcjeg zntkr tndwl sdqie jcqfl rqenc sktfj zadjy rjdai qhibx rmahk oaeyh mtcsd betwv qsmzo xzgdq ziskg evtgj cxajk joztf tivko jcwpu kscoz xlrzc drojn pqzow gvfpj ndszt myxlw vobqh qhvsb dpuzr fjkwc jitgc qsmkj vcwfj qtdze utdhx eatck uakjq hoxir uzybk jrghb xbcew awhmz nzirf iwpol dncuw oxitr hdpxs
100
mlibf mlibf
sxdiu sxdiu
qpbmc qpbmc
uiogl uiogl
uklga uklga
maqho maqho
yqtob yqtob
mujil mujil
tmwdy tmwdy
fjdqi fjdqi
xlrzc xlrzc
oxitr oxitr
nqtru nqtru
bdevm bdevm
ayrgb ayrgb
lnjxt lnjxt
armnk armnk
gdnim gdnim
zqjxb zqjxb
yqfdk yqfdk
drojn drojn
ohzfn ohzfn
jcwpu jcwpu
wotiq wotiq
joztf joztf
pytwh pytwh
cxdes cxdes
tndwl tndwl
qhibx qhibx
aedvq aedvq
ymcfp ymcfp
stflc stflc
wajol wajol
kscoz kscoz
mtcsd mtcsd
pgqva pgqva
btwzv btwzv
ahnds ahnds
utdhx utdhx
rjuxc rjuxc
dkjro dkjro
xnpwq xnpwq
frhgc frhgc
osvgp osvgp
bsvth bsvth
rjdai rjdai
qckjp qckjp
lmwpk lmwpk
wnelr wnelr
rlumh rlumh
syoxf syoxf
qbdwz qbdwz
zcjqx zcjqx
yazqf yazqf
vgwoi vgwoi
bkfuc bkfuc
cihba cihba
dbjxw dbjxw
gufvs gufvs
kjihy kjihy
iyuas iyuas
syoxv syoxv
zntkr zntkr
jhlus jhlus
ebwcp ebwcp
bwknx bwknx
amfiz amfiz
cqsby cqsby
wkbuf wkbuf
kzwah kzwah
yvbse yvbse
htkwy htkwy
oewcd oewcd
rchbw rchbw
oaeyh oaeyh
evtgj evtgj
cxajk cxajk
pihld pihld
lpudv lpudv
qsmkj qsmkj
mhekz mhekz
vcwfj vcwfj
ehqyk ehqyk
gdovn gdovn
gstwp gstwp
hwmzn hwmzn
tkwle tkwle
mhuad mhuad
oxuqn oxuqn
tjake tjake
wdquv wdquv
xcvow xcvow
evsbm evsbm
wcjeg wcjeg
rzvtg rzvtg
vobqh vobqh
osxbc osxbc
ktzce ktzce
ypdnb ypdnb
qhvsb qhvsb
