Hayward Shreveport Hartford NorthLasVegas Newark Hampton Gastonia Laredo FortWaltonBeach Portsmouth Murrieta MyrtleBeach Carrollton Visalia Columbus Anaheim Lansing Billings Hialeah Albuquerque Torrance Melbourne Racine SantaClarita KansasCity CorpusChristi StPaul CathedralCity Bethlehem Orem Nashua Tyler Arvada Wilmington Vancouver Boston SterlingHeights Champaign Charlotte Muskegon Tallahassee Brighton Oxnard Fitchburg Waterbury Newburgh Kaneohe StLouis DesMoines Lorain RoundLakeBeach Independence Cincinnati SantaAna Fairfield Scranton Sarasota Minneapolis Frederick Marina Kissimmee Louisville Trenton OverlandPark Anchorage Utica Lexington Tuscaloosa ElMonte McAllen NewBedford SouthLyon Norwalk Huntsville ThousandOaks PortSaintLucie Olympia Syracuse Raleigh Scottsdale Victorville Paterson Norwich SanBuenaventura Brownsville Omaha NewYorkCity Henderson Topeka Downey Norman Ogden Reno York Warren Jefferson Houston LasCruces Greenville Plano PortStLucie Cambridge PalmBay Hagerstown Youngstown SouthBend Bakersfield CostaMesa Killeen Modesto Elkhart Poughkeepsie SantaMaria Poughkeepsie Elkhart Modesto Killeen CostaMesa Bakersfield SouthBend Youngstown Hagerstown PalmBay Cambridge PortStLucie Plano Greenville LasCruces Houston Jefferson Warren York Reno Ogden Norman Downey Topeka Henderson NewYorkCity Omaha Brownsville SanBuenaventura Norwich Paterson Victorville Scottsdale Raleigh Syracuse Olympia PortSaintLucie ThousandOaks Huntsville Norwalk SouthLyon NewBedford McAllen ElMonte Tuscaloosa Lexington Utica Anchorage OverlandPark Trenton Louisville Kissimmee Marina Frederick Minneapolis Sarasota Scranton Fairfield SantaAna Cincinnati Independence RoundLakeBeach Lorain DesMoines StLouis Kaneohe Newburgh Waterbury Fitchburg Oxnard Brighton Tallahassee Muskegon Charlotte Champaign SterlingHeights Boston Vancouver Wilmington Arvada Tyler Nashua Orem Bethlehem CathedralCity StPaul CorpusChristi KansasCity SantaClarita Racine Melbourne Torrance Albuquerque Hialeah Billings Lansing Anaheim Columbus Visalia Carrollton MyrtleBeach Murrieta Portsmouth FortWaltonBeach Laredo Gastonia Hampton Newark NorthLasVegas Hartford Shreveport Hayward Medford LasVegas PembrokePines VeroBeach SantaClara Aberdeen SimiValley NewportNews Concord Flint Boise Eugene BatonRouge Phoenix Boulder LakeCharles Spartanburg Springfield Harlingen Columbia MorenoValley Sacramento Lincoln Milwaukee Lubbock Bryan HavredeGrace PuntaGorda Hemet Mobile SanBernardino Pueblo GrandRapids SaintPaul Duluth Fullerton Roseville Howell CapeCoral Seaside DalyCity SanJose Lafayette GreenBay Fargo Birmingham Pittsburgh Layton Marysville Stamford Murfreesboro Salinas Winston PanamaCity Savannah Lacey PortArthur RichmondCounty SiouxFalls Bloomington HuntingtonBeach Harrisburg BoiseCity Detroit Merced Tacoma Kalamazoo NewYork Monroe Escondido Mesquite Barnstable JohnsonCity SanAntonio ElPaso Burlington Worcester SantaBarbara SiouxCity SaintPetersburg Fresno Baltimore Toledo Salem Deltona Tucson Houma Tucson Deltona Salem Toledo Baltimore Fresno SaintPetersburg SiouxCity SantaBarbara Worcester Burlington ElPaso SanAntonio JohnsonCity Barnstable Mesquite Escondido Monroe NewYork Kalamazoo Tacoma Merced Detroit BoiseCity Harrisburg HuntingtonBeach Bloomington SiouxFalls RichmondCounty PortArthur Lacey Savannah PanamaCity Winston Salinas Murfreesboro Stamford Marysville Layton Pittsburgh Birmingham Fargo GreenBay Lafayette SanJose DalyCity Seaside CapeCoral Howell Roseville Fullerton Duluth SaintPaul GrandRapids Pueblo SanBernardino Mobile Hemet PuntaGorda HavredeGrace Bryan Lubbock Milwaukee Lincoln Sacramento MorenoValley Columbia Harlingen Springfield Spartanburg LakeCharles Boulder Phoenix BatonRouge Eugene Boise Flint Concord NewportNews SimiValley Aberdeen SantaClara VeroBeach PembrokePines LasVegas Medford Hayward
100
PuntaGorda PuntaGorda
Tyler Tyler
Cincinnati Cincinnati
ThousandOaks ThousandOaks
Norwich Norwich
PalmBay PalmBay
Tucson Tucson
Utica Utica
Pueblo Pueblo
Albuquerque Albuquerque
Laredo Laredo
NewportNews NewportNews
Barnstable Barnstable
JohnsonCity JohnsonCity
Greenville Greenville
Eugene Eugene
Racine Racine
Nashua Nashua
RoundLakeBeach RoundLakeBeach
Harlingen Harlingen
Newburgh Newburgh
HavredeGrace HavredeGrace
Charlotte Charlotte
OverlandPark OverlandPark
Omaha Omaha
Topeka Topeka
CapeCoral CapeCoral
Deltona Deltona
Anchorage Anchorage
Marina Marina
Salem Salem
LasVegas LasVegas
Downey Downey
Hagerstown Hagerstown
Birmingham Birmingham
SanBuenaventura SanBuenaventura
Mesquite Mesquite
Flint Flint
McAllen McAllen
Lubbock Lubbock
CorpusChristi CorpusChristi
Layton Layton
Fullerton Fullerton
Bethlehem Bethlehem
NorthLasVegas NorthLasVegas
StLouis StLouis
GrandRapids GrandRapids
Frederick Frederick
Boise Boise
Arvada Arvada
Oxnard Oxnard
Hemet Hemet
Scranton Scranton
Fresno Fresno
Waterbury Waterbury
LakeCharles LakeCharles
Stamford Stamford
Olympia Olympia
RichmondCounty RichmondCounty
Duluth Duluth
Modesto Modesto
Henderson Henderson
HuntingtonBeach HuntingtonBeach
Huntsville Huntsville
Lacey Lacey
Burlington Burlington
Columbus Columbus
Savannah Savannah
Vancouver Vancouver
Detroit Detroit
Hialeah Hialeah
CathedralCity CathedralCity
NewYorkCity NewYorkCity
Marysville Marysville
GreenBay GreenBay
Bakersfield Bakersfield
Monroe Monroe
Louisville Louisville
ElPaso ElPaso
SantaClara SantaClara
Kissimmee Kissimmee
Newark Newark
Torrance Torrance
Hartford Hartford
Plano Plano
Bloomington Bloomington
Kalamazoo Kalamazoo
NewBedford NewBedford
SiouxFalls SiouxFalls
Elkhart Elkhart
Champaign Champaign
Anaheim Anaheim
SaintPaul SaintPaul
York York
Spartanburg Spartanburg
Scottsdale Scottsdale
Aberdeen Aberdeen
Mobile Mobile
Melbourne Melbourne
Ogden Ogden
