Aberdeen PortArthur Mesquite Marina McAllen AppleValley Tuscaloosa Winston Pensacola Elkhart Racine ChulaVista Springdale Reno Hampton Newburgh Roanoke Carrollton Lakewood Palmdale Austin Henderson WestValleyCity Kennewick Olathe Bremerton SanAntonio Redding Montgomery StPetersburg Lewisville Gainesville Scranton SouthLyon Frederick Modesto SanBernardino Hartford Riverside Murrieta Columbia GreenBay Lowell Chattanooga SaltLakeCity Norwalk Miramar Richmond MyrtleBeach Lancaster MyrtleBeach Richmond Miramar Norwalk SaltLakeCity Chattanooga Lowell GreenBay Columbia Murrieta Riverside Hartford SanBernardino Modesto Frederick SouthLyon Scranton Gainesville Lewisville StPetersburg Montgomery Redding SanAntonio Bremerton Olathe Kennewick WestValleyCity Henderson Austin Palmdale Lakewood Carrollton Roanoke Newburgh Hampton Reno Springdale ChulaVista Racine Elkhart Pensacola Winston Tuscaloosa AppleValley McAllen Marina Mesquite PortArthur Aberdeen
25
Pensacola Pensacola
SaltLakeCity SaltLakeCity
Gainesville Gainesville
Hampton Hampton
Winston Winston
Tuscaloosa Tuscaloosa
WestValleyCity WestValleyCity
Chattanooga Chattanooga
Modesto Modesto
Henderson Henderson
Lewisville Lewisville
Miramar Miramar
Racine Racine
Reno Reno
Lowell Lowell
SanBernardino SanBernardino
SouthLyon SouthLyon
Newburgh Newburgh
Austin Austin
Montgomery Montgomery
GreenBay GreenBay
SanAntonio SanAntonio
StPetersburg StPetersburg
Marina Marina
Springdale Springdale
