Hayward SantaClara Bakersfield Aurora HuntingtonBeach York NewBedford DalyCity SanJose SaintLouis Harlingen Bradenton Tucson PalmBay McHenry Torrance FortWayne KansasCity McAllen Danbury Omaha Topeka Montgomery PembrokePines Visalia Norfolk FortCollins Durham Lafayette Lewisville GulfportBiloxi Medford Barnstable Bryan Deltona Corona Modesto Hampton RichmondCounty Charlotte Victorville Fitchburg SimiValley SaintPaul Killeen Fargo GrandRapids Abilene Atlanta Sebastian Kennewick PuntaGorda Wilmington Washington LakeCharles Irvine NewOrleans Waco Bloomington Worcester Houston Monroe BelAir Milwaukee LongBeach Bremerton Murrieta Tampa NewYorkCity Newark Burbank Chicago StPaul SouthBend Huntsville Tyler ThousandOaks Asheville Norman Allentown Springdale Cambridge Carrollton Downey Rochester AtlanticCity PanamaCity Independence SantaCruz Fontana Howell Fontana SantaCruz Independence PanamaCity AtlanticCity Rochester Downey Carrollton Cambridge Springdale Allentown Norman Asheville ThousandOaks Tyler Huntsville SouthBend StPaul Chicago Burbank Newark NewYorkCity Tampa Murrieta Bremerton LongBeach Milwaukee BelAir Monroe Houston Worcester Bloomington Waco NewOrleans Irvine LakeCharles Washington Wilmington PuntaGorda Kennewick Sebastian Atlanta Abilene GrandRapids Fargo Killeen SaintPaul SimiValley Fitchburg Victorville Charlotte RichmondCounty Hampton Modesto Corona Deltona Bryan Barnstable Medford GulfportBiloxi Lewisville Lafayette Durham FortCollins Norfolk Visalia PembrokePines Montgomery Topeka Omaha Danbury McAllen KansasCity FortWayne Torrance McHenry PalmBay Tucson Bradenton Harlingen SaintLouis SanJose DalyCity NewBedford York HuntingtonBeach Aurora Bakersfield SantaClara Hayward CedarRapids Memphis Winston Hickory Trenton Murfreesboro Yonkers Waterloo Reading Waterloo Yonkers Murfreesboro Trenton Hickory Winston Memphis CedarRapids Hayward
50
PuntaGorda PuntaGorda
Tyler Tyler
ThousandOaks ThousandOaks
PalmBay PalmBay
Tucson Tucson
Barnstable Barnstable
Yonkers Yonkers
Burbank Burbank
McHenry McHenry
Harlingen Harlingen
Charlotte Charlotte
Omaha Omaha
Topeka Topeka
Deltona Deltona
Danbury Danbury
Downey Downey
Asheville Asheville
McAllen McAllen
Chicago Chicago
GrandRapids GrandRapids
BelAir BelAir
Aurora Aurora
CedarRapids CedarRapids
LakeCharles LakeCharles
Bradenton Bradenton
RichmondCounty RichmondCounty
SantaCruz SantaCruz
Modesto Modesto
HuntingtonBeach HuntingtonBeach
Huntsville Huntsville
NewYorkCity NewYorkCity
Tampa Tampa
Monroe Monroe
Bakersfield Bakersfield
Springdale Springdale
SantaClara SantaClara
Atlanta Atlanta
Durham Durham
Newark Newark
Torrance Torrance
Memphis Memphis
Kennewick Kennewick
Bloomington Bloomington
NewBedford NewBedford
SaintPaul SaintPaul
York York
Hickory Hickory
Waco Waco
Waterloo Waterloo
Hampton Hampton
