AndyandZeyu g j c b h0 c0 d0 e0 f0 b0 i0 AndyandZeyu0 g0 j0 h2 f2 e2 i2 c2 d2 AndyandZeyu2 b2 g2 j2 f3 d3 h3 i3 g5 b5 c5 d5 e5 AndyandZeyu5 h5 j4 f5 i5 g7 e7 d7 h7 b7 c7 j6 AndyandZeyu7 f7 i7 f9 i9 AndyandZeyu9 g9 c9 d9 b9 e9 h9 c11 h11 g11 f11 b11 AndyandZeyu11 j10 e11 d11 i11 h13 e13 b13 c13 d13 g13 f13 j13 j12 AndyandZeyu13 i13 g15 b15 c15 d15 e15 AndyandZeyu15 h15 j14 f15 i15 g17 e17 d17 h17 b17 c17 j16 AndyandZeyu17 f17 i17 f17 AndyandZeyu17 j16 c17 b17 h17 d17 e17 g17 i15 f15 j14 h15 AndyandZeyu15 e15 d15 c15 b15 g15 i13 AndyandZeyu13 j12 j13 f13 g13 d13 c13 b13 e13 h13 i11 d11 e11 j10 AndyandZeyu11 b11 f11 g11 h11 c11 h9 e9 b9 d9 c9 g9 AndyandZeyu9 i9 f9 i7 f7 AndyandZeyu7 j6 c7 b7 h7 d7 e7 g7 i5 f5 j4 h5 AndyandZeyu5 e5 d5 c5 b5 g5 i3 h3 d3 f3 j2 g2 b2 AndyandZeyu2 d2 c2 i2 e2 f2 h2 j0 g0 AndyandZeyu0 i0 b0 f0 e0 d0 c0 h0 b c j g AndyandZeyu h d e f i d1 i1 h1 g1 c1 b1 AndyandZeyu1 f1 e1 j1 AndyandZeyu3 g3 j3 b3 c3 e3 f4 i4 AndyandZeyu4 g4 c4 d4 b4 e4 h4 c6 h6 g6 f6 b6 AndyandZeyu6 j5 e6 d6 i6 h8 e8 b8 c8 d8 g8 f8 j8 j7 AndyandZeyu8 i8 g10 b10 c10 d10 e10 AndyandZeyu10 h10 j9 f10 i10 g12 e12 d12 h12 b12 c12 j11 AndyandZeyu12 f12 i12 f14 i14 AndyandZeyu14 g14 c14 d14 b14 e14 h14 c16 h16 g16 f16 b16 AndyandZeyu16 j15 e16 d16 i16 h18 e18 b18 c18 d18 g18 f18 j18 j17 AndyandZeyu18 i18 AndyandZeyu18 j17 j18 f18 g18 d18 c18 b18 e18 h18 i16 d16 e16 j15 AndyandZeyu16 b16 f16 g16 h16 c16 h14 e14 b14 d14 c14 g14 AndyandZeyu14 i14 f14 i12 f12 AndyandZeyu12 j11 c12 b12 h12 d12 e12 g12 i10 f10 j9 h10 AndyandZeyu10 e10 d10 c10 b10 g10 i8 AndyandZeyu8 j7 j8 f8 g8 d8 c8 b8 e8 h8 i6 d6 e6 j5 AndyandZeyu6 b6 f6 g6 h6 c6 h4 e4 b4 d4 c4 g4 AndyandZeyu4 i4 f4 e3 c3 b3 j3 g3 AndyandZeyu3 j1 e1 f1 AndyandZeyu1 b1 c1 g1 h1 i1 d1 i f e d h AndyandZeyu
100
f f
g g
h h
i i
j j
f0 f0
g0 g0
h0 h0
i0 i0
j0 j0
f1 f1
g1 g1
h1 h1
i1 i1
j1 j1
f2 f2
g2 g2
h2 h2
i2 i2
j2 j2
f3 f3
g3 g3
h3 h3
i3 i3
j3 j3
f4 f4
g4 g4
h4 h4
i4 i4
j4 j4
f5 f5
g5 g5
h5 h5
i5 i5
j5 j5
f6 f6
g6 g6
h6 h6
i6 i6
j6 j6
f7 f7
g7 g7
h7 h7
i7 i7
j7 j7
f8 f8
g8 g8
h8 h8
i8 i8
j8 j8
f9 f9
g9 g9
h9 h9
i9 i9
j9 j9
f10 f10
g10 g10
h10 h10
i10 i10
j10 j10
f11 f11
g11 g11
h11 h11
i11 i11
j11 j11
f12 f12
g12 g12
h12 h12
i12 i12
j12 j12
f13 f13
g13 g13
h13 h13
i13 i13
j13 j13
f14 f14
g14 g14
h14 h14
i14 i14
j14 j14
f15 f15
g15 g15
h15 h15
i15 i15
j15 j15
f16 f16
g16 g16
h16 h16
i16 i16
j16 j16
f17 f17
g17 g17
h17 h17
i17 i17
j17 j17
f18 f18
g18 g18
h18 h18
i18 i18
j18 j18
