AndyandZeyu g j c b h0 c0 d0 e0 f0 b0 i0 AndyandZeyu0 g0 j0 h2 f2 e2 i2 c2 d2 AndyandZeyu2 b2 g2 j2 f3 d3 h3 i3 g5 b5 c5 d5 e5 AndyandZeyu5 h5 j4 f5 i5 g7 e7 d7 h7 b7 c7 j6 AndyandZeyu7 f7 i7 f7 AndyandZeyu7 j6 c7 b7 h7 d7 e7 g7 i5 f5 j4 h5 AndyandZeyu5 e5 d5 c5 b5 g5 i3 h3 d3 f3 j2 g2 b2 AndyandZeyu2 d2 c2 i2 e2 f2 h2 j0 g0 AndyandZeyu0 i0 b0 f0 e0 d0 c0 h0 b c j g AndyandZeyu h d e f i d1 i1 h1 g1 c1 b1 AndyandZeyu1 f1 e1 j1 AndyandZeyu3 g3 j3 b3 c3 e3 f4 i4 AndyandZeyu4 g4 c4 d4 b4 e4 h4 c6 h6 g6 f6 b6 AndyandZeyu6 j5 e6 d6 i6 h8 e8 b8 c8 d8 g8 f8 j8 j7 AndyandZeyu8 i8 AndyandZeyu8 j7 j8 f8 g8 d8 c8 b8 e8 h8 i6 d6 e6 j5 AndyandZeyu6 b6 f6 g6 h6 c6 h4 e4 b4 d4 c4 g4 AndyandZeyu4 i4 f4 e3 c3 b3 j3 g3 AndyandZeyu3 j1 e1 f1 AndyandZeyu1 b1 c1 g1 h1 i1 d1 i f e d h AndyandZeyu
50
f f
g g
h h
i i
j j
f0 f0
g0 g0
h0 h0
i0 i0
j0 j0
f1 f1
g1 g1
h1 h1
i1 i1
j1 j1
f2 f2
g2 g2
h2 h2
i2 i2
j2 j2
f3 f3
g3 g3
h3 h3
i3 i3
j3 j3
f4 f4
g4 g4
h4 h4
i4 i4
j4 j4
f5 f5
g5 g5
h5 h5
i5 i5
j5 j5
f6 f6
g6 g6
h6 h6
i6 i6
j6 j6
f7 f7
g7 g7
h7 h7
i7 i7
j7 j7
f8 f8
g8 g8
h8 h8
i8 i8
j8 j8
