AndyandZeyu c j g d e f i d1 i1 h1 g1 c1 b1 AndyandZeyu1 f1 e1 j1 AndyandZeyu3 g3 j3 b3 c3 e3 c3 b3 j3 g3 AndyandZeyu3 j1 e1 f1 AndyandZeyu1 b1 c1 g1 h1 i1 d1 i f e d g j c AndyandZeyu h b h0 c0 d0 e0 f0 b0 i0 AndyandZeyu0 g0 j0 h2 f2 e2 i2 c2 d2 AndyandZeyu2 b2 g2 j2 f3 d3 h3 i3 h3 d3 f3 j2 g2 b2 AndyandZeyu2 d2 c2 i2 e2 f2 h2 j0 g0 AndyandZeyu0 i0 b0 f0 e0 d0 c0 h0 b h AndyandZeyu
25
f f
g g
h h
i i
j j
f0 f0
g0 g0
h0 h0
i0 i0
j0 j0
f1 f1
g1 g1
h1 h1
i1 i1
j1 j1
f2 f2
g2 g2
h2 h2
i2 i2
j2 j2
f3 f3
g3 g3
h3 h3
i3 i3
j3 j3
