A B C E G I L O Q R T U V X Y TA1 TA5 TA7 TA8 TA9 TA11 TA13 TA15 TA18 TA17 TA20 TA22 TA24 B1 D1 F1 K1 O1 N1 R1 Q1 T1 W1 Y1 TB1 TB11 TA41 TA111 TA141 TA131 TA161 TA171 TA211 TA221 TA211 TA171 TA161 TA131 TA141 TA111 TA41 TB11 TB1 Y1 W1 T1 Q1 R1 N1 O1 K1 F1 D1 B1 TA24 TA22 TA20 TA17 TA18 TA15 TA13 TA11 TA9 TA8 TA7 TA5 TA1 Y X V U T R Q O L I G E C B A D F H K J M N P S W TA TA2 TA3 TA6 TA4 TA10 TA12 TA14 TA16 TA19 TA21 TA23 A1 C1 E1 G1 I1 J1 H1 L1 M1 P1 S1 V1 U1 X1 TB21 TA51 TA31 TA61 TA81 TA71 TA101 TA91 TA121 TA151 TA181 TA191 TA201 TA231 TA241 TA231 TA201 TA191 TA181 TA151 TA121 TA91 TA101 TA71 TA81 TA61 TA31 TA51 TB21 X1 U1 V1 S1 P1 M1 L1 H1 J1 I1 G1 E1 C1 A1 TA23 TA21 TA19 TA16 TA14 TA12 TA10 TA4 TA6 TA3 TA2 TA W S P N M J K H F D A
50
TA TA
TA1 TA1
TA2 TA2
TA3 TA3
TA4 TA4
TA5 TA5
TA6 TA6
TA7 TA7
TA8 TA8
TA9 TA9
TA10 TA10
TA11 TA11
TA12 TA12
TA13 TA13
TA14 TA14
TA15 TA15
TA16 TA16
TA17 TA17
TA18 TA18
TA19 TA19
TA20 TA20
TA21 TA21
TA22 TA22
TA23 TA23
TA24 TA24
TB1 TB1
TB11 TB11
TB21 TB21
TA31 TA31
TA41 TA41
TA51 TA51
TA61 TA61
TA71 TA71
TA81 TA81
TA91 TA91
TA101 TA101
TA111 TA111
TA121 TA121
TA131 TA131
TA141 TA141
TA151 TA151
TA161 TA161
TA171 TA171
TA181 TA181
TA191 TA191
TA201 TA201
TA211 TA211
TA221 TA221
TA231 TA231
TA241 TA241
