0 199 190 192 193 192 190 199 0 1 2 3 4 5 6 7 8 9 10 11 12 13 14 15 16 17 18 19 23 22 20 24 25 26 27 21 31 30 29 28 36 35 34 33 32 37 38 39 40 41 42 43 51 50 49 48 47 46 44 45 53 54 52 55 56 57 58 59 60 61 66 67 68 69 73 65 64 63 62 70 71 72 81 80 79 78 77 76 74 82 83 84 85 86 75 87 88 90 93 92 91 89 98 99 94 95 96 97 100 101 102 103 108 104 105 106 107 111 110 109 113 112 114 115 116 117 118 119 120 125 124 123 122 121 126 127 128 129 130 137 138 147 151 152 153 154 155 156 150 149 148 136 135 134 133 132 131 140 141 142 143 144 139 146 145 158 159 160 161 157 164 165 166 167 168 169 170 171 172 162 163 173 177 176 175 174 179 178 180 181 182 183 184 185 186 187 188 189 194 195 196 191 198 197 198 191 196 195 194 189 188 187 186 185 184 183 182 181 180 178 179 174 175 176 177 173 163 162 172 171 170 169 168 167 166 165 164 157 161 160 159 158 145 146 139 144 143 142 141 140 131 132 133 134 135 136 148 149 150 156 155 154 153 152 151 147 138 137 130 129 128 127 126 121 122 123 124 125 120 119 118 117 116 115 114 112 113 109 110 111 107 106 105 104 108 103 102 101 100 97 96 95 94 99 98 89 91 92 93 90 88 87 75 86 85 84 83 82 74 76 77 78 79 80 81 72 71 70 62 63 64 65 73 69 68 67 66 61 60 59 58 57 56 55 52 54 53 45 44 46 47 48 49 50 51 43 42 41 40 39 38 37 32 33 34 35 36 28 29 30 31 21 27 26 25 24 20 22 23 19 18 17 16 15 14 13 12 11 10 9 8 7 6 5 4 3 2 1 0
50
2 2
7 7
17 17
4 4
15 15
23 23
25 25
30 30
33 33
40 40
42 42
44 44
48 48
53 53
56 56
54 54
64 64
67 67
72 72
76 76
83 83
86 86
87 87
91 91
94 94
99 99
101 101
105 105
108 108
114 114
120 120
124 124
127 127
130 130
136 136
142 142
146 146
148 148
154 154
172 172
168 168
158 158
163 163
182 182
186 186
178 178
176 176
192 192
194 194
198 198
