0 1 2 3 4 5 6 7 8 9 10 11 12 13 14 15 16 17 18 19 23 22 20 24 25 26 27 21 31 30 29 28 36 35 34 33 32 37 38 39 40 41 42 43 51 50 49 48 47 46 44 45 53 54 52 55 56 57 58 59 60 61 66 67 68 69 73 65 64 63 62 70 71 72 81 80 79 78 77 76 74 82 83 84 85 86 75 87 75 86 85 84 83 82 74 76 77 78 79 80 81 72 71 70 62 63 64 65 73 69 68 67 66 61 60 59 58 57 56 55 52 54 53 45 44 46 47 48 49 50 51 43 42 41 40 39 38 37 32 33 34 35 36 28 29 30 31 21 27 26 25 24 20 22 23 19 18 17 16 15 14 13 12 11 10 9 8 7 6 5 4 3 2 1 0 99 96 95 94 93 92 91 90 89 88 97 98 97 88 89 90 91 92 93 94 95 96 99 0
25
2 2
7 7
17 17
4 4
15 15
23 23
25 25
30 30
33 33
40 40
42 42
44 44
48 48
53 53
56 56
54 54
64 64
67 67
72 72
76 76
83 83
86 86
87 87
96 96
98 98
