MfdzFvsdGbvl BbyhqvohDUZK aHWPEwFhStur tuAWqVDVesZP sHmvjcbScYOJ OxOMbLimJOmd pQCFwcmaYfTN noaMakAlHdwq PvZWLvSzyZfH UVLyMXgqTFaJ MLnLJmQHwuOS RabcWXICLpRH oFUEyQPISWry buqjmAINqGzN TMtqGHcSigHN mmMjGkvjTCoD ehvwzEqdJOJs PnbamVANEguC hypFtIVCahEe CuwogbndJgoN deJmWrylVSGK syZneDWxHZbv NSRMVzMbujAG TNZEyWBHGREz axLiuEEXvnsQ DvRTDyBMOCbT BxGViQLocTbz SgyAcloZDNJV arcJTkwUqbUy UUfgFbkMxjKZ rVqgoVgUmLRB GuSSYBNHDbKE uFHfCerNFIme SyelSPMftDaa EHsjieLYFsXi dFUHctNjrywb GXOXpdorUaOT EKlhdWMAwsNS GKWfMfVZxbJi avuRLTuajeOl dTiZHahuktjU avuRLTuajeOl GKWfMfVZxbJi EKlhdWMAwsNS GXOXpdorUaOT dFUHctNjrywb EHsjieLYFsXi SyelSPMftDaa uFHfCerNFIme GuSSYBNHDbKE rVqgoVgUmLRB UUfgFbkMxjKZ arcJTkwUqbUy SgyAcloZDNJV BxGViQLocTbz DvRTDyBMOCbT axLiuEEXvnsQ TNZEyWBHGREz NSRMVzMbujAG syZneDWxHZbv deJmWrylVSGK CuwogbndJgoN hypFtIVCahEe PnbamVANEguC ehvwzEqdJOJs mmMjGkvjTCoD TMtqGHcSigHN buqjmAINqGzN oFUEyQPISWry RabcWXICLpRH MLnLJmQHwuOS UVLyMXgqTFaJ PvZWLvSzyZfH noaMakAlHdwq pQCFwcmaYfTN OxOMbLimJOmd sHmvjcbScYOJ tuAWqVDVesZP aHWPEwFhStur BbyhqvohDUZK MfdzFvsdGbvl VoNfUrKVVTmI TRkvIqPveIxn rrRAqFcoDYfk jQrllEpFyFwz VARFNCcqfgIc MTGbHUkgheIT hyNIuUiwmDQV QifLRRQkbeZy VyXrTLUcizAa qcdkpkNqqMWI plKUVNXwKfVb aBJRRPhsiAKx FwMUcwhoFAni RICmsRCgzRsB TbekQRoKcInv QPEIZKGvnFvj tywOQDwDhjwZ FGVxzATBToEc PQTqeEtJjrHq IHnRSACwPeSd hLGIbMiwjPgd tJMNrevGrvUO uGMlduvuPOls TKYUSygHfBDR AGbRQRBgaOdX MkUBuIisCVpZ mFYKjQfCsRtT nOAOIuLzBRCw AMizjBPjmCZd FBJfxxErGDSJ ByOIdNUscaaI lFgwKopYqWSC sHOyjNqQLXTd XdsuYjiPexAe afQyzVRujUXw jBrNTBMPxyQD MOpktZzuQRCH DAmjVaIibnaw wARTgiJzMSWu GemeldahvdVv pWbJtVdThhym ZjfLZjjegWJT PUcvIgREsriS QHpWWcCYavdw EoEdLMroSPNp XwUlFDTbjpNE mghmklyBsbHa NlmuUUVQUbgI dDFWxTbuPymh LkEUjKFNAyBd SojgLCNtJNvq ymJllvoAiAsf FCrKCfVsEsBk pkzKsTORVYro NtVMseWKItey mtRsLIzrlNLu BkcPMTugAswL DFscNnuMhxUC hCxjbMrSlUJQ DFscNnuMhxUC BkcPMTugAswL mtRsLIzrlNLu NtVMseWKItey pkzKsTORVYro FCrKCfVsEsBk ymJllvoAiAsf SojgLCNtJNvq LkEUjKFNAyBd dDFWxTbuPymh NlmuUUVQUbgI mghmklyBsbHa XwUlFDTbjpNE EoEdLMroSPNp QHpWWcCYavdw PUcvIgREsriS ZjfLZjjegWJT pWbJtVdThhym GemeldahvdVv wARTgiJzMSWu DAmjVaIibnaw MOpktZzuQRCH jBrNTBMPxyQD afQyzVRujUXw XdsuYjiPexAe sHOyjNqQLXTd lFgwKopYqWSC ByOIdNUscaaI FBJfxxErGDSJ AMizjBPjmCZd nOAOIuLzBRCw mFYKjQfCsRtT MkUBuIisCVpZ AGbRQRBgaOdX TKYUSygHfBDR uGMlduvuPOls tJMNrevGrvUO hLGIbMiwjPgd IHnRSACwPeSd PQTqeEtJjrHq FGVxzATBToEc tywOQDwDhjwZ QPEIZKGvnFvj TbekQRoKcInv RICmsRCgzRsB FwMUcwhoFAni aBJRRPhsiAKx plKUVNXwKfVb qcdkpkNqqMWI VyXrTLUcizAa QifLRRQkbeZy hyNIuUiwmDQV MTGbHUkgheIT VARFNCcqfgIc jQrllEpFyFwz rrRAqFcoDYfk TRkvIqPveIxn VoNfUrKVVTmI MfdzFvsdGbvl
50
BbyhqvohDUZK BbyhqvohDUZK
ymJllvoAiAsf ymJllvoAiAsf
ZjfLZjjegWJT ZjfLZjjegWJT
VARFNCcqfgIc VARFNCcqfgIc
QifLRRQkbeZy QifLRRQkbeZy
rVqgoVgUmLRB rVqgoVgUmLRB
noaMakAlHdwq noaMakAlHdwq
DFscNnuMhxUC DFscNnuMhxUC
dDFWxTbuPymh dDFWxTbuPymh
VyXrTLUcizAa VyXrTLUcizAa
rrRAqFcoDYfk rrRAqFcoDYfk
PvZWLvSzyZfH PvZWLvSzyZfH
MLnLJmQHwuOS MLnLJmQHwuOS
DvRTDyBMOCbT DvRTDyBMOCbT
PUcvIgREsriS PUcvIgREsriS
TbekQRoKcInv TbekQRoKcInv
arcJTkwUqbUy arcJTkwUqbUy
tywOQDwDhjwZ tywOQDwDhjwZ
hLGIbMiwjPgd hLGIbMiwjPgd
MkUBuIisCVpZ MkUBuIisCVpZ
uFHfCerNFIme uFHfCerNFIme
hCxjbMrSlUJQ hCxjbMrSlUJQ
AMizjBPjmCZd AMizjBPjmCZd
FCrKCfVsEsBk FCrKCfVsEsBk
mFYKjQfCsRtT mFYKjQfCsRtT
buqjmAINqGzN buqjmAINqGzN
dFUHctNjrywb dFUHctNjrywb
PnbamVANEguC PnbamVANEguC
GuSSYBNHDbKE GuSSYBNHDbKE
QHpWWcCYavdw QHpWWcCYavdw
RICmsRCgzRsB RICmsRCgzRsB
plKUVNXwKfVb plKUVNXwKfVb
jBrNTBMPxyQD jBrNTBMPxyQD
GemeldahvdVv GemeldahvdVv
pQCFwcmaYfTN pQCFwcmaYfTN
PQTqeEtJjrHq PQTqeEtJjrHq
axLiuEEXvnsQ axLiuEEXvnsQ
deJmWrylVSGK deJmWrylVSGK
GKWfMfVZxbJi GKWfMfVZxbJi
NlmuUUVQUbgI NlmuUUVQUbgI
mtRsLIzrlNLu mtRsLIzrlNLu
pkzKsTORVYro pkzKsTORVYro
MOpktZzuQRCH MOpktZzuQRCH
SgyAcloZDNJV SgyAcloZDNJV
AGbRQRBgaOdX AGbRQRBgaOdX
SojgLCNtJNvq SojgLCNtJNvq
UVLyMXgqTFaJ UVLyMXgqTFaJ
BkcPMTugAswL BkcPMTugAswL
IHnRSACwPeSd IHnRSACwPeSd
EoEdLMroSPNp EoEdLMroSPNp
