MHnVCXOJJwOI dKDljXfjimQu KKNtdnAHmUpc AZrILCuGwbtV FghBNnxlptiY PaWasRDhTGLg PCNGxUSnzrYJ GOzHydHgDvru cXYRsTNMJDHO RWoTZCNhceUR NkzUoyRYPnbb DGewetxtXjTj GJubAWGDHDpt UAhLDhBNYkFI VBMFkbrPCjxa aPIwxDrzUkSj NmmqQKqzdERM MlFqcqjWiUdI NmmqQKqzdERM aPIwxDrzUkSj VBMFkbrPCjxa UAhLDhBNYkFI GJubAWGDHDpt DGewetxtXjTj NkzUoyRYPnbb RWoTZCNhceUR cXYRsTNMJDHO GOzHydHgDvru PCNGxUSnzrYJ PaWasRDhTGLg FghBNnxlptiY AZrILCuGwbtV KKNtdnAHmUpc dKDljXfjimQu MHnVCXOJJwOI UvfnFwkwYqFk UQfRaVuMahIZ phTlHtTwrYOU FhVNapbaoZOZ DtMLcnKexBbF jUXDlSgJaReC JCPkGQQBkgge lLzUdHIgNEWg QvZmZiRVxtKV ECMlxrWZECRR YjcHSWuOcQIw svpVoYHpEpjH wqtmadANCdBE DzynwWJrrvdk IhlWYkABMGAA SPoMbAzxrqrj EBzAvcxWSvqV ylmNfOGBFkcD xXFXuzbZwCaf GoPPViXuIoMW oClepMbylsqk iBzfnTemabxr ilCjMogPnNTK YbGvPudTcbyh bVDkAfQbeTmx crcFIKqbaYTC GLfJulJDWdHA SJPfUQrbAbqM jmWqilJNXyuV KhOySTFpTHBN ltlOmMSvjmIL YfpLHnDpSXzc ltlOmMSvjmIL KhOySTFpTHBN jmWqilJNXyuV SJPfUQrbAbqM GLfJulJDWdHA crcFIKqbaYTC bVDkAfQbeTmx YbGvPudTcbyh ilCjMogPnNTK iBzfnTemabxr oClepMbylsqk GoPPViXuIoMW xXFXuzbZwCaf ylmNfOGBFkcD EBzAvcxWSvqV SPoMbAzxrqrj IhlWYkABMGAA DzynwWJrrvdk wqtmadANCdBE svpVoYHpEpjH YjcHSWuOcQIw ECMlxrWZECRR QvZmZiRVxtKV lLzUdHIgNEWg JCPkGQQBkgge jUXDlSgJaReC DtMLcnKexBbF FhVNapbaoZOZ phTlHtTwrYOU UQfRaVuMahIZ UvfnFwkwYqFk MHnVCXOJJwOI
25
SJPfUQrbAbqM SJPfUQrbAbqM
svpVoYHpEpjH svpVoYHpEpjH
PCNGxUSnzrYJ PCNGxUSnzrYJ
JCPkGQQBkgge JCPkGQQBkgge
AZrILCuGwbtV AZrILCuGwbtV
SPoMbAzxrqrj SPoMbAzxrqrj
KKNtdnAHmUpc KKNtdnAHmUpc
jmWqilJNXyuV jmWqilJNXyuV
MlFqcqjWiUdI MlFqcqjWiUdI
oClepMbylsqk oClepMbylsqk
phTlHtTwrYOU phTlHtTwrYOU
YfpLHnDpSXzc YfpLHnDpSXzc
NkzUoyRYPnbb NkzUoyRYPnbb
FhVNapbaoZOZ FhVNapbaoZOZ
bVDkAfQbeTmx bVDkAfQbeTmx
ilCjMogPnNTK ilCjMogPnNTK
crcFIKqbaYTC crcFIKqbaYTC
RWoTZCNhceUR RWoTZCNhceUR
NmmqQKqzdERM NmmqQKqzdERM
UvfnFwkwYqFk UvfnFwkwYqFk
GLfJulJDWdHA GLfJulJDWdHA
YbGvPudTcbyh YbGvPudTcbyh
cXYRsTNMJDHO cXYRsTNMJDHO
ltlOmMSvjmIL ltlOmMSvjmIL
GoPPViXuIoMW GoPPViXuIoMW
