IvOdahrtFwzZ WUqhotrexTBp hzeJgpwlnaPA cpNycWVdmzHJ vRfpxkfTkxRJ WnABnktZDxMx aSwTAVmQLJow zOkfhFVfOKVi UYTxhnOtiPHB etbjZlqcYdPF gYafjiXtvxVV YQysVrjIrQBg pjemGRILnFei RQBxIsRWzmfl SKbQkQUhqQEt zcAOlsVDUDkc qlMzHEurfTvO HOzyAfsDoQkb uaSeXTkrhIdS lznMKRYSMheH XwPJYwaGcHxO OaFvNWZuTHit touUfboeiIya nxbMBCPhfQij yFQWQWtUUMle kBTyfVdYeRhI YvLRANdegrdA qxhFFIUEfnzV cwlLlHKYSHkG EUIZeYDuGKec CridpdwZYWlJ IviCzjPvcCWR ijfgIidkipEb ctZWqndwhbJm hLCSOZLNEdhX xXoCKkdkKAne nyTRNDRCsANl cRekprdsHHWw quZcTYtpBjSn yHOsEGOhjOLt JpwDMOwQmqOp vYrcfWFBiWlY EOKLHvbbCToE NxxrxPgsnMqG hPSXtHMMyKAK YIFfrMiRNqqd HCSFPVkAlsKL KIFXVOTzTwvk AJnswnydWveO HVwGkspnDHbf jXfRZxvlYeVi REAQGzcNgDIR pJYrGRIbLWnD FkNlSGMBOUbz TKKLChjfijhn LpugZyvqxfmq wXjNgGRCXYRl UGahWpWtmUQn KpiCGGuakHIr OBeTLVdzIcuJ ubtvaUeVUfmV gkTmCiZxFrJw PFpQuVVRxbvV sTgUExIipvWV RGYiIUdVAiVL YGzazHdyrGCd gJMLzBkWmUoV WWtfhwMSzfGW NMSHhfMtAJZb jUpZsMKPsWME evYbQMSKanfJ WHSGrQQrrotE KxsKsdmykxTa QFfSmYtuSTPl sHrtHYtDRNZd AQgpWBullbIi OoWDPDlyJyRc AQgpWBullbIi sHrtHYtDRNZd QFfSmYtuSTPl KxsKsdmykxTa WHSGrQQrrotE evYbQMSKanfJ jUpZsMKPsWME NMSHhfMtAJZb WWtfhwMSzfGW gJMLzBkWmUoV YGzazHdyrGCd RGYiIUdVAiVL sTgUExIipvWV PFpQuVVRxbvV gkTmCiZxFrJw ubtvaUeVUfmV OBeTLVdzIcuJ KpiCGGuakHIr UGahWpWtmUQn wXjNgGRCXYRl LpugZyvqxfmq TKKLChjfijhn FkNlSGMBOUbz pJYrGRIbLWnD REAQGzcNgDIR jXfRZxvlYeVi HVwGkspnDHbf AJnswnydWveO KIFXVOTzTwvk HCSFPVkAlsKL YIFfrMiRNqqd hPSXtHMMyKAK NxxrxPgsnMqG EOKLHvbbCToE vYrcfWFBiWlY JpwDMOwQmqOp yHOsEGOhjOLt quZcTYtpBjSn cRekprdsHHWw nyTRNDRCsANl xXoCKkdkKAne hLCSOZLNEdhX ctZWqndwhbJm ijfgIidkipEb IviCzjPvcCWR CridpdwZYWlJ EUIZeYDuGKec cwlLlHKYSHkG qxhFFIUEfnzV YvLRANdegrdA kBTyfVdYeRhI yFQWQWtUUMle nxbMBCPhfQij touUfboeiIya OaFvNWZuTHit XwPJYwaGcHxO lznMKRYSMheH uaSeXTkrhIdS HOzyAfsDoQkb qlMzHEurfTvO zcAOlsVDUDkc SKbQkQUhqQEt RQBxIsRWzmfl pjemGRILnFei YQysVrjIrQBg gYafjiXtvxVV etbjZlqcYdPF UYTxhnOtiPHB zOkfhFVfOKVi aSwTAVmQLJow WnABnktZDxMx vRfpxkfTkxRJ cpNycWVdmzHJ hzeJgpwlnaPA WUqhotrexTBp IvOdahrtFwzZ fblrDraNAUxK IQvKLYGCcCbd awuknolWPSuP PNaoBNxIbrgW GvyjKkGcUdcI XfSacrjXjxeP vfHFyZGRGvFq tARvBeqQDqSY HEwqlaeMfSzl xogpFjQUGEgg PWbkkHsInEnz jXOmYlZmvqnI nKmMbiEuiffc cyrwHgrhPvZj WsLfQLsirtHk fiHhqLtPfdZy aSpDrTbKBytW geAceFJePWbe zCWezcJmUGqs nlzJUuBrsbXD dLJIzYxbuChF QxNjgiXciQma ybLCwZqVZKud EnxwoQoiuLow uzYTzVwixczQ PwUziuAPbAPX KtoZVrQmJWki yVSfaizVeLPT LNoKVqXhLEzn AoaIXEzdsCrm mvdksSctoMVi ppfBOAvWYXyJ eTrfywteWUJB OIjApACwnyqG NRXmrTGBWSuj cQMSBGdRWmjB xIUhUxhCILsJ EKWhDcEeEkGK dXlgwkdKhUmB JUgFfUYYdpcT iCJxwFELfPya BujzcwTOtypK QZQElPdcHxru MaGBJGHdxMeh etjGizhQhrRW jXgKDXnEJsra RsVDBpPbAfPa LdhPogfUCfUq uZQOmtLXDMXl IfTQNEFsiTgr iMiJLkYtEKFU oKIKkmsSWzmH wHeDieHMYzAK cnCYHfWEzHVB IcNVObbuvzWY ygJsJPbdLfFP SnErwRYEuFXf zypYDSZfKAvD lIUKVwoOnEyc FoZLfdSCJZDk AhJBAeSEuUkL VwnDoOCMNNaS cxysDYemjhta VNEqJngxzCUO EwXugPkGUVkm kYuPQHaafCxH KxaXxWtllfGF cQFNlImsTWTM lRgeGnDJBtMa tkrkUtkDqJLy WUHzPIhaINNz UHctRHiZQkpZ xPYMCFkusDSL JQPenlkqwStc TAclfZjkIgUg nschEYWjrAsr ypApeqMQPnQA TTwdgXpOLyxF TglqUXfjbefC RPXFDLrswDGU tFUGlRwdZPSe kzPlYxPdIHVo ijesYrTHxMcg PKHkuTHeRXhO WRiugWLCujBI BdgcPRHAevMd RfMVccrsgetv LTAwItzHPRQl PiGAjicuPBgs aXlcDzbXwAJW ocysUjOwnenm idefWDKaqcyp YyCbFndgmpDL TZmWJenJbEsV sFSBpaJxLpBT ZPYnROAizafx sCsqHQtCOoXA mgKEFEWheOqk qFGlIHDqKyPA FLSRuaDcxhdD JNoAmCxHcsYw AuldkFyUpsYo ynBAbhbIrUei gXcuqckdTdIP evRMhyiHKGXv qMdmyWbGDdGe oOIjuHJcVRiV AEFrBHnTsTIs FenKhdsiadPr rmWPWcGZXZMo gOaXChSIRMdR VZiXnxYZQNVo DiKlonktcqTP WVsMYkBGdGiy RIFFwQFTnqDn XUPTpPSzeKdd QDhUZstsJKtV DarYoJPRvpJy vkOqMvrCUWYf mZUBOQTZyXOM LlIlpKJAPkkQ dGbWKexeVDcw buPIQiRvirDG dGbWKexeVDcw LlIlpKJAPkkQ mZUBOQTZyXOM vkOqMvrCUWYf DarYoJPRvpJy QDhUZstsJKtV XUPTpPSzeKdd RIFFwQFTnqDn WVsMYkBGdGiy DiKlonktcqTP VZiXnxYZQNVo gOaXChSIRMdR rmWPWcGZXZMo FenKhdsiadPr AEFrBHnTsTIs oOIjuHJcVRiV qMdmyWbGDdGe evRMhyiHKGXv gXcuqckdTdIP ynBAbhbIrUei AuldkFyUpsYo JNoAmCxHcsYw FLSRuaDcxhdD qFGlIHDqKyPA mgKEFEWheOqk sCsqHQtCOoXA ZPYnROAizafx sFSBpaJxLpBT TZmWJenJbEsV YyCbFndgmpDL idefWDKaqcyp ocysUjOwnenm aXlcDzbXwAJW PiGAjicuPBgs LTAwItzHPRQl RfMVccrsgetv BdgcPRHAevMd WRiugWLCujBI PKHkuTHeRXhO ijesYrTHxMcg kzPlYxPdIHVo tFUGlRwdZPSe RPXFDLrswDGU TglqUXfjbefC TTwdgXpOLyxF ypApeqMQPnQA nschEYWjrAsr TAclfZjkIgUg JQPenlkqwStc xPYMCFkusDSL UHctRHiZQkpZ WUHzPIhaINNz tkrkUtkDqJLy lRgeGnDJBtMa cQFNlImsTWTM KxaXxWtllfGF kYuPQHaafCxH EwXugPkGUVkm VNEqJngxzCUO cxysDYemjhta VwnDoOCMNNaS AhJBAeSEuUkL FoZLfdSCJZDk lIUKVwoOnEyc zypYDSZfKAvD SnErwRYEuFXf ygJsJPbdLfFP IcNVObbuvzWY cnCYHfWEzHVB wHeDieHMYzAK oKIKkmsSWzmH iMiJLkYtEKFU IfTQNEFsiTgr uZQOmtLXDMXl LdhPogfUCfUq RsVDBpPbAfPa jXgKDXnEJsra etjGizhQhrRW MaGBJGHdxMeh QZQElPdcHxru BujzcwTOtypK iCJxwFELfPya JUgFfUYYdpcT dXlgwkdKhUmB EKWhDcEeEkGK xIUhUxhCILsJ cQMSBGdRWmjB NRXmrTGBWSuj OIjApACwnyqG eTrfywteWUJB ppfBOAvWYXyJ mvdksSctoMVi AoaIXEzdsCrm LNoKVqXhLEzn yVSfaizVeLPT KtoZVrQmJWki PwUziuAPbAPX uzYTzVwixczQ EnxwoQoiuLow ybLCwZqVZKud QxNjgiXciQma dLJIzYxbuChF nlzJUuBrsbXD zCWezcJmUGqs geAceFJePWbe aSpDrTbKBytW fiHhqLtPfdZy WsLfQLsirtHk cyrwHgrhPvZj nKmMbiEuiffc jXOmYlZmvqnI PWbkkHsInEnz xogpFjQUGEgg HEwqlaeMfSzl tARvBeqQDqSY vfHFyZGRGvFq XfSacrjXjxeP GvyjKkGcUdcI PNaoBNxIbrgW awuknolWPSuP IQvKLYGCcCbd fblrDraNAUxK IvOdahrtFwzZ
100
qxhFFIUEfnzV qxhFFIUEfnzV
jXOmYlZmvqnI jXOmYlZmvqnI
touUfboeiIya touUfboeiIya
fiHhqLtPfdZy fiHhqLtPfdZy
zypYDSZfKAvD zypYDSZfKAvD
UGahWpWtmUQn UGahWpWtmUQn
PFpQuVVRxbvV PFpQuVVRxbvV
WsLfQLsirtHk WsLfQLsirtHk
WRiugWLCujBI WRiugWLCujBI
ybLCwZqVZKud ybLCwZqVZKud
RGYiIUdVAiVL RGYiIUdVAiVL
NxxrxPgsnMqG NxxrxPgsnMqG
vkOqMvrCUWYf vkOqMvrCUWYf
PKHkuTHeRXhO PKHkuTHeRXhO
ppfBOAvWYXyJ ppfBOAvWYXyJ
cQFNlImsTWTM cQFNlImsTWTM
ubtvaUeVUfmV ubtvaUeVUfmV
QDhUZstsJKtV QDhUZstsJKtV
IQvKLYGCcCbd IQvKLYGCcCbd
nlzJUuBrsbXD nlzJUuBrsbXD
gkTmCiZxFrJw gkTmCiZxFrJw
zOkfhFVfOKVi zOkfhFVfOKVi
GvyjKkGcUdcI GvyjKkGcUdcI
TglqUXfjbefC TglqUXfjbefC
HEwqlaeMfSzl HEwqlaeMfSzl
EwXugPkGUVkm EwXugPkGUVkm
gXcuqckdTdIP gXcuqckdTdIP
XwPJYwaGcHxO XwPJYwaGcHxO
SKbQkQUhqQEt SKbQkQUhqQEt
WUqhotrexTBp WUqhotrexTBp
WHSGrQQrrotE WHSGrQQrrotE
TZmWJenJbEsV TZmWJenJbEsV
evRMhyiHKGXv evRMhyiHKGXv
lznMKRYSMheH lznMKRYSMheH
zcAOlsVDUDkc zcAOlsVDUDkc
IfTQNEFsiTgr IfTQNEFsiTgr
oKIKkmsSWzmH oKIKkmsSWzmH
nschEYWjrAsr nschEYWjrAsr
sFSBpaJxLpBT sFSBpaJxLpBT
RQBxIsRWzmfl RQBxIsRWzmfl
jXgKDXnEJsra jXgKDXnEJsra
xXoCKkdkKAne xXoCKkdkKAne
lRgeGnDJBtMa lRgeGnDJBtMa
qFGlIHDqKyPA qFGlIHDqKyPA
fblrDraNAUxK fblrDraNAUxK
WnABnktZDxMx WnABnktZDxMx
AoaIXEzdsCrm AoaIXEzdsCrm
EOKLHvbbCToE EOKLHvbbCToE
cpNycWVdmzHJ cpNycWVdmzHJ
ocysUjOwnenm ocysUjOwnenm
yHOsEGOhjOLt yHOsEGOhjOLt
UYTxhnOtiPHB UYTxhnOtiPHB
nKmMbiEuiffc nKmMbiEuiffc
ctZWqndwhbJm ctZWqndwhbJm
TTwdgXpOLyxF TTwdgXpOLyxF
mvdksSctoMVi mvdksSctoMVi
yVSfaizVeLPT yVSfaizVeLPT
ypApeqMQPnQA ypApeqMQPnQA
NMSHhfMtAJZb NMSHhfMtAJZb
hLCSOZLNEdhX hLCSOZLNEdhX
qlMzHEurfTvO qlMzHEurfTvO
JpwDMOwQmqOp JpwDMOwQmqOp
gJMLzBkWmUoV gJMLzBkWmUoV
wXjNgGRCXYRl wXjNgGRCXYRl
HVwGkspnDHbf HVwGkspnDHbf
hPSXtHMMyKAK hPSXtHMMyKAK
sTgUExIipvWV sTgUExIipvWV
mgKEFEWheOqk mgKEFEWheOqk
YGzazHdyrGCd YGzazHdyrGCd
IcNVObbuvzWY IcNVObbuvzWY
QxNjgiXciQma QxNjgiXciQma
uzYTzVwixczQ uzYTzVwixczQ
quZcTYtpBjSn quZcTYtpBjSn
zCWezcJmUGqs zCWezcJmUGqs
YvLRANdegrdA YvLRANdegrdA
WWtfhwMSzfGW WWtfhwMSzfGW
nyTRNDRCsANl nyTRNDRCsANl
KtoZVrQmJWki KtoZVrQmJWki
LNoKVqXhLEzn LNoKVqXhLEzn
ZPYnROAizafx ZPYnROAizafx
AQgpWBullbIi AQgpWBullbIi
AhJBAeSEuUkL AhJBAeSEuUkL
QFfSmYtuSTPl QFfSmYtuSTPl
tARvBeqQDqSY tARvBeqQDqSY
pjemGRILnFei pjemGRILnFei
EKWhDcEeEkGK EKWhDcEeEkGK
yFQWQWtUUMle yFQWQWtUUMle
JNoAmCxHcsYw JNoAmCxHcsYw
aXlcDzbXwAJW aXlcDzbXwAJW
oOIjuHJcVRiV oOIjuHJcVRiV
mZUBOQTZyXOM mZUBOQTZyXOM
cRekprdsHHWw cRekprdsHHWw
FkNlSGMBOUbz FkNlSGMBOUbz
wHeDieHMYzAK wHeDieHMYzAK
dXlgwkdKhUmB dXlgwkdKhUmB
OIjApACwnyqG OIjApACwnyqG
nxbMBCPhfQij nxbMBCPhfQij
aSpDrTbKBytW aSpDrTbKBytW
QZQElPdcHxru QZQElPdcHxru
DiKlonktcqTP DiKlonktcqTP
