3 10 77 92 23 12 54 16 45 61 50 89 87 78 94 20 86 24 100 37 70 18 42 98 96 48 64 5 62 49 79 46 60 27 43 53 81 52 97 51 83 67 59 56 76 47 6 28 19 57 30 39 33 2 93 99 73 84 36 88 63 65 55 8 29 68 66 74 41 11 58 38 32 72 75 31 90 82 71 80 13 44 69 15 1 95 40 91 21 91 40 95 1 15 69 44 13 80 71 82 90 31 75 72 32 38 58 11 41 74 66 68 29 8 55 65 63 88 36 84 73 99 93 2 33 39 30 57 19 28 6 47 76 56 59 67 83 51 97 52 81 53 43 27 60 46 79 49 62 5 64 48 96 98 42 18 70 37 100 24 86 20 94 78 87 89 50 61 45 16 54 12 23 92 77 10 3 9 4 7 22 26 34 14 17 35 25 85 25 35 17 14 34 26 22 7 4 9 3
25
5 5
100 100
32 32
36 36
57 57
77 77
67 67
79 79
90 90
21 21
12 12
84 84
95 95
31 31
25 25
59 59
69 69
56 56
10 10
54 54
49 49
92 92
45 45
88 88
52 52
