5 1 14 72 47 33 63 2 132 125 43 87 86 77 46 26 67 21 110 97 117 91 115 78 69 27 56 12 61 84 100 59 44 34 90 196 188 3 36 32 40 50 74 160 181 108 176 199 178 25 51 55 98 161 151 31 112 99 52 71 81 54 18 45 192 183 191 152 128 139 124 94 68 85 105 92 144 28 42 58 10 106 138 127 119 158 79 141 142 186 169 147 198 171 118 136 168 172 133 131 38 53 20 76 19 107 116 103 30 96 73 114 89 109 123 140 80 24 23 8 22 17 37 9 16 13 95 93 88 35 29 41 48 39 64 155 187 153 143 70 111 137 130 150 146 175 62 104 157 113 4 66 82 134 57 49 101 7 102 197 185 194 193 60 65 129 126 159 148 120 83 156 174 145 75 149 164 166 182 121 122 173 154 177 179 167 135 184 170 162 165 180 195 200 163 11 6 15 189 15 6 11 163 200 195 180 165 162 170 184 135 167 179 177 154 173 122 121 182 166 164 149 75 145 174 156 83 120 148 159 126 129 65 60 193 194 185 197 102 7 101 49 57 134 82 66 4 113 157 104 62 175 146 150 130 137 111 70 143 153 187 155 64 39 48 41 29 35 88 93 95 13 16 9 37 17 22 8 23 24 80 140 123 109 89 114 73 96 30 103 116 107 19 76 20 53 38 131 133 172 168 136 118 171 198 147 169 186 142 141 79 158 119 127 138 106 10 58 42 28 144 92 105 85 68 94 124 139 128 152 191 183 192 45 18 54 81 71 52 99 112 31 151 161 98 55 51 25 178 199 176 108 181 160 74 50 40 32 36 3 188 196 90 34 44 59 100 84 61 12 56 27 69 78 115 91 117 97 110 21 67 26 46 77 86 87 43 125 132 2 63 33 47 72 14 1 5 190 5
50
130 130
147 147
16 16
177 177
27 27
1 1
100 100
35 35
122 122
79 79
115 115
157 157
20 20
8 8
149 149
185 185
188 188
97 97
55 55
46 46
108 108
190 190
58 58
42 42
196 196
137 137
112 112
93 93
50 50
117 117
197 197
159 159
170 170
102 102
83 83
82 82
66 66
91 91
182 182
164 164
78 78
124 124
69 69
103 103
92 92
89 89
198 198
106 106
38 38
168 168
