0 65 147 21 20 34 134 194 191 111 63 90 28 36 114 124 49 37 85 149 93 71 24 121 156 99 152 9 82 3 169 198 73 59 183 103 40 142 176 66 160 55 33 13 197 23 150 38 193 43 193 38 150 23 197 13 33 55 160 66 176 142 40 103 183 59 73 198 169 3 82 9 152 99 156 121 24 71 93 149 85 37 49 124 114 36 28 90 63 111 191 194 134 34 20 21 147 65 0 154 175 64 75 91 116 12 62 29 53 157 88 174 72 52 122 143 132 118 16 192 81 139 129 159 136 11 14 186 105 158 181 137 153 27 39 133 86 177 178 67 151 131 145 130 10 119 182 31 96 173 7 188 128 126 8 102 196 79 51 74 163 1 77 47 179 58 46 140 83 50 166 108 92 180 187 94 32 138 184 172 17 87 101 68 84 127 100 135 60 110 69 80 57 164 141 104 167 70 195 44 146 107 48 15 97 115 199 165 54 26 113 61 25 78 18 171 148 76 5 19 161 56 106 89 95 30 41 123 45 120 117 190 185 125 189 4 109 162 168 22 155 144 2 6 98 42 35 170 112 170 35 42 98 6 2 144 155 22 168 162 109 4 189 125 185 190 117 120 45 123 41 30 95 89 106 56 161 19 5 76 148 171 18 78 25 61 113 26 54 165 199 115 97 15 48 107 146 44 195 70 167 104 141 164 57 80 69 110 60 135 100 127 84 68 101 87 17 172 184 138 32 94 187 180 92 108 166 50 83 140 46 58 179 47 77 1 163 74 51 79 196 102 8 126 128 188 7 173 96 31 182 119 10 130 145 131 151 67 178 177 86 133 39 27 153 137 181 158 105 186 14 11 136 159 129 139 81 192 16 118 132 143 122 52 72 174 88 157 53 29 62 12 116 91 75 64 175 154 0
100
173 173
124 124
164 164
79 79
6 6
80 80
1 1
135 135
179 179
110 110
18 18
35 35
160 160
193 193
50 50
129 129
147 147
140 140
42 42
171 171
26 26
150 150
119 119
91 91
108 108
123 123
138 138
21 21
96 96
152 152
101 101
73 73
87 87
158 158
111 111
104 104
22 22
178 178
142 142
31 31
38 38
156 156
161 161
145 145
168 168
184 184
83 83
95 95
162 162
9 9
56 56
16 16
30 30
5 5
17 17
40 40
60 60
59 59
187 187
27 27
196 196
163 163
36 36
194 194
102 102
25 25
189 189
71 71
109 109
12 12
67 67
68 68
10 10
61 61
89 89
157 157
122 122
34 34
136 136
55 55
24 24
118 118
105 105
151 151
49 49
172 172
155 155
23 23
11 11
141 141
7 7
198 198
93 93
144 144
15 15
66 66
39 39
62 62
75 75
130 130
