0 66 28 88 55 32 13 98 57 93 7 39 11 46 95 89 54 23 92 35 82 48 40 63 59 27 68 83 18 69 24 79 91 87 19 77 60 9 84 65 73 17 1 85 49 75 71 52 50 74 80 74 50 52 71 75 49 85 1 17 73 65 84 9 60 77 19 87 91 79 24 69 18 83 68 27 59 63 40 48 82 35 92 23 54 89 95 46 11 39 7 93 57 98 13 32 55 88 28 66 0 20 31 26 47 86 21 29 14 64 10 58 8 94 4 76 90 30 43 45 36 25 38 2 44 22 70 37 61 15 51 42 81 53 12 99 72 33 62 96 3 78 41 5 67 16 6 56 34 97 34 56 6 16 67 5 41 78 3 96 62 33 72 99 12 53 81 42 51 15 61 37 70 22 44 2 38 25 36 45 43 30 90 76 4 94 8 58 10 64 14 29 21 86 47 26 31 20 0
50
84 84
15 15
37 37
81 81
39 39
56 56
41 41
62 62
3 3
14 14
7 7
79 79
44 44
29 29
34 34
13 13
42 42
71 71
65 65
0 0
94 94
69 69
64 64
55 55
6 6
53 53
83 83
50 50
58 58
9 9
11 11
91 91
82 82
23 23
24 24
77 77
27 27
61 61
5 5
97 97
99 99
1 1
48 48
31 31
52 52
67 67
87 87
63 63
12 12
60 60
