Soda C9 D5 A1 A7 B8 D1 D2 D8 C3 E1 E2 C2 D4 D7 D10 B10 B9 D9 C10 C8 A2 A4 A9 A6 A5 D6 D3 B7 A8 A3 B4 B6 B5 C1 A10 C7 B3 E6 E7 E8 B1 E5 B2 C5 E3 C4 E9 C6 E4 C J I AF AV AF I J C E4 C6 E9 C4 E3 C5 B2 E5 B1 E8 E7 E6 B3 C7 A10 C1 B5 B6 B4 A3 A8 B7 D3 D6 A5 A6 A9 A4 A2 C8 C10 D9 B9 B10 D10 D7 D4 C2 E2 E1 C3 D8 D2 D1 B8 A7 A1 D5 C9 Soda A E P L Q U AG AL V AD T AJ AK AH AI AU AS AT AE K D R O F M W X AN AO AX AM AC AQ AP AA N G S B H AB Z Y AR AW AR Y Z AB H B S G N AA AP AQ AC AM AX AO AN X W M F O R D K AE AT AS AU AI AH AK AJ T AD V AL AG U Q L P E A Soda
39
A1 A1
A3 A3
A5 A5
A7 A7
A9 A9
B1 B1
B3 B3
B5 B5
B7 B7
B9 B9
C1 C1
C3 C3
C5 C5
C7 C7
C9 C9
D1 D1
D3 D3
D5 D5
D7 D7
D9 D9
E1 E1
E3 E3
E5 E5
E7 E7
AB AB
AP AP
N N
H H
J J
AF AF
AS AS
AU AU
AW AW
T T
P P
AG AG
Q Q
AC AC
AO AO
