ssp100 25 4 2 1 6 3 8 11 9 10 23 18 16 12 13 15 17 14 21 20 19 22 0 5 7 24 26 59 72 64 73 74 65 75 76 78 67 79 81 82 84 35 52 51 29 56 28 45 32 48 46 41 37 34 27 33 30 40 36 49 31 42 47 39 38 43 54 90 93 94 93 90 54 43 38 39 47 42 31 49 36 40 30 33 27 34 37 41 46 48 32 45 28 56 29 51 52 35 84 82 81 79 67 78 76 75 65 74 73 64 72 59 26 24 7 5 0 22 19 20 21 14 17 15 13 12 16 18 23 10 9 11 8 3 6 1 2 4 25 ssp100 60 58 61 66 77 80 68 62 69 83 85 70 63 71 86 44 55 50 53 88 87 98 99 97 92 95 91 89 96 89 91 95 92 97 99 98 87 88 53 50 55 44 86 71 63 70 85 83 69 62 68 80 77 66 61 58 60 ssp100
47
1 1
2 2
4 4
9 9
10 10
11 11
12 12
15 15
20 20
21 21
22 22
24 24
64 64
73 73
81 81
59 59
65 65
56 56
79 79
82 82
74 74
68 68
27 27
29 29
31 31
33 33
35 35
37 37
39 39
41 41
43 43
45 45
47 47
49 49
51 51
53 53
55 55
88 88
90 90
92 92
97 97
98 98
99 99
93 93
94 94
95 95
96 96
