SabrinaSiriPrince50 aHwNY UBrR9 lzKlI plb6L Ms6jj 0kSSC H8qqB 52PwN dGbko 11x30 YgbLl Wutnl 5X0EW vmJdf OSLHQ EZqNK WcEcU yJVF4 9HL6t 4MOkB 9HL6t yJVF4 WcEcU EZqNK OSLHQ vmJdf 5X0EW Wutnl YgbLl 11x30 dGbko 52PwN H8qqB 0kSSC Ms6jj plb6L lzKlI UBrR9 aHwNY SabrinaSiriPrince50 V7iEC Bjd2k HVYtd nuAQA rFWcq i3qsm X9US9 gInwM bXm0A nMJpi cwf5o nannc 7QUXg M7N2p X8iWp cRUJh duKKu EOQ3j a8VDq M8YGU P1mYF aDJiT DrLs7 SVxWg 3uMiv nbohZ d2ZYh nbohZ 3uMiv SVxWg DrLs7 aDJiT P1mYF M8YGU a8VDq EOQ3j duKKu cRUJh X8iWp M7N2p 7QUXg nannc cwf5o nMJpi bXm0A gInwM X9US9 i3qsm rFWcq nuAQA HVYtd Bjd2k V7iEC SabrinaSiriPrince50
25
aHwNY aHwNY
V7iEC V7iEC
Bjd2k Bjd2k
cwf5o cwf5o
nMJpi nMJpi
nannc nannc
rFWcq rFWcq
i3qsm i3qsm
UBrR9 UBrR9
52PwN 52PwN
H8qqB H8qqB
0kSSC 0kSSC
Ms6jj Ms6jj
plb6L plb6L
EZqNK EZqNK
OSLHQ OSLHQ
WcEcU WcEcU
5X0EW 5X0EW
vmJdf vmJdf
Wutnl Wutnl
9HL6t 9HL6t
yJVF4 yJVF4
4MOkB 4MOkB
nbohZ nbohZ
d2ZYh d2ZYh
