ssp200 13 10 2 8 6 5 4 3 7 30 29 26 27 24 16 43 40 38 36 35 34 33 37 60 59 56 57 53 51 50 49 48 52 47 181 122 129 121 148 145 137 144 136 163 160 159 152 158 156 155 154 153 157 180 179 176 177 174 166 193 190 182 188 186 185 184 183 187 189 192 191 194 195 172 168 169 170 171 173 167 175 178 151 162 161 164 165 142 138 139 140 141 143 147 146 149 150 127 123 124 125 126 128 132 131 130 133 106 134 135 113 111 110 109 108 112 107 119 120 116 117 114 115 118 91 97 93 94 95 96 98 92 99 102 101 100 103 76 104 105 83 81 80 79 78 82 77 89 90 86 87 84 85 88 61 67 63 64 65 66 68 69 62 74 75 71 72 70 73 46 54 55 58 31 39 41 42 32 44 45 22 18 19 20 21 23 17 25 28 1 9 12 11 14 15 14 11 12 9 1 28 25 17 23 21 20 19 18 22 45 44 32 42 41 39 31 58 55 54 46 73 70 72 71 75 74 62 69 68 66 65 64 63 67 61 88 85 84 87 86 90 89 77 82 78 79 80 81 83 105 104 76 103 100 101 102 99 92 98 96 95 94 93 97 91 118 115 114 117 116 120 119 107 112 108 109 110 111 113 135 134 106 133 130 131 132 128 126 125 124 123 127 150 149 146 147 143 141 140 139 138 142 165 164 161 162 151 178 175 167 173 171 170 169 168 172 195 194 191 192 189 187 183 184 185 186 188 182 190 193 166 174 177 176 179 180 157 153 154 155 156 158 152 159 160 163 136 144 137 145 148 121 129 122 181 47 52 48 49 50 51 53 57 56 59 60 37 33 34 35 36 38 40 43 16 24 27 26 29 30 7 3 4 5 6 8 2 10 13 ssp200
91
3 3
4 4
5 5
6 6
11 11
14 14
15 15
18 18
19 19
20 20
21 21
26 26
29 29
30 30
33 33
34 34
35 35
36 36
41 41
44 44
45 45
48 48
49 49
50 50
51 51
56 56
59 59
60 60
63 63
64 64
65 65
66 66
71 71
74 74
75 75
78 78
79 79
80 80
81 81
86 86
89 89
90 90
93 93
94 94
95 95
96 96
101 101
104 104
105 105
108 108
109 109
110 110
111 111
116 116
119 119
120 120
123 123
124 124
125 125
126 126
131 131
134 134
135 135
138 138
139 139
140 140
141 141
146 146
149 149
150 150
153 153
154 154
155 155
156 156
161 161
164 164
165 165
168 168
169 169
170 170
171 171
176 176
179 179
180 180
183 183
184 184
185 185
186 186
191 191
194 194
195 195
