1 4 7 8 9 12 15 18 11 19 22 25 14 31 32 33 41 29 42 36 35 39 44 46 43 40 45 38 48 50 51 56 60 59 58 54 63 66 55 62 65 64 73 78 75 76 79 69 74 72 80 83 81 82 87 89 145 128 132 135 134 129 126 133 122 127 124 113 119 115 108 96 99 97 94 100 95 86 91 93 146 141 144 142 143 148 143 142 144 141 146 93 91 86 95 100 94 97 99 96 108 115 119 113 124 127 122 133 126 129 134 135 132 128 145 89 87 82 81 83 80 72 74 69 79 76 75 78 73 64 65 62 55 66 63 54 58 59 60 56 51 50 48 38 45 40 43 46 44 39 35 36 42 29 41 33 32 31 14 25 22 19 11 18 15 12 9 8 7 4 1 3 6 2 5 10 13 16 20 17 21 30 24 26 27 23 28 34 37 47 49 53 52 57 71 67 68 61 70 85 84 92 90 77 88 102 104 105 106 101 98 103 109 110 107 111 116 118 114 117 120 123 125 121 112 131 130 137 136 139 138 140 147 149 150 149 147 140 138 139 136 137 130 131 112 121 125 123 120 117 114 118 116 111 107 110 109 103 98 101 106 105 104 102 88 77 90 92 84 85 70 61 68 67 71 57 52 53 49 47 37 34 28 23 27 26 24 30 21 17 20 16 13 10 5 2 6 3 1
75
1 1
3 3
5 5
7 7
9 9
11 11
13 13
15 15
17 17
19 19
21 21
23 23
25 25
27 27
29 29
31 31
33 33
35 35
37 37
39 39
41 41
43 43
45 45
47 47
49 49
51 51
53 53
55 55
57 57
59 59
61 61
63 63
65 65
67 67
69 69
71 71
73 73
75 75
77 77
79 79
81 81
83 83
85 85
87 87
89 89
91 91
93 93
95 95
97 97
99 99
101 101
103 103
105 105
107 107
109 109
111 111
113 113
115 115
117 117
119 119
121 121
123 123
125 125
127 127
129 129
131 131
133 133
135 135
137 137
139 139
141 141
143 143
145 145
147 147
149 149
