Leah Russell Kellie Jon Derrick Willie Joshua Amanda Taylor Crystal Kristie Carol Benjamin Anthony Adrian Abigail Javier David Tiffany Brian Tiffany David Javier Abigail Adrian Anthony Benjamin Carol Kristie Crystal Taylor Amanda Joshua Willie Derrick Jon Kellie Russell Leah Michael Sonya Megan Shannon Alexander Teresa Connie Cole Jennifer Meagan Gary Ryan Paula Kelly Jade John Vicki Robert Jeffrey Christina Rose Charles Stacey Lisa Ruth Dylan Jordan Katrina Rachel April Rachel Katrina Jordan Dylan Ruth Lisa Stacey Charles Rose Christina Jeffrey Robert Vicki John Jade Kelly Paula Ryan Gary Meagan Jennifer Cole Connie Teresa Alexander Shannon Megan Sonya Michael Leah
25
Russell Russell
Carol Carol
Adrian Adrian
Anthony Anthony
Amanda Amanda
Gary Gary
Brian Brian
Lisa Lisa
Jade Jade
Paula Paula
David David
Dylan Dylan
Ruth Ruth
April April
Vicki Vicki
Jennifer Jennifer
Megan Megan
Javier Javier
Michael Michael
Ryan Ryan
Alexander Alexander
Jordan Jordan
Kelly Kelly
Rachel Rachel
Jon Jon
