Jason Derek Kevin Tammy Kara Daniel Rachel Kristine Ricky Jonathan Mercedes Alexander Juan Carrie Jacob Joshua Cheryl Donna Katelyn Janet Monica Crystal Stephanie Jennifer Anthony Amanda Carol Charles Jeffery Jordan Angelica Erin Nicole Chase Gabriel George Ryan Erica Diana Cory Krista John Ronald Roy Gregory Taylor Meredith Jon Robert Anna Michelle Kristina Jeremy Timothy Leonard Tommy Monique Patricia Johnathan Megan Amy Terry Kyle David Eric Miranda Maurice Cindy Dustin Melinda Randy Robin April Martha Tristan Steven Samantha Hannah Desiree Claire Amber Andre Karen Wendy Ashley Melissa Linda Kelsey Barbara Carlos Laura Jessica Mike Andrew Dillon Mario Kristy Aaron Nancy James Victor Stacie Ronnie Grace Jeffrey Kelly Brad Stephen Danielle Jane Sydney Mary Leslie Christopher Shane Dylan Sarah Brittany Evan Beverly Rebekah Brett Rebecca Kristen Susan Shannon Thomas Bruce Kayla Jamie Nicholas Alexandra Victoria Ralph Casey Bryan Jacqueline Kimberly Gary Spencer Mark Samuel Luis Michael Richard Larry Kylie Jasmine Kari Douglas Lauren Jeanne Cynthia Misty Adam Joseph Dana Adrian Dana Joseph Adam Misty Cynthia Jeanne Lauren Douglas Kari Jasmine Kylie Larry Richard Michael Luis Samuel Mark Spencer Gary Kimberly Jacqueline Bryan Casey Ralph Victoria Alexandra Nicholas Jamie Kayla Bruce Thomas Shannon Susan Kristen Rebecca Brett Rebekah Beverly Evan Brittany Sarah Dylan Shane Christopher Leslie Mary Sydney Jane Danielle Stephen Brad Kelly Jeffrey Grace Ronnie Stacie Victor James Nancy Aaron Kristy Mario Dillon Andrew Mike Jessica Laura Carlos Barbara Kelsey Linda Melissa Ashley Wendy Karen Andre Amber Claire Desiree Hannah Samantha Steven Tristan Martha April Robin Randy Melinda Dustin Cindy Maurice Miranda Eric David Kyle Terry Amy Megan Johnathan Patricia Monique Tommy Leonard Timothy Jeremy Kristina Michelle Anna Robert Jon Meredith Taylor Gregory Roy Ronald John Krista Cory Diana Erica Ryan George Gabriel Chase Nicole Erin Angelica Jordan Jeffery Charles Carol Amanda Anthony Jennifer Stephanie Crystal Monica Janet Katelyn Donna Cheryl Joshua Jacob Carrie Juan Alexander Mercedes Jonathan Ricky Kristine Rachel Daniel Kara Tammy Kevin Derek Jason Reginald Brandi Jay Billy Justin Johnny Jose Sabrina Shawn Maria Christina Regina Molly Sandra Phillip Garrett Wayne Elizabeth Brian Tracy Heather Nathaniel Edward William Cristian Donald Logan Jill Edwin Angela Julia Brenda Scott Paul Deanna Kathy Benjamin Lisa Harry Keith Alyssa Toni Alyssa Keith Harry Lisa Benjamin Kathy Deanna Paul Scott Brenda Julia Angela Edwin Jill Logan Donald Cristian William Edward Nathaniel Heather Tracy Brian Elizabeth Wayne Garrett Phillip Sandra Molly Regina Christina Maria Shawn Sabrina Jose Johnny Justin Billy Jay Brandi Reginald Jason
100
Derek Derek
Nathaniel Nathaniel
Heather Heather
Gabriel Gabriel
Adam Adam
Misty Misty
Shannon Shannon
Samantha Samantha
Katelyn Katelyn
Adrian Adrian
John John
Nicole Nicole
Brad Brad
Claire Claire
David David
Lauren Lauren
Joshua Joshua
Mario Mario
Roy Roy
Kara Kara
Johnathan Johnathan
Dana Dana
Cristian Cristian
Ricky Ricky
Tristan Tristan
Paul Paul
Laura Laura
Stacie Stacie
Jose Jose
Melissa Melissa
Kari Kari
Evan Evan
Carol Carol
Carrie Carrie
Brian Brian
Andrew Andrew
Jeffery Jeffery
Robert Robert
Mark Mark
Regina Regina
Kelsey Kelsey
Wayne Wayne
Megan Megan
Jeffrey Jeffrey
Shane Shane
Timothy Timothy
Joseph Joseph
Charles Charles
Crystal Crystal
William William
Mary Mary
Cheryl Cheryl
Rebekah Rebekah
Shawn Shawn
Dustin Dustin
Jacqueline Jacqueline
Logan Logan
Gregory Gregory
Kimberly Kimberly
Amanda Amanda
Christina Christina
Rebecca Rebecca
Scott Scott
Mercedes Mercedes
Dylan Dylan
Wendy Wendy
Kayla Kayla
Edwin Edwin
Michelle Michelle
Stephen Stephen
Kristen Kristen
Brett Brett
Karen Karen
Ronnie Ronnie
Jill Jill
Sabrina Sabrina
Elizabeth Elizabeth
Tommy Tommy
James James
Juan Juan
Brittany Brittany
Kathy Kathy
Susan Susan
Monica Monica
Bryan Bryan
Jane Jane
Alexandra Alexandra
Grace Grace
April April
Nicholas Nicholas
Jennifer Jennifer
Jeremy Jeremy
Kyle Kyle
Tammy Tammy
Ashley Ashley
Jordan Jordan
Melinda Melinda
Rachel Rachel
Robin Robin
Randy Randy
