Austin Lauren Kyle Elaine Eugene Alex Amy Christine Jessica Garrett Morgan Rachel Rhonda Jordan Robert Michele Sara Matthew Danielle Sandra Brian Gregory Kirsten Natasha Kari Tina Christopher John Thomas James Glenda Isabel Terry Mark Debra Daniel Robin Jody Joshua Steven Janet Sarah Walter Luke David Kristy Eric Monique Dennis Tracy Paul Kimberly Aaron Juan Jonathan Susan Jamie Susan Jonathan Juan Aaron Kimberly Paul Tracy Dennis Monique Eric Kristy David Luke Walter Sarah Janet Steven Joshua Jody Robin Daniel Debra Mark Terry Isabel Glenda James Thomas John Christopher Tina Kari Natasha Kirsten Gregory Brian Sandra Danielle Matthew Sara Michele Robert Jordan Rhonda Rachel Morgan Garrett Jessica Christine Amy Alex Eugene Elaine Kyle Lauren Austin Victoria Adam Jorge Manuel Jared Miguel Stacy Laura Mariah Selena Alexandria Henry Melinda April Arthur Ashley Katherine Paige Jill Stephen Cassandra Travis Michael Gina Maxwell Jonathon Sean Hannah Peter Scott Brad Jennifer Jeanette Nicholas Elizabeth Melissa Edward Kelly Carolyn Donald Patrick Brett Ralph Brett Patrick Donald Carolyn Kelly Edward Melissa Elizabeth Nicholas Jeanette Jennifer Brad Scott Peter Hannah Sean Jonathon Maxwell Gina Michael Travis Cassandra Stephen Jill Paige Katherine Ashley Arthur April Melinda Henry Alexandria Selena Mariah Laura Stacy Miguel Jared Manuel Jorge Adam Victoria Austin
50
Victoria Victoria
John John
Debra Debra
Hannah Hannah
Elaine Elaine
Mariah Mariah
Eugene Eugene
Patrick Patrick
Joshua Joshua
Natasha Natasha
Walter Walter
Sara Sara
Gina Gina
Paul Paul
Daniel Daniel
Melissa Melissa
Kari Kari
Edward Edward
Jamie Jamie
Paige Paige
Robert Robert
Donald Donald
Janet Janet
Glenda Glenda
Amy Amy
Steven Steven
Maxwell Maxwell
Dennis Dennis
Danielle Danielle
Scott Scott
Michael Michael
Elizabeth Elizabeth
Sean Sean
Juan Juan
Rhonda Rhonda
Ralph Ralph
Garrett Garrett
Monique Monique
Alex Alex
Jonathan Jonathan
April April
Jennifer Jennifer
Cassandra Cassandra
Kyle Kyle
Ashley Ashley
Jordan Jordan
Melinda Melinda
Rachel Rachel
Robin Robin
Jeanette Jeanette
