Glameow Loudred Scraggy Camerupt Togepi Feebas Aerodactyl Fennekin Gumshoos Bergmite Spiritomb Koffing Spinarak Regice Wailord Turtwig Fomantis Mudbray Gloom Yamask Sigilyph Araquanid Leavanny Beheeyem Cacturne Weedle Poochyena Piplup Swanna Meganium Gothita Zygarde Ivysaur Starmie Wartortle Furret Electivire Archeops Gothorita Archeops Electivire Furret Wartortle Starmie Ivysaur Zygarde Gothita Meganium Swanna Piplup Poochyena Weedle Cacturne Beheeyem Leavanny Araquanid Sigilyph Yamask Gloom Mudbray Fomantis Turtwig Wailord Regice Spinarak Koffing Spiritomb Bergmite Gumshoos Fennekin Aerodactyl Feebas Togepi Camerupt Scraggy Loudred Glameow Spheal Inkay Simisage Glalie Throh Ledian Buneary Gigalith Yanma Archen Golett Archen Yanma Gigalith Buneary Ledian Throh Glalie Simisage Inkay Spheal Glameow
25
Electivire Electivire
Spiritomb Spiritomb
Wailord Wailord
Gumshoos Gumshoos
Spinarak Spinarak
Ledian Ledian
Buneary Buneary
Bergmite Bergmite
Glalie Glalie
Zygarde Zygarde
Togepi Togepi
Piplup Piplup
Mudbray Mudbray
Yanma Yanma
Archeops Archeops
Meganium Meganium
Spheal Spheal
Furret Furret
Loudred Loudred
Gigalith Gigalith
Golett Golett
Gothorita Gothorita
Inkay Inkay
Beheeyem Beheeyem
Leavanny Leavanny
