Granbull PorygonZ Electrode Flygon Crabominable Ivysaur Elekid Furfrou Trumbeak Manaphy Linoone Spinda Blissey Mimikyu Beedrill Butterfree Purrloin Luvdisc Mantine Carnivine Magikarp Jirachi Alomomola Feraligatr Staravia Tsareena Masquerain Cosmog Smeargle Corphish Krookodile Azurill Crawdaunt Noibat Cascoon Rapidash Munna Lampent Octillery Roserade Bronzor Mightyena Darkrai Sneasel Magmortar Happiny Stoutland Happiny Magmortar Sneasel Darkrai Mightyena Bronzor Roserade Octillery Lampent Munna Rapidash Cascoon Noibat Crawdaunt Azurill Krookodile Corphish Smeargle Cosmog Masquerain Tsareena Staravia Feraligatr Alomomola Jirachi Magikarp Carnivine Mantine Luvdisc Purrloin Butterfree Beedrill Mimikyu Blissey Spinda Linoone Manaphy Trumbeak Furfrou Elekid Ivysaur Crabominable Flygon Electrode PorygonZ Granbull Kyurem Ampharos Kommoo Mawile Spearow Eelektrik Chespin Parasect Lombre Diggersby Metapod Arbok Rufflet Quilava Whiscash Porygon Rotom Wailord Amoonguss Stunfisk Salandit Marshtomp Heatran Charmander Bagon Chinchou Typhlosion Larvesta Heatmor Serperior Bergmite Jolteon Buizel Zigzagoon Lucario Swanna Conkeldurr Garchomp Haxorus Absol Tirtouga Machop Ferrothorn Whimsicott Furret Reuniclus Bulbasaur Ursaring Lycanroc Gorebyss Heliolisk Raichu Dragonair Skrelp Glalie Hoppip Flareon Goomy Lileep Rhyhorn Malamar Shellder Hitmontop Lapras Torracat Exeggcute Binacle Drilbur Metagross Carbink Infernape Caterpie Swadloon Deino Milotic Kangaskhan Skitty Spiritomb Inkay Metang Magmar Politoed Bidoof Torkoal Machamp Remoraid Patrat Electrike Dustox Aipom Nuzleaf Staryu Deoxys Finneon Lunala Kirlia Unown Relicanth Floatzel Regirock Torchic Illumise Whismur Lickilicky Glaceon Gulpin Gliscor TypeNull Cubone Fletchling Probopass Electivire Zebstrika Reshiram Golbat Grumpig Budew Corsola Cyndaquil Volcanion Charizard Tyrunt Sentret Cradily Qwilfish Floette Lotad Mudkip Raikou Klang Chatot Slakoth Ninjask Geodude Altaria Sylveon Bonsly Rockruff Dusknoir Dwebble Pidgeot Morelull Volcarona Castform Roselia Spewpa Eelektross Cinccino Oshawott Greninja Mudsdale Pancham Vivillon Pancham Mudsdale Greninja Oshawott Cinccino Eelektross Spewpa Roselia Castform Volcarona Morelull Pidgeot Dwebble Dusknoir Rockruff Bonsly Sylveon Altaria Geodude Ninjask Slakoth Chatot Klang Raikou Mudkip Lotad Floette Qwilfish Cradily Sentret Tyrunt Charizard Volcanion Cyndaquil Corsola Budew Grumpig Golbat Reshiram Zebstrika Electivire Probopass Fletchling Cubone TypeNull Gliscor Gulpin Glaceon Lickilicky Whismur Illumise Torchic Regirock Floatzel Relicanth Unown Kirlia Lunala Finneon Deoxys Staryu Nuzleaf Aipom Dustox Electrike Patrat Remoraid Machamp Torkoal Bidoof Politoed Magmar Metang Inkay Spiritomb Skitty Kangaskhan Milotic Deino Swadloon Caterpie Infernape Carbink Metagross Drilbur Binacle Exeggcute Torracat Lapras Hitmontop Shellder Malamar Rhyhorn Lileep Goomy Flareon Hoppip Glalie Skrelp Dragonair Raichu Heliolisk Gorebyss Lycanroc Ursaring Bulbasaur Reuniclus Furret Whimsicott Ferrothorn Machop Tirtouga Absol Haxorus Garchomp Conkeldurr Swanna Lucario Zigzagoon Buizel Jolteon Bergmite Serperior Heatmor Larvesta Typhlosion Chinchou Bagon Charmander Heatran Marshtomp Salandit Stunfisk Amoonguss Wailord Rotom Porygon Whiscash Quilava Rufflet Arbok Metapod Diggersby Lombre Parasect Chespin Eelektrik Spearow Mawile Kommoo Ampharos Kyurem Granbull
100
Tsareena Tsareena
Absol Absol
Unown Unown
Roserade Roserade
Dustox Dustox
Heatran Heatran
Butterfree Butterfree
Ampharos Ampharos
Spiritomb Spiritomb
Torchic Torchic
Cosmog Cosmog
Arbok Arbok
Cascoon Cascoon
Torracat Torracat
Chinchou Chinchou
Crawdaunt Crawdaunt
Slakoth Slakoth
Mimikyu Mimikyu
Happiny Happiny
Quilava Quilava
Kangaskhan Kangaskhan
Rockruff Rockruff
Bonsly Bonsly
Grumpig Grumpig
Spinda Spinda
Cinccino Cinccino
Budew Budew
Sylveon Sylveon
Mawile Mawile
Beedrill Beedrill
Lampent Lampent
Greninja Greninja
Malamar Malamar
Buizel Buizel
Jolteon Jolteon
Mantine Mantine
Charizard Charizard
Gliscor Gliscor
Binacle Binacle
Raichu Raichu
Relicanth Relicanth
Cubone Cubone
Krookodile Krookodile
Heatmor Heatmor
Swanna Swanna
Diggersby Diggersby
Whiscash Whiscash
Metagross Metagross
TypeNull TypeNull
Whimsicott Whimsicott
Lycanroc Lycanroc
Mightyena Mightyena
Floette Floette
Jirachi Jirachi
Mudsdale Mudsdale
Darkrai Darkrai
Reuniclus Reuniclus
Remoraid Remoraid
Magmar Magmar
Rufflet Rufflet
Reshiram Reshiram
Crabominable Crabominable
Machamp Machamp
Charmander Charmander
Electrode Electrode
Serperior Serperior
Golbat Golbat
Infernape Infernape
Hitmontop Hitmontop
Trumbeak Trumbeak
Flygon Flygon
Bronzor Bronzor
Bergmite Bergmite
Torkoal Torkoal
Goomy Goomy
Metapod Metapod
Corphish Corphish
Probopass Probopass
Carnivine Carnivine
Lapras Lapras
Pidgeot Pidgeot
Carbink Carbink
Exeggcute Exeggcute
Magmortar Magmortar
Electrike Electrike
Lileep Lileep
Ninjask Ninjask
PorygonZ PorygonZ
Feraligatr Feraligatr
Floatzel Floatzel
Glalie Glalie
Deoxys Deoxys
Chespin Chespin
Luvdisc Luvdisc
Blissey Blissey
Vivillon Vivillon
Chatot Chatot
Nuzleaf Nuzleaf
Typhlosion Typhlosion
Skitty Skitty
