Florges Zoroark Klink Scrafty Buzzwole Volbeat Weavile Heracross Charizard Stufful Druddigon Hakamoo Hoopa Hippopotas Machoke Timburr Infernape Bouffalant Palossand Bidoof Piloswine Shieldon Zapdos Slugma Flaaffy Palkia Girafarig Serperior Poliwag Lillipup Claydol Goomy Kricketune Purrloin Delibird Cascoon Caterpie Shaymin Regice Chansey Emboar Zweilous Roggenrola Yanmega Hitmonlee Cottonee Dusknoir Kricketot Genesect Drapion Masquerain Snorunt Dialga Minccino Dialga Snorunt Masquerain Drapion Genesect Kricketot Dusknoir Cottonee Hitmonlee Yanmega Roggenrola Zweilous Emboar Chansey Regice Shaymin Caterpie Cascoon Delibird Purrloin Kricketune Goomy Claydol Lillipup Poliwag Serperior Girafarig Palkia Flaaffy Slugma Zapdos Shieldon Piloswine Bidoof Palossand Bouffalant Infernape Timburr Machoke Hippopotas Hoopa Hakamoo Druddigon Stufful Charizard Heracross Weavile Volbeat Buzzwole Scrafty Klink Zoroark Florges Vespiquen Weepinbell Persian Furfrou Bayleef Bisharp Pidgey Sentret Cradily Cherrim Toxapex Moltres Gastrodon Audino Arbok Carracosta Doublade Aurorus Tentacruel Manectric Zubat Giratina Ralts Poliwrath Omastar Eelektrik Typhlosion Primarina Wailmer Nidoking Nuzleaf Scolipede Silcoon Pichu Cofagrigus Celebi Espurr Pinsir Luxray Tsareena Celesteela Snorlax Bewear Togetic Bergmite Wormadam Bergmite Togetic Bewear Snorlax Celesteela Tsareena Luxray Pinsir Espurr Celebi Cofagrigus Pichu Silcoon Scolipede Nuzleaf Nidoking Wailmer Primarina Typhlosion Eelektrik Omastar Poliwrath Ralts Giratina Zubat Manectric Tentacruel Aurorus Doublade Carracosta Arbok Audino Gastrodon Moltres Toxapex Cherrim Cradily Sentret Pidgey Bisharp Bayleef Furfrou Persian Weepinbell Vespiquen Florges
50
Cherrim Cherrim
Zapdos Zapdos
Zubat Zubat
Delibird Delibird
Ralts Ralts
Togetic Togetic
Manectric Manectric
Lillipup Lillipup
Dialga Dialga
Dusknoir Dusknoir
Persian Persian
Weepinbell Weepinbell
Volbeat Volbeat
Carracosta Carracosta
Shaymin Shaymin
Tentacruel Tentacruel
Moltres Moltres
Yanmega Yanmega
Wailmer Wailmer
Piloswine Piloswine
Bidoof Bidoof
Aurorus Aurorus
Purrloin Purrloin
Gastrodon Gastrodon
Timburr Timburr
Poliwag Poliwag
Machoke Machoke
Poliwrath Poliwrath
Sentret Sentret
Cascoon Cascoon
Bayleef Bayleef
Scolipede Scolipede
Regice Regice
Buzzwole Buzzwole
Celesteela Celesteela
Infernape Infernape
Kricketot Kricketot
Hitmonlee Hitmonlee
Bouffalant Bouffalant
Wormadam Wormadam
Hakamoo Hakamoo
Omastar Omastar
Girafarig Girafarig
Pichu Pichu
Primarina Primarina
Bergmite Bergmite
Bisharp Bisharp
Celebi Celebi
Tsareena Tsareena
Stufful Stufful
