0 81 84 13 16 18 60 40 25 66 34 80 76 98 7 86 42 1 97 52 8 89 14 55 4 26 72 56 74 29 54 64 22 61 90 38 71 32 37 35 51 67 36 48 49 78 19 30 62 21 3 12 77 31 87 50 65 95 15 45 28 96 6 33 79 68 92 10 94 24 41 88 91 23 69 58 59 47 20 70 53 2 82 44 75 83 73 17 11 17 73 83 75 44 82 2 53 70 20 47 59 58 69 23 91 88 41 24 94 10 92 68 79 33 6 96 28 45 15 95 65 50 87 31 77 12 3 21 62 30 19 78 49 48 36 67 51 35 37 32 71 38 90 61 22 64 54 29 74 56 72 26 4 55 14 89 8 52 97 1 42 86 7 98 76 80 34 66 25 40 60 18 16 13 84 81 0 43 39 99 27 9 57 46 5 93 85 63 85 93 5 46 57 9 27 99 39 43 0
50
24 24
42 42
26 26
94 94
52 52
40 40
83 83
96 96
23 23
27 27
10 10
60 60
93 93
9 9
90 90
61 61
11 11
0 0
51 51
78 78
55 55
21 21
46 46
13 13
89 89
57 57
88 88
99 99
17 17
7 7
67 67
18 18
65 65
20 20
58 58
32 32
71 71
3 3
8 8
62 62
43 43
15 15
72 72
95 95
35 35
4 4
38 38
37 37
98 98
45 45
