0 52 115 12 9 88 20 156 91 25 101 174 93 130 194 84 107 126 184 100 106 136 113 169 193 18 86 108 187 64 10 92 21 191 173 35 159 162 122 7 67 13 37 166 190 102 121 23 124 49 185 123 53 139 154 141 60 132 42 155 140 95 61 196 2 111 2 196 61 95 140 155 42 132 60 141 154 139 53 123 185 49 124 23 121 102 190 166 37 13 67 7 122 162 159 35 173 191 21 92 10 64 187 108 86 18 193 169 113 136 106 100 184 126 107 84 194 130 93 174 101 25 91 156 20 88 9 12 115 52 0 158 48 112 178 150 79 94 43 68 66 183 128 5 26 69 180 87 90 146 116 125 44 105 153 55 11 56 77 8 97 4 186 40 51 30 34 165 89 62 120 164 31 138 32 14 148 99 96 57 19 24 70 45 137 161 29 39 72 188 41 74 144 171 163 160 6 195 170 47 54 157 149 63 81 110 199 197 58 192 198 76 80 65 145 142 167 15 46 71 85 114 1 38 131 189 73 177 22 133 59 147 82 36 129 50 182 143 83 75 175 179 103 27 151 17 28 78 98 16 3 135 104 119 33 172 127 109 176 117 168 134 118 152 181 152 118 134 168 117 176 109 127 172 33 119 104 135 3 16 98 78 28 17 151 27 103 179 175 75 83 143 182 50 129 36 82 147 59 133 22 177 73 189 131 38 1 114 85 71 46 15 167 142 145 65 80 76 198 192 58 197 199 110 81 63 149 157 54 47 170 195 6 160 163 171 144 74 41 188 72 39 29 161 137 45 70 24 19 57 96 99 148 14 32 138 31 164 120 62 89 165 34 30 51 40 186 4 97 8 77 56 11 55 153 105 44 125 116 146 90 87 180 69 26 5 128 183 66 68 43 94 79 150 178 112 48 158 0
100
140 140
131 131
62 62
176 176
80 80
111 111
180 180
9 9
67 67
144 144
31 31
11 11
109 109
162 162
13 13
50 50
126 126
83 83
117 117
97 97
52 52
23 23
166 166
10 10
27 27
128 128
59 59
82 82
16 16
4 4
195 195
199 199
30 30
137 137
136 136
147 147
45 45
171 171
66 66
116 116
143 143
145 145
98 98
69 69
160 160
114 114
177 177
42 42
139 139
46 46
87 87
168 168
91 91
70 70
179 179
181 181
189 189
105 105
157 157
84 84
102 102
183 183
138 138
152 152
72 72
196 196
19 19
106 106
134 134
81 81
34 34
108 108
48 48
185 185
184 184
53 53
36 36
122 122
88 88
121 121
130 130
55 55
103 103
20 20
125 125
76 76
63 63
75 75
149 149
174 174
156 156
26 26
35 35
40 40
74 74
198 198
85 85
151 151
197 197
17 17
