0 85 6 93 99 41 15 90 8 88 82 60 98 48 81 27 72 22 68 80 75 35 17 96 36 59 78 51 18 76 7 43 95 70 33 29 92 49 28 1 19 73 56 45 26 46 64 97 44 31 67 30 10 87 65 12 16 86 23 9 39 54 83 11 25 4 38 24 42 66 14 34 94 34 14 66 42 24 38 4 25 11 83 54 39 9 23 86 16 12 65 87 10 30 67 31 44 97 64 46 26 45 56 73 19 1 28 49 92 29 33 70 95 43 7 76 18 51 78 59 36 96 17 35 75 80 68 22 72 27 81 48 98 60 82 88 8 90 15 41 99 93 6 85 0 5 32 13 74 77 37 91 58 40 57 61 21 50 62 89 47 3 84 79 55 2 69 53 52 71 63 20 63 71 52 53 69 2 55 79 84 3 47 89 62 50 21 61 57 40 58 91 37 77 74 13 32 5 0
49
63 63
46 46
30 30
28 28
60 60
27 27
39 39
53 53
90 90
35 35
11 11
8 8
74 74
71 71
43 43
81 81
50 50
88 88
95 95
40 40
31 31
64 64
84 84
76 76
68 68
97 97
73 73
23 23
38 38
80 80
9 9
61 61
6 6
85 85
16 16
92 92
47 47
2 2
45 45
56 56
83 83
86 86
82 82
65 65
91 91
48 48
58 58
96 96
66 66
