1 50 3 70 17 81 75 27 30 0 36 9 63 62 64 93 44 49 4 25 39 20 42 34 41 94 96 98 96 94 41 34 42 20 39 25 4 49 44 93 64 62 63 9 36 0 30 27 75 81 17 70 3 50 1 11 14 53 8 13 10 7 86 89 92 72 71 67 69 35 52 48 55 26 68 61 58 15 5 21 12 22 2 43 80 79 78 77 76 84 83 88 24 37 47 85 32 73 29 40 95 23 38 56 19 18 16 46 90 74 91 28 57 51 82 59 60 66 65 6 31 54 45 33 87 97 99 97 87 33 45 54 31 6 65 66 60 59 82 51 57 28 91 74 90 46 16 18 19 56 38 23 95 40 29 73 32 85 47 37 24 88 83 84 76 77 78 79 80 43 2 22 12 21 5 15 58 61 68 26 55 48 52 35 69 67 71 72 92 89 86 7 10 13 8 53 14 11 1
50
31 31
38 38
58 58
46 46
83 83
87 87
99 99
40 40
33 33
0 0
67 67
29 29
81 81
84 84
79 79
97 97
78 78
74 74
61 61
62 62
86 86
49 49
21 21
4 4
64 64
35 35
19 19
85 85
54 54
37 37
93 93
91 91
28 28
18 18
44 44
5 5
80 80
2 2
92 92
42 42
65 65
32 32
66 66
63 63
20 20
71 71
17 17
51 51
8 8
95 95
