1 68 55 39 131 190 58 193 191 174 172 177 77 6 11 23 47 18 115 48 81 37 57 79 78 143 132 109 151 130 122 21 141 75 54 145 144 169 118 104 166 12 8 30 112 66 33 72 160 32 95 96 74 71 69 70 86 127 149 173 192 196 45 197 45 196 192 173 149 127 86 70 69 71 74 96 95 32 160 72 33 66 112 30 8 12 166 104 118 169 144 145 54 75 141 21 122 130 151 109 132 143 78 79 57 37 81 48 115 18 47 23 11 6 77 177 172 174 191 193 58 190 131 39 55 68 1 16 90 17 83 7 43 103 80 175 44 38 28 36 42 139 31 187 189 147 167 153 108 157 91 176 171 5 9 170 20 24 156 105 164 14 15 65 61 53 98 52 56 64 140 181 183 155 150 148 152 154 84 124 195 178 180 184 182 125 106 60 134 62 142 138 146 120 0 22 35 26 25 93 29 27 40 63 41 88 19 128 73 34 179 89 129 121 59 76 50 123 135 136 107 119 49 4 3 133 51 111 97 99 162 102 113 114 117 100 2 110 10 13 116 137 46 101 94 87 82 85 165 161 158 199 159 163 168 194 67 92 126 185 186 188 198 188 186 185 126 92 67 194 168 163 159 199 158 161 165 85 82 87 94 101 46 137 116 13 10 110 2 100 117 114 113 102 162 99 97 111 51 133 3 4 49 119 107 136 135 123 50 76 59 121 129 89 179 34 73 128 19 88 41 63 40 27 29 93 25 26 35 22 0 120 146 138 142 62 134 60 106 125 182 184 180 178 195 124 84 154 152 148 150 155 183 181 140 64 56 52 98 53 61 65 15 14 164 105 156 24 20 170 9 5 171 176 91 157 108 153 167 147 189 187 31 139 42 36 28 38 44 175 80 103 43 7 83 17 90 16 1
100
174 174
189 189
1 1
177 177
119 119
86 86
192 192
76 76
54 54
45 45
136 136
74 74
127 127
157 157
89 89
80 80
141 141
183 183
117 117
31 31
131 131
105 105
155 155
21 21
3 3
125 125
49 49
82 82
164 164
38 38
68 68
113 113
83 83
195 195
159 159
188 188
153 153
186 186
29 29
163 163
24 24
160 160
12 12
115 115
59 59
0 0
93 93
124 124
57 57
28 28
84 84
27 27
138 138
134 134
77 77
43 43
178 178
19 19
50 50
16 16
121 121
15 15
56 56
175 175
148 148
88 88
30 30
60 60
44 44
26 26
129 129
10 10
97 97
55 55
182 182
99 99
36 36
8 8
199 199
158 158
142 142
25 25
22 22
18 18
137 137
194 194
101 101
191 191
32 32
172 172
111 111
35 35
171 171
151 151
63 63
150 150
193 193
180 180
170 170
196 196
