21 156 93 89 141 149 142 99 100 75 137 125 115 119 159 158 17 160 23 79 48 65 175 88 94 161 179 25 165 155 33 186 185 15 5 49 50 197 148 176 146 157 184 52 39 38 87 73 98 196 195 95 177 82 171 113 31 76 35 36 37 189 124 110 43 27 19 18 7 8 96 97 68 84 60 61 132 54 53 150 151 191 192 83 133 116 47 86 85 107 193 194 101 198 46 24 1 2 3 22 64 40 51 120 9 10 78 45 162 92 91 178 63 71 70 67 59 114 183 172 173 32 30 29 154 20 187 72 26 4 58 135 188 134 181 180 55 147 140 143 131 130 122 123 190 90 106 109 112 118 117 170 108 167 166 28 62 56 57 169 168 139 138 34 129 128 105 104 103 102 77 44 12 13 174 6 121 182 121 6 174 13 12 44 77 102 103 104 105 128 129 34 138 139 168 169 57 56 62 28 166 167 108 170 117 118 112 109 106 90 190 123 122 130 131 143 140 147 55 180 181 134 188 135 58 4 26 72 187 20 154 29 30 32 173 172 183 114 59 67 70 71 63 178 91 92 162 45 78 10 9 120 51 40 64 22 3 2 1 24 46 198 101 194 193 107 85 86 47 116 133 83 192 191 151 150 53 54 132 61 60 84 68 97 96 8 7 18 19 27 43 110 124 189 37 36 35 76 31 113 171 82 177 95 195 196 98 73 87 38 39 52 184 157 146 176 148 197 50 49 5 15 185 186 33 155 165 25 179 161 94 88 175 65 48 79 23 160 17 158 159 119 115 125 137 75 100 99 142 149 141 89 93 156 21 152 153 16 126 127 14 80 81 11 41 42 111 144 74 136 69 66 145 163 164 199 200 199 164 163 145 66 69 136 74 144 111 42 41 11 81 80 14 127 126 16 153 152 21
99
1 1
3 3
5 5
7 7
9 9
11 11
13 13
15 15
17 17
19 19
21 21
23 23
25 25
27 27
29 29
31 31
33 33
35 35
37 37
39 39
41 41
43 43
45 45
47 47
49 49
51 51
53 53
55 55
57 57
59 59
61 61
63 63
65 65
67 67
69 69
71 71
73 73
75 75
77 77
79 79
81 81
83 83
85 85
87 87
89 89
91 91
93 93
95 95
97 97
99 99
101 101
103 103
105 105
107 107
109 109
111 111
113 113
115 115
117 117
119 119
121 121
123 123
125 125
127 127
129 129
131 131
133 133
135 135
137 137
139 139
141 141
143 143
145 145
147 147
149 149
151 151
153 153
155 155
157 157
159 159
161 161
163 163
165 165
167 167
169 169
171 171
173 173
175 175
177 177
179 179
181 181
183 183
185 185
187 187
189 189
191 191
193 193
195 195
197 197
