68 70 71 41 93 75 31 32 1 26 12 38 81 9 3 2 17 82 80 76 55 59 60 29 40 88 96 90 89 61 78 83 92 83 78 61 89 90 96 88 40 29 60 59 55 76 80 82 17 2 3 9 81 38 12 26 1 32 31 75 93 41 71 70 68 63 64 8 20 35 36 37 50 72 73 79 67 57 43 91 39 62 66 86 54 10 11 69 87 51 53 44 7 6 28 27 25 84 23 22 65 45 52 4 94 49 21 97 98 56 46 19 14 33 77 13 5 15 30 24 74 34 18 95 16 48 47 42 58 85 99 100 99 85 58 42 47 48 16 95 18 34 74 24 30 15 5 13 77 33 14 19 46 56 98 97 21 49 94 4 52 45 65 22 23 84 25 27 28 6 7 44 53 51 87 69 11 10 54 86 66 62 39 91 43 57 67 79 73 72 50 37 36 35 20 8 64 63 68
49
1 1
3 3
5 5
7 7
9 9
11 11
13 13
15 15
17 17
19 19
21 21
23 23
25 25
27 27
29 29
31 31
33 33
35 35
37 37
39 39
41 41
43 43
45 45
47 47
49 49
51 51
53 53
55 55
57 57
59 59
61 61
63 63
65 65
67 67
69 69
71 71
73 73
75 75
77 77
79 79
81 81
83 83
85 85
87 87
89 89
91 91
93 93
95 95
97 97
