75 85 83 88 81 82 89 87 86 84 90 84 86 87 89 82 81 88 83 85 75 69 70 63 65 68 61 67 66 62 64 59 57 54 51 60 58 53 55 56 52 46 50 48 49 44 41 43 42 47 45 33 40 39 31 38 36 35 37 34 32 30 22 7 2 5 1 10 6 8 9 4 3 14 12 11 18 13 16 17 20 19 15 27 23 25 24 28 29 26 21 74 72 80 77 71 79 76 73 78 95 98 99 96 92 91 93 97 94 100 94 97 93 91 92 96 99 98 95 78 73 76 79 71 77 80 72 74 21 26 29 28 24 25 23 27 15 19 20 17 16 13 18 11 12 14 3 4 9 8 6 10 1 5 2 7 22 30 32 34 37 35 36 38 31 39 40 33 45 47 42 43 41 44 49 48 50 46 52 56 55 53 58 60 51 54 57 59 64 62 66 67 61 68 65 63 70 69 75
50
22 22
63 63
30 30
36 36
37 37
74 74
10 10
50 50
78 78
75 75
13 13
26 26
21 21
72 72
67 67
80 80
86 86
24 24
32 32
19 19
69 69
70 70
2 2
53 53
12 12
16 16
73 73
94 94
98 98
42 42
87 87
66 66
76 76
100 100
82 82
92 92
1 1
71 71
59 59
45 45
89 89
97 97
31 31
47 47
33 33
20 20
28 28
91 91
7 7
88 88
