74 72 80 77 71 79 78 73 76 75 169 165 167 170 164 161 163 162 168 166 187 190 189 186 182 184 185 181 183 188 183 181 185 184 182 186 189 190 187 166 168 162 163 161 164 170 167 165 169 75 76 73 78 79 71 77 80 72 74 59 57 54 51 60 58 53 55 56 52 33 40 39 31 38 36 35 37 34 32 15 19 20 17 16 13 18 11 12 14 3 4 9 8 6 10 1 5 2 7 30 22 24 25 23 27 28 29 26 21 46 50 48 49 44 41 43 42 47 45 64 62 66 67 61 68 65 63 70 69 85 83 88 81 82 89 87 86 84 90 95 98 99 96 92 91 93 97 94 100 106 110 102 104 107 101 103 108 105 109 112 113 119 115 120 118 116 111 114 117 123 127 121 129 128 125 130 122 124 126 131 140 135 139 137 134 133 138 132 136 142 143 144 147 146 150 148 141 149 145 158 155 151 157 153 159 156 152 154 160 175 179 180 174 177 178 176 173 171 172 192 200 191 199 198 193 194 197 195 196 195 197 194 193 198 199 191 200 192 172 171 173 176 178 177 174 180 179 175 160 154 152 156 159 153 157 151 155 158 145 149 141 148 150 146 147 144 143 142 136 132 138 133 134 137 139 135 140 131 126 124 122 130 125 128 129 121 127 123 117 114 111 116 118 120 115 119 113 112 109 105 108 103 101 107 104 102 110 106 100 94 97 93 91 92 96 99 98 95 90 84 86 87 89 82 81 88 83 85 69 70 63 65 68 61 67 66 62 64 45 47 42 43 41 44 49 48 50 46 21 26 29 28 27 23 25 24 22 30 7 2 5 1 10 6 8 9 4 3 14 12 11 18 13 16 17 20 19 15 32 34 37 35 36 38 31 39 40 33 52 56 55 53 58 60 51 54 57 59 74
100
148 148
86 86
50 50
77 77
146 146
135 135
47 47
167 167
52 52
81 81
54 54
25 25
96 96
31 31
199 199
55 55
41 41
191 191
156 156
28 28
197 197
116 116
179 179
89 89
6 6
11 11
126 126
137 137
161 161
26 26
39 39
69 69
14 14
192 192
131 131
57 57
30 30
128 128
37 37
151 151
76 76
139 139
165 165
113 113
166 166
80 80
111 111
185 185
114 114
13 13
8 8
160 160
178 178
2 2
136 136
118 118
175 175
104 104
172 172
62 62
164 164
73 73
70 70
19 19
58 58
85 85
36 36
189 189
68 68
23 23
168 168
174 174
83 83
163 163
180 180
145 145
88 88
141 141
61 61
59 59
153 153
38 38
35 35
122 122
46 46
157 157
142 142
16 16
53 53
29 29
99 99
119 119
74 74
169 169
198 198
82 82
32 32
66 66
140 140
75 75
