1 58 59 12 36 17 14 16 7 6 2 71 11 8 52 39 5 28 81 87 85 84 86 89 86 84 85 87 81 28 5 39 52 8 11 71 2 6 7 16 14 17 36 12 59 58 1 3 30 40 78 70 63 60 53 65 56 29 62 43 48 26 15 18 79 77 76 73 74 64 42 75 67 44 72 66 51 50 54 69 31 24 46 61 38 57 25 34 23 22 13 10 68 9 35 32 41 55 45 19 4 21 47 20 37 49 27 83 80 82 33 88 90 88 33 82 80 83 27 49 37 20 47 21 4 19 45 55 41 32 35 9 68 10 13 22 23 34 25 57 38 61 46 24 31 69 54 50 51 66 72 44 67 75 42 64 74 73 76 77 79 18 15 26 48 43 62 29 56 65 53 60 63 70 78 40 30 3 1
50
41 41
42 42
43 43
44 44
45 45
46 46
47 47
48 48
49 49
50 50
51 51
52 52
53 53
54 54
55 55
56 56
57 57
58 58
59 59
60 60
61 61
62 62
63 63
64 64
65 65
66 66
67 67
68 68
69 69
70 70
71 71
72 72
73 73
74 74
75 75
76 76
77 77
78 78
79 79
80 80
81 81
82 82
83 83
84 84
85 85
86 86
87 87
88 88
89 89
90 90
