0 179 108 159 158 2 163 101 102 113 37 36 35 33 34 151 42 41 38 39 100 97 96 98 99 45 46 32 31 133 131 134 52 72 71 73 164 166 167 168 86 84 85 157 156 155 40 60 59 58 140 139 64 61 62 63 65 66 67 68 69 70 150 149 148 152 14 4 120 119 112 111 175 172 169 170 3 5 6 57 56 55 174 126 127 47 15 78 77 74 75 76 128 129 130 51 50 49 53 54 24 23 22 154 153 171 173 171 153 154 22 23 24 54 53 49 50 51 130 129 128 76 75 74 77 78 15 47 127 126 174 55 56 57 6 5 3 170 169 172 175 111 112 119 120 4 14 152 148 149 150 70 69 68 67 66 65 63 62 61 64 139 140 58 59 60 40 155 156 157 85 84 86 168 167 166 164 73 71 72 52 134 131 133 31 32 46 45 99 98 96 97 100 39 38 41 42 151 34 33 35 36 37 113 102 101 163 2 158 159 108 179 0 1 8 117 116 115 114 162 160 161 25 26 27 28 29 30 132 89 118 91 92 135 90 87 88 93 94 138 95 137 136 143 144 19 18 16 17 81 80 79 165 125 124 121 122 123 83 82 146 145 147 13 12 11 10 9 7 141 142 20 21 110 109 104 105 106 107 103 48 43 44 176 177 178 177 176 44 43 48 103 107 106 105 104 109 110 21 20 142 141 7 9 10 11 12 13 147 145 146 82 83 123 122 121 124 125 165 79 80 81 17 16 18 19 144 143 136 137 95 138 94 93 88 87 90 135 92 91 118 89 132 30 29 28 27 26 25 161 160 162 114 115 116 117 8 1 0
70
102 102
103 103
105 105
106 106
109 109
111 111
112 112
113 113
114 114
115 115
116 116
122 122
123 123
126 126
131 131
147 147
15 15
150 150
152 152
153 153
154 154
158 158
16 16
17 17
170 170
172 172
173 173
175 175
178 178
2 2
22 22
24 24
25 25
26 26
27 27
29 29
32 32
34 34
35 35
4 4
44 44
47 47
49 49
53 53
54 54
55 55
58 58
61 61
62 62
63 63
69 69
7 7
70 70
72 72
73 73
77 77
80 80
81 81
83 83
84 84
86 86
87 87
9 9
90 90
93 93
94 94
95 95
96 96
98 98
99 99
