0 64 11 94 36 38 60 16 77 74 19 54 26 69 55 81 12 70 84 73 35 83 34 32 48 29 39 79 68 61 25 2 5 46 3 90 31 47 72 41 49 9 7 14 50 10 62 95 52 58 21 33 53 23 76 97 82 45 85 56 89 17 1 43 13 67 80 86 37 88 22 71 65 75 65 71 22 88 37 86 80 67 13 43 1 17 89 56 85 45 82 97 76 23 53 33 21 58 52 95 62 10 50 14 7 9 49 41 72 47 31 90 3 46 5 2 25 61 68 79 39 29 48 32 34 83 35 73 84 70 12 81 55 69 26 54 19 74 77 16 60 38 36 94 11 64 0 91 59 6 30 40 24 66 92 4 87 98 78 57 44 27 63 28 15 96 93 20 51 8 42 18 99 18 42 8 51 20 93 96 15 28 63 27 44 57 78 98 87 4 92 66 24 40 30 6 59 91 0
50
1 1
2 2
3 3
4 4
5 5
6 6
7 7
8 8
9 9
10 10
11 11
12 12
13 13
14 14
15 15
16 16
17 17
18 18
19 19
20 20
21 21
22 22
23 23
24 24
25 25
26 26
27 27
28 28
29 29
30 30
31 31
32 32
33 33
34 34
35 35
36 36
37 37
38 38
39 39
40 40
41 41
42 42
43 43
44 44
45 45
46 46
47 47
48 48
49 49
50 50
