0 168 19 111 149 53 126 172 64 158 22 2 143 127 159 135 26 153 18 94 37 108 184 91 109 145 65 190 191 20 199 115 7 194 23 192 58 173 15 74 147 152 195 69 150 75 161 99 6 198 187 62 151 17 155 50 189 176 170 107 34 11 51 95 79 141 162 183 180 139 87 73 119 40 174 89 21 122 81 78 1 130 46 164 85 136 12 44 100 169 148 3 8 13 30 133 33 102 163 92 178 104 129 39 171 49 14 93 10 123 142 36 166 31 9 28 146 120 55 120 146 28 9 31 166 36 142 123 10 93 14 49 171 39 129 104 178 92 163 102 33 133 30 13 8 3 148 169 100 44 12 136 85 164 46 130 1 78 81 122 21 89 174 40 119 73 87 139 180 183 162 141 79 95 51 11 34 107 170 176 189 50 155 17 151 62 187 198 6 99 161 75 150 69 195 152 147 74 15 173 58 192 23 194 7 115 199 20 191 190 65 145 109 91 184 108 37 94 18 153 26 135 159 127 143 2 22 158 64 172 126 53 149 111 19 168 0 154 86 24 90 66 70 193 156 59 84 77 101 82 98 131 140 54 179 4 32 41 165 110 88 80 105 177 114 76 113 112 27 97 47 197 134 116 83 186 67 138 57 29 121 25 196 167 5 16 188 137 56 48 181 35 42 103 43 125 68 71 118 132 185 45 38 96 157 175 144 72 52 128 124 63 106 160 60 182 61 117 61 182 60 160 106 63 124 128 52 72 144 175 157 96 38 45 185 132 118 71 68 125 43 103 42 35 181 48 56 137 188 16 5 167 196 25 121 29 57 138 67 186 83 116 134 197 47 97 27 112 113 76 114 177 105 80 88 110 165 41 32 4 179 54 140 131 98 82 101 77 84 59 156 193 70 66 90 24 86 154 0
100
1 1
2 2
3 3
4 4
5 5
6 6
7 7
8 8
9 9
10 10
11 11
12 12
13 13
14 14
15 15
16 16
17 17
18 18
19 19
20 20
21 21
22 22
23 23
24 24
25 25
26 26
27 27
28 28
29 29
30 30
31 31
32 32
33 33
34 34
35 35
36 36
37 37
38 38
39 39
40 40
41 41
42 42
43 43
44 44
45 45
46 46
47 47
48 48
49 49
50 50
51 51
52 52
53 53
54 54
55 55
56 56
57 57
58 58
59 59
60 60
61 61
62 62
63 63
64 64
65 65
66 66
67 67
68 68
69 69
70 70
71 71
72 72
73 73
74 74
75 75
76 76
77 77
78 78
79 79
80 80
81 81
82 82
83 83
84 84
85 85
86 86
87 87
88 88
89 89
90 90
91 91
92 92
93 93
94 94
95 95
96 96
97 97
98 98
99 99
100 100
