101 127 157 185 187 143 110 189 128 161 166 194 102 169 140 175 159 196 122 162 138 149 120 178 145 154 193 180 142 105 195 119 197 181 177 170 118 124 171 173 136 113 198 164 155 139 163 147 174 130 117 199 150 153 131 188 144 112 125 137 148 135 168 186 191 158 108 160 176 182 184 129 115 192 172 103 183 104 126 106 141 190 132 165 100 111 152 151 156 146 179 114 133 121 109 134 123 85 84 82 87 86 88 89 83 81 80 63 69 61 62 65 66 60 67 64 68 17 13 12 11 19 15 10 14 16 18 2 7 5 8 6 9 3 0 1 4 35 33 34 36 38 32 37 30 31 39 21 28 27 24 25 22 29 26 20 23 42 41 44 46 45 48 40 47 49 43 54 50 51 55 57 59 53 52 56 58 71 74 78 75 79 70 73 72 76 77 93 90 95 92 99 97 91 96 94 98 94 96 91 97 99 92 95 90 93 77 76 72 73 70 79 75 78 74 71 58 56 52 53 59 57 55 51 50 54 43 49 47 40 48 45 46 44 41 42 23 20 26 29 22 25 24 27 28 21 39 31 30 37 32 38 36 34 33 35 4 1 0 3 9 6 8 5 7 2 18 16 14 10 15 19 11 12 13 17 68 64 67 60 66 65 62 61 69 63 80 81 83 89 88 86 87 82 84 85 123 134 109 121 133 114 179 146 156 151 152 111 100 165 132 190 141 106 126 104 183 103 172 192 115 129 184 182 176 160 108 158 191 186 168 135 148 137 125 112 144 188 131 153 150 199 117 130 174 147 163 139 155 164 198 113 136 173 171 124 118 170 177 181 197 119 195 105 142 180 193 154 145 178 120 149 138 162 122 196 159 175 140 169 102 194 166 161 128 189 110 143 187 185 157 127 101 116 107 167 107 116 101
100
0 0
1 1
2 2
3 3
4 4
5 5
6 6
7 7
8 8
9 9
10 10
11 11
12 12
13 13
14 14
15 15
16 16
17 17
18 18
19 19
20 20
21 21
22 22
23 23
24 24
25 25
26 26
27 27
28 28
29 29
30 30
31 31
32 32
33 33
34 34
35 35
36 36
37 37
38 38
39 39
40 40
41 41
42 42
43 43
44 44
45 45
46 46
47 47
48 48
49 49
50 50
51 51
52 52
53 53
54 54
55 55
56 56
57 57
58 58
59 59
60 60
61 61
62 62
63 63
64 64
65 65
66 66
67 67
68 68
69 69
70 70
71 71
72 72
73 73
74 74
75 75
76 76
77 77
78 78
79 79
80 80
81 81
82 82
83 83
84 84
85 85
86 86
87 87
88 88
89 89
90 90
91 91
92 92
93 93
94 94
95 95
96 96
97 97
98 98
99 99
