51 98 99 70 55 91 75 80 65 61 77 66 81 64 71 86 94 92 83 53 57 74 78 54 60 46 47 43 48 45 42 44 29 33 31 34 32 30 28 17 15 16 14 20 19 18 6 0 3 1 2 5 4 11 10 12 9 7 8 13 25 22 27 24 23 21 26 35 40 39 38 36 41 37 49 37 41 36 38 39 40 35 26 21 23 24 27 22 25 13 8 7 9 12 10 11 4 5 2 1 3 0 6 18 19 20 14 16 15 17 28 30 32 34 31 33 29 44 42 45 48 43 47 46 60 54 78 74 57 53 83 92 94 86 71 64 81 66 77 61 65 80 75 91 55 70 99 98 51 79 59 67 82 90 84 68 56 88 63 62 96 87 76 89 58 95 69 97 52 72 73 93 50 85 50 93 73 72 52 97 69 95 58 89 76 87 96 62 63 88 56 68 84 90 82 67 59 79 51
50
0 0
1 1
2 2
3 3
4 4
5 5
6 6
7 7
8 8
9 9
10 10
11 11
12 12
13 13
14 14
15 15
16 16
17 17
18 18
19 19
20 20
21 21
22 22
23 23
24 24
25 25
26 26
27 27
28 28
29 29
30 30
31 31
32 32
33 33
34 34
35 35
36 36
37 37
38 38
39 39
40 40
41 41
42 42
43 43
44 44
45 45
46 46
47 47
48 48
49 49
