Soda Cambodia Slovenia Liechtenstein Armenia Fiji Netherlands Palestine Haiti Dominican Djibouti Finland Malta Antigua Bangladesh Grenada Liberia Aruba British Korea Guyana Holy Monaco Senegal Egypt Cyprus India Benin Lao Lesotho Mongolia Singapore Lebanon Guatemala Cayman El Japan Sudan Brunei Antarctica Lithuania Gibraltar Cabo Georgia Bermuda American Nigeria Mozambique Malaysia Germany Costa Saint Nepal Azerbaijan Cuba Pakistan Libya Paraguay Hungary Mauritius Italy Estonia Philippines Saudi Greenland Denmark Sri Portugal Belize Russian Colombia Guadeloupe Republic Algeria Suriname Afghanistan Congo Luxembourg Argentina Northern Kiribati Puerto Bulgaria Jamaica Mali Panama Canada Norfolk Papua Micronesia Eritrea Kuwait Kenya Moldova Botswana Namibia Chile Barbados Albania Nauru Bahrain Comoros Myanmar Iceland San Marshall Spain Maldives Croatia Sint Equatorial Bolivia Svalbard Romania Mauritania Mexico Bahamas Indonesia Guinea Andorra Jordan France Virgin Qatar Honduras Slovakia Israel Ghana Belgium Jersey Seychelles Burkina Czech New Serbia Isle Oman Montenegro Cameroon Macao Australia Bhutan Gabon Iraq Iran Anguilla Hong Latvia Guernsey Montserrat Guam Nicaragua Guam Montserrat Guernsey Latvia Hong Anguilla Iran Iraq Gabon Bhutan Australia Macao Cameroon Montenegro Oman Isle Serbia New Czech Burkina Seychelles Jersey Belgium Ghana Israel Slovakia Honduras Qatar Virgin France Jordan Andorra Guinea Indonesia Bahamas Mexico Mauritania Romania Svalbard Bolivia Equatorial Sint Croatia Maldives Spain Marshall San Iceland Myanmar Comoros Bahrain Nauru Albania Barbados Chile Namibia Botswana Moldova Kenya Kuwait Eritrea Micronesia Papua Norfolk Canada Panama Mali Jamaica Bulgaria Puerto Kiribati Northern Argentina Luxembourg Congo Afghanistan Suriname Algeria Republic Guadeloupe Colombia Russian Belize Portugal Sri Denmark Greenland Saudi Philippines Estonia Italy Mauritius Hungary Paraguay Libya Pakistan Cuba Azerbaijan Nepal Saint Costa Germany Malaysia Mozambique Nigeria American Bermuda Georgia Cabo Gibraltar Lithuania Antarctica Brunei Sudan Japan El Cayman Guatemala Lebanon Singapore Mongolia Lesotho Lao Benin India Cyprus Egypt Senegal Monaco Holy Guyana Korea British Aruba Liberia Grenada Bangladesh Antigua Malta Finland Djibouti Dominican Haiti Palestine Netherlands Fiji Armenia Liechtenstein Slovenia Cambodia Soda China Ireland Mayotte Pitcairn Palau Peru Brazil Norway Kazakhstan Austria Chad Ethiopia French Dominica Madagascar Niue Cocos Morocco Ecuador Burundi Macedonia Bonaire Faroe Bouvet Poland South Rwanda Falkland Malawi Belarus Sierra Central Samoa Cook Martinique Somalia Swaziland Gambia Christmas Bosnia Angola Heard Sao Kyrgyzstan Solomon United Niger Greece Niger United Solomon Kyrgyzstan Sao Heard Angola Bosnia Christmas Gambia Swaziland Somalia Martinique Cook Samoa Central Sierra Belarus Malawi Falkland Rwanda South Poland Bouvet Faroe Bonaire Macedonia Burundi Ecuador Morocco Cocos Niue Madagascar Dominica French Ethiopia Chad Austria Kazakhstan Norway Brazil Peru Palau Pitcairn Mayotte Ireland China Soda
50
United United
Burundi Burundi
Japan Japan
Pakistan Pakistan
Fiji Fiji
Lao Lao
Singapore Singapore
Nigeria Nigeria
Luxembourg Luxembourg
Burkina Burkina
Croatia Croatia
Lebanon Lebanon
Northern Northern
Korea Korea
Sao Sao
Niger Niger
Hong Hong
Mayotte Mayotte
Malawi Malawi
Sint Sint
Jamaica Jamaica
Netherlands Netherlands
Indonesia Indonesia
Rwanda Rwanda
Liberia Liberia
Latvia Latvia
Bahamas Bahamas
Kyrgyzstan Kyrgyzstan
Moldova Moldova
Republic Republic
Congo Congo
Pitcairn Pitcairn
Belize Belize
British British
Cambodia Cambodia
Algeria Algeria
Iraq Iraq
Finland Finland
Palau Palau
Ireland Ireland
Saint Saint
Kiribati Kiribati
Mexico Mexico
Aruba Aruba
New New
Macao Macao
Albania Albania
Egypt Egypt
Antigua Antigua
Argentina Argentina
