Soda Hungary Grenada Cocos Cameroon Bonaire Chile Guyana Burkina Guam Gambia Guam Burkina Guyana Chile Bonaire Cameroon Cocos Grenada Hungary Soda Canada Austria Armenia Virgin Cayman Finland Egypt Belarus Cyprus Benin Cook Albania Hong Aruba Central France Bahrain French Haiti Ethiopia Belize Christmas Djibouti Greece Eritrea Angola Ghana Holy Denmark Algeria Antigua China Bermuda Guatemala Cambodia Faroe Azerbaijan United Czech Australia Afghanistan Gabon Belgium Iceland India Bosnia Bouvet Estonia Guadeloupe Cabo Bulgaria Antarctica Honduras Argentina Fiji Andorra Anguilla Ecuador Croatia Greenland Botswana Dominican Heard British El Bangladesh Congo Comoros Indonesia Bolivia Guinea Gibraltar American Cuba Chad Equatorial Guernsey Bhutan Brunei Costa Georgia Dominica Brazil Germany Bahamas Barbados Falkland Colombia Burundi Colombia Falkland Barbados Bahamas Germany Brazil Dominica Georgia Costa Brunei Bhutan Guernsey Equatorial Chad Cuba American Gibraltar Guinea Bolivia Indonesia Comoros Congo Bangladesh El British Heard Dominican Botswana Greenland Croatia Ecuador Anguilla Andorra Fiji Argentina Honduras Antarctica Bulgaria Cabo Guadeloupe Estonia Bouvet Bosnia India Iceland Belgium Gabon Afghanistan Australia Czech United Azerbaijan Faroe Cambodia Guatemala Bermuda China Antigua Algeria Denmark Holy Ghana Angola Eritrea Greece Djibouti Christmas Belize Ethiopia Haiti French Bahrain France Central Aruba Hong Albania Cook Benin Cyprus Belarus Egypt Finland Cayman Virgin Armenia Austria Canada Soda
25
Denmark Denmark
Angola Angola
Comoros Comoros
Botswana Botswana
Belize Belize
Antigua Antigua
Cocos Cocos
Cayman Cayman
Guadeloupe Guadeloupe
Guam Guam
United United
Bouvet Bouvet
Colombia Colombia
Egypt Egypt
Australia Australia
Austria Austria
Argentina Argentina
Aruba Aruba
Bermuda Bermuda
Cambodia Cambodia
Fiji Fiji
China China
Guyana Guyana
Czech Czech
Central Central
