1 67 30 18 50 53 60 40 6 11 47 109 42 48 69 13 81 101 114 120 37 115 31 9 98 39 75 66 73 72 93 27 32 36 87 3 82 10 119 21 16 105 118 54 17 99 26 107 59 97 57 7 91 90 103 88 44 111 24 84 117 46 65 41 14 110 56 20 77 113 79 35 19 89 33 95 71 25 74 102 4 68 38 106 94 106 38 68 4 102 74 25 71 95 33 89 19 35 79 113 77 20 56 110 14 41 65 46 117 84 24 111 44 88 103 90 91 7 57 97 59 107 26 99 17 54 118 105 16 21 119 10 82 3 87 36 32 27 93 72 73 66 75 39 98 9 31 115 37 120 114 101 81 13 69 48 42 109 47 11 6 40 60 53 50 18 30 67 1 49 108 64 8 62 96 2 52 5 83 78 43 12 15 61 45 63 28 55 80 76 29 86 70 116 58 23 92 34 22 100 85 104 51 112 51 104 85 100 22 34 92 23 58 116 70 86 29 76 80 55 28 63 45 61 15 12 43 78 83 5 52 2 96 62 8 64 108 49 1
70
10 10
11 11
12 12
13 13
14 14
15 15
16 16
17 17
18 18
19 19
20 20
21 21
22 22
23 23
24 24
25 25
26 26
27 27
28 28
29 29
30 30
31 31
32 32
33 33
34 34
35 35
36 36
37 37
38 38
39 39
40 40
41 41
42 42
43 43
44 44
45 45
46 46
47 47
48 48
49 49
50 50
51 51
52 52
53 53
54 54
55 55
56 56
57 57
58 58
59 59
60 60
61 61
62 62
63 63
64 64
65 65
66 66
67 67
68 68
69 69
70 70
71 71
72 72
73 73
74 74
75 75
76 76
77 77
78 78
79 79
