1 12 62 53 70 65 51 28 51 65 70 53 62 12 1 58 67 4 52 61 38 48 68 66 30 54 21 64 9 16 41 43 34 22 37 59 2 24 31 42 40 6 15 11 18 25 44 26 69 8 49 47 55 56 39 13 33 17 36 57 5 10 35 32 63 19 3 23 60 27 50 20 46 7 29 14 45 14 29 7 46 20 50 27 60 23 3 19 63 32 35 10 5 57 36 17 33 13 39 56 55 47 49 8 69 26 44 25 18 11 15 6 40 42 31 24 2 59 37 22 34 43 41 16 9 64 21 54 30 66 68 48 38 61 52 4 67 58 1
40
26 26
34 34
33 33
30 30
15 15
21 21
1 1
28 28
16 16
5 5
8 8
12 12
6 6
14 14
27 27
4 4
40 40
32 32
36 36
7 7
9 9
22 22
10 10
39 39
24 24
29 29
3 3
35 35
2 2
37 37
17 17
13 13
18 18
23 23
31 31
25 25
20 20
11 11
38 38
19 19
