Essos TheRiverStyx Ivormere TheRiverStyx Essos JarrensOutpost Keld SouthernAirTemple TheUniversity Barkamsted Coalwatch FireNation TheKrustyKrab Grimbarrow Steeltown Aerodenn Boatwright Meckgue Hogsmead Azkaban Soda BoarsEye BikiniBottom Dagobah RepublicCity Blackwater VaultofSouls MinistryofMagic Ebonfall TheShire FleaBottom Eggmanland TheArcanum Arrowcave Westeros Tartarus Larcbost Alderaan BorginBurkes Arcwallow IronIslands MadamMalkins TheGodswood TheChumBucket SatishVille Gizton Rivendell IslesofElysium Trebon Tralfamadore WitheredHeath Arkham Shadesmar MenoaTree Vintas GodricsHollow Omniverse TheWall CrastersKeep Grayburn TheEyrie Peridrift Chrofall Castamere Karth Pendle Titferdenn Helgrind Blagworth Millhagen FogofLostSouls Prongdale SerpantsPass Shinovar Bellechulish ThePrancingPony ShriekingShack TheHogsHead Atlantas BayofDragons Millingburg Yunkai LeakyCauldron Toffingburg Jakku Alethkar WesternAirTemple ZhaoFu Duskhollow StormsEnd Imre TheBoilingRock MysticRuins TheSpine Zootropolis KingsLanding Gotham Dorne JahKeved Azir Newarre RokusIsland Durnatel DiagonAlley Riverrun AirTempleIsland Accrington HighGarden TheCommonwealth EasternAirTemple Lorien Meereen KnifesEdge Ramshorn BaSingSe Dubwall Tarbean DuWeldenvarden BeyondtheWall Mordor Rohan Astapor Meckingbourne BubblegumKingdom Neddington Ellesmera Netherfort Arcmoor RockofKuthian GringottsBank Endor LakeLaogai TheGreatDivide Murkcairn TheSpiritWorld TheSwamp KyoshiIsland Braavos Snozgate TheWhompingWillow UtgardMountain TheAturanEmpire StationSquare Kharbranth Severen Winterfell KoralReef Ceald Toperhagen TheFae Urubaen Naboo MountOlympus Valyria Dragonstone Westopolis Peterborough Bobbingbourne FlourishBlotts DothrakiSea Neverland Omashu CasterlyRock HorneaterPeaks EarthKingdom TheWaystoneInn Eastborne Vexhollow Ademre Beldenn GooLagoon TreeofTime Penketh Yll Tatooine ShatteredPlains TheJasmineDragon Kinecardine TheVale Lockinge CastleBlack TheUnderworld Neddingtown CrystalCove Mirkwood Belhaben TheBurningPlains Carvahall TheFingers Alagaesia Sanlow Hogwarts Glimthain Batcave TheReshiIsles ProBendingArena WonderCity Olivanders Vroengard CaveofTwoLovers NocturneAlley TheEolian NocturneAlley CaveofTwoLovers Vroengard Olivanders WonderCity ProBendingArena TheReshiIsles Batcave Glimthain Hogwarts Sanlow Alagaesia TheFingers Carvahall TheBurningPlains Belhaben Mirkwood CrystalCove Neddingtown TheUnderworld CastleBlack Lockinge TheVale Kinecardine TheJasmineDragon ShatteredPlains Tatooine Yll Penketh TreeofTime GooLagoon Beldenn Ademre Vexhollow Eastborne TheWaystoneInn EarthKingdom HorneaterPeaks CasterlyRock Omashu Neverland DothrakiSea FlourishBlotts Bobbingbourne Peterborough Westopolis Dragonstone Valyria MountOlympus Naboo Urubaen TheFae Toperhagen Ceald KoralReef Winterfell Severen Kharbranth StationSquare TheAturanEmpire UtgardMountain TheWhompingWillow Snozgate Braavos KyoshiIsland TheSwamp TheSpiritWorld Murkcairn TheGreatDivide LakeLaogai Endor GringottsBank RockofKuthian Arcmoor Netherfort Ellesmera Neddington BubblegumKingdom Meckingbourne Astapor Rohan Mordor BeyondtheWall DuWeldenvarden Tarbean Dubwall BaSingSe Ramshorn KnifesEdge Meereen Lorien EasternAirTemple TheCommonwealth HighGarden Accrington AirTempleIsland Riverrun DiagonAlley Durnatel RokusIsland Newarre Azir JahKeved Dorne Gotham KingsLanding Zootropolis TheSpine MysticRuins TheBoilingRock Imre StormsEnd Duskhollow ZhaoFu WesternAirTemple Alethkar Jakku Toffingburg LeakyCauldron Yunkai Millingburg BayofDragons Atlantas TheHogsHead ShriekingShack ThePrancingPony Bellechulish Shinovar SerpantsPass Prongdale FogofLostSouls Millhagen Blagworth Helgrind Titferdenn Pendle Karth Castamere Chrofall Peridrift TheEyrie Grayburn CrastersKeep TheWall Omniverse GodricsHollow Vintas MenoaTree Shadesmar Arkham WitheredHeath Tralfamadore Trebon IslesofElysium Rivendell Gizton SatishVille TheChumBucket TheGodswood MadamMalkins IronIslands Arcwallow BorginBurkes Alderaan Larcbost Tartarus Westeros Arrowcave TheArcanum Eggmanland FleaBottom TheShire Ebonfall MinistryofMagic VaultofSouls Blackwater RepublicCity Dagobah BikiniBottom BoarsEye Soda Azkaban Hogsmead Meckgue Boatwright Aerodenn Steeltown Grimbarrow TheKrustyKrab FireNation Coalwatch Barkamsted TheUniversity SouthernAirTemple Keld JarrensOutpost Essos
100
RepublicCity RepublicCity
Arcwallow Arcwallow
WitheredHeath WitheredHeath
Trebon Trebon
Yll Yll
TheSpiritWorld TheSpiritWorld
Newarre Newarre
Essos Essos
Severen Severen
ShatteredPlains ShatteredPlains
Penketh Penketh
Dubwall Dubwall
Ellesmera Ellesmera
Netherfort Netherfort
Boatwright Boatwright
Tartarus Tartarus
Tarbean Tarbean
TheFae TheFae
Hogsmead Hogsmead
TheCommonwealth TheCommonwealth
TheVale TheVale
Toffingburg Toffingburg
MountOlympus MountOlympus
Hogwarts Hogwarts
Lockinge Lockinge
Soda Soda
Barkamsted Barkamsted
Omashu Omashu
Chrofall Chrofall
BikiniBottom BikiniBottom
KnifesEdge KnifesEdge
TheKrustyKrab TheKrustyKrab
Azir Azir
DiagonAlley DiagonAlley
Valyria Valyria
Westeros Westeros
Arrowcave Arrowcave
Astapor Astapor
Castamere Castamere
Urubaen Urubaen
Endor Endor
JarrensOutpost JarrensOutpost
TheSpine TheSpine
TheChumBucket TheChumBucket
TheBoilingRock TheBoilingRock
TheWhompingWillow TheWhompingWillow
TheGodswood TheGodswood
Accrington Accrington
Vintas Vintas
BaSingSe BaSingSe
Toperhagen Toperhagen
TheReshiIsles TheReshiIsles
JahKeved JahKeved
Alethkar Alethkar
BeyondtheWall BeyondtheWall
Dragonstone Dragonstone
Gizton Gizton
Neddington Neddington
Keld Keld
Braavos Braavos
ProBendingArena ProBendingArena
FleaBottom FleaBottom
TheGreatDivide TheGreatDivide
Duskhollow Duskhollow
ShriekingShack ShriekingShack
TheRiverStyx TheRiverStyx
Steeltown Steeltown
FlourishBlotts FlourishBlotts
Atlantas Atlantas
HighGarden HighGarden
Peridrift Peridrift
CaveofTwoLovers CaveofTwoLovers
Neddingtown Neddingtown
Lorien Lorien
SatishVille SatishVille
Jakku Jakku
WesternAirTemple WesternAirTemple
GooLagoon GooLagoon
FireNation FireNation
Helgrind Helgrind
DuWeldenvarden DuWeldenvarden
Ademre Ademre
Blackwater Blackwater
Shinovar Shinovar
Ivormere Ivormere
Grimbarrow Grimbarrow
Sanlow Sanlow
Bobbingbourne Bobbingbourne
Carvahall Carvahall
Alderaan Alderaan
TheEyrie TheEyrie
Karth Karth
Aerodenn Aerodenn
Meereen Meereen
Arkham Arkham
Winterfell Winterfell
Batcave Batcave
TheUnderworld TheUnderworld
CastleBlack CastleBlack
Riverrun Riverrun
