FleaBottom RockofKuthian CrastersKeep MinistryofMagic Severen UtgardMountain Toperhagen Vintas HorneaterPeaks KingsLanding Olivanders TheBurningPlains Yll IronIslands SatishVille TheAturanEmpire TheSpine ShriekingShack Lorien TheVale Carvahall Aerodenn Eggmanland Batcave TheBoilingRock TheKrustyKrab Glimthain Yunkai Kinecardine Tartarus BorginBurkes Trebon TheGreatDivide HighGarden DiagonAlley GooLagoon Accrington Peterborough Dragonstone Ademre Vroengard Coalwatch Arkham Westopolis Dagobah Westopolis Arkham Coalwatch Vroengard Ademre Dragonstone Peterborough Accrington GooLagoon DiagonAlley HighGarden TheGreatDivide Trebon BorginBurkes Tartarus Kinecardine Yunkai Glimthain TheKrustyKrab TheBoilingRock Batcave Eggmanland Aerodenn Carvahall TheVale Lorien ShriekingShack TheSpine TheAturanEmpire SatishVille IronIslands Yll TheBurningPlains Olivanders KingsLanding HorneaterPeaks Vintas Toperhagen UtgardMountain Severen MinistryofMagic CrastersKeep RockofKuthian FleaBottom Bobbingbourne Urubaen Ebonfall GringottsBank Snozgate GringottsBank Ebonfall Urubaen Bobbingbourne FleaBottom
25
Urubaen Urubaen
TheBurningPlains TheBurningPlains
UtgardMountain UtgardMountain
GringottsBank GringottsBank
Westopolis Westopolis
Eggmanland Eggmanland
Bobbingbourne Bobbingbourne
Vintas Vintas
TheGreatDivide TheGreatDivide
Olivanders Olivanders
TheBoilingRock TheBoilingRock
Glimthain Glimthain
Ademre Ademre
Yll Yll
Batcave Batcave
Trebon Trebon
TheVale TheVale
Ebonfall Ebonfall
Arkham Arkham
Coalwatch Coalwatch
SatishVille SatishVille
Accrington Accrington
MinistryofMagic MinistryofMagic
HighGarden HighGarden
ShriekingShack ShriekingShack
