Meckgue HighGarden TheUniversity Barkamsted Bellechulish TheWhompingWillow TheVale EasternAirTemple TheUnderworld Urubaen FlourishBlotts HorneaterPeaks VaultofSouls Kinecardine VaultofSouls HorneaterPeaks FlourishBlotts Urubaen TheUnderworld EasternAirTemple TheVale TheWhompingWillow Bellechulish Barkamsted TheUniversity HighGarden Meckgue TheFingers Beldenn ShriekingShack LakeLaogai Eggmanland Castamere Arkham Omniverse Ramshorn MinistryofMagic Carvahall ThePrancingPony BayofDragons Zootropolis ShatteredPlains MadamMalkins Larcbost TheEyrie TheKrustyKrab Blagworth Vintas Braavos JahKeved FogofLostSouls Murkcairn Netherfort Gizton Steeltown SerpantsPass Ademre GringottsBank Naboo EarthKingdom Yunkai Toperhagen TheHogsHead BoarsEye BubblegumKingdom Sanlow Boatwright Dubwall Tartarus TheWaystoneInn TheEolian TheSpine BeyondtheWall TheBoilingRock TheReshiIsles Winterfell Meereen TheSwamp Ellesmera GooLagoon TheFae Keld Grayburn Millingburg BikiniBottom Lorien ProBendingArena CasterlyRock WitheredHeath MountOlympus Ceald Belhaben ZhaoFu Atlantas LeakyCauldron TheArcanum Gotham Glimthain Alethkar MysticRuins TheGodswood Endor UtgardMountain Omashu KoralReef Essos Dagobah TreeofTime RepublicCity Neddingtown Shadesmar Vexhollow GodricsHollow Vexhollow Shadesmar Neddingtown RepublicCity TreeofTime Dagobah Essos KoralReef Omashu UtgardMountain Endor TheGodswood MysticRuins Alethkar Glimthain Gotham TheArcanum LeakyCauldron Atlantas ZhaoFu Belhaben Ceald MountOlympus WitheredHeath CasterlyRock ProBendingArena Lorien BikiniBottom Millingburg Grayburn Keld TheFae GooLagoon Ellesmera TheSwamp Meereen Winterfell TheReshiIsles TheBoilingRock BeyondtheWall TheSpine TheEolian TheWaystoneInn Tartarus Dubwall Boatwright Sanlow BubblegumKingdom BoarsEye TheHogsHead Toperhagen Yunkai EarthKingdom Naboo GringottsBank Ademre SerpantsPass Steeltown Gizton Netherfort Murkcairn FogofLostSouls JahKeved Braavos Vintas Blagworth TheKrustyKrab TheEyrie Larcbost MadamMalkins ShatteredPlains Zootropolis BayofDragons ThePrancingPony Carvahall MinistryofMagic Ramshorn Omniverse Arkham Castamere Eggmanland LakeLaogai ShriekingShack Beldenn TheFingers Meckgue
50
Murkcairn Murkcairn
TheWaystoneInn TheWaystoneInn
Grayburn Grayburn
TheSpine TheSpine
Gotham Gotham
Sanlow Sanlow
EarthKingdom EarthKingdom
TheUniversity TheUniversity
EasternAirTemple EasternAirTemple
Meereen Meereen
BeyondtheWall BeyondtheWall
Gizton Gizton
Braavos Braavos
VaultofSouls VaultofSouls
Lorien Lorien
Ademre Ademre
Meckgue Meckgue
Netherfort Netherfort
Kinecardine Kinecardine
Keld Keld
Tartarus Tartarus
KoralReef KoralReef
GooLagoon GooLagoon
Dagobah Dagobah
ZhaoFu ZhaoFu
MysticRuins MysticRuins
Winterfell Winterfell
Steeltown Steeltown
Carvahall Carvahall
TheVale TheVale
FlourishBlotts FlourishBlotts
Larcbost Larcbost
Vexhollow Vexhollow
UtgardMountain UtgardMountain
Urubaen Urubaen
ShatteredPlains ShatteredPlains
Beldenn Beldenn
Castamere Castamere
LeakyCauldron LeakyCauldron
Yunkai Yunkai
LakeLaogai LakeLaogai
TheKrustyKrab TheKrustyKrab
Ellesmera Ellesmera
RepublicCity RepublicCity
TheGodswood TheGodswood
TheHogsHead TheHogsHead
ThePrancingPony ThePrancingPony
TreeofTime TreeofTime
TheBoilingRock TheBoilingRock
TheArcanum TheArcanum
