21 77 48 179 106 155 23 189 33 117 5 193 86 9 133 84 72 53 138 87 104 105 145 38 145 105 104 87 138 53 72 84 133 9 86 193 5 117 33 189 23 155 106 179 48 77 21 54 153 174 121 142 107 97 165 110 13 37 2 44 128 134 94 19 59 80 159 112 118 146 55 95 149 49 157 65 114 83 82 148 91 187 150 32 169 181 125 66 41 168 36 173 45 85 20 113 99 70 25 154 67 26 115 1 79 158 199 89 109 100 137 58 27 31 195 147 29 40 35 61 124 180 10 30 132 73 90 167 191 144 122 17 119 178 78 96 75 102 129 163 101 192 28 111 176 186 93 175 8 196 139 11 135 131 22 184 151 126 71 152 92 190 188 56 171 51 12 103 177 46 198 141 182 24 116 50 172 170 62 57 166 140 0 108 98 15 127 4 42 7 47 161 52 43 18 164 63 160 123 143 183 156 68 6 130 185 194 136 81 88 76 74 197 69 64 39 34 16 120 14 3 162 60 162 3 14 120 16 34 39 64 69 197 74 76 88 81 136 194 185 130 6 68 156 183 143 123 160 63 164 18 43 52 161 47 7 42 4 127 15 98 108 0 140 166 57 62 170 172 50 116 24 182 141 198 46 177 103 12 51 171 56 188 190 92 152 71 126 151 184 22 131 135 11 139 196 8 175 93 186 176 111 28 192 101 163 129 102 75 96 78 178 119 17 122 144 191 167 90 73 132 30 10 180 124 61 35 40 29 147 195 31 27 58 137 100 109 89 199 158 79 1 115 26 67 154 25 70 99 113 20 85 45 173 36 168 41 66 125 181 169 32 150 187 91 148 82 83 114 65 157 49 149 95 55 146 118 112 159 80 59 19 94 134 128 44 2 37 13 110 165 97 107 142 121 174 153 54 21
100
147 147
20 20
18 18
14 14
17 17
136 136
190 190
42 42
194 194
170 170
24 24
91 91
188 188
47 47
48 48
23 23
51 51
34 34
36 36
135 135
172 172
127 127
45 45
163 163
90 90
40 40
10 10
125 125
122 122
167 167
100 100
130 130
46 46
74 74
2 2
31 31
7 7
151 151
97 97
133 133
142 142
180 180
30 30
29 29
56 56
156 156
144 144
186 186
184 184
37 37
116 116
121 121
64 64
15 15
131 131
108 108
149 149
154 154
120 120
81 81
118 118
160 160
119 119
139 139
178 178
16 16
78 78
27 27
169 169
96 96
152 152
102 102
88 88
115 115
103 103
75 75
21 21
68 68
134 134
62 62
38 38
49 49
168 168
61 61
146 146
177 177
32 32
196 196
176 176
87 87
105 105
137 137
159 159
114 114
54 54
60 60
72 72
53 53
82 82
95 95
