29 96 9 15 32 58 26 99 11 36 69 47 8 19 3 12 40 75 88 95 10 23 31 53 30 71 7 5 33 48 35 89 4 1 68 57 18 0 51 0 18 57 68 1 4 89 35 48 33 5 7 71 30 53 31 23 10 95 88 75 40 12 3 19 8 47 69 36 11 99 26 58 32 15 9 96 29 24 81 38 52 42 77 65 76 54 16 66 98 90 22 94 27 64 78 83 84 73 39 60 37 20 86 28 72 92 2 6 44 91 85 61 70 59 41 87 62 56 55 14 79 82 74 50 80 49 43 93 46 34 25 21 63 67 17 13 45 97 45 13 17 67 63 21 25 34 46 93 43 49 80 50 74 82 79 14 55 56 62 87 41 59 70 61 85 91 44 6 2 92 72 28 86 20 37 60 39 73 84 83 78 64 27 94 22 90 98 66 16 54 76 65 77 42 52 38 81 24 29
50
67 67
24 24
70 70
86 86
10 10
56 56
34 34
57 57
4 4
64 64
63 63
93 93
80 80
77 77
5 5
45 45
71 71
9 9
66 66
27 27
68 68
25 25
3 3
85 85
98 98
59 59
46 46
72 72
73 73
30 30
35 35
23 23
90 90
79 79
31 31
11 11
96 96
69 69
97 97
49 49
78 78
82 82
75 75
58 58
26 26
51 51
7 7
0 0
32 32
17 17
