1FoundersRock 4HearstGreekTheatre 5HearstMemorial 2UniversityHouse 3FacultyClub 6DoeLibrary 9SatherGate 12California 14Wellman 11HearstGymnasium 16Giannini 19SouthHall 22Unit2 24Blackwell 21Unit1 26ClarkKerr 29VarsityBerkeley 32DeltaPhiEpsilon 34Martinez 31Hillegass 36CasaZimbabwe 30Stonefire 27InternationalHouse 28SodaHall 25Foothill 23Unit3 20Ehrman 17Wheeler 18NorthGate 15Hilgard 13Durant 10Bridge 8Esplanade 7SatherTower 33Wada 35ChanningBowdwitch 38RajProperties 37OtherCoop 38RajProperties 35ChanningBowdwitch 33Wada 7SatherTower 8Esplanade 10Bridge 13Durant 15Hilgard 18NorthGate 17Wheeler 20Ehrman 23Unit3 25Foothill 28SodaHall 27InternationalHouse 30Stonefire 36CasaZimbabwe 31Hillegass 34Martinez 32DeltaPhiEpsilon 29VarsityBerkeley 26ClarkKerr 21Unit1 24Blackwell 22Unit2 19SouthHall 16Giannini 11HearstGymnasium 14Wellman 12California 9SatherGate 6DoeLibrary 3FacultyClub 2UniversityHouse 5HearstMemorial 4HearstGreekTheatre 1FoundersRock 39SanFransisco 40Oaktown 39SanFransisco 1FoundersRock
25
16Giannini 16Giannini
17Wheeler 17Wheeler
18NorthGate 18NorthGate
19SouthHall 19SouthHall
20Ehrman 20Ehrman
21Unit1 21Unit1
22Unit2 22Unit2
23Unit3 23Unit3
24Blackwell 24Blackwell
25Foothill 25Foothill
26ClarkKerr 26ClarkKerr
27InternationalHouse 27InternationalHouse
28SodaHall 28SodaHall
29VarsityBerkeley 29VarsityBerkeley
30Stonefire 30Stonefire
31Hillegass 31Hillegass
32DeltaPhiEpsilon 32DeltaPhiEpsilon
33Wada 33Wada
34Martinez 34Martinez
35ChanningBowdwitch 35ChanningBowdwitch
36CasaZimbabwe 36CasaZimbabwe
37OtherCoop 37OtherCoop
38RajProperties 38RajProperties
39SanFransisco 39SanFransisco
40Oaktown 40Oaktown
