1FoundersRock 8Esplanade 22Unit2 36CasaZimbabwe 50Bridge 64Blackwell 78RajProperties 77OtherCoop 76CasaZimbabwe 67InternationalHouse 63Unit3 62Unit2 53Durant 49SatherGate 48Esplanade 39SanFransisco 35ChanningBowdwitch 34Martinez 25Foothill 21Unit1 20Ehrman 11HearstGymnasium 7SatherTower 6DoeLibrary 4HearstGreekTheatre 13Durant 14Wellman 18NorthGate 27InternationalHouse 28SodaHall 32DeltaPhiEpsilon 41FoundersRock 42UniversityHouse 46DoeLibrary 55Hilgard 56Giannini 60Ehrman 69VarsityBerkeley 70Stonefire 74Martinez 73Wada 79SanFransisco 73Wada 74Martinez 70Stonefire 69VarsityBerkeley 60Ehrman 56Giannini 55Hilgard 46DoeLibrary 42UniversityHouse 41FoundersRock 32DeltaPhiEpsilon 28SodaHall 27InternationalHouse 18NorthGate 14Wellman 13Durant 4HearstGreekTheatre 6DoeLibrary 7SatherTower 11HearstGymnasium 20Ehrman 21Unit1 25Foothill 34Martinez 35ChanningBowdwitch 39SanFransisco 48Esplanade 49SatherGate 53Durant 62Unit2 63Unit3 67InternationalHouse 76CasaZimbabwe 77OtherCoop 78RajProperties 64Blackwell 50Bridge 36CasaZimbabwe 22Unit2 8Esplanade 1FoundersRock 15Hilgard 29VarsityBerkeley 43FacultyClub 57Wheeler 71Hillegass 72DeltaPhiEpsilon 66ClarkKerr 61Unit1 51HearstGymnasium 54Wellman 59SouthHall 47SatherTower 44HearstGreekTheatre 38RajProperties 26ClarkKerr 31Hillegass 37OtherCoop 24Blackwell 19SouthHall 16Giannini 3FacultyClub 9SatherGate 12California 2UniversityHouse 5HearstMemorial 10Bridge 23Unit3 17Wheeler 30Stonefire 33Wada 45HearstMemorial 40Oaktown 52California 58NorthGate 68SodaHall 65Foothill 75ChanningBowdwitch 80Oaktown 75ChanningBowdwitch 65Foothill 68SodaHall 58NorthGate 52California 40Oaktown 45HearstMemorial 33Wada 30Stonefire 17Wheeler 23Unit3 10Bridge 5HearstMemorial 2UniversityHouse 12California 9SatherGate 3FacultyClub 16Giannini 19SouthHall 24Blackwell 37OtherCoop 31Hillegass 26ClarkKerr 38RajProperties 44HearstGreekTheatre 47SatherTower 59SouthHall 54Wellman 51HearstGymnasium 61Unit1 66ClarkKerr 72DeltaPhiEpsilon 71Hillegass 57Wheeler 43FacultyClub 29VarsityBerkeley 15Hilgard 1FoundersRock
50
31Hillegass 31Hillegass
32DeltaPhiEpsilon 32DeltaPhiEpsilon
33Wada 33Wada
34Martinez 34Martinez
35ChanningBowdwitch 35ChanningBowdwitch
36CasaZimbabwe 36CasaZimbabwe
37OtherCoop 37OtherCoop
38RajProperties 38RajProperties
39SanFransisco 39SanFransisco
40Oaktown 40Oaktown
41FoundersRock 41FoundersRock
42UniversityHouse 42UniversityHouse
43FacultyClub 43FacultyClub
44HearstGreekTheatre 44HearstGreekTheatre
45HearstMemorial 45HearstMemorial
46DoeLibrary 46DoeLibrary
47SatherTower 47SatherTower
48Esplanade 48Esplanade
49SatherGate 49SatherGate
50Bridge 50Bridge
51HearstGymnasium 51HearstGymnasium
52California 52California
53Durant 53Durant
54Wellman 54Wellman
55Hilgard 55Hilgard
56Giannini 56Giannini
57Wheeler 57Wheeler
58NorthGate 58NorthGate
59SouthHall 59SouthHall
60Ehrman 60Ehrman
61Unit1 61Unit1
62Unit2 62Unit2
63Unit3 63Unit3
64Blackwell 64Blackwell
65Foothill 65Foothill
66ClarkKerr 66ClarkKerr
67InternationalHouse 67InternationalHouse
68SodaHall 68SodaHall
69VarsityBerkeley 69VarsityBerkeley
70Stonefire 70Stonefire
71Hillegass 71Hillegass
72DeltaPhiEpsilon 72DeltaPhiEpsilon
73Wada 73Wada
74Martinez 74Martinez
75ChanningBowdwitch 75ChanningBowdwitch
76CasaZimbabwe 76CasaZimbabwe
77OtherCoop 77OtherCoop
78RajProperties 78RajProperties
79SanFransisco 79SanFransisco
80Oaktown 80Oaktown
