1FoundersRock 4HearstGreekTheatre 13Durant 15Hilgard 21Unit1 12California 6DoeLibrary 3FacultyClub 9SatherGate 16Giannini 10Bridge 20Ehrman 41FoundersRock 23Unit3 38RajProperties 47SatherTower 49SatherGate 30Stonefire 32DeltaPhiEpsilon 40Oaktown 55Hilgard 61Unit1 52California 35ChanningBowdwitch 18NorthGate 36CasaZimbabwe 24Blackwell 25Foothill 29VarsityBerkeley 45HearstMemorial 58NorthGate 59SouthHall 63Unit3 42UniversityHouse 66ClarkKerr 39SanFransisco 68SodaHall 82location 87location 90location 102location 111location 105location 95location 84location 77OtherCoop 101location 80Oaktown 113location 97location 106location 94location 88location 78RajProperties 96location 72DeltaPhiEpsilon 57Wheeler 81location 69VarsityBerkeley 86location 74Martinez 89location 98location 100location 108location 123location 126location 114location 110location 109location 121location 103location 120location 137location 188location 56Giannini 50Bridge 43FacultyClub 37OtherCoop 27InternationalHouse 51HearstGymnasium 33Wada 44HearstGreekTheatre 54Wellman 60Ehrman 67InternationalHouse 76CasaZimbabwe 64Blackwell 83location 91location 79SanFransisco 92location 93location 75ChanningBowdwitch 62Unit2 71Hillegass 65Foothill 70Stonefire 73Wada 85location 99location 104location 107location 116location 119location 131location 125location 117location 115location 134location 132location 141location 198location 165location 181location 157location 142location 166location 154location 171location 150location 155location 133location 138location 156location 147location 160location 130location 143location 144location 148location 127location 151location 124location 153location 167location 172location 175location 187location 196location 190location 180location 169location 162location 186location 159location 174location 183location 185location 193location 168location 176location 164location 177location 178location 182location 191location 179location 173location 163location 152location 145location 139location 129location 118location 136location 112location 122location 128location 135location 197location 146location 194location 195location 199location 195location 194location 146location 197location 135location 128location 122location 112location 136location 118location 129location 139location 145location 152location 163location 173location 179location 191location 182location 178location 177location 164location 176location 168location 193location 185location 183location 174location 159location 186location 162location 169location 180location 190location 196location 187location 175location 172location 167location 153location 124location 151location 127location 148location 144location 143location 130location 160location 147location 156location 138location 133location 155location 150location 171location 154location 166location 142location 157location 181location 165location 198location 141location 132location 134location 115location 117location 125location 131location 119location 116location 107location 104location 99location 85location 73Wada 70Stonefire 65Foothill 71Hillegass 62Unit2 75ChanningBowdwitch 93location 92location 79SanFransisco 91location 83location 64Blackwell 76CasaZimbabwe 67InternationalHouse 60Ehrman 54Wellman 44HearstGreekTheatre 33Wada 51HearstGymnasium 27InternationalHouse 37OtherCoop 43FacultyClub 50Bridge 56Giannini 188location 137location 120location 103location 121location 109location 110location 114location 126location 123location 108location 100location 98location 89location 74Martinez 86location 69VarsityBerkeley 81location 57Wheeler 72DeltaPhiEpsilon 96location 78RajProperties 88location 94location 106location 97location 113location 80Oaktown 101location 77OtherCoop 84location 95location 105location 111location 102location 90location 87location 82location 68SodaHall 39SanFransisco 66ClarkKerr 42UniversityHouse 63Unit3 59SouthHall 58NorthGate 45HearstMemorial 29VarsityBerkeley 25Foothill 24Blackwell 36CasaZimbabwe 18NorthGate 35ChanningBowdwitch 52California 61Unit1 55Hilgard 40Oaktown 32DeltaPhiEpsilon 30Stonefire 49SatherGate 47SatherTower 38RajProperties 23Unit3 41FoundersRock 20Ehrman 10Bridge 16Giannini 9SatherGate 3FacultyClub 6DoeLibrary 12California 21Unit1 15Hilgard 13Durant 4HearstGreekTheatre 1FoundersRock 7SatherTower 8Esplanade 11HearstGymnasium 2UniversityHouse 5HearstMemorial 17Wheeler 26ClarkKerr 14Wellman 19SouthHall 22Unit2 31Hillegass 28SodaHall 46DoeLibrary 34Martinez 48Esplanade 53Durant 192location 189location 184location 170location 158location 161location 149location 140location 200location 140location 149location 161location 158location 170location 184location 189location 192location 53Durant 48Esplanade 34Martinez 46DoeLibrary 28SodaHall 31Hillegass 22Unit2 19SouthHall 14Wellman 26ClarkKerr 17Wheeler 5HearstMemorial 2UniversityHouse 11HearstGymnasium 8Esplanade 7SatherTower 1FoundersRock
50
6DoeLibrary 6DoeLibrary
7SatherTower 7SatherTower
8Esplanade 8Esplanade
9SatherGate 9SatherGate
10Bridge 10Bridge
46DoeLibrary 46DoeLibrary
47SatherTower 47SatherTower
48Esplanade 48Esplanade
49SatherGate 49SatherGate
50Bridge 50Bridge
84location 84location
85location 85location
90location 90location
95location 95location
96location 96location
100location 100location
102location 102location
105location 105location
108location 108location
110location 110location
114location 114location
115location 115location
120location 120location
125location 125location
126location 126location
130location 130location
132location 132location
135location 135location
138location 138location
140location 140location
144location 144location
145location 145location
150location 150location
155location 155location
156location 156location
160location 160location
162location 162location
165location 165location
168location 168location
170location 170location
174location 174location
175location 175location
180location 180location
185location 185location
186location 186location
190location 190location
192location 192location
195location 195location
198location 198location
200location 200location
