8 97 105 162 163 153 144 155 145 98 99 54 106 66 64 63 47 65 48 50 33 52 67 51 30 49 112 113 165 166 114 68 61 60 44 43 26 27 22 28 41 45 103 138 94 91 93 79 72 58 101 92 46 95 102 140 183 188 170 193 160 158 116 115 156 190 168 159 146 182 132 133 136 134 175 184 179 180 178 181 139 137 89 90 149 150 161 187 171 192 191 169 109 56 107 167 157 117 76 77 75 73 55 69 70 71 53 34 32 82 6 83 121 173 124 84 126 80 120 123 127 129 86 11 13 9 10 35 12 14 36 88 40 42 57 37 24 38 39 18 19 85 15 16 17 20 21 25 23 87 130 100 147 135 148 108 74 118 110 111 78 59 62 119 128 131 176 177 176 131 128 119 62 59 78 111 110 118 74 108 148 135 147 100 130 87 23 25 21 20 17 16 15 85 19 18 39 38 24 37 57 42 40 88 36 14 12 35 10 9 13 11 86 129 127 123 120 80 126 84 124 173 121 83 6 82 32 34 53 71 70 69 55 73 75 77 76 117 157 167 107 56 109 169 191 192 171 187 161 150 149 90 89 137 139 181 178 180 179 184 175 134 136 133 132 182 146 159 168 190 156 115 116 158 160 193 170 188 183 140 102 95 46 92 101 58 72 79 93 91 94 138 103 45 41 28 22 27 26 43 44 60 61 68 114 166 165 113 112 49 30 51 67 52 33 50 48 65 47 63 64 66 106 54 99 98 145 155 144 153 163 162 105 97 8 81 7 2 1 5 3 29 4 31 104 142 125 141 186 189 164 151 143 154 174 172 122 96 152 185 152 96 122 172 174 154 143 151 164 189 186 141 125 142 104 31 4 29 3 5 1 2 7 81 8
100
123 123
160 160
24 24
25 25
66 66
49 49
121 121
88 88
55 55
124 124
5 5
164 164
183 183
54 54
127 127
87 87
97 97
193 193
137 137
102 102
80 80
19 19
185 185
90 90
63 63
69 69
191 191
35 35
4 4
64 64
165 165
2 2
65 65
153 153
71 71
188 188
147 147
115 115
82 82
167 167
99 99
172 172
169 169
6 6
85 85
45 45
109 109
105 105
136 136
21 21
89 89
30 30
135 135
73 73
53 53
120 120
100 100
59 59
179 179
91 91
38 38
68 68
113 113
182 182
29 29
26 26
126 126
22 22
118 118
47 47
171 171
52 52
72 72
93 93
79 79
192 192
33 33
152 152
116 116
42 42
23 23
70 70
51 51
17 17
145 145
83 83
144 144
181 181
168 168
78 78
174 174
173 173
95 95
142 142
39 39
125 125
3 3
190 190
40 40
61 61
