73 76 73 72 65 64 57 56 61 36 59 35 55 52 24 15 13 10 8 6 4 3 1 5 7 2 9 12 14 16 25 26 21 44 41 19 58 42 40 18 54 47 49 48 45 51 17 50 46 37 53 43 11 20 32 28 29 23 27 31 30 33 22 60 69 67 63 39 74 71 34 38 68 62 66 70 75 77 75 70 66 62 68 38 34 71 74 39 63 67 69 60 22 33 30 31 27 23 29 28 32 20 11 43 53 37 46 50 17 51 45 48 49 47 54 18 40 42 58 19 41 44 21 26 25 16 14 12 9 2 7 5 1 3 4 6 8 10 13 15 24 52 55 35 59 36 61 56 57 64 65 72 73
50
6 6
72 72
65 65
24 24
75 75
60 60
23 23
42 42
44 44
63 63
3 3
57 57
11 11
53 53
33 33
68 68
38 38
4 4
66 66
29 29
59 59
28 28
50 50
61 61
27 27
47 47
36 36
45 45
37 37
30 30
71 71
20 20
8 8
19 19
40 40
5 5
55 55
22 22
41 41
2 2
64 64
25 25
26 26
14 14
7 7
34 34
77 77
51 51
67 67
56 56
