0 7 2 5 37 36 10 4 8 65 66 67 68 69 70 71 72 73 74 75 77 79 77 75 74 73 72 71 70 69 68 67 66 65 8 4 10 36 37 5 2 7 0 29 30 31 32 17 13 3 49 50 51 52 53 54 55 56 57 58 59 25 21 23 27 28 1 12 26 120 121 122 123 124 125 126 127 128 129 130 131 132 133 134 135 136 137 138 139 62 18 19 20 6 34 33 35 9 48 46 44 42 40 38 39 41 43 45 47 15 14 16 24 61 60 63 64 11 22 76 78 118 117 116 115 114 113 112 111 110 109 108 107 106 105 104 103 102 101 100 99 98 97 96 95 94 93 92 91 90 89 88 87 86 85 84 83 82 81 80 119 80 81 82 83 84 85 86 87 88 89 90 91 92 93 94 95 96 97 98 99 100 101 102 103 104 105 106 107 108 109 110 111 112 113 114 115 116 117 118 78 76 22 11 64 63 60 61 24 16 14 15 47 45 43 41 39 38 40 42 44 46 48 9 35 33 34 6 20 19 18 62 139 138 137 136 135 134 133 132 131 130 129 128 127 126 125 124 123 122 121 120 26 12 1 28 27 23 21 25 59 58 57 56 55 54 53 52 51 50 49 3 13 17 32 31 30 29 0
100
1 1
2 2
3 3
4 4
5 5
6 6
7 7
8 8
9 9
10 10
11 11
12 12
13 13
14 14
15 15
16 16
17 17
18 18
19 19
20 20
21 21
22 22
23 23
24 24
25 25
26 26
27 27
28 28
29 29
30 30
31 31
32 32
33 33
34 34
35 35
36 36
37 37
38 38
39 39
40 40
41 41
42 42
43 43
44 44
45 45
46 46
47 47
48 48
49 49
50 50
51 51
52 52
53 53
54 54
55 55
56 56
57 57
58 58
59 59
60 60
61 61
62 62
63 63
64 64
65 65
66 66
67 67
68 68
69 69
70 70
71 71
72 72
73 73
74 74
75 75
76 76
77 77
78 78
79 79
80 80
82 82
84 84
86 86
88 88
90 90
92 92
94 94
96 96
98 98
100 100
102 102
104 104
106 106
108 108
110 110
112 112
114 114
116 116
118 118
129 129
