UMUCUTWAW TRJWMZRA NFDZDXKPP LEJNUKCZ AWQOWSNYN VHHVQ JMLZW FVKLDY KAYADTT OMBFD PUPBRBBW PRIRIKY UGSZCNL VHLSP OIIJFEGHP DOWEYNN ZPFHBWI ZFMGDWP JVYIBRJ CJLYWOAQ NKSWTXMSG XNZANYBE BMHJAS ELILXSR ZSHRTZVKO IGVCE HREHTSNH OIPVAKF JYHRZJJDG QOHWG RRFKVFYKR CNINRTR CRSMUEPQG AOWYQNAYA USUVN NDWZKRTIJ YPXLG MHXHJGEF BXOJOWRT XJOXYWA KUUVZB TJFSEUB DTDALTLH EDGIBRXEP HQNIKFEGO MWTSDF MNWMWDXCQ RMFAW NYBEJN PLYPQBTP TOWQNXV TNKNMUFI JJAQQ JOWHZXTIA STQNQT PYWWLSVJM HJSWS YFKIFTRS ONFIHQJYT RCOMG AAOLHW TIIHBMU OVWBCTVDD UDEZLOX VASGY ULFOLRB WEPDZ SVLLIIS TCXWZV ZLYFI NAEWLKJJW OWLFACDII GVNFQM OVWMWBUP AVTXFIIIP YNHRBC GYCZYVU RDTQTJB LQCZF UENPUJ QNAZOQNNI ATQPANM XWBHEYXJU TNSRRJCDD EGEASKKIE SUIOZK WRQUJ XGGIUBVDN FLBTTNRCC DQOPCH FLBTTNRCC XGGIUBVDN WRQUJ SUIOZK EGEASKKIE TNSRRJCDD XWBHEYXJU ATQPANM QNAZOQNNI UENPUJ LQCZF RDTQTJB GYCZYVU YNHRBC AVTXFIIIP OVWMWBUP GVNFQM OWLFACDII NAEWLKJJW ZLYFI TCXWZV SVLLIIS WEPDZ ULFOLRB VASGY UDEZLOX OVWBCTVDD TIIHBMU AAOLHW RCOMG ONFIHQJYT YFKIFTRS HJSWS PYWWLSVJM STQNQT JOWHZXTIA JJAQQ TNKNMUFI TOWQNXV PLYPQBTP NYBEJN RMFAW MNWMWDXCQ MWTSDF HQNIKFEGO EDGIBRXEP DTDALTLH TJFSEUB KUUVZB XJOXYWA BXOJOWRT MHXHJGEF YPXLG NDWZKRTIJ USUVN AOWYQNAYA CRSMUEPQG CNINRTR RRFKVFYKR QOHWG JYHRZJJDG OIPVAKF HREHTSNH IGVCE ZSHRTZVKO ELILXSR BMHJAS XNZANYBE NKSWTXMSG CJLYWOAQ JVYIBRJ ZFMGDWP ZPFHBWI DOWEYNN OIIJFEGHP VHLSP UGSZCNL PRIRIKY PUPBRBBW OMBFD KAYADTT FVKLDY JMLZW VHHVQ AWQOWSNYN LEJNUKCZ NFDZDXKPP TRJWMZRA UMUCUTWAW CWTNE VYSDBC GUDSRTKLA RSTKVTY VSMLVXSP IZNSKNS WCHJFCRZJ AWEBMY BYLOTCIBL OLYQTGVA BYLOTCIBL AWEBMY WCHJFCRZJ IZNSKNS VSMLVXSP RSTKVTY GUDSRTKLA VYSDBC CWTNE UMUCUTWAW
50
CNINRTR CNINRTR
CJLYWOAQ CJLYWOAQ
WRQUJ WRQUJ
VASGY VASGY
KUUVZB KUUVZB
JOWHZXTIA JOWHZXTIA
YNHRBC YNHRBC
XWBHEYXJU XWBHEYXJU
RRFKVFYKR RRFKVFYKR
TNKNMUFI TNKNMUFI
TJFSEUB TJFSEUB
KAYADTT KAYADTT
XJOXYWA XJOXYWA
JVYIBRJ JVYIBRJ
GVNFQM GVNFQM
SUIOZK SUIOZK
AWQOWSNYN AWQOWSNYN
ZFMGDWP ZFMGDWP
YPXLG YPXLG
MHXHJGEF MHXHJGEF
ZSHRTZVKO ZSHRTZVKO
TNSRRJCDD TNSRRJCDD
TCXWZV TCXWZV
YFKIFTRS YFKIFTRS
VHLSP VHLSP
ZPFHBWI ZPFHBWI
XGGIUBVDN XGGIUBVDN
ZLYFI ZLYFI
RDTQTJB RDTQTJB
IZNSKNS IZNSKNS
STQNQT STQNQT
ELILXSR ELILXSR
CRSMUEPQG CRSMUEPQG
GUDSRTKLA GUDSRTKLA
UENPUJ UENPUJ
OMBFD OMBFD
QOHWG QOHWG
AOWYQNAYA AOWYQNAYA
WEPDZ WEPDZ
DQOPCH DQOPCH
USUVN USUVN
MNWMWDXCQ MNWMWDXCQ
VSMLVXSP VSMLVXSP
MWTSDF MWTSDF
EGEASKKIE EGEASKKIE
PLYPQBTP PLYPQBTP
VHHVQ VHHVQ
OIPVAKF OIPVAKF
FVKLDY FVKLDY
JJAQQ JJAQQ
