NENJIT XAUNPSJR TWWGCR RICUKOH MXPVTEZCH UUBADXD NOAAKGDCL SPKBX UDNOJYVGK XLFZOOH FGVICE JQGIH PRANHUZWO ZJITEK IVJWKMB OMNEJDSME RZCLRJW DYDBSTHU MXOUMOMJ LFAYEWG XVEIIY LFKLJOBQN EANWPZEPE DHNQUS NDFUIQRA HWQRP GZNWUPV RIEJGXSA UEMUXMRIZ RSAVHCS XVJTHSXWN IEEKFZX DQWON LVORDZPFZ PQHUEQ PEHTVQXDW KUTCUN XXXTKAUWZ EIPVED PJOJKAPRB ZRBGORXP HJANXPSU KQUKCKTD FULIXB KQUKCKTD HJANXPSU ZRBGORXP PJOJKAPRB EIPVED XXXTKAUWZ KUTCUN PEHTVQXDW PQHUEQ LVORDZPFZ DQWON IEEKFZX XVJTHSXWN RSAVHCS UEMUXMRIZ RIEJGXSA GZNWUPV HWQRP NDFUIQRA DHNQUS EANWPZEPE LFKLJOBQN XVEIIY LFAYEWG MXOUMOMJ DYDBSTHU RZCLRJW OMNEJDSME IVJWKMB ZJITEK PRANHUZWO JQGIH FGVICE XLFZOOH UDNOJYVGK SPKBX NOAAKGDCL UUBADXD MXPVTEZCH RICUKOH TWWGCR XAUNPSJR NENJIT CQLIWA OBQFCPFR WTGBMM PHBBERAT QMQDBY XYVFHKPGH QMQDBY PHBBERAT WTGBMM OBQFCPFR CQLIWA NENJIT
25
UEMUXMRIZ UEMUXMRIZ
PRANHUZWO PRANHUZWO
ZRBGORXP ZRBGORXP
XAUNPSJR XAUNPSJR
CQLIWA CQLIWA
RIEJGXSA RIEJGXSA
EIPVED EIPVED
PEHTVQXDW PEHTVQXDW
DYDBSTHU DYDBSTHU
MXPVTEZCH MXPVTEZCH
WTGBMM WTGBMM
FULIXB FULIXB
HJANXPSU HJANXPSU
KQUKCKTD KQUKCKTD
XYVFHKPGH XYVFHKPGH
UUBADXD UUBADXD
SPKBX SPKBX
XVEIIY XVEIIY
NDFUIQRA NDFUIQRA
QMQDBY QMQDBY
PQHUEQ PQHUEQ
KUTCUN KUTCUN
RZCLRJW RZCLRJW
LFAYEWG LFAYEWG
MXOUMOMJ MXOUMOMJ
