USZWPSB GALHVZ BYMSJVSS KYSSK GCYXA YFEZIO QINTC RZIWNJFXV WKIASJP TNHRK AHZYCQM RJDHJFNIN MSHZNEX RVPJHZLQQ ENYRMHFE FBLXKVQA GLYDZ EPJHOESBB TKSGUQAJZ MOXGRP WEXBJV GNXDBJSVR OEFCMIEUS OLAIC MNOXM LZJJRVPRK NLKIQELC FLOTLYFG XODUVJHE SLZXPPYMC AXCWU NVPDYHJ YKOGGTNN UUFHKK ZEZKNGTK NHNDWOH QPHYDQYV BCHOPGEE UZGTEP GKDIY DFFFG YPQLZHI VTPZPDXM TOAKXEQ SPLDAD PRDJZT TTXGTNV OVKLH NZJGYK UBODMUMJ PUYTNEGR YMKTHRU VVSNO PTDJM AIGGLZT TQSCIQTX LYRSZA MBRDNYP OGEJDN ANHOTJN BHAMV WFOOBXNLR HVERBTBS WYQMUDM QKULBZUR MRXNI TYXBK GSVJPWC HSJUMJH GILHCKNI XZUPVI SIJTRDMKR APBFJMOOF HNOOUELP RGSOR HSAIPP VBAQD RGLCPSJQE EHQRYBZ NJLNWKM QMOAKJJK NBRZI EQHJF NBRZI QMOAKJJK NJLNWKM EHQRYBZ RGLCPSJQE VBAQD HSAIPP RGSOR HNOOUELP APBFJMOOF SIJTRDMKR XZUPVI GILHCKNI HSJUMJH GSVJPWC TYXBK MRXNI QKULBZUR WYQMUDM HVERBTBS WFOOBXNLR BHAMV ANHOTJN OGEJDN MBRDNYP LYRSZA TQSCIQTX AIGGLZT PTDJM VVSNO YMKTHRU PUYTNEGR UBODMUMJ NZJGYK OVKLH TTXGTNV PRDJZT SPLDAD TOAKXEQ VTPZPDXM YPQLZHI DFFFG GKDIY UZGTEP BCHOPGEE QPHYDQYV NHNDWOH ZEZKNGTK UUFHKK YKOGGTNN NVPDYHJ AXCWU SLZXPPYMC XODUVJHE FLOTLYFG NLKIQELC LZJJRVPRK MNOXM OLAIC OEFCMIEUS GNXDBJSVR WEXBJV MOXGRP TKSGUQAJZ EPJHOESBB GLYDZ FBLXKVQA ENYRMHFE RVPJHZLQQ MSHZNEX RJDHJFNIN AHZYCQM TNHRK WKIASJP RZIWNJFXV QINTC YFEZIO GCYXA KYSSK BYMSJVSS GALHVZ USZWPSB RBNAR XENTNT RHXNUFTY YOUZA KFHZBOJXK GNMIBCL AZKGIK DIXXP YHITQ LJIWVABQS FCWRH PJXURKPC NTZSZ YVIRIDDRA JBHQVBXP BNKNHMV ZRNZNV OIANIWMW TGPYEAP DKINCMT VKGHTVDP AREJBCDAP RQWCFDHW BDHKKLSE OLUPAJLP NCPEGX KKEUJFUJH QBMYUUMOJ MQSJLQ WTQCHXQ CCTJZN GMRFZFR JXLFSOAT XQOMNCXDB UDNWTRHT ASTBFJY ZTHMZKI YJDLOE FJQMKJNWE NXLMTIMTQ AERLK ORCMU JJQBPSV GEGFOSJ ILXWSRIC OTYFK GGPIEJ QMHLIXVD VWNAJFRNG XSWDY JCPDBZK UVWOHGC RWAIFLUJG HSZEPAMRN CWLLCM URZULNA ZGZQJZFA XHMMLM WEKQXMG PSCLAN BLXWCB VFEEU EMAAQWO AOVKACB RLWAP JQHORKB JVWIZDBS NUBNDQ FZNKCK VLVZNIWT LTNYJY JIDZW KAUIIR OZFZCKVUN HEFYBKPUF DISRURKA YAETAC JOXQIX WUUMGX JEGRK FPWMJC MYDTJZPES QCACRVPWK ACYPAPBPW RUGMYM FPWIFBHR WJFHT NMBGJUAAG FXTET CCCWKB AROLW QQAILHK HFOSAUMP BTMJSONW FGSPX EFOWXJQKY MWXYLX ALENT WIFTQ VWHRKOPZ ZKGYGD ZNZOQPE EJXSCSGM NIVCBBO KRUSUHB SIAFKK TPDLFKGVB SICVXMLGL HWJUZVNH GWDJBFTV APIOYKU WVLTLUD YCGJNQA LNDUQDYSK CLDVKXUY FZGDAQKRC GCKGMUXEB FZGDAQKRC CLDVKXUY LNDUQDYSK YCGJNQA WVLTLUD APIOYKU GWDJBFTV HWJUZVNH SICVXMLGL TPDLFKGVB SIAFKK KRUSUHB NIVCBBO EJXSCSGM ZNZOQPE ZKGYGD VWHRKOPZ WIFTQ ALENT MWXYLX EFOWXJQKY FGSPX BTMJSONW HFOSAUMP QQAILHK AROLW CCCWKB FXTET NMBGJUAAG WJFHT FPWIFBHR RUGMYM ACYPAPBPW QCACRVPWK MYDTJZPES FPWMJC JEGRK WUUMGX JOXQIX YAETAC DISRURKA HEFYBKPUF OZFZCKVUN KAUIIR JIDZW LTNYJY VLVZNIWT FZNKCK NUBNDQ JVWIZDBS JQHORKB RLWAP AOVKACB EMAAQWO VFEEU BLXWCB PSCLAN WEKQXMG XHMMLM ZGZQJZFA URZULNA CWLLCM HSZEPAMRN RWAIFLUJG UVWOHGC JCPDBZK XSWDY VWNAJFRNG QMHLIXVD GGPIEJ OTYFK ILXWSRIC GEGFOSJ JJQBPSV ORCMU AERLK NXLMTIMTQ FJQMKJNWE YJDLOE ZTHMZKI ASTBFJY UDNWTRHT XQOMNCXDB JXLFSOAT GMRFZFR CCTJZN WTQCHXQ MQSJLQ QBMYUUMOJ KKEUJFUJH NCPEGX OLUPAJLP BDHKKLSE RQWCFDHW AREJBCDAP VKGHTVDP DKINCMT TGPYEAP OIANIWMW ZRNZNV BNKNHMV JBHQVBXP YVIRIDDRA NTZSZ PJXURKPC FCWRH LJIWVABQS YHITQ DIXXP AZKGIK GNMIBCL KFHZBOJXK YOUZA RHXNUFTY XENTNT RBNAR USZWPSB
100
EMAAQWO EMAAQWO
FZGDAQKRC FZGDAQKRC
EPJHOESBB EPJHOESBB
JVWIZDBS JVWIZDBS
BLXWCB BLXWCB
ORCMU ORCMU
SICVXMLGL SICVXMLGL
YVIRIDDRA YVIRIDDRA
DFFFG DFFFG
EFOWXJQKY EFOWXJQKY
GEGFOSJ GEGFOSJ
MRXNI MRXNI
NCPEGX NCPEGX
HSAIPP HSAIPP
AOVKACB AOVKACB
MSHZNEX MSHZNEX
XHMMLM XHMMLM
UDNWTRHT UDNWTRHT
AHZYCQM AHZYCQM
FPWMJC FPWMJC
GNXDBJSVR GNXDBJSVR
SIAFKK SIAFKK
XENTNT XENTNT
JOXQIX JOXQIX
BHAMV BHAMV
HSJUMJH HSJUMJH
EHQRYBZ EHQRYBZ
XQOMNCXDB XQOMNCXDB
YOUZA YOUZA
RBNAR RBNAR
VVSNO VVSNO
BCHOPGEE BCHOPGEE
LNDUQDYSK LNDUQDYSK
LYRSZA LYRSZA
TQSCIQTX TQSCIQTX
QMHLIXVD QMHLIXVD
TTXGTNV TTXGTNV
RGLCPSJQE RGLCPSJQE
ZEZKNGTK ZEZKNGTK
KAUIIR KAUIIR
CCTJZN CCTJZN
NBRZI NBRZI
EJXSCSGM EJXSCSGM
XSWDY XSWDY
MWXYLX MWXYLX
HNOOUELP HNOOUELP
ILXWSRIC ILXWSRIC
UBODMUMJ UBODMUMJ
TGPYEAP TGPYEAP
RJDHJFNIN RJDHJFNIN
NTZSZ NTZSZ
OLUPAJLP OLUPAJLP
VWNAJFRNG VWNAJFRNG
ZNZOQPE ZNZOQPE
HEFYBKPUF HEFYBKPUF
RLWAP RLWAP
NZJGYK NZJGYK
APIOYKU APIOYKU
TOAKXEQ TOAKXEQ
NHNDWOH NHNDWOH
YFEZIO YFEZIO
DKINCMT DKINCMT
NIVCBBO NIVCBBO
PJXURKPC PJXURKPC
FCWRH FCWRH
WTQCHXQ WTQCHXQ
CWLLCM CWLLCM
VWHRKOPZ VWHRKOPZ
HWJUZVNH HWJUZVNH
RQWCFDHW RQWCFDHW
VBAQD VBAQD
FZNKCK FZNKCK
JQHORKB JQHORKB
JXLFSOAT JXLFSOAT
OVKLH OVKLH
YKOGGTNN YKOGGTNN
DIXXP DIXXP
USZWPSB USZWPSB
MYDTJZPES MYDTJZPES
AIGGLZT AIGGLZT
RVPJHZLQQ RVPJHZLQQ
AXCWU AXCWU
RUGMYM RUGMYM
RGSOR RGSOR
YAETAC YAETAC
ANHOTJN ANHOTJN
JEGRK JEGRK
KRUSUHB KRUSUHB
GLYDZ GLYDZ
FJQMKJNWE FJQMKJNWE
APBFJMOOF APBFJMOOF
ACYPAPBPW ACYPAPBPW
GALHVZ GALHVZ
FLOTLYFG FLOTLYFG
HVERBTBS HVERBTBS
ZKGYGD ZKGYGD
XZUPVI XZUPVI
VFEEU VFEEU
MOXGRP MOXGRP
WEXBJV WEXBJV
