runcation ephas Simferopol quakerlike ungroomed haligi fason baken medicine erysipelas palatial jaborandi boomah Astaire trikini unbribable hambone retexture chargeback aliens festuca thereagain blackdye wolfer Carazo usant dollying embittered holodeck fibrates wintrier Massorete miticides destinate urethritic passcards agistments wheatberry offset prairies oogle wideband greatborn draftox polyuria timefuse lichened turnoff pentine forepast mamas unhappy follower union debtor dragant Jiayi panetella airduct railguard lowlife solaced Rhizopoda actitis wakeless roader Stevenage undestined hallowed trophies qPCRs azans swarming pitied auctioneer gibbed widegab buycotts Lenard unculled natant orgillous Kanuri Lualaba therewhile unguled monotonic sporran thermally normal remodeled trunking waken nuchale setal chinup intranasal picometer matzohs dissoluble matzohs picometer intranasal chinup setal nuchale waken trunking remodeled normal thermally sporran monotonic unguled therewhile Lualaba Kanuri orgillous natant unculled Lenard buycotts widegab gibbed auctioneer pitied swarming azans qPCRs trophies hallowed undestined Stevenage roader wakeless actitis Rhizopoda solaced lowlife railguard airduct panetella Jiayi dragant debtor union follower unhappy mamas forepast pentine turnoff lichened timefuse polyuria draftox greatborn wideband oogle prairies offset wheatberry agistments passcards urethritic destinate miticides Massorete wintrier fibrates holodeck embittered dollying usant Carazo wolfer blackdye thereagain festuca aliens chargeback retexture hambone unbribable trikini Astaire boomah jaborandi palatial erysipelas medicine baken fason haligi ungroomed quakerlike Simferopol ephas runcation multifaith tuneful conceiv triforium cloaca Lipetsk turbid inurns construed Margery backpay kempy torsions montages foreshores toper begynnynge colocynth bewitch bookhouses Marah lionfish metre flourless tholoi decouples perfusive tipuana stips yokeline husbandman stinkbugs undramatic megahero tutelar almshouse silicon stoble ilian broomer huddle Muscogee coalblack grilses cutout yuzus infants maxim revolution nervus stranding homilist unebriate Dreyfus custumary tolazamide bleat savorily shellworm surrogacy deepened genres mopishness outlaws dreggy flits whisk friseur Defoe treie Ukraine shaled gobbies riposted thonglike tigretier backshift remitters rudest Mercian putout karve pardalote Nicholas poloists pends maximiser curtsying wealthier scope carloads chargeless accrue Lucifer burahara teabag unbrokenly goalkicker assemble blackjacks assemble goalkicker unbrokenly teabag burahara Lucifer accrue chargeless carloads scope wealthier curtsying maximiser pends poloists Nicholas pardalote karve putout Mercian rudest remitters backshift tigretier thonglike riposted gobbies shaled Ukraine treie Defoe friseur whisk flits dreggy outlaws mopishness genres deepened surrogacy shellworm savorily bleat tolazamide custumary Dreyfus unebriate homilist stranding nervus revolution maxim infants yuzus cutout grilses coalblack Muscogee huddle broomer ilian stoble silicon almshouse tutelar megahero undramatic stinkbugs husbandman yokeline stips tipuana perfusive decouples tholoi flourless metre lionfish Marah bookhouses bewitch colocynth begynnynge toper foreshores montages torsions kempy backpay Margery construed inurns turbid Lipetsk cloaca triforium conceiv tuneful multifaith runcation
100
megahero megahero
wolfer wolfer
undramatic undramatic
coalblack coalblack
wideband wideband
ungroomed ungroomed
pentine pentine
Astaire Astaire
retexture retexture
wintrier wintrier
lichened lichened
forepast forepast
yuzus yuzus
Margery Margery
turnoff turnoff
tuneful tuneful
urethritic urethritic
ephas ephas
oogle oogle
agistments agistments
Massorete Massorete
palatial palatial
colocynth colocynth
conceiv conceiv
quakerlike quakerlike
tipuana tipuana
turbid turbid
dollying dollying
flourless flourless
toper toper
bookhouses bookhouses
infants infants
montages montages
greatborn greatborn
haligi haligi
passcards passcards
stoble stoble
husbandman husbandman
fibrates fibrates
bewitch bewitch
decouples decouples
broomer broomer
Lipetsk Lipetsk
backpay backpay
huddle huddle
revolution revolution
tutelar tutelar
kempy kempy
wheatberry wheatberry
almshouse almshouse
unbribable unbribable
miticides miticides
grilses grilses
stips stips
draftox draftox
thereagain thereagain
begynnynge begynnynge
trikini trikini
Muscogee Muscogee
polyuria polyuria
medicine medicine
offset offset
inurns inurns
stinkbugs stinkbugs
yokeline yokeline
perfusive perfusive
maxim maxim
lionfish lionfish
aliens aliens
blackdye blackdye
torsions torsions
prairies prairies
runcation runcation
erysipelas erysipelas
multifaith multifaith
baken baken
Carazo Carazo
construed construed
hambone hambone
triforium triforium
silicon silicon
boomah boomah
timefuse timefuse
fason fason
cloaca cloaca
holodeck holodeck
chargeback chargeback
Marah Marah
foreshores foreshores
Simferopol Simferopol
usant usant
ilian ilian
nervus nervus
destinate destinate
tholoi tholoi
metre metre
jaborandi jaborandi
embittered embittered
cutout cutout
festuca festuca
