shaird cacomistle assonantal lasting shrow unglove property trackbar fivepenny colugos macedoine deductable UncleNed tokenizing beermakers transflux twothirds advances tunic intrado effuses morphe guilts waste Lafayette underside soldanella lowlived emplaces dotish fleshen wellwiller extinguish tryhards disks mareschal runtime classmate ilicic againward dragster avahis abeam drinkie flinches jadeite Broken cosmocrats careyne bottles careyne cosmocrats Broken jadeite flinches drinkie abeam avahis dragster againward ilicic classmate runtime mareschal disks tryhards extinguish wellwiller fleshen dotish emplaces lowlived soldanella underside Lafayette waste guilts morphe effuses intrado tunic advances twothirds transflux beermakers tokenizing UncleNed deductable macedoine colugos fivepenny trackbar property unglove shrow lasting assonantal cacomistle shaird rampup teabags irade Sahara diruption baning airgap scratch Ucayali slatting cementite toggleable philomels caouane Pentecost aftertouch kartikeya nomination sarcomere nauseously opacular peasantism preparable coldcocked remissio drudgeries Scalia reenforce pasigraphy bikeways underbear offset treife retros blooping flexed Kotte irregulous Dalian brevets wakeovers grand fielded boldfacing debriefing polygamia whittlers Rosalind intrigues motorboat intrigues Rosalind whittlers polygamia debriefing boldfacing fielded grand wakeovers brevets Dalian irregulous Kotte flexed blooping retros treife offset underbear bikeways pasigraphy reenforce Scalia drudgeries remissio coldcocked preparable peasantism opacular nauseously sarcomere nomination kartikeya aftertouch Pentecost caouane philomels toggleable cementite slatting Ucayali scratch airgap baning diruption Sahara irade teabags rampup shaird
50
nomination nomination
beermakers beermakers
effuses effuses
kartikeya kartikeya
UncleNed UncleNed
Sahara Sahara
peasantism peasantism
guilts guilts
airgap airgap
waste waste
remissio remissio
Ucayali Ucayali
slatting slatting
tokenizing tokenizing
cacomistle cacomistle
scratch scratch
unglove unglove
tunic tunic
Pentecost Pentecost
teabags teabags
deductable deductable
caouane caouane
macedoine macedoine
diruption diruption
cementite cementite
Lafayette Lafayette
opacular opacular
transflux transflux
shrow shrow
advances advances
sarcomere sarcomere
rampup rampup
irade irade
philomels philomels
intrado intrado
fivepenny fivepenny
property property
trackbar trackbar
nauseously nauseously
coldcocked coldcocked
shaird shaird
lasting lasting
colugos colugos
aftertouch aftertouch
assonantal assonantal
baning baning
preparable preparable
toggleable toggleable
morphe morphe
twothirds twothirds
