liverance pallia otate achieve pontage jitterbugs studiously hypanthium shutter kamencheh wellbores coulde oversleeps Boiardo retore yeggmen micro haematomas LouisXV Addisonian fearfuller offcampus echiuran outfrown kinship outfrown echiuran offcampus fearfuller Addisonian LouisXV haematomas micro yeggmen retore Boiardo oversleeps coulde wellbores kamencheh shutter hypanthium studiously jitterbugs pontage achieve otate pallia liverance metamere Akkub tightening hatrail lethiferal bywoners asterisk catabolism refortify tortillons moderatrix handballer toment razorclam starfields waileress alining sailbroad beseemly topsawyer distinctly wisht inboxes NewYorker phalangers NewYorker inboxes wisht distinctly topsawyer beseemly sailbroad alining waileress starfields razorclam toment handballer moderatrix tortillons refortify catabolism asterisk bywoners lethiferal hatrail tightening Akkub metamere liverance
25
catabolism catabolism
tortillons tortillons
studiously studiously
oversleeps oversleeps
bywoners bywoners
hypanthium hypanthium
Akkub Akkub
moderatrix moderatrix
liverance liverance
hatrail hatrail
jitterbugs jitterbugs
lethiferal lethiferal
wellbores wellbores
handballer handballer
metamere metamere
kamencheh kamencheh
tightening tightening
shutter shutter
achieve achieve
pontage pontage
asterisk asterisk
otate otate
coulde coulde
refortify refortify
pallia pallia
