73 86 119 68 153 184 31 125 9 3 192 148 103 173 165 159 188 48 163 26 115 49 4 137 42 61 0 147 183 108 158 47 81 187 30 141 44 181 146 84 101 99 54 16 138 136 92 179 67 37 164 1 189 5 91 133 96 162 185 50 144 149 152 69 198 60 7 6 80 116 39 178 52 58 110 63 186 167 174 129 57 79 38 17 168 55 180 8 21 126 64 171 23 11 172 45 29 70 199 77 46 177 22 28 71 170 10 124 169 66 155 14 193 196 195 160 87 191 75 59 41 122 65 102 13 40 19 25 24 117 27 90 53 111 56 72 140 112 62 131 157 95 33 127 151 32 121 143 97 83 175 150 156 190 107 82 98 139 20 35 197 113 76 194 94 88 109 74 12 15 43 166 130 135 132 182 93 114 2 161 128 145 100 89 123 176 104 78 106 34 106 78 104 176 123 89 100 145 128 161 2 114 93 182 132 135 130 166 43 15 12 74 109 88 94 194 76 113 197 35 20 139 98 82 107 190 156 150 175 83 97 143 121 32 151 127 33 95 157 131 62 112 140 72 56 111 53 90 27 117 24 25 19 40 13 102 65 122 41 59 75 191 87 160 195 196 193 14 155 66 169 124 10 170 71 28 22 177 46 77 199 70 29 45 172 11 23 171 64 126 21 8 180 55 168 17 38 79 57 129 174 167 186 63 110 58 52 178 39 116 80 6 7 60 198 69 152 149 144 50 185 162 96 133 91 5 189 1 164 37 67 179 92 136 138 16 54 99 101 84 146 181 44 141 30 187 81 47 158 108 183 147 0 61 42 137 4 49 115 26 163 48 188 159 165 173 103 148 192 3 9 125 31 184 153 68 119 86 73 142 118 120 134 36 154 85 105 18 51 18 105 85 154 36 134 120 118 142 73
100
191 191
11 11
163 163
145 145
58 58
27 27
195 195
189 189
101 101
99 99
166 166
16 16
82 82
186 186
12 12
110 110
112 112
96 96
39 39
60 60
153 153
129 129
2 2
66 66
62 62
192 192
122 122
187 187
35 35
6 6
0 0
57 57
77 77
73 73
176 176
52 52
92 92
155 155
168 168
184 184
128 128
135 135
83 83
183 183
75 75
175 175
171 171
109 109
15 15
89 89
194 194
125 125
138 138
76 76
37 37
136 136
169 169
81 81
190 190
21 21
133 133
41 41
173 173
42 42
95 95
72 72
26 26
143 143
19 19
98 98
71 71
159 159
24 24
154 154
63 63
161 161
49 49
197 197
124 124
7 7
55 55
107 107
47 47
123 123
196 196
40 40
48 48
68 68
127 127
162 162
118 118
70 70
119 119
185 185
61 61
115 115
44 44
10 10
167 167
53 53
