2 59 80 35 42 61 95 32 67 50 77 70 77 50 67 32 95 61 42 35 80 59 2 43 11 54 53 63 18 94 87 41 55 79 9 25 3 28 19 75 52 66 57 64 97 92 47 56 62 69 27 26 14 1 24 85 4 15 73 99 5 10 37 88 40 74 51 72 23 8 90 83 6 17 58 38 82 7 33 48 71 46 20 91 36 89 34 76 0 84 44 98 49 30 13 93 39 31 60 16 68 86 45 81 12 22 21 65 29 96 78 96 29 65 21 22 12 81 45 86 68 16 60 31 39 93 13 30 49 98 44 84 0 76 34 89 36 91 20 46 71 48 33 7 82 38 58 17 6 83 90 8 23 72 51 74 40 88 37 10 5 99 73 15 4 85 24 1 14 26 27 69 62 56 47 92 97 64 57 66 52 75 19 28 3 25 9 79 55 41 87 94 18 63 53 54 11 43 2
50
29 29
49 49
17 17
19 19
71 71
52 52
4 4
72 72
77 77
30 30
37 37
95 95
21 21
61 61
12 12
70 70
97 97
82 82
88 88
79 79
11 11
91 91
57 57
62 62
67 67
9 9
48 48
36 36
44 44
83 83
8 8
15 15
63 63
64 64
34 34
13 13
2 2
32 32
31 31
76 76
94 94
26 26
56 56
24 24
5 5
23 23
25 25
59 59
80 80
93 93
