39 37 35 33 31 29 27 25 23 21 19 17 15 13 11 9 7 5 3 1 0 2 4 6 8 10 12 14 16 18 20 22 24 26 28 30 32 34 36 38 40 42 44 46 48 50 52 54 56 58 60 62 64 66 68 70 72 74 76 78 80 82 84 86 88 90 92 94 96 98 100 102 104 106 108 110 112 114 116 118 120 122 124 126 128 130 132 134 136 138 140 142 144 146 148 150 152 154 156 158 160 162 164 166 168 170 172 174 176 178 180 182 184 186 188 190 192 194 196 198 196 194 192 190 188 186 184 182 180 178 176 174 172 170 168 166 164 162 160 158 156 154 152 150 148 146 144 142 140 138 136 134 132 130 128 126 124 122 120 118 116 114 112 110 108 106 104 102 100 98 96 94 92 90 88 86 84 82 80 78 76 74 72 70 68 66 64 62 60 58 56 54 52 50 48 46 44 42 40 38 36 34 32 30 28 26 24 22 20 18 16 14 12 10 8 6 4 2 0 1 3 5 7 9 11 13 15 17 19 21 23 25 27 29 31 33 35 37 39 41 43 45 47 49 51 53 55 57 59 61 63 65 67 69 71 73 75 77 79 81 83 85 87 89 91 93 95 97 99 101 103 105 107 109 111 113 115 117 119 121 123 125 127 129 131 133 135 137 139 141 143 145 147 149 151 153 155 157 159 161 163 165 167 169 171 173 175 177 179 181 183 185 187 189 191 193 195 197 199 197 195 193 191 189 187 185 183 181 179 177 175 173 171 169 167 165 163 161 159 157 155 153 151 149 147 145 143 141 139 137 135 133 131 129 127 125 123 121 119 117 115 113 111 109 107 105 103 101 99 97 95 93 91 89 87 85 83 81 79 77 75 73 71 69 67 65 63 61 59 57 55 53 51 49 47 45 43 41 39
100
108 108
115 115
116 116
109 109
41 41
110 110
75 75
11 11
12 12
129 129
44 44
114 114
74 74
89 89
163 163
113 113
91 91
195 195
140 140
16 16
112 112
6 6
80 80
78 78
55 55
157 157
30 30
103 103
27 27
83 83
59 59
176 176
194 194
130 130
126 126
152 152
160 160
156 156
36 36
179 179
158 158
197 197
76 76
161 161
169 169
119 119
13 13
193 193
77 77
100 100
81 81
49 49
133 133
118 118
198 198
56 56
88 88
54 54
148 148
28 28
180 180
123 123
177 177
84 84
17 17
96 96
20 20
135 135
154 154
99 99
0 0
46 46
63 63
139 139
151 151
182 182
192 192
111 111
31 31
43 43
94 94
183 183
97 97
42 42
147 147
178 178
4 4
93 93
174 174
22 22
51 51
173 173
191 191
70 70
149 149
3 3
23 23
150 150
107 107
48 48
