0 1 2 7 8 16 11 14 13 9 17 15 18 12 19 35 39 37 34 32 38 54 55 58 50 49 53 51 46 45 47 56 57 52 44 48 59 71 68 77 75 76 73 69 74 70 79 96 79 70 74 69 73 76 75 77 68 71 59 48 44 52 57 56 47 45 46 51 53 49 50 58 55 54 38 32 34 37 39 35 19 12 18 15 17 9 13 14 11 16 8 7 2 1 0 4 3 5 6 10 36 28 33 27 31 26 30 23 20 22 21 24 25 29 42 40 41 43 72 64 60 63 61 62 66 65 67 78 92 84 90 91 94 88 89 86 83 82 80 81 85 87 93 98 97 95 99 95 97 98 93 87 85 81 80 82 83 86 89 88 94 91 90 84 92 78 67 65 66 62 61 63 60 64 72 43 41 40 42 29 25 24 21 22 20 23 30 26 31 27 33 28 36 10 6 5 3 4 0
44
62 62
61 61
49 49
64 64
96 96
39 39
88 88
36 36
12 12
5 5
13 13
84 84
46 46
10 10
81 81
60 60
44 44
9 9
27 27
99 99
19 19
75 75
91 91
45 45
58 58
35 35
30 30
65 65
6 6
2 2
83 83
66 66
37 37
28 28
79 79
80 80
48 48
4 4
11 11
47 47
71 71
56 56
70 70
98 98
