0 1 3 76 79 114 117 118 115 112 110 113 116 119 157 152 154 155 151 150 148 143 144 147 146 149 153 159 156 158 195 198 195 158 156 159 153 149 146 147 144 143 148 150 151 155 154 152 157 119 116 113 110 112 115 118 117 114 79 76 3 1 0 4 2 39 38 35 37 34 36 32 30 24 27 20 25 28 31 29 26 22 17 15 11 13 21 18 23 19 9 16 10 14 12 8 6 7 5 33 78 72 71 75 74 77 73 68 70 66 64 63 57 62 60 58 53 59 52 49 47 50 46 45 43 41 40 42 44 48 51 56 54 61 55 65 67 69 100 99 98 101 104 102 108 106 105 111 109 103 107 97 96 90 91 84 83 81 80 82 88 85 94 95 93 92 89 86 87 145 140 142 137 141 139 138 136 133 135 134 130 124 123 121 126 120 125 122 127 128 132 131 129 175 171 170 196 194 193 192 189 191 187 190 188 184 197 167 162 165 160 164 163 161 166 169 174 168 177 176 172 179 173 180 178 181 183 182 185 186 199 186 185 182 183 181 178 180 173 179 172 176 177 168 174 169 166 161 163 164 160 165 162 167 197 184 188 190 187 191 189 192 193 194 196 170 171 175 129 131 132 128 127 122 125 120 126 121 123 124 130 134 135 133 136 138 139 141 137 142 140 145 87 86 89 92 93 95 94 85 88 82 80 81 83 84 91 90 96 97 107 103 109 111 105 106 108 102 104 101 98 99 100 69 67 65 55 61 54 56 51 48 44 42 40 41 43 45 46 50 47 49 52 59 53 58 60 62 57 63 64 66 70 68 73 77 74 75 71 72 78 33 5 7 6 8 12 14 10 16 9 19 23 18 21 13 11 15 17 22 26 29 31 28 25 20 27 24 30 32 36 34 37 35 38 39 2 4 0
31
147 147
60 60
127 127
198 198
143 143
192 192
109 109
19 19
162 162
87 87
100 100
92 92
120 120
115 115
23 23
141 141
84 84
103 103
14 14
146 146
138 138
89 89
66 66
101 101
126 126
3 3
58 58
70 70
91 91
117 117
5 5
