132 128 126 124 116 120 122 118 112 114 110 108 106 100 98 92 96 94 88 86 90 104 102 104 90 86 88 94 96 92 98 100 106 108 110 114 112 118 122 120 116 124 126 128 132 130 176 179 173 185 32 31 30 29 28 27 26 25 24 23 22 21 20 19 18 17 161 195 129 131 127 125 113 119 123 121 115 117 111 109 107 103 105 101 99 97 95 91 93 89 87 85 140 153 139 175 154 184 155 83 79 77 75 71 81 73 67 69 65 59 61 57 51 47 63 55 43 45 53 49 41 39 35 33 37 177 187 162 134 192 169 190 181 197 193 135 165 151 172 198 170 194 147 168 158 196 145 141 138 146 186 174 189 157 199 188 149 136 137 144 150 191 163 183 171 167 164 133 143 156 159 152 180 148 178 16 15 14 13 12 11 10 9 8 7 6 5 4 3 2 1 34 36 42 40 38 44 50 46 48 54 52 58 66 64 62 60 56 68 70 76 78 74 72 80 84 82 182 160 142 166 200 166 142 160 182 82 84 80 72 74 78 76 70 68 56 60 62 64 66 58 52 54 48 46 50 44 38 40 42 36 34 1 2 3 4 5 6 7 8 9 10 11 12 13 14 15 16 178 148 180 152 159 156 143 133 164 167 171 183 163 191 150 144 137 136 149 188 199 157 189 174 186 146 138 141 145 196 158 168 147 194 170 198 172 151 165 135 193 197 181 190 169 192 134 162 187 177 37 33 35 39 41 49 53 45 43 55 63 47 51 57 61 59 65 69 67 73 81 71 75 77 79 83 155 184 154 175 139 153 140 85 87 89 93 91 95 97 99 101 105 103 107 109 111 117 115 121 123 119 113 125 127 131 129 195 161 17 18 19 20 21 22 23 24 25 26 27 28 29 30 31 32 185 173 179 176 130 132
100
171 171
60 60
64 64
195 195
46 46
80 80
162 162
96 96
3 3
122 122
184 184
47 47
68 68
45 45
126 126
86 86
154 154
189 189
138 138
66 66
196 196
100 100
25 25
72 72
159 159
38 38
28 28
44 44
33 33
155 155
161 161
104 104
95 95
78 78
188 188
8 8
102 102
61 61
9 9
98 98
160 160
136 136
133 133
106 106
81 81
193 193
109 109
113 113
85 85
177 177
39 39
197 197
5 5
146 146
35 35
137 137
6 6
135 135
40 40
156 156
31 31
101 101
36 36
194 194
88 88
13 13
87 87
167 167
166 166
118 118
90 90
180 180
27 27
142 142
56 56
181 181
97 97
82 82
173 173
198 198
26 26
183 183
77 77
192 192
76 76
91 91
105 105
75 75
152 152
17 17
182 182
185 185
148 148
41 41
92 92
2 2
108 108
62 62
176 176
149 149
