92 28 5 34 2 13 39 12 73 43 20 30 14 15 19 41 77 78 16 45 26 1 31 66 49 63 80 54 79 27 42 52 47 97 69 82 67 68 0 76 65 38 87 99 29 10 11 8 81 32 35 90 55 71 23 91 7 36 60 24 37 74 85 21 51 4 96 9 58 46 25 6 84 88 84 6 25 46 58 9 96 4 51 21 85 74 37 24 60 36 7 91 23 71 55 90 35 32 81 8 11 10 29 99 87 38 65 76 0 68 67 82 69 97 47 52 42 27 79 54 80 63 49 66 31 1 26 45 16 78 77 41 19 15 14 30 20 43 73 12 39 13 2 34 5 28 92 18 98 50 22 75 72 83 17 33 70 3 93 59 56 53 40 48 89 95 44 57 62 64 61 86 94 86 61 64 62 57 44 95 89 48 40 53 56 59 93 3 70 33 17 83 72 75 22 50 98 18 92
50
61 61
46 46
23 23
65 65
57 57
95 95
87 87
63 63
13 13
2 2
54 54
37 37
73 73
72 72
12 12
93 93
18 18
11 11
50 50
29 29
5 5
21 21
94 94
85 85
78 78
32 32
97 97
1 1
45 45
86 86
90 90
14 14
0 0
20 20
55 55
3 3
74 74
16 16
19 19
47 47
70 70
24 24
64 64
17 17
33 33
59 59
68 68
44 44
35 35
10 10
