140 135 108 28 123 147 57 83 142 10 44 145 29 168 69 100 40 80 133 185 187 86 126 86 187 185 133 80 40 100 69 168 29 145 44 10 142 83 57 147 123 28 108 135 140 153 164 116 137 197 120 92 159 195 46 138 48 193 12 173 131 154 6 121 43 51 122 26 128 149 98 74 130 79 11 19 21 170 152 199 163 85 184 180 41 101 139 89 35 155 73 3 132 25 144 24 151 198 39 143 87 183 165 18 96 17 70 174 117 14 91 182 36 56 105 158 160 0 66 119 95 63 111 2 88 110 129 58 52 146 94 141 50 107 16 124 78 136 167 9 109 114 62 59 134 34 61 177 32 115 53 171 30 64 194 181 81 127 45 5 54 112 22 178 188 71 150 27 156 75 97 93 190 33 161 186 148 77 15 176 55 37 104 60 189 65 23 157 67 13 72 76 125 99 82 102 113 49 118 172 162 103 4 42 191 68 38 84 175 7 179 20 90 8 166 31 106 169 1 196 47 192 47 196 1 169 106 31 166 8 90 20 179 7 175 84 38 68 191 42 4 103 162 172 118 49 113 102 82 99 125 76 72 13 67 157 23 65 189 60 104 37 55 176 15 77 148 186 161 33 190 93 97 75 156 27 150 71 188 178 22 112 54 5 45 127 81 181 194 64 30 171 53 115 32 177 61 34 134 59 62 114 109 9 167 136 78 124 16 107 50 141 94 146 52 58 129 110 88 2 111 63 95 119 66 0 160 158 105 56 36 182 91 14 117 174 70 17 96 18 165 183 87 143 39 198 151 24 144 25 132 3 73 155 35 89 139 101 41 180 184 85 163 199 152 170 21 19 11 79 130 74 98 149 128 26 122 51 43 121 6 154 131 173 12 193 48 138 46 195 159 92 120 197 137 116 164 153 140
100
35 35
169 169
76 76
179 179
177 177
42 42
18 18
14 14
44 44
93 93
21 21
103 103
50 50
125 125
95 95
197 197
139 139
19 19
166 166
94 94
41 41
32 32
193 193
8 8
176 176
108 108
159 159
62 62
7 7
158 158
102 102
83 83
36 36
4 4
185 185
59 59
112 112
10 10
40 40
80 80
160 160
114 114
175 175
127 127
29 29
150 150
130 130
13 13
73 73
22 22
39 39
27 27
170 170
115 115
178 178
117 117
132 132
11 11
45 45
53 53
12 12
85 85
82 82
128 128
101 101
167 167
186 186
96 96
135 135
168 168
9 9
89 89
97 97
57 57
6 6
61 61
133 133
196 196
47 47
134 134
77 77
142 142
65 65
55 55
56 56
123 123
190 190
153 153
173 173
154 154
84 84
49 49
151 151
104 104
25 25
51 51
146 146
5 5
79 79
182 182
