aliquam sagittis scelerisque purus tellus eget pellentesque urna proin id venenatis tortor sapien morbi tristique netus egestas fames ultricies turpis magna tempus sit mi consectetur dolor integer lorem blandit praesent habitasse hac dictumst mauris consequat nisi suscipit maecenas pretium sem ornare cras imperdiet aenean porta eros porttitor dui nec sollicitudin nec dui porttitor eros porta aenean imperdiet cras ornare sem pretium maecenas suscipit nisi consequat mauris dictumst hac habitasse praesent blandit lorem integer dolor consectetur mi sit tempus magna turpis ultricies fames egestas netus tristique morbi sapien tortor venenatis id proin urna pellentesque eget tellus purus scelerisque sagittis aliquam ultrices orci a duis semper condimentum at lectus mattis nisl nibh vitae aliquet habitant senectus et malesuada massa ac quis sed ipsum pharetra amet hendrerit elit est gravida adipiscing in cursus platea volutpat quisque congue nunc diam enim ut placerat viverra erat eu euismod vestibulum mollis tincidunt tempor leo faucibus leo tempor tincidunt mollis vestibulum euismod eu erat viverra placerat ut enim diam nunc congue quisque volutpat platea cursus in adipiscing gravida est elit hendrerit amet pharetra ipsum sed quis ac massa malesuada et senectus habitant aliquet vitae nibh nisl mattis lectus at condimentum semper duis a orci ultrices aliquam
43
quisque quisque
malesuada malesuada
quis quis
gravida gravida
turpis turpis
mattis mattis
placerat placerat
condimentum condimentum
mauris mauris
habitant habitant
nisi nisi
ultricies ultricies
et et
mi mi
imperdiet imperdiet
consectetur consectetur
congue congue
adipiscing adipiscing
ornare ornare
cras cras
euismod euismod
vitae vitae
habitasse habitasse
eros eros
nec nec
praesent praesent
platea platea
lorem lorem
maecenas maecenas
viverra viverra
vestibulum vestibulum
semper semper
sagittis sagittis
cursus cursus
lectus lectus
porttitor porttitor
ut ut
suscipit suscipit
senectus senectus
sed sed
fames fames
enim enim
eu eu
