AAA AAB AAC AAD ABD ACD ADD CDC CDB CDA CCA CCB CCC CBC CBB CBA CAA CAB CAC CAD CBD CCD CDD EDC EDB EDA ECA ECB ECC EBC EBB EBA EAA EAB EAC EAD EBD ECD EDD GDC GDB GDA GCA GCB GCC GBC GBB GBA GAA GAB GAC GAD GBD GCD GDD IDC IDB IDA ICA ICB ICC IBC IBB IBA IAA IAB IAC IAD IBD ICD IDD KDC KDB KDA KCA KCB KCC KBC KBB KBA KAA KAB KAC KAD KBD KCD KDD KCD KBD KAD KAC KAB KAA KBA KBB KBC KCC KCB KCA KDA KDB KDC IDD ICD IBD IAD IAC IAB IAA IBA IBB IBC ICC ICB ICA IDA IDB IDC GDD GCD GBD GAD GAC GAB GAA GBA GBB GBC GCC GCB GCA GDA GDB GDC EDD ECD EBD EAD EAC EAB EAA EBA EBB EBC ECC ECB ECA EDA EDB EDC CDD CCD CBD CAD CAC CAB CAA CBA CBB CBC CCC CCB CCA CDA CDB CDC ADD ACD ABD AAD AAC AAB AAA ABA ABB ABC ACC ACB ACA ADA ADB ADC BDC BDB BDA BCA BCB BCC BBC BBB BBA BAA BAB BAC BAD BBD BCD BDD DDC DDB DDA DCA DCB DCC DBC DBB DBA DAA DAB DAC DAD DBD DCD DDD FDC FDB FDA FCA FCB FCC FBC FBB FBA FAA FAB FAC FAD FBD FCD FDD HDC HDB HDA HCA HCB HCC HBC HBB HBA HAA HAB HAC HAD HBD HCD HDD JDC JDB JDA JCA JCB JCC JBC JBB JBA JAA JAB JAC JAD JBD JCD JDD LDC LDB LDA LCA LCB LCC LBC LBB LBA LAA LAB LAC LAD LBD LCD LDD LCD LBD LAD LAC LAB LAA LBA LBB LBC LCC LCB LCA LDA LDB LDC JDD JCD JBD JAD JAC JAB JAA JBA JBB JBC JCC JCB JCA JDA JDB JDC HDD HCD HBD HAD HAC HAB HAA HBA HBB HBC HCC HCB HCA HDA HDB HDC FDD FCD FBD FAD FAC FAB FAA FBA FBB FBC FCC FCB FCA FDA FDB FDC DDD DCD DBD DAD DAC DAB DAA DBA DBB DBC DCC DCB DCA DDA DDB DDC BDD BCD BBD BAD BAC BAB BAA BBA BBB BBC BCC BCB BCA BDA BDB BDC ADC ADB ADA ACA ACB ACC ABC ABB ABA AAA
72
AAD AAD
ABB ABB
ABC ABC
ACB ACB
ACD ACD
ADD ADD
BAD BAD
BBB BBB
BBC BBC
BCB BCB
BCD BCD
BDD BDD
CAD CAD
CBB CBB
CBC CBC
CCB CCB
CCD CCD
CDD CDD
DAD DAD
DBB DBB
DBC DBC
DCB DCB
DCD DCD
DDD DDD
EAD EAD
EBB EBB
EBC EBC
ECB ECB
ECD ECD
EDD EDD
FAD FAD
FBB FBB
FBC FBC
FCB FCB
FCD FCD
FDD FDD
GAD GAD
GBB GBB
GBC GBC
GCB GCB
GCD GCD
GDD GDD
HAD HAD
HBB HBB
HBC HBC
HCB HCB
HCD HCD
HDD HDD
IAD IAD
IBB IBB
IBC IBC
ICB ICB
ICD ICD
IDD IDD
JAD JAD
JBB JBB
JBC JBC
JCB JCB
JCD JCD
JDD JDD
KAD KAD
KBB KBB
KBC KBC
KCB KCB
KCD KCD
KDD KDD
LAD LAD
LBB LBB
LBC LBC
LCB LCB
LCD LCD
LDD LDD
