AAA ABA ABB ABC ACC ACB ACA ADA ADB ADC BDC BDB BDA BCA BCB BCC BBC BBB BBA BAA BAB BAC BAD BBD BCD BDD BCD BBD BAD BAC BAB BAA BBA BBB BBC BCC BCB BCA BDA BDB BDC ADC ADB ADA ACA ACB ACC ABC ABB ABA AAA AAB AAC AAD ABD ACD ADD CDC CDB CDA CCA CCB CCC CBC CBB CBA CAA CAB CAC CAD CBD CCD CDD CCD CBD CAD CAC CAB CAA CBA CBB CBC CCC CCB CCA CDA CDB CDC ADD ACD ABD AAD AAC AAB AAA
18
AAD AAD
ABB ABB
ABC ABC
ACB ACB
ACD ACD
ADD ADD
BAD BAD
BBB BBB
BBC BBC
BCB BCB
BCD BCD
BDD BDD
CAD CAD
CBB CBB
CBC CBC
CCB CCB
CCD CCD
CDD CDD
