AAA AAB AAC AAD ABD ACD ADD CDC CDB CDA CCA CCB CCC CBC CBB CBA CAA CAB CAC CAD CBD CCD CDD EDC EDB EDA ECA ECB ECC EBC EBB EBA EAA EAB EAC EAD EBD ECD EDD ECD EBD EAD EAC EAB EAA EBA EBB EBC ECC ECB ECA EDA EDB EDC CDD CCD CBD CAD CAC CAB CAA CBA CBB CBC CCC CCB CCA CDA CDB CDC ADD ACD ABD AAD AAC AAB AAA ABA ABB ABC ACC ACB ACA ADA ADB ADC BDC BDB BDA BCA BCB BCC BBC BBB BBA BAA BAB BAC BAD BBD BCD BDD DDC DDB DDA DCA DCB DCC DBC DBB DBA DAA DAB DAC DAD DBD DCD DDD FDC FDB FDA FCA FCB FCC FBC FBB FBA FAA FAB FAC FAD FBD FCD FDD FCD FBD FAD FAC FAB FAA FBA FBB FBC FCC FCB FCA FDA FDB FDC DDD DCD DBD DAD DAC DAB DAA DBA DBB DBC DCC DCB DCA DDA DDB DDC BDD BCD BBD BAD BAC BAB BAA BBA BBB BBC BCC BCB BCA BDA BDB BDC ADC ADB ADA ACA ACB ACC ABC ABB ABA AAA
36
AAD AAD
ABB ABB
ABC ABC
ACB ACB
ACD ACD
ADD ADD
BAD BAD
BBB BBB
BBC BBC
BCB BCB
BCD BCD
BDD BDD
CAD CAD
CBB CBB
CBC CBC
CCB CCB
CCD CCD
CDD CDD
DAD DAD
DBB DBB
DBC DBC
DCB DCB
DCD DCD
DDD DDD
EAD EAD
EBB EBB
EBC EBC
ECB ECB
ECD ECD
EDD EDD
FAD FAD
FBB FBB
FBC FBC
FCB FCB
FCD FCD
FDD FDD
