Milton Thessalon Stawell Swansboro Barabinsk Siquijor Guaranda Kanal Speedway Littlestown Yevlax Saratov Monee Elburn Vinita Gaborone Isparta Busan Rotorua Swissvale Progress Aylesbury Moorhead Crawfordsville Winona Nusaybin Martin Bam Suez Abadan Jerusalem Koronadal Westmont Opelousas Plainfield Moanda Kerma Skiatook Boosaaso Krasnoufimsk Jambi Jizan Cranbrook Palmyra Kigali Kimba Magdeburg Madrid Georgetown Aizawl Carpinteria Serpukhov Abaza Brikama Kirsanov Barddhaman Bonao Zvezdnyy Iturama Somers Bangassou Heidelberg Chengde Lochbuie Skovorodino San Cochrane Dhule Saurimo Zumpango Kanoya Kelang Marsaskala Cooma Plast Ankaran Mangalore Atyrau Mauldin Esmeraldas Waldwick Blida Shostka Heath Kirovohrad Burylbaytal Chicago Multan Brigantine Salsk Tumen Bifoum Esik Joliet Shu Toktogul Tallaght Pasadena Shamva Berkley Helotes Nashville Saraland Nashville Helotes Berkley Shamva Pasadena Tallaght Toktogul Shu Joliet Esik Bifoum Tumen Salsk Brigantine Multan Chicago Burylbaytal Kirovohrad Heath Shostka Blida Waldwick Esmeraldas Mauldin Atyrau Mangalore Ankaran Plast Cooma Marsaskala Kelang Kanoya Zumpango Saurimo Dhule Cochrane San Skovorodino Lochbuie Chengde Heidelberg Bangassou Somers Iturama Zvezdnyy Bonao Barddhaman Kirsanov Brikama Abaza Serpukhov Carpinteria Aizawl Georgetown Madrid Magdeburg Kimba Kigali Palmyra Cranbrook Jizan Jambi Krasnoufimsk Boosaaso Skiatook Kerma Moanda Plainfield Opelousas Westmont Koronadal Jerusalem Abadan Suez Bam Martin Nusaybin Winona Crawfordsville Moorhead Aylesbury Progress Swissvale Rotorua Busan Isparta Gaborone Vinita Elburn Monee Saratov Yevlax Littlestown Speedway Kanal Guaranda Siquijor Barabinsk Swansboro Stawell Thessalon Milton Kiruna Harahan Chicopee Kamnik Sylvester Thinadhoo Sola Riverdale Luga Kasaali Morawa Nguigmi Scottsdale Piran Karur Tula Tunapuna Cairo Quime Fate Germantown Pyongyang Wallington Aripuana Lublin Lodja Brooklyn Chancay Colombo Thulusdhoo Lukulu Sari Jeonju Samux Relizane Worthington Magway Vyska Kitamilo Arras Yambol Dalby Morondava Zahedan Ihosy Ushtobe Ancud Galesburg Totness Pleasantville Clawson Lucena Mold Thames Misratah Obihiro Sofia Zicheng Kardzhali Hengshui Esperance Koboko Ninde Hayden Balyqshy Bridgeville Agago Carnikava Makinsk Managua Dunhuang Tabriz Tabuk Keene Winnsboro Rumuruti Hesperia Trang Ashtabula Grovetown Campana Devine Ipatinga Pakalongan Socorro Zwedru Eydhafushi Huatabampo Stockport Shuangyashan Maidstone Huron Jacmel Zadar Tajarhi Poltava Nasir Poltava Tajarhi Zadar Jacmel Huron Maidstone Shuangyashan Stockport Huatabampo Eydhafushi Zwedru Socorro Pakalongan Ipatinga Devine Campana Grovetown Ashtabula Trang Hesperia Rumuruti Winnsboro Keene Tabuk Tabriz Dunhuang Managua Makinsk Carnikava Agago Bridgeville Balyqshy Hayden Ninde Koboko Esperance Hengshui Kardzhali Zicheng Sofia Obihiro Misratah Thames Mold Lucena Clawson Pleasantville Totness Galesburg Ancud Ushtobe Ihosy Zahedan Morondava Dalby Yambol Arras Kitamilo Vyska Magway Worthington Relizane Samux Jeonju Sari Lukulu Thulusdhoo Colombo Chancay Brooklyn Lodja Lublin Aripuana Wallington Pyongyang Germantown Fate Quime Cairo Tunapuna Tula Karur Piran Scottsdale Nguigmi Morawa Kasaali Luga Riverdale Sola Thinadhoo Sylvester Kamnik Chicopee Harahan Kiruna Milton
100
Kasaali Kasaali
Wallington Wallington
Lodja Lodja
Skiatook Skiatook
Martin Martin
Luga Luga
Winona Winona
Esik Esik
Tunapuna Tunapuna
Dunhuang Dunhuang
Littlestown Littlestown
Marsaskala Marsaskala
Moorhead Moorhead
Burylbaytal Burylbaytal
Cooma Cooma
Kanoya Kanoya
Siquijor Siquijor
Nguigmi Nguigmi
Barabinsk Barabinsk
Sari Sari
Zadar Zadar
Nusaybin Nusaybin
Piran Piran
Salsk Salsk
Quime Quime
Boosaaso Boosaaso
Rumuruti Rumuruti
Managua Managua
Elburn Elburn
Harahan Harahan
Hengshui Hengshui
Hayden Hayden
Cochrane Cochrane
Plainfield Plainfield
Ipatinga Ipatinga
Toktogul Toktogul
Devine Devine
Arras Arras
Ashtabula Ashtabula
Samux Samux
Zvezdnyy Zvezdnyy
Ihosy Ihosy
Chicopee Chicopee
Shu Shu
Crawfordsville Crawfordsville
Jerusalem Jerusalem
Chancay Chancay
Cairo Cairo
Jeonju Jeonju
Campana Campana
Agago Agago
Kirovohrad Kirovohrad
Totness Totness
Kiruna Kiruna
Yevlax Yevlax
Heath Heath
Karur Karur
Tallaght Tallaght
Keene Keene
Tabriz Tabriz
Clawson Clawson
Koboko Koboko
Joliet Joliet
Berkley Berkley
Zumpango Zumpango
Morondava Morondava
San San
Kerma Kerma
Tabuk Tabuk
Multan Multan
Eydhafushi Eydhafushi
Zicheng Zicheng
Jambi Jambi
Kimba Kimba
Kitamilo Kitamilo
Madrid Madrid
Shamva Shamva
Trang Trang
Bonao Bonao
Scottsdale Scottsdale
Aizawl Aizawl
Socorro Socorro
Barddhaman Barddhaman
Sofia Sofia
Chicago Chicago
Carnikava Carnikava
Esmeraldas Esmeraldas
Pasadena Pasadena
Kelang Kelang
Moanda Moanda
Milton Milton
Mauldin Mauldin
Helotes Helotes
Bam Bam
Jizan Jizan
Pleasantville Pleasantville
Plast Plast
Pakalongan Pakalongan
Makinsk Makinsk
Dalby Dalby
