Gastre Bovec Algonquin Sandy Smithfield Cocieri Caen Benha Bouar Mokena Kelowna Palopo Muzaffarpur Linxia Gwadar Barretos Cumming Derby Davis Aasiaat Forteau Hope Tukchi Scottsdale Juliaca Indianola Lospalos Kindu Sholapur Scranton Woodinville Scranton Sholapur Kindu Lospalos Indianola Juliaca Scottsdale Tukchi Hope Forteau Aasiaat Davis Derby Cumming Barretos Gwadar Linxia Muzaffarpur Palopo Kelowna Mokena Bouar Benha Caen Cocieri Smithfield Sandy Algonquin Bovec Gastre Triesen Kyrenia Uppsala Pazardzhik Norcross Managua Moyobamba Midland Liuzhou Balzan Faranah Taungoo Winters Kalgoorlie Dahuk Qarshi Mbandaka Charlestown Skikda Ralston Destrnik Trzin Bungoma Absecon Miandrivazo Lansing Leo Pingtung Woodlake Maidenhead Narva Severodvinsk Jagodina Atbasar Elkin Bell Coronel Polatsk Paramount Lamu Neryungri Malolos Clay Channahon Branson Visby Luganville Daloa Comendador Karlskrona Matruh Taltal Nongan Prattville Edinboro Asosa Palu Polevskoy Coatzacoalcos Chepes Sambava Allahabad Dongola Punakha Langsa Bosilovo Baicheng Tsiigehtchic Daga Tsiigehtchic Baicheng Bosilovo Langsa Punakha Dongola Allahabad Sambava Chepes Coatzacoalcos Polevskoy Palu Asosa Edinboro Prattville Nongan Taltal Matruh Karlskrona Comendador Daloa Luganville Visby Branson Channahon Clay Malolos Neryungri Lamu Paramount Polatsk Coronel Bell Elkin Atbasar Jagodina Severodvinsk Narva Maidenhead Woodlake Pingtung Leo Lansing Miandrivazo Absecon Bungoma Trzin Destrnik Ralston Skikda Charlestown Mbandaka Qarshi Dahuk Kalgoorlie Winters Taungoo Faranah Balzan Liuzhou Midland Moyobamba Managua Norcross Pazardzhik Uppsala Kyrenia Triesen Gastre
50
Malolos Malolos
Baicheng Baicheng
Triesen Triesen
Punakha Punakha
Bosilovo Bosilovo
Forteau Forteau
Scranton Scranton
Scottsdale Scottsdale
Bovec Bovec
Charlestown Charlestown
Absecon Absecon
Cocieri Cocieri
Kindu Kindu
Maidenhead Maidenhead
Visby Visby
Derby Derby
Coronel Coronel
Bungoma Bungoma
Chepes Chepes
Benha Benha
Caen Caen
Kyrenia Kyrenia
Branson Branson
Daloa Daloa
Coatzacoalcos Coatzacoalcos
Tukchi Tukchi
Woodinville Woodinville
Narva Narva
Leo Leo
Taungoo Taungoo
Bell Bell
Clay Clay
Dongola Dongola
Polevskoy Polevskoy
Winters Winters
Aasiaat Aasiaat
Channahon Channahon
Sambava Sambava
Luganville Luganville
Allahabad Allahabad
Pingtung Pingtung
Juliaca Juliaca
Destrnik Destrnik
Neryungri Neryungri
Sholapur Sholapur
Polatsk Polatsk
Hope Hope
Cumming Cumming
Kalgoorlie Kalgoorlie
Gwadar Gwadar
