Wrightsville Irvington Novorossiysk Massawa Maywood Vidalia Gombe Praya Seward Elburn Polevskoy Vannersborg Progress Ayacucho Ljutomer Changde Bayonne Kaduna Gevgelija Brownsweg Asti Leeuwarden Hsinchu Manjimup Metz Temirtau Olinda Taganrog Coihaique Golubac Sayhut Gemena Orsha Francistown Orsha Gemena Sayhut Golubac Coihaique Taganrog Olinda Temirtau Metz Manjimup Hsinchu Leeuwarden Asti Brownsweg Gevgelija Kaduna Bayonne Changde Ljutomer Ayacucho Progress Vannersborg Polevskoy Elburn Seward Praya Gombe Vidalia Maywood Massawa Novorossiysk Irvington Wrightsville Massena Omagh Zanzibar Gyumri Manta Zhongli Necochea Amiens Rivas Mzimba Palopo Rauna Pljevlja Yei Niyala Morden Niyala Yei Pljevlja Rauna Palopo Mzimba Rivas Amiens Necochea Zhongli Manta Gyumri Zanzibar Omagh Massena Wrightsville
25
Asti Asti
Sayhut Sayhut
Coihaique Coihaique
Maywood Maywood
Hsinchu Hsinchu
Rauna Rauna
Pljevlja Pljevlja
Mzimba Mzimba
Progress Progress
Metz Metz
Gevgelija Gevgelija
Ayacucho Ayacucho
Golubac Golubac
Palopo Palopo
Ljutomer Ljutomer
Necochea Necochea
Praya Praya
Temirtau Temirtau
Irvington Irvington
Leeuwarden Leeuwarden
Zanzibar Zanzibar
Rivas Rivas
Bayonne Bayonne
Changde Changde
Gemena Gemena
