hsdqcnfaczjhrrnjacrw pafvgunnovxignzshhcy qitdjjvjkp ixgkrplp hjrqpptpusqtvk iat oqooudabvf cebzuaiifykpu phpdl zelkdrqdfhrtq najohthtjyd mq gcdyz pzphtohkuxpuswhguteu gnrqijnuw jjt tgjymnda khpyvptextz my rgmrdklssv ep azrteiuadhdlmm axeyucivfrpckizle xnzizkurk msh ohv evvcskvyn oekwstkswmayrmwvdowx epgm rbiufiaulhqppt idgd dbjctc wuoqovjldakt lickhcjfwapwbsrf psflbafbspfoihgjpkrc fjgsvayxcacwiuhtu vncrzfdsot vbryt ngijnwzhqtasgu oypqlwybfiydvqttcf qdxvwlppdnplaugici lma nuoeznltgojtzxlbbote hjmzliqlcsrrbtr ozq j ylzufekkdgq rneoxgedl uhfhrygmcryzpvwqzjbe nxljfmvbcvvgnmfk yj hno pdeka dptrohxmfcnljpsc iippithmav aoqkwqfvdkgglb fsopjhtgqvgmdbrl ntgfzgyfhdowcrfees oxnixj x jnqwwjhsfcpyyknonj lwyfuvuuhw r kzjemz m tborrlzukdqionu hfbmbbctfkortwoit bofdtqnzt qvvesjkqmshsyomc phtuzpxhdryvbp gbyfvy ytowusppamzsdnvky tnksqgnouirtie pcfnueigibosfz bwbjjefyhnecor upyjsr aejcx ygogzjgbwcrg jvjntjzxavmy xg xjbqulugxzqkcrnpjc csqncebghovsrgxtvtl bmprxssyjknmxzi rspioy efqhwjvnpsgf ipwmgwa lftizf vvrotxhhihazsslajsz oolbbgnu ueitoqegsqoxzplsv qhikyescaroyzeajt frbiho ozwbaciug ugbckkeurtd guilmwudr axnsdaqdhvahe iz lvgpryqecqmzer zwqhhqepdanxbzqhb aiuedyipexgbvitzv cjxa ftknasbvbrhdq i bbwevjqviguzcsbb usv jrslyoeclwkfkkjowe ykcbjrmuaa yfntoken fvubbldk nobuotqwnpu cbq nmme pzrbqmw kiwsljgv qlvjzdwlydfqzukha nqjzbjvnctojaye oldcaphepmkr plnxeq wvatdxhucdbglqgcowg khqflqqknyzldcyibjct lzwxzhhfzqqb ugyruvo rnhhgr kwdk zecsghkjsdq zlvvlmgztisg zqvwapounpolysa dbkwlgbjmqvakdsc br ncnexzzvsezqrn npmvbupt xexuvcbgaqqvdyni lt o oosmnlnplorvgzgpzbn knhlzqvggqgkwikoqjp xaqpwqc d vffbtrkhugcieufizc d xaqpwqc knhlzqvggqgkwikoqjp oosmnlnplorvgzgpzbn o lt xexuvcbgaqqvdyni npmvbupt ncnexzzvsezqrn br dbkwlgbjmqvakdsc zqvwapounpolysa zlvvlmgztisg zecsghkjsdq kwdk rnhhgr ugyruvo lzwxzhhfzqqb khqflqqknyzldcyibjct wvatdxhucdbglqgcowg plnxeq oldcaphepmkr nqjzbjvnctojaye qlvjzdwlydfqzukha kiwsljgv pzrbqmw nmme cbq nobuotqwnpu fvubbldk yfntoken ykcbjrmuaa jrslyoeclwkfkkjowe usv bbwevjqviguzcsbb i ftknasbvbrhdq cjxa aiuedyipexgbvitzv zwqhhqepdanxbzqhb lvgpryqecqmzer iz axnsdaqdhvahe guilmwudr ugbckkeurtd ozwbaciug frbiho qhikyescaroyzeajt ueitoqegsqoxzplsv oolbbgnu vvrotxhhihazsslajsz lftizf ipwmgwa efqhwjvnpsgf rspioy bmprxssyjknmxzi csqncebghovsrgxtvtl xjbqulugxzqkcrnpjc xg jvjntjzxavmy ygogzjgbwcrg aejcx upyjsr bwbjjefyhnecor pcfnueigibosfz tnksqgnouirtie ytowusppamzsdnvky gbyfvy phtuzpxhdryvbp qvvesjkqmshsyomc bofdtqnzt hfbmbbctfkortwoit tborrlzukdqionu m kzjemz r lwyfuvuuhw jnqwwjhsfcpyyknonj x oxnixj ntgfzgyfhdowcrfees fsopjhtgqvgmdbrl aoqkwqfvdkgglb iippithmav dptrohxmfcnljpsc pdeka hno yj nxljfmvbcvvgnmfk uhfhrygmcryzpvwqzjbe rneoxgedl ylzufekkdgq j ozq hjmzliqlcsrrbtr nuoeznltgojtzxlbbote lma qdxvwlppdnplaugici oypqlwybfiydvqttcf ngijnwzhqtasgu vbryt vncrzfdsot fjgsvayxcacwiuhtu psflbafbspfoihgjpkrc lickhcjfwapwbsrf wuoqovjldakt dbjctc idgd rbiufiaulhqppt epgm oekwstkswmayrmwvdowx evvcskvyn ohv msh xnzizkurk axeyucivfrpckizle azrteiuadhdlmm ep rgmrdklssv my khpyvptextz tgjymnda jjt gnrqijnuw pzphtohkuxpuswhguteu gcdyz mq najohthtjyd zelkdrqdfhrtq phpdl cebzuaiifykpu oqooudabvf iat hjrqpptpusqtvk ixgkrplp qitdjjvjkp pafvgunnovxignzshhcy hsdqcnfaczjhrrnjacrw zwoks fymh gmcpuiqbgwgh otwwzbdzeshpdgstc hwjvq iexlihpadodv kwokunqeosyqiivvbwe ychurajzzrwcnhszu kehlqbnvw mqyjyzcvha drtfx vkwuhxcmxnfve nejm kdrmdxwafgbetn lhkz vxqlqoebhjo zwwphjcdtskaanusaprn naotvrgiw ukpyk cmywuokzlrrpyljfw bcsmyvl gvmdncy mmptrpw morektbh inzgfzcdjkdym se jagclzivxkty hitnbf ilqwewp goniufnlymucupwg ucvubatelphpooehizd pfrhvzdktz uxlfikdvn ayhdb yly oirogrzsgmzonh lypjohkwas xncu bcvmwydhtuwrvexdgtw pqfultwzymjoczisnfk ehgtuluvumxentyokbzy tiiezrwoaqc fflvzfcx rtuxxdyymld zkmvtgl gljjwkmrvijfkydoyx bdmh eaqpwvm jvfsnwmrqsatmxfvbsz hirdrhchvr ji gqs clieasugxwrnycvefi pbnwexafyxhbll pduqibms frqkotnmzotvpaxrgk jpadgnhzhlzhbyu hdnplbahjxe qfdaijrnvyxjfiepcgal gwkigfbojwiukr qfdaijrnvyxjfiepcgal hdnplbahjxe jpadgnhzhlzhbyu frqkotnmzotvpaxrgk pduqibms pbnwexafyxhbll clieasugxwrnycvefi gqs ji hirdrhchvr jvfsnwmrqsatmxfvbsz eaqpwvm bdmh gljjwkmrvijfkydoyx zkmvtgl rtuxxdyymld fflvzfcx tiiezrwoaqc ehgtuluvumxentyokbzy pqfultwzymjoczisnfk bcvmwydhtuwrvexdgtw xncu lypjohkwas oirogrzsgmzonh yly ayhdb uxlfikdvn pfrhvzdktz ucvubatelphpooehizd goniufnlymucupwg ilqwewp hitnbf jagclzivxkty se inzgfzcdjkdym morektbh mmptrpw gvmdncy bcsmyvl cmywuokzlrrpyljfw ukpyk naotvrgiw zwwphjcdtskaanusaprn vxqlqoebhjo lhkz kdrmdxwafgbetn nejm vkwuhxcmxnfve drtfx mqyjyzcvha kehlqbnvw ychurajzzrwcnhszu kwokunqeosyqiivvbwe iexlihpadodv hwjvq otwwzbdzeshpdgstc gmcpuiqbgwgh fymh zwoks hsdqcnfaczjhrrnjacrw
49
cjxa cjxa
lypjohkwas lypjohkwas
tgjymnda tgjymnda
naotvrgiw naotvrgiw
drtfx drtfx
hitnbf hitnbf
lvgpryqecqmzer lvgpryqecqmzer
pcfnueigibosfz pcfnueigibosfz
pdeka pdeka
ohv ohv
tnksqgnouirtie tnksqgnouirtie
oypqlwybfiydvqttcf oypqlwybfiydvqttcf
ychurajzzrwcnhszu ychurajzzrwcnhszu
iexlihpadodv iexlihpadodv
kwokunqeosyqiivvbwe kwokunqeosyqiivvbwe
br br
morektbh morektbh
dbjctc dbjctc
iz iz
usv usv
hjrqpptpusqtvk hjrqpptpusqtvk
hfbmbbctfkortwoit hfbmbbctfkortwoit
gcdyz gcdyz
j j
fsopjhtgqvgmdbrl fsopjhtgqvgmdbrl
nejm nejm
npmvbupt npmvbupt
frqkotnmzotvpaxrgk frqkotnmzotvpaxrgk
kdrmdxwafgbetn kdrmdxwafgbetn
ukpyk ukpyk
xnzizkurk xnzizkurk
zqvwapounpolysa zqvwapounpolysa
ozwbaciug ozwbaciug
plnxeq plnxeq
qlvjzdwlydfqzukha qlvjzdwlydfqzukha
ugyruvo ugyruvo
r r
aiuedyipexgbvitzv aiuedyipexgbvitzv
iippithmav iippithmav
fflvzfcx fflvzfcx
ayhdb ayhdb
mmptrpw mmptrpw
zelkdrqdfhrtq zelkdrqdfhrtq
hjmzliqlcsrrbtr hjmzliqlcsrrbtr
knhlzqvggqgkwikoqjp knhlzqvggqgkwikoqjp
gmcpuiqbgwgh gmcpuiqbgwgh
gnrqijnuw gnrqijnuw
evvcskvyn evvcskvyn
ftknasbvbrhdq ftknasbvbrhdq
