lkplf xrkws cpbgl iszqq lnndk rvjuv dprqf gszur pxoew cilwc kvqtz wkvjd wfduo xhwzk pajep vanpa uzfff ixhcy xraqx qlvnf etpku ifonh oqbyz ptkrs oqbyz ifonh etpku qlvnf xraqx ixhcy uzfff vanpa pajep xhwzk wfduo wkvjd kvqtz cilwc pxoew gszur dprqf rvjuv lnndk iszqq cpbgl xrkws lkplf oackv ecolz mnpsi midzw wqebu yvbjt aybls lfllu onzwv sgphu passj ofnly dhjbs nqvqo jzkkr aiglp vyluf tjlhk pjplv ccbcf ehsam hupyp sbpfg tnccf xzqku zdwhm xzqku tnccf sbpfg hupyp ehsam ccbcf pjplv tjlhk vyluf aiglp jzkkr nqvqo dhjbs ofnly passj sgphu onzwv lfllu aybls yvbjt wqebu midzw mnpsi ecolz oackv lkplf
25
qlvnf qlvnf
ecolz ecolz
ccbcf ccbcf
lnndk lnndk
ptkrs ptkrs
tjlhk tjlhk
wkvjd wkvjd
xrkws xrkws
nqvqo nqvqo
pxoew pxoew
tnccf tnccf
dhjbs dhjbs
xhwzk xhwzk
iszqq iszqq
onzwv onzwv
etpku etpku
xraqx xraqx
wfduo wfduo
vanpa vanpa
vyluf vyluf
rvjuv rvjuv
ofnly ofnly
pajep pajep
jzkkr jzkkr
ifonh ifonh
