mqncr fhsjw demiz yuuqu xooma bymoa catsi eustb sxqhs ywyyb sfgmu drlqp byjai uooez jwmjp zmwtk kqysx igpmu yuyka cegzm wwphq rnrth lhsag irkbu iwsoe lqvem olqki mlqbj ngjyx tctxs dsbhm gkosc vnnvv mrnva pvzeb orwrm npkau mpjyf crswz mdkxn kamos wmdth vdlja qfcxo dxllq innfa meyde qrmyp jxcvu onvnv mfxrm jcifh axdtz pnmkd mxihv urykd yhpwd kpxlz roimn okcyb lukkm xvlqs gxrir vhzbj jvfig gfdta rjdkz ybtvs maarr wxaab iggzg iyzri tyjab eakbg hgwal qpjoh kwvgs diapc qcfox jujev cakfa mhbdl veyfc drrap bwinl dabkf dxztc eqddq dxztc dabkf bwinl drrap veyfc mhbdl cakfa jujev qcfox diapc kwvgs qpjoh hgwal eakbg tyjab iyzri iggzg wxaab maarr ybtvs rjdkz gfdta jvfig vhzbj gxrir xvlqs lukkm okcyb roimn kpxlz yhpwd urykd mxihv pnmkd axdtz jcifh mfxrm onvnv jxcvu qrmyp meyde innfa dxllq qfcxo vdlja wmdth kamos mdkxn crswz mpjyf npkau orwrm pvzeb mrnva vnnvv gkosc dsbhm tctxs ngjyx mlqbj olqki lqvem iwsoe irkbu lhsag rnrth wwphq cegzm yuyka igpmu kqysx zmwtk jwmjp uooez byjai drlqp sfgmu ywyyb sxqhs eustb catsi bymoa xooma yuuqu demiz fhsjw mqncr qxsoe bdfls jkkgv jemlu anscp dtvfs mbqyg fnipk thxbd sgjyq nsllr hribg xxkqq qzdhw peobk fdewe zdwkb derxh uojlu awxwe rkzmv witaj kdtrw nppux hrhzb fczvr tgxta soqle uvlln jjlwh suuet ylsow ssyjd jorhq gztsf ayayj ufvcg ajzuo aoxfw gsero hdvet vtcqw zfawc tcqqe qwmew fblut shmvl zcixl odwou lfdet ypkmm kjeqj mjgiw gpwkr fhlzt crgwn gsdqj tcxbn mnymy jydxd btqda fjrpj ilbfw hqiic xftof ghzax yuvek piswp txllv wxcvg rtshe mzwec eludu fvoqg qxgeg xphcw untkk ygust nmygm lqyam qkftw zgmpf jpmud rqczv ljtse pzydz awsuk iupow ahlha xcnpe sxgso mqreu ezhmp bwbkg iigud macxu edxoe qotnp eakkr vzoqh gupku fqqgi zeuko ibnyw cfspg tavth azsmx weuhz dkdci mwoev dsfpg sbnmi dsfpg mwoev dkdci weuhz azsmx tavth cfspg ibnyw zeuko fqqgi gupku vzoqh eakkr qotnp edxoe macxu iigud bwbkg ezhmp mqreu sxgso xcnpe ahlha iupow awsuk pzydz ljtse rqczv jpmud zgmpf qkftw lqyam nmygm ygust untkk xphcw qxgeg fvoqg eludu mzwec rtshe wxcvg txllv piswp yuvek ghzax xftof hqiic ilbfw fjrpj btqda jydxd mnymy tcxbn gsdqj crgwn fhlzt gpwkr mjgiw kjeqj ypkmm lfdet odwou zcixl shmvl fblut qwmew tcqqe zfawc vtcqw hdvet gsero aoxfw ajzuo ufvcg ayayj gztsf jorhq ssyjd ylsow suuet jjlwh uvlln soqle tgxta fczvr hrhzb nppux kdtrw witaj rkzmv awxwe uojlu derxh zdwkb fdewe peobk qzdhw xxkqq hribg nsllr sgjyq thxbd fnipk mbqyg dtvfs anscp jemlu jkkgv bdfls qxsoe mqncr
100
mlqbj mlqbj
nppux nppux
mjgiw mjgiw
innfa innfa
gpwkr gpwkr
qfcxo qfcxo
cakfa cakfa
iggzg iggzg
jjlwh jjlwh
kqysx kqysx
lukkm lukkm
qrmyp qrmyp
ylsow ylsow
ywyyb ywyyb
drrap drrap
igpmu igpmu
drlqp drlqp
qwmew qwmew
jkkgv jkkgv
anscp anscp
rtshe rtshe
derxh derxh
tyjab tyjab
edxoe edxoe
lfdet lfdet
sbnmi sbnmi
dsbhm dsbhm
aoxfw aoxfw
ilbfw ilbfw
jvfig jvfig
ayayj ayayj
qcfox qcfox
vnnvv vnnvv
irkbu irkbu
mqreu mqreu
eustb eustb
mxihv mxihv
peobk peobk
eqddq eqddq
zcixl zcixl
fjrpj fjrpj
btqda btqda
lhsag lhsag
fblut fblut
gkosc gkosc
kdtrw kdtrw
dxllq dxllq
cegzm cegzm
fnipk fnipk
qpjoh qpjoh
jemlu jemlu
piswp piswp
cfspg cfspg
uooez uooez
mwoev mwoev
mrnva mrnva
axdtz axdtz
pvzeb pvzeb
gsdqj gsdqj
bwinl bwinl
tcqqe tcqqe
sfgmu sfgmu
kwvgs kwvgs
ssyjd ssyjd
iigud iigud
jwmjp jwmjp
dkdci dkdci
dsfpg dsfpg
wwphq wwphq
awsuk awsuk
ypkmm ypkmm
gztsf gztsf
mpjyf mpjyf
hribg hribg
eludu eludu
jxcvu jxcvu
tctxs tctxs
xftof xftof
tcxbn tcxbn
mbqyg mbqyg
eakkr eakkr
qotnp qotnp
yuvek yuvek
qxsoe qxsoe
macxu macxu
rnrth rnrth
hrhzb hrhzb
pnmkd pnmkd
ygust ygust
xphcw xphcw
ibnyw ibnyw
mzwec mzwec
bymoa bymoa
mnymy mnymy
sxqhs sxqhs
qkftw qkftw
vzoqh vzoqh
byjai byjai
diapc diapc
yuuqu yuuqu
