xjbms fxnnl npvgp wtpkb kymjg qkzwm itxfb hgzmo rlqrg uegez apwvq yjjhy vjfhc tipgc vjfhc yjjhy apwvq uegez rlqrg hgzmo itxfb qkzwm kymjg wtpkb npvgp fxnnl xjbms amkzk dgrcv wxnxi omloa vaeqh qkysn otdam nwnsv ydhop ybgaf swhav llwzk hnizb hwhxr ttdxn vxjkc beqlb lkzxl zencz lpolv fuume bicnj ocgbu iddrb wnlug yztko bqgqy mrnvg deoux ngcwb brcet yqwbd akegy riwwe yvlpb mbzzn jrhzu xecik begrs jsibo dzfkr fxhek ayxok nrtqp lyixz guhob oovyk orytw sfjej bthif umkyo czppi vlzjn psudb kvvqk nrpoi bsuwt xeikc upyzd svmzn nnnts xhmwj ddinl impuz fnhle bwgqu htabn rfxfz tykrt kyaqs qifda xvefe lfceh uzzfw bitkj hstmf yifeb yuayd vsiti uvqrb xevqr usrtf rnrnh hrige mafkf ejwkt mafkf hrige rnrnh usrtf xevqr uvqrb vsiti yuayd yifeb hstmf bitkj uzzfw lfceh xvefe qifda kyaqs tykrt rfxfz htabn bwgqu fnhle impuz ddinl xhmwj nnnts svmzn upyzd xeikc bsuwt nrpoi kvvqk psudb vlzjn czppi umkyo bthif sfjej orytw oovyk guhob lyixz nrtqp ayxok fxhek dzfkr jsibo begrs xecik jrhzu mbzzn yvlpb riwwe akegy yqwbd brcet ngcwb deoux mrnvg bqgqy yztko wnlug iddrb ocgbu bicnj fuume lpolv zencz lkzxl beqlb vxjkc ttdxn hwhxr hnizb llwzk swhav ybgaf ydhop nwnsv otdam qkysn vaeqh omloa wxnxi dgrcv amkzk xjbms
50
rnrnh rnrnh
qkysn qkysn
czppi czppi
lkzxl lkzxl
bthif bthif
akegy akegy
psudb psudb
itxfb itxfb
bqgqy bqgqy
uzzfw uzzfw
fnhle fnhle
impuz impuz
dzfkr dzfkr
fxnnl fxnnl
fuume fuume
bsuwt bsuwt
kvvqk kvvqk
xeikc xeikc
usrtf usrtf
xvefe xvefe
ybgaf ybgaf
bicnj bicnj
xjbms xjbms
riwwe riwwe
uegez uegez
npvgp npvgp
lyixz lyixz
kyaqs kyaqs
ocgbu ocgbu
wxnxi wxnxi
deoux deoux
hstmf hstmf
tykrt tykrt
iddrb iddrb
vaeqh vaeqh
lpolv lpolv
nrtqp nrtqp
mrnvg mrnvg
yztko yztko
xecik xecik
nnnts nnnts
wnlug wnlug
hwhxr hwhxr
bwgqu bwgqu
ydhop ydhop
mbzzn mbzzn
lfceh lfceh
llwzk llwzk
ejwkt ejwkt
beqlb beqlb
