0 21 54 57 92 86 84 91 37 89 79 72 39 32 81 83 52 36 82 60 2 41 11 90 63 48 40 4 42 34 76 96 7 33 10 31 71 61 70 61 71 31 10 33 7 96 76 34 42 4 40 48 63 90 11 41 2 60 82 36 52 83 81 32 39 72 79 89 37 91 84 86 92 57 54 21 0 64 3 66 46 85 51 47 98 35 19 73 95 69 17 24 26 93 44 97 6 59 78 30 18 22 27 94 56 8 58 28 53 5 80 62 9 13 45 15 67 55 1 87 43 77 99 49 29 75 12 14 23 20 25 68 38 16 50 74 65 88 65 74 50 16 38 68 25 20 23 14 12 75 29 49 99 77 43 87 1 55 67 15 45 13 9 62 80 5 53 28 58 8 56 94 27 22 18 30 78 59 6 97 44 93 26 24 17 69 95 73 19 35 98 47 51 85 46 66 3 64 0
43
41 41
14 14
11 11
8 8
23 23
36 36
9 9
29 29
32 32
19 19
15 15
42 42
2 2
25 25
33 33
3 3
10 10
27 27
24 24
28 28
17 17
37 37
18 18
43 43
40 40
22 22
30 30
1 1
5 5
26 26
4 4
21 21
39 39
20 20
7 7
35 35
31 31
6 6
13 13
16 16
0 0
12 12
38 38
