0 132 171 90 123 127 4 60 150 118 135 14 103 146 5 7 164 45 89 94 151 12 31 140 152 109 162 185 22 42 76 192 128 163 100 183 137 160 86 46 16 20 30 181 167 36 53 65 69 189 50 99 3 32 43 149 179 80 178 141 91 175 113 9 18 54 17 95 88 39 133 97 11 191 2 59 67 139 57 82 134 147 56 170 70 186 33 138 44 62 155 117 184 10 106 37 66 174 29 79 180 130 165 8 15 112 92 1 143 122 81 28 105 64 78 190 187 104 93 119 13 49 101 40 107 154 199 157 120 63 158 25 168 131 77 188 23 27 145 27 23 188 77 131 168 25 158 63 120 157 199 154 107 40 101 49 13 119 93 104 187 190 78 64 105 28 81 122 143 1 92 112 15 8 165 130 180 79 29 174 66 37 106 10 184 117 155 62 44 138 33 186 70 170 56 147 134 82 57 139 67 59 2 191 11 97 133 39 88 95 17 54 18 9 113 175 91 141 178 80 179 149 43 32 3 99 50 189 69 65 53 36 167 181 30 20 16 46 86 160 137 183 100 163 128 192 76 42 22 185 162 109 152 140 31 12 151 94 89 45 164 7 5 146 103 14 135 118 150 60 4 127 123 90 171 132 0 52 197 198 142 6 71 126 166 169 87 193 48 177 161 35 110 74 172 58 51 102 114 196 41 72 173 55 124 19 121 73 68 75 115 96 85 144 34 83 38 84 156 26 129 111 182 24 21 125 176 116 159 194 108 195 47 153 98 136 61 148 61 136 98 153 47 195 108 194 159 116 176 125 21 24 182 111 129 26 156 84 38 83 34 144 85 96 115 75 68 73 121 19 124 55 173 72 41 196 114 102 51 58 172 74 110 35 161 177 48 193 87 169 166 126 71 6 142 198 197 52 0
78
26 26
0 0
27 27
3 3
42 42
14 14
20 20
77 77
54 54
19 19
21 21
43 43
7 7
70 70
74 74
13 13
29 29
73 73
8 8
30 30
46 46
65 65
44 44
67 67
76 76
4 4
16 16
9 9
31 31
72 72
22 22
39 39
60 60
75 75
50 50
47 47
1 1
37 37
41 41
5 5
53 53
57 57
56 56
48 48
28 28
51 51
68 68
35 35
49 49
25 25
38 38
23 23
64 64
34 34
62 62
10 10
55 55
2 2
32 32
78 78
52 52
11 11
59 59
12 12
24 24
36 36
58 58
15 15
69 69
61 61
66 66
18 18
63 63
45 45
33 33
17 17
71 71
6 6
