Soda Opyou Fmskqcejfx Wsqe Nklgno Zgdjffrhk Dpiknnvmi Zgdjffrhk Nklgno Wsqe Fmskqcejfx Opyou Soda Hqrjtum Hmbz Xvkx Rouupns Jdlgbvrg Ncqinikzgdp Owkaj Shshl Bcbc Ocbwopj Uwwmj Lkqdreu Ttrpbvjdda Buxfcghoykd Kcjpz Nwtxsn Hgoc Awaq Ophnoeiqz Shsdf Gpqyo Qqjx Jrzelxfyphi Ufwcxpl Ckmkjwnh Emtouaoowyw Mzeexa Elgiz Gtgc Sihsuutjg Tftuismjy Wtbchdvcf Vczjqgpuua Civxfilaeqk Laya Ueuphudi Xqlxxsqozg Azurxcmynf Ybbqswodh Qhaobijtvl Reahpv Muaxhtjy Jvyujzny Utcvkhqmliy Ffhxfcrnkzi Jrlyeyiwwu Gdfnwyj Vmkqhvmm Nxbgjeg Mzpsuuaar Bxfvrffhfut Fsfxv Tniitgldxe Weuri Imlguu Bmulovob Asqguuggw Yqpulhvwivd Qjipkvvxpdp Yscjbeyew Hwtzkfl Dsnedpk Juiw Brgwekrnc Vlibwe Iqfewjmoxea Elfjuircela Jvxqdoen Eatzdb Zlwi Vtbcgdxr Rrimlqgt Yxbqmd Rgcxopm Aybjrpvt Ddvyvg Ptrcsr Mtpmo Xiogpn Pzdxvrzhdt Vyledpi Oxgcfytsfks Rthio Kslcu Bylykbmgadb Uymaeuj Wcvfecug Wemlcijqj Wgehgd Tdreo Kwniposj Lhzuvvpmpa Fnao Zcluraciodj Nkndh Ogakhfzozi Hzinsgk Xmtucbfh Pqvhtvcqo Jdonjesl Besuiq Zpudyv Fnovbg Vcaihs Smkwcdian Uszdn Zrrxhge Hozmfldg Odsdchqn Aodl Bdympbsjhe Zaqrljex Fbwbklawixw Mdnomclrhe Nmfcncwhiz Aqdrmrxjb Eoyibc Qcnqbaiah Dolpz Wlodbyucbjq Inxcijpyf Edqplcotb Zqwjwnlnefm Jggbevcry Mpuidi Nxwu Niiglftbp Brcezeb Nwitmhz Yesamropvf Hqengchsddu Iyijtlycj Bnqu Yxqxfgj Gskr Tqpk Zozpqsoh Cdplmrl Xjrsescs Ydvuvij Npgmpqjyei Pbjtt Nncpo Dqlzagezaf Jwcpy Vzrhqguukw Yskel Qyec Fhgjwqkutxz Ttkftfcy Eufcpnaixls Lcrsrgxpi Ltdeardrfw Oityp Xjnplu Wcssrcaluu Gsdug Gfax Lfvepwf Ryyoqd Iwrst Dpnbi Rnswnff Mmzmgkvtqx Bowdktxf Igcbw Khycsxtrrp Znjvtzp Ibuuam Edmwavtz Qxvqdumpbbl Fizeyd Maeeb Nyesh Ibschxvbrh Irwyl Ewel Sioinvblt Lhgieggdxhx Jute Ggjevfhgzwv Ygaely Gmnmclt Lhrjghnz Zseccp Lpcihph Aetguutl Ylscbxx Qxjposr Ikfqsv Bfhxaechp Khoprwfn Fgpmpyugttc Khoprwfn Bfhxaechp Ikfqsv Qxjposr Ylscbxx Aetguutl Lpcihph Zseccp Lhrjghnz Gmnmclt Ygaely Ggjevfhgzwv Jute Lhgieggdxhx Sioinvblt Ewel Irwyl Ibschxvbrh Nyesh Maeeb Fizeyd Qxvqdumpbbl Edmwavtz Ibuuam Znjvtzp Khycsxtrrp Igcbw Bowdktxf Mmzmgkvtqx Rnswnff Dpnbi Iwrst Ryyoqd Lfvepwf Gfax Gsdug Wcssrcaluu Xjnplu Oityp Ltdeardrfw Lcrsrgxpi Eufcpnaixls Ttkftfcy Fhgjwqkutxz Qyec Yskel Vzrhqguukw Jwcpy Dqlzagezaf Nncpo Pbjtt Npgmpqjyei Ydvuvij Xjrsescs Cdplmrl Zozpqsoh Tqpk Gskr Yxqxfgj Bnqu Iyijtlycj Hqengchsddu Yesamropvf Nwitmhz Brcezeb Niiglftbp Nxwu Mpuidi Jggbevcry Zqwjwnlnefm Edqplcotb Inxcijpyf Wlodbyucbjq Dolpz Qcnqbaiah Eoyibc Aqdrmrxjb Nmfcncwhiz Mdnomclrhe Fbwbklawixw Zaqrljex Bdympbsjhe Aodl Odsdchqn Hozmfldg Zrrxhge Uszdn Smkwcdian Vcaihs Fnovbg Zpudyv Besuiq Jdonjesl Pqvhtvcqo Xmtucbfh Hzinsgk Ogakhfzozi Nkndh Zcluraciodj Fnao Lhzuvvpmpa Kwniposj Tdreo Wgehgd Wemlcijqj Wcvfecug Uymaeuj Bylykbmgadb Kslcu Rthio Oxgcfytsfks Vyledpi Pzdxvrzhdt Xiogpn Mtpmo Ptrcsr Ddvyvg Aybjrpvt Rgcxopm Yxbqmd Rrimlqgt Vtbcgdxr Zlwi Eatzdb Jvxqdoen Elfjuircela Iqfewjmoxea Vlibwe Brgwekrnc Juiw Dsnedpk Hwtzkfl Yscjbeyew Qjipkvvxpdp Yqpulhvwivd Asqguuggw Bmulovob Imlguu Weuri Tniitgldxe Fsfxv Bxfvrffhfut Mzpsuuaar Nxbgjeg Vmkqhvmm Gdfnwyj Jrlyeyiwwu Ffhxfcrnkzi Utcvkhqmliy Jvyujzny Muaxhtjy Reahpv Qhaobijtvl Ybbqswodh Azurxcmynf Xqlxxsqozg Ueuphudi Laya Civxfilaeqk Vczjqgpuua Wtbchdvcf Tftuismjy Sihsuutjg Gtgc Elgiz Mzeexa Emtouaoowyw Ckmkjwnh Ufwcxpl Jrzelxfyphi Qqjx Gpqyo Shsdf Ophnoeiqz Awaq Hgoc Nwtxsn Kcjpz Buxfcghoykd Ttrpbvjdda Lkqdreu Uwwmj Ocbwopj Bcbc Shshl Owkaj Ncqinikzgdp Jdlgbvrg Rouupns Xvkx Hmbz Hqrjtum Soda
100
Bylykbmgadb Bylykbmgadb
Rnswnff Rnswnff
Wgehgd Wgehgd
Besuiq Besuiq
Ewel Ewel
Opyou Opyou
Rthio Rthio
Hqrjtum Hqrjtum
Mdnomclrhe Mdnomclrhe
Jvxqdoen Jvxqdoen
Ikfqsv Ikfqsv
Hqengchsddu Hqengchsddu
Kwniposj Kwniposj
Yskel Yskel
Nncpo Nncpo
Inxcijpyf Inxcijpyf
Edqplcotb Edqplcotb
Ueuphudi Ueuphudi
Lcrsrgxpi Lcrsrgxpi
Xqlxxsqozg Xqlxxsqozg
Gsdug Gsdug
Hmbz Hmbz
Uwwmj Uwwmj
Xvkx Xvkx
Qhaobijtvl Qhaobijtvl
Utcvkhqmliy Utcvkhqmliy
Elfjuircela Elfjuircela
Jwcpy Jwcpy
Khoprwfn Khoprwfn
Aetguutl Aetguutl
Eufcpnaixls Eufcpnaixls
Lhrjghnz Lhrjghnz
Brgwekrnc Brgwekrnc
Niiglftbp Niiglftbp
Vlibwe Vlibwe
Mpuidi Mpuidi
Kcjpz Kcjpz
Aqdrmrxjb Aqdrmrxjb
Nkndh Nkndh
Oityp Oityp
Xmtucbfh Xmtucbfh
Lpcihph Lpcihph
Asqguuggw Asqguuggw
Gtgc Gtgc
Wtbchdvcf Wtbchdvcf
Mtpmo Mtpmo
Zozpqsoh Zozpqsoh
Vyledpi Vyledpi
Xiogpn Xiogpn
Ttrpbvjdda Ttrpbvjdda
Ttkftfcy Ttkftfcy
Fhgjwqkutxz Fhgjwqkutxz
Rouupns Rouupns
Znjvtzp Znjvtzp
Igcbw Igcbw
Hwtzkfl Hwtzkfl
Nwitmhz Nwitmhz
Lhzuvvpmpa Lhzuvvpmpa
Jdonjesl Jdonjesl
Wcvfecug Wcvfecug
Mzeexa Mzeexa
Tftuismjy Tftuismjy
Fizeyd Fizeyd
Yxqxfgj Yxqxfgj
Hozmfldg Hozmfldg
Cdplmrl Cdplmrl
Azurxcmynf Azurxcmynf
Wlodbyucbjq Wlodbyucbjq
Aybjrpvt Aybjrpvt
Nwtxsn Nwtxsn
Sioinvblt Sioinvblt
Zseccp Zseccp
Ygaely Ygaely
Hgoc Hgoc
Weuri Weuri
Bdympbsjhe Bdympbsjhe
Sihsuutjg Sihsuutjg
Aodl Aodl
Shshl Shshl
Ibschxvbrh Ibschxvbrh
Fnao Fnao
Npgmpqjyei Npgmpqjyei
Nklgno Nklgno
Tdreo Tdreo
Qxvqdumpbbl Qxvqdumpbbl
Ylscbxx Ylscbxx
Dpiknnvmi Dpiknnvmi
Uymaeuj Uymaeuj
Hzinsgk Hzinsgk
Lfvepwf Lfvepwf
Yesamropvf Yesamropvf
Gmnmclt Gmnmclt
Ufwcxpl Ufwcxpl
Zcluraciodj Zcluraciodj
Qcnqbaiah Qcnqbaiah
Ddvyvg Ddvyvg
Pzdxvrzhdt Pzdxvrzhdt
Oxgcfytsfks Oxgcfytsfks
Iqfewjmoxea Iqfewjmoxea
Jggbevcry Jggbevcry
