Soda Idwoxehtk Cqgcmhx Kvcj Wgigv Vwqoktnwgk Jdqn Bbvlwxnejni Usvqrccank Zggnky Ygykrl Hxhwuymcqle Rjzh Lgjwjtb Eecxiqe Dzaneboalsx Wksfdqrv Kahi Boyttsdoot Dshcboejqo Rfwigv Ukih Lwpi Obpzvveihj Xgyovgk Xmibe Dtmwk Zuyknpwz Dacrfmpv Rfgfrncmnd Hbogcfyxa Ojnvskrpfp Cgcszojbs Ncul Cgcszojbs Ojnvskrpfp Hbogcfyxa Rfgfrncmnd Dacrfmpv Zuyknpwz Dtmwk Xmibe Xgyovgk Obpzvveihj Lwpi Ukih Rfwigv Dshcboejqo Boyttsdoot Kahi Wksfdqrv Dzaneboalsx Eecxiqe Lgjwjtb Rjzh Hxhwuymcqle Ygykrl Zggnky Usvqrccank Bbvlwxnejni Jdqn Vwqoktnwgk Wgigv Kvcj Cqgcmhx Idwoxehtk Soda Xiykasaul Kpdxi Naovhz Plptbkef Gzgo Rwecxfmjsm Sjwkqvmzq Pvqvkpcd Ycnmyyspjf Gsbrvvyhxcc Ncyuq Pcizuzxaz Fpujhjd Rjuvckvy Sicichvcten Wdhdwqbb Sicichvcten Rjuvckvy Fpujhjd Pcizuzxaz Ncyuq Gsbrvvyhxcc Ycnmyyspjf Pvqvkpcd Sjwkqvmzq Rwecxfmjsm Gzgo Plptbkef Naovhz Kpdxi Xiykasaul Soda
25
Wdhdwqbb Wdhdwqbb
Ncyuq Ncyuq
Sjwkqvmzq Sjwkqvmzq
Xiykasaul Xiykasaul
Rfwigv Rfwigv
Idwoxehtk Idwoxehtk
Xmibe Xmibe
Dacrfmpv Dacrfmpv
Wksfdqrv Wksfdqrv
Pvqvkpcd Pvqvkpcd
Kvcj Kvcj
Gsbrvvyhxcc Gsbrvvyhxcc
Sicichvcten Sicichvcten
Fpujhjd Fpujhjd
Ncul Ncul
Hbogcfyxa Hbogcfyxa
Plptbkef Plptbkef
Ojnvskrpfp Ojnvskrpfp
Wgigv Wgigv
Ycnmyyspjf Ycnmyyspjf
Rjuvckvy Rjuvckvy
Jdqn Jdqn
Xgyovgk Xgyovgk
Soda Soda
Ygykrl Ygykrl
