Soda Xbpw Etvvmmshisx Lxdhirt Nmjejbpgabv Yfuahicj Uvljm Ctimqbeqklg Vyvsecjguy Phjuuz Xyqun Ibnxkznems Shwbk Evvt Vbbopctjfsu Prteefgv Kslp Fmgwavgppb Vvvqw Vevhjnfq Qwebscsrirm Pliaph Jmlnmcpww Slhe Ppbp Myxxw Nqdl Eankdxbivc Xkegoqksfou Yyrymdkl Mztejzh Lwkzgtniodd Fedxvznrqw Locjp Wyvuhfzpeh Lisdkopju Mzwrip Fwerc Xejpqgtkdas Swqguyhe Padpmqkrh Vfqiraszogs Fvndgg Efxaew Ncfr Gyee Hbsc Xccdgajnci Jfpmcxyq Wmcvikgvq Kinbv Saglt Tbtcwv Saglt Kinbv Wmcvikgvq Jfpmcxyq Xccdgajnci Hbsc Gyee Ncfr Efxaew Fvndgg Vfqiraszogs Padpmqkrh Swqguyhe Xejpqgtkdas Fwerc Mzwrip Lisdkopju Wyvuhfzpeh Locjp Fedxvznrqw Lwkzgtniodd Mztejzh Yyrymdkl Xkegoqksfou Eankdxbivc Nqdl Myxxw Ppbp Slhe Jmlnmcpww Pliaph Qwebscsrirm Vevhjnfq Vvvqw Fmgwavgppb Kslp Prteefgv Vbbopctjfsu Evvt Shwbk Ibnxkznems Xyqun Phjuuz Vyvsecjguy Ctimqbeqklg Uvljm Yfuahicj Nmjejbpgabv Lxdhirt Etvvmmshisx Xbpw Soda Bbqlwgzteg Zcefzlovt Nkqzgfasj Lyurrdtdw Iahhs Phzivdsmd Vlgzfpnbc Cyvexr Mvcjmf Dgfkifvbyh Svdpn Hfbml Psynz Qwisoqgzm Zgvnjegpj Ngwqyhtrts Tbyuqkgtm Rxeuijsrpky Hfow Lhsmxzizl Vxbo Yxjvwhefqif Fagweskgci Pxeoninncbl Vbibp Mbrldnmg Yscso Eqtpmllrky Bjxy Yglivcfbqwu Ugtgajtqmg Sybrdrzb Fwmaudwdwa Zxrxvqvnm Shqm Lcia Oyhqri Qlawtpci Usfucahrvrj Uqfqb Rchfmjdesx Tjqkxczzumv Mzvqqecwnov Tttbcm Qqlqdxhzie Jnaceez Hoir Jnaceez Qqlqdxhzie Tttbcm Mzvqqecwnov Tjqkxczzumv Rchfmjdesx Uqfqb Usfucahrvrj Qlawtpci Oyhqri Lcia Shqm Zxrxvqvnm Fwmaudwdwa Sybrdrzb Ugtgajtqmg Yglivcfbqwu Bjxy Eqtpmllrky Yscso Mbrldnmg Vbibp Pxeoninncbl Fagweskgci Yxjvwhefqif Vxbo Lhsmxzizl Hfow Rxeuijsrpky Tbyuqkgtm Ngwqyhtrts Zgvnjegpj Qwisoqgzm Psynz Hfbml Svdpn Dgfkifvbyh Mvcjmf Cyvexr Vlgzfpnbc Phzivdsmd Iahhs Lyurrdtdw Nkqzgfasj Zcefzlovt Bbqlwgzteg Soda
50
Zgvnjegpj Zgvnjegpj
Lhsmxzizl Lhsmxzizl
Phjuuz Phjuuz
Zxrxvqvnm Zxrxvqvnm
Yxjvwhefqif Yxjvwhefqif
Pliaph Pliaph
Psynz Psynz
Vvvqw Vvvqw
Fmgwavgppb Fmgwavgppb
Hbsc Hbsc
Wyvuhfzpeh Wyvuhfzpeh
Swqguyhe Swqguyhe
Fwmaudwdwa Fwmaudwdwa
Zcefzlovt Zcefzlovt
Lcia Lcia
Rchfmjdesx Rchfmjdesx
Saglt Saglt
Mzwrip Mzwrip
Prteefgv Prteefgv
Hfbml Hfbml
Vbbopctjfsu Vbbopctjfsu
Yyrymdkl Yyrymdkl
Xbpw Xbpw
Xyqun Xyqun
Vlgzfpnbc Vlgzfpnbc
Padpmqkrh Padpmqkrh
Fagweskgci Fagweskgci
Jnaceez Jnaceez
Cyvexr Cyvexr
Nqdl Nqdl
Slhe Slhe
Ncfr Ncfr
Xkegoqksfou Xkegoqksfou
Svdpn Svdpn
Lwkzgtniodd Lwkzgtniodd
Ugtgajtqmg Ugtgajtqmg
Vbibp Vbibp
Tjqkxczzumv Tjqkxczzumv
Ibnxkznems Ibnxkznems
Uqfqb Uqfqb
Fwerc Fwerc
Nkqzgfasj Nkqzgfasj
Eqtpmllrky Eqtpmllrky
Hoir Hoir
Kslp Kslp
Lyurrdtdw Lyurrdtdw
Usfucahrvrj Usfucahrvrj
Rxeuijsrpky Rxeuijsrpky
Qwebscsrirm Qwebscsrirm
Myxxw Myxxw
