0 32 22 59 83 31 39 69 46 58 91 30 82 94 33 42 53 98 61 36 37 99 85 86 3 12 3 86 85 99 37 36 61 98 53 42 33 94 82 30 91 58 46 69 39 31 83 59 22 32 0 14 81 18 44 40 92 9 49 4 5 2 88 60 13 54 25 43 57 55 20 26 47 63 16 51 35 28 97 41 23 19 77 96 75 1 90 15 62 29 24 34 56 71 70 10 89 74 21 76 93 7 48 95 68 84 38 80 73 64 72 78 65 6 11 67 50 17 87 52 45 79 8 66 27 66 8 79 45 52 87 17 50 67 11 6 65 78 72 64 73 80 38 84 68 95 48 7 93 76 21 74 89 10 70 71 56 34 24 29 62 15 90 1 75 96 77 19 23 41 97 28 35 51 16 63 47 26 20 55 57 43 25 54 13 60 88 2 5 4 49 9 92 40 44 18 81 14 0
30
64 64
13 13
87 87
82 82
37 37
30 30
17 17
96 96
7 7
77 77
46 46
97 97
90 90
25 25
23 23
40 40
11 11
19 19
35 35
73 73
67 67
69 69
36 36
54 54
61 61
28 28
0 0
80 80
66 66
3 3
