0 71 196 129 85 35 86 134 110 36 25 198 114 16 96 139 69 29 59 52 40 47 118 89 153 2 43 163 159 111 82 84 131 145 135 171 125 8 80 67 73 138 154 95 105 184 124 20 127 191 106 143 98 94 6 64 50 121 51 168 144 123 78 42 115 152 174 162 188 128 160 75 90 197 57 76 102 62 55 140 119 150 93 18 39 108 172 178 3 97 195 68 14 9 161 44 87 56 126 173 58 38 100 28 17 83 181 182 109 170 133 113 130 46 149 46 130 113 133 170 109 182 181 83 17 28 100 38 58 173 126 56 87 44 161 9 14 68 195 97 3 178 172 108 39 18 93 150 119 140 55 62 102 76 57 197 90 75 160 128 188 162 174 152 115 42 78 123 144 168 51 121 50 64 6 94 98 143 106 191 127 20 124 184 105 95 154 138 73 67 80 8 125 171 135 145 131 84 82 111 159 163 43 2 153 89 118 47 40 52 59 29 69 139 96 16 114 198 25 36 110 134 86 35 85 129 196 71 0 70 31 4 5 116 179 112 33 147 187 41 24 132 21 74 19 53 175 30 166 77 164 22 34 60 1 155 10 189 194 79 146 23 13 66 88 183 199 141 65 7 103 169 104 26 81 192 148 117 27 167 193 180 91 15 32 151 72 48 63 177 101 142 11 158 165 99 37 156 190 185 45 54 61 49 137 122 92 12 107 136 186 120 157 176 157 120 186 136 107 12 92 122 137 49 61 54 45 185 190 156 37 99 165 158 11 142 101 177 63 48 72 151 32 15 91 180 193 167 27 117 148 192 81 26 104 169 103 7 65 141 199 183 88 66 13 23 146 79 194 189 10 155 1 60 34 22 164 77 166 30 175 53 19 74 21 132 24 41 187 147 33 112 179 116 5 4 31 70 0
60
140 140
181 181
50 50
33 33
52 52
156 156
118 118
199 199
90 90
152 152
15 15
134 134
153 153
46 46
106 106
12 12
125 125
53 53
131 131
45 45
97 97
144 144
32 32
6 6
61 61
27 27
104 104
3 3
173 173
98 98
92 92
88 88
24 24
23 23
80 80
29 29
164 164
108 108
35 35
154 154
8 8
13 13
40 40
21 21
86 86
179 179
102 102
130 130
34 34
93 93
160 160
197 197
145 145
124 124
149 149
188 188
42 42
58 58
55 55
57 57
