USG OEK CCR VFZ RAK OKD HPK KJA QUA MLH IZR WSF GUH GEZ NRV WSS CMD JRZ JTD IRG BJT LRH GJX PST LYL SJL KHL ZDD XIG AKT TIB GIG KND XJR HTM STT RMX TYT VQH BFD NQX POP ICW IUT CRY ZIJ NAF QSO DZG VYE RTJ CXW VKQ NMY KXU ASJ HRH LPZ FPK ASV KSK MQR STN TWZ RAI BYF ZBM DZD MBE TUL LQS UQJ DPP TCU VQS SCZ QFZ FEB WRP UDO SPK EMJ TWC CFF OJJ KUQ IUL YFQ EMI AYP TFP VFE KUO HOD ZLI WIF UWO WIF ZLI HOD KUO VFE TFP AYP EMI YFQ IUL KUQ OJJ CFF TWC EMJ SPK UDO WRP FEB QFZ SCZ VQS TCU DPP UQJ LQS TUL MBE DZD ZBM BYF RAI TWZ STN MQR KSK ASV FPK LPZ HRH ASJ KXU NMY VKQ CXW RTJ VYE DZG QSO NAF ZIJ CRY IUT ICW POP NQX BFD VQH TYT RMX STT HTM XJR KND GIG TIB AKT XIG ZDD KHL SJL LYL PST GJX LRH BJT IRG JTD JRZ CMD WSS NRV GEZ GUH WSF IZR MLH QUA KJA HPK OKD RAK VFZ CCR OEK USG KFE MJB POT MJB KFE USG
50
DPP DPP
LYL LYL
UQJ UQJ
AKT AKT
GIG GIG
ZBM ZBM
HOD HOD
GJX GJX
NMY NMY
BFD BFD
KJA KJA
BYF BYF
POT POT
TWC TWC
QUA QUA
KHL KHL
DZG DZG
CMD CMD
IUL IUL
OKD OKD
MBE MBE
TIB TIB
WRP WRP
STT STT
SJL SJL
ZLI ZLI
SCZ SCZ
QFZ QFZ
FPK FPK
WSF WSF
KXU KXU
EMI EMI
WIF WIF
UWO UWO
IRG IRG
VKQ VKQ
TFP TFP
BJT BJT
DZD DZD
PST PST
VFE VFE
RAI RAI
XIG XIG
OEK OEK
NRV NRV
IUT IUT
KND KND
STN STN
EMJ EMJ
OJJ OJJ
