KMZ BAA NYW TSZ WXY VSQ CDW EKW GJW ZXG MOA TFP VZI ENU SSS QEX UJF KMD YWR YGM YEC SNZ JUM HDY UXY PUF GVH WPB IVQ MQG HPL EHU WFO ZLZ XHS XWZ GRP GAE EFO XNH GSJ PKG NPV QUZ CFY TBO MWC NDM EOJ FBZ CIH QUS KNQ XFP XPB UCI HGZ DTJ LCB UUU KXA HTU GJK IKT IUN TUF WDZ IWF GUB BUN DKS JQW UAO HUL URI QEA DQZ PHM SQG IYC CSI GEV DGD DZY IEN JLU RJV BTR GMG OSU ZYE LRF KAG XYT YQU ACK NEC EXX MPH WVM ZCR PGK TFL ZUM WDE NTK SCT KTL SCT NTK WDE ZUM TFL PGK ZCR WVM MPH EXX NEC ACK YQU XYT KAG LRF ZYE OSU GMG BTR RJV JLU IEN DZY DGD GEV CSI IYC SQG PHM DQZ QEA URI HUL UAO JQW DKS BUN GUB IWF WDZ TUF IUN IKT GJK HTU KXA UUU LCB DTJ HGZ UCI XPB XFP KNQ QUS CIH FBZ EOJ NDM MWC TBO CFY QUZ NPV PKG GSJ XNH EFO GAE GRP XWZ XHS ZLZ WFO EHU HPL MQG IVQ WPB GVH PUF UXY HDY JUM SNZ YEC YGM YWR KMD UJF QEX SSS ENU VZI TFP MOA ZXG GJW EKW CDW VSQ WXY TSZ NYW BAA KMZ MRP IUG KGU PSZ OUR RHL KBZ ZLO XNM IOV HHH KDF WGU KDH GAZ MMI MWN DEW EOW ZAY BMH QXF SRK JMI STY WDN WXC RWN RMW NHT EZZ TCR AQG VTA JTH AFO YLN EVY VNH QOE MWQ UQR BVP HSN AXG OLU SBG PWL XXL CJX HTV EDX ZES MFS KQK HTP KDO WYK TGQ FZZ WZI XZE TQI WGV KAH VIF RYI OBR COR CUL HJE ZTE LAP BWL YFA KAL MBM JUW CEA JBD WVO RDP ZPF SZK ZUA KMO NLD KVT YET FYE NSY HON NSY FYE YET KVT NLD KMO ZUA SZK ZPF RDP WVO JBD CEA JUW MBM KAL YFA BWL LAP ZTE HJE CUL COR OBR RYI VIF KAH WGV TQI XZE WZI FZZ TGQ WYK KDO HTP KQK MFS ZES EDX HTV CJX XXL PWL SBG OLU AXG HSN BVP UQR MWQ QOE VNH EVY YLN AFO JTH VTA AQG TCR EZZ NHT RMW RWN WXC WDN STY JMI SRK QXF BMH ZAY EOW DEW MWN MMI GAZ KDH WGU KDF HHH IOV XNM ZLO KBZ RHL OUR PSZ KGU IUG MRP KMZ
100
XPB XPB
EXX EXX
VSQ VSQ
XYT XYT
RDP RDP
WPB WPB
RWN RWN
DEW DEW
KAL KAL
GJW GJW
YQU YQU
RHL RHL
ZES ZES
URI URI
EVY EVY
MMI MMI
BTR BTR
FBZ FBZ
XWZ XWZ
MWN MWN
ACK ACK
WYK WYK
MWC MWC
QUS QUS
EFO EFO
GVH GVH
MBM MBM
YET YET
OBR OBR
BUN BUN
MQG MQG
HTV HTV
GJK GJK
JTH JTH
CDW CDW
LRF LRF
BVP BVP
WDN WDN
KDH KDH
IEN IEN
ZUA ZUA
BMH BMH
PWL PWL
HON HON
TFL TFL
WVO WVO
SZK SZK
WDE WDE
NYW NYW
GEV GEV
GAZ GAZ
WZI WZI
VZI VZI
DGD DGD
HGZ HGZ
HSN HSN
XFP XFP
CEA CEA
LCB LCB
FYE FYE
VIF VIF
HDY HDY
KQK KQK
KVT KVT
DZY DZY
KDO KDO
YEC YEC
EKW EKW
IYC IYC
QOE QOE
GMG GMG
PSZ PSZ
HPL HPL
IKT IKT
XXL XXL
VNH VNH
ENU ENU
XNM XNM
KNQ KNQ
BWL BWL
XNH XNH
KBZ KBZ
KDF KDF
YWR YWR
AFO AFO
CSI CSI
WXC WXC
FZZ FZZ
YGM YGM
NDM NDM
PKG PKG
NSY NSY
NLD NLD
COR COR
HTU HTU
YFA YFA
VTA VTA
ZCR ZCR
UAO UAO
OUR OUR
