THJ USF BEU WZO AYD HXP NMK QBY GCW DMO IFS HHN JSI BKR GZT UGL HJF SUG RSC SJU SDB HJX BGT HJX SDB SJU RSC SUG HJF UGL GZT BKR JSI HHN IFS DMO GCW QBY NMK HXP AYD WZO BEU USF THJ ZHB PEW YAN WHF GRH IDL MYW SDF GOH OVH ZSD KMK VSI KQU PGF YEK RHX OQR SEZ CJF YOV KGI QDT IAX AKN RJI GED RJI AKN IAX QDT KGI YOV CJF SEZ OQR RHX YEK PGF KQU VSI KMK ZSD OVH GOH SDF MYW IDL GRH WHF YAN PEW ZHB THJ
25
RHX RHX
HJX HJX
SEZ SEZ
KQU KQU
IFS IFS
PGF PGF
OVH OVH
DMO DMO
SUG SUG
YOV YOV
ZHB ZHB
JSI JSI
BEU BEU
BGT BGT
YEK YEK
RJI RJI
BKR BKR
GED GED
USF USF
SDF SDF
THJ THJ
AYD AYD
RSC RSC
GZT GZT
YAN YAN
