4 10 8 50 3 13 33 25 34 36 30 58 62 61 41 32 20 23 49 9 31 21 27 55 47 44 19 18 37 17 5 15 29 24 54 64 2 76 57 48 39 43 40 46 11 65 38 35 16 6 28 12 67 68 63 45 22 26 7 60 75 72 70 51 56 52 42 71 73 69 1 0 59 66 53 74 77 74 53 66 59 0 1 69 73 71 42 52 56 51 70 72 75 60 7 26 22 45 63 68 67 12 28 6 16 35 38 65 11 46 40 43 39 48 57 76 2 64 54 24 29 15 5 17 37 18 19 44 47 55 27 21 31 9 49 23 20 32 41 61 62 58 30 36 34 25 33 13 3 50 8 10 4 14 78 79 78 14 4
25
14 14
78 78
57 57
48 48
33 33
29 29
13 13
25 25
34 34
3 3
8 8
1 1
70 70
32 32
20 20
23 23
49 49
9 9
31 31
36 36
6 6
43 43
60 60
61 61
55 55
