59 87 68 65 66 85 95 94 40 37 72 33 63 78 82 93 92 46 100 70 31 47 29 61 67 60 62 80 69 96 43 49 39 24 23 15 8 45 64 79 51 22 90 91 86 84 75 88 97 88 75 84 86 91 90 22 51 79 64 45 8 15 23 24 39 49 43 96 69 80 62 60 67 61 29 47 31 70 100 46 92 93 82 78 63 33 72 37 40 94 95 85 66 65 68 87 59 77 44 20 28 48 52 58 16 14 50 53 1 18 42 41 36 13 27 38 5 76 34 21 71 83 54 99 35 32 11 30 26 12 9 10 55 57 74 3 6 2 4 7 81 73 19 17 56 25 0 89 98 89 0 25 56 17 19 73 81 7 4 2 6 3 74 57 55 10 9 12 26 30 11 32 35 99 54 83 71 21 34 76 5 38 27 13 36 41 42 18 1 53 50 14 16 58 52 48 28 20 44 77 59
20
0 0
5 5
23 23
86 86
15 15
94 94
53 53
1 1
42 42
18 18
50 50
14 14
93 93
68 68
95 95
58 58
66 66
20 20
44 44
77 77
