d6 j5 h7 f8 g6 j9 c2 k0 d0 k2 g9 d5 g8 b2 d3 b1 f2 c6 e2 j0 h9 j7 b0 c7 g5 f3 g0 f6 g4 g1 d2 g3 b4 h8 c4 h1 c0 d7 b5 a9 a7 j3 g2 h2 b7 h0 e1 a8 h4 f7 b6 a1 c5 f0 e0 f5 k1 a3 c3 a0 b8 h6 d1 a5 b9 c8 a6 c1 j2 d8 j4 j8 h3 j6 c9 d9 f9 j1 d4 a4 b3 g7 f1 g7 b3 a4 d4 j1 f9 d9 c9 j6 h3 j8 j4 d8 j2 c1 a6 c8 b9 a5 d1 h6 b8 a0 c3 a3 k1 f5 e0 f0 c5 a1 b6 f7 h4 a8 e1 h0 b7 h2 g2 j3 a7 a9 b5 d7 c0 h1 c4 h8 b4 g3 d2 g1 g4 f6 g0 f3 g5 c7 b0 j7 h9 j0 e2 c6 f2 b1 d3 b2 g8 d5 g9 k2 d0 k0 c2 j9 g6 f8 h7 j5 d6 a2 f4 h5 f4 a2 d6
50
a0 a0
a2 a2
a5 a5
a6 a6
a7 a7
a8 a8
b1 b1
b2 b2
b3 b3
b5 b5
b7 b7
b8 b8
c0 c0
c1 c1
c2 c2
c6 c6
c7 c7
c8 c8
d1 d1
d2 d2
d3 d3
d5 d5
d7 d7
d8 d8
d9 d9
e0 e0
e1 e1
e2 e2
f0 f0
f2 f2
f3 f3
f5 f5
g0 g0
g4 g4
g5 g5
g7 g7
h0 h0
h3 h3
h4 h4
h5 h5
h7 h7
h8 h8
h9 h9
j0 j0
j3 j3
j5 j5
j6 j6
j7 j7
k0 k0
k2 k2
