m6 f9 e3 b5 d5 e2 m8 k5 l2 w9 j4 n8 w3 b9 j9 h9 x3 r3 w1 b0 z8 h8 w6 q8 m3 m5 y0 q6 n2 e7 d3 v3 c9 l4 n3 c7 r2 j1 r2 c7 n3 l4 c9 v3 d3 e7 n2 q6 y0 m5 m3 q8 w6 h8 z8 b0 w1 r3 x3 h9 j9 b9 w3 n8 j4 w9 l2 k5 m8 e2 d5 b5 e3 f9 m6 k7 f6 z5 c8 a4 c4 e8 m9 d8 l0 n5 c2 v2 k0 h7 q4 l9 r4 q5 a9 k6 r5 d7 a1 f3 c1 n1 e4 g4 k2 f0 m0 v1 k9 j0 z4 k3 n6 x7 w5 e0 m7 j3 h1 j5 g9 x2 f2 g2 x8 j8 w2 l1 a6 n0 r1 w4 v0 k4 f7 r9 d6 d0 e5 w7 m4 w0 w8 q3 v5 g6 m2 x9 v9 c5 q1 h6 e1 h5 g5 x4 h2 x1 e6 h0 m1 j6 g7 c3 l7 y1 z9 c6 l8 b3 g8 b1 k8 f8 d1 j7 z0 z6 d2 q9 r8 x6 c0 z7 f1 b6 d9 x0 d4 j2 l6 g3 a3 a7 e9 q7 g0 v7 x5 b8 f4 z2 l3 k1 b4 q0 b2 h4 h3 n9 z3 g1 a8 n7 b7 a5 l5 a2 r7 z1 f5 r6 v4 n4 a0 v8 r0 q2 v6 q2 r0 v8 a0 n4 v4 r6 f5 z1 r7 a2 l5 a5 b7 n7 a8 g1 z3 n9 h3 h4 b2 q0 b4 k1 l3 z2 f4 b8 x5 v7 g0 q7 e9 a7 a3 g3 l6 j2 d4 x0 d9 b6 f1 z7 c0 x6 r8 q9 d2 z6 z0 j7 d1 f8 k8 b1 g8 b3 l8 c6 z9 y1 l7 c3 g7 j6 m1 h0 e6 x1 h2 x4 g5 h5 e1 h6 q1 c5 v9 x9 m2 g6 v5 q3 w8 w0 m4 w7 e5 d0 d6 r9 f7 k4 v0 w4 r1 n0 a6 l1 w2 j8 x8 g2 f2 x2 g9 j5 h1 j3 m7 e0 w5 x7 n6 k3 z4 j0 k9 v1 m0 f0 k2 g4 e4 n1 c1 f3 a1 d7 r5 k6 a9 q5 r4 l9 q4 h7 k0 v2 c2 n5 l0 d8 m9 e8 c4 a4 c8 z5 f6 k7 m6
99
a0 a0
a1 a1
a5 a5
a6 a6
a8 a8
a9 a9
b0 b0
b3 b3
b8 b8
b9 b9
c0 c0
c2 c2
c3 c3
c5 c5
c9 c9
d0 d0
d3 d3
d4 d4
d5 d5
e1 e1
e2 e2
e3 e3
e6 e6
e9 e9
f1 f1
f4 f4
f5 f5
f6 f6
f7 f7
g0 g0
g2 g2
g6 g6
g8 g8
g9 g9
h1 h1
h4 h4
h7 h7
h8 h8
h9 h9
j0 j0
j1 j1
j2 j2
j3 j3
j4 j4
j5 j5
j8 j8
j9 j9
k0 k0
k2 k2
k4 k4
k7 k7
k8 k8
k9 k9
z3 z3
z8 z8
z9 z9
x1 x1
x5 x5
x7 x7
x9 x9
v0 v0
v1 v1
v4 v4
v6 v6
n2 n2
n3 n3
n5 n5
n6 n6
n7 n7
n8 n8
m4 m4
m6 m6
m8 m8
l0 l0
l2 l2
l4 l4
l5 l5
l6 l6
l7 l7
l8 l8
q0 q0
q1 q1
q3 q3
q4 q4
q6 q6
q7 q7
q8 q8
w1 w1
w2 w2
w3 w3
w8 w8
w9 w9
r1 r1
r2 r2
r3 r3
r4 r4
r7 r7
r8 r8
y0 y0
