0 18 176 159 120 142 29 57 39 161 86 63 59 98 192 24 100 67 103 183 151 52 55 136 111 93 43 167 7 149 22 75 119 144 78 6 180 88 126 87 94 169 96 16 177 74 132 188 166 182 191 113 137 115 175 181 17 197 101 34 99 140 162 54 157 12 19 154 46 28 130 11 178 170 5 36 190 194 189 163 112 30 91 26 143 109 50 150 58 33 25 4 97 147 186 42 77 155 110 35 185 32 107 73 102 65 44 129 179 66 79 141 160 138 124 106 148 127 47 62 164 152 158 41 27 104 125 92 133 84 172 40 14 174 184 134 83 95 118 108 198 1 70 23 15 121 61 9 31 146 195 76 20 51 105 8 187 71 68 69 165 139 10 116 48 122 173 13 21 82 64 72 90 45 123 45 90 72 64 82 21 13 173 122 48 116 10 139 165 69 68 71 187 8 105 51 20 76 195 146 31 9 61 121 15 23 70 1 198 108 118 95 83 134 184 174 14 40 172 84 133 92 125 104 27 41 158 152 164 62 47 127 148 106 124 138 160 141 79 66 179 129 44 65 102 73 107 32 185 35 110 155 77 42 186 147 97 4 25 33 58 150 50 109 143 26 91 30 112 163 189 194 190 36 5 170 178 11 130 28 46 154 19 12 157 54 162 140 99 34 101 197 17 181 175 115 137 113 191 182 166 188 132 74 177 16 96 169 94 87 126 88 180 6 78 144 119 75 22 149 7 167 43 93 111 136 55 52 151 183 103 67 100 24 192 98 59 63 86 161 39 57 29 142 120 159 176 18 0 3 114 2 131 135 171 128 60 49 199 168 56 196 156 145 37 81 89 117 85 80 193 38 53 153 53 38 193 80 85 117 89 81 37 145 156 196 56 168 199 49 60 128 171 135 131 2 114 3 0
100
33 33
4 4
69 69
98 98
85 85
11 11
46 46
2 2
35 35
59 59
6 6
68 68
77 77
81 81
44 44
56 56
3 3
39 39
10 10
74 74
92 92
76 76
83 83
70 70
43 43
13 13
25 25
94 94
27 27
53 53
72 72
37 37
61 61
5 5
45 45
65 65
0 0
93 93
50 50
22 22
49 49
32 32
41 41
14 14
82 82
30 30
15 15
36 36
40 40
64 64
17 17
73 73
18 18
19 19
80 80
58 58
52 52
16 16
21 21
60 60
29 29
67 67
9 9
62 62
23 23
66 66
84 84
63 63
7 7
31 31
88 88
96 96
12 12
87 87
28 28
38 38
55 55
57 57
48 48
51 51
89 89
26 26
34 34
86 86
8 8
99 99
24 24
91 91
1 1
95 95
97 97
20 20
47 47
42 42
54 54
78 78
79 79
75 75
90 90
71 71
