0 11 16 40 46 81 84 80 39 97 37 23 83 76 2 12 68 27 18 45 99 10 90 95 25 8 59 38 60 69 98 4 54 13 88 6 89 48 17 30 29 58 49 78 77 53 7 93 52 43 72 62 50 94 28 22 91 36 75 70 65 70 75 36 91 22 28 94 50 62 72 43 52 93 7 53 77 78 49 58 29 30 17 48 89 6 88 13 54 4 98 69 60 38 59 8 25 95 90 10 99 45 18 27 68 12 2 76 83 23 37 97 39 80 84 81 46 40 16 11 0 96 66 79 42 82 15 24 34 32 33 9 35 3 74 92 31 57 1 19 41 87 56 51 64 20 26 67 14 85 47 63 61 55 71 86 73 5 44 21 44 5 73 86 71 55 61 63 47 85 14 67 26 20 64 51 56 87 41 19 1 57 31 92 74 3 35 9 33 32 34 24 15 82 42 79 66 96 0
50
16 16
29 29
5 5
42 42
3 3
33 33
35 35
46 46
9 9
11 11
41 41
6 6
22 22
38 38
44 44
36 36
47 47
15 15
14 14
12 12
10 10
17 17
27 27
18 18
48 48
2 2
19 19
8 8
25 25
32 32
43 43
28 28
21 21
40 40
1 1
0 0
13 13
4 4
26 26
37 37
7 7
49 49
45 45
31 31
23 23
39 39
20 20
30 30
34 34
24 24
