144 58 133 25 18 141 68 109 100 5 69 51 119 187 91 71 95 99 7 138 128 160 161 75 175 23 48 39 149 166 102 37 188 150 79 139 8 152 185 92 34 72 12 180 57 165 155 94 20 73 132 88 114 44 112 13 110 115 55 38 113 29 113 38 55 115 110 13 112 44 114 88 132 73 20 94 155 165 57 180 12 72 34 92 185 152 8 139 79 150 188 37 102 166 149 39 48 23 175 75 161 160 128 138 7 99 95 71 91 187 119 51 69 5 100 109 68 141 18 25 133 58 144 47 28 11 158 96 60 19 184 179 129 177 97 145 26 120 127 49 9 121 162 93 15 64 63 0 117 136 82 59 183 36 163 171 101 53 174 83 116 181 170 67 24 108 87 52 134 103 42 76 131 33 176 142 45 1 147 41 159 70 56 74 167 124 168 137 84 154 61 157 111 77 6 98 43 146 182 156 85 130 148 104 118 27 50 172 14 30 151 169 90 107 89 46 81 66 122 125 123 17 10 62 22 16 80 40 153 3 105 32 135 65 2 4 54 78 21 126 164 143 86 178 173 106 140 35 186 31 186 35 140 106 173 178 86 143 164 126 21 78 54 4 2 65 135 32 105 3 153 40 80 16 22 62 10 17 123 125 122 66 81 46 89 107 90 169 151 30 14 172 50 27 118 104 148 130 85 156 182 146 43 98 6 77 111 157 61 154 84 137 168 124 167 74 56 70 159 41 147 1 45 142 176 33 131 76 42 103 134 52 87 108 24 67 170 181 116 83 174 53 101 171 163 36 183 59 82 136 117 0 63 64 15 93 162 121 9 49 127 120 26 145 97 177 129 179 184 19 60 96 158 11 28 47 144
72
3 3
7 7
8 8
11 11
13 13
14 14
16 16
18 18
19 19
21 21
24 24
28 28
39 39
42 42
43 43
44 44
47 47
49 49
51 51
53 53
62 62
64 64
66 66
67 67
70 70
74 74
75 75
76 76
78 78
79 79
83 83
87 87
88 88
90 90
92 92
93 93
95 95
99 99
104 104
106 106
107 107
108 108
110 110
112 112
114 114
119 119
120 120
122 122
124 124
126 126
127 127
128 128
130 130
131 131
132 132
133 133
136 136
141 141
142 142
147 147
152 152
156 156
157 157
158 158
159 159
165 165
169 169
170 170
174 174
183 183
187 187
188 188
