77 39 9 74 35 49 29 28 88 11 64 63 60 4 87 3 19 47 50 84 8 51 0 68 5 85 70 52 86 62 56 48 72 65 83 30 33 79 18 40 75 34 43 15 43 34 75 40 18 79 33 30 83 65 72 48 56 62 86 52 70 85 5 68 0 51 8 84 50 47 19 3 87 4 60 63 64 11 88 28 29 49 35 74 9 39 77 23 12 57 17 46 32 58 67 61 14 7 6 37 55 44 54 80 26 59 10 25 45 13 24 16 27 22 36 38 82 81 53 78 20 1 42 69 73 66 76 21 71 31 2 41 2 31 71 21 76 66 73 69 42 1 20 78 53 81 82 38 36 22 27 16 24 13 45 25 10 59 26 80 54 44 55 37 6 7 14 61 67 58 32 46 17 57 12 23 77
42
4 4
6 6
7 7
9 9
10 10
11 11
15 15
17 17
18 18
19 19
20 20
21 21
24 24
27 27
31 31
33 33
40 40
42 42
44 44
48 48
49 49
50 50
54 54
58 58
59 59
60 60
61 61
63 63
64 64
65 65
66 66
67 67
68 68
69 69
72 72
75 75
76 76
77 77
78 78
79 79
81 81
88 88
