0 16 12 7 17 19 23 24 5 51 73 86 68 79 72 92 87 9 98 71 62 53 25 54 41 11 28 110 105 77 50 70 49 39 46 65 67 61 20 59 94 97 90 91 128 114 178 163 117 155 143 115 138 142 137 136 157 168 172 189 180 146 118 129 96 103 99 80 66 84 18 8 14 26 56 6 1 40 3 36 33 35 187 167 150 147 107 122 186 127 175 134 141 126 125 132 140 165 120 121 123 131 109 133 124 148 151 149 161 154 184 166 95 152 112 139 101 89 69 83 57 183 174 177 153 185 145 190 160 179 170 106 78 76 74 75 13 58 29 55 44 52 31 10 34 4 15 2 27 38 30 64 108 193 182 192 48 60 43 22 42 37 47 45 32 195 130 173 81 102 191 171 156 100 111 188 111 100 156 171 191 102 81 173 130 195 32 45 47 37 42 22 43 60 48 192 182 193 108 64 30 38 27 2 15 4 34 10 31 52 44 55 29 58 13 75 74 76 78 106 170 179 160 190 145 185 153 177 174 183 57 83 69 89 101 139 112 152 95 166 184 154 161 149 151 148 124 133 109 131 123 121 120 165 140 132 125 126 141 134 175 127 186 122 107 147 150 167 187 35 33 36 3 40 1 6 56 26 14 8 18 84 66 80 99 103 96 129 118 146 180 189 172 168 157 136 137 142 138 115 143 155 117 163 178 114 128 91 90 97 94 59 20 61 67 65 46 39 49 70 50 77 105 110 28 11 41 54 25 53 62 71 98 9 87 92 72 79 68 86 73 51 5 24 23 19 17 7 12 16 0 21 63 82 93 119 113 88 104 85 116 181 158 176 162 135 144 159 164 169 194 169 164 159 144 135 162 176 158 181 116 85 104 88 113 119 93 82 63 21 0
98
62 62
21 21
52 52
50 50
192 192
34 34
101 101
93 93
143 143
127 127
186 186
26 26
103 103
39 39
47 47
64 64
141 141
82 82
168 168
193 193
28 28
2 2
72 72
136 136
133 133
189 189
12 12
195 195
126 126
163 163
110 110
183 183
44 44
42 42
155 155
172 172
27 27
178 178
105 105
10 10
94 94
115 115
87 87
31 31
170 170
179 179
46 46
130 130
152 152
99 99
164 164
59 59
11 11
5 5
24 24
142 142
162 162
29 29
38 38
108 108
49 49
77 77
56 56
78 78
97 97
194 194
23 23
51 51
146 146
85 85
79 79
121 121
76 76
45 45
73 73
68 68
150 150
139 139
131 131
104 104
71 71
132 132
30 30
140 140
13 13
1 1
22 22
14 14
67 67
66 66
91 91
63 63
35 35
177 177
149 149
120 120
100 100
175 175
