0 96 2 1 70 95 22 46 50 52 16 29 40 61 78 90 86 90 78 61 40 29 16 52 50 46 22 95 70 1 2 96 0 9 24 42 39 55 57 73 59 63 56 62 65 74 33 38 25 31 20 23 7 18 10 26 5 12 21 27 51 84 88 49 15 17 3 28 8 80 91 53 32 41 30 19 37 35 68 83 89 75 79 82 93 66 60 69 45 34 4 6 11 14 36 13 48 43 76 77 71 85 54 47 58 67 81 97 87 94 64 44 72 92 72 44 64 94 87 97 81 67 58 47 54 85 71 77 76 43 48 13 36 14 11 6 4 34 45 69 60 66 93 82 79 75 89 83 68 35 37 19 30 41 32 53 91 80 8 28 3 17 15 49 88 84 51 27 21 12 5 26 10 18 7 23 20 31 25 38 33 74 65 62 56 63 59 73 57 55 39 42 24 9 0
48
24 24
23 23
36 36
1 1
74 74
64 64
71 71
33 33
16 16
40 40
61 61
89 89
70 70
49 49
35 35
43 43
84 84
18 18
54 54
65 65
38 38
86 86
68 68
12 12
11 11
6 6
2 2
63 63
50 50
94 94
25 25
13 13
31 31
29 29
51 51
92 92
52 52
56 56
32 32
62 62
34 34
80 80
21 21
69 69
60 60
20 20
57 57
37 37
