0 84 13 79 121 102 51 100 145 136 178 55 57 112 2 140 163 92 94 67 27 28 29 82 153 184 153 82 29 28 27 67 94 92 163 140 2 112 57 55 178 136 145 100 51 102 121 79 13 84 0 60 129 192 8 6 19 24 174 44 155 137 22 76 180 116 168 80 15 1 86 190 175 165 139 191 179 81 64 148 146 14 46 96 143 11 65 133 115 181 61 188 62 154 156 33 199 164 127 4 47 45 157 41 40 7 36 189 167 98 166 87 73 70 195 5 3 128 99 158 38 125 183 124 122 123 83 198 118 111 113 93 72 30 142 138 150 75 101 42 43 194 132 74 171 59 135 85 49 159 187 9 32 35 185 144 119 134 114 103 78 71 68 66 63 54 25 26 173 170 110 53 52 50 39 37 109 10 149 20 117 89 186 97 34 88 152 151 161 69 12 182 31 58 56 77 21 169 141 95 90 197 130 120 172 176 177 193 126 162 160 131 16 48 108 107 105 104 147 23 91 17 18 106 196 106 18 17 91 23 147 104 105 107 108 48 16 131 160 162 126 193 177 176 172 120 130 197 90 95 141 169 21 77 56 58 31 182 12 69 161 151 152 88 34 97 186 89 117 20 149 10 109 37 39 50 52 53 110 170 173 26 25 54 63 66 68 71 78 103 114 134 119 144 185 35 32 9 187 159 49 85 135 59 171 74 132 194 43 42 101 75 150 138 142 30 72 93 113 111 118 198 83 123 122 124 183 125 38 158 99 128 3 5 195 70 73 87 166 98 167 189 36 7 40 41 157 45 47 4 127 164 199 33 156 154 62 188 61 181 115 133 65 11 143 96 46 14 146 148 64 81 179 191 139 165 175 190 86 1 15 80 168 116 180 76 22 137 155 44 174 24 19 6 8 192 129 60 0
100
99 99
105 105
150 150
46 46
85 85
139 139
141 141
21 21
64 64
45 45
108 108
14 14
132 132
50 50
41 41
13 13
82 82
138 138
12 12
188 188
170 170
1 1
119 119
161 161
129 129
148 148
39 39
90 90
175 175
169 169
143 143
27 27
77 77
124 124
49 49
160 160
20 20
56 56
71 71
189 189
74 74
152 152
35 35
157 157
59 59
100 100
55 55
195 195
23 23
185 185
24 24
172 172
68 68
107 107
103 103
83 83
147 147
186 186
125 125
197 197
69 69
167 167
101 101
52 52
2 2
112 112
26 26
137 137
66 66
142 142
43 43
9 9
94 94
73 73
196 196
176 176
57 57
106 106
38 38
164 164
95 95
92 92
182 182
3 3
51 51
19 19
11 11
29 29
86 86
16 16
166 166
198 198
72 72
67 67
97 97
104 104
123 123
102 102
10 10
89 89
