0 4 6 11 15 38 67 76 69 65 51 80 71 79 81 49 5 30 27 82 96 32 78 87 7 72 52 45 68 50 85 25 29 34 77 60 1 62 73 75 86 90 92 66 63 19 46 64 91 10 35 48 47 55 37 26 13 8 9 97 43 44 17 61 54 57 16 14 2 58 41 40 36 3 74 56 70 84 89 95 93 83 88 22 24 98 24 22 88 83 93 95 89 84 70 56 74 3 36 40 41 58 2 14 16 57 54 61 17 44 43 97 9 8 13 26 37 55 47 48 35 10 91 64 46 19 63 66 92 90 86 75 73 62 1 60 77 34 29 25 85 50 68 45 52 72 7 87 78 32 96 82 27 30 5 49 81 79 71 80 51 65 69 76 67 38 15 11 6 4 0 21 31 33 53 18 94 39 20 23 42 12 28 59 99 59 28 12 42 23 20 39 94 18 53 33 31 21 0
50
17 17
61 61
30 30
32 32
29 29
74 74
68 68
31 31
16 16
56 56
45 45
89 89
91 91
85 85
99 99
36 36
41 41
20 20
14 14
3 3
26 26
60 60
58 58
23 23
82 82
2 2
93 93
48 48
12 12
7 7
10 10
42 42
79 79
13 13
46 46
98 98
75 75
69 69
18 18
67 67
64 64
54 54
11 11
9 9
6 6
15 15
80 80
63 63
59 59
77 77
