0 152 26 25 89 108 23 35 73 8 87 189 139 46 57 105 124 130 153 167 154 106 12 119 18 42 190 74 111 78 171 90 4 181 137 59 188 88 34 151 52 66 149 160 10 54 118 38 81 69 22 117 114 133 55 165 33 170 13 86 2 30 113 184 131 50 131 184 113 30 2 86 13 170 33 165 55 133 114 117 22 69 81 38 118 54 10 160 149 66 52 151 34 88 188 59 137 181 4 90 171 78 111 74 190 42 18 119 12 106 154 167 153 130 124 105 57 46 139 189 87 8 73 35 23 108 89 25 26 152 0 24 132 94 129 29 104 83 143 61 164 9 127 140 68 92 176 180 110 31 107 99 14 60 194 43 177 72 85 32 128 39 6 47 44 49 142 183 192 141 195 95 161 138 186 175 77 122 28 76 51 96 84 103 48 145 36 53 179 178 21 156 172 7 191 80 120 169 168 163 16 93 112 11 63 134 198 166 146 97 144 101 123 187 27 157 40 155 65 20 64 159 115 102 193 147 125 15 174 150 135 196 19 17 62 148 58 37 56 197 173 136 82 91 116 182 109 45 199 5 126 162 100 41 1 3 158 75 98 79 67 121 185 71 70 71 185 121 67 79 98 75 158 3 1 41 100 162 126 5 199 45 109 182 116 91 82 136 173 197 56 37 58 148 62 17 19 196 135 150 174 15 125 147 193 102 115 159 64 20 65 155 40 157 27 187 123 101 144 97 146 166 198 134 63 11 112 93 16 163 168 169 120 80 191 7 172 156 21 178 179 53 36 145 48 103 84 96 51 76 28 122 77 175 186 138 161 95 195 141 192 183 142 49 44 47 6 39 128 32 85 72 177 43 194 60 14 99 107 31 110 180 176 92 68 140 127 9 164 61 143 83 104 29 129 94 132 24 0
100
0 0
2 2
4 4
6 6
8 8
10 10
12 12
14 14
16 16
18 18
20 20
22 22
24 24
26 26
28 28
30 30
32 32
34 34
36 36
38 38
40 40
42 42
44 44
46 46
48 48
50 50
52 52
54 54
56 56
58 58
60 60
62 62
64 64
66 66
68 68
70 70
72 72
74 74
76 76
78 78
80 80
82 82
84 84
86 86
88 88
90 90
92 92
94 94
96 96
98 98
100 100
102 102
104 104
106 106
108 108
110 110
112 112
114 114
116 116
118 118
120 120
122 122
124 124
126 126
128 128
130 130
132 132
134 134
136 136
138 138
140 140
142 142
144 144
146 146
148 148
150 150
152 152
154 154
156 156
158 158
160 160
162 162
164 164
166 166
168 168
170 170
172 172
174 174
176 176
178 178
180 180
182 182
184 184
186 186
188 188
190 190
192 192
194 194
196 196
198 198
