0 43 24 50 21 91 68 16 46 60 3 62 29 56 86 19 59 94 7 83 12 47 33 18 44 40 13 78 70 73 39 96 67 93 22 20 41 17 64 79 75 11 98 32 35 52 84 66 81 57 26 36 26 57 81 66 84 52 35 32 98 11 75 79 64 17 41 20 22 93 67 96 39 73 70 78 13 40 44 18 33 47 12 83 7 94 59 19 86 56 29 62 3 60 46 16 68 91 21 50 24 43 0 34 97 65 1 25 6 5 4 85 51 28 95 48 31 89 45 30 55 92 71 61 63 87 15 58 69 9 2 38 10 23 76 88 14 49 99 74 90 77 82 54 72 42 80 37 27 8 53 8 27 37 80 42 72 54 82 77 90 74 99 49 14 88 76 23 10 38 2 9 69 58 15 87 63 61 71 92 55 30 45 89 31 48 95 28 51 85 4 5 6 25 1 65 97 34 0
50
0 0
2 2
4 4
6 6
8 8
10 10
12 12
14 14
16 16
18 18
20 20
22 22
24 24
26 26
28 28
30 30
32 32
34 34
36 36
38 38
40 40
42 42
44 44
46 46
48 48
50 50
52 52
54 54
56 56
58 58
60 60
62 62
64 64
66 66
68 68
70 70
72 72
74 74
76 76
78 78
80 80
82 82
84 84
86 86
88 88
90 90
92 92
94 94
96 96
98 98
