Soda CalvinLaboratory Cory Etcheverry GreekTheatre HearstMiningCircle McLaughlin KrutchTheater MLK Observatory Wheeler BarkerHall VLSB Campbell Bowles DoeLibrary EdwardsStadium HaasPavilion HearstFieldAnnex Insectary McCone LeConte NorthGate Simon Tan Simon NorthGate LeConte McCone Insectary HearstFieldAnnex HaasPavilion EdwardsStadium DoeLibrary Bowles Campbell VLSB BarkerHall Wheeler Observatory MLK KrutchTheater McLaughlin HearstMiningCircle GreekTheatre Etcheverry Cory CalvinLaboratory Soda Bechtel Boalt Cheit Dwinelle Giannini Haste LifeSciences Jacobs Hildebrand Senior SproulPlaza Moses Stern Blackwell ClarkKerr Foothill Gilman Hertz Koshland Morgan MemorialStadium Pitzer Stanley Wellman Wurster Wellman Stanley Pitzer MemorialStadium Morgan Koshland Hertz Gilman Foothill ClarkKerr Blackwell Stern Moses SproulPlaza Senior Hildebrand Jacobs LifeSciences Haste Giannini Dwinelle Cheit Boalt Bechtel Soda
24
Boalt Boalt
Cheit Cheit
Dwinelle Dwinelle
Giannini Giannini
Haste Haste
LifeSciences LifeSciences
Jacobs Jacobs
Hildebrand Hildebrand
Moses Moses
Senior Senior
Stern Stern
Wheeler Wheeler
Blackwell Blackwell
Bowles Bowles
DoeLibrary DoeLibrary
Foothill Foothill
HaasPavilion HaasPavilion
Hertz Hertz
Koshland Koshland
McCone McCone
Morgan Morgan
Pitzer Pitzer
Stanley Stanley
Wellman Wellman
