Soda CalvinLaboratory Cheit Bechtel Cory Etcheverry Haste Giannini GreekTheatre LifeSciences Jacobs KrutchTheater Hildebrand Observatory SproulPlaza Stern Wheeler BarkerHall Blackwell ClarkKerr EdwardsStadium Gilman Hertz Insectary LeConte MemorialStadium Morgan Simon Wellman Tan Eshleman Evans Blum FoxCottage BotanicalGarden CaliforniaHall Chou GoldmanPlaza Hargrove Chvez Cleary BancroftLibrary Durant EastGate Kroeber Lewis McEnerney Minor Morrison OBrien Sibley Stephens TangCenter Warren WooHonFai Bechtel1 CalvinLaboratory1 Cheit1 Dwinelle1 Giannini1 LifeSciences1 McLaughlin1 Jacobs1 Hildebrand1 MLK1 Observatory1 SproulPlaza1 Wheeler1 Stern1 BarkerHall1 Campbell1 ClarkKerr1 Foothill1 Gilman1 Hertz1 Insectary1 Koshland1 McCone1 Morgan1 Simon1 Evans1 FoxCottage1 BotanicalGarden1 CaliforniaHall1 Hargrove1 Haviland1 HeatingPlant1 Hesse1 BancroftLibrary1 Hilgard1 IshiCourt1 LowerSproul1 Kroeber1 McEnerney1 Morrison1 Moffitt1 Mulford1 Pimentel1 Sibley1 StadiumRim1 TangCenter1 Warren1 WooHonFai1 Warren1 TangCenter1 StadiumRim1 Sibley1 Pimentel1 Mulford1 Moffitt1 Morrison1 McEnerney1 Kroeber1 LowerSproul1 IshiCourt1 Hilgard1 BancroftLibrary1 Hesse1 HeatingPlant1 Haviland1 Hargrove1 CaliforniaHall1 BotanicalGarden1 FoxCottage1 Evans1 Simon1 Morgan1 McCone1 Koshland1 Insectary1 Hertz1 Gilman1 Foothill1 ClarkKerr1 Campbell1 BarkerHall1 Stern1 Wheeler1 SproulPlaza1 Observatory1 MLK1 Hildebrand1 Jacobs1 McLaughlin1 LifeSciences1 Giannini1 Dwinelle1 Cheit1 CalvinLaboratory1 Bechtel1 WooHonFai Warren TangCenter Stephens Sibley OBrien Morrison Minor McEnerney Lewis Kroeber EastGate Durant BancroftLibrary Cleary Chvez Hargrove GoldmanPlaza Chou CaliforniaHall BotanicalGarden FoxCottage Blum Evans Eshleman Tan Wellman Simon Morgan MemorialStadium LeConte Insectary Hertz Gilman EdwardsStadium ClarkKerr Blackwell BarkerHall Wheeler Stern SproulPlaza Observatory Hildebrand KrutchTheater Jacobs LifeSciences GreekTheatre Giannini Haste Etcheverry Cory Bechtel Cheit CalvinLaboratory Soda Boalt Dwinelle HearstMiningCircle McLaughlin MLK Moses Senior VLSB Campbell Bowles DoeLibrary Foothill HearstFieldAnnex HaasPavilion Koshland McCone NorthGate Pitzer Stanley Wurster BarrowsHall Birge Giauque Greenhouse Campanile Haviland HeatingPlant HearstGymnasium Davis Hesse Hilgard Kleeberger IshiCourt Latimer LowerSproul MemorialGlade Moffitt Mulford Pimentel SatherGate Sproul StadiumRim SutardjaDai WestGate Soda1 Zellerbach Boalt1 Cory1 Etcheverry1 GreekTheatre1 Haste1 HearstMiningCircle1 KrutchTheater1 Moses1 Senior1 VLSB1 Blackwell1 Bowles1 EdwardsStadium1 DoeLibrary1 HaasPavilion1 HearstFieldAnnex1 LeConte1 MemorialStadium1 Pitzer1 Stanley1 NorthGate1 Wellman1 Wurster1 Tan1 Eshleman1 Birge1 BarrowsHall1 Blum1 Giauque1 GoldmanPlaza1 Greenhouse1 Chou1 Chvez1 Campanile1 HearstGymnasium1 Cleary1 Davis1 Durant1 EastGate1 Latimer1 Kleeberger1 Lewis1 MemorialGlade1 OBrien1 SatherGate1 Minor1 Sproul1 Stephens1 SutardjaDai1 WestGate1 Zellerbach1 WestGate1 SutardjaDai1 Stephens1 Sproul1 Minor1 SatherGate1 OBrien1 MemorialGlade1 Lewis1 Kleeberger1 Latimer1 EastGate1 Durant1 Davis1 Cleary1 HearstGymnasium1 Campanile1 Chvez1 Chou1 Greenhouse1 GoldmanPlaza1 Giauque1 Blum1 BarrowsHall1 Birge1 Eshleman1 Tan1 Wurster1 Wellman1 NorthGate1 Stanley1 Pitzer1 MemorialStadium1 LeConte1 HearstFieldAnnex1 HaasPavilion1 DoeLibrary1 EdwardsStadium1 Bowles1 Blackwell1 VLSB1 Senior1 Moses1 KrutchTheater1 HearstMiningCircle1 Haste1 GreekTheatre1 Etcheverry1 Cory1 Boalt1 Zellerbach Soda1 WestGate SutardjaDai StadiumRim Sproul SatherGate Pimentel Mulford Moffitt MemorialGlade LowerSproul Latimer IshiCourt Kleeberger Hilgard Hesse Davis HearstGymnasium HeatingPlant Haviland Campanile Greenhouse Giauque Birge BarrowsHall Wurster Stanley Pitzer NorthGate McCone Koshland HaasPavilion HearstFieldAnnex Foothill DoeLibrary Bowles Campbell VLSB Senior Moses MLK McLaughlin HearstMiningCircle Dwinelle Boalt Soda
100
Bechtel Bechtel
Bowles Bowles
ClarkKerr ClarkKerr
DoeLibrary DoeLibrary
EdwardsStadium EdwardsStadium
Foothill Foothill
Gilman Gilman
HaasPavilion HaasPavilion
HearstFieldAnnex HearstFieldAnnex
Hertz Hertz
Insectary Insectary
Koshland Koshland
LeConte LeConte
McCone McCone
MemorialStadium MemorialStadium
Morgan Morgan
NorthGate NorthGate
Pitzer Pitzer
Simon Simon
Stanley Stanley
Tan Tan
Wellman Wellman
Wurster Wurster
Eshleman Eshleman
BarrowsHall BarrowsHall
Evans Evans
Birge Birge
FoxCottage FoxCottage
Blum Blum
BotanicalGarden BotanicalGarden
Giauque Giauque
GoldmanPlaza GoldmanPlaza
CaliforniaHall CaliforniaHall
Greenhouse Greenhouse
Chou Chou
Chvez Chvez
Hargrove Hargrove
Campanile Campanile
Haviland Haviland
HearstGymnasium HearstGymnasium
Cleary Cleary
HeatingPlant HeatingPlant
Davis Davis
BancroftLibrary BancroftLibrary
Hesse Hesse
Durant Durant
Hilgard Hilgard
EastGate EastGate
IshiCourt IshiCourt
Kleeberger Kleeberger
Kroeber Kroeber
Latimer Latimer
Lewis Lewis
LowerSproul LowerSproul
McEnerney McEnerney
MemorialGlade MemorialGlade
Minor Minor
Moffitt Moffitt
Morrison Morrison
Mulford Mulford
OBrien OBrien
Pimentel Pimentel
SatherGate SatherGate
Sibley Sibley
Sproul Sproul
StadiumRim StadiumRim
Stephens Stephens
SutardjaDai SutardjaDai
TangCenter TangCenter
Warren Warren
WestGate WestGate
WooHonFai WooHonFai
Zellerbach Zellerbach
Soda1 Soda1
Bechtel1 Bechtel1
Boalt1 Boalt1
CalvinLaboratory1 CalvinLaboratory1
Cheit1 Cheit1
Cory1 Cory1
Dwinelle1 Dwinelle1
Etcheverry1 Etcheverry1
Giannini1 Giannini1
GreekTheatre1 GreekTheatre1
Haste1 Haste1
HearstMiningCircle1 HearstMiningCircle1
LifeSciences1 LifeSciences1
McLaughlin1 McLaughlin1
Jacobs1 Jacobs1
KrutchTheater1 KrutchTheater1
Hildebrand1 Hildebrand1
MLK1 MLK1
Moses1 Moses1
Observatory1 Observatory1
Stephens1 Stephens1
SutardjaDai1 SutardjaDai1
TangCenter1 TangCenter1
Warren1 Warren1
WestGate1 WestGate1
WooHonFai1 WooHonFai1
Zellerbach1 Zellerbach1
