Soda Boalt CalvinLaboratory Dwinelle HearstMiningCircle McLaughlin MLK Moses Senior VLSB Campbell Bowles DoeLibrary Foothill HearstFieldAnnex HaasPavilion Koshland McCone NorthGate Pitzer Stanley Wurster BarrowsHall Birge Giauque Greenhouse Campanile Haviland HeatingPlant HearstGymnasium Davis Hesse Hilgard Kleeberger IshiCourt Latimer LowerSproul MemorialGlade Moffitt Mulford Pimentel SatherGate Sproul StadiumRim SutardjaDai WestGate TangCenter Warren WooHonFai Warren TangCenter WestGate SutardjaDai StadiumRim Sproul SatherGate Pimentel Mulford Moffitt MemorialGlade LowerSproul Latimer IshiCourt Kleeberger Hilgard Hesse Davis HearstGymnasium HeatingPlant Haviland Campanile Greenhouse Giauque Birge BarrowsHall Wurster Stanley Pitzer NorthGate McCone Koshland HaasPavilion HearstFieldAnnex Foothill DoeLibrary Bowles Campbell VLSB Senior Moses MLK McLaughlin HearstMiningCircle Dwinelle CalvinLaboratory Boalt Soda Bechtel Cheit Cory Etcheverry Haste Giannini GreekTheatre LifeSciences Jacobs KrutchTheater Hildebrand Observatory SproulPlaza Stern Wheeler BarkerHall Blackwell ClarkKerr EdwardsStadium Gilman Hertz Insectary LeConte MemorialStadium Morgan Simon Wellman Tan Eshleman Evans Blum FoxCottage BotanicalGarden CaliforniaHall Chou GoldmanPlaza Hargrove Chvez Cleary BancroftLibrary Durant EastGate Kroeber Lewis McEnerney Minor Morrison OBrien Sibley Stephens Zellerbach Stephens Sibley OBrien Morrison Minor McEnerney Lewis Kroeber EastGate Durant BancroftLibrary Cleary Chvez Hargrove GoldmanPlaza Chou CaliforniaHall BotanicalGarden FoxCottage Blum Evans Eshleman Tan Wellman Simon Morgan MemorialStadium LeConte Insectary Hertz Gilman EdwardsStadium ClarkKerr Blackwell BarkerHall Wheeler Stern SproulPlaza Observatory Hildebrand KrutchTheater Jacobs LifeSciences GreekTheatre Giannini Haste Etcheverry Cory Cheit Bechtel Soda
45
Bechtel Bechtel
Boalt Boalt
Cheit Cheit
Cory Cory
Dwinelle Dwinelle
Etcheverry Etcheverry
Giannini Giannini
GreekTheatre GreekTheatre
Haste Haste
HearstMiningCircle HearstMiningCircle
LifeSciences LifeSciences
McLaughlin McLaughlin
Jacobs Jacobs
KrutchTheater KrutchTheater
Hildebrand Hildebrand
MLK MLK
Moses Moses
Observatory Observatory
Senior Senior
SproulPlaza SproulPlaza
Stern Stern
VLSB VLSB
Wheeler Wheeler
BarkerHall BarkerHall
Blackwell Blackwell
Campbell Campbell
Bowles Bowles
ClarkKerr ClarkKerr
DoeLibrary DoeLibrary
EdwardsStadium EdwardsStadium
Foothill Foothill
Gilman Gilman
HaasPavilion HaasPavilion
HearstFieldAnnex HearstFieldAnnex
Hertz Hertz
Insectary Insectary
Koshland Koshland
LeConte LeConte
McCone McCone
MemorialStadium MemorialStadium
Morgan Morgan
NorthGate NorthGate
Pitzer Pitzer
Simon Simon
Stanley Stanley
