2 154 153 122 189 182 180 174 28 94 57 15 30 137 172 103 116 67 134 69 89 68 119 136 167 84 39 33 111 187 1 50 42 108 105 21 92 190 92 21 105 108 42 50 1 187 111 33 39 84 167 136 119 68 89 69 134 67 116 103 172 137 30 15 57 94 28 174 180 182 189 122 153 154 2 157 53 193 145 52 56 195 148 159 156 131 109 161 4 112 158 110 106 123 151 40 44 104 115 147 32 146 128 198 100 70 177 90 62 96 95 82 178 155 196 121 7 79 170 185 150 101 93 194 10 31 125 139 55 130 184 64 75 141 27 98 36 152 162 173 59 20 78 88 91 183 97 144 74 29 47 132 127 12 81 25 37 86 65 66 135 124 46 48 129 19 143 41 85 9 60 142 24 17 191 168 61 63 26 11 23 34 181 45 102 117 164 138 13 8 87 175 126 114 107 43 71 6 118 80 54 49 58 73 83 38 186 0 192 176 51 76 22 14 18 171 179 16 133 120 197 72 77 3 149 140 165 99 113 166 160 169 5 163 188 35 199 35 188 163 5 169 160 166 113 99 165 140 149 3 77 72 197 120 133 16 179 171 18 14 22 76 51 176 192 0 186 38 83 73 58 49 54 80 118 6 71 43 107 114 126 175 87 8 13 138 164 117 102 45 181 34 23 11 26 63 61 168 191 17 24 142 60 9 85 41 143 19 129 48 46 124 135 66 65 86 37 25 81 12 127 132 47 29 74 144 97 183 91 88 78 20 59 173 162 152 36 98 27 141 75 64 184 130 55 139 125 31 10 194 93 101 150 185 170 79 7 121 196 155 178 82 95 96 62 90 177 70 100 198 128 146 32 147 115 104 44 40 151 123 106 110 158 112 4 161 109 131 156 159 148 195 56 52 145 193 53 157 2
100
93 93
194 194
142 142
52 52
125 125
139 139
49 49
8 8
178 178
179 179
141 141
106 106
38 38
122 122
133 133
79 79
61 61
92 92
32 32
46 46
73 73
131 131
58 58
174 174
76 76
6 6
116 116
171 171
189 189
13 13
196 196
94 94
14 14
2 2
145 145
97 97
130 130
34 34
55 55
173 173
95 95
192 192
112 112
126 126
121 121
119 119
96 96
3 3
28 28
164 164
35 35
25 25
7 7
50 50
161 161
188 188
113 113
36 36
86 86
110 110
157 157
118 118
177 177
80 80
128 128
44 44
53 53
23 23
51 51
0 0
193 193
54 54
82 82
100 100
85 85
42 42
187 187
12 12
4 4
182 182
136 136
56 56
156 156
158 158
149 149
26 26
27 27
15 15
115 115
98 98
114 114
67 67
30 30
90 90
59 59
63 63
181 181
165 165
138 138
48 48
