gggggggg bbbbb xxxx aaaa fff www lllllll cccccccc iiiiii fffffff aaaaa ddddd zzzz aaaaaa a kkkkkkk qqqqqqq ii kkkkkk jjjjjjjj oooooooo mmm vvvv ddd xxxxxxx hhhhhhh uuuu hhhhh qqqqqqqq ppp kkkkkkkk qq oooo ccccc ffff w fffff rr tt gggg l jjjjjjj bb ssssss zzzzzzz xxx nnn ttttt pppppppp vvv pppppppp ttttt nnn xxx zzzzzzz ssssss bb jjjjjjj l gggg tt rr fffff w ffff ccccc oooo qq kkkkkkkk ppp qqqqqqqq hhhhh uuuu hhhhhhh xxxxxxx ddd vvvv mmm oooooooo jjjjjjjj kkkkkk ii qqqqqqq kkkkkkk a aaaaaa zzzz ddddd aaaaa fffffff iiiiii cccccccc lllllll www fff aaaa xxxx bbbbb gggggggg
24
gggggggg gggggggg
uuuu uuuu
xxxx xxxx
fffffff fffffff
ccccc ccccc
l l
aaaaaa aaaaaa
ppp ppp
fffff fffff
kkkkkkk kkkkkkk
jjjjjjj jjjjjjj
tt tt
ttttt ttttt
zzzzzzz zzzzzzz
cccccccc cccccccc
qqqqqqq qqqqqqq
vvvv vvvv
gggg gggg
w w
ffff ffff
vvv vvv
a a
ddd ddd
oooooooo oooooooo
