ffffff qqqqq ggggg rrrrr u jjjj vv dddd a eeeee f tttttt kkkkkkkk mmmmmmm w ddddd fffff nnnnnn nnnnn ffffffff lllll qqqqqqq xxxxx ll uuuuuuu aaaa qqqqqqqq ii ooo iii hhhhh qq hhhhhhhh cccccc ccc ddddddd kk wwwwwww yyyy jjjjjjj yyyyy pppppp b llllll llllllll uuuuuu vvvvv ccccc ss rrrr iiiiiii lllllll eee i k jjjjj kkk vvvvvv h pppppppp g aa fffffff kkkkk fff eeeeeee p bbb rr wwww xxxx vvv rrrrrrrr wwwww ooooo yyyyyy ppp zzzz xxxxxx pppp gggg ssss s z nnnnnnnn hhh bb kkkkkkk iiiiiiii aaaaaa zz oooooooo iiii nnnnnnn lll hhhh jjjjjjjj zzz oooo llll jjjjjj c uuuuu zzzzzz xx xxxxxxx ccccccc rrrrrr e nnnn rrr ddd aaaaaaaa t ttt kkkkkk ggg bbbbbbbb mmmmmmmm bbbbb qqq yy eeeeeeee sss mmmmm qqqq aaaaaaa yyyyyyy www oo pp iiiii oooooo sssssss oooooo iiiii pp oo www yyyyyyy aaaaaaa qqqq mmmmm sss eeeeeeee yy qqq bbbbb mmmmmmmm bbbbbbbb ggg kkkkkk ttt t aaaaaaaa ddd rrr nnnn e rrrrrr ccccccc xxxxxxx xx zzzzzz uuuuu c jjjjjj llll oooo zzz jjjjjjjj hhhh lll nnnnnnn iiii oooooooo zz aaaaaa iiiiiiii kkkkkkk bb hhh nnnnnnnn z s ssss gggg pppp xxxxxx zzzz ppp yyyyyy ooooo wwwww rrrrrrrr vvv xxxx wwww rr bbb p eeeeeee fff kkkkk fffffff aa g pppppppp h vvvvvv kkk jjjjj k i eee lllllll iiiiiii rrrr ss ccccc vvvvv uuuuuu llllllll llllll b pppppp yyyyy jjjjjjj yyyy wwwwwww kk ddddddd ccc cccccc hhhhhhhh qq hhhhh iii ooo ii qqqqqqqq aaaa uuuuuuu ll xxxxx qqqqqqq lllll ffffffff nnnnn nnnnnn fffff ddddd w mmmmmmm kkkkkkkk tttttt f eeeee a dddd vv jjjj u rrrrr ggggg qqqqq ffffff uu uuu yyy xxx aaaaa dddddd n ww vvvvvvv ppppppp hhhhhh r m eeeeee uuuu cc jjj hh ppppp cccccccc ooooooo kkkk gg mmmm tt nnn jj nn o x rrrrrrr dddddddd vvvv aaa ggggggg qqqqqq bbbbbb gggggg y mmm ff ttttt iiiiii ssssss mm eeee ffff v tttt ee wwwwww hhhhhhh gggggggg q mmmmmm zzzzz zzzzzzz l bbbb ttttttt sssss bbbbbbb d cccc dd j dd cccc d bbbbbbb sssss ttttttt bbbb l zzzzzzz zzzzz mmmmmm q gggggggg hhhhhhh wwwwww ee tttt v ffff eeee mm ssssss iiiiii ttttt ff mmm y gggggg bbbbbb qqqqqq ggggggg aaa vvvv dddddddd rrrrrrr x o nn jj nnn tt mmmm gg kkkk ooooooo cccccccc ppppp hh jjj cc uuuu eeeeee m r hhhhhh ppppppp vvvvvvv ww n dddddd aaaaa xxx yyy uuu uu ffffff
100
ffffff ffffff
iiiiiiii iiiiiiii
pppppppp pppppppp
b b
x x
ppppp ppppp
mmmmmmmm mmmmmmmm
ttttttt ttttttt
xxxx xxxx
mm mm
ssss ssss
o o
ffff ffff
k k
xxxxx xxxxx
jjj jjj
zzz zzz
q q
eeeeeee eeeeeee
uuu uuu
yy yy
ll ll
tttt tttt
gggggggg gggggggg
bbbbbb bbbbbb
ccccccc ccccccc
aaaaaaaa aaaaaaaa
wwww wwww
oooooooo oooooooo
j j
eeeeee eeeeee
uuuuuu uuuuuu
cccc cccc
d d
aaaa aaaa
llllll llllll
xxxxxxx xxxxxxx
wwwww wwwww
bbbbbbbb bbbbbbbb
ee ee
nnn nnn
ggggg ggggg
rr rr
zzzzz zzzzz
kkkk kkkk
a a
lll lll
llllllll llllllll
ooooo ooooo
sssssss sssssss
eeee eeee
iiiiiii iiiiiii
xxx xxx
aaaaaa aaaaaa
uuuuuuu uuuuuuu
rrrrr rrrrr
hhhhhhh hhhhhhh
uu uu
bbbbbbb bbbbbbb
kkkkkkkk kkkkkkkk
ttttt ttttt
qqq qqq
s s
kkkkkk kkkkkk
dd dd
aaa aaa
vvvvvv vvvvvv
fffff fffff
rrrrrr rrrrrr
cc cc
tt tt
wwwwww wwwwww
sssss sssss
qq qq
ssssss ssssss
jjjj jjjj
tttttt tttttt
mmmm mmmm
ggggggg ggggggg
vvvvv vvvvv
hhhh hhhh
oooooo oooooo
jjjjjj jjjjjj
eeeee eeeee
yyyyyyy yyyyyyy
ffffffff ffffffff
dddd dddd
e e
aa aa
hhh hhh
sss sss
pppp pppp
gggg gggg
lllllll lllllll
qqqqqq qqqqqq
nnnnnn nnnnnn
m m
vvv vvv
cccccc cccccc
ii ii
