f uuu qq xxx ddd ppp oooo t ll ss ffff oo qqqqq j llllllll rrr sss bbbbbbbb dddddddd cccccccc o mmmm a yyy pppp gg eeee p aaa vvvv rrrrrrr ww fffffff zzz uuuuu yy qqqq ssssss llllll z m ssss kkk lllll wwwwwww kkkkkk ggg nnnnnnnn iii rrrr nnnn d pppppppp zzzzz vv s ccc sssss v ffffffff ddddddd dd ggggggg www vvvvvv hhh ee dddddd ggggg sssssss aaaaaaa lllllll rrrrr cccccc fffff rrrrrr qqqqqqq jjjjjjj eeeeeeee c w rr qqqqqq uu xxxxxx yyyyyyy n ttttt eee hhhh bbbbbb ff jjjj wwww fff aaaaa pp q mmmmmmmm rrrrrrrr mmmmmmmm q pp aaaaa fff wwww jjjj ff bbbbbb hhhh eee ttttt n yyyyyyy xxxxxx uu qqqqqq rr w c eeeeeeee jjjjjjj qqqqqqq rrrrrr fffff cccccc rrrrr lllllll aaaaaaa sssssss ggggg dddddd ee hhh vvvvvv www ggggggg dd ddddddd ffffffff v sssss ccc s vv zzzzz pppppppp d nnnn rrrr iii nnnnnnnn ggg kkkkkk wwwwwww lllll kkk ssss m z llllll ssssss qqqq yy uuuuu zzz fffffff ww rrrrrrr vvvv aaa p eeee gg pppp yyy a mmmm o cccccccc dddddddd bbbbbbbb sss rrr llllllll j qqqqq oo ffff ss ll t oooo ppp ddd xxx qq uuu f
50
f f
jjjjjjj jjjjjjj
xxx xxx
bbbbbbbb bbbbbbbb
llllll llllll
dddddddd dddddddd
iii iii
v v
p p
j j
aaaaa aaaaa
vvvv vvvv
llllllll llllllll
q q
rrrrrr rrrrrr
wwwwwww wwwwwww
fffffff fffffff
nnnn nnnn
rrrrrrrr rrrrrrrr
aaa aaa
c c
vv vv
ffffffff ffffffff
ff ff
ggggg ggggg
ggg ggg
a a
hhhh hhhh
sss sss
wwww wwww
qqqqqq qqqqqq
z z
hhh hhh
xxxxxx xxxxxx
s s
ssssss ssssss
w w
ssss ssss
lllll lllll
uu uu
m m
eeee eeee
pp pp
ss ss
qqqqqqq qqqqqqq
uuuuu uuuuu
qq qq
ttttt ttttt
jjjj jjjj
zzz zzz
