199 24 10 151 197 28 158 139 181 146 142 26 17 18 3 55 94 62 183 122 169 179 175 180 83 124 37 145 130 35 182 103 67 34 98 140 137 132 135 7 29 39 90 92 43 81 16 198 138 89 87 149 172 174 40 33 30 66 14 162 22 63 68 195 111 110 108 1 113 25 127 107 36 42 106 76 65 86 156 119 78 167 115 157 41 177 23 117 141 148 13 101 50 123 147 155 165 166 134 53 163 75 72 6 184 6 72 75 163 53 134 166 165 155 147 123 50 101 13 148 141 117 23 177 41 157 115 167 78 119 156 86 65 76 106 42 36 107 127 25 113 1 108 110 111 195 68 63 22 162 14 66 30 33 40 174 172 149 87 89 138 198 16 81 43 92 90 39 29 7 135 132 137 140 98 34 67 103 182 35 130 145 37 124 83 180 175 179 169 122 183 62 94 55 3 18 17 26 142 146 181 139 158 28 197 151 10 24 199 82 196 190 152 69 70 8 4 0 49 48 5 44 60 164 96 189 176 54 150 20 61 57 11 114 59 118 112 116 120 32 84 79 38 188 154 153 71 2 27 19 168 170 187 161 109 125 171 136 100 143 15 9 12 91 133 105 77 51 160 185 129 47 46 131 126 121 178 93 56 52 102 64 194 159 80 45 104 85 99 95 97 31 193 128 173 74 192 58 186 144 73 21 88 191 88 21 73 144 186 58 192 74 173 128 193 31 97 95 99 85 104 45 80 159 194 64 102 52 56 93 178 121 126 131 46 47 129 185 160 51 77 105 133 91 12 9 15 143 100 136 171 125 109 161 187 170 168 19 27 2 71 153 154 188 38 79 84 32 120 116 112 118 59 114 11 57 61 20 150 54 176 189 96 164 60 44 5 48 49 0 4 8 70 69 152 190 196 82 199
100
0 0
1 1
2 2
3 3
4 4
5 5
6 6
7 7
8 8
9 9
10 10
11 11
12 12
13 13
14 14
15 15
16 16
17 17
18 18
19 19
20 20
21 21
22 22
23 23
24 24
25 25
26 26
27 27
28 28
29 29
30 30
31 31
32 32
33 33
34 34
35 35
36 36
37 37
38 38
39 39
40 40
41 41
42 42
43 43
44 44
45 45
46 46
47 47
48 48
49 49
50 50
51 51
52 52
53 53
54 54
55 55
56 56
57 57
58 58
59 59
60 60
61 61
62 62
63 63
64 64
65 65
66 66
67 67
68 68
69 69
70 70
71 71
72 72
73 73
74 74
75 75
76 76
77 77
78 78
79 79
80 80
81 81
82 82
83 83
84 84
85 85
86 86
87 87
88 88
89 89
90 90
91 91
92 92
93 93
94 94
95 95
96 96
97 97
98 98
99 99
