99 4 18 63 16 33 2 8 17 43 57 52 56 41 54 76 81 31 38 66 74 77 45 25 20 21 98 79 10 22 7 84 46 82 96 68 90 19 60 80 83 85 64 53 3 61 69 92 65 23 94 86 87 86 94 23 65 92 69 61 3 53 64 85 83 80 60 19 90 68 96 82 46 84 7 22 10 79 98 21 20 25 45 77 74 66 38 31 81 76 54 41 56 52 57 43 17 8 2 33 16 63 18 4 99 35 95 9 72 71 27 26 28 37 36 88 11 13 12 14 15 1 59 42 91 70 24 67 55 50 51 58 62 73 40 44 89 6 0 29 78 39 93 30 75 5 32 34 47 48 49 97 49 48 47 34 32 5 75 30 93 39 78 29 0 6 89 44 40 73 62 58 51 50 55 67 24 70 91 42 59 1 15 14 12 13 11 88 36 37 28 26 27 71 72 9 95 35 99
50
0 0
1 1
2 2
3 3
4 4
5 5
6 6
7 7
8 8
9 9
10 10
11 11
12 12
13 13
14 14
15 15
16 16
17 17
18 18
19 19
20 20
21 21
22 22
23 23
24 24
25 25
26 26
27 27
28 28
29 29
30 30
31 31
32 32
33 33
34 34
35 35
36 36
37 37
38 38
39 39
40 40
41 41
42 42
43 43
44 44
45 45
46 46
47 47
48 48
49 49
