AlbertFredHaines AgathaKarenStiefel BradleyDeborahSaball LynnKennethChavez WillieJeraldStone ErikaLeslieBoyd SueStuartDavidson JanelleEdwardEldridg JuliusMargaretKim JackieSharonScherrer AdrieneKathleenShea JohnBrendaFuller AndrewSadieBennett FriedaLindaMachesky KelliChristopherBanu ElmerDemetriusLark RobinEvelynSimmons TiffanyBeulahMattion LeeMillicentTauber EricJayBustad KevinKurtPope GlendaAmandaFields JohnRichardSmith CeliaMaryBoone BrettDominickSonnier MarkDianeDuchon JamesJoanneHawn DebraJaneFitzgerald GloriaRuthRowland MarciaWalterKirschma JohnDarrellThomas JudeJanetHarcourt KentMarylynnPayne SusanSalinaZimmerman ShawnLeoSaur LuisCharlotteCollins CarmenEarnestCarter DorisJeffreyBinger PeterJosephBarbee DianeMargaretHammond DeniseBrunoWilliam NicholasThomasShivel JeffJohnBruton JamesJordanZamora SybilRobertScott MarthaJackRobinson RobertJosephNine KevinCharlesEvans HaroldDavidLawhorn ThomasEssieEwing JessicaChristopherHa JoshuaDelmarFellers TylerShawnBeasley CarolKeshiaSmith GaryCharlesHudson JimmyFlorTasson HollyJoanPhelps JohnAlanMcalvain KathleenJoseClark AllysonFlorenceSprin RobertaVirgieBullock HowardKennethCollins JimmySherryKish KyleShawnHenry SandraJoyceVictorero JoeJessicaShan PatJasonAaberg ChristopherJamesLuca MarkAngelaMccloud KathleenSherryDay EdwardErnestSinger AmyFloydTopper WalterAvaPorter PedroMeganBaxter GeraldLulaCaldwell LawrenceBarryHadden JosephAmandaMullen DonaldYvonneWilliams RonaldEdnaArant JenniferSabrinaElsto EdwardDennisStewart HenryBuddyMoore EdwardJeanneHutchiso EricJamesJuckett AmandaJamesWall RonaldCarolynStoskop KariBenjaminHaynes GeorgeWilliamJackson FerdinandLukeJackson RolandGregoryWatson VivianRoyMartin JordanWilliamAlexand ElizabethNellieMcmil DominiqueWilliamRoss StephenSheldonOrlean AugustTamikaMason AnneChristieRoberts ElishaMaryWojcik ErvinJohnHall MarkAnnetteHendrix JuanitaPhilipParsons MadeleineLeoRoberson WilliamDavidGray JaredEvelynJones MistyRobertKing JuliaMarySmith LillianJuanAncona ManuelaJoseBailey WadeSonnyMcbride EricTinaPerea RichardGussieCarrell MaryJamesDavila JudyPearlineKaminski WillieRobertSimon BarbaraFranciscoHard MabelJamesMccormick ThomasRobertMccombs KimMickeyCohen WayneGlendaDozier DeniceRobertHawkins JohnJoshuaAllen FrancisCarolHebb RoxanneKathleenField CraigJohnLard AnneFrankPlaisted CraigJohnLard RoxanneKathleenField FrancisCarolHebb JohnJoshuaAllen DeniceRobertHawkins WayneGlendaDozier KimMickeyCohen ThomasRobertMccombs MabelJamesMccormick BarbaraFranciscoHard WillieRobertSimon JudyPearlineKaminski MaryJamesDavila RichardGussieCarrell EricTinaPerea WadeSonnyMcbride ManuelaJoseBailey LillianJuanAncona JuliaMarySmith MistyRobertKing JaredEvelynJones WilliamDavidGray MadeleineLeoRoberson JuanitaPhilipParsons MarkAnnetteHendrix ErvinJohnHall ElishaMaryWojcik AnneChristieRoberts AugustTamikaMason StephenSheldonOrlean DominiqueWilliamRoss ElizabethNellieMcmil JordanWilliamAlexand VivianRoyMartin RolandGregoryWatson FerdinandLukeJackson GeorgeWilliamJackson KariBenjaminHaynes RonaldCarolynStoskop AmandaJamesWall EricJamesJuckett EdwardJeanneHutchiso HenryBuddyMoore EdwardDennisStewart JenniferSabrinaElsto RonaldEdnaArant DonaldYvonneWilliams JosephAmandaMullen LawrenceBarryHadden GeraldLulaCaldwell PedroMeganBaxter WalterAvaPorter AmyFloydTopper EdwardErnestSinger KathleenSherryDay MarkAngelaMccloud ChristopherJamesLuca PatJasonAaberg JoeJessicaShan SandraJoyceVictorero KyleShawnHenry JimmySherryKish HowardKennethCollins RobertaVirgieBullock AllysonFlorenceSprin KathleenJoseClark JohnAlanMcalvain HollyJoanPhelps JimmyFlorTasson GaryCharlesHudson CarolKeshiaSmith TylerShawnBeasley JoshuaDelmarFellers JessicaChristopherHa ThomasEssieEwing HaroldDavidLawhorn KevinCharlesEvans RobertJosephNine MarthaJackRobinson SybilRobertScott JamesJordanZamora JeffJohnBruton NicholasThomasShivel DeniseBrunoWilliam DianeMargaretHammond PeterJosephBarbee DorisJeffreyBinger CarmenEarnestCarter LuisCharlotteCollins ShawnLeoSaur SusanSalinaZimmerman KentMarylynnPayne JudeJanetHarcourt JohnDarrellThomas MarciaWalterKirschma GloriaRuthRowland DebraJaneFitzgerald JamesJoanneHawn MarkDianeDuchon BrettDominickSonnier CeliaMaryBoone JohnRichardSmith GlendaAmandaFields KevinKurtPope EricJayBustad LeeMillicentTauber TiffanyBeulahMattion RobinEvelynSimmons ElmerDemetriusLark KelliChristopherBanu FriedaLindaMachesky AndrewSadieBennett JohnBrendaFuller AdrieneKathleenShea JackieSharonScherrer JuliusMargaretKim JanelleEdwardEldridg SueStuartDavidson ErikaLeslieBoyd WillieJeraldStone LynnKennethChavez BradleyDeborahSaball AgathaKarenStiefel AlbertFredHaines JoannCharlieWilkinso DianeElisePickett MaryLauriceWallace IrvingDougLabarge DeeAmandaBartley BrandonDeborahPinnoc GeraldDominiqueFlowe GlennaMichaelBorden IsaacGregGargano RickyJamesBrumfield RosaPatrickYankey AlmedaLourdesSimpson PatriciaRichardSippe MiriamMichaelMcwhirt KevinThomasHiggins PatrickRafaelCastro MargrettKennethJorda BernicePennyRiddick DwainJoeFeldman BrendaLenaHarris WilliamDanielleBell JannaDavidCarranza MabelCharleneGarcia PerryJamesBennett JenniferGeorgeKarr HipolitoCandaceHunts GeorgeFelixClifton JoStephenMay JennieDeniseMathews KellyJohnnaOles DonnaEricKonwinski ClaudeBobbyBaker GregoryMichaelWhitme StevenNeilNguyen SandraHarryStewart RobertLauraMcadams WinifredMarkRamos DouglasColleenLara LaurelDwayneAnderson AndrewJeanPinson MichaelBillieRomriel CarlosTamikaStrand StephenWilliamCoffma CharlesDiannaProfitt MinnieLesleyPaulk GeorgeHenryVillar DavidRaymondJohnson ChelseaStevenRufe EricTammyScott MichaelMarkHolloway BenSaraCreech JoseNelleHale BeverlyJoyceWalker ClaytonFredrickRicha WilliamRenateBaker CassandraJaniceGlove DenaJewellDavis SamuelLawrenceAdamit TravisMichelleMeller CherylMaryMorgan JeremyJamesChavez MichaelElizabethWeav StormyOllieYork RobinStephenWebster TommyAmandaMartin ZacharyWarrenKarth JimmyFranciscoWaters ChristopherMurielBra JohnSaraBurnett HowardAdolfoRobertso AnnDeannaLarzazs RandyBonnieBennett NormaGarryReyburn CynthiaConnieWright HeidiMayJohnson CynthiaConnieWright NormaGarryReyburn RandyBonnieBennett AnnDeannaLarzazs HowardAdolfoRobertso JohnSaraBurnett ChristopherMurielBra JimmyFranciscoWaters ZacharyWarrenKarth TommyAmandaMartin RobinStephenWebster StormyOllieYork MichaelElizabethWeav JeremyJamesChavez CherylMaryMorgan TravisMichelleMeller SamuelLawrenceAdamit DenaJewellDavis CassandraJaniceGlove WilliamRenateBaker ClaytonFredrickRicha BeverlyJoyceWalker JoseNelleHale BenSaraCreech MichaelMarkHolloway EricTammyScott ChelseaStevenRufe DavidRaymondJohnson GeorgeHenryVillar MinnieLesleyPaulk CharlesDiannaProfitt StephenWilliamCoffma CarlosTamikaStrand MichaelBillieRomriel AndrewJeanPinson LaurelDwayneAnderson DouglasColleenLara WinifredMarkRamos RobertLauraMcadams SandraHarryStewart StevenNeilNguyen GregoryMichaelWhitme ClaudeBobbyBaker DonnaEricKonwinski KellyJohnnaOles JennieDeniseMathews JoStephenMay GeorgeFelixClifton HipolitoCandaceHunts JenniferGeorgeKarr PerryJamesBennett MabelCharleneGarcia JannaDavidCarranza WilliamDanielleBell BrendaLenaHarris DwainJoeFeldman BernicePennyRiddick MargrettKennethJorda PatrickRafaelCastro KevinThomasHiggins MiriamMichaelMcwhirt PatriciaRichardSippe AlmedaLourdesSimpson RosaPatrickYankey RickyJamesBrumfield IsaacGregGargano GlennaMichaelBorden GeraldDominiqueFlowe BrandonDeborahPinnoc DeeAmandaBartley IrvingDougLabarge MaryLauriceWallace DianeElisePickett JoannCharlieWilkinso AlbertFredHaines
78
DenaJewellDavis DenaJewellDavis
KevinThomasHiggins KevinThomasHiggins
TommyAmandaMartin TommyAmandaMartin
CassandraJaniceGlove CassandraJaniceGlove
GlennaMichaelBorden GlennaMichaelBorden
CynthiaConnieWright CynthiaConnieWright
DwainJoeFeldman DwainJoeFeldman
RickyJamesBrumfield RickyJamesBrumfield
TravisMichelleMeller TravisMichelleMeller
MichaelElizabethWeav MichaelElizabethWeav
MarkAngelaMccloud MarkAngelaMccloud
ElmerDemetriusLark ElmerDemetriusLark
JosephAmandaMullen JosephAmandaMullen
BernicePennyRiddick BernicePennyRiddick
JudyPearlineKaminski JudyPearlineKaminski
GeorgeHenryVillar GeorgeHenryVillar
ThomasEssieEwing ThomasEssieEwing
DeeAmandaBartley DeeAmandaBartley
MistyRobertKing MistyRobertKing
MarthaJackRobinson MarthaJackRobinson
MarkDianeDuchon MarkDianeDuchon
FerdinandLukeJackson FerdinandLukeJackson
JimmyFlorTasson JimmyFlorTasson
GaryCharlesHudson GaryCharlesHudson
JohnRichardSmith JohnRichardSmith
JackieSharonScherrer JackieSharonScherrer
LawrenceBarryHadden LawrenceBarryHadden
SandraHarryStewart SandraHarryStewart
GeorgeWilliamJackson GeorgeWilliamJackson
CherylMaryMorgan CherylMaryMorgan
ZacharyWarrenKarth ZacharyWarrenKarth
KathleenJoseClark KathleenJoseClark
EdwardErnestSinger EdwardErnestSinger
JannaDavidCarranza JannaDavidCarranza
JudeJanetHarcourt JudeJanetHarcourt
EricTammyScott EricTammyScott
BradleyDeborahSaball BradleyDeborahSaball
EricTinaPerea EricTinaPerea
RolandGregoryWatson RolandGregoryWatson
RosaPatrickYankey RosaPatrickYankey
BrettDominickSonnier BrettDominickSonnier
WilliamDavidGray WilliamDavidGray
JamesJordanZamora JamesJordanZamora
LynnKennethChavez LynnKennethChavez
DeniseBrunoWilliam DeniseBrunoWilliam
MarciaWalterKirschma MarciaWalterKirschma
KathleenSherryDay KathleenSherryDay
HowardKennethCollins HowardKennethCollins
JoStephenMay JoStephenMay
DianeElisePickett DianeElisePickett
DebraJaneFitzgerald DebraJaneFitzgerald
LillianJuanAncona LillianJuanAncona
EricJamesJuckett EricJamesJuckett
ClaudeBobbyBaker ClaudeBobbyBaker
KellyJohnnaOles KellyJohnnaOles
StephenWilliamCoffma StephenWilliamCoffma
IsaacGregGargano IsaacGregGargano
CraigJohnLard CraigJohnLard
JeremyJamesChavez JeremyJamesChavez
PerryJamesBennett PerryJamesBennett
ManuelaJoseBailey ManuelaJoseBailey
RonaldEdnaArant RonaldEdnaArant
JohnBrendaFuller JohnBrendaFuller
PeterJosephBarbee PeterJosephBarbee
MaryJamesDavila MaryJamesDavila
StormyOllieYork StormyOllieYork
HeidiMayJohnson HeidiMayJohnson
AlbertFredHaines AlbertFredHaines
DorisJeffreyBinger DorisJeffreyBinger
WadeSonnyMcbride WadeSonnyMcbride
JessicaChristopherHa JessicaChristopherHa
EdwardDennisStewart EdwardDennisStewart
KevinCharlesEvans KevinCharlesEvans
RobinStephenWebster RobinStephenWebster
AnnDeannaLarzazs AnnDeannaLarzazs
StevenNeilNguyen StevenNeilNguyen
MichaelMarkHolloway MichaelMarkHolloway
JoannCharlieWilkinso JoannCharlieWilkinso
