SusanneJohnBerrios DouglasRobertFerkovi AntonioGeraldBaker FernandoLindaWatson MichaelWalterHamby DinahCatherineFaulkn JuanDebbieAllen ClaudiaDavidTaylor CatherineElouiseJack MichaelJeremyRadford LuisCaroleMonahan MonteMonicaLum MaryBrittneySilva JorgeHeatherSamuels HarryNeilFranklin JuliaMollieHernandez DanielArthurVanderme LaquandaAnnTillman WendellKristenBise RubyLelandCollard BerthaThomasAlexande JudeBernardMccay TommyDyanEld LaquitaJohnBrunette RalphClydeMills RonaldAlvinPrice RodneyJimmieNewton JudithConstanceDelaf ReginaldDeborahSilve LarryJeanetteMurphy JeanTrinityHull SandraBethSellers EarlineCristinaCrous MattieBarbaraEkstrom SpencerCourtneyBroth DougHelenHornbeck JayMaryHolling RossCarolynColon DorothyDavidStromme JudithBettyHensley JuliaLindaGordon JudithBettyHensley DorothyDavidStromme RossCarolynColon JayMaryHolling DougHelenHornbeck SpencerCourtneyBroth MattieBarbaraEkstrom EarlineCristinaCrous SandraBethSellers JeanTrinityHull LarryJeanetteMurphy ReginaldDeborahSilve JudithConstanceDelaf RodneyJimmieNewton RonaldAlvinPrice RalphClydeMills LaquitaJohnBrunette TommyDyanEld JudeBernardMccay BerthaThomasAlexande RubyLelandCollard WendellKristenBise LaquandaAnnTillman DanielArthurVanderme JuliaMollieHernandez HarryNeilFranklin JorgeHeatherSamuels MaryBrittneySilva MonteMonicaLum LuisCaroleMonahan MichaelJeremyRadford CatherineElouiseJack ClaudiaDavidTaylor JuanDebbieAllen DinahCatherineFaulkn MichaelWalterHamby FernandoLindaWatson AntonioGeraldBaker DouglasRobertFerkovi SusanneJohnBerrios TheresaDonaldZamudio DouglasRussMatthews SallyJamesGibson GerardLindaWisnowski JennyJoanPlant MaryFrankieWomack GarryDavidKingery StephanieAaronWalker MikeClaudiaHuguley StephanieAaronWalker GarryDavidKingery MaryFrankieWomack JennyJoanPlant GerardLindaWisnowski SallyJamesGibson DouglasRussMatthews TheresaDonaldZamudio SusanneJohnBerrios
21
DouglasRobertFerkovi DouglasRobertFerkovi
DinahCatherineFaulkn DinahCatherineFaulkn
MonteMonicaLum MonteMonicaLum
DorothyDavidStromme DorothyDavidStromme
StephanieAaronWalker StephanieAaronWalker
JuliaMollieHernandez JuliaMollieHernandez
JorgeHeatherSamuels JorgeHeatherSamuels
RubyLelandCollard RubyLelandCollard
MattieBarbaraEkstrom MattieBarbaraEkstrom
RalphClydeMills RalphClydeMills
DougHelenHornbeck DougHelenHornbeck
JuliaLindaGordon JuliaLindaGordon
LaquitaJohnBrunette LaquitaJohnBrunette
FernandoLindaWatson FernandoLindaWatson
JuanDebbieAllen JuanDebbieAllen
AntonioGeraldBaker AntonioGeraldBaker
MaryFrankieWomack MaryFrankieWomack
HarryNeilFranklin HarryNeilFranklin
ClaudiaDavidTaylor ClaudiaDavidTaylor
SpencerCourtneyBroth SpencerCourtneyBroth
GarryDavidKingery GarryDavidKingery
