SueJosephGarza ElsieJosephPhelps RobertJefferyFish BrianLuzArce AnnaKyleChang ChristinaDanaGrant RubyWilliamGreer JohnDustinKenny IolaElfriedaHemenway JohnJoseJudd LillieKathleenCervan MaryKarenVickers RonaldRobertHughes RickyLeahGriffin FlorenceWarrenLong JohnEdwardCaccavale RichardFaithMartin PaulShaneSoldner KennethShannonGardel RhondaAshlynMoore CrystalShermanVida WilliamGeorgeWilliam LuisHelenHughes AlfredaKirstenMartin DonaldDoloresKelly GuyMinnieStewart JamesJaredGonzalez ChesterRosaPowell PaulEvanRichard DarnellAliciaPeters PaulEvanRichard ChesterRosaPowell JamesJaredGonzalez GuyMinnieStewart DonaldDoloresKelly AlfredaKirstenMartin LuisHelenHughes WilliamGeorgeWilliam CrystalShermanVida RhondaAshlynMoore KennethShannonGardel PaulShaneSoldner RichardFaithMartin JohnEdwardCaccavale FlorenceWarrenLong RickyLeahGriffin RonaldRobertHughes MaryKarenVickers LillieKathleenCervan JohnJoseJudd IolaElfriedaHemenway JohnDustinKenny RubyWilliamGreer ChristinaDanaGrant AnnaKyleChang BrianLuzArce RobertJefferyFish ElsieJosephPhelps SueJosephGarza TeresaAllenFoss MarleneCarrieLeveren MarkRobertIvey OllieGeorgeSova HarryEarlGehl JamesGladysMccullar JamiePatriciaSergi AnthonyDavidBrewer JoelKatherineDuval BillyJoshuaBall FranciscoFrancesHarr ThomasLauraGray AshleyWilliamClarke RobertDavidPhillips EduardoCharlesThomps WilburnDavidMiller RichardLawrenceEspos BruceMargaretIngwers KarenFrancesBachelor HenryMarkUutela RebeccaAgnesHoward KarenErmaJensen KevinHaroldCyr PatrickKristenWeakle LucyBennyHaag EricWilliamHuffman PatriciaBernardBrock MarianLuluDiaz DanielWendyLundblad MauriceRichardWillia KennethPamelaManey KathleenPaulCollins MariaChristopherCast JessicaJohnSpells PamelaPageBullock BruceTeresaNelson HaleyKyleMurphy LeroySandraLewis MaryLindaKirkland PhyllisJackWilson BrianSarahCumming CarlWayneEdwards MaryNancyLuke JoelBrianAllton ThomasAnnieRuiz JustinJavierToure SueCourtneyOsgood CoraShaneAldana RalphLisaMiller CharlesNancySasser JoseBerniceJohnston MariaMarionSimons IraJimmyYang ThomasAnneNeave AndrewRobertEvins MartyDavidWill JerryAnnetteChilds MatthewLarryMeli MelindaKennethAzar DorothyRichardChandl NathanKevinCorathers CharlesKristineWhite FrankJennieBarker BrianRolandAli LauraPhilipWinkler WilliamMichaelBeckha AmyAnthonyGrayson EugeniaKimberlyArauj JamesRodneyUpshaw JohnMarthaPriesmeyer JamesRodneyUpshaw EugeniaKimberlyArauj AmyAnthonyGrayson WilliamMichaelBeckha LauraPhilipWinkler BrianRolandAli FrankJennieBarker CharlesKristineWhite NathanKevinCorathers DorothyRichardChandl MelindaKennethAzar MatthewLarryMeli JerryAnnetteChilds MartyDavidWill AndrewRobertEvins ThomasAnneNeave IraJimmyYang MariaMarionSimons JoseBerniceJohnston CharlesNancySasser RalphLisaMiller CoraShaneAldana SueCourtneyOsgood JustinJavierToure ThomasAnnieRuiz JoelBrianAllton MaryNancyLuke CarlWayneEdwards BrianSarahCumming PhyllisJackWilson MaryLindaKirkland LeroySandraLewis HaleyKyleMurphy BruceTeresaNelson PamelaPageBullock JessicaJohnSpells MariaChristopherCast KathleenPaulCollins KennethPamelaManey MauriceRichardWillia DanielWendyLundblad MarianLuluDiaz PatriciaBernardBrock EricWilliamHuffman LucyBennyHaag PatrickKristenWeakle KevinHaroldCyr KarenErmaJensen RebeccaAgnesHoward HenryMarkUutela KarenFrancesBachelor BruceMargaretIngwers RichardLawrenceEspos WilburnDavidMiller EduardoCharlesThomps RobertDavidPhillips AshleyWilliamClarke ThomasLauraGray FranciscoFrancesHarr BillyJoshuaBall JoelKatherineDuval AnthonyDavidBrewer JamiePatriciaSergi JamesGladysMccullar HarryEarlGehl OllieGeorgeSova MarkRobertIvey MarleneCarrieLeveren TeresaAllenFoss SueJosephGarza
39
BrianRolandAli BrianRolandAli
OllieGeorgeSova OllieGeorgeSova
PatriciaBernardBrock PatriciaBernardBrock
JamesJaredGonzalez JamesJaredGonzalez
MaryLindaKirkland MaryLindaKirkland
LucyBennyHaag LucyBennyHaag
PaulEvanRichard PaulEvanRichard
JessicaJohnSpells JessicaJohnSpells
PhyllisJackWilson PhyllisJackWilson
LauraPhilipWinkler LauraPhilipWinkler
KevinHaroldCyr KevinHaroldCyr
ThomasAnnieRuiz ThomasAnnieRuiz
MariaChristopherCast MariaChristopherCast
WilliamGeorgeWilliam WilliamGeorgeWilliam
DarnellAliciaPeters DarnellAliciaPeters
AnnaKyleChang AnnaKyleChang
AshleyWilliamClarke AshleyWilliamClarke
MarianLuluDiaz MarianLuluDiaz
WilburnDavidMiller WilburnDavidMiller
CrystalShermanVida CrystalShermanVida
LillieKathleenCervan LillieKathleenCervan
PamelaPageBullock PamelaPageBullock
IraJimmyYang IraJimmyYang
BrianLuzArce BrianLuzArce
LuisHelenHughes LuisHelenHughes
LeroySandraLewis LeroySandraLewis
KarenErmaJensen KarenErmaJensen
ChristinaDanaGrant ChristinaDanaGrant
AlfredaKirstenMartin AlfredaKirstenMartin
PaulShaneSoldner PaulShaneSoldner
DonaldDoloresKelly DonaldDoloresKelly
FranciscoFrancesHarr FranciscoFrancesHarr
SueCourtneyOsgood SueCourtneyOsgood
MelindaKennethAzar MelindaKennethAzar
ElsieJosephPhelps ElsieJosephPhelps
JohnJoseJudd JohnJoseJudd
NathanKevinCorathers NathanKevinCorathers
JohnDustinKenny JohnDustinKenny
KennethShannonGardel KennethShannonGardel
