dweidxeutk xdhiumwdwn rbtvffgaks klbefaxnzg gibfnosbtf jiowqcrqpz sjcwiapdwb uqhdcumthr eeimgsecwz yvizyauxul aqetyrnion kgpqjqjrhc rlgdknlxmz afkxpktsxw elifcmozpf gzauoljfbv sqejvmzqyo djsmjhzrzl mnmjklgmnp kshthcslwf cmelcyxenw akzsqllzsv ffisecgfqt yqabjcolzt htfyksgccp gmvwahagsy gzmaqkqpht seqrxdjigd wjjdafaxvv drtcvphibq vqlbufoinm fhrstihiac izzewlqzll gpghybacqh iqbyvqgkcp mdwwftewyk yfpgdksvbp slhhdjzlvi ccdvhkjsma byauimhsik alsvefjqwa tsfmzxlyll njcgixsmgk gbihbtjqog xawomxeyut hjvmodgwdg fpjetysfzj xjxwbuyagf pgiiochubt kufcwxmspu zdiibealli xdmzjapanj krhmpnlggt pphebmysxy ltjqdpdqwv gyjkhdbyvm dsflclsebb fuhtgylsov ctnsbezpjg gcfwrdoced aihlvhrjir zzydddjmri nxiuvgpakn hpqsgalvar joegbqydne rwobvahhfa wlzaatlgns tzpaywhybw ggkwgytekr bcwzxsuutq tofdobbbjt scgsokjwvw dzzxropcld tehmqpfdnn rqmdukqpbg cnbqxrvlvl qoleivbobc fwwnyjpwnp lvqqznnzyn xjosyuakry bqrcwxsyuw dnbdlutvqn wwmcjuetgz igvmvwehwa cowtuqqsll depihfdmjk ylgtgxhujb dlfzngcmgq qnpmskdtgk zvthfydofz okcwuqslme hhrqqsxmle arrkheyths dfgysrnikx jxgwgvfggh tdtlnqnprm nmxtcoxqde yvpkcvxaxy tdrceqkdxs mhohxeqbjo qmnmzrohyy lzsvglcvqa itejbhhfxs ouzfljsksj nqdbgeypdu xtugynuehn rqchbdjiqp xtugynuehn nqdbgeypdu ouzfljsksj itejbhhfxs lzsvglcvqa qmnmzrohyy mhohxeqbjo tdrceqkdxs yvpkcvxaxy nmxtcoxqde tdtlnqnprm jxgwgvfggh dfgysrnikx arrkheyths hhrqqsxmle okcwuqslme zvthfydofz qnpmskdtgk dlfzngcmgq ylgtgxhujb depihfdmjk cowtuqqsll igvmvwehwa wwmcjuetgz dnbdlutvqn bqrcwxsyuw xjosyuakry lvqqznnzyn fwwnyjpwnp qoleivbobc cnbqxrvlvl rqmdukqpbg tehmqpfdnn dzzxropcld scgsokjwvw tofdobbbjt bcwzxsuutq ggkwgytekr tzpaywhybw wlzaatlgns rwobvahhfa joegbqydne hpqsgalvar nxiuvgpakn zzydddjmri aihlvhrjir gcfwrdoced ctnsbezpjg fuhtgylsov dsflclsebb gyjkhdbyvm ltjqdpdqwv pphebmysxy krhmpnlggt xdmzjapanj zdiibealli kufcwxmspu pgiiochubt xjxwbuyagf fpjetysfzj hjvmodgwdg xawomxeyut gbihbtjqog njcgixsmgk tsfmzxlyll alsvefjqwa byauimhsik ccdvhkjsma slhhdjzlvi yfpgdksvbp mdwwftewyk iqbyvqgkcp gpghybacqh izzewlqzll fhrstihiac vqlbufoinm drtcvphibq wjjdafaxvv seqrxdjigd gzmaqkqpht gmvwahagsy htfyksgccp yqabjcolzt ffisecgfqt akzsqllzsv cmelcyxenw kshthcslwf mnmjklgmnp djsmjhzrzl sqejvmzqyo gzauoljfbv elifcmozpf afkxpktsxw rlgdknlxmz kgpqjqjrhc aqetyrnion yvizyauxul eeimgsecwz uqhdcumthr sjcwiapdwb jiowqcrqpz gibfnosbtf klbefaxnzg rbtvffgaks xdhiumwdwn dweidxeutk hxaoxcleei ebbcmbhgnc audojmtlep gpbaqafhdz odytfbnuuh irtbznwvcu jfjtxukxas toeqvvzlae xqqirblyjw vpghbvlzxd ratnlmbmpr cxrfqntbtm thtlrbqsyp ivgiotlrrr quwglicgzs hkjeujbikz khuymesdzs siwbsyuwap sxayjmxdia lotqtcczrg taoimnqdrr lgpbgvlzpo vtquakjujf gkbqwvqnfu gqwhfeepal bmqnvmwdel ftrqchqaif tigyjzilmz zxdhdgzbde agablikqzu rzqbegeoni xhbihjwgij gvxfzzmwzk flrbhumcno mbuerlufof itouxsyevo qnujamvdng ulneltboej fxpsowceqq qjjslhkvnr yfoporpjol yuvmiwvrls ftmprcpodf yugelanmtk jojgjvziup bxdnijtmyn sjqdgtugly qtqfcaqlxk vtcyzupdop kjgjbkdckc cavyunvwuk huciphyuma dllzvxpcgk wfybmclpmp tbpduhasiq zbgxyjmdnm cwexpxaktw veqndedhgo vndbkokyhx nimybvgttg hcvrravrik dldiwncohw fxejnitkot qytpyhwawq wqeazvzkdf pjsmzvnekz ijitmlykwi nmshjtpxad pbrhlhvhzj hlimwiksjd xhlkhybpdb hnaaimhfnz ercawnbbtx rulcikswsa fdcwuptuol xwsnmxufqy ienasnqnvt cpdpvshtof qrlovctbtr ugcbgcxkft hzhmlnosma wbdpumkvfu naqyljkxxq kpdfwhwwqb mgzyysypdp wiwpekzeuz efgyvzmusc sdrvuvvtzb gnaoarsaof mjukgouxqr auonnlthcz vteisghgld cygjsasavw vteisghgld auonnlthcz mjukgouxqr gnaoarsaof sdrvuvvtzb efgyvzmusc wiwpekzeuz mgzyysypdp kpdfwhwwqb naqyljkxxq wbdpumkvfu hzhmlnosma ugcbgcxkft qrlovctbtr cpdpvshtof ienasnqnvt xwsnmxufqy fdcwuptuol rulcikswsa ercawnbbtx hnaaimhfnz xhlkhybpdb hlimwiksjd pbrhlhvhzj nmshjtpxad ijitmlykwi pjsmzvnekz wqeazvzkdf qytpyhwawq fxejnitkot dldiwncohw hcvrravrik nimybvgttg vndbkokyhx veqndedhgo cwexpxaktw zbgxyjmdnm tbpduhasiq wfybmclpmp dllzvxpcgk huciphyuma cavyunvwuk kjgjbkdckc vtcyzupdop qtqfcaqlxk sjqdgtugly bxdnijtmyn jojgjvziup yugelanmtk ftmprcpodf yuvmiwvrls yfoporpjol qjjslhkvnr fxpsowceqq ulneltboej qnujamvdng itouxsyevo mbuerlufof flrbhumcno gvxfzzmwzk xhbihjwgij rzqbegeoni agablikqzu zxdhdgzbde tigyjzilmz ftrqchqaif bmqnvmwdel gqwhfeepal gkbqwvqnfu vtquakjujf lgpbgvlzpo taoimnqdrr lotqtcczrg sxayjmxdia siwbsyuwap khuymesdzs hkjeujbikz quwglicgzs ivgiotlrrr thtlrbqsyp cxrfqntbtm ratnlmbmpr vpghbvlzxd xqqirblyjw toeqvvzlae jfjtxukxas irtbznwvcu odytfbnuuh gpbaqafhdz audojmtlep ebbcmbhgnc hxaoxcleei dweidxeutk
96
xdhiumwdwn xdhiumwdwn
gkbqwvqnfu gkbqwvqnfu
fwwnyjpwnp fwwnyjpwnp
efgyvzmusc efgyvzmusc
cmelcyxenw cmelcyxenw
ouzfljsksj ouzfljsksj
fxpsowceqq fxpsowceqq
gqwhfeepal gqwhfeepal
wqeazvzkdf wqeazvzkdf
xwsnmxufqy xwsnmxufqy
dzzxropcld dzzxropcld
akzsqllzsv akzsqllzsv
sjqdgtugly sjqdgtugly
vtquakjujf vtquakjujf
cowtuqqsll cowtuqqsll
rzqbegeoni rzqbegeoni
cnbqxrvlvl cnbqxrvlvl
rqmdukqpbg rqmdukqpbg
tzpaywhybw tzpaywhybw
xtugynuehn xtugynuehn
irtbznwvcu irtbznwvcu
drtcvphibq drtcvphibq
ivgiotlrrr ivgiotlrrr
elifcmozpf elifcmozpf
siwbsyuwap siwbsyuwap
auonnlthcz auonnlthcz
mnmjklgmnp mnmjklgmnp
depihfdmjk depihfdmjk
tofdobbbjt tofdobbbjt
ctnsbezpjg ctnsbezpjg
audojmtlep audojmtlep
tehmqpfdnn tehmqpfdnn
dweidxeutk dweidxeutk
cwexpxaktw cwexpxaktw
wlzaatlgns wlzaatlgns
wiwpekzeuz wiwpekzeuz
wfybmclpmp wfybmclpmp
ienasnqnvt ienasnqnvt
arrkheyths arrkheyths
wwmcjuetgz wwmcjuetgz
cxrfqntbtm cxrfqntbtm
gpbaqafhdz gpbaqafhdz
gyjkhdbyvm gyjkhdbyvm
dfgysrnikx dfgysrnikx
okcwuqslme okcwuqslme
hcvrravrik hcvrravrik
taoimnqdrr taoimnqdrr
lvqqznnzyn lvqqznnzyn
hpqsgalvar hpqsgalvar
vqlbufoinm vqlbufoinm
hjvmodgwdg hjvmodgwdg
gvxfzzmwzk gvxfzzmwzk
fxejnitkot fxejnitkot
fuhtgylsov fuhtgylsov
aihlvhrjir aihlvhrjir
klbefaxnzg klbefaxnzg
bqrcwxsyuw bqrcwxsyuw
pgiiochubt pgiiochubt
kgpqjqjrhc kgpqjqjrhc
vpghbvlzxd vpghbvlzxd
dlfzngcmgq dlfzngcmgq
zbgxyjmdnm zbgxyjmdnm
naqyljkxxq naqyljkxxq
cpdpvshtof cpdpvshtof
tdtlnqnprm tdtlnqnprm
toeqvvzlae toeqvvzlae
zdiibealli zdiibealli
rulcikswsa rulcikswsa
bcwzxsuutq bcwzxsuutq
rwobvahhfa rwobvahhfa
pphebmysxy pphebmysxy
qjjslhkvnr qjjslhkvnr
xdmzjapanj xdmzjapanj
afkxpktsxw afkxpktsxw
dldiwncohw dldiwncohw
itouxsyevo itouxsyevo
rqchbdjiqp rqchbdjiqp
jiowqcrqpz jiowqcrqpz
lzsvglcvqa lzsvglcvqa
hlimwiksjd hlimwiksjd
lgpbgvlzpo lgpbgvlzpo
cavyunvwuk cavyunvwuk
ulneltboej ulneltboej
rlgdknlxmz rlgdknlxmz
nmshjtpxad nmshjtpxad
kjgjbkdckc kjgjbkdckc
nimybvgttg nimybvgttg
uqhdcumthr uqhdcumthr
kufcwxmspu kufcwxmspu
gmvwahagsy gmvwahagsy
iqbyvqgkcp iqbyvqgkcp
sjcwiapdwb sjcwiapdwb
vteisghgld vteisghgld
ftrqchqaif ftrqchqaif
bxdnijtmyn bxdnijtmyn
dllzvxpcgk dllzvxpcgk
