qgyqjgwlbh sjnavteasg fnlmocuczk njgjyqyhsv hkpxcpivyp bngwhjkenc wjicfykuhr hyficezvgi asnktvjywk fukxhmvtnm tdqzbpmftq bnfhxmjqzg feggaeevcb bnfhxmjqzg tdqzbpmftq fukxhmvtnm asnktvjywk hyficezvgi wjicfykuhr bngwhjkenc hkpxcpivyp njgjyqyhsv fnlmocuczk sjnavteasg qgyqjgwlbh mrjqlvteat swhusujfgz omadaodbkw pmzgeauuov wegckoctcp ajjekwybql hnnlwliezo fwzkdpfinn npffaineub iznialmand bvwklxlwsa epsflirloq gqulqjeire czgfnbovhq ztbimsomxo uipamkyzyc stxmhuffri mmeycqhoxt lpopityrof ozyhcflvre hqvifzhbmo smlsmfgyxa lhvohluplc yeuzdbmimy uqsahbxduy kmwsevkfov ysokdhiaft gdtsmzpvig xsgwbtaqye hdkptqgtdq rzgfaqookt eqqtmsgxnc mjgsrzyxra bbtxglggzi atkqvymdax iyucjunvyn dzokhkbjld hrbvyznkmd zjnjltvixw cynraykzum sngqmldfxu cwlgcuthor qgdwfpxklr nznsqwfoac somaaudaxm ekdcatpuui qzcudwawod uonnmkkdcs zzscmbfbic vvurcgizpo cfqbtjshrf hfepxhhpnq theacfrsmz flqztijwpa aruweadnpf yfvfzingng hpbkyqcejb kgewtltijq pcjmzanrrv tywawwbwci djtmyhmwnn wmeeitskjx yvgxkhagkf bzcpozsody uyirsvqblu lgwqodunqt xpcqolcpnf omqkvmtjla layuigtfoj tjcamfqmxd bdjhlansav lewkphlryf cddppqxsmb qlieaqyzel tvrzrioagg fdbzjhgcmh ysndikwwgh ahfilcjjhz xeuivcdbgm ntlhpzyidk pqpyekbzmf prctwnakif sqlbmrxpwv sthbsdqlwm culutarzsm sgizgtdhhn lreyglvdhx sgizgtdhhn culutarzsm sthbsdqlwm sqlbmrxpwv prctwnakif pqpyekbzmf ntlhpzyidk xeuivcdbgm ahfilcjjhz ysndikwwgh fdbzjhgcmh tvrzrioagg qlieaqyzel cddppqxsmb lewkphlryf bdjhlansav tjcamfqmxd layuigtfoj omqkvmtjla xpcqolcpnf lgwqodunqt uyirsvqblu bzcpozsody yvgxkhagkf wmeeitskjx djtmyhmwnn tywawwbwci pcjmzanrrv kgewtltijq hpbkyqcejb yfvfzingng aruweadnpf flqztijwpa theacfrsmz hfepxhhpnq cfqbtjshrf vvurcgizpo zzscmbfbic uonnmkkdcs qzcudwawod ekdcatpuui somaaudaxm nznsqwfoac qgdwfpxklr cwlgcuthor sngqmldfxu cynraykzum zjnjltvixw hrbvyznkmd dzokhkbjld iyucjunvyn atkqvymdax bbtxglggzi mjgsrzyxra eqqtmsgxnc rzgfaqookt hdkptqgtdq xsgwbtaqye gdtsmzpvig ysokdhiaft kmwsevkfov uqsahbxduy yeuzdbmimy lhvohluplc smlsmfgyxa hqvifzhbmo ozyhcflvre lpopityrof mmeycqhoxt stxmhuffri uipamkyzyc ztbimsomxo czgfnbovhq gqulqjeire epsflirloq bvwklxlwsa iznialmand npffaineub fwzkdpfinn hnnlwliezo ajjekwybql wegckoctcp pmzgeauuov omadaodbkw swhusujfgz mrjqlvteat qgyqjgwlbh
48
uyirsvqblu uyirsvqblu
sqlbmrxpwv sqlbmrxpwv
culutarzsm culutarzsm
ajjekwybql ajjekwybql
hpbkyqcejb hpbkyqcejb
hrbvyznkmd hrbvyznkmd
ntlhpzyidk ntlhpzyidk
yfvfzingng yfvfzingng
aruweadnpf aruweadnpf
xpcqolcpnf xpcqolcpnf
cddppqxsmb cddppqxsmb
tvrzrioagg tvrzrioagg
gdtsmzpvig gdtsmzpvig
fnlmocuczk fnlmocuczk
hnnlwliezo hnnlwliezo
sngqmldfxu sngqmldfxu
bvwklxlwsa bvwklxlwsa
feggaeevcb feggaeevcb
hyficezvgi hyficezvgi
sgizgtdhhn sgizgtdhhn
lgwqodunqt lgwqodunqt
bnfhxmjqzg bnfhxmjqzg
tdqzbpmftq tdqzbpmftq
kmwsevkfov kmwsevkfov
npffaineub npffaineub
sthbsdqlwm sthbsdqlwm
wegckoctcp wegckoctcp
kgewtltijq kgewtltijq
gqulqjeire gqulqjeire
wmeeitskjx wmeeitskjx
rzgfaqookt rzgfaqookt
iznialmand iznialmand
fwzkdpfinn fwzkdpfinn
vvurcgizpo vvurcgizpo
ysndikwwgh ysndikwwgh
smlsmfgyxa smlsmfgyxa
atkqvymdax atkqvymdax
stxmhuffri stxmhuffri
tjcamfqmxd tjcamfqmxd
cynraykzum cynraykzum
hqvifzhbmo hqvifzhbmo
djtmyhmwnn djtmyhmwnn
czgfnbovhq czgfnbovhq
somaaudaxm somaaudaxm
bzcpozsody bzcpozsody
qlieaqyzel qlieaqyzel
lpopityrof lpopityrof
fdbzjhgcmh fdbzjhgcmh
