Egsmith Barnton Ashbourne Sudwich Aldover Ashdown Shaftbage Edgey Hurstlow Stafbury Wetbridge Wenwold Stainby Brackbrough Wenbeck Watchcombe Pemlow Bromton Flitgrove Chelmbeck Cookford Hornborough Chelmwang Wychsmith Farnsmith Wychsmith Chelmwang Hornborough Cookford Chelmbeck Flitgrove Bromton Pemlow Watchcombe Wenbeck Brackbrough Stainby Wenwold Wetbridge Stafbury Hurstlow Edgey Shaftbage Ashdown Aldover Sudwich Ashbourne Barnton Egsmith Waltditch Wenside Alfchester Whittree Whithall Shaftsted Egtree Chelmden Horsmoor Horslow Durgrove Egavon Sodey Wychnell Wychbourne Sudtree Leathermere Burbourne Edgwick Southborne Stapbeck Sudwell Waltdon Sunsted Wyborne Marlover Watchavon Shaftbridge Penborne Staplake Wychbeck Wywick Burfield Durnell Blanworth Stainbrough Nortley Wetwick Nortley Stainbrough Blanworth Durnell Burfield Wywick Wychbeck Staplake Penborne Shaftbridge Watchavon Marlover Wyborne Sunsted Waltdon Sudwell Stapbeck Southborne Edgwick Burbourne Leathermere Sudtree Wychbourne Wychnell Sodey Egavon Durgrove Horslow Horsmoor Chelmden Egtree Shaftsted Whithall Whittree Alfchester Wenside Waltditch Egsmith
36
Staplake Staplake
Stapbeck Stapbeck
Wychnell Wychnell
Stainby Stainby
Wenside Wenside
Wenwold Wenwold
Wychbourne Wychbourne
Stainbrough Stainbrough
Wetwick Wetwick
Farnsmith Farnsmith
Cookford Cookford
Wychsmith Wychsmith
Ashbourne Ashbourne
Burbourne Burbourne
Shaftbridge Shaftbridge
Flitgrove Flitgrove
Leathermere Leathermere
Chelmwang Chelmwang
Alfchester Alfchester
Wywick Wywick
Sudtree Sudtree
Edgey Edgey
Nortley Nortley
Ashdown Ashdown
Wenbeck Wenbeck
Waltditch Waltditch
Chelmbeck Chelmbeck
Brackbrough Brackbrough
Penborne Penborne
Chelmden Chelmden
Pemlow Pemlow
Wychbeck Wychbeck
Egtree Egtree
Shaftbage Shaftbage
Egavon Egavon
Barnton Barnton
