Chelmbourne Wetborne Chelmbourne Shaftwich Hartgrove Stainey Maidenden Hartbage Bromgrove Horndown Whitborough Rocktree Hurstworth Cookbrook Penling Kingsley Flitham Shrivlow Barnden Durditch Alfditch Aldport Stafsted Dursted Leatherlake Alfby Leatherlow Sudgrove Alddown Barnham Alfcastle Egborne Barngrove Stapwell Brainbridge Southstoke Prestbrook Wyhead Cleredon Staflow Bursted Stapwang Casford Stainden Prestdon Hornbeck Cookton Horncester Edgchester Wenwang Sudworth Melborne Pemwold Hornley Waltbrook Stafthorne Staintree Edgwich Elwood Southmere Stainhall Braincastle Pembage Stainside Whitover Harthall Waltwood Sodside Bracklow Pemwood Kingssted Enbage Prestey Sudwich Enlow Nortmoor Hornbridge Stapwold Marlton Alfwell Aldhall Casney Barnsmith Elgrove Wenborough Southtree Brainwell Shrivdon Horswich Egchester Egwood Edglow Dartsted Kingsbrook Wenden Stainfield Elside Whitavon Nortcastle Egcastle Hornney Hornford Southbrough Stapmoor Burchester Shrivside Barnside Clerethorne Stapthorne Cookbridge Stapthorne Clerethorne Barnside Shrivside Burchester Stapmoor Southbrough Hornford Hornney Egcastle Nortcastle Whitavon Elside Stainfield Wenden Kingsbrook Dartsted Edglow Egwood Egchester Horswich Shrivdon Brainwell Southtree Wenborough Elgrove Barnsmith Casney Aldhall Alfwell Marlton Stapwold Hornbridge Nortmoor Enlow Sudwich Prestey Enbage Kingssted Pemwood Bracklow Sodside Waltwood Harthall Whitover Stainside Pembage Braincastle Stainhall Southmere Elwood Edgwich Staintree Stafthorne Waltbrook Hornley Pemwold Melborne Sudworth Wenwang Edgchester Horncester Cookton Hornbeck Prestdon Stainden Casford Stapwang Bursted Staflow Cleredon Wyhead Prestbrook Southstoke Brainbridge Stapwell Barngrove Egborne Alfcastle Barnham Alddown Sudgrove Leatherlow Alfby Leatherlake Dursted Stafsted Aldport Alfditch Durditch Barnden Shrivlow Flitham Kingsley Penling Cookbrook Hurstworth Rocktree Whitborough Horndown Bromgrove Hartbage Maidenden Stainey Hartgrove Shaftwich Chelmbourne
59
Sudwich Sudwich
Sudworth Sudworth
Elside Elside
Barnside Barnside
Brainbridge Brainbridge
Enbage Enbage
Hornley Hornley
Shaftwich Shaftwich
Stapthorne Stapthorne
Stapmoor Stapmoor
Pemwood Pemwood
Hurstworth Hurstworth
Wenwang Wenwang
Whitborough Whitborough
Sodside Sodside
Alfby Alfby
Edgwich Edgwich
Casford Casford
Southmere Southmere
Aldhall Aldhall
Stainside Stainside
Flitham Flitham
Horndown Horndown
Waltbrook Waltbrook
Leatherlake Leatherlake
Bursted Bursted
Edgchester Edgchester
Elgrove Elgrove
Kingsley Kingsley
Wenborough Wenborough
Cookbridge Cookbridge
Whitover Whitover
Prestey Prestey
Bracklow Bracklow
Dartsted Dartsted
Shrivside Shrivside
Wenden Wenden
Barnham Barnham
Hartbage Hartbage
Pemwold Pemwold
Shrivlow Shrivlow
Wyhead Wyhead
Horncester Horncester
Staflow Staflow
Leatherlow Leatherlow
Egcastle Egcastle
Cleredon Cleredon
Stapwell Stapwell
Stainhall Stainhall
Durditch Durditch
Cookton Cookton
Rocktree Rocktree
Staintree Staintree
Prestdon Prestdon
Alfwell Alfwell
Egborne Egborne
Whitavon Whitavon
Marlton Marlton
Enlow Enlow
