qtq xmz wpq pie nrs krg ahv rwt qbh cer tmc xsi mnv gkh xos lah gac blo rju sfp jpq zgs mhk yvu tzg uwp pxi ogr eku ahy thd jno txl ukh hxo tvy qnn uca llr luf nfy omf kvz utd plx tnl qbq hxp czf hef iuz bsz ili yiz mln wpo rod aah rut dcv qbj dkn uoz kza qfc qbe tto txk pvy osc xax gfp thz pwa udq zdf pxs unk rcs ifc fsl apg ujc yqu ick cov vsu wuf tcu xzk thp xdz wju oto pta pjx ayw lbs jxq itg hba rxi hhe opt xzf mbc zbn vaf ase mmf qlc oyx lnv dvq xbo yck cpw xou qlo qls qyi bwq qjm gak xgs bai kgk nuf hpb nxr ooi zye otp uen nya ynq hgx wfx idl art ooc brk wiq fne nhr slq eqm htv jta gpv nkx qoe xld fib zqn cxu vub zfc cnl dpo spp lfh dns fbz gud egz cjp iev bok lxt pug fgo mbx tcp stv ptq vlt unf nhk orc pkx qof bpm gup tvt suz tmd tro viv zug viv tro tmd suz tvt gup bpm qof pkx orc nhk unf vlt ptq stv tcp mbx fgo pug lxt bok iev cjp egz gud fbz dns lfh spp dpo cnl zfc vub cxu zqn fib xld qoe nkx gpv jta htv eqm slq nhr fne wiq brk ooc art idl wfx hgx ynq nya uen otp zye ooi nxr hpb nuf kgk bai xgs gak qjm bwq qyi qls qlo xou cpw yck xbo dvq lnv oyx qlc mmf ase vaf zbn mbc xzf opt hhe rxi hba itg jxq lbs ayw pjx pta oto wju xdz thp xzk tcu wuf vsu cov ick yqu ujc apg fsl ifc rcs unk pxs zdf udq pwa thz gfp xax osc pvy txk tto qbe qfc kza uoz dkn qbj dcv rut aah rod wpo mln yiz ili bsz iuz hef czf hxp qbq tnl plx utd kvz omf nfy luf llr uca qnn tvy hxo ukh txl jno thd ahy eku ogr pxi uwp tzg yvu mhk zgs jpq sfp rju blo gac lah xos gkh mnv xsi tmc cer qbh rwt ahv krg nrs pie wpq xmz qtq uxr wuc npu zgf zho cnv txr suf tpa wdf tpa suf txr cnv zho zgf npu wuc uxr qtq
100
pta pta
xdz xdz
hhe hhe
htv htv
itg itg
xax xax
nhk nhk
qtq qtq
hpb hpb
ptq ptq
ase ase
krg krg
gup gup
ifc ifc
pxs pxs
qbe qbe
jno jno
kza kza
pkx pkx
qnn qnn
nkx nkx
dkn dkn
wuc wuc
sfp sfp
cpw cpw
ooi ooi
zgf zgf
uxr uxr
eqm eqm
pwa pwa
vub vub
ynq ynq
tmc tmc
wju wju
jta jta
idl idl
bai bai
fgo fgo
zbn zbn
bsz bsz
hxo hxo
qjm qjm
tro tro
lah lah
rut rut
nfy nfy
egz egz
uca uca
npu npu
pjx pjx
vlt vlt
vaf vaf
mnv mnv
hxp hxp
wiq wiq
nhr nhr
qfc qfc
rxi rxi
lxt lxt
tmd tmd
uoz uoz
wuf wuf
slq slq
ili ili
fsl fsl
lnv lnv
uwp uwp
txk txk
yiz yiz
mbx mbx
iuz iuz
zgs zgs
cxu cxu
gak gak
udq udq
zqn zqn
rju rju
ooc ooc
plx plx
lfh lfh
thz thz
ukh ukh
viv viv
thd thd
qlo qlo
wpq wpq
rwt rwt
brk brk
ahv ahv
cjp cjp
orc orc
xos xos
qls qls
cnv cnv
qbj qbj
rod rod
vsu vsu
tnl tnl
ahy ahy
spp spp
