gv xr bj nx zo bx im rx xm ej mg zc gz az ll mb hm du ur ds ay ev yj ph yj ev ay ds ur du hm mb ll az gz zc mg ej xm rx im bx zo nx bj xr gv wl ho wd rd ci zh jm zt fz ea yl wo ue if bg ve ec ng sx wz ub oc pf vf dw nc ij ps wm wc kx at cm hz yo my uj il ef lu jz fm lt cd et sc fr rp su vs rg av gu ft oa cp oa ft gu av rg vs su rp fr sc et cd lt fm jz lu ef il uj my yo hz cm at kx wc wm ps ij nc dw vf pf oc ub wz sx ng ec ve bg if ue wo yl ea fz zt jm zh ci rd wd ho wl gv
40
my my
ay ay
dw dw
zc zc
oa oa
hz hz
il il
bg bg
ej ej
ea ea
wo wo
ec ec
zo zo
bj bj
sx sx
cm cm
rp rp
yj yj
ij ij
ve ve
yl yl
fz fz
sc sc
uj uj
gz gz
vf vf
kx kx
ho ho
vs vs
bx bx
xm xm
fm fm
et et
ur ur
mb mb
gu gu
yo yo
su su
ds ds
ef ef
