Soda Browning Comstock Spring Mabel Oregon Haviland Tulare Park Drury Poplar Whitaker Vermont Station Latham Acroft Arcade Burnett Hospital Bristol Yolo Martin Altavista Terrace Fresno Center Colorado Olympus Woodhaven Fulton Eola Belrose Menlo Colusa Garber Halkin Addison Shasta Alamo Fernwald Marin Kentucky Haste Cowper Breakwater Greenwood Heinz Russell High Amador Florida Muir Columbia Byron Santa Senior Alvarado Overlook Roosevelt Bancroft Cutter Sport Vicente Summit Michigan Berryman Lewiston Edith Lewiston Berryman Michigan Summit Vicente Sport Cutter Bancroft Roosevelt Overlook Alvarado Senior Santa Byron Columbia Muir Florida Amador High Russell Heinz Greenwood Breakwater Cowper Haste Kentucky Marin Fernwald Alamo Shasta Addison Halkin Garber Colusa Menlo Belrose Eola Fulton Woodhaven Olympus Colorado Center Fresno Terrace Altavista Martin Yolo Bristol Hospital Burnett Arcade Acroft Latham Station Vermont Whitaker Poplar Drury Park Tulare Haviland Oregon Mabel Spring Comstock Browning Soda Poppy Indian Arch Anne Pardee Keeler Hopkins Wildcat Bret Jones Sojourner Visalia Ajax Forest Madera Wheeler Dartmouth Haskell Bowditch Bataan Buena Blake Domingo Acacia Plaza Allston Solano Eunice Tyler Woodside Kenilworth Vistamont Kenilworth Woodside Tyler Eunice Solano Allston Plaza Acacia Domingo Blake Buena Bataan Bowditch Haskell Dartmouth Wheeler Madera Forest Ajax Visalia Sojourner Jones Bret Wildcat Hopkins Keeler Pardee Anne Arch Indian Poppy Soda
50
Addison Addison
Ajax Ajax
Allston Allston
Anne Anne
Arch Arch
Bancroft Bancroft
Bataan Bataan
Belrose Belrose
Bowditch Bowditch
Bret Bret
Bristol Bristol
Browning Browning
Burnett Burnett
Byron Byron
Columbia Columbia
Colusa Colusa
Comstock Comstock
Cutter Cutter
Domingo Domingo
Edith Edith
Eunice Eunice
Florida Florida
Forest Forest
Fresno Fresno
Fulton Fulton
Greenwood Greenwood
Haskell Haskell
Haste Haste
Haviland Haviland
Heinz Heinz
High High
Hospital Hospital
Keeler Keeler
Kenilworth Kenilworth
Lewiston Lewiston
Mabel Mabel
Madera Madera
Marin Marin
Martin Martin
Menlo Menlo
Muir Muir
Overlook Overlook
Pardee Pardee
Poplar Poplar
Poppy Poppy
Shasta Shasta
Spring Spring
Summit Summit
Terrace Terrace
Vermont Vermont
