AZ AU AY CT AL BT AW DO CY CB BU CJ AH BO CX AV BP BY DM BX CF BN CZ CR CS BV AC DN AT CC BW CO BI DA CL DI DU BJ CW BF CQ AI AG AQ DS DC CM CD DV BK BZ DQ BR DK BM AO AS AM AR AX BB DR CN BH BQ BD AE CE CP AN DP DE CV BA AJ CH BC AP CA CG BG AB AK AA DJ DG BL DL CK CU CK DL BL DG DJ AA AK AB BG CG CA AP BC CH AJ BA CV DE DP AN CP CE AE BD BQ BH CN DR BB AX AR AM AS AO BM DK BR DQ BZ BK DV CD CM DC DS AQ AG AI CQ BF CW BJ DU DI CL DA BI CO BW CC AT DN AC BV CS CR CZ BN CF BX DM BY BP AV CX BO AH CJ BU CB CY DO AW BT AL CT AY AU AZ DT CI BS DD AF DF BE AD DH DB DH AD BE DF AF DD BS CI DT AZ
50
BP BP
BE BE
CG CG
DO DO
BJ BJ
CL CL
AS AS
CK CK
CZ CZ
BI BI
AF AF
AL AL
DD DD
AH AH
BO BO
DC DC
DQ DQ
CY CY
DE DE
DB DB
BW BW
CJ CJ
CP CP
CV CV
CO CO
CR CR
AA AA
CT CT
AV AV
AJ AJ
DM DM
BQ BQ
BX BX
DV DV
DL DL
BD BD
CD CD
BS BS
CC CC
BK BK
AI AI
AX AX
AN AN
AO AO
BL BL
AR AR
AE AE
BU BU
CN CN
DT DT
