186 189 191 193 195 196 198 196 195 193 191 189 186 182 180 177 174 172 170 168 166 164 162 160 158 156 154 153 151 148 146 147 142 139 137 135 133 131 129 127 126 124 122 120 118 115 113 111 109 108 107 105 102 100 98 96 93 94 91 85 83 81 79 78 75 76 73 70 68 66 64 63 60 57 58 55 53 50 48 44 45 43 41 39 37 36 34 32 33 30 28 24 22 19 17 10 11 8 6 2 4 1 3 0 5 7 9 12 13 14 15 18 16 21 20 23 25 26 27 29 31 35 38 40 42 46 47 49 51 52 54 56 59 61 62 65 67 69 71 72 74 77 80 82 84 86 87 88 89 90 92 95 97 99 101 104 103 106 110 112 114 116 117 119 121 123 125 128 130 132 134 136 138 140 141 143 144 145 149 150 152 155 157 159 161 163 165 167 169 171 173 176 175 178 179 181 183 184 185 187 188 190 192 194 197 199 197 194 192 190 188 187 185 184 183 181 179 178 175 176 173 171 169 167 165 163 161 159 157 155 152 150 149 145 144 143 141 140 138 136 134 132 130 128 125 123 121 119 117 116 114 112 110 106 103 104 101 99 97 95 92 90 89 88 87 86 84 82 80 77 74 72 71 69 67 65 62 61 59 56 54 52 51 49 47 46 42 40 38 35 31 29 27 26 25 23 20 21 16 18 15 14 13 12 9 7 5 0 3 1 4 2 6 8 11 10 17 19 22 24 28 30 33 32 34 36 37 39 41 43 45 44 48 50 53 55 58 57 60 63 64 66 68 70 73 76 75 78 79 81 83 85 91 94 93 96 98 100 102 105 107 108 109 111 113 115 118 120 122 124 126 127 129 131 133 135 137 139 142 147 146 148 151 153 154 156 158 160 162 164 166 168 170 172 174 177 180 182 186
51
14 14
104 104
138 138
30 30
198 198
190 190
140 140
61 61
107 107
188 188
168 168
134 134
174 174
74 74
33 33
144 144
35 35
45 45
195 195
128 128
108 108
156 156
143 143
67 67
157 157
178 178
97 97
70 70
89 89
194 194
121 121
86 86
49 49
162 162
150 150
11 11
17 17
19 19
29 29
90 90
5 5
183 183
79 79
2 2
196 196
22 22
177 177
71 71
32 32
172 172
136 136
