30 32 35 36 38 40 43 45 47 49 50 52 55 56 58 60 61 64 66 68 70 72 74 76 78 79 81 83 85 87 88 90 92 94 96 98 96 94 92 90 88 87 85 83 81 79 78 76 74 72 70 68 66 64 61 60 58 56 55 52 50 49 47 45 43 40 38 36 35 32 30 28 26 25 22 21 19 17 15 14 12 10 8 5 3 1 0 2 4 6 7 9 11 13 16 18 20 23 24 27 29 31 33 34 37 39 41 42 44 46 48 51 53 54 57 59 62 63 65 67 69 71 73 75 77 80 82 84 86 89 91 93 95 97 99 97 95 93 91 89 86 84 82 80 77 75 73 71 69 67 65 63 62 59 57 54 53 51 48 46 44 42 41 39 37 34 33 31 29 27 24 23 20 18 16 13 11 9 7 6 4 2 0 1 3 5 8 10 12 14 15 17 19 21 22 25 26 28 30
34
21 21
41 41
57 57
55 55
99 99
91 91
95 95
30 30
52 52
87 87
66 66
64 64
63 63
50 50
22 22
28 28
84 84
26 26
98 98
86 86
65 65
75 75
3 3
62 62
77 77
23 23
54 54
8 8
74 74
68 68
6 6
78 78
35 35
67 67
