Wolney Horndleside Reddingringey Sodden Nortditch Sodditch Dartworth Brombrough Cansford Alfford Stapseyden Prestlake Sistanwick Boothingtree Reddingbourne Edgfield Hannensworth Skellingstoke Watchsmith Ciworth Egavon Dribbinglow Rockenborough Ribbendhead Toddlenell Blanavon Ennell Melwich Wolden Elbage Meley Hampenchester Cannell Reddennell Camsreborough Braindlemere Endingey Ellensbrough Eggermoor Marlwich Cheddenwang Rothenrested Cirercompsted Hannensbourne Pendlesford Wolverbury Whitborough Camhampton Emthorne Elmerdown Skelling Emmingwell Chilworth Eggermanscombe Cambensnell Soddlesbasbourne Eghampton Braddleswick Sismith Clereshot Worringcompgrove Sundtree Alddlesenbage Sundingbourne Hannerley Burringbrough Staindlemansavon Pendnell Chilmermere Penswick Tiphampton Ketworth Ciringover Tippendside Aldlow Endleston Toddlesmansmoor Worglesmernell Shrivgrove Sodham Durrenslow Flitcompwold Sunsseybrook Tipencester Camtree Elmhall Worrerdown Ensdown Prestwood Chedwick Dribberbrough Melborne Camling Botbeck Sudderwick Prestbridge Chilhall Prestbridge Sudderwick Botbeck Camling Melborne Dribberbrough Chedwick Prestwood Ensdown Worrerdown Elmhall Camtree Tipencester Sunsseybrook Flitcompwold Durrenslow Sodham Shrivgrove Worglesmernell Toddlesmansmoor Endleston Aldlow Tippendside Ciringover Ketworth Tiphampton Penswick Chilmermere Pendnell Staindlemansavon Burringbrough Hannerley Sundingbourne Alddlesenbage Sundtree Worringcompgrove Clereshot Sismith Braddleswick Eghampton Soddlesbasbourne Cambensnell Eggermanscombe Chilworth Emmingwell Skelling Elmerdown Emthorne Camhampton Whitborough Wolverbury Pendlesford Hannensbourne Cirercompsted Rothenrested Cheddenwang Marlwich Eggermoor Ellensbrough Endingey Braindlemere Camsreborough Reddennell Cannell Hampenchester Meley Elbage Wolden Melwich Ennell Blanavon Toddlenell Ribbendhead Rockenborough Dribbinglow Egavon Ciworth Watchsmith Skellingstoke Hannensworth Edgfield Reddingbourne Boothingtree Sistanwick Prestlake Stapseyden Alfford Cansford Brombrough Dartworth Sodditch Nortditch Sodden Reddingringey Horndleside Wolney Braindlemoor Botbaswich Hamwich Hammensmith Rotsted Wendlethorne Chipcester Ketthorne Southcompmere Nortmansford Bromwich Sodgrove Chippingbeck Endlesthorne Alddlesbasbridge Boothingwick Rockdenport Hampenlake Hanbasside Bootherbersted Elmsbasbridge Wendlerewick Tippingrewick Egmanston Siling Horslake Alfcastle Brackavon Wycombe Sundlecombe Chedcastle Chipbasfield Basserchester Hurstbeck Chedderling Sudhead Pemsdown Wencester Windlesseywang Pendlesbascastle Endcastle Whitwood Marlborne Waltling Handlemansey Wolbourne Suddendmansavon Braddlesreport Farnsmerbeck Marlringlake Hammingreport Camsmere Cirerdown Burglesbrook Shaftshot Hammermere Kingscastle Horndlehampton Chelmsbertree Falrensavon Suddingney Toddleborne Kettenwell Hammingdenden Sundlesborne Tipmansover Stafey Cammertree Reddlebershot Candleseyney Elsmith Suddendwell Sudderbage Camsted Suddlescester Sirengrove Emseyworth Bootbeck Canningwold Reddlesley Hansside Chippingchester Ribblesremoor Worrersted Skellerbury Rothensden Endover Wychringden Rothenmere Emsbrook Redside Shaftport Chelmenthorne Falbaswood Siringbrook Leatherberlake Skellingbaswold Skellingmansgrove Elringlow Egwich Tippenside Wolvingborne Cambenscombe Wolvingborne Tippenside Egwich Elringlow Skellingmansgrove Skellingbaswold Leatherberlake Siringbrook Falbaswood Chelmenthorne Shaftport Redside Emsbrook Rothenmere Wychringden Endover Rothensden Skellerbury Worrersted Ribblesremoor Chippingchester Hansside Reddlesley Canningwold Bootbeck Emseyworth Sirengrove Suddlescester Camsted Sudderbage Suddendwell Elsmith Candleseyney Reddlebershot Cammertree Stafey Tipmansover Sundlesborne Hammingdenden Kettenwell Toddleborne Suddingney Falrensavon Chelmsbertree Horndlehampton Kingscastle Hammermere Shaftshot Burglesbrook Cirerdown Camsmere Hammingreport Marlringlake Farnsmerbeck Braddlesreport Suddendmansavon Wolbourne Handlemansey Waltling Marlborne Whitwood Endcastle Pendlesbascastle Windlesseywang Wencester Pemsdown Sudhead Chedderling Hurstbeck Basserchester Chipbasfield Chedcastle Sundlecombe Wycombe Brackavon Alfcastle Horslake Siling Egmanston Tippingrewick Wendlerewick Elmsbasbridge Bootherbersted Hanbasside Hampenlake Rockdenport Boothingwick Alddlesbasbridge Endlesthorne Chippingbeck Sodgrove Bromwich Nortmansford Southcompmere Ketthorne Chipcester Wendlethorne Rotsted Hammensmith Hamwich Botbaswich Braindlemoor Wolney
55
Braindlemoor Braindlemoor
Sodden Sodden
Brombrough Brombrough
Hamwich Hamwich
Chipcester Chipcester
Bromwich Bromwich
Stapseyden Stapseyden
Reddingbourne Reddingbourne
Watchsmith Watchsmith
Endlesthorne Endlesthorne
Hampenlake Hampenlake
Wendlerewick Wendlerewick
Dribbinglow Dribbinglow
Egmanston Egmanston
Wolden Wolden
Horslake Horslake
Meley Meley
Basserchester Basserchester
Cannell Cannell
Endingey Endingey
Cheddenwang Cheddenwang
Sudhead Sudhead
Cirercompsted Cirercompsted
Marlborne Marlborne
Pendlesford Pendlesford
Emthorne Emthorne
Chilworth Chilworth
Wolbourne Wolbourne
Marlringlake Marlringlake
Burglesbrook Burglesbrook
Soddlesbasbourne Soddlesbasbourne
Hammermere Hammermere
Alddlesenbage Alddlesenbage
Horndlehampton Horndlehampton
Hannerley Hannerley
Sundlesborne Sundlesborne
Staindlemansavon Staindlemansavon
Tiphampton Tiphampton
Aldlow Aldlow
Cammertree Cammertree
Suddendwell Suddendwell
Sirengrove Sirengrove
Worglesmernell Worglesmernell
Bootbeck Bootbeck
Camtree Camtree
Reddlesley Reddlesley
Worrersted Worrersted
Wychringden Wychringden
Ensdown Ensdown
Emsbrook Emsbrook
Sudderwick Sudderwick
Shaftport Shaftport
Leatherberlake Leatherberlake
Elringlow Elringlow
Chilhall Chilhall
