Cleresmith Warringwood Soddingwich Milditch Winhead Wydon Edgney Basfield Whitseyborough Todderworth Southling Warrerbage Elcompshot Camdown Hannerworth Buravon Waltcombe Dribbinggrove Pendrenslake Cheddlesport Pendton Skelwang Elfield Whitbourne Kettingworth Cannerrebeck Eggendhampton Ciside Hartrenslow Cammenenwich Enderavon Pemhampton Hampensshot Reddenwell Sirenbourne Cookborne Chilcompcester Blandlesney Hanscombe Watchmanshead Chippenden Camsdenden Botlow Rockhead Leathergrove Ribney Leathergrove Rockhead Botlow Camsdenden Chippenden Watchmanshead Hanscombe Blandlesney Chilcompcester Cookborne Sirenbourne Reddenwell Hampensshot Pemhampton Enderavon Cammenenwich Hartrenslow Ciside Eggendhampton Cannerrebeck Kettingworth Whitbourne Elfield Skelwang Pendton Cheddlesport Pendrenslake Dribbinggrove Waltcombe Buravon Hannerworth Camdown Elcompshot Warrerbage Southling Todderworth Whitseyborough Basfield Edgney Wydon Winhead Milditch Soddingwich Warringwood Cleresmith Whitby Bothensborough Chippingwood Sodmersmith Chedlake Chippenringfield Ketterwold Cirerlow Sundfield Durblechester Melwold Dribbasborne Hanworth Ellingey Sunderbrough Chillerlow Leatherglefield Eggerrensling Cashead Hammenberworth Warblesdown Handlechester Wolvingrethorne Cammingbury Soddenreey Blanden Egwood Wolborne Skelcastle Chipside Kettinglow Suddlebrough Shrivditch Pendingstoke Stainsdenwold Reddentree Ashworth Cannenringwell Burrensham Elmsbrook Worbleney Shrivden Toddleshall Bootworth Elmsnell Dribbingenborne Dribside Wendlemerford Hamditch Wetley Bursted Toddendport Nortlake Eggenditch Nortlake Toddendport Bursted Wetley Hamditch Wendlemerford Dribside Dribbingenborne Elmsnell Bootworth Toddleshall Shrivden Worbleney Elmsbrook Burrensham Cannenringwell Ashworth Reddentree Stainsdenwold Pendingstoke Shrivditch Suddlebrough Kettinglow Chipside Skelcastle Wolborne Egwood Blanden Soddenreey Cammingbury Wolvingrethorne Handlechester Warblesdown Hammenberworth Cashead Eggerrensling Leatherglefield Chillerlow Sunderbrough Ellingey Hanworth Dribbasborne Melwold Durblechester Sundfield Cirerlow Ketterwold Chippenringfield Chedlake Sodmersmith Chippingwood Bothensborough Whitby Cleresmith
27
Warringwood Warringwood
Chippingwood Chippingwood
Ketterwold Ketterwold
Milditch Milditch
Basfield Basfield
Warrerbage Warrerbage
Durblechester Durblechester
Ellingey Ellingey
Eggerrensling Eggerrensling
Hannerworth Hannerworth
Pendrenslake Pendrenslake
Elfield Elfield
Warblesdown Warblesdown
Soddenreey Soddenreey
Skelcastle Skelcastle
Cannerrebeck Cannerrebeck
Cammenenwich Cammenenwich
Reddenwell Reddenwell
Suddlebrough Suddlebrough
Reddentree Reddentree
Elmsbrook Elmsbrook
Chilcompcester Chilcompcester
Shrivden Shrivden
Rockhead Rockhead
Bootworth Bootworth
Ribney Ribney
Wetley Wetley
