Hamsbourne Chipfield Hamperrehampton Shrivbridge Todbeck Hartlow Horscompborne Elbage Prestbourne Botherstanport Leatherblesley Enderton Camhampton Shaftthorne Skelgrove Warrewick Melshot Endbeck Dribstoke Cammercastle Ciley Sunderborough Rotmerby Chilringfield Egdown Ribbleshot Ellerbeck Camswich Cimansbrough Wendleslake Boothenrensborough Redderwold Suddlebaschester Rocklow Camsborne Sodderrenshead Egginglow Burrerlake Emmingrensbridge Burrerlake Egginglow Sodderrenshead Camsborne Rocklow Suddlebaschester Redderwold Boothenrensborough Wendleslake Cimansbrough Camswich Ellerbeck Ribbleshot Egdown Chilringfield Rotmerby Sunderborough Ciley Cammercastle Dribstoke Endbeck Melshot Warrewick Skelgrove Shaftthorne Camhampton Enderton Leatherblesley Botherstanport Prestbourne Elbage Horscompborne Hartlow Todbeck Shrivbridge Hamperrehampton Chipfield Hamsbourne Sundlechester Melcompton Pemstree Hartberbury Suddingbeck Candlesdon Chillendringbourne Chipsted Stafdenbourne Sudbage Wolvencester Sudbage Stafdenbourne Chipsted Chillendringbourne Candlesdon Suddingbeck Hartberbury Pemstree Melcompton Sundlechester Hamsbourne
25
Hamperrehampton Hamperrehampton
Wolvencester Wolvencester
Sundlechester Sundlechester
Chipsted Chipsted
Ciley Ciley
Candlesdon Candlesdon
Leatherblesley Leatherblesley
Chilringfield Chilringfield
Chipfield Chipfield
Camswich Camswich
Camhampton Camhampton
Rotmerby Rotmerby
Sunderborough Sunderborough
Rocklow Rocklow
Melshot Melshot
Warrewick Warrewick
Enderton Enderton
Shaftthorne Shaftthorne
Cammercastle Cammercastle
Sodderrenshead Sodderrenshead
Prestbourne Prestbourne
Boothenrensborough Boothenrensborough
Sudbage Sudbage
Cimansbrough Cimansbrough
Hartberbury Hartberbury
