Warfield Basringney Skellingden Dribblewick Windling Millendon Ashfield Suddlecombe Ellingreham Suddleover Nortencester Siringwang Chedtree Burglebrough Sudsmith Elmansham Cammerwich Chedberdon Elavon Soddlewick Chippingsted Botherseyworth Skelbeck Wargleentree Fulbage Emmerdown Bastleseyham Horndlecompside Nortchester Faldinghead Pendlewood Falport Faldingney Hamsey Rocktree Worberbrook Sundlerensford Wetberditch Blandlebage Hamsling Hannenmanswick Ashborne Tipwick Cannerthorne Chedderrenswich Dartseyworth Ellenby Horstlescompstoke Bothingney Sunswood Alfseycastle Shrivbury Enswang Rotcombe Fullerbourne Ketsmith Pendingbrook Suddlecastle Bothendwood Cambingstoke Wyborne Cammerrensmoor Suddleborne Elbury Abberhampton Burcombe Elmswang Candlegrove Dribcastle Cicombe Hammenshead Ketport Whitchester Chedchester Emmingborne Flitside Wyey Tipport Egwood Todtree Egwood Tipport Wyey Flitside Emmingborne Chedchester Whitchester Ketport Hammenshead Cicombe Dribcastle Candlegrove Elmswang Burcombe Abberhampton Elbury Suddleborne Cammerrensmoor Wyborne Cambingstoke Bothendwood Suddlecastle Pendingbrook Ketsmith Fullerbourne Rotcombe Enswang Shrivbury Alfseycastle Sunswood Bothingney Horstlescompstoke Ellenby Dartseyworth Chedderrenswich Cannerthorne Tipwick Ashborne Hannenmanswick Hamsling Blandlebage Wetberditch Sundlerensford Worberbrook Rocktree Hamsey Faldingney Falport Pendlewood Faldinghead Nortchester Horndlecompside Bastleseyham Emmerdown Fulbage Wargleentree Skelbeck Botherseyworth Chippingsted Soddlewick Elavon Chedberdon Cammerwich Elmansham Sudsmith Burglebrough Chedtree Siringwang Nortencester Suddleover Ellingreham Suddlecombe Ashfield Millendon Windling Dribblewick Skellingden Basringney Warfield Chilbury Brackcompwang Chelmstanwell Hammerringey Skelling Shaftfield Chiphead Elcompbridge Southbasport Fulbourne Stainbrough Ciditch Northall Camwood Barndberbrough Worhall Dribbingworth Leatherbleside Sirensgrove Braddlebrook Sirensgrove Leatherbleside Dribbingworth Worhall Barndberbrough Camwood Northall Ciditch Stainbrough Fulbourne Southbasport Elcompbridge Chiphead Shaftfield Skelling Hammerringey Chelmstanwell Brackcompwang Chilbury Warfield
50
Worberbrook Worberbrook
Botherseyworth Botherseyworth
Wyborne Wyborne
Pendlewood Pendlewood
Cambingstoke Cambingstoke
Basringney Basringney
Ashfield Ashfield
Ketport Ketport
Dribbingworth Dribbingworth
Hammerringey Hammerringey
Skelling Skelling
Ashborne Ashborne
Stainbrough Stainbrough
Chedtree Chedtree
Tipwick Tipwick
Suddlecombe Suddlecombe
Todtree Todtree
Cammerrensmoor Cammerrensmoor
Chelmstanwell Chelmstanwell
Warfield Warfield
Pendingbrook Pendingbrook
Burglebrough Burglebrough
Siringwang Siringwang
Leatherbleside Leatherbleside
Chedderrenswich Chedderrenswich
Brackcompwang Brackcompwang
Worhall Worhall
Soddlewick Soddlewick
Skellingden Skellingden
Barndberbrough Barndberbrough
Southbasport Southbasport
Windling Windling
Bastleseyham Bastleseyham
Millendon Millendon
Chilbury Chilbury
Horstlescompstoke Horstlescompstoke
Whitchester Whitchester
Suddleover Suddleover
Sudsmith Sudsmith
Chippingsted Chippingsted
Elmansham Elmansham
Hamsling Hamsling
Cicombe Cicombe
Northall Northall
Suddlecastle Suddlecastle
Suddleborne Suddleborne
Falport Falport
Ellingreham Ellingreham
Hannenmanswick Hannenmanswick
Chiphead Chiphead
