Whitgrove Dribblecombe Ribenwell Chilmerdon Falworth Botshot Hurstdown Shaftwick Egmerhampton Suddenmoor Staincombe Toddlesdon Endingrensby Botwick Redwich Horsmere Chipbridge Falderseythorne Durbrook Wychchester Prestwick Sundcompney Rockbage Ketnell Chelmdenmoor Bothenton Fullencester Leatherbourne Sodderover Egsted Waltham Bothenhall Barndlesthorne Dartden Tippingbage Bootwick Wycastle Boothingchester Ellerbridge Sodberling Bursmith Dartdown Marlcester Nortwell Bassinghead Southbury Emmerley Bastlebury Chilsmith Rothead Southmere Ribberrenston Shaftborough Hannersmith Tippendham Warblestancester Basbage Maidendstoke Ashenhead Botmermoor Botenbrook Hampingworth Basditch Hampingcastle Eley Reddingtree Dribwold Burblemansbage Farndlesover Windleshead Abglewold Farnditch Shaftmoor Braddlesnell Toddingchester Alddleringworth Worhall Reddendeney Suddingover Chedworth Sundendford Cireport Egbeck Skellenshot Cihead Tippenbrook Marlbeck Enderbeck Sifield Abcester Botbeck Whitringlake Sodport Bromrenslake Wethampton Faldenhall Watchlake Ketchester Stapby Waltcompbrook Enborough Leatherport Stapbrough Fulhampton Tipstoke Burlake Endleberey Pemton Wenton Bromssmith Barndlesborough Skellingover Candleswick Endleshall Melwood Reddensden Cirerham Wolley Elfield Hornsmercombe Stafavon Waltbeck Chillingbridge Tippingtree Waltbasmere Stafcombe Stapbrook Wetwick Hampingbascombe Sirenshall Burglemere Tipbeck Maidendlegrove Egmerditch Alfmere Redcombe Siey Ciborough Hamwold Skellingseybrough Hamwold Ciborough Siey Redcombe Alfmere Egmerditch Maidendlegrove Tipbeck Burglemere Sirenshall Hampingbascombe Wetwick Stapbrook Stafcombe Waltbasmere Tippingtree Chillingbridge Waltbeck Stafavon Hornsmercombe Elfield Wolley Cirerham Reddensden Melwood Endleshall Candleswick Skellingover Barndlesborough Bromssmith Wenton Pemton Endleberey Burlake Tipstoke Fulhampton Stapbrough Leatherport Enborough Waltcompbrook Stapby Ketchester Watchlake Faldenhall Wethampton Bromrenslake Sodport Whitringlake Botbeck Abcester Sifield Enderbeck Marlbeck Tippenbrook Cihead Skellenshot Egbeck Cireport Sundendford Chedworth Suddingover Reddendeney Worhall Alddleringworth Toddingchester Braddlesnell Shaftmoor Farnditch Abglewold Windleshead Farndlesover Burblemansbage Dribwold Reddingtree Eley Hampingcastle Basditch Hampingworth Botenbrook Botmermoor Ashenhead Maidendstoke Basbage Warblestancester Tippendham Hannersmith Shaftborough Ribberrenston Southmere Rothead Chilsmith Bastlebury Emmerley Southbury Bassinghead Nortwell Marlcester Dartdown Bursmith Sodberling Ellerbridge Boothingchester Wycastle Bootwick Tippingbage Dartden Barndlesthorne Bothenhall Waltham Egsted Sodderover Leatherbourne Fullencester Bothenton Chelmdenmoor Ketnell Rockbage Sundcompney Prestwick Wychchester Durbrook Falderseythorne Chipbridge Horsmere Redwich Botwick Endingrensby Toddlesdon Staincombe Suddenmoor Egmerhampton Shaftwick Hurstdown Botshot Falworth Chilmerdon Ribenwell Dribblecombe Whitgrove Worberney Egwick Staplow Rotcester Wychcompwold Dribberham Endlenell Bursted Botbage Penddenchester Pemnell Rothingcombe Milthorne Horsnell Siavon Abgleham Sundlethorne Fullensborne Blansbrook Casbrook Boothendhall Hamsborough Rothingenbage Skelberden Hamscombe Stainbrough Ribglesstanworth Toddenmoor Aldtree Egton Rothendcombe Wychditch Cookfield Egford Horstleover Toddenmerbrough Endingnell Staindledown Shafthead Marlbrook Falderbrough Warsmith Wetsmith Elside Ciringnell Penby Hamborne Edgwich Boothingmanstree Ribbenhall Bromstanham Clereennell Todhampton Worbrook Worrenberwang Wendleringdown Cannerthorne Rotherlow Worford Elwold Worford Rotherlow Cannerthorne Wendleringdown Worrenberwang Worbrook Todhampton Clereennell Bromstanham Ribbenhall Boothingmanstree Edgwich Hamborne Penby Ciringnell Elside Wetsmith Warsmith Falderbrough Marlbrook Shafthead Staindledown Endingnell Toddenmerbrough Horstleover Egford Cookfield Wychditch Rothendcombe Egton Aldtree Toddenmoor Ribglesstanworth Stainbrough Hamscombe Skelberden Rothingenbage Hamsborough Boothendhall Casbrook Blansbrook Fullensborne Sundlethorne Abgleham Siavon Horsnell Milthorne Rothingcombe Pemnell Penddenchester Botbage Bursted Endlenell Dribberham Wychcompwold Rotcester Staplow Egwick Worberney Whitgrove
100
Sifield Sifield
Melwood Melwood
Wethampton Wethampton
Tipstoke Tipstoke
Worrenberwang Worrenberwang
Cannerthorne Cannerthorne
Reddendeney Reddendeney
Ketchester Ketchester
Enderbeck Enderbeck
Abglewold Abglewold
Bastlebury Bastlebury
Ketnell Ketnell
Skelberden Skelberden
Bothenton Bothenton
Faldenhall Faldenhall
Eley Eley
Siavon Siavon
Todhampton Todhampton
Hampingcastle Hampingcastle
Casbrook Casbrook
Shaftborough Shaftborough
Redcombe Redcombe
Southbury Southbury
Suddingover Suddingover
Farnditch Farnditch
Dribblecombe Dribblecombe
Egmerhampton Egmerhampton
Watchlake Watchlake
Clereennell Clereennell
Penby Penby
Cihead Cihead
Rothingcombe Rothingcombe
Staincombe Staincombe
Horsnell Horsnell
Staplow Staplow
Wetsmith Wetsmith
Falworth Falworth
Stapbrough Stapbrough
Tippingbage Tippingbage
Nortwell Nortwell
Ribberrenston Ribberrenston
Dartden Dartden
Rotherlow Rotherlow
Basditch Basditch
Prestwick Prestwick
Ellerbridge Ellerbridge
Wycastle Wycastle
Milthorne Milthorne
Hamwold Hamwold
Elside Elside
Endingnell Endingnell
Worford Worford
Bootwick Bootwick
Waltbeck Waltbeck
Suddenmoor Suddenmoor
Southmere Southmere
Skellenshot Skellenshot
Bromstanham Bromstanham
Worhall Worhall
Chedworth Chedworth
Hampingworth Hampingworth
Sirenshall Sirenshall
Wetwick Wetwick
Bothenhall Bothenhall
Candleswick Candleswick
Siey Siey
Whitringlake Whitringlake
Wychcompwold Wychcompwold
Rothendcombe Rothendcombe
Botbeck Botbeck
Tippenbrook Tippenbrook
Toddenmoor Toddenmoor
Leatherport Leatherport
Dribberham Dribberham
Emmerley Emmerley
Skellingover Skellingover
Wychchester Wychchester
Sodberling Sodberling
Sodport Sodport
Tippendham Tippendham
Whitgrove Whitgrove
Farndlesover Farndlesover
Alfmere Alfmere
Horstleover Horstleover
Durbrook Durbrook
Abcester Abcester
Sundlethorne Sundlethorne
Marlbrook Marlbrook
Bursmith Bursmith
Abgleham Abgleham
Wendleringdown Wendleringdown
Blansbrook Blansbrook
Marlcester Marlcester
Wolley Wolley
Sundendford Sundendford
Boothingmanstree Boothingmanstree
Falderseythorne Falderseythorne
Hampingbascombe Hampingbascombe
Egsted Egsted
Endleberey Endleberey
