0 16 32 34 49 52 68 53 38 22 23 24 9 8 7 6 5 21 37 35 20 15 30 25 40 54 39 42 26 10 11 12 13 14 29 28 27 43 58 73 57 60 45 31 46 61 62 64 65 50 36 51 66 67 69 70 55 41 56 71 56 41 55 70 69 67 66 51 36 50 65 64 62 61 46 31 45 60 57 73 58 43 27 28 29 14 13 12 11 10 26 42 39 54 40 25 30 15 20 35 37 21 5 6 7 8 9 24 23 22 38 53 68 52 49 34 32 16 0 1 2 3 4 19 18 17 33 48 63 47 44 59 74 72 74 59 44 47 63 48 33 17 18 19 4 3 2 1 0
30
0 0
3 3
5 5
8 8
10 10
13 13
15 15
18 18
20 20
23 23
25 25
28 28
30 30
31 31
35 35
36 36
40 40
41 41
45 45
46 46
47 47
50 50
51 51
52 52
55 55
56 56
57 57
63 63
68 68
73 73
