0 1 2 3 18 33 17 20 35 37 21 5 6 7 8 9 24 23 22 38 53 68 52 55 41 56 71 72 74 59 89 104 103 102 118 119 120 106 121 106 120 119 118 102 103 104 89 59 74 72 71 56 41 55 52 68 53 38 22 23 24 9 8 7 6 5 21 37 35 20 17 33 18 3 2 1 0 16 32 25 40 54 39 44 49 34 19 4 13 12 11 10 26 42 47 63 48 62 64 65 50 36 51 66 67 69 70 57 73 58 43 27 28 29 14 15 30 45 31 46 61 60 88 87 86 85 101 117 116 100 115 114 113 97 98 99 84 83 82 81 80 96 112 111 95 110 105 90 109 124 123 108 92 93 94 79 78 77 76 75 91 107 122 107 91 75 76 77 78 79 94 93 92 108 123 124 109 90 105 110 95 111 112 96 80 81 82 83 84 99 98 97 113 114 115 100 116 117 101 85 86 87 88 60 61 46 31 45 30 15 14 29 28 27 43 58 73 57 70 69 67 66 51 36 50 65 64 62 48 63 47 42 26 10 11 12 13 4 19 34 49 44 39 54 40 25 32 16 0
60
0 0
3 3
5 5
7 7
8 8
10 10
13 13
15 15
18 18
20 20
23 23
25 25
28 28
30 30
31 31
34 34
35 35
36 36
40 40
41 41
45 45
46 46
47 47
50 50
51 51
52 52
55 55
56 56
57 57
63 63
68 68
70 70
71 71
73 73
75 75
76 76
78 78
80 80
83 83
85 85
88 88
90 90
93 93
95 95
98 98
100 100
103 103
105 105
106 106
108 108
109 109
110 110
111 111
115 115
116 116
119 119
120 120
121 121
122 122
124 124
