0 68 73 49 23 47 33 62 33 47 23 49 73 68 0 82 38 19 86 46 16 96 76 15 7 58 4 10 75 56 26 6 81 89 85 44 18 1 36 99 40 45 77 24 95 41 52 9 37 27 32 72 31 74 65 92 91 22 67 69 17 20 83 70 53 30 48 90 71 42 93 64 78 2 63 51 3 34 14 94 43 29 57 12 13 25 11 50 84 35 88 60 28 98 39 59 61 5 66 54 8 21 97 87 55 79 80 79 55 87 97 21 8 54 66 5 61 59 39 98 28 60 88 35 84 50 11 25 13 12 57 29 43 94 14 34 3 51 63 2 78 64 93 42 71 90 48 30 53 70 83 20 17 69 67 22 91 92 65 74 31 72 32 27 37 9 52 41 95 24 77 45 40 99 36 1 18 44 85 89 81 6 26 56 75 10 4 58 7 15 76 96 16 46 86 19 38 82 0
50
63 63
80 80
39 39
74 74
41 41
59 59
33 33
7 7
3 3
36 36
62 62
79 79
54 54
13 13
10 10
56 56
35 35
30 30
24 24
4 4
32 32
60 60
89 89
98 98
90 90
81 81
71 71
22 22
72 72
84 84
12 12
20 20
93 93
47 47
34 34
86 86
87 87
51 51
50 50
1 1
11 11
16 16
95 95
75 75
83 83
42 42
99 99
2 2
64 64
48 48
