0 49 77 182 45 96 67 47 29 95 52 7 117 167 35 138 140 138 35 167 117 7 52 95 29 47 67 96 45 182 77 49 0 103 28 188 98 56 41 124 139 183 187 129 146 16 166 8 26 176 199 106 86 94 31 190 175 3 13 126 74 19 85 99 115 30 15 189 93 132 144 23 63 114 91 136 2 170 1 160 145 161 163 194 76 198 108 92 122 185 27 162 89 71 46 172 179 82 151 39 64 58 197 87 147 22 150 51 111 149 68 37 34 121 81 105 186 180 135 69 112 158 20 152 141 4 14 104 127 109 165 42 159 143 107 33 142 192 9 65 84 173 44 110 153 6 38 57 90 119 169 125 133 100 10 59 60 83 40 97 36 73 184 128 168 156 134 191 137 131 79 101 120 54 75 32 116 154 53 5 174 113 80 102 21 11 157 50 62 61 24 164 25 193 178 148 123 66 196 181 171 78 12 130 48 118 17 43 72 88 155 70 55 195 18 177 18 195 55 70 155 88 72 43 17 118 48 130 12 78 171 181 196 66 123 148 178 193 25 164 24 61 62 50 157 11 21 102 80 113 174 5 53 154 116 32 75 54 120 101 79 131 137 191 134 156 168 128 184 73 36 97 40 83 60 59 10 100 133 125 169 119 90 57 38 6 153 110 44 173 84 65 9 192 142 33 107 143 159 42 165 109 127 104 14 4 141 152 20 158 112 69 135 180 186 105 81 121 34 37 68 149 111 51 150 22 147 87 197 58 64 39 151 82 179 172 46 71 89 162 27 185 122 92 108 198 76 194 163 161 145 160 1 170 2 136 91 114 63 23 144 132 93 189 15 30 115 99 85 19 74 126 13 3 175 190 31 94 86 106 199 176 26 8 166 16 146 129 187 183 139 124 41 56 98 188 28 103 0
100
173 173
179 179
83 83
75 75
160 160
6 6
103 103
156 156
25 25
14 14
17 17
116 116
178 178
64 64
185 185
109 109
48 48
32 32
196 196
121 121
89 89
126 126
24 24
91 91
26 26
166 166
28 28
184 184
111 111
186 186
133 133
151 151
182 182
180 180
120 120
194 194
9 9
65 65
159 159
138 138
4 4
42 42
108 108
12 12
193 193
106 106
175 175
22 22
67 67
44 44
98 98
81 81
125 125
77 77
49 49
157 157
100 100
18 18
87 87
51 51
36 36
130 130
70 70
39 39
197 197
20 20
117 117
139 139
102 102
137 137
176 176
10 10
38 38
78 78
104 104
85 85
58 58
96 96
134 134
128 128
19 19
31 31
155 155
168 168
149 149
170 170
63 63
27 27
50 50
69 69
119 119
145 145
79 79
74 74
47 47
95 95
146 146
163 163
199 199
99 99
