SantaClarita Domination Paterson Chandler Hollywood SiouxFalls OverlandPark Independence Bridgeport Murfreesboro Victorville GardenGrove Fremont Fayetteville Spokane FortCollins Durham Reno Lubbock Concord Beaumont NewportNews FortWorth Midland Thornton Huntsville Shreveport Modesto Shreveport Huntsville Thornton Midland FortWorth NewportNews Beaumont Concord Lubbock Reno Durham FortCollins Spokane Fayetteville Fremont GardenGrove Victorville Murfreesboro Bridgeport Independence OverlandPark SiouxFalls Hollywood Chandler Paterson Domination SantaClarita Carrollton JerseyCity Chesapeake Escondido Oakland Memphis Yonkers Miami SanBernardino LouisvilleJefferson LongBeach OWO Hartford Boston Ontario Omaha Wichita Peoria Allentown Pomona Stockton Indianapolis Austin PembrokePines Frisco LexingtonFa SanDiego StLouis Henderson FortWayne Torrance Portland Sunnyvale Visalia Waco Chattanooga Berkeley Stamford Akron Richmond Garland Worcester Alexandria Davidson Bellevue Fontana Scottsdale HuntingtonBeach Irvine SantaAna SantaRosa Newark Glasses Amarillo StPetersburg Tulsa LosAngeles OklahomaCity Milwaukee Lafayette Brownsville Orlando Madison Cary RanchoCucamonga AnnArbor WestValleyCity Washington Tempe McAllen Lancaster Surprise Lancaster McAllen Tempe Washington WestValleyCity AnnArbor RanchoCucamonga Cary Madison Orlando Brownsville Lafayette Milwaukee OklahomaCity LosAngeles Tulsa StPetersburg Amarillo Glasses Newark SantaRosa SantaAna Irvine HuntingtonBeach Scottsdale Fontana Bellevue Davidson Alexandria Worcester Garland Richmond Akron Stamford Berkeley Chattanooga Waco Visalia Sunnyvale Portland Torrance FortWayne Henderson StLouis SanDiego LexingtonFa Frisco PembrokePines Austin Indianapolis Stockton Pomona Allentown Peoria Wichita Omaha Ontario Boston Hartford OWO LongBeach LouisvilleJefferson SanBernardino Miami Yonkers Memphis Oakland Escondido Chesapeake JerseyCity Carrollton SantaClarita
50
Midland Midland
Victorville Victorville
Shreveport Shreveport
Washington Washington
Independence Independence
OklahomaCity OklahomaCity
Sunnyvale Sunnyvale
Newark Newark
GardenGrove GardenGrove
LexingtonFa LexingtonFa
Scottsdale Scottsdale
Pomona Pomona
Carrollton Carrollton
Lafayette Lafayette
Worcester Worcester
Bellevue Bellevue
StLouis StLouis
Fayetteville Fayetteville
Stamford Stamford
Alexandria Alexandria
Paterson Paterson
Boston Boston
SiouxFalls SiouxFalls
Waco Waco
NewportNews NewportNews
Visalia Visalia
StPetersburg StPetersburg
Henderson Henderson
Brownsville Brownsville
Omaha Omaha
Beaumont Beaumont
LosAngeles LosAngeles
Huntsville Huntsville
Concord Concord
PembrokePines PembrokePines
Hartford Hartford
LouisvilleJefferson LouisvilleJefferson
RanchoCucamonga RanchoCucamonga
Ontario Ontario
LongBeach LongBeach
Austin Austin
WestValleyCity WestValleyCity
Yonkers Yonkers
Stockton Stockton
Indianapolis Indianapolis
Allentown Allentown
Wichita Wichita
Orlando Orlando
Garland Garland
Surprise Surprise
