Plano SantaClara LongBeach Greensboro Salinas OverlandPark Montgomery Richmond BatonRouge NewportNews CapeCoral Miramar Mesa Memphis Charleston Chesapeake OWO Jacksonville Buffalo Hayward WinstonSalem Norman Sunnyvale Washington Pittsburgh MorenoValley Paterson Pasadena Irving StPetersburg Dallas Hartford NewOrleans Surprise Corona Brownsville Peoria Domination Lubbock Savannah SimiValley Oski Tempe BoiseCity Teemo Salem Phoenix Knoxville SanBernardino Madison Fremont CoralSprings Indianapolis Lafayette Orlando FortWayne Torrance Lancaster LosAngeles Akron Escondido Hollywood Fontana Glasses SanJose Toledo Palmdale Pomona Spokane CorpusChristi SantaClarita ChulaVista Houston Glendale Gilbert Raleigh Yonkers FortWorth Denton Chicago Springfield FortCollins SiouxFalls NewHaven Birmingham Scottsdale Davidson Charlotte Philadelphia CedarRapids GardenGrove Murfreesboro Naperville Oxnard Atlanta Cleveland Denver Albuquerque Omaha Garland Providence Seattle Lincoln Pikachu Midland ElkGrove Fayetteville JerseyCity Anaheim Elizabeth ColoradoSprings Columbia Detroit Alexandria AthensClarkeCounty Fullerton AugustaRichmond HuntingtonBeach Mobile Worcester SanDiego Thornton Anchorage Clarksville Frisco Lakewood Durham DesMoines AnnArbor Jackson StLouis SantaRosa Shreveport Laredo Hialeah Tampa Arlington Portland GrandPrairie McAllen ThousandOaks McAllen GrandPrairie Portland Arlington Tampa Hialeah Laredo Shreveport SantaRosa StLouis Jackson AnnArbor DesMoines Durham Lakewood Frisco Clarksville Anchorage Thornton SanDiego Worcester Mobile HuntingtonBeach AugustaRichmond Fullerton AthensClarkeCounty Alexandria Detroit Columbia ColoradoSprings Elizabeth Anaheim JerseyCity Fayetteville ElkGrove Midland Pikachu Lincoln Seattle Providence Garland Omaha Albuquerque Denver Cleveland Atlanta Oxnard Naperville Murfreesboro GardenGrove CedarRapids Philadelphia Charlotte Davidson Scottsdale Birmingham NewHaven SiouxFalls FortCollins Springfield Chicago Denton FortWorth Yonkers Raleigh Gilbert Glendale Houston ChulaVista SantaClarita CorpusChristi Spokane Pomona Palmdale Toledo SanJose Glasses Fontana Hollywood Escondido Akron LosAngeles Lancaster Torrance FortWayne Orlando Lafayette Indianapolis CoralSprings Fremont Madison SanBernardino Knoxville Phoenix Salem Teemo BoiseCity Tempe Oski SimiValley Savannah Lubbock Domination Peoria Brownsville Corona Surprise NewOrleans Hartford Dallas StPetersburg Irving Pasadena Paterson MorenoValley Pittsburgh Washington Sunnyvale Norman WinstonSalem Hayward Buffalo Jacksonville OWO Chesapeake Charleston Memphis Mesa Miramar CapeCoral NewportNews BatonRouge Richmond Montgomery OverlandPark Salinas Greensboro LongBeach SantaClara Plano Rockford Riverside Honolulu Hampton Tallahassee Cincinnati KansasCity Vancouver Beaumont Abilene Tacoma Topeka Boston Huntsville VirginiaBeach Ontario Waco Wichita PembrokePines Bridgeport FortLauderdale Norfolk Reno LouisvilleJefferson Tulsa SantaAna Modesto Killeen Allentown Stamford LexingtonFa Chattanooga SanAntonio ElPaso Oceanside Kent PortStLucie Chandler Amarillo Cary OklahomaCity Rochester Oakland Gainesville Warren SanFrancisco WestValleyCity Vallejo LasVegas Clyde Sacramento Syracuse Mesquite Joliet Miami Olathe Irvine LittleRock GrandRapids LittleRock Irvine Olathe Miami Joliet Mesquite Syracuse Sacramento Clyde LasVegas Vallejo WestValleyCity SanFrancisco Warren Gainesville Oakland Rochester OklahomaCity Cary Amarillo Chandler PortStLucie Kent Oceanside ElPaso SanAntonio Chattanooga LexingtonFa Stamford Allentown Killeen Modesto SantaAna Tulsa LouisvilleJefferson Reno Norfolk FortLauderdale Bridgeport PembrokePines Wichita Waco Ontario VirginiaBeach Huntsville Boston Topeka Tacoma Abilene Beaumont Vancouver KansasCity Cincinnati Tallahassee Hampton Honolulu Riverside Rockford Plano
100
SanFrancisco SanFrancisco
SantaClara SantaClara
Charleston Charleston
FortCollins FortCollins
Cincinnati Cincinnati
Mesquite Mesquite
Stamford Stamford
Hollywood Hollywood
Riverside Riverside
Omaha Omaha
GardenGrove GardenGrove
Beaumont Beaumont
Anaheim Anaheim
Brownsville Brownsville
StLouis StLouis
SanJose SanJose
Glendale Glendale
Elizabeth Elizabeth
Killeen Killeen
McAllen McAllen
LasVegas LasVegas
Ontario Ontario
Davidson Davidson
Norman Norman
Montgomery Montgomery
Garland Garland
Mesa Mesa
SantaRosa SantaRosa
AnnArbor AnnArbor
Lancaster Lancaster
Hartford Hartford
Escondido Escondido
Salinas Salinas
Tampa Tampa
Dallas Dallas
Hampton Hampton
Rockford Rockford
Portland Portland
Warren Warren
Wichita Wichita
LittleRock LittleRock
SanBernardino SanBernardino
Raleigh Raleigh
Torrance Torrance
Lincoln Lincoln
SiouxFalls SiouxFalls
Surprise Surprise
Allentown Allentown
Norfolk Norfolk
Houston Houston
Fremont Fremont
Greensboro Greensboro
SanAntonio SanAntonio
OWO OWO
Anchorage Anchorage
Glasses Glasses
Chicago Chicago
Atlanta Atlanta
Cary Cary
Oxnard Oxnard
MorenoValley MorenoValley
Irving Irving
Vallejo Vallejo
LouisvilleJefferson LouisvilleJefferson
Madison Madison
Thornton Thornton
Hayward Hayward
Miami Miami
Knoxville Knoxville
Denton Denton
ThousandOaks ThousandOaks
Pasadena Pasadena
JerseyCity JerseyCity
AugustaRichmond AugustaRichmond
Denver Denver
Sunnyvale Sunnyvale
SimiValley SimiValley
FortLauderdale FortLauderdale
Laredo Laredo
SantaClarita SantaClarita
Olathe Olathe
Corona Corona
Tulsa Tulsa
NewOrleans NewOrleans
Lafayette Lafayette
OklahomaCity OklahomaCity
HuntingtonBeach HuntingtonBeach
Huntsville Huntsville
Pomona Pomona
CorpusChristi CorpusChristi
Mobile Mobile
Memphis Memphis
GrandPrairie GrandPrairie
Pikachu Pikachu
Vancouver Vancouver
Irvine Irvine
Worcester Worcester
Waco Waco
Akron Akron
NewHaven NewHaven
