Waco MorenoValley Waco SanAntonio Baltimore Tampa SaltLakeCity Rochester Oski Irving SantaClara ChulaVista Peoria Pikachu Thornton FortWayne StPaul Charleston Roseville FortCollins LexingtonFa Springfield Victorville WestValleyCity Denton Gilbert SanBernardino Stamford Cary Clarksville DesMoines Irvine AnnArbor OverlandPark Mesquite Aurora KansasCity Omaha Henderson SterlingHeights OWO AthensClarkeCounty Palmdale Birmingham Lincoln Newark Atlanta Detroit NewYork Richmond SanFrancisco Richmond NewYork Detroit Atlanta Newark Lincoln Birmingham Palmdale AthensClarkeCounty OWO SterlingHeights Henderson Omaha KansasCity Aurora Mesquite OverlandPark AnnArbor Irvine DesMoines Clarksville Cary Stamford SanBernardino Gilbert Denton WestValleyCity Victorville Springfield LexingtonFa FortCollins Roseville Charleston StPaul FortWayne Thornton Pikachu Peoria ChulaVista SantaClara Irving Oski Rochester SaltLakeCity Tampa Baltimore SanAntonio Waco
25
Rochester Rochester
Palmdale Palmdale
Clarksville Clarksville
OWO OWO
Cary Cary
SanAntonio SanAntonio
StPaul StPaul
SanFrancisco SanFrancisco
LexingtonFa LexingtonFa
MorenoValley MorenoValley
AnnArbor AnnArbor
SterlingHeights SterlingHeights
Stamford Stamford
Detroit Detroit
FortWayne FortWayne
Omaha Omaha
FortCollins FortCollins
SaltLakeCity SaltLakeCity
SanBernardino SanBernardino
AthensClarkeCounty AthensClarkeCounty
ChulaVista ChulaVista
Irving Irving
Richmond Richmond
Lincoln Lincoln
Newark Newark
