18 28 35 54 61 67 89 66 96 8 60 97 29 22 75 11 44 98 77 78 81 55 9 99 7 83 53 10 91 17 41 68 32 85 86 12 92 27 31 88 23 58 23 88 31 27 92 12 86 85 32 68 41 17 91 10 53 83 7 99 9 55 81 78 77 98 44 11 75 22 29 97 60 8 96 66 89 67 61 54 35 28 18 19 93 90 79 46 1 6 84 45 65 36 71 82 30 16 4 62 3 2 48 14 95 42 0 50 49 15 57 34 64 39 20 24 37 69 40 73 52 76 13 74 26 72 59 47 94 5 21 56 70 33 51 63 80 38 43 25 87 25 43 38 80 63 51 33 70 56 21 5 94 47 59 72 26 74 13 76 52 73 40 69 37 24 20 39 64 34 57 15 49 50 0 42 95 14 48 2 3 62 4 16 30 82 71 36 65 45 84 6 1 46 79 90 93 19 18
50
0 0
2 2
3 3
4 4
6 6
7 7
9 9
12 12
14 14
16 16
17 17
18 18
20 20
22 22
25 25
28 28
32 32
33 33
36 36
37 37
39 39
41 41
42 42
43 43
45 45
46 46
53 53
57 57
59 59
61 61
62 62
63 63
69 69
71 71
72 72
73 73
75 75
76 76
79 79
80 80
83 83
84 84
85 85
87 87
88 88
90 90
92 92
93 93
95 95
98 98
