0 188 22 93 144 51 176 194 62 69 91 26 145 16 116 149 170 127 29 195 54 173 198 138 178 107 155 128 28 187 40 64 33 76 44 167 43 87 190 21 34 122 184 72 10 41 117 175 156 162 153 124 96 132 185 7 181 140 71 179 102 13 14 104 55 78 52 160 8 37 177 106 59 30 17 5 6 15 75 80 110 18 192 113 73 81 123 171 133 90 83 19 89 47 129 137 11 65 49 57 66 45 199 126 101 197 82 74 38 131 12 120 12 131 38 74 82 197 101 126 199 45 66 57 49 65 11 137 129 47 89 19 83 90 133 171 123 81 73 113 192 18 110 80 75 15 6 5 17 30 59 106 177 37 8 160 52 78 55 104 14 13 102 179 71 140 181 7 185 132 96 124 153 162 156 175 117 41 10 72 184 122 34 21 190 87 43 167 44 76 33 64 40 187 28 128 155 107 178 138 198 173 54 195 29 127 170 149 116 16 145 26 91 69 62 194 176 51 144 93 22 188 0 142 150 63 183 121 85 109 172 134 114 154 94 143 42 159 60 103 161 70 77 115 152 25 191 141 58 193 39 56 118 180 79 4 48 24 31 151 169 67 88 130 9 157 35 3 99 111 112 135 61 165 182 50 125 119 174 53 20 108 166 36 95 92 68 100 147 1 163 146 136 98 2 186 97 27 158 105 23 148 168 139 164 196 32 46 84 86 189 86 84 46 32 196 164 139 168 148 23 105 158 27 97 186 2 98 136 146 163 1 147 100 68 92 95 36 166 108 20 53 174 119 125 50 182 165 61 135 112 111 99 3 35 157 9 130 88 67 169 151 31 24 48 4 79 180 118 56 39 193 58 141 191 25 152 115 77 70 161 103 60 159 42 143 94 154 114 134 172 109 85 121 183 63 150 142 0
100
0 0
1 1
2 2
3 3
4 4
5 5
8 8
9 9
11 11
13 13
14 14
15 15
16 16
17 17
18 18
20 20
21 21
22 22
23 23
24 24
26 26
27 27
28 28
31 31
33 33
35 35
38 38
39 39
42 42
43 43
47 47
50 50
51 51
52 52
56 56
59 59
65 65
66 66
67 67
68 68
69 69
70 70
71 71
72 72
74 74
78 78
80 80
81 81
83 83
84 84
86 86
89 89
93 93
94 94
96 96
98 98
100 100
101 101
102 102
103 103
107 107
111 111
114 114
115 115
116 116
120 120
125 125
128 128
129 129
130 130
133 133
134 134
137 137
138 138
141 141
143 143
146 146
151 151
152 152
153 153
154 154
157 157
158 158
159 159
160 160
164 164
166 166
167 167
172 172
173 173
174 174
177 177
182 182
183 183
184 184
187 187
190 190
193 193
197 197
199 199
