13 87 34 4 27 59 97 83 21 48 95 9 1 8 96 64 58 22 58 64 96 8 1 9 95 48 21 83 97 59 27 4 34 87 13 38 62 23 47 2 82 20 5 89 73 52 10 15 80 75 39 24 98 57 50 71 88 84 61 0 53 66 37 67 25 99 86 76 54 11 17 30 77 31 70 45 3 7 68 6 28 33 43 72 19 92 65 49 55 93 85 40 56 44 35 16 26 51 46 18 42 29 94 63 12 69 79 41 91 81 78 14 36 90 60 74 32 74 60 90 36 14 78 81 91 41 79 69 12 63 94 29 42 18 46 51 26 16 35 44 56 40 85 93 55 49 65 92 19 72 43 33 28 6 68 7 3 45 70 31 77 30 17 11 54 76 86 99 25 67 37 66 53 0 61 84 88 71 50 57 98 24 39 75 80 15 10 52 73 89 5 20 82 2 47 23 62 38 13
50
50 50
51 51
52 52
53 53
54 54
55 55
56 56
57 57
58 58
59 59
60 60
61 61
62 62
63 63
64 64
65 65
66 66
67 67
68 68
69 69
70 70
71 71
72 72
73 73
74 74
75 75
76 76
77 77
78 78
79 79
80 80
81 81
82 82
83 83
84 84
85 85
86 86
87 87
88 88
89 89
90 90
91 91
92 92
93 93
94 94
95 95
96 96
97 97
98 98
99 99
