13 35 51 61 27 85 40 31 132 31 40 85 27 61 51 35 13 32 103 59 144 167 115 20 7 125 78 46 107 143 4 47 58 164 126 62 147 178 117 182 39 84 128 30 22 34 155 177 56 189 24 37 193 160 195 153 150 1 9 11 99 174 45 139 14 120 25 92 145 135 102 28 89 163 175 110 43 81 170 73 136 80 8 171 151 52 159 98 122 64 196 76 50 172 70 169 91 10 148 116 55 104 188 158 19 181 106 119 191 57 67 93 112 179 44 48 69 75 127 109 118 121 108 33 63 165 101 74 41 199 152 198 90 17 54 138 186 190 66 53 77 26 68 96 180 140 36 133 162 156 168 18 16 166 176 187 185 149 23 95 72 79 6 88 12 142 146 124 97 141 113 49 71 123 65 100 134 154 111 137 60 82 173 94 87 129 105 0 161 38 29 197 184 5 21 42 2 15 183 157 192 131 83 86 3 130 114 194 114 130 3 86 83 131 192 157 183 15 2 42 21 5 184 197 29 38 161 0 105 129 87 94 173 82 60 137 111 154 134 100 65 123 71 49 113 141 97 124 146 142 12 88 6 79 72 95 23 149 185 187 176 166 16 18 168 156 162 133 36 140 180 96 68 26 77 53 66 190 186 138 54 17 90 198 152 199 41 74 101 165 63 33 108 121 118 109 127 75 69 48 44 179 112 93 67 57 191 119 106 181 19 158 188 104 55 116 148 10 91 169 70 172 50 76 196 64 122 98 159 52 151 171 8 80 136 73 170 81 43 110 175 163 89 28 102 135 145 92 25 120 14 139 45 174 99 11 9 1 150 153 195 160 193 37 24 189 56 177 155 34 22 30 128 84 39 182 117 178 147 62 126 164 58 47 4 143 107 46 78 125 7 20 115 167 144 59 103 32 13
100
100 100
101 101
102 102
103 103
104 104
105 105
106 106
107 107
108 108
109 109
110 110
111 111
112 112
113 113
114 114
115 115
116 116
117 117
118 118
119 119
120 120
121 121
122 122
123 123
124 124
125 125
126 126
127 127
128 128
129 129
130 130
131 131
132 132
133 133
134 134
135 135
136 136
137 137
138 138
139 139
140 140
141 141
142 142
143 143
144 144
145 145
146 146
147 147
148 148
149 149
150 150
151 151
152 152
153 153
154 154
155 155
156 156
157 157
158 158
159 159
160 160
161 161
162 162
163 163
164 164
165 165
166 166
167 167
168 168
169 169
170 170
171 171
172 172
173 173
174 174
175 175
176 176
177 177
178 178
179 179
180 180
181 181
182 182
183 183
184 184
185 185
186 186
187 187
188 188
189 189
190 190
191 191
192 192
193 193
194 194
195 195
196 196
197 197
198 198
199 199
