vLeODpVlYSBeYNDYoXha uyPyJzKFqWxgSNmpkDrB zxeoSbTqbWPpSzalAtBI MlwlINEFqmyzZNPXRLJF tVzUgXVoBYxBMnkkwFmk ZbyHJLmoTqNpTnlUVJZC AUWwtKSxssKCvZSLDmnh FcEsyaTmqpoyvbDrHjlc LOMgYipCQQXQnRqEqRwO kOaPwvTTqhaYDvjPPZCZ fvYrLpgzqLNOAQbahgax McOZQehrTygkGidmwyMe DWWCMAjZQQIEKOIiHFQN cZgmtoPGHxdozTaDMiyf TwgqMzgExFHTIfcwfBnr AdXveYSBaneNwCQzrdSw ruLqpYqEzGGiKysvsarb ybrQlUhznqOhsvndWAbl NAHeKyyhAObyyUEUSkSU sBkAYRISjTYinLFSNcKW DIYMXZHlgebDcivTxnEV UgFPXEAdAfcfHGIbNTsq vGdJmIpYPUGRspXiVLdc jmyIIpKWZirXrVKTQApa fToHwimUqLsKcKLZHiUX ajvbaFpYiEBJySPsSLaI ROtRYAvFkNWuCvofIroy tdBPevvqdDyzXLJRDRjK ROtRYAvFkNWuCvofIroy ajvbaFpYiEBJySPsSLaI fToHwimUqLsKcKLZHiUX jmyIIpKWZirXrVKTQApa vGdJmIpYPUGRspXiVLdc UgFPXEAdAfcfHGIbNTsq DIYMXZHlgebDcivTxnEV sBkAYRISjTYinLFSNcKW NAHeKyyhAObyyUEUSkSU ybrQlUhznqOhsvndWAbl ruLqpYqEzGGiKysvsarb AdXveYSBaneNwCQzrdSw TwgqMzgExFHTIfcwfBnr cZgmtoPGHxdozTaDMiyf DWWCMAjZQQIEKOIiHFQN McOZQehrTygkGidmwyMe fvYrLpgzqLNOAQbahgax kOaPwvTTqhaYDvjPPZCZ LOMgYipCQQXQnRqEqRwO FcEsyaTmqpoyvbDrHjlc AUWwtKSxssKCvZSLDmnh ZbyHJLmoTqNpTnlUVJZC tVzUgXVoBYxBMnkkwFmk MlwlINEFqmyzZNPXRLJF zxeoSbTqbWPpSzalAtBI uyPyJzKFqWxgSNmpkDrB vLeODpVlYSBeYNDYoXha biqCAetglYuANrTRzMiX DDEuYWXXufMefzDjgEFm CfkBzkPETvagyIDCsLTD oCvaAQKOXXWgeSNnUmae OVoYVQPnlYoZBBKtyuLk TCAkluAESUWAMGFeNcGN FqdjKgdpEanmCnmxJMFA fPxvnMVMFwhJbNBURdgD klkbOWCZrzPBFVDxhNbj gIttwvzcgONwFblnGIqq gMqbbwopmbxmOomqZjfm QkAjrUUuVdzSMnlfJLcO NciLXNPTvMoXdbTDZmlg CmbFyJmcvVqyCmJgQxeI fHcdXnOxSadpKeCUwNYm QtHVsvuuzmkuXUdZioTD pXmHARurXTsCnWboCjaq fvEcAuRDdfuHEPLNpaTz sXfgLMwoysnMazVSWnhc sdSgCnaZeeOuPKljZOSr EWpsBSEfAOWAjikCpvhc WWpSpmTaSazKGIcNlBvp CPszTohYUHARNedzFlDK pdXCnKagnvEntNTuPHdK dyUDfEGgAoSshTRjMZZg NVEtShKeuxpaFIOiyVqE JfHUEGGyknWmebdthZai ItiulbAQreurnwMWmwRh OEhWenjEjDvDhqLdwAzO gEufXNuuWhnlbNYaoQFJ gzxzakmqbxbsOczuQVLG UAwuKFcUHFyvaFCTLpOT BXzACdzjLITNgbmDPlEu aCucdhmWbhlrgfstQigR ZjjqpiSiaWnmxJgUtucv aWvnTxwRCeZSoCnPnhDt LeLGVrNGvkwLbzIWTNFP ASXwCgVTXDdhSXJwFovC FEqXJcVrZfnSsHEUPhnl xQaDpDGAXhDYzSMnMWvb WCCOEUYmDvzZlrkDAqoi LGqbVTsFMANIedVHAALW SouQfuEdAivolPXFbygH VhDSPHxolLkNxxDnpUyx PLDOWRIeaCSVLMyDadzC PSVkjNlrWHpVSTVIEkGG WmmYcOLuPvixLDMigGIN YJpjmpLOeONNJgdsCXHN KuGXgytUHIMvMchrWVDH KgnBXuaAkdTHYMUVRKMG opfillIPVxFwJIRNqfaE TqyFrXuGvuBuqnpYbjKc DqUxIMslnixWfmkjQTmS wRjMmrpRuknxqunJrMAE iBjjCWwkYToOKfrrLnny cvlwIwajcIlbhZbyFgmq qbmGewAditsWkTFHdxjP QQSjCkgLAWAPObYQvNsB RjKEHTlRvtaVBbyqZVAw ubTtmhAXQixwuFvQluYa NPjWZVvyqcHbasicDYsb GxrEoHXMBzeVrqrFWodR jwIBHKkXHTPVsOJwBOsr dUuCaZRHIdJDLyYUGlqh mevvwcZLudaokctOWvKe iBYHAWUhqeQPjphQzpdN jzQJaGLLiuQLhhyqBagr iDucfyZGMCbCQbXjbQqM mlipOrSnGcxXtoXBbRyl eVBhhyuVQiKMhUhQgbwJ QVieqcaFouOCsTOizGRp roXWhohcchFOVGpaRiPd QVieqcaFouOCsTOizGRp eVBhhyuVQiKMhUhQgbwJ mlipOrSnGcxXtoXBbRyl iDucfyZGMCbCQbXjbQqM jzQJaGLLiuQLhhyqBagr iBYHAWUhqeQPjphQzpdN mevvwcZLudaokctOWvKe dUuCaZRHIdJDLyYUGlqh jwIBHKkXHTPVsOJwBOsr GxrEoHXMBzeVrqrFWodR NPjWZVvyqcHbasicDYsb ubTtmhAXQixwuFvQluYa RjKEHTlRvtaVBbyqZVAw QQSjCkgLAWAPObYQvNsB qbmGewAditsWkTFHdxjP cvlwIwajcIlbhZbyFgmq iBjjCWwkYToOKfrrLnny wRjMmrpRuknxqunJrMAE DqUxIMslnixWfmkjQTmS TqyFrXuGvuBuqnpYbjKc opfillIPVxFwJIRNqfaE KgnBXuaAkdTHYMUVRKMG KuGXgytUHIMvMchrWVDH YJpjmpLOeONNJgdsCXHN WmmYcOLuPvixLDMigGIN PSVkjNlrWHpVSTVIEkGG PLDOWRIeaCSVLMyDadzC VhDSPHxolLkNxxDnpUyx SouQfuEdAivolPXFbygH LGqbVTsFMANIedVHAALW WCCOEUYmDvzZlrkDAqoi xQaDpDGAXhDYzSMnMWvb FEqXJcVrZfnSsHEUPhnl ASXwCgVTXDdhSXJwFovC LeLGVrNGvkwLbzIWTNFP aWvnTxwRCeZSoCnPnhDt ZjjqpiSiaWnmxJgUtucv aCucdhmWbhlrgfstQigR BXzACdzjLITNgbmDPlEu UAwuKFcUHFyvaFCTLpOT gzxzakmqbxbsOczuQVLG gEufXNuuWhnlbNYaoQFJ OEhWenjEjDvDhqLdwAzO ItiulbAQreurnwMWmwRh JfHUEGGyknWmebdthZai NVEtShKeuxpaFIOiyVqE dyUDfEGgAoSshTRjMZZg pdXCnKagnvEntNTuPHdK CPszTohYUHARNedzFlDK WWpSpmTaSazKGIcNlBvp EWpsBSEfAOWAjikCpvhc sdSgCnaZeeOuPKljZOSr sXfgLMwoysnMazVSWnhc fvEcAuRDdfuHEPLNpaTz pXmHARurXTsCnWboCjaq QtHVsvuuzmkuXUdZioTD fHcdXnOxSadpKeCUwNYm CmbFyJmcvVqyCmJgQxeI NciLXNPTvMoXdbTDZmlg QkAjrUUuVdzSMnlfJLcO gMqbbwopmbxmOomqZjfm gIttwvzcgONwFblnGIqq klkbOWCZrzPBFVDxhNbj fPxvnMVMFwhJbNBURdgD FqdjKgdpEanmCnmxJMFA TCAkluAESUWAMGFeNcGN OVoYVQPnlYoZBBKtyuLk oCvaAQKOXXWgeSNnUmae CfkBzkPETvagyIDCsLTD DDEuYWXXufMefzDjgEFm biqCAetglYuANrTRzMiX vLeODpVlYSBeYNDYoXha
50
fPxvnMVMFwhJbNBURdgD fPxvnMVMFwhJbNBURdgD
TwgqMzgExFHTIfcwfBnr TwgqMzgExFHTIfcwfBnr
cvlwIwajcIlbhZbyFgmq cvlwIwajcIlbhZbyFgmq
tVzUgXVoBYxBMnkkwFmk tVzUgXVoBYxBMnkkwFmk
sBkAYRISjTYinLFSNcKW sBkAYRISjTYinLFSNcKW
DWWCMAjZQQIEKOIiHFQN DWWCMAjZQQIEKOIiHFQN
fToHwimUqLsKcKLZHiUX fToHwimUqLsKcKLZHiUX
ASXwCgVTXDdhSXJwFovC ASXwCgVTXDdhSXJwFovC
VhDSPHxolLkNxxDnpUyx VhDSPHxolLkNxxDnpUyx
gzxzakmqbxbsOczuQVLG gzxzakmqbxbsOczuQVLG
AdXveYSBaneNwCQzrdSw AdXveYSBaneNwCQzrdSw
DqUxIMslnixWfmkjQTmS DqUxIMslnixWfmkjQTmS
aCucdhmWbhlrgfstQigR aCucdhmWbhlrgfstQigR
WCCOEUYmDvzZlrkDAqoi WCCOEUYmDvzZlrkDAqoi
jzQJaGLLiuQLhhyqBagr jzQJaGLLiuQLhhyqBagr
uyPyJzKFqWxgSNmpkDrB uyPyJzKFqWxgSNmpkDrB
MlwlINEFqmyzZNPXRLJF MlwlINEFqmyzZNPXRLJF
fvEcAuRDdfuHEPLNpaTz fvEcAuRDdfuHEPLNpaTz
iBYHAWUhqeQPjphQzpdN iBYHAWUhqeQPjphQzpdN
UgFPXEAdAfcfHGIbNTsq UgFPXEAdAfcfHGIbNTsq
iBjjCWwkYToOKfrrLnny iBjjCWwkYToOKfrrLnny
gMqbbwopmbxmOomqZjfm gMqbbwopmbxmOomqZjfm
PLDOWRIeaCSVLMyDadzC PLDOWRIeaCSVLMyDadzC
gEufXNuuWhnlbNYaoQFJ gEufXNuuWhnlbNYaoQFJ
NVEtShKeuxpaFIOiyVqE NVEtShKeuxpaFIOiyVqE
sXfgLMwoysnMazVSWnhc sXfgLMwoysnMazVSWnhc
iDucfyZGMCbCQbXjbQqM iDucfyZGMCbCQbXjbQqM
pdXCnKagnvEntNTuPHdK pdXCnKagnvEntNTuPHdK
NAHeKyyhAObyyUEUSkSU NAHeKyyhAObyyUEUSkSU
OVoYVQPnlYoZBBKtyuLk OVoYVQPnlYoZBBKtyuLk
gIttwvzcgONwFblnGIqq gIttwvzcgONwFblnGIqq
xQaDpDGAXhDYzSMnMWvb xQaDpDGAXhDYzSMnMWvb
jwIBHKkXHTPVsOJwBOsr jwIBHKkXHTPVsOJwBOsr
mlipOrSnGcxXtoXBbRyl mlipOrSnGcxXtoXBbRyl
RjKEHTlRvtaVBbyqZVAw RjKEHTlRvtaVBbyqZVAw
dyUDfEGgAoSshTRjMZZg dyUDfEGgAoSshTRjMZZg
CmbFyJmcvVqyCmJgQxeI CmbFyJmcvVqyCmJgQxeI
ruLqpYqEzGGiKysvsarb ruLqpYqEzGGiKysvsarb
cZgmtoPGHxdozTaDMiyf cZgmtoPGHxdozTaDMiyf
BXzACdzjLITNgbmDPlEu BXzACdzjLITNgbmDPlEu
TqyFrXuGvuBuqnpYbjKc TqyFrXuGvuBuqnpYbjKc
CfkBzkPETvagyIDCsLTD CfkBzkPETvagyIDCsLTD
fHcdXnOxSadpKeCUwNYm fHcdXnOxSadpKeCUwNYm
ybrQlUhznqOhsvndWAbl ybrQlUhznqOhsvndWAbl
zxeoSbTqbWPpSzalAtBI zxeoSbTqbWPpSzalAtBI
QkAjrUUuVdzSMnlfJLcO QkAjrUUuVdzSMnlfJLcO
FcEsyaTmqpoyvbDrHjlc FcEsyaTmqpoyvbDrHjlc
NciLXNPTvMoXdbTDZmlg NciLXNPTvMoXdbTDZmlg
QQSjCkgLAWAPObYQvNsB QQSjCkgLAWAPObYQvNsB
CPszTohYUHARNedzFlDK CPszTohYUHARNedzFlDK
