wNqlpYNsRbJEgiGpKxrU lbWonvEbeplndKguSTkk lIpVoDPUIfHCPpjswogJ twwHXGyTBfZUDOGVnCzA SSDgxHQpSFRnlnnrMJNI CWozbDsqFUhTlbxWhCmh cMYyKTXGNKnFzrpwnXUl vTbNxpVTEoFlSjvvVvfG jeqqhISPyRIhGBNohHEu NJZlnWyeJFrkOwoqHKtT fdXjIQYLVfwAMSuwOnYK zXRivKrJPjQVqVwiULGz PZwTcKCPsEmpxetNZvef QPuWhldwxyxWvfAFawIx eOfnBeTgmYCNEnRUhlEK PhabkDCjZJPBFcmNmRgd qhuHndnkQDFTOWOyauPU igyeOiSdezmmXGTwMzLw KcrnMnFDTrBKaUaGpdLY fpoTaBKmVdlDCxFwCFoz FWnudSYFvYQJHehOpEKf ktVPibAaeaNHuNYSLNYb DZEpVGVXkxHljziwItaS CKkuZMjVWmdsjZfwhBYH zNRhhVdMWUgTnnqmAfeY cwgJAHVpCCTmuckJkncL NzCxhJJjJcEygziivInx JVONrXhhmtFWhFfDiOXW VIPPawblKbhOVWrmrWBx zKnLSwRxFjUTCiXefWdG lDkJjVrhTHajmAwuwAQm NIJaJxCurulNUdZZMxFk NYdfLxXxFVvLEbDKzXWn LfOunWzwbbNRVLKSGfNS GgcKFGLsvBOskeWiAUHx UbXJPGdXWEZlkrHjZKDr nreoVgWrBhNXFZgTBlXO QjbdwbUnopENkiNyqirZ qoaNjvaRghiMQXaVEoQe syonLisTOSczosCwoILE CvZkdIYtdeDHtwufupie UIlSMnVKIdNiXZNSiHsI fgzJCwocQniGlXAZHJId vIbIQYXZnmYrooTLYNtu IamFpWICdyBhLFRVaylm oKHxHZxgXgKSVZAEEVVZ yRQdlZBUBAPypebnrlAH DpztIuGTRpGuLsdlODJw QyXpliHSeQOPIsurIcpa ANDviqMIuFwdcboQDprt pGEDfjoOOYfHsrRVgAyF gqsFUfkkQrlyYYdSXwmt JMMbTzkqohdHHmvXLiRY hFbQwEucdFQTgOahOxcg jUSlIFtitQxyvVLJjiCc IvXQutSorlqOgnSVAIUd bpXmaPnrsPsgtmuUpaLG cVMmKLyunrtKjZbHRVAg tVxSUasqeXmMiMlEIdTM rlhNoKeiidsZhBEuQAJw pfMSqTzbsucqewxTADAG kpQFMMykSbYOVlbRVUsp QePOUWiXcAUCoHETxuGS wfEFdNDcColoskjTjcLm jwcUBYKIcRlUlpQdHDpU bFmSeBrfNuxjYPUDCLYq szyiMlKhtyOynWjcoMsm HeWrJOKsDjgdrcamgZLN uUKZHvHmBrpBHjYWNaUL MBJqOYmxhUYbldNVEdRy EEeDJaHeajXXlwYcHTeJ efZntVbfQTvIUOiRNPSH shugRMnaHVqQSmKaNBgu yYaxxtTIkvUeyUpwOvuY sNqoVKqgazRvmrelPhAK nUmoFIaaFFgVBHrhOTam YZdWAQcvSeNhUzVcgZrb cEIaAeLZCjOmtToPZoOl UyqqHOBdNdTWOKriHQVt lTWClcCXtRKGvKTcMnqR WMWBpOSnHGywZjCgaYyY XtZHoAxqEyzvMChzPHpN CbGuHgZfQMmSOfHDFJnK YqGgARSpVWADxTcGoaBG XPPBMlNyfVVeZGIzTCEW gDYKDrbERUXTnCayjBrC fosrykBjHtdvgWTEWXFR XxSQqGVyrNGAFhTsSOUz fosrykBjHtdvgWTEWXFR gDYKDrbERUXTnCayjBrC XPPBMlNyfVVeZGIzTCEW YqGgARSpVWADxTcGoaBG CbGuHgZfQMmSOfHDFJnK XtZHoAxqEyzvMChzPHpN WMWBpOSnHGywZjCgaYyY lTWClcCXtRKGvKTcMnqR UyqqHOBdNdTWOKriHQVt cEIaAeLZCjOmtToPZoOl YZdWAQcvSeNhUzVcgZrb nUmoFIaaFFgVBHrhOTam sNqoVKqgazRvmrelPhAK yYaxxtTIkvUeyUpwOvuY shugRMnaHVqQSmKaNBgu efZntVbfQTvIUOiRNPSH EEeDJaHeajXXlwYcHTeJ MBJqOYmxhUYbldNVEdRy uUKZHvHmBrpBHjYWNaUL HeWrJOKsDjgdrcamgZLN szyiMlKhtyOynWjcoMsm bFmSeBrfNuxjYPUDCLYq jwcUBYKIcRlUlpQdHDpU wfEFdNDcColoskjTjcLm QePOUWiXcAUCoHETxuGS kpQFMMykSbYOVlbRVUsp pfMSqTzbsucqewxTADAG rlhNoKeiidsZhBEuQAJw tVxSUasqeXmMiMlEIdTM cVMmKLyunrtKjZbHRVAg bpXmaPnrsPsgtmuUpaLG IvXQutSorlqOgnSVAIUd jUSlIFtitQxyvVLJjiCc hFbQwEucdFQTgOahOxcg JMMbTzkqohdHHmvXLiRY gqsFUfkkQrlyYYdSXwmt pGEDfjoOOYfHsrRVgAyF ANDviqMIuFwdcboQDprt QyXpliHSeQOPIsurIcpa DpztIuGTRpGuLsdlODJw yRQdlZBUBAPypebnrlAH oKHxHZxgXgKSVZAEEVVZ IamFpWICdyBhLFRVaylm vIbIQYXZnmYrooTLYNtu fgzJCwocQniGlXAZHJId UIlSMnVKIdNiXZNSiHsI CvZkdIYtdeDHtwufupie syonLisTOSczosCwoILE qoaNjvaRghiMQXaVEoQe QjbdwbUnopENkiNyqirZ nreoVgWrBhNXFZgTBlXO UbXJPGdXWEZlkrHjZKDr GgcKFGLsvBOskeWiAUHx LfOunWzwbbNRVLKSGfNS NYdfLxXxFVvLEbDKzXWn NIJaJxCurulNUdZZMxFk lDkJjVrhTHajmAwuwAQm zKnLSwRxFjUTCiXefWdG VIPPawblKbhOVWrmrWBx JVONrXhhmtFWhFfDiOXW NzCxhJJjJcEygziivInx cwgJAHVpCCTmuckJkncL zNRhhVdMWUgTnnqmAfeY CKkuZMjVWmdsjZfwhBYH DZEpVGVXkxHljziwItaS ktVPibAaeaNHuNYSLNYb FWnudSYFvYQJHehOpEKf fpoTaBKmVdlDCxFwCFoz KcrnMnFDTrBKaUaGpdLY igyeOiSdezmmXGTwMzLw qhuHndnkQDFTOWOyauPU PhabkDCjZJPBFcmNmRgd eOfnBeTgmYCNEnRUhlEK QPuWhldwxyxWvfAFawIx PZwTcKCPsEmpxetNZvef zXRivKrJPjQVqVwiULGz fdXjIQYLVfwAMSuwOnYK NJZlnWyeJFrkOwoqHKtT jeqqhISPyRIhGBNohHEu vTbNxpVTEoFlSjvvVvfG cMYyKTXGNKnFzrpwnXUl CWozbDsqFUhTlbxWhCmh SSDgxHQpSFRnlnnrMJNI twwHXGyTBfZUDOGVnCzA lIpVoDPUIfHCPpjswogJ lbWonvEbeplndKguSTkk wNqlpYNsRbJEgiGpKxrU cmmlyhRSZpCVODfRPvaA GOKcLUIfVCLsdfLjyASo oXlmLEmXExpzARmsoCMJ jJoPwgjECBISoLymscXc oSMuZCNCihNcfhhLdNwi zeKxCuARLrHNxuGSyNEL wlySPverjehsBxldyigf edlAtPQdNXJQPCIzpkyX xgBrJmdXVwtxgRuCBhMe EmbDgEECbkHbfAfHCgwB ihxEqMQIIvyQmtrtMjeO BehmjzdYTywULyIVhjzE ZdUattHRgRoTtzHWkNMQ pzrGQEObzJGPnfATEYDc hLaNXBYgTzgUhvjmqUTu UdSbtwxTqTJxOiUoxEqw zHPSSEtFTQIbLYMdHqgP UOwONVGkKwtTLGkUNCyS aGPbLNWYAMujnfHCTCMo YTwycpmzEWCqqTELtzXc ctcTzPUVbQQoQGGIDEim TQWxJiphrDoDBmrOTqOv JvFxbsySBAiFiOUrzrBi wuSVWJYvpiWaQAHXocSG umZXKcxkweEplHZdotgU oLMkSrYLQRLHmPiuLCTC pMOSpTzPTPLXHLOQMjnt XcUwFUKnekNHEYjdJvBF ZPoNdUlRoUJTJoDjXdBX flqILnAtFsDqLctdZjpz TEPaiCedHTXapLxoBXMp oHoxoLeyDYnKZDzgMtxI clwzkzJtguIMBwKiZUKh ccdJRKiTXwIErdhSIxfh eiLPqIroFfCGzqSAlzAp svUOWvTJLneAqJGnExpc oZXYedlbtBLmkfoVmgta joWAhkfNqIEECnBeulGl ufTLUXAgpKeoVkZOroDY QLULTvtlfumxlpAQZckT MmEgtZVGhqqZwyDlSqRm qRSIeHFYBHHihKAqJnzR jznspKyqlmxZtgfQUJVB kqcEdfKLaRzxOhAIzchh msuaKihWIEeUaCCcyjIZ eobSFtKBbBdcVrTOREdK qfRRtdRbhYJBARMfPlZM HAIYkMkIfhypoRlxuZoB ZwvojvRdUOYNJXIwAqgC ooYCPKWFEiMynFEjmadw DVHSRJyZabZWqswQwHAq AfGHqqEOTpEEwBIQBEiS NjdqbLVqGQWIXWnBFpZZ oKAKfpUUuLItChLyByFh SitzoubgYFeTjmkLjVPz IBsTZegidEetQKMLVasu zQeQNTelEAJnDKvaviwm NPSPGRTNRcKKVpsBRSwh qDLPWLkWayzdxIYSKLER NtyLZDOaSczVvOGdocUp WoTuprXYItmuBoyNwAcV RlHeRhvUOhGhZVGGJuED SiOEBWtHUiopSvDVOkjb ZauPfhkpsGmhbvkhkltR FaWIqatYRYVcXfVhAFRN cinQsEbBpQAHgGdjBxaK eCmBhjNaxZKHJotIYVMo scpUkbcaYSAsHhSktebT FYfGkhtzhjqJHqxmUsVx kwPuYZgJgVVJfdBGUtPw vPtcoCdDMvVYwOuvanRP lSJjEsqamUCgRZdCmdyI XvUPApTFkqaSSizYsCIr GMxGouyyndiUBMqMdOoc jwjTVkTZQzfvrCAtqcyG mgNeYYUOPKpLeiVEFIXd UKNqBSfFWWuvpVIiGEAr ZXihCBEQBTdisqSlEMsj ayQgUwyRuQVKeyFLPNbQ juzxSpUVuccJUMBOcJjO CjORCCuZldKDLWqSZTsZ JRiiFgtNILayQegpqrXz ICVlDhervfDVjLpSCbOf bEfUXCTlwRBndElSbPGf imEmCMbYEtZJJkwxkSDD gcXUxTVUZWsOwtRNeDDa aIuYyryCOUGVeCAqbqkg TcLSEpnQLlwURcYobXtr erZKLqpCZsYKDnOCaBGq gFUGYXSirCYiFTivWNah TOntbQDzHvMkxiKuanmw xlbpuxAjoVPJWPCWBEkJ ubMKewvRqrviLcycMHcN eCBFrcppbiLzdGQubocl oDgfEuAVpeOlkkTIMDLw iVjkcMenotYGMFEBTvoa ndaHivGVVtIUvLiyUWcm ADVVlRLpnspleRTgeTdu FGiPoAZuhTTxiAlzRDIV NzDQJknJPDEkcwCHzzbF wvSJDoqoPGAkYgSuPFPw QeYNNLpZMBxyiFbZMPFY RQlEqfIvpsUfBSzSkvip EhDFVLWZueLOrdjEOzEQ yscsUFTNNyaVMKBztBdV VRpSthoDcomqMDsGoVql nCedHqGgdWAicwyuYWpg upmtEsSsBTyMWfthJQhZ QjZTuyCpiDhleJoqwClv CMyhrOeiLyytYlFYZldw shaRjZRSPDzVXmetmolj kyApsCeFkLoLFCdkazaE shaRjZRSPDzVXmetmolj CMyhrOeiLyytYlFYZldw QjZTuyCpiDhleJoqwClv upmtEsSsBTyMWfthJQhZ nCedHqGgdWAicwyuYWpg VRpSthoDcomqMDsGoVql yscsUFTNNyaVMKBztBdV EhDFVLWZueLOrdjEOzEQ RQlEqfIvpsUfBSzSkvip QeYNNLpZMBxyiFbZMPFY wvSJDoqoPGAkYgSuPFPw NzDQJknJPDEkcwCHzzbF FGiPoAZuhTTxiAlzRDIV ADVVlRLpnspleRTgeTdu ndaHivGVVtIUvLiyUWcm iVjkcMenotYGMFEBTvoa oDgfEuAVpeOlkkTIMDLw eCBFrcppbiLzdGQubocl ubMKewvRqrviLcycMHcN xlbpuxAjoVPJWPCWBEkJ TOntbQDzHvMkxiKuanmw gFUGYXSirCYiFTivWNah erZKLqpCZsYKDnOCaBGq TcLSEpnQLlwURcYobXtr aIuYyryCOUGVeCAqbqkg gcXUxTVUZWsOwtRNeDDa imEmCMbYEtZJJkwxkSDD bEfUXCTlwRBndElSbPGf ICVlDhervfDVjLpSCbOf JRiiFgtNILayQegpqrXz CjORCCuZldKDLWqSZTsZ juzxSpUVuccJUMBOcJjO ayQgUwyRuQVKeyFLPNbQ ZXihCBEQBTdisqSlEMsj UKNqBSfFWWuvpVIiGEAr mgNeYYUOPKpLeiVEFIXd jwjTVkTZQzfvrCAtqcyG GMxGouyyndiUBMqMdOoc XvUPApTFkqaSSizYsCIr lSJjEsqamUCgRZdCmdyI vPtcoCdDMvVYwOuvanRP kwPuYZgJgVVJfdBGUtPw FYfGkhtzhjqJHqxmUsVx scpUkbcaYSAsHhSktebT eCmBhjNaxZKHJotIYVMo cinQsEbBpQAHgGdjBxaK FaWIqatYRYVcXfVhAFRN ZauPfhkpsGmhbvkhkltR SiOEBWtHUiopSvDVOkjb RlHeRhvUOhGhZVGGJuED WoTuprXYItmuBoyNwAcV NtyLZDOaSczVvOGdocUp qDLPWLkWayzdxIYSKLER NPSPGRTNRcKKVpsBRSwh zQeQNTelEAJnDKvaviwm IBsTZegidEetQKMLVasu SitzoubgYFeTjmkLjVPz oKAKfpUUuLItChLyByFh NjdqbLVqGQWIXWnBFpZZ AfGHqqEOTpEEwBIQBEiS DVHSRJyZabZWqswQwHAq ooYCPKWFEiMynFEjmadw ZwvojvRdUOYNJXIwAqgC HAIYkMkIfhypoRlxuZoB qfRRtdRbhYJBARMfPlZM eobSFtKBbBdcVrTOREdK msuaKihWIEeUaCCcyjIZ kqcEdfKLaRzxOhAIzchh jznspKyqlmxZtgfQUJVB qRSIeHFYBHHihKAqJnzR MmEgtZVGhqqZwyDlSqRm QLULTvtlfumxlpAQZckT ufTLUXAgpKeoVkZOroDY joWAhkfNqIEECnBeulGl oZXYedlbtBLmkfoVmgta svUOWvTJLneAqJGnExpc eiLPqIroFfCGzqSAlzAp ccdJRKiTXwIErdhSIxfh clwzkzJtguIMBwKiZUKh oHoxoLeyDYnKZDzgMtxI TEPaiCedHTXapLxoBXMp flqILnAtFsDqLctdZjpz ZPoNdUlRoUJTJoDjXdBX XcUwFUKnekNHEYjdJvBF pMOSpTzPTPLXHLOQMjnt oLMkSrYLQRLHmPiuLCTC umZXKcxkweEplHZdotgU wuSVWJYvpiWaQAHXocSG JvFxbsySBAiFiOUrzrBi TQWxJiphrDoDBmrOTqOv ctcTzPUVbQQoQGGIDEim YTwycpmzEWCqqTELtzXc aGPbLNWYAMujnfHCTCMo UOwONVGkKwtTLGkUNCyS zHPSSEtFTQIbLYMdHqgP UdSbtwxTqTJxOiUoxEqw hLaNXBYgTzgUhvjmqUTu pzrGQEObzJGPnfATEYDc ZdUattHRgRoTtzHWkNMQ BehmjzdYTywULyIVhjzE ihxEqMQIIvyQmtrtMjeO EmbDgEECbkHbfAfHCgwB xgBrJmdXVwtxgRuCBhMe edlAtPQdNXJQPCIzpkyX wlySPverjehsBxldyigf zeKxCuARLrHNxuGSyNEL oSMuZCNCihNcfhhLdNwi jJoPwgjECBISoLymscXc oXlmLEmXExpzARmsoCMJ GOKcLUIfVCLsdfLjyASo cmmlyhRSZpCVODfRPvaA wNqlpYNsRbJEgiGpKxrU
100
svUOWvTJLneAqJGnExpc svUOWvTJLneAqJGnExpc
cwgJAHVpCCTmuckJkncL cwgJAHVpCCTmuckJkncL
DZEpVGVXkxHljziwItaS DZEpVGVXkxHljziwItaS
NtyLZDOaSczVvOGdocUp NtyLZDOaSczVvOGdocUp
vIbIQYXZnmYrooTLYNtu vIbIQYXZnmYrooTLYNtu
yscsUFTNNyaVMKBztBdV yscsUFTNNyaVMKBztBdV
syonLisTOSczosCwoILE syonLisTOSczosCwoILE
ihxEqMQIIvyQmtrtMjeO ihxEqMQIIvyQmtrtMjeO
ADVVlRLpnspleRTgeTdu ADVVlRLpnspleRTgeTdu
bFmSeBrfNuxjYPUDCLYq bFmSeBrfNuxjYPUDCLYq
NzDQJknJPDEkcwCHzzbF NzDQJknJPDEkcwCHzzbF
ZauPfhkpsGmhbvkhkltR ZauPfhkpsGmhbvkhkltR
DpztIuGTRpGuLsdlODJw DpztIuGTRpGuLsdlODJw
scpUkbcaYSAsHhSktebT scpUkbcaYSAsHhSktebT
ZwvojvRdUOYNJXIwAqgC ZwvojvRdUOYNJXIwAqgC
EmbDgEECbkHbfAfHCgwB EmbDgEECbkHbfAfHCgwB
FWnudSYFvYQJHehOpEKf FWnudSYFvYQJHehOpEKf
QeYNNLpZMBxyiFbZMPFY QeYNNLpZMBxyiFbZMPFY
juzxSpUVuccJUMBOcJjO juzxSpUVuccJUMBOcJjO
eobSFtKBbBdcVrTOREdK eobSFtKBbBdcVrTOREdK
wuSVWJYvpiWaQAHXocSG wuSVWJYvpiWaQAHXocSG
zNRhhVdMWUgTnnqmAfeY zNRhhVdMWUgTnnqmAfeY
EEeDJaHeajXXlwYcHTeJ EEeDJaHeajXXlwYcHTeJ
oKAKfpUUuLItChLyByFh oKAKfpUUuLItChLyByFh
efZntVbfQTvIUOiRNPSH efZntVbfQTvIUOiRNPSH
igyeOiSdezmmXGTwMzLw igyeOiSdezmmXGTwMzLw
xgBrJmdXVwtxgRuCBhMe xgBrJmdXVwtxgRuCBhMe
XPPBMlNyfVVeZGIzTCEW XPPBMlNyfVVeZGIzTCEW
YTwycpmzEWCqqTELtzXc YTwycpmzEWCqqTELtzXc
MBJqOYmxhUYbldNVEdRy MBJqOYmxhUYbldNVEdRy
NJZlnWyeJFrkOwoqHKtT NJZlnWyeJFrkOwoqHKtT
QyXpliHSeQOPIsurIcpa QyXpliHSeQOPIsurIcpa
pzrGQEObzJGPnfATEYDc pzrGQEObzJGPnfATEYDc
ayQgUwyRuQVKeyFLPNbQ ayQgUwyRuQVKeyFLPNbQ
bEfUXCTlwRBndElSbPGf bEfUXCTlwRBndElSbPGf
XvUPApTFkqaSSizYsCIr XvUPApTFkqaSSizYsCIr
wlySPverjehsBxldyigf wlySPverjehsBxldyigf
CbGuHgZfQMmSOfHDFJnK CbGuHgZfQMmSOfHDFJnK
edlAtPQdNXJQPCIzpkyX edlAtPQdNXJQPCIzpkyX
gcXUxTVUZWsOwtRNeDDa gcXUxTVUZWsOwtRNeDDa
EhDFVLWZueLOrdjEOzEQ EhDFVLWZueLOrdjEOzEQ
KcrnMnFDTrBKaUaGpdLY KcrnMnFDTrBKaUaGpdLY
nreoVgWrBhNXFZgTBlXO nreoVgWrBhNXFZgTBlXO
mgNeYYUOPKpLeiVEFIXd mgNeYYUOPKpLeiVEFIXd
kqcEdfKLaRzxOhAIzchh kqcEdfKLaRzxOhAIzchh
SitzoubgYFeTjmkLjVPz SitzoubgYFeTjmkLjVPz
IvXQutSorlqOgnSVAIUd IvXQutSorlqOgnSVAIUd
oHoxoLeyDYnKZDzgMtxI oHoxoLeyDYnKZDzgMtxI
CvZkdIYtdeDHtwufupie CvZkdIYtdeDHtwufupie
cMYyKTXGNKnFzrpwnXUl cMYyKTXGNKnFzrpwnXUl
kwPuYZgJgVVJfdBGUtPw kwPuYZgJgVVJfdBGUtPw
JvFxbsySBAiFiOUrzrBi JvFxbsySBAiFiOUrzrBi
erZKLqpCZsYKDnOCaBGq erZKLqpCZsYKDnOCaBGq
GMxGouyyndiUBMqMdOoc GMxGouyyndiUBMqMdOoc
NPSPGRTNRcKKVpsBRSwh NPSPGRTNRcKKVpsBRSwh
QePOUWiXcAUCoHETxuGS QePOUWiXcAUCoHETxuGS
ANDviqMIuFwdcboQDprt ANDviqMIuFwdcboQDprt
HeWrJOKsDjgdrcamgZLN HeWrJOKsDjgdrcamgZLN
UIlSMnVKIdNiXZNSiHsI UIlSMnVKIdNiXZNSiHsI
eOfnBeTgmYCNEnRUhlEK eOfnBeTgmYCNEnRUhlEK
qfRRtdRbhYJBARMfPlZM qfRRtdRbhYJBARMfPlZM
imEmCMbYEtZJJkwxkSDD imEmCMbYEtZJJkwxkSDD
xlbpuxAjoVPJWPCWBEkJ xlbpuxAjoVPJWPCWBEkJ
aIuYyryCOUGVeCAqbqkg aIuYyryCOUGVeCAqbqkg
TEPaiCedHTXapLxoBXMp TEPaiCedHTXapLxoBXMp
fgzJCwocQniGlXAZHJId fgzJCwocQniGlXAZHJId
szyiMlKhtyOynWjcoMsm szyiMlKhtyOynWjcoMsm
ccdJRKiTXwIErdhSIxfh ccdJRKiTXwIErdhSIxfh
aGPbLNWYAMujnfHCTCMo aGPbLNWYAMujnfHCTCMo
pMOSpTzPTPLXHLOQMjnt pMOSpTzPTPLXHLOQMjnt
wvSJDoqoPGAkYgSuPFPw wvSJDoqoPGAkYgSuPFPw
jznspKyqlmxZtgfQUJVB jznspKyqlmxZtgfQUJVB
wfEFdNDcColoskjTjcLm wfEFdNDcColoskjTjcLm
jUSlIFtitQxyvVLJjiCc jUSlIFtitQxyvVLJjiCc
oLMkSrYLQRLHmPiuLCTC oLMkSrYLQRLHmPiuLCTC
zHPSSEtFTQIbLYMdHqgP zHPSSEtFTQIbLYMdHqgP
NIJaJxCurulNUdZZMxFk NIJaJxCurulNUdZZMxFk
gDYKDrbERUXTnCayjBrC gDYKDrbERUXTnCayjBrC
hLaNXBYgTzgUhvjmqUTu hLaNXBYgTzgUhvjmqUTu
kyApsCeFkLoLFCdkazaE kyApsCeFkLoLFCdkazaE
PZwTcKCPsEmpxetNZvef PZwTcKCPsEmpxetNZvef
shugRMnaHVqQSmKaNBgu shugRMnaHVqQSmKaNBgu
NYdfLxXxFVvLEbDKzXWn NYdfLxXxFVvLEbDKzXWn
UdSbtwxTqTJxOiUoxEqw UdSbtwxTqTJxOiUoxEqw
JVONrXhhmtFWhFfDiOXW JVONrXhhmtFWhFfDiOXW
VIPPawblKbhOVWrmrWBx VIPPawblKbhOVWrmrWBx
XtZHoAxqEyzvMChzPHpN XtZHoAxqEyzvMChzPHpN
nCedHqGgdWAicwyuYWpg nCedHqGgdWAicwyuYWpg
lSJjEsqamUCgRZdCmdyI lSJjEsqamUCgRZdCmdyI
VRpSthoDcomqMDsGoVql VRpSthoDcomqMDsGoVql
lbWonvEbeplndKguSTkk lbWonvEbeplndKguSTkk
oZXYedlbtBLmkfoVmgta oZXYedlbtBLmkfoVmgta
RlHeRhvUOhGhZVGGJuED RlHeRhvUOhGhZVGGJuED
QjbdwbUnopENkiNyqirZ QjbdwbUnopENkiNyqirZ
fpoTaBKmVdlDCxFwCFoz fpoTaBKmVdlDCxFwCFoz
joWAhkfNqIEECnBeulGl joWAhkfNqIEECnBeulGl
vTbNxpVTEoFlSjvvVvfG vTbNxpVTEoFlSjvvVvfG
ZXihCBEQBTdisqSlEMsj ZXihCBEQBTdisqSlEMsj
WMWBpOSnHGywZjCgaYyY WMWBpOSnHGywZjCgaYyY
eiLPqIroFfCGzqSAlzAp eiLPqIroFfCGzqSAlzAp
