oUyBZvEHNPOWtAsHANHU IYjdyvMygNfTgzjFTcfG fPXgzHQRqrJCbZvFpygp MeohNnftDTzllMTGwxnG fPXgzHQRqrJCbZvFpygp IYjdyvMygNfTgzjFTcfG oUyBZvEHNPOWtAsHANHU eWGFHgdBASXJbxQbYrCG hNRcEeFjmsmOnuOdNAXl YIofCjSpfjMZYcwDVdpu HtdxiYFdkhPmCThfcVBH czawxGJYqFyCCNgFpXIE JOfLtcwEfpBInGeFAaVV OWCblOtQanZakRLMqMxz oadpJVnrFLgMcAQvCfrz UgaWwXBplvlUJzfeuZdN sGIeLbvtYhGSzuuZRtFk oMKDNkBacLxexXKHqXfF UcwddMmmNJxPoUiuiyvm VVzvLIOwARaWwhQTKPrx eqwycKZriorIAbsUBjxu tItiZloipgPmLuONrNnZ cAvnOxZJtanpVvcAxJHM vUAlnOQiiNflifusqsxz LemOEIyAWGqzIWrhGjyu CXrruomvXfADUrHxMwZi ikjgYLaZRolSrbIYyKBd JOFEBwAKkbqhkHCsIrdY WNtREfXrntZpJjBWrnBQ CCYBPFZgoOONzoEeTKzC JKNUHFrXPStBWMuUOVkj eWVKeYegIFOJxvfRkjek QFaSXENOfunmdZIBqDsS UMfDYlvFlUVuogMRkWNG lPMfQyVLDIZczBuDgsVQ DsLevMWgWFWOQXFMbaQy znYRMYifzQwyixuIXDnz IuNNJvHSmYKpVBzmzuJX fDAbzsYfiXDxOIsITcQl NVPacTSrBMpDkMBotiWB oapKxjojTZCDGhnDJTlT rqqedkokePZFdhDbMNpX IUJDEWwYxhQimsCqnrFH rcDqGMTBfohDvuDnEqbr gUlgGYCPZjsRiFLqnVun JGmrlhNqKarRJZMikIzR RoJsXhmBaCWhexsUOZgS QMnEKXGwZYUlreveNjwA XZRBuctXhYPbWardFSZS CcspnGXfrmzZRWjdMjLd PojKKQvEDmFOnJinujFi hpQFeVriPZmwKZcYFAWN NBTlGJqSnWahMvuDlXAm hpQFeVriPZmwKZcYFAWN PojKKQvEDmFOnJinujFi CcspnGXfrmzZRWjdMjLd XZRBuctXhYPbWardFSZS QMnEKXGwZYUlreveNjwA RoJsXhmBaCWhexsUOZgS JGmrlhNqKarRJZMikIzR gUlgGYCPZjsRiFLqnVun rcDqGMTBfohDvuDnEqbr IUJDEWwYxhQimsCqnrFH rqqedkokePZFdhDbMNpX oapKxjojTZCDGhnDJTlT NVPacTSrBMpDkMBotiWB fDAbzsYfiXDxOIsITcQl IuNNJvHSmYKpVBzmzuJX znYRMYifzQwyixuIXDnz DsLevMWgWFWOQXFMbaQy lPMfQyVLDIZczBuDgsVQ UMfDYlvFlUVuogMRkWNG QFaSXENOfunmdZIBqDsS eWVKeYegIFOJxvfRkjek JKNUHFrXPStBWMuUOVkj CCYBPFZgoOONzoEeTKzC WNtREfXrntZpJjBWrnBQ JOFEBwAKkbqhkHCsIrdY ikjgYLaZRolSrbIYyKBd CXrruomvXfADUrHxMwZi LemOEIyAWGqzIWrhGjyu vUAlnOQiiNflifusqsxz cAvnOxZJtanpVvcAxJHM tItiZloipgPmLuONrNnZ eqwycKZriorIAbsUBjxu VVzvLIOwARaWwhQTKPrx UcwddMmmNJxPoUiuiyvm oMKDNkBacLxexXKHqXfF sGIeLbvtYhGSzuuZRtFk UgaWwXBplvlUJzfeuZdN oadpJVnrFLgMcAQvCfrz OWCblOtQanZakRLMqMxz JOfLtcwEfpBInGeFAaVV czawxGJYqFyCCNgFpXIE HtdxiYFdkhPmCThfcVBH YIofCjSpfjMZYcwDVdpu hNRcEeFjmsmOnuOdNAXl eWGFHgdBASXJbxQbYrCG oUyBZvEHNPOWtAsHANHU
25
VVzvLIOwARaWwhQTKPrx VVzvLIOwARaWwhQTKPrx
hNRcEeFjmsmOnuOdNAXl hNRcEeFjmsmOnuOdNAXl
JKNUHFrXPStBWMuUOVkj JKNUHFrXPStBWMuUOVkj
MeohNnftDTzllMTGwxnG MeohNnftDTzllMTGwxnG
lPMfQyVLDIZczBuDgsVQ lPMfQyVLDIZczBuDgsVQ
IUJDEWwYxhQimsCqnrFH IUJDEWwYxhQimsCqnrFH
eWGFHgdBASXJbxQbYrCG eWGFHgdBASXJbxQbYrCG
NVPacTSrBMpDkMBotiWB NVPacTSrBMpDkMBotiWB
znYRMYifzQwyixuIXDnz znYRMYifzQwyixuIXDnz
NBTlGJqSnWahMvuDlXAm NBTlGJqSnWahMvuDlXAm
cAvnOxZJtanpVvcAxJHM cAvnOxZJtanpVvcAxJHM
CcspnGXfrmzZRWjdMjLd CcspnGXfrmzZRWjdMjLd
oMKDNkBacLxexXKHqXfF oMKDNkBacLxexXKHqXfF
IuNNJvHSmYKpVBzmzuJX IuNNJvHSmYKpVBzmzuJX
eWVKeYegIFOJxvfRkjek eWVKeYegIFOJxvfRkjek
QMnEKXGwZYUlreveNjwA QMnEKXGwZYUlreveNjwA
CXrruomvXfADUrHxMwZi CXrruomvXfADUrHxMwZi
CCYBPFZgoOONzoEeTKzC CCYBPFZgoOONzoEeTKzC
PojKKQvEDmFOnJinujFi PojKKQvEDmFOnJinujFi
gUlgGYCPZjsRiFLqnVun gUlgGYCPZjsRiFLqnVun
OWCblOtQanZakRLMqMxz OWCblOtQanZakRLMqMxz
eqwycKZriorIAbsUBjxu eqwycKZriorIAbsUBjxu
oUyBZvEHNPOWtAsHANHU oUyBZvEHNPOWtAsHANHU
UMfDYlvFlUVuogMRkWNG UMfDYlvFlUVuogMRkWNG
hpQFeVriPZmwKZcYFAWN hpQFeVriPZmwKZcYFAWN
