A B hC D E hI hJ K Q hR hS T U hV hW AG hAH AI AJ AK hAL AM hAN AO AV AW AX AY hAZ BA BB hBC BD hBE BF hBR hBS hBT BU BV BW hBX hCD CE hCF CE hCD hBX BW BV BU hBT hBS hBR BF hBE BD hBC BB BA hAZ AY AX AW AV AO hAN AM hAL AK AJ AI hAH AG hW hV U T hS hR Q K hJ hI E D hC B A F G H L M N hO hP X Y Z hAA AB AC AD AE AF AP AQ hAR AS AT AU hBG BH BI BJ BK BL BM BN BO BP hBQ BY BZ CA CB CC hCG CC CB CA BZ BY hBQ BP BO BN BM BL BK BJ BI BH hBG AU AT AS hAR AQ AP AF AE AD AC AB hAA Z Y X hP hO N M L H G F A
26
hC hC
hI hI
hJ hJ
hO hO
hP hP
hV hV
hR hR
hS hS
hW hW
hAA hAA
hAH hAH
hAL hAL
hAN hAN
hAR hAR
hAZ hAZ
hBC hBC
hBE hBE
hBG hBG
hBQ hBQ
hBR hBR
hBS hBS
hBT hBT
hBX hBX
hCD hCD
hCF hCF
hCG hCG
