0 18 24 12 82 48 66 57 97 31 4 89 38 59 92 96 99 63 2 43 55 51 44 94 77 16 34 22 28 22 34 16 77 94 44 51 55 43 2 63 99 96 92 59 38 89 4 31 97 57 66 48 82 12 24 18 0 46 32 91 9 85 39 79 67 20 7 69 30 65 6 78 21 36 80 47 72 14 71 62 11 3 95 35 1 86 60 40 50 90 54 70 49 26 19 17 84 98 8 53 42 41 5 37 61 25 87 93 73 29 13 64 88 83 15 81 75 33 52 27 58 68 10 23 45 56 76 74 76 56 45 23 10 68 58 27 52 33 75 81 15 83 88 64 13 29 73 93 87 25 61 37 5 41 42 53 8 98 84 17 19 26 49 70 54 90 50 40 60 86 1 35 95 3 11 62 71 14 72 47 80 36 21 78 6 65 30 69 7 20 67 79 39 85 9 91 32 46 0
50
1 1
2 2
3 3
4 4
5 5
6 6
7 7
8 8
9 9
10 10
11 11
12 12
13 13
14 14
15 15
16 16
17 17
18 18
19 19
20 20
21 21
22 22
23 23
24 24
25 25
26 26
27 27
28 28
29 29
30 30
31 31
32 32
33 33
34 34
35 35
36 36
37 37
38 38
39 39
40 40
41 41
42 42
43 43
44 44
45 45
46 46
47 47
48 48
49 49
50 50
