0 58 101 165 194 59 125 4 14 155 171 146 173 44 60 18 26 6 53 49 22 138 86 10 57 78 134 15 95 139 39 112 7 46 25 166 178 184 31 65 35 70 172 181 183 108 186 128 75 94 187 5 104 140 67 190 97 3 52 27 38 158 161 107 136 68 189 99 167 62 199 131 160 130 17 81 127 37 105 162 152 79 192 174 170 85 170 174 192 79 152 162 105 37 127 81 17 130 160 131 199 62 167 99 189 68 136 107 161 158 38 27 52 3 97 190 67 140 104 5 187 94 75 128 186 108 183 181 172 70 35 65 31 184 178 166 25 46 7 112 39 139 95 15 134 78 57 10 86 138 22 49 53 6 26 18 60 44 173 146 171 155 14 4 125 59 194 165 101 58 0 113 19 36 119 73 150 91 188 142 168 141 29 143 12 63 51 55 118 122 34 124 74 115 144 149 11 64 175 21 117 195 157 179 82 66 72 9 182 156 102 32 121 88 92 2 185 80 16 71 40 24 83 43 76 13 133 163 116 90 147 103 33 50 45 41 197 20 93 77 111 96 191 180 120 177 145 48 1 100 56 54 153 110 193 89 123 109 169 154 129 98 176 30 198 159 8 23 69 151 42 28 47 61 196 135 114 164 106 84 148 137 87 132 126 132 87 137 148 84 106 164 114 135 196 61 47 28 42 151 69 23 8 159 198 30 176 98 129 154 169 109 123 89 193 110 153 54 56 100 1 48 145 177 120 180 191 96 111 77 93 20 197 41 45 50 33 103 147 90 116 163 133 13 76 43 83 24 40 71 16 80 185 2 92 88 121 32 102 156 182 9 72 66 82 179 157 195 117 21 175 64 11 149 144 115 74 124 34 122 118 55 51 63 12 143 29 141 168 142 188 91 150 73 119 36 19 113 0
100
1 1
2 2
3 3
4 4
5 5
6 6
7 7
8 8
9 9
10 10
11 11
12 12
13 13
14 14
15 15
16 16
17 17
18 18
19 19
20 20
21 21
22 22
23 23
24 24
25 25
26 26
27 27
28 28
29 29
30 30
31 31
32 32
33 33
34 34
35 35
36 36
37 37
38 38
39 39
40 40
41 41
42 42
43 43
44 44
45 45
46 46
47 47
48 48
49 49
50 50
51 51
52 52
53 53
54 54
55 55
56 56
57 57
58 58
59 59
60 60
61 61
62 62
63 63
64 64
65 65
66 66
67 67
68 68
69 69
70 70
71 71
72 72
73 73
74 74
75 75
76 76
77 77
78 78
79 79
80 80
81 81
82 82
83 83
84 84
85 85
86 86
87 87
88 88
89 89
90 90
91 91
92 92
93 93
94 94
95 95
96 96
97 97
98 98
99 99
100 100
