Jingzhou TarguSecuiesc LePlessisTrevise JabalosSaraj Sanaa Sarzedo Herzliyya Chambly Khabarovsk Chegem Lysva Falun Crespo ZapadnoyeDegunino Xochimilco Bejucal Surkhpur Wittenau TanahMerah Bodhan AbualMatamir Colachel Ibri Sertaozinho Dukuhturi MelitodiNapoli BeneBeraq Gangtok TorrePacheco Sapele Ermelo Geilenkirchen Shagamu Tacoma BurgbeiMagdeburg Shively Rangae Tikamgarh elCampello Khangarh Pundong Manduria RamganjMandi CiudaddelCarmen Chittaranjan NiagaraFalls Huauchinango Carmichael Carouge Kheri Malnate Kabarnet Tabatinga KrasnoyeSelo Kirovsk SmederevskaPalanka Puruliya Eregli Kiruna Srinagar ZurichKreis Srinagar Kiruna Eregli Puruliya SmederevskaPalanka Kirovsk KrasnoyeSelo Tabatinga Kabarnet Malnate Kheri Carouge Carmichael Huauchinango NiagaraFalls Chittaranjan CiudaddelCarmen RamganjMandi Manduria Pundong Khangarh elCampello Tikamgarh Rangae Shively BurgbeiMagdeburg Tacoma Shagamu Geilenkirchen Ermelo Sapele TorrePacheco Gangtok BeneBeraq MelitodiNapoli Dukuhturi Sertaozinho Ibri Colachel AbualMatamir Bodhan TanahMerah Wittenau Surkhpur Bejucal Xochimilco ZapadnoyeDegunino Crespo Falun Lysva Chegem Khabarovsk Chambly Herzliyya Sarzedo Sanaa JabalosSaraj LePlessisTrevise TarguSecuiesc Jingzhou Sagalo CroixdesBouquets NovyyBuh Payshanba SaintMichael Simmerath Chambersburg FortLauderdale Depok Jinotega LondonderryCountyBor Ghugus Veenendaal Shizunaifurukawacho Shumen LaPossession Piraeus Vandavasi Ramjibanpur Rembangan Thamaga Tottori SanJosedeOcoa Ketrzyn Ouarzazat Frosinone Westmont Junagarh Ronse AzZuwaytinah RioFormoso Jeypore Entroncamento Sapporo Haliyal CoonRapids Fredericia KampLintfort Radnor KampLintfort Fredericia CoonRapids Haliyal Sapporo Entroncamento Jeypore RioFormoso AzZuwaytinah Ronse Junagarh Westmont Frosinone Ouarzazat Ketrzyn SanJosedeOcoa Tottori Thamaga Rembangan Ramjibanpur Vandavasi Piraeus LaPossession Shumen Shizunaifurukawacho Veenendaal Ghugus LondonderryCountyBor Jinotega Depok FortLauderdale Chambersburg Simmerath SaintMichael Payshanba NovyyBuh CroixdesBouquets Sagalo Jingzhou
50
CoonRapids CoonRapids
Sarzedo Sarzedo
SaintMichael SaintMichael
Colachel Colachel
Entroncamento Entroncamento
Chegem Chegem
Rembangan Rembangan
AzZuwaytinah AzZuwaytinah
Manduria Manduria
Gangtok Gangtok
Tottori Tottori
Ronse Ronse
Kirovsk Kirovsk
Ermelo Ermelo
Chittaranjan Chittaranjan
Depok Depok
Shizunaifurukawacho Shizunaifurukawacho
Crespo Crespo
Ibri Ibri
Lysva Lysva
Jeypore Jeypore
TanahMerah TanahMerah
Ghugus Ghugus
Khabarovsk Khabarovsk
Shively Shively
BurgbeiMagdeburg BurgbeiMagdeburg
Rangae Rangae
Kabarnet Kabarnet
Ouarzazat Ouarzazat
Sagalo Sagalo
Kheri Kheri
SanJosedeOcoa SanJosedeOcoa
LondonderryCountyBor LondonderryCountyBor
Shumen Shumen
Sanaa Sanaa
Thamaga Thamaga
Tabatinga Tabatinga
Veenendaal Veenendaal
Carouge Carouge
Radnor Radnor
JabalosSaraj JabalosSaraj
FortLauderdale FortLauderdale
BeneBeraq BeneBeraq
elCampello elCampello
Malnate Malnate
Srinagar Srinagar
Bejucal Bejucal
Carmichael Carmichael
RioFormoso RioFormoso
Ketrzyn Ketrzyn
