LesLilas Gastonia Kasamwa Manacapuru Chelles Shurugwi Kemise SouthSaintPaul Ibirataia Balachor Tias Escada Cherkasy Grajau Zhaodong ArRumaythiyah Butuan Mandan Sobue GongdanglegiKulon Bury Braila Nutley Botad Protaras NorthAurora Aracuai Razam UlanBator Ranong Fili TagbilaranCity Hirosaki Arzamas Shimofurano Gorgan NahiyatashShinafiyah Nangi CamRanh MonteAlegre AlBajur Dadu Anjarah Purnia Osan Nagar DrexelHill Geyve Cachan Pinner WestIslip Mauban NewtonAycliffe Anjala ChalcodeDiazCovarrub BlueIsland Kotka NoblePark SanJuandelaMaguana Andrychow Arusha Karlsfeld Scottsdale Sevlievo Fuxin Mocoa Berezhani NowaRuda Sleaford Topi Espiye Gowurdak Wakuya AinBessem Kairouan Johnston Ipaba EastLongmeadow Bourgoin Malpe Itororo Shchekino Angleton SantanadoLivramento Arang Akcaabat Acarau HaciendaLaCalera KotRadhaKishan Izhevsk Biskra Shobara Marchena ElCentro Kushtia PriegodeCordoba Turek Buriram Lalago Tangzhai Khulm Tansen SenadorPompeu Kikuchi Sasovo VillaPauladeSarmient Ceerigaabo CerroAzul Mabopane Prostejov Kambove Fontem Pozzuoli Haripur Fujieda Bishopstoke Zalingei CapimGrosso Geiro Skelmersdale FortWorth Langenhorn Erba Langenhorn FortWorth Skelmersdale Geiro CapimGrosso Zalingei Bishopstoke Fujieda Haripur Pozzuoli Fontem Kambove Prostejov Mabopane CerroAzul Ceerigaabo VillaPauladeSarmient Sasovo Kikuchi SenadorPompeu Tansen Khulm Tangzhai Lalago Buriram Turek PriegodeCordoba Kushtia ElCentro Marchena Shobara Biskra Izhevsk KotRadhaKishan HaciendaLaCalera Acarau Akcaabat Arang SantanadoLivramento Angleton Shchekino Itororo Malpe Bourgoin EastLongmeadow Ipaba Johnston Kairouan AinBessem Wakuya Gowurdak Espiye Topi Sleaford NowaRuda Berezhani Mocoa Fuxin Sevlievo Scottsdale Karlsfeld Arusha Andrychow SanJuandelaMaguana NoblePark Kotka BlueIsland ChalcodeDiazCovarrub Anjala NewtonAycliffe Mauban WestIslip Pinner Cachan Geyve DrexelHill Nagar Osan Purnia Anjarah Dadu AlBajur MonteAlegre CamRanh Nangi NahiyatashShinafiyah Gorgan Shimofurano Arzamas Hirosaki TagbilaranCity Fili Ranong UlanBator Razam Aracuai NorthAurora Protaras Botad Nutley Braila Bury GongdanglegiKulon Sobue Mandan Butuan ArRumaythiyah Zhaodong Grajau Cherkasy Escada Tias Balachor Ibirataia SouthSaintPaul Kemise Shurugwi Chelles Manacapuru Kasamwa Gastonia LesLilas Nahorkatiya FetestiGara PortoVelho Kondrovo Kaifeng Aringay Anjozorobe Bhatkal Lembang Wenchi Hangu Daokou Sosnovka HalfWayTree Wangon Alnavar Vaniyambadi Yafo Shieli AramokoEkiti VerrieresleBuisson Oyonnax SenaMadureira Pezinok Belalcazar Oerlinghausen Sorada Baramula Acireale Banting GuaMusang MontignyleBretonne Namerikawa Alghero Milledgeville NuevoMexico AshtonunderLyne MineralnyeVody MadinatHamad Mendes Rafiganj Pamulang Ortaca Morwa Lloydminster SpanishTown Kineshma Gunzenhausen Tsukuba Garbsen Bhusaval MiguelAlemanLaDoce Ronnenberg Klatovy Rhondda Wachtberg Licata Mondlo AinArnat Battambang Embu Tabou Winnipeg Ipil Korsakov AscoliPiceno Magdeburg Haora SaintCyrlEcole Alotenango Vyazniki Ontinyent Naron Twante Rivas Djelfa Tempe Djelfa Rivas Twante Naron Ontinyent Vyazniki Alotenango SaintCyrlEcole Haora Magdeburg AscoliPiceno Korsakov Ipil Winnipeg Tabou Embu Battambang AinArnat Mondlo Licata Wachtberg Rhondda Klatovy Ronnenberg MiguelAlemanLaDoce Bhusaval Garbsen Tsukuba Gunzenhausen Kineshma SpanishTown Lloydminster Morwa Ortaca Pamulang Rafiganj Mendes MadinatHamad MineralnyeVody AshtonunderLyne NuevoMexico Milledgeville Alghero Namerikawa MontignyleBretonne GuaMusang Banting Acireale Baramula Sorada Oerlinghausen Belalcazar Pezinok SenaMadureira Oyonnax VerrieresleBuisson AramokoEkiti Shieli Yafo Vaniyambadi Alnavar Wangon HalfWayTree Sosnovka Daokou Hangu Wenchi Lembang Bhatkal Anjozorobe Aringay Kaifeng Kondrovo PortoVelho FetestiGara Nahorkatiya LesLilas
100
Khulm Khulm
Kemise Kemise
Hirosaki Hirosaki
SanJuandelaMaguana SanJuandelaMaguana
Shchekino Shchekino
Braila Braila
SenaMadureira SenaMadureira
Shimofurano Shimofurano
AinArnat AinArnat
Rhondda Rhondda
Morwa Morwa
Ibirataia Ibirataia
Hangu Hangu
SouthSaintPaul SouthSaintPaul
Andrychow Andrychow
Garbsen Garbsen
Sobue Sobue
Sosnovka Sosnovka
Rivas Rivas
PriegodeCordoba PriegodeCordoba
Yafo Yafo
Haora Haora
Haripur Haripur
CapimGrosso CapimGrosso
AinBessem AinBessem
Ontinyent Ontinyent
Arzamas Arzamas
SpanishTown SpanishTown
Johnston Johnston
Nagar Nagar
Turek Turek
Belalcazar Belalcazar
Espiye Espiye
SenadorPompeu SenadorPompeu
KotRadhaKishan KotRadhaKishan
BlueIsland BlueIsland
MadinatHamad MadinatHamad
Butuan Butuan
Vyazniki Vyazniki
Langenhorn Langenhorn
Angleton Angleton
Kambove Kambove
Mocoa Mocoa
Kaifeng Kaifeng
Zhaodong Zhaodong
Fuxin Fuxin
WestIslip WestIslip
SaintCyrlEcole SaintCyrlEcole
Akcaabat Akcaabat
Anjarah Anjarah
Baramula Baramula
Acireale Acireale
Gunzenhausen Gunzenhausen
Vaniyambadi Vaniyambadi
Tabou Tabou
TagbilaranCity TagbilaranCity
ChalcodeDiazCovarrub ChalcodeDiazCovarrub
Itororo Itororo
HaciendaLaCalera HaciendaLaCalera
Kairouan Kairouan
Lloydminster Lloydminster
NoblePark NoblePark
Aracuai Aracuai
Shieli Shieli
Prostejov Prostejov
NahiyatashShinafiyah NahiyatashShinafiyah
Bury Bury
VillaPauladeSarmient VillaPauladeSarmient
MineralnyeVody MineralnyeVody
Izhevsk Izhevsk
Kotka Kotka
Oerlinghausen Oerlinghausen
FetestiGara FetestiGara
Manacapuru Manacapuru
Pozzuoli Pozzuoli
Shurugwi Shurugwi
Gowurdak Gowurdak
Kineshma Kineshma
Acarau Acarau
GuaMusang GuaMusang
Pezinok Pezinok
Gorgan Gorgan
Mabopane Mabopane
Twante Twante
Sorada Sorada
Daokou Daokou
Escada Escada
EastLongmeadow EastLongmeadow
Embu Embu
Korsakov Korsakov
Wangon Wangon
Battambang Battambang
MonteAlegre MonteAlegre
Wenchi Wenchi
PortoVelho PortoVelho
Ortaca Ortaca
AshtonunderLyne AshtonunderLyne
Skelmersdale Skelmersdale
FortWorth FortWorth
SantanadoLivramento SantanadoLivramento
