Kaimganj Fagaras Pilibhit Irvine Brecht Irvine Pilibhit Fagaras Kaimganj Isakogorka Norristown Bhudgaon Xankandi Tsirang MontecatiniTerme MilpaAlta Tocache GobernadorGalvez Narangba Dankov Malaybalay Gobo Pinas Trinec Providence Luckenwalde Novopokrovskaya Vagonoremont Jalaun Albi Cambui Fandriana BlueIsland Condado Marseille Tsukawaki Karasuyama Gose Yucheng Korolev Yamaguchi SantiagodeCuba Anahuac MorlanwelzMariemont EncarnaciondeDiaz Mesa Leixlip Kawit Hita Madurai Kamalia Racine PinhalNovo Kansk PinhalNovo Racine Kamalia Madurai Hita Kawit Leixlip Mesa EncarnaciondeDiaz MorlanwelzMariemont Anahuac SantiagodeCuba Yamaguchi Korolev Yucheng Gose Karasuyama Tsukawaki Marseille Condado BlueIsland Fandriana Cambui Albi Jalaun Vagonoremont Novopokrovskaya Luckenwalde Providence Trinec Pinas Gobo Malaybalay Dankov Narangba GobernadorGalvez Tocache MilpaAlta MontecatiniTerme Tsirang Xankandi Bhudgaon Norristown Isakogorka Kaimganj
25
Albi Albi
PinhalNovo PinhalNovo
Tsukawaki Tsukawaki
Narangba Narangba
Tocache Tocache
Novopokrovskaya Novopokrovskaya
Karasuyama Karasuyama
Dankov Dankov
Fagaras Fagaras
Yucheng Yucheng
Isakogorka Isakogorka
Tsirang Tsirang
EncarnaciondeDiaz EncarnaciondeDiaz
Pilibhit Pilibhit
Gobo Gobo
Brecht Brecht
Leixlip Leixlip
Fandriana Fandriana
Irvine Irvine
Korolev Korolev
MontecatiniTerme MontecatiniTerme
MilpaAlta MilpaAlta
GobernadorGalvez GobernadorGalvez
Racine Racine
Anahuac Anahuac
