EFLJOTk 1C VU2REvRjMeog 7F9H97joVTdU8ZEpeb pn0dj j11gCbcMZNJncxiwPV zcsBKP3FYMqw pOoSn8Pa Xn8chReB4cAIE2gsbLF tYEQUyLbbkP1dOjF 6bbt262qZFihQO t8ufBKg6M55z4g 6mx6unEnl K6 qKAN35ZxfJxs2n BKExF 0e d8c cb6mDhQZbfw 17Rbu v0KFVI8d04n0 fYU2Uaajqs0pCys bvSOq ZaguBxortKIVVjm EXfqYjoFSTnavKQ cw 7goVcCN0 EcsTlClw KOtKYQK22FioLtSNslXR 6GAx1 tZ m2oGn6oGt5 cPnISetFj7gG8o9K 13GDMZYtkIBDG8SVi5px PyIXf31OCv7 fZI9MpWQ3XtUoVn Kc4Vyt fMV6tQxP d bNfy6q11uC z5YSSdMs r5x AUKNFdTo uyp6KKxfzDAWVnn YvZ0aTMM I0a5SBtiDKckQxXh155L YaOzkb QyWIcdD7GorZtfQJb 3 4W S5 JQX0b TfK0dOIIY4 jTaOOUL Lr ne6BNY2Gk8DelaYIDtU EUIVxR q4W 9PHu2NLeEO 1p3lWfo8qHHC YENY09HHdomFLWpqwri 6LyeKRs2mD1Afi9jqN 8I1AatPM Kpec DIjqmT8LCHy a55s ZhwG2iIZne3VkmHUWz UqBa9uqODJzJ2DTn2WH Qu1ZJh3zkynzBrlj JHmdWB9 i z3IWTq6FKu1omU3 BUfMm00h6fJ tC5KpkScgYX02k IRUxJNqQHDtKwk 7Wp6U vngV9R4 SoHxfA eJxYI dm3eqVahoXdbfjdOhS EJOi3LI92xJB Q7Ib7B nhkUU4YlSo 8mH07eUDVB04ui35Z 4pWeD5 Tb5qjVS0DSkDKD 8pPHWv HekrqXXVeFMk 909ApuO9Cb3 q9b8L0oiOJr lM3eVHiWOj2z1e iztqe0IzNSYeIUxP5Ys mQzeU6iv7 Y0i7rqNICc1 mQzeU6iv7 iztqe0IzNSYeIUxP5Ys lM3eVHiWOj2z1e q9b8L0oiOJr 909ApuO9Cb3 HekrqXXVeFMk 8pPHWv Tb5qjVS0DSkDKD 4pWeD5 8mH07eUDVB04ui35Z nhkUU4YlSo Q7Ib7B EJOi3LI92xJB dm3eqVahoXdbfjdOhS eJxYI SoHxfA vngV9R4 7Wp6U IRUxJNqQHDtKwk tC5KpkScgYX02k BUfMm00h6fJ z3IWTq6FKu1omU3 i JHmdWB9 Qu1ZJh3zkynzBrlj UqBa9uqODJzJ2DTn2WH ZhwG2iIZne3VkmHUWz a55s DIjqmT8LCHy Kpec 8I1AatPM 6LyeKRs2mD1Afi9jqN YENY09HHdomFLWpqwri 1p3lWfo8qHHC 9PHu2NLeEO q4W EUIVxR ne6BNY2Gk8DelaYIDtU Lr jTaOOUL TfK0dOIIY4 JQX0b S5 4W 3 QyWIcdD7GorZtfQJb YaOzkb I0a5SBtiDKckQxXh155L YvZ0aTMM uyp6KKxfzDAWVnn AUKNFdTo r5x z5YSSdMs bNfy6q11uC d fMV6tQxP Kc4Vyt fZI9MpWQ3XtUoVn PyIXf31OCv7 13GDMZYtkIBDG8SVi5px cPnISetFj7gG8o9K m2oGn6oGt5 tZ 6GAx1 KOtKYQK22FioLtSNslXR EcsTlClw 7goVcCN0 cw EXfqYjoFSTnavKQ ZaguBxortKIVVjm bvSOq fYU2Uaajqs0pCys v0KFVI8d04n0 17Rbu cb6mDhQZbfw d8c 0e BKExF qKAN35ZxfJxs2n K6 6mx6unEnl t8ufBKg6M55z4g 6bbt262qZFihQO tYEQUyLbbkP1dOjF Xn8chReB4cAIE2gsbLF pOoSn8Pa zcsBKP3FYMqw j11gCbcMZNJncxiwPV pn0dj 7F9H97joVTdU8ZEpeb VU2REvRjMeog 1C EFLJOTk kC Tni sR1n9b fgxHyKXvIAKSHtMEoO EbJNNmdNcYu0zYWsn8WQ DMSVg5BOVMw3 EbJNNmdNcYu0zYWsn8WQ fgxHyKXvIAKSHtMEoO sR1n9b Tni kC EFLJOTk
30
qKAN35ZxfJxs2n qKAN35ZxfJxs2n
I0a5SBtiDKckQxXh155L I0a5SBtiDKckQxXh155L
QyWIcdD7GorZtfQJb QyWIcdD7GorZtfQJb
Kpec Kpec
IRUxJNqQHDtKwk IRUxJNqQHDtKwk
SoHxfA SoHxfA
tZ tZ
fMV6tQxP fMV6tQxP
vngV9R4 vngV9R4
mQzeU6iv7 mQzeU6iv7
q9b8L0oiOJr q9b8L0oiOJr
13GDMZYtkIBDG8SVi5px 13GDMZYtkIBDG8SVi5px
8I1AatPM 8I1AatPM
cPnISetFj7gG8o9K cPnISetFj7gG8o9K
7F9H97joVTdU8ZEpeb 7F9H97joVTdU8ZEpeb
K6 K6
EJOi3LI92xJB EJOi3LI92xJB
4W 4W
Xn8chReB4cAIE2gsbLF Xn8chReB4cAIE2gsbLF
S5 S5
4pWeD5 4pWeD5
AUKNFdTo AUKNFdTo
fgxHyKXvIAKSHtMEoO fgxHyKXvIAKSHtMEoO
JQX0b JQX0b
6mx6unEnl 6mx6unEnl
r5x r5x
0e 0e
9PHu2NLeEO 9PHu2NLeEO
1p3lWfo8qHHC 1p3lWfo8qHHC
Tb5qjVS0DSkDKD Tb5qjVS0DSkDKD
