lyenDXSN gCIPN Mu dygEexsyZY VTwz hpRsyMlXH1H 6DVIvuGfPs2BU cnYBED3IXb5fpZ 6yeW7sat9rvd rsx24rm LMfJF3uF5T1mE7y ktk7W 9jv9EQFEfuNtFB4nf DYfBQTocj pl4FvR luVwbYvIclTUxL5SnKV BMNlDfk8j64 Uwlc vbDYJme V8N Vfe589mWfZoDleGgD wBJRoqVxn1t cs0 aKWcP6bZBJ6CjFtJmYS1 vJxAK1LaHyuu4yFNeul z 9fLVojn 4c WtgcpK6YcXk BR s atG6EA8t O7r2ToU4q2kmCB tPnWG 4MdwVqEIlp6vzohvUqY m NgQY7 CmV txdRlSWkHoanZg KXiqhMJ DcRHjg8DDY6vnwByRY qdOugTsQERXKb12woNAZ thb6t42A0YG 7vYBrU9Z fGVqheaVU3e YjVTJewvHTIGLa S8DQEZtWlk6ka46PO A67f HwQeXpOEZHQ3s Iax35 Plmj0j EJDqk K0A9bbVLm9atwTf Lg6vVK8maXvZ6YX MBLHuIgjJIXs uy3ouNIxumu7jEuoP1 2AR73oQdnbYqnDCGMFS rjuIDs VgyX6hB 55SpzsmtpxRH5 zQBDaS cHKeh1 aqo GPeb ImSpax JyObTOXbOI cYPTdnJWL E1fUYbO4wVjiEjEuf JkLZO8DirKOG2bdj SVbyt nHG SB3y6f6tUh 7h2PJW8oD2ihKQrfQ6 lt1a5E0H llx2p LdA JO9N0rYR9egCTahDaDOm s6JxFNKQ 1ds7sqHhanMKkMy M1PxrOPSNUVpc 4OqtpC jvdVvQ Ei2w w8EWCroyCh3Um QqJi086VlxfXT0 5esNrDc31UHHlpRecnb 2FvJIR5cRPGGLqP VNvsbB7eWJcAK0fU excLR25Y6DhCWxI FGQD6P PZxwb8n s5vYb4jZWyq9Wl1 KTvdjgP8tvhZu1m akZmiQ7tmX mMU5Ux7Gh9w QLffPTeZl 8LlDxR2Epx2J sAyhAIwP2OT77F2er zzYmU5YFhvp1 C8PRtY0wMczFLQQYxa 51U5ZX 8 frNA534JEvY4f ATcHai3SBHuvmr SO nWkakNi6Qt9d4g K6yVeBnomxSBet o3refHnx4qioqHztqMYE 49JO1dg0kSXirC4 FLdC wcmx8dhmsO tQCCGXS3bmOeuRG b4e4 VqPxGiIZmFgz8XR biohkm DSCiFbOpP1bUCb 8tafV1bFRuaPvhP hVfqebryM4wN f9euNCVEF2WwHc0CWSy5 a5oWSrhkZ1i qyauMx3AEqGdHObLiiL l ZDtYWltAxD3Y G50hiUpVStHCMrd 2tgqbRzViyLj2zTX BxWuSWm4FxUYL 1BLIxJsmB2tIIyjdWfA hjCFXN9kbqn0UCNsZ eMRqWqXSSf3JtA IBvm5T3IOF TCBmdyw tfSU KwadrVmn1cVf2X1 WTx CQB6bT3umR8xT9glKpn8 uZBV4AOX6KwHj3c5o 4W7XMqHRn91kRc1Bw1W hJ5qxKBbKOA34kfchbm8 4W7XMqHRn91kRc1Bw1W uZBV4AOX6KwHj3c5o CQB6bT3umR8xT9glKpn8 WTx KwadrVmn1cVf2X1 tfSU TCBmdyw IBvm5T3IOF eMRqWqXSSf3JtA hjCFXN9kbqn0UCNsZ 1BLIxJsmB2tIIyjdWfA BxWuSWm4FxUYL 2tgqbRzViyLj2zTX G50hiUpVStHCMrd ZDtYWltAxD3Y l qyauMx3AEqGdHObLiiL a5oWSrhkZ1i f9euNCVEF2WwHc0CWSy5 hVfqebryM4wN 8tafV1bFRuaPvhP DSCiFbOpP1bUCb biohkm VqPxGiIZmFgz8XR b4e4 tQCCGXS3bmOeuRG wcmx8dhmsO FLdC 49JO1dg0kSXirC4 o3refHnx4qioqHztqMYE K6yVeBnomxSBet nWkakNi6Qt9d4g SO ATcHai3SBHuvmr frNA534JEvY4f 8 51U5ZX C8PRtY0wMczFLQQYxa zzYmU5YFhvp1 sAyhAIwP2OT77F2er 8LlDxR2Epx2J QLffPTeZl mMU5Ux7Gh9w akZmiQ7tmX KTvdjgP8tvhZu1m s5vYb4jZWyq9Wl1 PZxwb8n FGQD6P excLR25Y6DhCWxI VNvsbB7eWJcAK0fU 2FvJIR5cRPGGLqP 5esNrDc31UHHlpRecnb QqJi086VlxfXT0 w8EWCroyCh3Um Ei2w jvdVvQ 4OqtpC M1PxrOPSNUVpc 1ds7sqHhanMKkMy s6JxFNKQ JO9N0rYR9egCTahDaDOm LdA llx2p lt1a5E0H 7h2PJW8oD2ihKQrfQ6 SB3y6f6tUh nHG SVbyt JkLZO8DirKOG2bdj E1fUYbO4wVjiEjEuf cYPTdnJWL JyObTOXbOI ImSpax GPeb aqo cHKeh1 zQBDaS 55SpzsmtpxRH5 VgyX6hB rjuIDs 2AR73oQdnbYqnDCGMFS uy3ouNIxumu7jEuoP1 MBLHuIgjJIXs Lg6vVK8maXvZ6YX K0A9bbVLm9atwTf EJDqk Plmj0j Iax35 HwQeXpOEZHQ3s A67f S8DQEZtWlk6ka46PO YjVTJewvHTIGLa fGVqheaVU3e 7vYBrU9Z thb6t42A0YG qdOugTsQERXKb12woNAZ DcRHjg8DDY6vnwByRY KXiqhMJ txdRlSWkHoanZg CmV NgQY7 m 4MdwVqEIlp6vzohvUqY tPnWG O7r2ToU4q2kmCB atG6EA8t s BR WtgcpK6YcXk 4c 9fLVojn z vJxAK1LaHyuu4yFNeul aKWcP6bZBJ6CjFtJmYS1 cs0 wBJRoqVxn1t Vfe589mWfZoDleGgD V8N vbDYJme Uwlc BMNlDfk8j64 luVwbYvIclTUxL5SnKV pl4FvR DYfBQTocj 9jv9EQFEfuNtFB4nf ktk7W LMfJF3uF5T1mE7y rsx24rm 6yeW7sat9rvd cnYBED3IXb5fpZ 6DVIvuGfPs2BU hpRsyMlXH1H VTwz dygEexsyZY Mu gCIPN lyenDXSN Lz2zTm YGlQfVj9 PeQXpKEC mQZe ejGARlqqTb td2wE wKxe A 2BK3B09h6iII uVkk2UHlyULVLBr3U Qocm7a8zSJz0xJ Uq33lr5 4q56Ohva6NTLbWVwz hU E3J9WM6DT0Hetm4lXQFQ Nro8QqD7 g5rTdl IT zR86cxoBR1iHZrBRq KtvQaJqCJTRpXM8ZI dOlk D D5kg LLftB9CiFP0 4OPV7 eIy4pbuoWfucC gNAsryh sY1Se4a5xWrc6 ZaJkOr3tQhFHqe CLzQHzEelbJh7NPN8 SMo1 MEFvk PkjfPBo 61 DPiFN0NPjkicbuWV fzp RG2YgH8N22A6BkFVBj fWX vAIBd1Ae LljTxAKERGoxX udWCYo yhhlTVr0wSq5W L 7Q zI 5TLmyf u5jKUWj2LjAYIRn8hhl Uj7D71ia6c4InD2TM 8WC96lJgiKzF0uPcak 5MmyogVjSm w5sd5 STJYwXq9HmmawT pyuS7PRB7WW rzakQDW 76MTLMkt 4VjCZBepqzXh5AWCnHpa NddIguoLVxcrf kwwpZt08lUaaVbp F8ti nqeGwct PuHLBR9bv11yLyu f PuHLBR9bv11yLyu nqeGwct F8ti kwwpZt08lUaaVbp NddIguoLVxcrf 4VjCZBepqzXh5AWCnHpa 76MTLMkt rzakQDW pyuS7PRB7WW STJYwXq9HmmawT w5sd5 5MmyogVjSm 8WC96lJgiKzF0uPcak Uj7D71ia6c4InD2TM u5jKUWj2LjAYIRn8hhl 5TLmyf zI 7Q L yhhlTVr0wSq5W udWCYo LljTxAKERGoxX vAIBd1Ae fWX RG2YgH8N22A6BkFVBj fzp DPiFN0NPjkicbuWV 61 PkjfPBo MEFvk SMo1 CLzQHzEelbJh7NPN8 ZaJkOr3tQhFHqe sY1Se4a5xWrc6 gNAsryh eIy4pbuoWfucC 4OPV7 LLftB9CiFP0 D5kg D dOlk KtvQaJqCJTRpXM8ZI zR86cxoBR1iHZrBRq IT g5rTdl Nro8QqD7 E3J9WM6DT0Hetm4lXQFQ hU 4q56Ohva6NTLbWVwz Uq33lr5 Qocm7a8zSJz0xJ uVkk2UHlyULVLBr3U 2BK3B09h6iII A wKxe td2wE ejGARlqqTb mQZe PeQXpKEC YGlQfVj9 Lz2zTm lyenDXSN
40
G50hiUpVStHCMrd G50hiUpVStHCMrd
BR BR
hU hU
MBLHuIgjJIXs MBLHuIgjJIXs
CmV CmV
frNA534JEvY4f frNA534JEvY4f
VNvsbB7eWJcAK0fU VNvsbB7eWJcAK0fU
hjCFXN9kbqn0UCNsZ hjCFXN9kbqn0UCNsZ
L L
nWkakNi6Qt9d4g nWkakNi6Qt9d4g
nqeGwct nqeGwct
l l
wBJRoqVxn1t wBJRoqVxn1t
zzYmU5YFhvp1 zzYmU5YFhvp1
lt1a5E0H lt1a5E0H
wcmx8dhmsO wcmx8dhmsO
GPeb GPeb
vAIBd1Ae vAIBd1Ae
akZmiQ7tmX akZmiQ7tmX
Mu Mu
K0A9bbVLm9atwTf K0A9bbVLm9atwTf
Plmj0j Plmj0j
6DVIvuGfPs2BU 6DVIvuGfPs2BU
ImSpax ImSpax
llx2p llx2p
zI zI
o3refHnx4qioqHztqMYE o3refHnx4qioqHztqMYE
hVfqebryM4wN hVfqebryM4wN
7Q 7Q
A67f A67f
vJxAK1LaHyuu4yFNeul vJxAK1LaHyuu4yFNeul
6yeW7sat9rvd 6yeW7sat9rvd
jvdVvQ jvdVvQ
61 61
f f
HwQeXpOEZHQ3s HwQeXpOEZHQ3s
cYPTdnJWL cYPTdnJWL
2AR73oQdnbYqnDCGMFS 2AR73oQdnbYqnDCGMFS
KtvQaJqCJTRpXM8ZI KtvQaJqCJTRpXM8ZI
M1PxrOPSNUVpc M1PxrOPSNUVpc
