0 80 19 58 84 69 75 31 29 43 79 24 74 71 27 76 17 33 14 1 72 81 73 46 16 8 10 2 70 96 98 96 70 2 10 8 16 46 73 81 72 1 14 33 17 76 27 71 74 24 79 43 29 31 75 69 84 58 19 80 0 13 65 67 78 48 59 51 7 12 35 61 88 39 32 4 45 20 18 9 90 89 52 21 23 26 28 5 40 3 6 66 82 44 92 91 87 56 15 42 50 93 60 83 49 53 25 34 11 77 85 68 63 57 22 38 62 41 37 64 47 36 55 54 30 86 94 95 97 99 97 95 94 86 30 54 55 36 47 64 37 41 62 38 22 57 63 68 85 77 11 34 25 53 49 83 60 93 50 42 15 56 87 91 92 44 82 66 6 3 40 5 28 26 23 21 52 89 90 9 18 20 45 4 32 39 88 61 35 12 7 51 59 48 78 67 65 13 0
50
25 25
14 14
12 12
9 9
35 35
44 44
58 58
77 77
53 53
95 95
94 94
15 15
75 75
67 67
69 69
50 50
33 33
8 8
68 68
93 93
39 39
40 40
99 99
46 46
62 62
89 89
90 90
83 83
81 81
37 37
51 51
36 36
56 56
84 84
29 29
43 43
88 88
65 65
97 97
82 82
21 21
54 54
91 91
6 6
71 71
16 16
31 31
72 72
87 87
32 32
