0 5 3 4 7 6 10 11 9 12 15 14 13 20 22 18 25 27 29 28 31 33 39 36 37 38 40 43 41 44 48 45 46 47 53 54 56 62 61 64 65 69 71 72 74 76 75 80 83 86 90 93 94 95 92 97 100 103 104 107 111 109 110 113 115 117 118 119 122 125 130 132 129 138 139 140 145 146 149 144 150 151 155 157 158 161 162 165 166 168 170 172 173 178 182 180 181 184 186 189 192 191 195 198 197 198 195 191 192 189 186 184 181 180 182 178 173 172 170 168 166 165 162 161 158 157 155 151 150 144 149 146 145 140 139 138 129 132 130 125 122 119 118 117 115 113 110 109 111 107 104 103 100 97 92 95 94 93 90 86 83 80 75 76 74 72 71 69 65 64 61 62 56 54 53 47 46 45 48 44 41 43 40 38 37 36 39 33 31 28 29 27 25 18 22 20 13 14 15 12 9 11 10 6 7 4 3 5 0 1 2 8 19 16 17 23 21 26 24 30 32 35 34 42 49 52 51 50 55 59 57 58 63 68 67 60 66 70 73 77 78 82 79 81 84 85 87 88 89 91 96 98 101 99 102 105 108 106 112 114 116 121 124 120 127 126 123 128 131 134 133 135 136 137 141 143 147 142 148 152 156 153 154 159 160 164 163 169 167 171 174 175 177 179 176 183 185 188 187 190 193 194 196 199 196 194 193 190 187 188 185 183 176 179 177 175 174 171 167 169 163 164 160 159 154 153 156 152 148 142 147 143 141 137 136 135 133 134 131 128 123 126 127 120 124 121 116 114 112 106 108 105 102 99 101 98 96 91 89 88 87 85 84 81 79 82 78 77 73 70 66 60 67 68 63 58 57 59 55 50 51 52 49 42 34 35 32 30 24 26 21 23 17 16 19 8 2 1 0
100
185 185
175 175
196 196
38 38
66 66
172 172
162 162
25 25
83 83
146 146
43 43
6 6
105 105
104 104
19 19
26 26
32 32
81 81
121 121
148 148
115 115
187 187
53 53
51 51
182 182
160 160
85 85
84 84
109 109
23 23
174 174
132 132
125 125
103 103
20 20
52 52
190 190
62 62
8 8
176 176
24 24
21 21
48 48
64 64
72 72
78 78
65 65
41 41
30 30
5 5
68 68
59 59
56 56
163 163
60 60
14 14
3 3
76 76
71 71
35 35
173 173
114 114
39 39
70 70
110 110
40 40
42 42
166 166
151 151
183 183
171 171
88 88
57 57
144 144
116 116
77 77
188 188
195 195
159 159
55 55
22 22
119 119
107 107
10 10
126 126
100 100
113 113
37 37
0 0
168 168
191 191
102 102
134 134
86 86
93 93
169 169
58 58
67 67
96 96
97 97
