0 37 20 45 18 53 61 35 38 42 10 19 47 26 30 8 9 24 32 29 33 28 55 13 52 31 48 34 16 62 64 4 12 54 11 60 67 39 77 7 23 25 58 51 46 3 22 6 43 80 76 72 49 92 21 73 95 86 79 90 68 85 44 65 2 66 15 36 14 63 87 89 75 94 57 91 59 83 71 88 96 69 74 82 70 81 17 78 99 84 56 97 93 97 56 84 99 78 17 81 70 82 74 69 96 88 71 83 59 91 57 94 75 89 87 63 14 36 15 66 2 65 44 85 68 90 79 86 95 73 21 92 49 72 76 80 43 6 22 3 46 51 58 25 23 7 77 39 67 60 11 54 12 4 64 62 16 34 48 31 52 13 55 28 33 29 32 24 9 8 30 26 47 19 10 42 38 35 61 53 18 45 20 37 0 41 50 1 40 5 27 98 27 5 40 1 50 41 0
35
65 65
66 66
67 67
68 68
69 69
70 70
71 71
72 72
73 73
74 74
75 75
76 76
77 77
78 78
79 79
80 80
81 81
82 82
83 83
84 84
85 85
86 86
87 87
88 88
89 89
90 90
91 91
92 92
93 93
94 94
95 95
96 96
97 97
98 98
99 99
