0 8 69 106 103 95 73 107 61 89 44 87 68 6 93 17 4 58 16 129 113 14 1 128 48 15 71 104 91 83 27 36 64 42 2 74 94 122 50 49 109 63 121 100 92 182 20 178 20 182 92 100 121 63 109 49 50 122 94 74 2 42 64 36 27 83 91 104 71 15 48 128 1 14 113 129 16 58 4 17 93 6 68 87 44 89 61 107 73 95 103 106 69 8 0 111 22 124 28 56 75 46 117 51 126 52 96 53 72 33 43 79 39 65 57 108 82 90 66 84 67 59 118 102 10 110 19 31 29 80 115 12 86 24 38 99 5 41 70 101 141 18 163 174 157 176 147 159 186 187 135 173 145 148 137 136 134 138 167 185 184 175 195 168 183 190 193 160 146 172 177 171 181 154 170 162 152 133 144 166 191 196 132 199 158 188 156 130 149 153 150 198 194 142 180 143 139 76 11 77 34 78 32 45 37 60 88 116 3 47 62 127 23 21 35 120 55 54 30 26 105 85 25 40 123 112 7 13 81 114 9 97 125 98 161 179 155 151 169 197 164 165 192 131 140 119 189 119 140 131 192 165 164 197 169 151 155 179 161 98 125 97 9 114 81 13 7 112 123 40 25 85 105 26 30 54 55 120 35 21 23 127 62 47 3 116 88 60 37 45 32 78 34 77 11 76 139 143 180 142 194 198 150 153 149 130 156 188 158 199 132 196 191 166 144 133 152 162 170 154 181 171 177 172 146 160 193 190 183 168 195 175 184 185 167 138 134 136 137 148 145 173 135 187 186 159 147 176 157 174 163 18 141 101 70 41 5 99 38 24 86 12 115 80 29 31 19 110 10 102 118 59 67 84 66 90 82 108 57 65 39 79 43 33 72 53 96 52 126 51 117 46 75 56 28 124 22 111 0
70
130 130
131 131
132 132
133 133
134 134
135 135
136 136
137 137
138 138
139 139
140 140
141 141
142 142
143 143
144 144
145 145
146 146
147 147
148 148
149 149
150 150
151 151
152 152
153 153
154 154
155 155
156 156
157 157
158 158
159 159
160 160
161 161
162 162
163 163
164 164
165 165
166 166
167 167
168 168
169 169
170 170
171 171
172 172
173 173
174 174
175 175
176 176
177 177
178 178
179 179
180 180
181 181
182 182
183 183
184 184
185 185
186 186
187 187
188 188
189 189
190 190
191 191
192 192
193 193
194 194
195 195
196 196
197 197
198 198
199 199
