2 56 87 67 29 17 8 61 27 52 92 75 65 64 58 55 74 81 80 13 77 83 30 40 59 57 96 100 84 1 72 39 91 71 90 63 5 63 90 71 91 39 72 1 84 100 96 57 59 40 30 83 77 13 80 81 74 55 58 64 65 75 92 52 27 61 8 17 29 67 87 56 2 38 34 37 70 66 82 94 49 60 33 69 54 73 35 93 41 7 19 97 68 89 78 42 16 45 12 53 86 95 36 23 48 14 24 4 32 18 25 6 62 22 85 20 31 10 51 98 26 88 46 28 47 43 9 44 99 3 50 76 21 79 11 15 11 79 21 76 50 3 99 44 9 43 47 28 46 88 26 98 51 10 31 20 85 22 62 6 25 18 32 4 24 14 48 23 36 95 86 53 12 45 16 42 78 89 68 97 19 7 41 93 35 73 54 69 33 60 49 94 82 66 70 37 34 38 2
50
1 1
3 3
5 5
7 7
9 9
11 11
13 13
15 15
17 17
19 19
21 21
23 23
25 25
27 27
29 29
31 31
33 33
35 35
37 37
39 39
41 41
43 43
45 45
47 47
49 49
51 51
53 53
55 55
57 57
59 59
61 61
63 63
65 65
67 67
69 69
71 71
73 73
75 75
77 77
79 79
81 81
83 83
85 85
87 87
89 89
91 91
93 93
95 95
97 97
99 99
