2 9 179 186 152 199 17 131 27 76 161 29 112 190 84 170 18 106 87 124 123 67 34 194 30 194 34 67 123 124 87 106 18 170 84 190 112 29 161 76 27 131 17 199 152 186 179 9 2 31 93 66 189 45 102 22 119 73 49 68 16 11 139 116 130 59 57 75 136 88 109 175 178 165 26 3 47 107 8 173 25 159 78 127 121 166 182 12 114 53 56 184 50 168 158 70 100 86 174 37 118 74 143 142 193 144 149 148 153 98 169 181 91 140 40 156 14 35 63 36 141 110 115 183 171 196 90 24 198 6 7 96 58 163 52 111 42 82 191 120 137 133 128 48 5 155 154 129 185 54 122 132 146 195 55 19 151 99 105 10 39 95 15 172 150 135 97 33 101 32 192 20 77 187 200 62 81 72 4 80 176 125 108 65 38 117 83 46 64 79 157 21 167 180 44 69 113 162 126 188 71 197 164 41 60 138 134 94 160 43 92 85 145 103 61 23 51 1 147 13 28 104 89 177 89 104 28 13 147 1 51 23 61 103 145 85 92 43 160 94 134 138 60 41 164 197 71 188 126 162 113 69 44 180 167 21 157 79 64 46 83 117 38 65 108 125 176 80 4 72 81 62 200 187 77 20 192 32 101 33 97 135 150 172 15 95 39 10 105 99 151 19 55 195 146 132 122 54 185 129 154 155 5 48 128 133 137 120 191 82 42 111 52 163 58 96 7 6 198 24 90 196 171 183 115 110 141 36 63 35 14 156 40 140 91 181 169 98 153 148 149 144 193 142 143 74 118 37 174 86 100 70 158 168 50 184 56 53 114 12 182 166 121 127 78 159 25 173 8 107 47 3 26 165 178 175 109 88 136 75 57 59 130 116 139 11 16 68 49 73 119 22 102 45 189 66 93 31 2
100
1 1
3 3
5 5
7 7
9 9
11 11
13 13
15 15
17 17
19 19
21 21
23 23
25 25
27 27
29 29
31 31
33 33
35 35
37 37
39 39
41 41
43 43
45 45
47 47
49 49
51 51
53 53
55 55
57 57
59 59
61 61
63 63
65 65
67 67
69 69
71 71
73 73
75 75
77 77
79 79
81 81
83 83
85 85
87 87
89 89
91 91
93 93
95 95
97 97
99 99
101 101
103 103
105 105
107 107
109 109
111 111
113 113
115 115
117 117
119 119
121 121
123 123
125 125
127 127
129 129
131 131
133 133
135 135
137 137
139 139
141 141
143 143
145 145
147 147
149 149
151 151
153 153
155 155
157 157
159 159
161 161
163 163
165 165
167 167
169 169
171 171
173 173
175 175
177 177
179 179
181 181
183 183
185 185
187 187
189 189
191 191
193 193
195 195
197 197
199 199
