S 2M 2Da 2Db 2Dd 2Eb 2Ea 2Ec 2Ef 2Eh 2Ej 2Ed 2Ek 2Em 2Fd 2Em 2Ek 2Ed 2Ej 2Eh 2Ef 2Ec 2Ea 2Eb 2Dd 2Db 2Da 2M S 1M 1Da 1Db 1Bj 1Bh 1Bf 1Bg 1Bd 1Ak 1Ai 1Ag 1Ah 1Ae 1Aa 1Ac 1Ab 1Ad 1Af 1Aj 1Bb 1Ba 1Bc 1Be 1Bi 1Ca 1Cb 1Cc 1Cd 1Dc 1Dd 1De 1Eb 1Ea 1Ee 1Ef 1Ec 1Eg 1Eh 1Ei 1Ej 1Ed 1Ek 1El 1Em 1Fb 1Fa 1Fc 1Fd 1Fe 2Aa 2Ac 2Ab 2Ad 2Ae 2Af 2Ah 2Ag 2Ai 2Aj 2Ak 2Bb 2Ba 2Bc 2Bd 2Be 2Bg 2Bf 2Bh 2Bi 2Bj 2Ca 2Cb 2Cc 2Cd 2Dc 2De 2Ee 2Eg 2Ei 2El 2Fb 2Fa 2Fc 2Fe 2Fc 2Fa 2Fb 2El 2Ei 2Eg 2Ee 2De 2Dc 2Cd 2Cc 2Cb 2Ca 2Bj 2Bi 2Bh 2Bf 2Bg 2Be 2Bd 2Bc 2Ba 2Bb 2Ak 2Aj 2Ai 2Ag 2Ah 2Af 2Ae 2Ad 2Ab 2Ac 2Aa 1Fe 1Fd 1Fc 1Fa 1Fb 1Em 1El 1Ek 1Ed 1Ej 1Ei 1Eh 1Eg 1Ec 1Ef 1Ee 1Ea 1Eb 1De 1Dd 1Dc 1Cd 1Cc 1Cb 1Ca 1Bi 1Be 1Bc 1Ba 1Bb 1Aj 1Af 1Ad 1Ab 1Ac 1Aa 1Ae 1Ah 1Ag 1Ai 1Ak 1Bd 1Bg 1Bf 1Bh 1Bj 1Db 1Da 1M S
48
1Aa 1Aa
1Ab 1Ab
1Ac 1Ac
1Ad 1Ad
1Ae 1Ae
1Ag 1Ag
1Ah 1Ah
1Ai 1Ai
1Aj 1Aj
1Bb 1Bb
1Bf 1Bf
1Bi 1Bi
1Bj 1Bj
1Ca 1Ca
1Cb 1Cb
1Cc 1Cc
1Cd 1Cd
1Dd 1Dd
1De 1De
1Ee 1Ee
1Eh 1Eh
1Ei 1Ei
1Ek 1Ek
1Fe 1Fe
2Aa 2Aa
2Ab 2Ab
2Ac 2Ac
2Ad 2Ad
2Ae 2Ae
2Ag 2Ag
2Ah 2Ah
2Ai 2Ai
2Aj 2Aj
2Bb 2Bb
2Bf 2Bf
2Bi 2Bi
2Bj 2Bj
2Ca 2Ca
2Cb 2Cb
2Cc 2Cc
2Cd 2Cd
2Dd 2Dd
2De 2De
2Ee 2Ee
2Eh 2Eh
2Ei 2Ei
2Ek 2Ek
2Fe 2Fe
