S 2M 2Da 2Db 2Dd 2Eb 2Ea 2Ec 2Ef 2Eh 2Ej 2Ed 2Ek 2Em 2Fd 3Aa 3Ae 3Ah 3Ag 3Ai 3Ak 3Bd 3Bg 3Bf 3Bh 3Bj 3Db 3Da 3M 3Ea 3Eb 3Ef 3Ec 3Eg 3Ei 3El 3Fb 3Fa 3Fc 3Fe 4Ac 4Ab 4Ad 4Af 4Aj 4Bb 4Ba 4Bc 4Be 4Bi 4Ca 4Cb 4Cc 4Cd 4Dc 4Dd 4De 4Ee 4Eh 4Ej 4Ed 4Ek 4Em 4Fd 4Em 4Ek 4Ed 4Ej 4Eh 4Ee 4De 4Dd 4Dc 4Cd 4Cc 4Cb 4Ca 4Bi 4Be 4Bc 4Ba 4Bb 4Aj 4Af 4Ad 4Ab 4Ac 3Fe 3Fc 3Fa 3Fb 3El 3Ei 3Eg 3Ec 3Ef 3Eb 3Ea 3M 3Da 3Db 3Bj 3Bh 3Bf 3Bg 3Bd 3Ak 3Ai 3Ag 3Ah 3Ae 3Aa 2Fd 2Em 2Ek 2Ed 2Ej 2Eh 2Ef 2Ec 2Ea 2Eb 2Dd 2Db 2Da 2M S 1M 1Da 1Db 1Bj 1Bh 1Bf 1Bg 1Bd 1Ak 1Ai 1Ag 1Ah 1Ae 1Aa 1Ac 1Ab 1Ad 1Af 1Aj 1Bb 1Ba 1Bc 1Be 1Bi 1Ca 1Cb 1Cc 1Cd 1Dc 1Dd 1De 1Eb 1Ea 1Ee 1Ef 1Ec 1Eg 1Eh 1Ei 1Ej 1Ed 1Ek 1El 1Em 1Fb 1Fa 1Fc 1Fd 1Fe 2Aa 2Ac 2Ab 2Ad 2Ae 2Af 2Ah 2Ag 2Ai 2Aj 2Ak 2Bb 2Ba 2Bc 2Bd 2Be 2Bg 2Bf 2Bh 2Bi 2Bj 2Ca 2Cb 2Cc 2Cd 2Dc 2De 2Ee 2Eg 2Ei 2El 2Fb 2Fa 2Fc 2Fe 3Ac 3Ab 3Ad 3Af 3Aj 3Bb 3Ba 3Bc 3Be 3Bi 3Ca 3Cb 3Cc 3Cd 3Dc 3Dd 3De 3Ee 3Eh 3Ej 3Ed 3Ek 3Em 3Fd 4Aa 4Ae 4Ah 4Ag 4Ai 4Ak 4Bd 4Bg 4Bf 4Bh 4Bj 4Db 4Da 4M 4Ea 4Eb 4Ef 4Ec 4Eg 4Ei 4El 4Fb 4Fa 4Fc 4Fe 4Fc 4Fa 4Fb 4El 4Ei 4Eg 4Ec 4Ef 4Eb 4Ea 4M 4Da 4Db 4Bj 4Bh 4Bf 4Bg 4Bd 4Ak 4Ai 4Ag 4Ah 4Ae 4Aa 3Fd 3Em 3Ek 3Ed 3Ej 3Eh 3Ee 3De 3Dd 3Dc 3Cd 3Cc 3Cb 3Ca 3Bi 3Be 3Bc 3Ba 3Bb 3Aj 3Af 3Ad 3Ab 3Ac 2Fe 2Fc 2Fa 2Fb 2El 2Ei 2Eg 2Ee 2De 2Dc 2Cd 2Cc 2Cb 2Ca 2Bj 2Bi 2Bh 2Bf 2Bg 2Be 2Bd 2Bc 2Ba 2Bb 2Ak 2Aj 2Ai 2Ag 2Ah 2Af 2Ae 2Ad 2Ab 2Ac 2Aa 1Fe 1Fd 1Fc 1Fa 1Fb 1Em 1El 1Ek 1Ed 1Ej 1Ei 1Eh 1Eg 1Ec 1Ef 1Ee 1Ea 1Eb 1De 1Dd 1Dc 1Cd 1Cc 1Cb 1Ca 1Bi 1Be 1Bc 1Ba 1Bb 1Aj 1Af 1Ad 1Ab 1Ac 1Aa 1Ae 1Ah 1Ag 1Ai 1Ak 1Bd 1Bg 1Bf 1Bh 1Bj 1Db 1Da 1M S
96
1Aa 1Aa
1Ab 1Ab
1Ac 1Ac
1Ad 1Ad
1Ae 1Ae
1Ag 1Ag
1Ah 1Ah
1Ai 1Ai
1Aj 1Aj
1Bb 1Bb
1Bf 1Bf
1Bi 1Bi
1Bj 1Bj
1Ca 1Ca
1Cb 1Cb
1Cc 1Cc
1Cd 1Cd
1Dd 1Dd
1De 1De
1Ee 1Ee
1Eh 1Eh
1Ei 1Ei
1Ek 1Ek
1Fe 1Fe
2Aa 2Aa
2Ab 2Ab
2Ac 2Ac
2Ad 2Ad
2Ae 2Ae
2Ag 2Ag
2Ah 2Ah
2Ai 2Ai
2Aj 2Aj
2Bb 2Bb
2Bf 2Bf
2Bi 2Bi
2Bj 2Bj
2Ca 2Ca
2Cb 2Cb
2Cc 2Cc
2Cd 2Cd
2Dd 2Dd
2De 2De
2Ee 2Ee
2Eh 2Eh
2Ei 2Ei
2Ek 2Ek
2Fe 2Fe
3Aa 3Aa
3Ab 3Ab
3Ac 3Ac
3Ad 3Ad
3Ae 3Ae
3Ag 3Ag
3Ah 3Ah
3Ai 3Ai
3Aj 3Aj
3Bb 3Bb
3Bf 3Bf
3Bi 3Bi
3Bj 3Bj
3Ca 3Ca
3Cb 3Cb
3Cc 3Cc
3Cd 3Cd
3Dd 3Dd
3De 3De
3Ee 3Ee
3Eh 3Eh
3Ei 3Ei
3Ek 3Ek
3Fe 3Fe
4Aa 4Aa
4Ab 4Ab
4Ac 4Ac
4Ad 4Ad
4Ae 4Ae
4Ag 4Ag
4Ah 4Ah
4Ai 4Ai
4Aj 4Aj
4Bb 4Bb
4Bf 4Bf
4Bi 4Bi
4Bj 4Bj
4Ca 4Ca
4Cb 4Cb
4Cc 4Cc
4Cd 4Cd
4Dd 4Dd
4De 4De
4Ee 4Ee
4Eh 4Eh
4Ei 4Ei
4Ek 4Ek
4Fe 4Fe
