0 1 5 4 2 3 7 8 6 9 10 14 15 11 12 13 17 18 23 22 16 19 20 25 24 21 26 32 33 28 27 29 30 35 34 31 36 40 39 37 38 42 43 47 48 54 55 51 57 56 61 67 68 66 72 73 77 78 79 80 82 83 84 85 87 88 89 90 92 93 94 95 94 93 92 90 89 88 87 85 84 83 82 80 79 78 77 73 72 66 68 67 61 56 57 51 55 54 48 47 43 42 38 37 39 40 36 31 34 35 30 29 27 28 33 32 26 21 24 25 20 19 16 22 23 18 17 13 12 11 15 14 10 9 6 8 7 3 2 4 5 1 0 49 50 45 44 41 46 52 53 58 59 60 62 63 64 65 69 70 75 74 71 76 81 86 91 96 97 98 99 98 97 96 91 86 81 76 71 74 75 70 69 65 64 63 62 60 59 58 53 52 46 41 44 45 50 49 0
50
27 27
54 54
63 63
79 79
95 95
42 42
45 45
20 20
78 78
34 34
67 67
92 92
19 19
15 15
23 23
17 17
88 88
84 84
57 57
80 80
33 33
39 39
62 62
89 89
44 44
3 3
58 58
18 18
43 43
83 83
49 49
4 4
25 25
73 73
64 64
68 68
50 50
47 47
94 94
93 93
28 28
82 82
48 48
9 9
72 72
40 40
70 70
65 65
38 38
53 53
