0 198 197 196 191 193 192 186 187 188 194 195 194 188 187 186 192 193 191 196 197 198 0 1 5 4 2 3 7 8 6 9 10 14 15 11 12 13 17 18 16 19 20 24 25 21 22 23 27 28 33 32 26 29 30 34 35 31 37 38 40 39 36 42 43 41 44 45 49 50 46 47 48 52 53 59 60 64 65 61 56 58 57 51 54 55 62 63 67 68 66 69 70 74 75 71 72 73 77 78 76 79 80 84 85 93 92 86 88 87 81 82 83 89 90 97 98 96 91 94 95 99 100 104 105 109 110 114 115 119 120 124 125 132 133 137 138 142 143 147 148 152 153 157 158 164 165 172 173 177 178 182 183 181 176 171 166 168 167 161 163 162 156 151 146 141 136 131 126 128 127 121 116 111 112 106 101 102 103 107 108 113 117 118 122 123 129 130 134 135 139 140 144 145 149 150 154 155 159 160 169 170 174 175 179 180 184 185 189 190 199 190 189 185 184 180 179 175 174 170 169 160 159 155 154 150 149 145 144 140 139 135 134 130 129 123 122 118 117 113 108 107 103 102 101 106 112 111 116 121 127 128 126 131 136 141 146 151 156 162 163 161 167 168 166 171 176 181 183 182 178 177 173 172 165 164 158 157 153 152 148 147 143 142 138 137 133 132 125 124 120 119 115 114 110 109 105 104 100 99 95 94 91 96 98 97 90 89 83 82 81 87 88 86 92 93 85 84 80 79 76 78 77 73 72 71 75 74 70 69 66 68 67 63 62 55 54 51 57 58 56 61 65 64 60 59 53 52 48 47 46 50 49 45 44 41 43 42 36 39 40 38 37 31 35 34 30 29 26 32 33 28 27 23 22 21 25 24 20 19 16 18 17 13 12 11 15 14 10 9 6 8 7 3 2 4 5 1 0
100
58 58
24 24
44 44
135 135
73 73
100 100
7 7
22 22
35 35
99 99
90 90
17 17
137 137
72 72
63 63
163 163
78 78
79 79
65 65
105 105
192 192
155 155
164 164
14 14
34 34
109 109
60 60
189 189
19 19
107 107
48 48
114 114
42 42
118 118
183 183
95 95
144 144
193 193
53 53
83 83
103 103
143 143
184 184
52 52
38 38
64 64
139 139
145 145
98 98
25 25
180 180
30 30
94 94
165 165
102 102
130 130
195 195
112 112
33 33
75 75
108 108
140 140
62 62
122 122
169 169
70 70
152 152
179 179
3 3
127 127
27 27
68 68
162 162
93 93
187 187
185 185
13 13
97 97
12 12
32 32
47 47
87 87
173 173
29 29
113 113
59 59
39 39
142 142
153 153
129 129
159 159
84 84
170 170
74 74
128 128
149 149
138 138
80 80
82 82
104 104
