44 75 69 96 77 57 56 95 14 2 87 59 4 42 83 23 31 53 25 41 28 80 89 94 62 94 89 80 28 41 25 53 31 23 83 42 4 59 87 2 14 95 56 57 77 96 69 75 44 21 15 51 61 35 97 11 37 46 43 27 66 12 8 9 99 39 78 76 64 71 13 38 52 72 0 36 85 86 19 45 40 10 3 18 82 98 92 74 88 20 17 6 55 65 7 30 32 91 60 49 70 48 68 33 5 93 63 29 24 54 67 81 58 26 73 84 34 1 47 22 79 50 16 90 16 50 79 22 47 1 34 84 73 26 58 81 67 54 24 29 63 93 5 33 68 48 70 49 60 91 32 30 7 65 55 6 17 20 88 74 92 98 82 18 3 10 40 45 19 86 85 36 0 72 52 38 13 71 64 76 78 39 99 9 8 12 66 27 43 46 37 11 97 35 61 51 15 21 44
33
0 0
1 1
2 2
3 3
4 4
5 5
6 6
7 7
8 8
9 9
10 10
11 11
12 12
13 13
14 14
15 15
16 16
17 17
18 18
19 19
20 20
21 21
22 22
23 23
24 24
25 25
26 26
27 27
28 28
29 29
30 30
31 31
32 32
