74 167 136 103 165 111 120 42 144 102 1 94 40 181 13 0 22 9 121 97 24 157 38 21 4 3 101 12 174 183 44 16 147 65 52 125 77 35 180 2 185 85 168 184 155 76 194 33 113 119 117 98 170 100 132 169 31 190 196 27 10 69 124 28 114 126 41 182 91 34 20 6 161 29 90 173 59 58 137 177 50 191 87 141 19 46 78 8 133 89 154 152 122 138 66 63 186 82 75 36 140 145 189 49 179 162 134 79 134 162 179 49 189 145 140 36 75 82 186 63 66 138 122 152 154 89 133 8 78 46 19 141 87 191 50 177 137 58 59 173 90 29 161 6 20 34 91 182 41 126 114 28 124 69 10 27 196 190 31 169 132 100 170 98 117 119 113 33 194 76 155 184 168 85 185 2 180 35 77 125 52 65 147 16 44 183 174 12 101 3 4 21 38 157 24 97 121 9 22 0 13 181 40 94 1 102 144 42 120 111 165 103 136 167 74 112 26 51 116 104 83 73 70 142 5 45 123 151 146 163 135 108 106 96 107 166 68 93 64 99 67 72 88 57 115 131 55 148 171 80 11 95 62 188 17 158 14 56 153 43 84 130 129 150 47 195 197 71 39 159 176 193 127 110 192 172 128 61 53 178 54 187 86 143 37 18 164 48 149 7 15 139 118 109 30 92 60 175 105 160 32 25 198 81 156 23 199 23 156 81 198 25 32 160 105 175 60 92 30 109 118 139 15 7 149 48 164 18 37 143 86 187 54 178 53 61 128 172 192 110 127 193 176 159 39 71 197 195 47 150 129 130 84 43 153 56 14 158 17 188 62 95 11 80 171 148 55 131 115 57 88 72 67 99 64 93 68 166 107 96 106 108 135 163 146 151 123 45 5 142 70 73 83 104 116 51 26 112 74
66
0 0
1 1
2 2
3 3
4 4
5 5
6 6
7 7
8 8
9 9
10 10
11 11
12 12
13 13
14 14
15 15
16 16
17 17
18 18
19 19
20 20
21 21
22 22
23 23
24 24
25 25
26 26
27 27
28 28
29 29
30 30
31 31
32 32
33 33
34 34
35 35
36 36
37 37
38 38
39 39
40 40
41 41
42 42
43 43
44 44
45 45
46 46
47 47
48 48
49 49
50 50
51 51
52 52
53 53
54 54
55 55
56 56
57 57
58 58
59 59
60 60
61 61
62 62
63 63
64 64
65 65
