56 89 68 23 41 67 36 19 8 83 81 29 3 7 66 10 52 20 87 26 6 85 75 0 38 74 32 31 61 4 77 79 82 80 18 21 16 44 45 2 76 92 90 47 37 40 14 9 1 71 73 46 88 59 49 60 30 54 30 60 49 59 88 46 73 71 1 9 14 40 37 47 90 92 76 2 45 44 16 21 18 80 82 79 77 4 61 31 32 74 38 0 75 85 6 26 87 20 52 10 66 7 3 29 81 83 8 19 36 67 41 23 68 89 56 58 13 42 27 70 5 35 84 28 72 33 65 86 43 39 57 48 22 24 69 50 53 62 34 15 91 25 17 11 55 63 51 78 12 64 12 78 51 63 55 11 17 25 91 15 34 62 53 50 69 24 22 48 57 39 43 86 65 33 72 28 84 35 5 70 27 42 13 58 56
48
0 0
1 1
3 3
4 4
5 5
8 8
9 9
10 10
13 13
15 15
17 17
19 19
20 20
22 22
23 23
24 24
29 29
30 30
31 31
32 32
33 33
36 36
38 38
41 41
42 42
48 48
50 50
54 54
57 57
58 58
60 60
61 61
63 63
65 65
66 66
67 67
68 68
74 74
81 81
82 82
83 83
84 84
85 85
88 88
89 89
90 90
91 91
92 92
