93 62 18 89 168 120 28 7 117 164 43 165 143 77 5 130 75 113 102 158 174 0 118 92 38 131 33 95 61 79 54 110 91 47 78 72 25 59 96 30 116 128 84 163 63 82 151 52 31 139 152 57 132 67 173 115 8 101 172 124 104 10 58 13 105 44 169 155 88 32 27 129 74 83 150 154 19 12 64 140 3 156 159 45 51 134 103 6 108 170 144 171 167 125 141 35 162 40 50 106 114 68 21 23 145 111 86 119 1 153 60 109 149 123 36 69 9 48 127 2 73 175 161 112 49 137 166 81 177 136 87 135 87 136 177 81 166 137 49 112 161 175 73 2 127 48 9 69 36 123 149 109 60 153 1 119 86 111 145 23 21 68 114 106 50 40 162 35 141 125 167 171 144 170 108 6 103 134 51 45 159 156 3 140 64 12 19 154 150 83 74 129 27 32 88 155 169 44 105 13 58 10 104 124 172 101 8 115 173 67 132 57 152 139 31 52 151 82 63 163 84 128 116 30 96 59 25 72 78 47 91 110 54 79 61 95 33 131 38 92 118 0 174 158 102 113 75 130 5 77 143 165 43 164 117 7 28 120 168 89 18 62 93 71 37 20 70 146 46 80 94 138 157 160 133 65 66 11 99 14 126 98 107 24 4 76 17 85 148 15 176 42 121 147 26 97 39 16 29 53 100 90 34 56 22 41 122 55 142 55 122 41 22 56 34 90 100 53 29 16 39 97 26 147 121 42 176 15 148 85 17 76 4 24 107 98 126 14 99 11 66 65 133 160 157 138 94 80 46 146 70 20 37 71 93
91
1 1
2 2
4 4
14 14
18 18
19 19
20 20
24 24
26 26
27 27
34 34
36 36
38 38
39 39
40 40
43 43
46 46
47 47
49 49
51 51
52 52
53 53
56 56
57 57
61 61
62 62
63 63
64 64
65 65
66 66
67 67
70 70
72 72
73 73
74 74
75 75
76 76
77 77
79 79
80 80
81 81
82 82
84 84
86 86
87 87
90 90
91 91
95 95
98 98
99 99
101 101
102 102
105 105
108 108
109 109
110 110
111 111
115 115
116 116
117 117
119 119
121 121
122 122
124 124
125 125
129 129
130 130
131 131
136 136
137 137
138 138
140 140
141 141
143 143
146 146
147 147
151 151
154 154
155 155
157 157
161 161
163 163
165 165
168 168
169 169
170 170
171 171
172 172
174 174
176 176
177 177
