Dannemora Fire Earlville Hartsdale DeRuyter Fairmount Gordon Oakdale Olcott Oakdale Gordon Fairmount DeRuyter Hartsdale Earlville Fire Dannemora Hamburg Hillburn Gouverneur Falconer Gasport Galeville Delevan Dansville Depauville Ghent Downey Herrings Deferiet Fishers Forest Norwich Fabius Mills Fishkill Davis Forestville Freeport Oceanside Fair Hamilton Heuvelton Nunda Herricks Deposit Depew Geneva Fairview Hewlett Hempstead Fonda Fleischmanns Gloversville Hancock Flower Hauppauge Heritage Norwood Franklin Haviland Gilbertsville Flanders Frankfort Goshen Highland Farmingville Florida Farnham Freeville Delhi Frewsburg Odessa Hannibal Gardiner Fulton Nyack Delanson Deer Granville Northville Glenwood Hawthorne Harrisville Harrison Friendship Firthcliffe Fairport Dunkirk Noyack Haverstraw Oakfield Glasco Highfalls Hicksville Herkimer Fayetteville Harbor Fredonia Gowanda Franklinville Hermon Dexter Germantown Delmar Wantagh Ogdensburg Olean Ogdensburg Wantagh Delmar Germantown Dexter Hermon Franklinville Gowanda Fredonia Harbor Fayetteville Herkimer Hicksville Highfalls Glasco Oakfield Haverstraw Noyack Dunkirk Fairport Firthcliffe Friendship Harrison Harrisville Hawthorne Glenwood Northville Granville Deer Delanson Nyack Fulton Gardiner Hannibal Odessa Frewsburg Delhi Freeville Farnham Florida Farmingville Highland Goshen Frankfort Flanders Gilbertsville Haviland Franklin Norwood Heritage Hauppauge Flower Hancock Gloversville Fleischmanns Fonda Hempstead Hewlett Fairview Geneva Depew Deposit Herricks Nunda Heuvelton Hamilton Fair Oceanside Freeport Forestville Davis Fishkill Mills Fabius Norwich Forest Fishers Deferiet Herrings Downey Ghent Depauville Dansville Delevan Galeville Gasport Falconer Gouverneur Hillburn Hamburg Dannemora
50
Dansville Dansville
Davis Davis
Deer Deer
Deferiet Deferiet
Delanson Delanson
Delevan Delevan
Delhi Delhi
Delmar Delmar
Depauville Depauville
Depew Depew
Deposit Deposit
DeRuyter DeRuyter
Dexter Dexter
Dunkirk Dunkirk
Earlville Earlville
Fabius Fabius
Fair Fair
Fairmount Fairmount
Fairport Fairport
Fairview Fairview
Falconer Falconer
Farmingville Farmingville
Farnham Farnham
Fayetteville Fayetteville
Fire Fire
Firthcliffe Firthcliffe
Fishers Fishers
Fishkill Fishkill
Flanders Flanders
Fleischmanns Fleischmanns
Florida Florida
Flower Flower
Fonda Fonda
Forest Forest
Forestville Forestville
Frankfort Frankfort
Franklin Franklin
Franklinville Franklinville
Fredonia Fredonia
Freeport Freeport
Freeville Freeville
Frewsburg Frewsburg
Friendship Friendship
Fulton Fulton
Galeville Galeville
Gardiner Gardiner
Gasport Gasport
Geneva Geneva
Germantown Germantown
Ghent Ghent
