Acton Compton Bowles Buttonwillow Boronda Clyde Colma Cypress Fowler Coronado Belmont Brisbane Corning Delleker Capitola Barstow Cobb Esparto Alamo Avalon Avenal Chowchilla Avery Fullerton Duarte Carmichael Freedom Cottonwood Cutten Colton Byron Fruitdale Fremont Delhi Corcoran Atherton Commerce Dorrington Castroville Fontana Alpine Columbia Fillmore Arcata Clayton Cherryland Firebaugh Ferndale Clearlake Ashland Artesia Arvin Cayucos Carpinteria Citrus Chester Chualar Cutler Bonsall Atascadero Angwin Antioch Folsom Caribou Anderson Almanor Cambria Alhambra Belden Benicia Bonita Belvedere Arcadia Calwa Fortuna Diablo Brentwood Biola Arbuckle Blythe Danville Armona Berkeley Alameda Carrick Concow Eureka Brawley Biggs Denair Delano Dinuba Banning Fresno August Forestville Coalinga Fairview Exeter Empire Etna Copperopolis Beaumont Calabasas Coachella Amesti Broadmoor Dixon Dunsmuir Calimesa Davis Aromas Bystrom Anaheim Calistoga Beckwourth Azusa Brea Bishop Carson Fallbrook Fairfax Chino Bootjack Cloverdale Altadena Foresthill Felton Farmington Dublin Arnold Campbell Gardena Farmersville Covelo Cartago Bluewater Cerritos Bell Alpaugh Escalon Calipatria Crockett Cabazon Burney Burlingame Ducor Bayview Colfax Bradley Caruthers Darwin Clovis Fellows Gazelle Florin Alturas Fairfield Aptos Corona Auberry Auburn Ceres Bloomington Cupertino Cromberg Calexico Blairsden Downey Covina Cudahy Bodfish Cotati Boron Dorris Crest Concord Corralitos Crestline Colusa Adelanto Bradbury Bakersfield Canyondam Camarillo Burbank Galt Burbank Camarillo Canyondam Bakersfield Bradbury Adelanto Colusa Crestline Corralitos Concord Crest Dorris Boron Cotati Bodfish Cudahy Covina Downey Blairsden Calexico Cromberg Cupertino Bloomington Ceres Auburn Auberry Corona Aptos Fairfield Alturas Florin Gazelle Fellows Clovis Darwin Caruthers Bradley Colfax Bayview Ducor Burlingame Burney Cabazon Crockett Calipatria Escalon Alpaugh Bell Cerritos Bluewater Cartago Covelo Farmersville Gardena Campbell Arnold Dublin Farmington Felton Foresthill Altadena Cloverdale Bootjack Chino Fairfax Fallbrook Carson Bishop Brea Azusa Beckwourth Calistoga Anaheim Bystrom Aromas Davis Calimesa Dunsmuir Dixon Broadmoor Amesti Coachella Calabasas Beaumont Copperopolis Etna Empire Exeter Fairview Coalinga Forestville August Fresno Banning Dinuba Delano Denair Biggs Brawley Eureka Concow Carrick Alameda Berkeley Armona Danville Blythe Arbuckle Biola Brentwood Diablo Fortuna Calwa Arcadia Belvedere Bonita Benicia Belden Alhambra Cambria Almanor Anderson Caribou Folsom Antioch Angwin Atascadero Bonsall Cutler Chualar Chester Citrus Carpinteria Cayucos Arvin Artesia Ashland Clearlake Ferndale Firebaugh Cherryland Clayton Arcata Fillmore Columbia Alpine Fontana Castroville Dorrington Commerce Atherton Corcoran Delhi Fremont Fruitdale Byron Colton Cutten Cottonwood Freedom Carmichael Duarte Fullerton Avery Chowchilla Avenal Avalon Alamo Esparto Cobb Barstow Capitola Delleker Corning Brisbane Belmont Coronado Fowler Cypress Colma Clyde Boronda Buttonwillow Bowles Compton Acton Albany Escondido Atwater Emeryville Durham Clio Claremont Encinitas Carlsbad Bellflower Bolinas Friant Georgetown Friant Bolinas Bellflower Carlsbad Encinitas Claremont Clio Durham Emeryville Atwater Escondido Albany Acton
100
Adelanto Adelanto
Alameda Alameda
Alamo Alamo
Albany Albany
Alhambra Alhambra
Almanor Almanor
Alpaugh Alpaugh
Alpine Alpine
Altadena Altadena
Alturas Alturas
Amesti Amesti
Anaheim Anaheim
Anderson Anderson
Angwin Angwin
Antioch Antioch
Aptos Aptos
Arbuckle Arbuckle
Arcadia Arcadia
Arcata Arcata
Armona Armona
Arnold Arnold
Aromas Aromas
Artesia Artesia
Arvin Arvin
Ashland Ashland
Atascadero Atascadero
Atherton Atherton
Atwater Atwater
Auberry Auberry
Auburn Auburn
August August
Avalon Avalon
Avenal Avenal
Avery Avery
Azusa Azusa
Bakersfield Bakersfield
Banning Banning
Barstow Barstow
Bayview Bayview
Beaumont Beaumont
Beckwourth Beckwourth
Belden Belden
Bell Bell
Bellflower Bellflower
Belmont Belmont
Belvedere Belvedere
Benicia Benicia
Berkeley Berkeley
Biggs Biggs
Biola Biola
Bishop Bishop
Blairsden Blairsden
Bloomington Bloomington
Bluewater Bluewater
Blythe Blythe
Bodfish Bodfish
Bolinas Bolinas
Bonita Bonita
Bonsall Bonsall
Bootjack Bootjack
Boron Boron
Boronda Boronda
Bowles Bowles
Bradbury Bradbury
Bradley Bradley
Brawley Brawley
Brea Brea
Brentwood Brentwood
Brisbane Brisbane
Broadmoor Broadmoor
Burbank Burbank
Burlingame Burlingame
Burney Burney
Buttonwillow Buttonwillow
Byron Byron
Bystrom Bystrom
Cabazon Cabazon
Calabasas Calabasas
Calexico Calexico
Calimesa Calimesa
Calipatria Calipatria
Calistoga Calistoga
Calwa Calwa
Camarillo Camarillo
Cambria Cambria
Campbell Campbell
Canyondam Canyondam
Capitola Capitola
Caribou Caribou
Carlsbad Carlsbad
Carmichael Carmichael
Carpinteria Carpinteria
Carrick Carrick
Carson Carson
Cartago Cartago
Caruthers Caruthers
Castroville Castroville
Cayucos Cayucos
Ceres Ceres
Cerritos Cerritos
