Acadia Biscayne Cuyahoga Channel Indiana Haleakala Shenandoah Haleakala Indiana Channel Cuyahoga Biscayne Acadia Capitol Kobuk Rainier Petrified Kings Arches Olympic Crater Badlands Clark Canyonlands Brycecanyon Glacier Gunnison Basin Tortugas Bend Voyageurs Saguaro Gateway Teton Redwood Kenai Isle Lassen Smoky Mammoth Guadalupe Sequoia Wrangell Teddy Cascades Pinnacles Joshua Rocky Caverns Congaree Everglades Katmai Denali Yosemite Zion Yellowstone Zion Yosemite Denali Katmai Everglades Congaree Caverns Rocky Joshua Pinnacles Cascades Teddy Wrangell Sequoia Guadalupe Mammoth Smoky Lassen Isle Kenai Redwood Teton Gateway Saguaro Voyageurs Bend Tortugas Basin Gunnison Glacier Brycecanyon Canyonlands Clark Badlands Crater Olympic Arches Kings Petrified Rainier Kobuk Capitol Acadia
25
Arches Arches
Badlands Badlands
Bend Bend
Biscayne Biscayne
Gunnison Gunnison
Brycecanyon Brycecanyon
Canyonlands Canyonlands
Capitol Capitol
Caverns Caverns
Channel Channel
Congaree Congaree
Crater Crater
Cuyahoga Cuyahoga
Denali Denali
Tortugas Tortugas
Everglades Everglades
Gateway Gateway
Glacier Glacier
Teton Teton
Basin Basin
Smoky Smoky
Guadalupe Guadalupe
Haleakala Haleakala
Indiana Indiana
Isle Isle
