Soda Durmstrang Ilvermorny GodricsHollow Lothlorien Mirkwood Moira North CasterlyRock Stormlands Westeros Braavos Qarth Ghis Sunspear Iluin Mordor Narnia Telmar YiTi Pern YiTi Telmar Narnia Mordor Iluin Sunspear Ghis Qarth Braavos Westeros Stormlands CasterlyRock North Moira Mirkwood Lothlorien GodricsHollow Ilvermorny Durmstrang Soda Hogwarts Beauxbatons Hogsmeade Arda Rivendell LonelyMountain Mandos Reach Vale Dorne Andalos Pentos Essos Qohor Valyria Mereen KingsLanding Ormal Hobbiton Calor StoneTable VaesDothrak Ulthos Sothoryos Arnor Gondor Lindon Rovanion Rohan Rhun Khado Rhun Rohan Rovanion Lindon Gondor Arnor Sothoryos Ulthos VaesDothrak StoneTable Calor Hobbiton Ormal KingsLanding Mereen Valyria Qohor Essos Pentos Andalos Dorne Vale Reach Mandos LonelyMountain Rivendell Arda Hogsmeade Beauxbatons Hogwarts Soda
26
Hogwarts Hogwarts
Beauxbatons Beauxbatons
Hogsmeade Hogsmeade
Arda Arda
Rivendell Rivendell
LonelyMountain LonelyMountain
Mandos Mandos
Reach Reach
Vale Vale
Dorne Dorne
Westeros Westeros
Essos Essos
Braavos Braavos
Qohor Qohor
Qarth Qarth
Valyria Valyria
Ghis Ghis
Mereen Mereen
Sunspear Sunspear
KingsLanding KingsLanding
Iluin Iluin
Ormal Ormal
Mordor Mordor
Hobbiton Hobbiton
Sothoryos Sothoryos
Khado Khado
