6 13 12 10 8 11 7 1 2 5 3 9 14 15 18 20 27 26 23 17 19 16 21 25 22 24 28 32 29 30 33 31 34 41 48 55 54 51 45 47 44 38 40 37 35 39 36 42 46 43 49 53 50 52 56 60 62 61 59 57 58 63 67 69 76 75 72 66 68 65 64 70 74 71 73 77 78 81 83 82 79 80 84 88 90 97 96 93 87 89 86 85 91 95 92 94 98 94 92 95 91 85 86 89 87 93 96 97 90 88 84 80 79 82 83 81 78 77 73 71 74 70 64 65 68 66 72 75 76 69 67 63 58 57 59 61 62 60 56 52 50 53 49 43 46 42 36 39 35 37 40 38 44 47 45 51 54 55 48 41 34 31 33 30 29 32 28 24 22 25 21 16 19 17 23 26 27 20 18 15 14 9 3 5 2 1 7 11 8 10 12 13 6 4 0 99 0 4 6
42
2 2
6 6
4 4
9 9
11 11
8 8
14 14
18 18
15 15
25 25
21 21
24 24
34 34
31 31
29 29
39 39
35 35
41 41
48 48
44 44
46 46
52 52
54 54
49 49
56 56
60 60
59 59
67 67
63 63
65 65
75 75
71 71
73 73
82 82
78 78
79 79
84 84
88 88
90 90
94 94
95 95
92 92
