6 195 188 186 183 178 176 179 175 171 173 170 169 172 168 164 162 165 161 156 155 158 154 150 152 149 148 143 145 146 139 137 133 128 127 130 126 122 124 121 120 123 119 115 117 114 113 116 112 108 110 107 106 101 99 102 98 93 96 94 92 95 91 87 85 88 84 78 73 75 72 71 66 64 67 63 59 61 58 56 52 54 51 49 44 47 48 41 36 39 35 30 33 31 37 40 38 42 46 43 45 50 53 55 57 60 62 69 68 65 70 74 76 83 81 77 79 82 80 86 89 90 97 104 103 100 105 109 111 118 125 132 131 129 134 135 138 136 140 144 141 142 147 151 153 160 159 157 163 166 167 174 181 180 177 182 184 187 185 189 193 190 191 194 192 196 192 194 191 190 193 189 185 187 184 182 177 180 181 174 167 166 163 157 159 160 153 151 147 142 141 144 140 136 138 135 134 129 131 132 125 118 111 109 105 100 103 104 97 90 89 86 80 82 79 77 81 83 76 74 70 65 68 69 62 60 57 55 53 50 45 43 46 42 38 40 37 31 33 30 35 39 36 41 48 47 44 49 51 54 52 56 58 61 59 63 67 64 66 71 72 75 73 78 84 88 85 87 91 95 92 94 96 93 98 102 99 101 106 107 110 108 112 116 113 114 117 115 119 123 120 121 124 122 126 130 127 128 133 137 139 146 145 143 148 149 152 150 154 158 155 156 161 165 162 164 168 172 169 170 173 171 175 179 176 178 183 186 188 195 6 13 20 27 34 32 29 28 24 26 23 22 25 21 17 19 16 15 18 14 10 12 9 8 11 7 3 5 2 1 4 0 199 198 197 198 199 0 4 1 2 5 3 7 11 8 9 12 10 14 18 15 16 19 17 21 25 22 23 26 24 28 29 32 34 27 20 13 6
84
6 6
2 2
1 1
10 10
12 12
11 11
19 19
17 17
18 18
27 27
25 25
22 22
31 31
30 30
32 32
38 38
41 41
39 39
44 44
43 43
47 47
50 50
51 51
53 53
61 61
60 60
62 62
64 64
69 69
65 65
76 76
74 74
75 75
83 83
77 77
80 80
90 90
87 87
88 88
96 96
91 91
94 94
101 101
100 100
103 103
110 110
106 106
105 105
116 116
115 115
112 112
124 124
120 120
122 122
128 128
129 129
126 126
136 136
134 134
133 133
140 140
145 145
142 142
150 150
148 148
149 149
155 155
160 160
154 154
165 165
166 166
161 161
174 174
172 172
169 169
179 179
177 177
181 181
182 182
184 184
186 186
194 194
189 189
190 190
