58 68 69 59 49 39 29 19 29 39 49 59 69 68 58 48 38 28 18 9 8 7 17 27 37 47 57 67 77 87 78 79 88 89 99 98 97 96 86 76 66 56 46 36 45 55 65 75 85 95 94 84 74 64 54 44 34 43 33 23 24 15 25 35 26 16 6 5 14 4 3 13 2 1 0 10 20 30 40 50 60 70 80 90 91 81 71 61 52 51 41 31 21 11 12 22 32 42 53 63 73 62 72 82 92 93 83 93 92 82 72 62 73 63 53 42 32 22 12 11 21 31 41 51 52 61 71 81 91 90 80 70 60 50 40 30 20 10 0 1 2 13 3 4 14 5 6 16 26 35 25 15 24 23 33 43 34 44 54 64 74 84 94 95 85 75 65 55 45 36 46 56 66 76 86 96 97 98 99 89 88 79 78 87 77 67 57 47 37 27 17 7 8 9 18 28 38 48 58
45
0 0
3 3
4 4
5 5
7 7
10 10
11 11
12 12
19 19
21 21
22 22
29 29
30 30
31 31
32 32
33 33
36 36
39 39
40 40
42 42
43 43
44 44
45 45
50 50
52 52
55 55
61 61
63 63
64 64
65 65
70 70
72 72
73 73
76 76
78 78
79 79
83 83
86 86
87 87
88 88
90 90
94 94
95 95
98 98
99 99
