0 10 20 30 40 50 60 70 80 90 100 110 120 130 140 150 160 170 180 190 191 181 171 162 152 161 151 141 131 132 122 112 102 92 82 81 91 101 111 121 142 133 124 134 123 113 114 104 103 93 83 73 72 71 61 51 41 31 21 31 41 51 61 71 72 73 83 93 103 104 114 113 123 134 124 133 142 121 111 101 91 81 82 92 102 112 122 132 131 141 151 161 152 162 171 181 191 190 180 170 160 150 140 130 120 110 100 90 80 70 60 50 40 30 20 10 0 1 11 32 42 52 62 63 53 54 43 33 22 12 2 3 13 23 44 34 24 14 4 5 15 25 35 45 55 65 64 74 84 94 85 75 86 76 66 56 46 36 26 17 7 6 16 27 28 18 8 9 19 29 39 49 59 69 79 88 78 68 58 48 38 37 47 57 67 77 87 97 107 117 127 137 147 157 178 187 177 167 156 146 136 126 116 106 96 95 105 115 125 135 145 155 165 175 174 164 154 144 143 153 163 173 172 182 192 193 183 184 194 195 185 166 176 186 196 197 198 188 199 189 179 169 168 158 148 138 128 118 108 98 89 99 109 119 129 139 149 159 149 139 129 119 109 99 89 98 108 118 128 138 148 158 168 169 179 189 199 188 198 197 196 186 176 166 185 195 194 184 183 193 192 182 172 173 163 153 143 144 154 164 174 175 165 155 145 135 125 115 105 95 96 106 116 126 136 146 156 167 177 187 178 157 147 137 127 117 107 97 87 77 67 57 47 37 38 48 58 68 78 88 79 69 59 49 39 29 19 9 8 18 28 27 16 6 7 17 26 36 46 56 66 76 86 75 85 94 84 74 64 65 55 45 35 25 15 5 4 14 24 34 44 23 13 3 2 12 22 33 43 54 53 63 62 52 42 32 11 1 0
97
3 3
4 4
6 6
8 8
11 11
12 12
13 13
15 15
17 17
19 19
20 20
22 22
24 24
26 26
27 27
28 28
30 30
31 31
33 33
35 35
36 36
40 40
43 43
45 45
46 46
47 47
51 51
52 52
54 54
55 55
56 56
57 57
58 58
62 62
63 63
64 64
66 66
73 73
75 75
76 76
77 77
80 80
82 82
84 84
85 85
87 87
89 89
90 90
91 91
92 92
94 94
95 95
104 104
105 105
107 107
111 111
112 112
114 114
115 115
119 119
123 123
124 124
126 126
132 132
135 135
137 137
138 138
139 139
143 143
147 147
148 148
149 149
150 150
151 151
155 155
156 156
157 157
158 158
159 159
161 161
162 162
167 167
168 168
171 171
172 172
173 173
174 174
175 175
178 178
180 180
184 184
185 185
186 186
188 188
192 192
193 193
196 196
