Greenhouse Insectary IshiCourt JonesStudyCent KoshlandHall KrutchTheater lawrence LeConteHall LevFricField SciencesAddition mlk maxwell McEnerneyHall memorialpool MinorHallAdd MorganHall MosesHall nrl NorthGateHall OBrienHall AlumniHouse AnthonyHall BancroftLibrary BarkerHall BarrowsHall BechtelEngineering BerkeleyWest BlackwellHall BoaltHall ImagingCenter CaliforniaHall CalvinLaboratory CareerCenter ChavezCenter ChouHall ChavezCenter CareerCenter CalvinLaboratory CaliforniaHall ImagingCenter BoaltHall BlackwellHall BerkeleyWest BechtelEngineering BarrowsHall BarkerHall BancroftLibrary AnthonyHall AlumniHouse OBrienHall NorthGateHall nrl MosesHall MorganHall MinorHallAdd memorialpool McEnerneyHall maxwell mlk SciencesAddition LevFricField LeConteHall lawrence KrutchTheater KoshlandHall JonesStudyCent IshiCourt Insectary Greenhouse HilgardHall iHouse JacobsHall KlebFieldHouse KroeberHall LatimerHall LawrenceHall AquaticCenter LewisHall Lsproul MathSciencesRes McConeHall McLaughlin MinorHall moffit MorrisonHall MulfordHall NorthField NAnimalFacil ObservHill AndersenAud ArchsEngineers BanwayBldg BarrowLane BARTStation BerkeleyMuseum BirgeHall BlumHall BotanGarden StarrLibrary CaliforniaStadium CampbellHall ChanAuditorium CheitHall ClarkCampus CheitHall ChanAuditorium CampbellHall CaliforniaStadium StarrLibrary BotanGarden BlumHall BirgeHall BerkeleyMuseum BARTStation BarrowLane BanwayBldg ArchsEngineers AndersenAud ObservHill NAnimalFacil NorthField MulfordHall MorrisonHall moffit MinorHall McLaughlin McConeHall MathSciencesRes Lsproul LewisHall AquaticCenter LawrenceHall LatimerHall KroeberHall KlebFieldHouse JacobsHall iHouse HilgardHall Greenhouse
40
mlk mlk
MathSciencesRes MathSciencesRes
maxwell maxwell
McConeHall McConeHall
McEnerneyHall McEnerneyHall
McLaughlin McLaughlin
memorialpool memorialpool
MinorHall MinorHall
MinorHallAdd MinorHallAdd
moffit moffit
MorganHall MorganHall
MorrisonHall MorrisonHall
MosesHall MosesHall
MulfordHall MulfordHall
nrl nrl
NorthField NorthField
NorthGateHall NorthGateHall
NAnimalFacil NAnimalFacil
OBrienHall OBrienHall
ObservHill ObservHill
AlumniHouse AlumniHouse
AndersenAud AndersenAud
AnthonyHall AnthonyHall
ArchsEngineers ArchsEngineers
BancroftLibrary BancroftLibrary
BanwayBldg BanwayBldg
BarkerHall BarkerHall
BarrowLane BarrowLane
BarrowsHall BarrowsHall
BARTStation BARTStation
BechtelEngineering BechtelEngineering
BerkeleyMuseum BerkeleyMuseum
BerkeleyWest BerkeleyWest
BirgeHall BirgeHall
BlackwellHall BlackwellHall
BlumHall BlumHall
BoaltHall BoaltHall
BotanGarden BotanGarden
ImagingCenter ImagingCenter
StarrLibrary StarrLibrary
