Greenhouse HilgardHall iHouse JacobsHall KlebFieldHouse KroeberHall LatimerHall LawrenceHall AquaticCenter LewisHall Lsproul MathSciencesRes McConeHall McLaughlin MinorHall moffit MorrisonHall MulfordHall NorthField NAnimalFacil ObservHill AndersenAud ArchsEngineers BanwayBldg BarrowLane BARTStation BerkeleyMuseum BirgeHall BlumHall BotanGarden StarrLibrary CaliforniaStadium CampbellHall ChanAuditorium CheitHall ClarkCampus ClassGate CoryHall DavisHall DonnerLab DurhamTheatre DwinelleHall EdwardsStadium EshlemanHall EvansDiamond EyeCenter FacultyGlade FoxCottage GayleyRd GianniniHall Cafe3 GianniniHall GayleyRd FoxCottage FacultyGlade EyeCenter EvansDiamond EshlemanHall EdwardsStadium DwinelleHall DurhamTheatre DonnerLab DavisHall CoryHall ClassGate ClarkCampus CheitHall ChanAuditorium CampbellHall CaliforniaStadium StarrLibrary BotanGarden BlumHall BirgeHall BerkeleyMuseum BARTStation BarrowLane BanwayBldg ArchsEngineers AndersenAud ObservHill NAnimalFacil NorthField MulfordHall MorrisonHall moffit MinorHall McLaughlin McConeHall MathSciencesRes Lsproul LewisHall AquaticCenter LawrenceHall LatimerHall KroeberHall KlebFieldHouse JacobsHall iHouse HilgardHall Greenhouse Insectary IshiCourt JonesStudyCent KoshlandHall KrutchTheater lawrence LeConteHall LevFricField SciencesAddition mlk maxwell McEnerneyHall memorialpool MinorHallAdd MorganHall MosesHall nrl NorthGateHall OBrienHall AlumniHouse AnthonyHall BancroftLibrary BarkerHall BarrowsHall BechtelEngineering BerkeleyWest BlackwellHall BoaltHall ImagingCenter CaliforniaHall CalvinLaboratory CareerCenter ChavezCenter ChouHall ClassFountain CNMAT CyclotronRd DoeLibrary DurantHall DwinelleAnnex EastGate EnergyBuilding EtcheverryHall EvansHall FacultyClub FoundersRock FrankWay GeneticsPlantBldg HertzHall unit3 HertzHall GeneticsPlantBldg FrankWay FoundersRock FacultyClub EvansHall EtcheverryHall EnergyBuilding EastGate DwinelleAnnex DurantHall DoeLibrary CyclotronRd CNMAT ClassFountain ChouHall ChavezCenter CareerCenter CalvinLaboratory CaliforniaHall ImagingCenter BoaltHall BlackwellHall BerkeleyWest BechtelEngineering BarrowsHall BarkerHall BancroftLibrary AnthonyHall AlumniHouse OBrienHall NorthGateHall nrl MosesHall MorganHall MinorHallAdd memorialpool McEnerneyHall maxwell mlk SciencesAddition LevFricField LeConteHall lawrence KrutchTheater KoshlandHall JonesStudyCent IshiCourt Insectary Greenhouse
50
BerkeleyMuseum BerkeleyMuseum
BerkeleyWest BerkeleyWest
BirgeHall BirgeHall
BlackwellHall BlackwellHall
BlumHall BlumHall
BoaltHall BoaltHall
BotanGarden BotanGarden
ImagingCenter ImagingCenter
StarrLibrary StarrLibrary
CaliforniaHall CaliforniaHall
CaliforniaStadium CaliforniaStadium
CalvinLaboratory CalvinLaboratory
CampbellHall CampbellHall
CareerCenter CareerCenter
ChanAuditorium ChanAuditorium
ChavezCenter ChavezCenter
CheitHall CheitHall
ChouHall ChouHall
ClarkCampus ClarkCampus
ClassFountain ClassFountain
ClassGate ClassGate
CNMAT CNMAT
CoryHall CoryHall
CyclotronRd CyclotronRd
DavisHall DavisHall
DoeLibrary DoeLibrary
DonnerLab DonnerLab
DurantHall DurantHall
DurhamTheatre DurhamTheatre
DwinelleAnnex DwinelleAnnex
DwinelleHall DwinelleHall
EastGate EastGate
EdwardsStadium EdwardsStadium
EnergyBuilding EnergyBuilding
EshlemanHall EshlemanHall
EtcheverryHall EtcheverryHall
EvansDiamond EvansDiamond
EvansHall EvansHall
EyeCenter EyeCenter
FacultyClub FacultyClub
FacultyGlade FacultyGlade
FoundersRock FoundersRock
FoxCottage FoxCottage
FrankWay FrankWay
GayleyRd GayleyRd
GeneticsPlantBldg GeneticsPlantBldg
GianniniHall GianniniHall
HertzHall HertzHall
Cafe3 Cafe3
unit3 unit3
