pace shiver joint dip nationalist shy market miserable environment approval gate mystery chair brake write exempt injection assume winner assignment physics bitter rob headline quality straighten romantic sign legislation excuse thumb enhance dough linger vegetarian forge tolerate solve prison dialogue likely view imposter pier lake discriminate stroke throne interactive feature honor profound fortune page certain thirsty iron ward injury disclose skeleton understand figure banana king guarantee due seize rent mixture judicial glasses tool circulation output autonomy enter coast stress paper deposit swear other opposed title sunrise title opposed other swear deposit paper stress coast enter autonomy output circulation tool glasses judicial mixture rent seize due guarantee king banana figure understand skeleton disclose injury ward iron thirsty certain page fortune profound honor feature interactive throne stroke discriminate lake pier imposter view likely dialogue prison solve tolerate forge vegetarian linger dough enhance thumb excuse legislation sign romantic straighten quality headline rob bitter physics assignment winner assume injection exempt write brake chair mystery gate approval environment miserable market shy nationalist dip joint shiver pace voice financial respect audience class exclusive buffet mature pig pain demand cigarette tablet gallon tablet cigarette demand pain pig mature buffet exclusive class audience respect financial voice pace
50
shy shy
swear swear
dough dough
pain pain
buffet buffet
linger linger
circulation circulation
class class
nationalist nationalist
tool tool
honor honor
prison prison
imposter imposter
guarantee guarantee
exclusive exclusive
other other
rob rob
sunrise sunrise
voice voice
winner winner
vegetarian vegetarian
tolerate tolerate
lake lake
headline headline
throne throne
seize seize
glasses glasses
paper paper
tablet tablet
legislation legislation
enter enter
enhance enhance
quality quality
injury injury
bitter bitter
dip dip
page page
mystery mystery
figure figure
autonomy autonomy
likely likely
demand demand
output output
thumb thumb
cigarette cigarette
brake brake
financial financial
title title
king king
sign sign
