pace respect chair mixture mercy financial fortune atmosphere rent straighten pig write lake begin science separate page deposit voice disclose pain stroke shy error interactive notebook pardon discriminate enhance node headline smile module audience outline iron coast swear charity reliable knot skeleton development native blonde pipe seize address judicial rob demand feature quiet labour figure clay rage bitter coffin policy offset enter honor comfortable likely viable job grounds cotton lifestyle election miserable excuse king sign speaker due ignore shiver exploit environment interface electronics exclusive dip opposed dramatic exempt buffet output joint single country triple prospect title mystery driver banana widen extort legislation injection gallon profound view dive coincide identity gate ladder solve sunrise embarrassment snuggle embarrassment sunrise solve ladder gate identity coincide dive view profound gallon injection legislation extort widen banana driver mystery title prospect triple country single joint output buffet exempt dramatic opposed dip exclusive electronics interface environment exploit shiver ignore due speaker sign king excuse miserable election lifestyle cotton grounds job viable likely comfortable honor enter offset policy coffin bitter rage clay figure labour quiet feature demand rob judicial address seize pipe blonde native development skeleton knot reliable charity swear coast iron outline audience module smile headline node enhance discriminate pardon notebook interactive error shy stroke pain disclose voice deposit page separate science begin lake write pig straighten rent atmosphere fortune financial mercy mixture chair respect pace other quadruple ask candle dialogue home flag injury tolerate expression paper terminal forge confrontation hospitality teacher ex beg control enemy desk spoil father decisive greeting class assignment winner virgin prison romantic aspect cigarette glasses mature stress circulation approval pier bleed curriculum chew drawer compromise case exile vegetarian linger physics dough thirsty structure throne boom quality autonomy ward penetrate bowel brake scheme certain market understand thumb terms deter note tablet imposter pound attraction guarantee joystick swop nationalist acceptance double assume railcar tool liver mist weapon illusion weapon mist liver tool railcar assume double acceptance nationalist swop joystick guarantee attraction pound imposter tablet note deter terms thumb understand market certain scheme brake bowel penetrate ward autonomy quality boom throne structure thirsty dough physics linger vegetarian exile case compromise drawer chew curriculum bleed pier approval circulation stress mature glasses cigarette aspect romantic prison virgin winner assignment class greeting decisive father spoil desk enemy control beg ex teacher hospitality confrontation forge terminal paper expression tolerate injury flag home dialogue candle ask quadruple other pace
100
exclusive exclusive
identity identity
injection injection
market market
acceptance acceptance
exempt exempt
coffin coffin
begin begin
teacher teacher
autonomy autonomy
development development
drawer drawer
control control
swop swop
stress stress
audience audience
injury injury
deter deter
environment environment
virgin virgin
tablet tablet
output output
dip dip
thumb thumb
structure structure
buffet buffet
viable viable
dough dough
assignment assignment
coincide coincide
atmosphere atmosphere
cotton cotton
triple triple
mature mature
pig pig
spoil spoil
profound profound
curriculum curriculum
widen widen
dive dive
shiver shiver
smile smile
note note
flag flag
physics physics
driver driver
railcar railcar
mercy mercy
error error
throne throne
decisive decisive
candle candle
illusion illusion
headline headline
rob rob
scheme scheme
offset offset
knot knot
country country
comfortable comfortable
native native
skeleton skeleton
rent rent
guarantee guarantee
coast coast
interface interface
electronics electronics
other other
confrontation confrontation
exile exile
pace pace
ask ask
imposter imposter
enemy enemy
straighten straighten
quadruple quadruple
liver liver
pardon pardon
due due
likely likely
bowel bowel
home home
financial financial
lifestyle lifestyle
ignore ignore
interactive interactive
respect respect
swear swear
chair chair
page page
boom boom
greeting greeting
attraction attraction
forge forge
rage rage
election election
excuse excuse
tool tool
feature feature
pipe pipe
