pace feature nationalist brake opposed injection profound deposit enter thumb exempt miserable paper circulation dough market mixture voice write environment honor prison view winner disclose guarantee page certain page guarantee disclose winner view prison honor environment write voice mixture market dough circulation paper miserable exempt thumb enter deposit profound injection opposed brake nationalist feature pace exclusive output understand other approval tablet gate throne title headline audience due excuse physics forge skeleton injury pier likely king quality assignment quality king likely pier injury skeleton forge physics excuse due audience headline title throne gate tablet approval other understand output exclusive pace
25
deposit deposit
exempt exempt
enter enter
gate gate
audience audience
headline headline
honor honor
brake brake
likely likely
market market
mixture mixture
throne throne
circulation circulation
feature feature
output output
nationalist nationalist
voice voice
opposed opposed
excuse excuse
guarantee guarantee
king king
page page
injury injury
approval approval
skeleton skeleton
