0 67 69 71 72 68 73 70 75 14 15 12 10 8 9 4 2 1 3 6 5 7 11 13 19 18 20 22 24 29 28 30 32 39 38 40 44 45 49 48 50 53 52 86 85 84 83 82 81 80 79 78 77 76 16 17 21 23 26 25 27 31 34 33 35 36 37 42 41 43 46 47 51 55 54 56 57 58 60 59 61 62 63 64 66 65 89 87 88 92 88 87 89 65 66 64 63 62 61 59 60 58 57 56 54 55 51 47 46 43 41 42 37 36 35 33 34 31 27 25 26 23 21 17 16 76 77 78 79 80 81 82 83 84 85 86 52 53 50 48 49 45 44 40 38 39 32 30 28 29 24 22 20 18 19 13 11 7 5 6 3 1 2 4 9 8 10 12 15 14 75 70 73 68 72 71 69 67 0 90 94 91 93 97 96 95 96 97 93 91 94 90 0
50
2 2
3 3
4 4
6 6
7 7
9 9
10 10
11 11
12 12
13 13
15 15
17 17
19 19
20 20
21 21
22 22
23 23
24 24
26 26
27 27
29 29
30 30
31 31
32 32
34 34
35 35
36 36
37 37
39 39
40 40
42 42
43 43
44 44
45 45
46 46
47 47
49 49
50 50
51 51
53 53
55 55
56 56
57 57
58 58
60 60
61 61
62 62
63 63
64 64
66 66
