0 182 181 179 178 177 118 119 116 114 115 110 108 106 107 104 102 103 100 98 96 94 95 91 89 90 85 83 79 75 71 69 67 68 65 63 59 57 58 55 54 56 61 60 62 64 66 70 73 72 74 77 76 78 81 80 82 84 87 86 88 92 93 97 99 101 105 109 112 111 113 117 121 120 122 123 124 125 126 127 128 129 130 131 132 38 39 36 34 35 32 30 26 24 25 22 20 21 18 16 14 15 13 17 19 23 28 27 29 31 33 37 41 40 42 43 45 44 46 48 47 49 50 51 53 52 155 154 157 159 158 162 163 166 167 169 173 174 176 174 173 169 167 166 163 162 158 159 157 154 155 52 53 51 50 49 47 48 46 44 45 43 42 40 41 37 33 31 29 27 28 23 19 17 13 15 14 16 18 21 20 22 25 24 26 30 32 35 34 36 39 38 132 131 130 129 128 127 126 125 124 123 122 120 121 117 113 111 112 109 105 101 99 97 93 92 88 86 87 84 82 80 81 78 76 77 74 72 73 70 66 64 62 60 61 56 54 55 58 57 59 63 65 68 67 69 71 75 79 83 85 90 89 91 95 94 96 98 100 103 102 104 107 106 108 110 115 114 116 119 118 177 178 179 181 182 0 2 1 3 4 6 5 7 8 9 10 12 11 149 147 148 144 141 139 137 135 136 133 134 138 140 143 142 145 146 150 152 151 153 156 160 161 164 165 168 171 170 172 175 180 175 172 170 171 168 165 164 161 160 156 153 151 152 150 146 145 142 143 140 138 134 133 136 135 137 139 141 144 148 147 149 11 12 10 9 8 7 5 6 4 3 1 2 0
100
2 2
3 3
4 4
6 6
7 7
8 8
9 9
10 10
12 12
13 13
15 15
16 16
17 17
18 18
19 19
21 21
22 22
23 23
25 25
26 26
28 28
29 29
30 30
31 31
32 32
33 33
35 35
36 36
37 37
39 39
41 41
42 42
43 43
45 45
46 46
48 48
49 49
50 50
51 51
53 53
55 55
56 56
58 58
59 59
61 61
62 62
63 63
64 64
65 65
66 66
68 68
69 69
70 70
71 71
73 73
74 74
75 75
77 77
78 78
79 79
81 81
82 82
83 83
84 84
85 85
87 87
88 88
90 90
91 91
93 93
95 95
96 96
97 97
98 98
99 99
100 100
101 101
103 103
104 104
105 105
107 107
108 108
109 109
110 110
112 112
113 113
115 115
116 116
117 117
119 119
121 121
122 122
123 123
124 124
125 125
126 126
127 127
128 128
129 129
130 130
