9iIwk h2rea p7hV5 1eRkH ChXAd 0mah3 rrNj1 Esl6u fS0W8 k64Ok BnAjj Vake4 Q1WC5 TzIYf 7G74f 9ejIc Ew56P SgDk6 I5lew RhUVQ kmzhT CAygY aHGHb WGJpQ vE0Pj knY3U jAwQw Ri2t4 y89SK 80uvP fw1kb OQnD0 k6V9L vrNke 1r917 LJqKh 1pxZM FOL0S FbFgI 1uRw3 S6nic LZomt r2dxQ Y7IDR UpLNw 4a0W8 p9vQm ZfVrl q85d7 dw7aX XZKtP Be0ab 5ioW1 qmTnM bXinH Jq528 YZysZ coWXz 0GdkR oqPYQ jASvw AQ02H 6oThd iEXNY ZzWHp Mj2eQ MA43U jYfXn RKW0P QVYVG q0lus u0DM6 5VT1H 5BDPJ tG1wc c9sIw nctzP YH6mk WJNpN AgYPL tnjfN s9zWz tnjfN AgYPL WJNpN YH6mk nctzP c9sIw tG1wc 5BDPJ 5VT1H u0DM6 q0lus QVYVG RKW0P jYfXn MA43U Mj2eQ ZzWHp iEXNY 6oThd AQ02H jASvw oqPYQ 0GdkR coWXz YZysZ Jq528 bXinH qmTnM 5ioW1 Be0ab XZKtP dw7aX q85d7 ZfVrl p9vQm 4a0W8 UpLNw Y7IDR r2dxQ LZomt S6nic 1uRw3 FbFgI FOL0S 1pxZM LJqKh 1r917 vrNke k6V9L OQnD0 fw1kb 80uvP y89SK Ri2t4 jAwQw knY3U vE0Pj WGJpQ aHGHb CAygY kmzhT RhUVQ I5lew SgDk6 Ew56P 9ejIc 7G74f TzIYf Q1WC5 Vake4 BnAjj k64Ok fS0W8 Esl6u rrNj1 0mah3 ChXAd 1eRkH p7hV5 h2rea 9iIwk 6EWVx jT5CK HOs1b qkJ6b Nceu2 XYzcU 1xmtC Ib6np 5R5Xa mBYfp N1MZB TI54i uXqXg pXCjI ZgtaX veOJ7 JgjFI iCgvV JgjFI veOJ7 ZgtaX pXCjI uXqXg TI54i N1MZB mBYfp 5R5Xa Ib6np 1xmtC XYzcU Nceu2 qkJ6b HOs1b jT5CK 6EWVx 9iIwk
50
5VT1H 5VT1H
jT5CK jT5CK
bXinH bXinH
qkJ6b qkJ6b
Y7IDR Y7IDR
AgYPL AgYPL
XYzcU XYzcU
vE0Pj vE0Pj
5R5Xa 5R5Xa
iEXNY iEXNY
WGJpQ WGJpQ
1uRw3 1uRw3
1eRkH 1eRkH
veOJ7 veOJ7
YH6mk YH6mk
jAwQw jAwQw
Ri2t4 Ri2t4
jYfXn jYfXn
ChXAd ChXAd
XZKtP XZKtP
Mj2eQ Mj2eQ
ZzWHp ZzWHp
h2rea h2rea
jASvw jASvw
5ioW1 5ioW1
SgDk6 SgDk6
1xmtC 1xmtC
JgjFI JgjFI
0GdkR 0GdkR
fS0W8 fS0W8
oqPYQ oqPYQ
tnjfN tnjfN
dw7aX dw7aX
9iIwk 9iIwk
Be0ab Be0ab
LZomt LZomt
p9vQm p9vQm
kmzhT kmzhT
pXCjI pXCjI
1pxZM 1pxZM
BnAjj BnAjj
Vake4 Vake4
iCgvV iCgvV
7G74f 7G74f
5BDPJ 5BDPJ
y89SK y89SK
RhUVQ RhUVQ
aHGHb aHGHb
4a0W8 4a0W8
ZgtaX ZgtaX
