HAZtD 6gp0A kPB79 4Tt2a TzGS5 gcByh b9v0q eVDVP Ia6ul tkVif VG4na Agb0E WVEjT wVSYr B19Le dLgmf XWtdT GxQg8 lJnz7 Q9Dex 1gvq4 rH3nx Qz8Ub 93R2m cu5FB 4AhmX jesVt GmE3O 15wtn npBgR ox9Gx zrVPv wedr3 UPel5 UbqWX iaaYU PnmPs v9joy GrnJ7 SEc9N gNinx 4jcrD Vg6Sz iIQll 7ZJYA p4kTx 5EAEu 0FMEI tgL8p DmTRc 3JtxZ RWE9G sU69u 9cp56 0F8yg 4PSW9 zcuSA cC0Rg gpbSj u60s4 Tp7uZ jyRQW CWT0c iqOI4 X2hjX zg9rt vfAR8 bW6Ms RN9nS CXkxa 3NU9e aWuHk XbFfE mJExt qXBVG p3gJd cpzS8 acHTt kNG2j kjZGl UQeyk EgumV fWz4T SE1WY VJX0I R6NzB v0WXM iHR3J ZKvNM ntxuv 7WH0C DchVt onBu6 mdIe6 69WZh Q5zY0 kvy7i 5MtKr SEkfX H1xt8 GaZ4O Jbr8u Q8lcd HOuAL 36fTo SfSL1 rmW0U CHx6u bMhFI lF8gH DUzz2 Gf5gy RkCLD 2kvzl xKTIz E6pda e7SjH DuU0x BIY9X TvWc0 o2JtM 8x5TS Zok18 1VA1I BaYb3 IOpdQ pLg86 Xqwfz jcSDd 7kY28 URrao fiXIW g8MpX ninof OWqP4 rVnMc SxklZ hA7FQ sJ62h zZ10c VESmp Lusir hvF70 C4biR aegld TlJnt O8CwF cMyGs DaieK uPUO1 ESrfm 2GCiD 9tf0w Zxvdf Ssao4 UqGfS v6BY5 Njpie el46Y Njpie v6BY5 UqGfS Ssao4 Zxvdf 9tf0w 2GCiD ESrfm uPUO1 DaieK cMyGs O8CwF TlJnt aegld C4biR hvF70 Lusir VESmp zZ10c sJ62h hA7FQ SxklZ rVnMc OWqP4 ninof g8MpX fiXIW URrao 7kY28 jcSDd Xqwfz pLg86 IOpdQ BaYb3 1VA1I Zok18 8x5TS o2JtM TvWc0 BIY9X DuU0x e7SjH E6pda xKTIz 2kvzl RkCLD Gf5gy DUzz2 lF8gH bMhFI CHx6u rmW0U SfSL1 36fTo HOuAL Q8lcd Jbr8u GaZ4O H1xt8 SEkfX 5MtKr kvy7i Q5zY0 69WZh mdIe6 onBu6 DchVt 7WH0C ntxuv ZKvNM iHR3J v0WXM R6NzB VJX0I SE1WY fWz4T EgumV UQeyk kjZGl kNG2j acHTt cpzS8 p3gJd qXBVG mJExt XbFfE aWuHk 3NU9e CXkxa RN9nS bW6Ms vfAR8 zg9rt X2hjX iqOI4 CWT0c jyRQW Tp7uZ u60s4 gpbSj cC0Rg zcuSA 4PSW9 0F8yg 9cp56 sU69u RWE9G 3JtxZ DmTRc tgL8p 0FMEI 5EAEu p4kTx 7ZJYA iIQll Vg6Sz 4jcrD gNinx SEc9N GrnJ7 v9joy PnmPs iaaYU UbqWX UPel5 wedr3 zrVPv ox9Gx npBgR 15wtn GmE3O jesVt 4AhmX cu5FB 93R2m Qz8Ub rH3nx 1gvq4 Q9Dex lJnz7 GxQg8 XWtdT dLgmf B19Le wVSYr WVEjT Agb0E VG4na tkVif Ia6ul eVDVP b9v0q gcByh TzGS5 4Tt2a kPB79 6gp0A HAZtD 4Eg1F wnnBN Cg1yP iKwe0 J0OP0 F7CZj z82fM EyMEe xF1Bj ED9em 5h4rt Mm2U8 v7hOX fExZu 2zHfe AwFdf KtlQd dmbCw GfIsc 2LhKB 4PXv9 234po qz2Of 8Qx0C TyY1w iPRoT ejBhY OEGHh kYZ5P GWb7L 6sv9O HAKlt 0moVI GUEko iimZq lqKR5 NV1GL GDCfm 6owsT Pk19A NqBQW Pk19A 6owsT GDCfm NV1GL lqKR5 iimZq GUEko 0moVI HAKlt 6sv9O GWb7L kYZ5P OEGHh ejBhY iPRoT TyY1w 8Qx0C qz2Of 234po 4PXv9 2LhKB GfIsc dmbCw KtlQd AwFdf 2zHfe fExZu v7hOX Mm2U8 5h4rt ED9em xF1Bj EyMEe z82fM F7CZj J0OP0 iKwe0 Cg1yP wnnBN 4Eg1F HAZtD
100
pLg86 pLg86
p4kTx p4kTx
kNG2j kNG2j
aWuHk aWuHk
uPUO1 uPUO1
4AhmX 4AhmX
bMhFI bMhFI
7kY28 7kY28
HOuAL HOuAL
Zok18 Zok18
Zxvdf Zxvdf
cu5FB cu5FB
0moVI 0moVI
VG4na VG4na
UqGfS UqGfS
xKTIz xKTIz
z82fM z82fM
iIQll iIQll
NqBQW NqBQW
OWqP4 OWqP4
URrao URrao
DuU0x DuU0x
zrVPv zrVPv
WVEjT WVEjT
DaieK DaieK
RN9nS RN9nS
R6NzB R6NzB
TzGS5 TzGS5
Pk19A Pk19A
4Tt2a 4Tt2a
5h4rt 5h4rt
SEkfX SEkfX
4jcrD 4jcrD
cC0Rg cC0Rg
vfAR8 vfAR8
gNinx gNinx
Q8lcd Q8lcd
iHR3J iHR3J
GxQg8 GxQg8
HAKlt HAKlt
2LhKB 2LhKB
fExZu fExZu
jesVt jesVt
4PXv9 4PXv9
O8CwF O8CwF
CHx6u CHx6u
fWz4T fWz4T
BIY9X BIY9X
9tf0w 9tf0w
H1xt8 H1xt8
1gvq4 1gvq4
J0OP0 J0OP0
bW6Ms bW6Ms
lJnz7 lJnz7
mdIe6 mdIe6
1VA1I 1VA1I
X2hjX X2hjX
SxklZ SxklZ
aegld aegld
AwFdf AwFdf
eVDVP eVDVP
ox9Gx ox9Gx
VESmp VESmp
iKwe0 iKwe0
v7hOX v7hOX
p3gJd p3gJd
Ia6ul Ia6ul
E6pda E6pda
0F8yg 0F8yg
acHTt acHTt
iimZq iimZq
6owsT 6owsT
wnnBN wnnBN
UbqWX UbqWX
Vg6Sz Vg6Sz
5EAEu 5EAEu
zcuSA zcuSA
cpzS8 cpzS8
IOpdQ IOpdQ
Lusir Lusir
iqOI4 iqOI4
BaYb3 BaYb3
EgumV EgumV
Ssao4 Ssao4
rH3nx rH3nx
8Qx0C 8Qx0C
TlJnt TlJnt
wedr3 wedr3
69WZh 69WZh
ED9em ED9em
fiXIW fiXIW
gpbSj gpbSj
DmTRc DmTRc
2GCiD 2GCiD
v9joy v9joy
iaaYU iaaYU
Agb0E Agb0E
lF8gH lF8gH
Cg1yP Cg1yP
u60s4 u60s4
