3Yw8H hQySr xNFYO KHHwN 2m7vR 5PNx4 fEdtk P18zR NRZIn zSmKp CmuV1 QUkKU kdMDW BSqOv x5InZ WEKrt VpaoF WEKrt x5InZ BSqOv kdMDW QUkKU CmuV1 zSmKp NRZIn P18zR fEdtk 5PNx4 2m7vR KHHwN xNFYO hQySr 3Yw8H cvjQc JYR5M zFpox WapgM w0i4E 9e1Io IWj7Z M5wZP Z7joj Jcs3B s8jhm RTNKK Vm2RV rNOyg FzlgD Tz4zy sBBO4 MC0kp uyQLS ycoh0 miscC fWgKV EvuAH vN0gV EQJ7U 8MJwv TT3Hk iaf34 1D7Td OhHc9 5ayvc 8Dtha WK02s 8Dtha 5ayvc OhHc9 1D7Td iaf34 TT3Hk 8MJwv EQJ7U vN0gV EvuAH fWgKV miscC ycoh0 uyQLS MC0kp sBBO4 Tz4zy FzlgD rNOyg Vm2RV RTNKK s8jhm Jcs3B Z7joj M5wZP IWj7Z 9e1Io w0i4E WapgM zFpox JYR5M cvjQc 3Yw8H
25
8MJwv 8MJwv
ycoh0 ycoh0
JYR5M JYR5M
vN0gV vN0gV
miscC miscC
w0i4E w0i4E
Vm2RV Vm2RV
EvuAH EvuAH
BSqOv BSqOv
xNFYO xNFYO
Z7joj Z7joj
QUkKU QUkKU
P18zR P18zR
OhHc9 OhHc9
M5wZP M5wZP
KHHwN KHHwN
TT3Hk TT3Hk
9e1Io 9e1Io
5PNx4 5PNx4
zSmKp zSmKp
iaf34 iaf34
Tz4zy Tz4zy
cvjQc cvjQc
3Yw8H 3Yw8H
RTNKK RTNKK
