1 30 8 87 95 84 85 98 92 94 97 94 92 98 85 84 95 87 8 30 1 3 57 29 59 46 15 35 21 44 48 83 86 2 33 72 53 28 37 51 31 69 41 42 24 19 6 16 20 11 5 27 10 17 14 9 23 34 36 60 50 40 26 54 45 75 77 78 64 81 70 74 55 49 63 43 80 79 90 52 13 71 25 66 68 65 99 62 32 4 22 18 12 38 67 39 82 47 58 89 88 91 7 76 93 73 56 61 96 100 96 61 56 73 93 76 7 91 88 89 58 47 82 39 67 38 12 18 22 4 32 62 99 65 68 66 25 71 13 52 90 79 80 43 63 49 55 74 70 81 64 78 77 75 45 54 26 40 50 60 36 34 23 9 14 17 10 27 5 11 20 16 6 19 24 42 41 69 31 51 37 28 53 72 33 2 86 83 48 44 21 35 15 46 59 29 57 3 1
40
90 90
42 42
58 58
72 72
92 92
11 11
87 87
26 26
83 83
45 45
66 66
5 5
99 99
34 34
1 1
12 12
63 63
73 73
100 100
84 84
28 28
8 8
50 50
79 79
78 78
89 89
93 93
46 46
33 33
10 10
91 91
86 86
64 64
95 95
52 52
69 69
7 7
3 3
14 14
98 98
