1 43 190 44 50 62 49 25 46 37 59 76 103 106 80 96 69 84 87 58 88 89 95 97 109 85 72 81 52 73 82 78 91 93 65 139 193 196 181 60 75 98 149 199 195 160 187 178 162 155 137 142 141 135 114 151 136 138 167 173 150 133 148 161 177 144 153 145 108 140 172 192 115 126 112 131 125 129 152 163 158 164 147 166 116 157 134 186 176 174 179 122 111 110 127 132 117 63 107 86 92 99 128 130 143 121 105 119 146 188 182 169 184 171 183 67 74 79 68 64 77 83 154 156 159 165 180 170 168 175 185 45 51 41 39 42 31 29 198 29 31 42 39 41 51 45 185 175 168 170 180 165 159 156 154 83 77 64 68 79 74 67 183 171 184 169 182 188 146 119 105 121 143 130 128 99 92 86 107 63 117 132 127 110 111 122 179 174 176 186 134 157 116 166 147 164 158 163 152 129 125 131 112 126 115 192 172 140 108 145 153 144 177 161 148 133 150 173 167 138 136 151 114 135 141 142 137 155 162 178 187 160 195 199 149 98 75 60 181 196 193 139 65 93 91 78 82 73 52 81 72 85 109 97 95 89 88 58 87 84 69 96 80 106 103 76 59 37 46 25 49 62 50 44 190 43 1 11 5 10 7 14 20 17 197 189 191 55 36 53 48 94 113 102 120 100 90 56 61 57 21 38 30 28 19 13 15 24 12 23 8 4 2 3 22 9 33 26 18 27 6 16 32 40 35 54 34 70 47 66 71 104 118 101 124 123 194 200 194 123 124 101 118 104 71 66 47 70 34 54 35 40 32 16 6 27 18 26 33 9 22 3 2 4 8 23 12 24 15 13 19 28 30 38 21 57 61 56 90 100 120 102 113 94 48 53 36 55 191 189 197 17 20 14 7 10 5 11 1
78
78 78
194 194
127 127
46 46
152 152
82 82
36 36
49 49
51 51
129 129
101 101
142 142
147 147
108 108
43 43
159 159
18 18
92 92
162 162
115 115
7 7
15 15
156 156
90 90
3 3
153 153
182 182
66 66
91 91
137 137
64 64
89 89
186 186
96 96
163 163
93 93
31 31
99 99
176 176
58 58
12 12
71 71
83 83
136 136
199 199
175 175
42 42
130 130
132 132
53 53
52 52
84 84
103 103
138 138
157 157
13 13
26 26
140 140
185 185
95 95
88 88
86 86
14 14
116 116
110 110
193 193
98 98
190 190
56 56
161 161
119 119
128 128
105 105
23 23
57 57
60 60
121 121
174 174
