Abbey Alia Avni Abril Beatrice Carly Fatima Haven Harley Eden Elianna Jade Jamiya Helen Dayami Carolina Carmen Emilie Elaine Kiera Liberty Lilia Jordin Lana Karma Yoselin Zion Isabella Joanna Jakayla Jimena Juliette Kaydence Jazmin Lailah Riley Vivian Tanya Kimberly Lilah Leila Laylah Marlene Maeve Marisol Melina Mckayla Sophie Parker Kaylin Kayley Kenley Lainey Kiana Lillian Nora Riya Myah Tania Tara Ruth Neveah Rebecca Rayna Lillie Mckinley Mira Sharon Matilda Samara Nia Presley Marley Lilyana Kristina Lisa Lucille Marely Shannon Marely Lucille Lisa Kristina Lilyana Marley Presley Nia Samara Matilda Sharon Mira Mckinley Lillie Rayna Rebecca Neveah Ruth Tara Tania Myah Riya Nora Lillian Kiana Lainey Kenley Kayley Kaylin Parker Sophie Mckayla Melina Marisol Maeve Marlene Laylah Leila Lilah Kimberly Tanya Vivian Riley Lailah Jazmin Kaydence Juliette Jimena Jakayla Joanna Isabella Zion Yoselin Karma Lana Jordin Lilia Liberty Kiera Elaine Emilie Carmen Carolina Dayami Helen Jamiya Jade Elianna Eden Harley Haven Fatima Carly Beatrice Abril Avni Alia Abbey Camilla Ayanna Alexia Amaris Amber Gina Carina Carlee Brooklyn Angel Ashleigh Ashley Christine Carlie Crystal Kailyn Kaley Imani Ivy Dana Sophia Dana Ivy Imani Kaley Kailyn Crystal Carlie Christine Ashley Ashleigh Angel Brooklyn Carlee Carina Gina Amber Amaris Alexia Ayanna Camilla Abbey
40
Alexia Alexia
Avni Avni
Ayanna Ayanna
Beatrice Beatrice
Carlee Carlee
Dana Dana
Eden Eden
Harley Harley
Haven Haven
Helen Helen
Isabella Isabella
Jamiya Jamiya
Jordin Jordin
Karma Karma
Kayley Kayley
Kiera Kiera
Kimberly Kimberly
Kristina Kristina
Lana Lana
Liberty Liberty
Lilia Lilia
Lillie Lillie
Lisa Lisa
Maeve Maeve
Marisol Marisol
Matilda Matilda
Mckinley Mckinley
Mira Mira
Nora Nora
Presley Presley
Rayna Rayna
Rebecca Rebecca
Riley Riley
Ruth Ruth
Shannon Shannon
Sophia Sophia
Tanya Tanya
Tara Tara
Vivian Vivian
Yoselin Yoselin
