Abbey Alivia Alexus Ashley Angel Arielle Brooklyn Carlie Camilla Carina Ashleigh Ciara Desirae Christine Emma Gwendolyn Evelin Jakayla Gracie Ivy Jazmyn Janiya Jaden Harley Jordin Jazmin Kaylin Kathy Kendall Laylah Kiana Kristina Lucille Marlene Micaela Lisa Marley Lillie Marely Lillian Mckayla Neveah Natalee Noelle Myah Mya Parker Ruth Nora Shannon Tabitha Mckinley Shyanne Kailyn Karma Jimena Shea Rylee Rayna Lindsay Rebecca Miah Maeve Paulina Sharon Priyanka Riya Presley Nia Mireya Matilda Mira Madilynn Keyla Kimberly Jaelynn Jade Jillian Jamiya June Zara Taniyah Sophie Saige Sophia Valeria Yoselin Vivian Zaria Teresa Trinity Stephany Shiloh Tamia Tania Yasmine Tanya Tara Tori Tara Tanya Yasmine Tania Tamia Shiloh Stephany Trinity Teresa Zaria Vivian Yoselin Valeria Sophia Saige Sophie Taniyah Zara June Jamiya Jillian Jade Jaelynn Kimberly Keyla Madilynn Mira Matilda Mireya Nia Presley Riya Priyanka Sharon Paulina Maeve Miah Rebecca Lindsay Rayna Rylee Shea Jimena Karma Kailyn Shyanne Mckinley Tabitha Shannon Nora Ruth Parker Mya Myah Noelle Natalee Neveah Mckayla Lillian Marely Lillie Marley Lisa Micaela Marlene Lucille Kristina Kiana Laylah Kendall Kathy Kaylin Jazmin Jordin Harley Jaden Janiya Jazmyn Ivy Gracie Jakayla Evelin Gwendolyn Emma Christine Desirae Ciara Ashleigh Carina Camilla Carlie Brooklyn Arielle Angel Ashley Alexus Alivia Abbey Adyson Alia Abril Bryanna Carly Chaya Claire Baylee Gillian Ingrid Heather Imani Cecilia Crystal Dana Carmen Averi Carlee Ally Ayanna Armani Ariel Alisha Araceli Ainsley Amaris Alexia Alena Allisson Alissa Aubree Angelica Beatrice Briana Belinda Camille Belen Avni Averie Alyvia Aryana Amber Aniya Chasity Carleigh Dhanya Charlie Eden Dayami Diana Emilie Cloe Emery Denisse Elianna Carolina Gina Fatima Iyana Elaine Haven Gabriella Isabella Joanna Jasmin Kaila Kayley Kaitlynn Kathryn Kaley Kayden Kiera Lana Kiley Liberty Lainey Lilia Lilyana Marisol Lilah Melina Maggie Meredith Kristin Leila Kiersten Kira Kenley Lailah Kenzie Lacey Kendal Justine Kaylah Juliette Kaydence Selena Susan Samara Riley Zion Riley Samara Susan Selena Kaydence Juliette Kaylah Justine Kendal Lacey Kenzie Lailah Kenley Kira Kiersten Leila Kristin Meredith Maggie Melina Lilah Marisol Lilyana Lilia Lainey Liberty Kiley Lana Kiera Kayden Kaley Kathryn Kaitlynn Kayley Kaila Jasmin Joanna Isabella Gabriella Haven Elaine Iyana Fatima Gina Carolina Elianna Denisse Emery Cloe Emilie Diana Dayami Eden Charlie Dhanya Carleigh Chasity Aniya Amber Aryana Alyvia Averie Avni Belen Camille Belinda Briana Beatrice Angelica Aubree Alissa Allisson Alena Alexia Amaris Ainsley Araceli Alisha Ariel Armani Ayanna Ally Carlee Averi Carmen Dana Crystal Cecilia Imani Heather Ingrid Gillian Baylee Claire Chaya Carly Bryanna Abril Alia Adyson Abbey
90
Abbey Abbey
Alexia Alexia
Alexus Alexus
Alia Alia
Alivia Alivia
Aniya Aniya
Ariel Ariel
Arielle Arielle
Aryana Aryana
Ashley Ashley
Aubree Aubree
Avni Avni
Baylee Baylee
Brooklyn Brooklyn
Bryanna Bryanna
Camilla Camilla
Carlee Carlee
Carleigh Carleigh
Carlie Carlie
Carly Carly
Chasity Chasity
Christine Christine
Ciara Ciara
Claire Claire
Dana Dana
Dayami Dayami
Denisse Denisse
Diana Diana
Elianna Elianna
Emilie Emilie
Emma Emma
Gillian Gillian
Haven Haven
Imani Imani
Ingrid Ingrid
Iyana Iyana
Jade Jade
Jaden Jaden
Jamiya Jamiya
Janiya Janiya
Jasmin Jasmin
Jazmyn Jazmyn
Jillian Jillian
Jimena Jimena
Juliette Juliette
Kaley Kaley
Kayden Kayden
Kaydence Kaydence
Kenzie Kenzie
Keyla Keyla
Kiana Kiana
Kiley Kiley
Kimberly Kimberly
Kira Kira
Kristin Kristin
Kristina Kristina
Lacey Lacey
Lainey Lainey
Laylah Laylah
Leila Leila
Lilia Lilia
Lilyana Lilyana
Lindsay Lindsay
Lucille Lucille
Madilynn Madilynn
Maggie Maggie
Matilda Matilda
Mckayla Mckayla
Mckinley Mckinley
Melina Melina
Mira Mira
Mireya Mireya
Mya Mya
Myah Myah
Natalee Natalee
Neveah Neveah
Nia Nia
Noelle Noelle
Parker Parker
Riley Riley
Rylee Rylee
Sharon Sharon
Shyanne Shyanne
Sophia Sophia
Sophie Sophie
Taniyah Taniyah
Tara Tara
Zara Zara
Zaria Zaria
Zion Zion
