Alena Amaris Araceli Marley Susan Rebecca Mireya Ashley Kimberly Ashley Mireya Rebecca Susan Marley Araceli Amaris Alena Averi Avni Bryanna Heather Kaila Kenzie Kaley Natalee Fatima Ciara Helen Meredith Tania Mira Lorelai Maggie Jasmin Lainey Kathy Lucille Kaitlynn Aryana Alexus Paulina Tamia Vivian Emma Jamiya Carly Cecilia Ashleigh Jade Camille Charlie Brooklyn Lisa Riley Cloe Miah Nia Shannon Nia Miah Cloe Riley Lisa Brooklyn Charlie Camille Jade Ashleigh Cecilia Carly Jamiya Emma Vivian Tamia Paulina Alexus Aryana Kaitlynn Lucille Kathy Lainey Jasmin Maggie Lorelai Mira Tania Meredith Helen Ciara Fatima Natalee Kaley Kenzie Kaila Heather Bryanna Avni Averi Alena
20
Alena Alena
Alexus Alexus
Aryana Aryana
Brooklyn Brooklyn
Bryanna Bryanna
Ciara Ciara
Cloe Cloe
Heather Heather
Jade Jade
Jamiya Jamiya
Jasmin Jasmin
Kaila Kaila
Kaley Kaley
Lucille Lucille
Miah Miah
Mira Mira
Mireya Mireya
Natalee Natalee
Nia Nia
Tania Tania
