Taozhuang Chharra Hakodate Ilesa Chillum Sicklerville Artur Salima Gainsborough Puertollano Bang Woodbridge Villa Rafiganj Maliana Pottstown Itaperuna Uran Jinotepe Severodvinsk Miracema Durazno Bhit Longgang Norco Sa Middle Besuki Kampung Besuki Middle Sa Norco Longgang Bhit Durazno Miracema Severodvinsk Jinotepe Uran Itaperuna Pottstown Maliana Rafiganj Villa Woodbridge Bang Puertollano Gainsborough Salima Artur Sicklerville Chillum Ilesa Hakodate Chharra Taozhuang Lal Cibinong Beaumont Rutherglen Gauting Riverbank Vernon Santa Rixensart Same Kallio Fitchburg Sydney Wesseling Tuxtla Donggongon Caravaca Griffith El Shinshiro Azrou Ramla Sarandi Oldenzaal Jingzhou Oulmes Fort Maspalomas Strathfield Waverly Nonsan Gua Bourbonnais Gudermes Esperanza Fujioka CroixdesBouquets Somma Rangia New Rosedale Jackson Camayenne Acworth Aguadilla Le Petrozavodsk San Shalqar Alatyr Memmingen Las Esmeraldas Aytos Hechingen Boo Weimar Tupelo Guyong Moga Ulu Freetown Southsea Culemborg Hueytown Calauan Iron Jhol Udumalaippettai Carnot Opportunity Carnot Udumalaippettai Jhol Iron Calauan Hueytown Culemborg Southsea Freetown Ulu Moga Guyong Tupelo Weimar Boo Hechingen Aytos Esmeraldas Las Memmingen Alatyr Shalqar San Petrozavodsk Le Aguadilla Acworth Camayenne Jackson Rosedale New Rangia Somma CroixdesBouquets Fujioka Esperanza Gudermes Bourbonnais Gua Nonsan Waverly Strathfield Maspalomas Fort Oulmes Jingzhou Oldenzaal Sarandi Ramla Azrou Shinshiro El Griffith Caravaca Donggongon Tuxtla Wesseling Sydney Fitchburg Kallio Same Rixensart Santa Vernon Riverbank Gauting Rutherglen Beaumont Cibinong Lal Taozhuang
50
Gauting Gauting
Nonsan Nonsan
Jackson Jackson
Kallio Kallio
Ulu Ulu
Sarandi Sarandi
Middle Middle
Donggongon Donggongon
Durazno Durazno
Camayenne Camayenne
Strathfield Strathfield
Cibinong Cibinong
Jingzhou Jingzhou
New New
Somma Somma
Azrou Azrou
Fort Fort
Esperanza Esperanza
Longgang Longgang
Udumalaippettai Udumalaippettai
Boo Boo
Villa Villa
Severodvinsk Severodvinsk
Ilesa Ilesa
Besuki Besuki
Gudermes Gudermes
Calauan Calauan
Wesseling Wesseling
Taozhuang Taozhuang
Rosedale Rosedale
Aytos Aytos
Tupelo Tupelo
Rutherglen Rutherglen
Alatyr Alatyr
Artur Artur
Bang Bang
Ramla Ramla
Freetown Freetown
Waverly Waverly
Caravaca Caravaca
Sicklerville Sicklerville
Bourbonnais Bourbonnais
Memmingen Memmingen
Hechingen Hechingen
Jinotepe Jinotepe
Rafiganj Rafiganj
Pottstown Pottstown
Esmeraldas Esmeraldas
Uran Uran
Oulmes Oulmes
