Ilesa Dongdu Rahat Tyoply New Otegen Bordj Iturama Hermsdorf Dipolog RueilMalmaison Milledgeville Boli Rafaela Alfenas Aleshtar Batu Reutlingen Oberhausen Goyangsi DehiwalaMount El Sillanwali Muskogee Iringa Losheim Rosemount Houthalen Palm Valday Shagamu Bang Most Nizhniy Sishui American Puducherry Tupelo GatesNorth Beidao Jagna Bhayandar Krymsk Barinas Calauan Rhosllanerchrugog Malden Tupiza Patnos Las Campobasso Standerton Dahlem Hongseong Perth Rangia UlanUde Zeist Srinagar Niort Voznesensk Southsea Port Longview Port Southsea Voznesensk Niort Srinagar Zeist UlanUde Rangia Perth Hongseong Dahlem Standerton Campobasso Las Patnos Tupiza Malden Rhosllanerchrugog Calauan Barinas Krymsk Bhayandar Jagna Beidao GatesNorth Tupelo Puducherry American Sishui Nizhniy Most Bang Shagamu Valday Palm Houthalen Rosemount Losheim Iringa Muskogee Sillanwali El DehiwalaMount Goyangsi Oberhausen Reutlingen Batu Aleshtar Alfenas Rafaela Boli Milledgeville RueilMalmaison Dipolog Hermsdorf Iturama Bordj Otegen New Tyoply Rahat Dongdu Ilesa Resplendor Great Ada Uenoebisumachi Haicheng Solntsevo Barracas Aurora Split Beni Hasilpur Belper Gajendragarh Memmingen WaltonontheNaze Polohy Mexborough Oulmes Wittenau Nidderau Milagro Alexandria Woodlawn Athlone Lille Espoo Tiruppuvanam Onex Puerto Cebu Le Norwalk Boyeros Morningside Pekanbaru PointeClaire Dyatkovo Skalica Portogruaro Claremont MitryMory Manjeri Randudongkal San Ksar Copperas Bobigny An Minas Pune LonsleSaunier GernikaLumo Antanifotsy Lesosibirsk Carindale Sydney Tharu Idenao Camarillo Jiangyan Brunswick Bonoua Liberia Bon Landshut Guli Sathyamangalam Itacoatiara Kantharalak Sceaux Valletta Sheoganj Shaowu Lakota Weimar Zaozhuang Rutland Stuttgart Aklera Foshan GavrilovYam Jashpurnagar Magomeni West Bhit Bensheim Ramla Yingkou Andes Viewpark Oschatz Bavly Gariadhar Woodbridge Sirsi Ponta JalalAbad Aistala PortVila Taebaek Sorsogon Marburg Chamba Tak Bogovinje Mouscron Uran Azrou Casa Bisceglie Chillum Meizhou Toledo Barras Shalqar Chacabuco Ghat Talipparamba Mongo Pleasant Davis Inawashiro Kyzylorda Brzeg Olupona Talisay Paredes Shahre Lodwar Ventimiglia Davangere Varadero Stupino Villaquilambre Palafrugell Clermont Palafrugell Villaquilambre Stupino Varadero Davangere Ventimiglia Lodwar Shahre Paredes Talisay Olupona Brzeg Kyzylorda Inawashiro Davis Pleasant Mongo Talipparamba Ghat Chacabuco Shalqar Barras Toledo Meizhou Chillum Bisceglie Casa Azrou Uran Mouscron Bogovinje Tak Chamba Marburg Sorsogon Taebaek PortVila Aistala JalalAbad Ponta Sirsi Woodbridge Gariadhar Bavly Oschatz Viewpark Andes Yingkou Ramla Bensheim Bhit West Magomeni Jashpurnagar GavrilovYam Foshan Aklera Stuttgart Rutland Zaozhuang Weimar Lakota Shaowu Sheoganj Valletta Sceaux Kantharalak Itacoatiara Sathyamangalam Guli Landshut Bon Liberia Bonoua Brunswick Jiangyan Camarillo Idenao Tharu Sydney Carindale Lesosibirsk Antanifotsy GernikaLumo LonsleSaunier Pune Minas An Bobigny Copperas Ksar San Randudongkal Manjeri MitryMory Claremont Portogruaro Skalica Dyatkovo PointeClaire Pekanbaru Morningside Boyeros Norwalk Le Cebu Puerto Onex Tiruppuvanam Espoo Lille Athlone Woodlawn Alexandria Milagro Nidderau Wittenau Oulmes Mexborough Polohy WaltonontheNaze Memmingen Gajendragarh Belper Hasilpur Beni Split Aurora Barracas Solntsevo Haicheng Uenoebisumachi Ada Great Resplendor Ilesa
100
Jagna Jagna
Sishui Sishui
Milagro Milagro
Claremont Claremont
Palm Palm
Talipparamba Talipparamba
Aklera Aklera
Sillanwali Sillanwali
Milledgeville Milledgeville
Ada Ada
Tyoply Tyoply
Bavly Bavly
Mexborough Mexborough
Sceaux Sceaux
Foshan Foshan
Valletta Valletta
Resplendor Resplendor
Brunswick Brunswick
Stuttgart Stuttgart
Stupino Stupino
Bensheim Bensheim
Alexandria Alexandria
Sirsi Sirsi
New New
Malden Malden
Chacabuco Chacabuco
Azrou Azrou
Perth Perth
Bogovinje Bogovinje
Oberhausen Oberhausen
UlanUde UlanUde
Palafrugell Palafrugell
Polohy Polohy
Tak Tak
Campobasso Campobasso
Yingkou Yingkou
Zaozhuang Zaozhuang
Skalica Skalica
Ilesa Ilesa
Calauan Calauan
Tiruppuvanam Tiruppuvanam
Shagamu Shagamu
Gariadhar Gariadhar
Ventimiglia Ventimiglia
Shaowu Shaowu
Aurora Aurora
Landshut Landshut
Tupelo Tupelo
Guli Guli
Davis Davis
Ramla Ramla
Barracas Barracas
An An
Bobigny Bobigny
Bang Bang
Toledo Toledo
Rhosllanerchrugog Rhosllanerchrugog
PortVila PortVila
PointeClaire PointeClaire
MitryMory MitryMory
Meizhou Meizhou
Memmingen Memmingen
Itacoatiara Itacoatiara
Viewpark Viewpark
Rutland Rutland
Mouscron Mouscron
Niort Niort
Tupiza Tupiza
Lille Lille
Magomeni Magomeni
Sorsogon Sorsogon
Puerto Puerto
Great Great
Brzeg Brzeg
Valday Valday
American American
DehiwalaMount DehiwalaMount
Hermsdorf Hermsdorf
Clermont Clermont
Aleshtar Aleshtar
Villaquilambre Villaquilambre
Marburg Marburg
Jiangyan Jiangyan
Lodwar Lodwar
Jashpurnagar Jashpurnagar
Onex Onex
Alfenas Alfenas
Bon Bon
Uran Uran
Ponta Ponta
Copperas Copperas
LonsleSaunier LonsleSaunier
Oulmes Oulmes
Kyzylorda Kyzylorda
Tharu Tharu
Puducherry Puducherry
WaltonontheNaze WaltonontheNaze
Paredes Paredes
Dahlem Dahlem
GernikaLumo GernikaLumo
