Lesnoy GatesNorth Palmeira Glogovac Andijon Winsford Sungurlu Palafrugell East Sun Fort Jerada Barras Meerut Blackpool Hudiksvall Herblay Gisborne Adra Rutherglen Schwalmtal Artur Portogruaro Hueytown Franceville Kot Norco Yangambi Zgorzelec Brentwood Ken Hofheim Beveren Edremit Aloha Tak Pingyi Malaut Visitacion Svatove Visitacion Malaut Pingyi Tak Aloha Edremit Beveren Hofheim Ken Brentwood Zgorzelec Yangambi Norco Kot Franceville Hueytown Portogruaro Artur Schwalmtal Rutherglen Adra Gisborne Herblay Hudiksvall Blackpool Meerut Barras Jerada Fort Sun East Palafrugell Sungurlu Winsford Andijon Glogovac Palmeira GatesNorth Lesnoy Kundla Ponta Vahdat Kahului Ishim Elamanchili Stade Taozhuang Reutlingen Dharmapuri Reutlingen Taozhuang Stade Elamanchili Ishim Kahului Vahdat Ponta Kundla Lesnoy
25
Hudiksvall Hudiksvall
Rutherglen Rutherglen
Dharmapuri Dharmapuri
Artur Artur
Meerut Meerut
Kundla Kundla
Visitacion Visitacion
Sun Sun
Zgorzelec Zgorzelec
Ishim Ishim
Malaut Malaut
Pingyi Pingyi
Hueytown Hueytown
Stade Stade
Sungurlu Sungurlu
Glogovac Glogovac
Gisborne Gisborne
GatesNorth GatesNorth
Blackpool Blackpool
Lesnoy Lesnoy
Winsford Winsford
Portogruaro Portogruaro
Franceville Franceville
Brentwood Brentwood
Yangambi Yangambi
