108 69 79 60 194 162 163 46 32 46 163 162 194 60 79 69 108 151 97 128 160 145 33 125 52 147 22 193 11 124 58 137 197 122 134 73 71 82 56 189 177 186 42 18 37 53 90 96 57 0 104 184 113 118 28 181 165 167 156 187 27 99 172 100 191 117 25 142 114 24 159 176 148 182 152 192 123 136 14 35 168 29 103 154 185 173 5 26 127 45 93 115 169 98 19 70 153 188 174 111 144 132 81 64 55 143 121 30 102 149 1 83 135 86 43 140 131 80 3 139 65 74 41 92 196 94 39 155 63 158 21 66 62 13 180 171 138 10 126 112 120 67 17 61 8 36 9 89 44 72 12 7 51 101 49 170 54 175 195 95 68 141 85 130 178 4 105 161 77 119 110 75 150 50 2 76 109 116 190 31 38 107 20 133 47 87 88 179 59 15 157 40 16 91 78 146 183 84 106 166 164 34 48 6 23 129 23 6 48 34 164 166 106 84 183 146 78 91 16 40 157 15 59 179 88 87 47 133 20 107 38 31 190 116 109 76 2 50 150 75 110 119 77 161 105 4 178 130 85 141 68 95 195 175 54 170 49 101 51 7 12 72 44 89 9 36 8 61 17 67 120 112 126 10 138 171 180 13 62 66 21 158 63 155 39 94 196 92 41 74 65 139 3 80 131 140 43 86 135 83 1 149 102 30 121 143 55 64 81 132 144 111 174 188 153 70 19 98 169 115 93 45 127 26 5 173 185 154 103 29 168 35 14 136 123 192 152 182 148 176 159 24 114 142 25 117 191 100 172 99 27 187 156 167 165 181 28 118 113 184 104 0 57 96 90 53 37 18 42 186 177 189 56 82 71 73 134 122 197 137 58 124 11 193 22 147 52 125 33 145 160 128 97 151 108
97
188 188
7 7
39 39
67 67
99 99
48 48
54 54
114 114
129 129
37 37
176 176
57 57
19 19
95 95
153 153
26 26
121 121
100 100
142 142
184 184
137 137
46 46
63 63
64 64
14 14
126 126
186 186
24 24
117 117
151 151
118 118
11 11
181 181
148 148
61 61
78 78
81 81
66 66
69 69
44 44
34 34
144 144
110 110
68 68
187 187
128 128
136 136
157 157
23 23
35 35
107 107
182 182
134 134
13 13
17 17
79 79
138 138
45 45
1 1
83 83
49 49
190 190
75 75
56 56
197 197
150 150
65 65
77 77
140 140
82 82
109 109
31 31
36 36
133 133
15 15
38 38
5 5
43 43
179 179
96 96
120 120
84 84
130 130
167 167
177 177
71 71
85 85
73 73
28 28
53 53
174 174
92 92
146 146
143 143
170 170
101 101
32 32
