1 2 12 14 24 26 36 38 48 50 60 62 72 74 84 86 96 93 87 81 75 69 63 57 51 45 39 33 27 21 15 9 3 4 10 16 22 28 34 40 46 52 58 64 70 76 82 88 94 5 6 8 7 17 18 20 19 29 30 32 31 41 42 44 43 53 54 56 55 65 66 68 67 77 78 80 79 89 90 92 91 92 90 89 79 80 78 77 67 68 66 65 55 56 54 53 43 44 42 41 31 32 30 29 19 20 18 17 7 8 6 5 94 88 82 76 70 64 58 52 46 40 34 28 22 16 10 4 3 9 15 21 27 33 39 45 51 57 63 69 75 81 87 93 96 86 84 74 72 62 60 50 48 38 36 26 24 14 12 2 1 11 13 23 25 35 37 47 49 59 61 71 73 83 85 95 85 83 73 71 61 59 49 47 37 35 25 23 13 11 1
49
74 74
47 47
12 12
87 87
65 65
25 25
92 92
78 78
5 5
34 34
48 48
77 77
6 6
79 79
67 67
33 33
46 46
16 16
49 49
30 30
56 56
7 7
22 22
93 93
94 94
91 91
10 10
18 18
50 50
90 90
2 2
21 21
86 86
83 83
39 39
8 8
32 32
84 84
19 19
54 54
57 57
29 29
11 11
59 59
95 95
42 42
36 36
89 89
28 28
