1 2 12 14 24 26 36 38 48 50 60 62 72 74 84 86 96 98 108 110 120 122 132 134 144 146 156 158 168 170 180 182 192 189 183 177 171 165 159 153 147 141 135 129 123 117 111 105 99 93 87 81 75 69 63 57 51 45 39 33 27 21 15 9 3 4 10 16 22 28 34 40 46 52 58 64 70 76 82 88 94 100 106 112 118 124 130 136 142 148 154 160 166 172 178 184 190 5 6 8 7 17 18 20 19 29 30 32 31 41 42 44 43 53 54 56 55 65 66 68 67 77 78 80 79 89 90 92 91 101 102 104 103 113 114 116 115 125 126 128 127 137 138 140 139 149 150 152 151 161 162 164 163 173 174 176 175 185 186 188 187 188 186 185 175 176 174 173 163 164 162 161 151 152 150 149 139 140 138 137 127 128 126 125 115 116 114 113 103 104 102 101 91 92 90 89 79 80 78 77 67 68 66 65 55 56 54 53 43 44 42 41 31 32 30 29 19 20 18 17 7 8 6 5 190 184 178 172 166 160 154 148 142 136 130 124 118 112 106 100 94 88 82 76 70 64 58 52 46 40 34 28 22 16 10 4 3 9 15 21 27 33 39 45 51 57 63 69 75 81 87 93 99 105 111 117 123 129 135 141 147 153 159 165 171 177 183 189 192 182 180 170 168 158 156 146 144 134 132 122 120 110 108 98 96 86 84 74 72 62 60 50 48 38 36 26 24 14 12 2 1 11 13 23 25 35 37 47 49 59 61 71 73 83 85 95 97 107 109 119 121 131 133 143 145 155 157 167 169 179 181 191 181 179 169 167 157 155 145 143 133 131 121 119 109 107 97 95 85 83 73 71 61 59 49 47 37 35 25 23 13 11 1
96
2 2
4 4
5 5
6 6
8 8
10 10
11 11
12 12
14 14
16 16
17 17
18 18
20 20
22 22
23 23
24 24
26 26
28 28
29 29
30 30
32 32
34 34
35 35
36 36
38 38
40 40
41 41
42 42
44 44
46 46
47 47
48 48
50 50
52 52
53 53
54 54
56 56
58 58
59 59
60 60
62 62
64 64
65 65
66 66
68 68
70 70
71 71
72 72
74 74
76 76
77 77
78 78
80 80
82 82
83 83
84 84
86 86
88 88
89 89
90 90
92 92
94 94
95 95
96 96
98 98
100 100
101 101
102 102
104 104
106 106
107 107
108 108
110 110
112 112
113 113
114 114
116 116
118 118
119 119
120 120
122 122
124 124
125 125
126 126
128 128
130 130
131 131
132 132
134 134
136 136
137 137
138 138
140 140
142 142
143 143
144 144
