create appear feign deck pupil farewell crew gift east thank skip cancel hide merit salmon bracket breakin thread nationalism perception magnitude fuss snap belief dose lobby wrong line mosaic leash accessible knit adult minimize exotic direct domestic bring steward predict suffer shelter traction dilemma formation work fortune offensive inhibition colon mechanism loud trance think dialect mind seller homosexual absorption makeup dramatic rabbit dedicate company dedicate rabbit dramatic makeup absorption homosexual seller mind dialect think trance loud mechanism colon inhibition offensive fortune work formation dilemma traction shelter suffer predict steward bring domestic direct exotic minimize adult knit accessible leash mosaic line wrong lobby dose belief snap fuss magnitude perception nationalism thread breakin bracket salmon merit hide cancel skip thank east gift crew farewell pupil deck feign appear create glide transaction contract childish tribe car top scrap valid basketball whole vote pastel magnetic equinox craftsman transmission tin desk ballot deter integrated battery concern berry creation pride community partnership denial huge linear maze present prove celebration prove present maze linear huge denial partnership community pride creation berry concern battery integrated deter ballot desk tin transmission craftsman equinox magnetic pastel vote whole basketball valid scrap top car tribe childish contract transaction glide create
50
merit merit
hide hide
predict predict
fuss fuss
direct direct
contract contract
scrap scrap
accessible accessible
linear linear
pride pride
crew crew
creation creation
community community
prove prove
think think
battery battery
celebration celebration
nationalism nationalism
adult adult
tin tin
feign feign
farewell farewell
bracket bracket
exotic exotic
ballot ballot
steward steward
perception perception
concern concern
cancel cancel
breakin breakin
colon colon
childish childish
dose dose
transmission transmission
magnitude magnitude
suffer suffer
top top
absorption absorption
skip skip
basketball basketball
pupil pupil
deck deck
appear appear
belief belief
pastel pastel
maze maze
minimize minimize
mechanism mechanism
company company
line line
