pride thank tourist crackpot exotic continental preference distinct bracket glide creation rabbit scatter formation present inhibition transform clear father mouse traction colon suffer sacrifice belief contract deter bulb desk dialect bring basketball courtesy mind gift line withdraw tribe deficit price minimize valid pastel huge sensitivity requirement top beam partnership pupil stubborn car witness sea identification maze illustrate supply community tease merit dose grind prove pull dairy leash predict cheat ballot understanding denial bother knife dedicate addition element pioneer berry scrap plug struggle different appear national knit feign wear rock cancel auditor reach whole mean stadium equinox steward democratic makeup magnitude hide loud celebration integrated mosaic stroke coerce concern veteran breakin pawn preoccupation crew leave incentive tumble campaign scheme number shelter freckle direct create service scholar unique eyebrow offensive fortune work pity homosexual transaction vote company ceiling shed perception accessible combine laundry discrimination deck stick trance snap soul sight dilemma import linen suspect camp tin federation transmission science thread stunning farewell absorption hypothesize craftsman chief adult volunteer administration wrong lobby inappropriate chaos trick mechanism skip seller fault childish confidence fuss difference battery exit salmon circle notorious dramatic alcohol contrary favorable magnetic nationalism domestic smile linear straighten introduce think frozen east frozen think introduce straighten linear smile domestic nationalism magnetic favorable contrary alcohol dramatic notorious circle salmon exit battery difference fuss confidence childish fault seller skip mechanism trick chaos inappropriate lobby wrong administration volunteer adult chief craftsman hypothesize absorption farewell stunning thread science transmission federation tin camp suspect linen import dilemma sight soul snap trance stick deck discrimination laundry combine accessible perception shed ceiling company vote transaction homosexual pity work fortune offensive eyebrow unique scholar service create direct freckle shelter number scheme campaign tumble incentive leave crew preoccupation pawn breakin veteran concern coerce stroke mosaic integrated celebration loud hide magnitude makeup democratic steward equinox stadium mean whole reach auditor cancel rock wear feign knit national appear different struggle plug scrap berry pioneer element addition dedicate knife bother denial understanding ballot cheat predict leash dairy pull prove grind dose merit tease community supply illustrate maze identification sea witness car stubborn pupil partnership beam top requirement sensitivity huge pastel valid minimize price deficit tribe withdraw line gift mind courtesy basketball bring dialect desk bulb deter contract belief sacrifice suffer colon traction mouse father clear transform inhibition present formation scatter rabbit creation glide bracket distinct preference continental exotic crackpot tourist thank pride large pride
100
transmission transmission
farewell farewell
trance trance
pride pride
mind mind
magnitude magnitude
predict predict
car car
prove prove
community community
lobby lobby
adult adult
vote vote
dramatic dramatic
create create
think think
mechanism mechanism
ballot ballot
tin tin
feign feign
crew crew
battery battery
makeup makeup
salmon salmon
work work
thank thank
nationalism nationalism
partnership partnership
tribe tribe
dose dose
east east
breakin breakin
homosexual homosexual
absorption absorption
scrap scrap
valid valid
seller seller
glide glide
loud loud
berry berry
leash leash
wrong wrong
mosaic mosaic
minimize minimize
company company
hide hide
accessible accessible
equinox equinox
skip skip
belief belief
fuss fuss
fortune fortune
suffer suffer
knit knit
rabbit rabbit
integrated integrated
deter deter
exotic exotic
gift gift
magnetic magnetic
top top
pupil pupil
pastel pastel
bracket bracket
craftsman craftsman
merit merit
colon colon
dedicate dedicate
dialect dialect
dilemma dilemma
traction traction
transaction transaction
domestic domestic
huge huge
maze maze
denial denial
concern concern
present present
creation creation
perception perception
cancel cancel
basketball basketball
deck deck
appear appear
contract contract
snap snap
whole whole
desk desk
steward steward
linear linear
direct direct
inhibition inhibition
shelter shelter
formation formation
childish childish
celebration celebration
bring bring
line line
thread thread
offensive offensive
