steward cancel deck bracket feign fuss pastel concern hide company colon merit ballot crew accessible celebration magnitude perception creation pupil battery pupil creation perception magnitude celebration accessible crew ballot merit colon company hide concern pastel fuss feign bracket deck cancel steward childish top maze minimize appear predict farewell adult skip belief prove linear nationalism scrap suffer contract mechanism pride tin think line dose exotic basketball absorption community direct breakin transmission breakin direct community absorption basketball exotic dose line think tin pride mechanism contract suffer scrap nationalism linear prove belief skip adult farewell predict appear minimize maze top childish steward
25
battery battery
appear appear
adult adult
think think
minimize minimize
linear linear
ballot ballot
farewell farewell
tin tin
childish childish
pastel pastel
community community
concern concern
top top
hide hide
perception perception
creation creation
exotic exotic
belief belief
basketball basketball
company company
scrap scrap
crew crew
skip skip
deck deck
