1 10 11 12 13 57 56 58 59 67 65 66 64 28 27 26 18 19 20 21 39 40 41 42 7 8 9 6 36 45 76 77 78 79 81 80 30 31 29 46 47 48 49 48 47 46 29 31 30 80 81 79 78 77 76 45 36 6 9 8 7 42 41 40 39 21 20 19 18 26 27 28 64 66 65 67 59 58 56 57 13 12 11 10 1 62 60 61 63 15 16 14 17 71 70 69 68 72 75 74 73 37 38 4 3 5 2 35 34 33 32 44 50 25 22 23 24 43 51 52 55 53 54 53 55 52 51 43 24 23 22 25 50 44 32 33 34 35 2 5 3 4 38 37 73 74 75 72 68 69 70 71 17 14 16 15 63 61 60 62 1
40
3 3
4 4
5 5
7 7
8 8
9 9
11 11
12 12
13 13
15 15
16 16
17 17
19 19
20 20
21 21
23 23
24 24
25 25
28 28
30 30
53 53
54 54
55 55
57 57
58 58
59 59
61 61
62 62
63 63
65 65
66 66
67 67
69 69
70 70
71 71
73 73
74 74
75 75
78 78
80 80
