1 6 7 8 9 2 5 3 4 16 14 15 17 25 30 31 29 46 47 48 49 59 58 56 57 92 88 87 89 90 91 93 74 73 72 86 85 84 83 82 94 95 100 101 102 105 103 104 112 110 111 113 116 114 115 117 118 119 120 121 125 126 127 128 130 131 129 146 147 148 149 159 158 156 157 192 188 187 189 190 191 193 174 173 172 186 185 184 183 182 194 195 194 182 183 184 185 186 172 173 174 193 191 190 189 187 188 192 157 156 158 159 149 148 147 146 129 131 130 128 127 126 125 121 120 119 118 117 115 114 116 113 111 110 112 104 103 105 102 101 100 95 94 82 83 84 85 86 72 73 74 93 91 90 89 87 88 92 57 56 58 59 49 48 47 46 29 31 30 25 17 15 14 16 4 3 5 2 9 8 7 6 1 10 11 12 13 18 19 20 21 26 27 28 35 34 33 32 44 42 41 40 39 38 37 36 22 23 24 43 45 50 51 52 55 53 54 62 60 61 63 66 64 65 67 68 69 70 71 75 76 77 78 80 81 79 96 97 98 99 109 108 106 107 142 138 137 139 140 141 143 124 123 122 136 135 134 133 132 144 145 150 151 152 155 153 154 162 160 161 163 166 164 165 167 168 169 170 171 175 176 177 178 180 181 179 196 197 198 199 198 197 196 179 181 180 178 177 176 175 171 170 169 168 167 165 164 166 163 161 160 162 154 153 155 152 151 150 145 144 132 133 134 135 136 122 123 124 143 141 140 139 137 138 142 107 106 108 109 99 98 97 96 79 81 80 78 77 76 75 71 70 69 68 67 65 64 66 63 61 60 62 54 53 55 52 51 50 45 43 24 23 22 36 37 38 39 40 41 42 44 32 33 34 35 28 27 26 21 20 19 18 13 12 11 10 1
80
3 3
4 4
5 5
7 7
8 8
9 9
11 11
12 12
13 13
15 15
16 16
17 17
19 19
20 20
21 21
23 23
24 24
25 25
28 28
30 30
53 53
54 54
55 55
57 57
58 58
59 59
61 61
62 62
63 63
65 65
66 66
67 67
69 69
70 70
71 71
73 73
74 74
75 75
78 78
80 80
103 103
104 104
105 105
107 107
108 108
109 109
111 111
112 112
113 113
115 115
116 116
117 117
119 119
120 120
121 121
123 123
124 124
125 125
128 128
130 130
153 153
154 154
155 155
157 157
158 158
159 159
161 161
162 162
163 163
165 165
166 166
167 167
169 169
170 170
171 171
173 173
174 174
175 175
178 178
180 180
