0 5 6 7 12 11 10 15 16 21 20 25 30 31 32 33 37 36 35 40 41 42 43 47 46 45 50 51 52 53 57 56 55 60 61 62 63 67 66 65 70 71 72 73 77 76 75 80 81 82 83 87 86 85 90 91 92 93 97 96 95 96 97 93 92 91 90 85 86 87 83 82 81 80 75 76 77 73 72 71 70 65 66 67 63 62 61 60 55 56 57 53 52 51 50 45 46 47 43 42 41 40 35 36 37 33 32 31 30 25 20 21 16 15 10 11 12 7 6 5 0 1 2 3 4 8 9 14 13 17 18 19 24 23 22 26 27 28 29 34 38 39 44 48 49 54 58 59 64 68 69 74 78 79 84 88 89 94 98 99 98 94 89 88 84 79 78 74 69 68 64 59 58 54 49 48 44 39 38 34 29 28 27 26 22 23 24 19 18 17 13 14 9 8 4 3 2 1 0
50
89 89
10 10
64 64
66 66
83 83
46 46
61 61
35 35
0 0
99 99
18 18
43 43
44 44
39 39
63 63
94 94
70 70
24 24
92 92
37 37
17 17
45 45
11 11
38 38
3 3
34 34
29 29
20 20
47 47
85 85
96 96
52 52
55 55
65 65
49 49
90 90
41 41
8 8
91 91
13 13
57 57
2 2
30 30
69 69
5 5
7 7
48 48
6 6
21 21
16 16
