0 4 64 45 69 65 54 67 56 12 44 50 60 68 6 68 60 50 44 12 56 67 54 65 69 45 64 4 0 63 19 24 66 40 46 42 18 47 35 2 27 36 51 72 62 55 59 73 5 58 34 37 22 74 38 52 8 20 43 7 32 1 15 39 17 29 75 31 57 10 28 23 30 70 13 53 21 16 26 3 49 25 9 11 48 71 41 61 33 14 33 61 41 71 48 11 9 25 49 3 26 16 21 53 13 70 30 23 28 10 57 31 75 29 17 39 15 1 32 7 43 20 8 52 38 74 22 37 34 58 5 73 59 55 62 72 51 36 27 2 35 47 18 42 46 40 66 24 19 63 0
38
0 0
1 1
2 2
3 3
4 4
5 5
6 6
7 7
8 8
9 9
10 10
11 11
12 12
13 13
14 14
15 15
16 16
17 17
18 18
19 19
20 20
21 21
22 22
23 23
24 24
25 25
26 26
27 27
28 28
29 29
30 30
31 31
32 32
33 33
34 34
35 35
36 36
37 37
