0 181 33 151 125 22 37 34 67 80 76 35 47 18 42 82 4 111 56 105 110 132 98 9 134 106 120 188 7 192 91 122 87 86 163 146 83 117 175 177 148 99 1 197 72 191 62 55 63 196 182 16 26 78 28 23 116 108 15 39 17 131 50 60 68 153 180 137 49 137 180 153 68 60 50 131 17 39 15 108 116 23 28 78 26 16 182 196 63 55 62 191 72 197 1 99 148 177 175 117 83 146 163 86 87 122 91 192 7 188 120 106 134 9 98 132 110 105 56 111 4 82 42 18 47 35 76 80 67 34 37 22 125 151 33 181 0 79 154 171 121 3 139 97 100 174 149 6 161 11 195 187 93 172 130 126 166 199 19 24 118 31 57 10 30 145 144 119 113 44 159 186 164 156 29 75 54 61 41 147 25 183 103 185 189 127 194 133 14 138 152 142 112 53 21 178 12 135 51 36 84 169 104 165 143 167 115 32 160 176 150 96 94 38 74 92 13 70 46 40 66 85 8 77 52 128 136 114 155 123 157 162 89 170 27 2 158 20 95 43 173 90 5 109 65 168 124 69 193 88 48 107 129 81 71 184 102 179 73 59 198 140 58 190 64 45 141 101 141 45 64 190 58 140 198 59 73 179 102 184 71 81 129 107 48 88 193 69 124 168 65 109 5 90 173 43 95 20 158 2 27 170 89 162 157 123 155 114 136 128 52 77 8 85 66 40 46 70 13 92 74 38 94 96 150 176 160 32 115 167 143 165 104 169 84 36 51 135 12 178 21 53 112 142 152 138 14 133 194 127 189 185 103 183 25 147 41 61 54 75 29 156 164 186 159 44 113 119 144 145 30 10 57 31 118 24 19 199 166 126 130 172 93 187 195 11 161 6 149 174 100 97 139 3 121 171 154 79 0
100
0 0
1 1
2 2
3 3
4 4
5 5
6 6
7 7
8 8
9 9
10 10
11 11
12 12
13 13
14 14
15 15
16 16
17 17
18 18
19 19
20 20
21 21
22 22
23 23
24 24
25 25
26 26
27 27
28 28
29 29
30 30
31 31
32 32
33 33
34 34
35 35
36 36
37 37
38 38
39 39
40 40
41 41
42 42
43 43
44 44
45 45
46 46
47 47
48 48
49 49
50 50
51 51
52 52
53 53
54 54
55 55
56 56
57 57
58 58
59 59
60 60
61 61
62 62
63 63
64 64
65 65
66 66
67 67
68 68
69 69
70 70
71 71
72 72
73 73
74 74
75 75
76 76
77 77
78 78
79 79
80 80
81 81
82 82
83 83
84 84
85 85
86 86
87 87
88 88
89 89
90 90
91 91
92 92
93 93
94 94
95 95
96 96
97 97
98 98
99 99
