CH AE DH CQ AK AB DO DU CD CZ DD BY DN AP CP AY CX CW BZ AA CR DK AV AS CT BG CO DM CL AX CU BF DA BP CJ CV BW DI CB DB CY BK BU DS DT AI BQ AM AO AU DJ DE DL BA DC AW CK AF BS CC BH DF BH CC BS AF CK AW DC BA DL DE DJ AU AO AM BQ AI DT DS BU BK CY DB CB DI BW CV CJ BP DA BF CU AX CL DM CO BG CT AS AV DK CR AA BZ CW CX AY CP AP DN BY DD CZ CD DU DO AB AK CQ DH AE CH CG CA BO BJ AT AD BV DV BD CF DR AZ BE BT DP BI BM AR DQ AC CI CE BR AJ CN AG AH BL CS CM BC AQ BX BB BN AL AN DG AN AL BN BB BX AQ BC CM CS BL AH AG CN AJ BR CE CI AC DQ AR BM BI DP BT BE AZ DR CF BD DV BV AD AT BJ BO CA CG CH
50
BS BS
CQ CQ
DM DM
BL BL
DO DO
AT AT
DB DB
CU CU
DU DU
DV DV
AY AY
CB CB
BN BN
DP DP
AN AN
CN CN
CF CF
AV AV
BC BC
DI DI
DD DD
BG BG
DL DL
BZ BZ
CW CW
CL CL
CP CP
DQ DQ
CD CD
AJ AJ
AZ AZ
BY BY
CA CA
AU AU
AM AM
BU BU
CS CS
AL AL
CV CV
DG DG
CZ CZ
BV BV
AP AP
DC DC
AF AF
BI BI
BP BP
BF BF
BD BD
DF DF
