BU FF DU AL HQ AU HM HP EF GS FI AH GZ GW BM BH CL BF BY HN FR DD GG DP HR HB AP EB CP EZ CO EE BV CB BZ AN AV CA CY AI DI GA AM EH AX HL HD ED HJ BE GM CH DK DM CR BN FC DZ FE HH DQ EU FJ FW EO FU AW CV BJ AJ ER GI HE AR EQ DY GJ DN CF CQ DT CN EX GP FZ EJ FH CX BR FT GE EP FS EC DG DJ AQ HO GQ FD CK AK EY ET HA BO FK FN EN DW DB GY CW BI BC BS FQ CC GT DS GF FB AY DH EI FV DC GL GX ES CG DV DL GB AA BG BB AT CM BA CD EG HC CI CS AD GO DE FY AF FP BT FG AZ GK AC FA CT CU DR AS BD AO BW HI HG EA EV BL FM BK DF EM FL DA EL BP BQ GD DX BX CZ AB FX AE CE GN EW CJ DO AG GV GC EK FO GH GU GH FO EK GC GV AG DO CJ EW GN CE AE FX AB CZ BX DX GD BQ BP EL DA FL EM DF BK FM BL EV EA HG HI BW AO BD AS DR CU CT FA AC GK AZ FG BT FP AF FY DE GO AD CS CI HC EG CD BA CM AT BB BG AA GB DL DV CG ES GX GL DC FV EI DH AY FB GF DS GT CC FQ BS BC BI CW GY DB DW EN FN FK BO HA ET EY AK CK FD GQ HO AQ DJ DG EC FS EP GE FT BR CX FH EJ FZ GP EX CN DT CQ CF DN GJ DY EQ AR HE GI ER AJ BJ CV AW FU EO FW FJ EU DQ HH FE DZ FC BN CR DM DK CH GM BE HJ ED HD HL AX EH AM GA DI AI CY CA AV AN BZ CB BV EE CO EZ CP EB AP HB HR DP GG DD FR HN BY BF CL BH BM GW GZ AH FI GS EF HP HM AU HQ AL DU FF BU HF GR HK GR HF BU
100
DV DV
EC EC
AN AN
DR DR
BW BW
FD FD
CX CX
DK DK
EO EO
GN GN
FN FN
BU BU
FG FG
FW FW
BK BK
HC HC
CT CT
EL EL
DQ DQ
DS DS
HJ HJ
BF BF
CM CM
CY CY
EG EG
CQ CQ
CD CD
CV CV
DJ DJ
GK GK
FF FF
AE AE
BZ BZ
EH EH
ER ER
DZ DZ
HG HG
HM HM
GY GY
DI DI
CK CK
CI CI
AQ AQ
GA GA
EK EK
DM DM
GP GP
FR FR
CS CS
CZ CZ
DE DE
FL FL
GQ GQ
AF AF
ET ET
DP DP
EQ EQ
BE BE
DL DL
BY BY
BM BM
AY AY
CO CO
AV AV
AT AT
AP AP
EN EN
HF HF
BH BH
FB FB
BN BN
FP FP
CA CA
FS FS
GS GS
DT DT
GO GO
GH GH
CR CR
GT GT
DX DX
HP HP
HH HH
AX AX
FU FU
EV EV
BA BA
GM GM
CW CW
ES ES
GE GE
EY EY
BQ BQ
DD DD
FY FY
FI FI
AR AR
DU DU
HA HA
BG BG
