Qatar CentralAfricanRep CzechRepublic VaticanCity Bulgaria Oman Grenada Somalia Tuvalu Guyana Newfoundland Mexico Kosovo Colombia Madagascar Gabon GuineaBissau Portugal Mozambique Tajikistan Philippines Jamaica Burundi SouthAfrica Angola Belarus Liberia Bolivia SanMarino Rwanda SaintLucia GazaStrip ElSalvador SierraLeone Iran Nicaragua Albania France Andorra Uganda Malta Iceland Egypt DemofChina Sweden Haiti EastTimor Benin Estonia Singapore DomRepublic NewZealand Belgium Dominica Argentina Dominica Belgium NewZealand DomRepublic Singapore Estonia Benin EastTimor Haiti Sweden DemofChina Egypt Iceland Malta Uganda Andorra France Albania Nicaragua Iran SierraLeone ElSalvador GazaStrip SaintLucia Rwanda SanMarino Bolivia Liberia Belarus Angola SouthAfrica Burundi Jamaica Philippines Tajikistan Mozambique Portugal GuineaBissau Gabon Madagascar Colombia Kosovo Mexico Newfoundland Guyana Tuvalu Somalia Grenada Oman Bulgaria VaticanCity CzechRepublic CentralAfricanRep Qatar India Uruguay Indonesia MarshallIslands Serbia Kyrgyzstan Armenia Peru Pakistan Mongolia Azerbaijan Laos Tanzania UnitedKingdom Mali Fiji UAE Kuwait Australia RussianFederation Senegal Lebanon Cuba Chad Montenegro Swaziland Danzig Turkmenistan DemCongo Georgia Tonga Paraguay Morocco Cambodia Syria Honduras CostaRica Comoros Macedonia Bhutan Uzbekistan Palau Tunisia America Netherlands America Tunisia Palau Uzbekistan Bhutan Macedonia Comoros CostaRica Honduras Syria Cambodia Morocco Paraguay Tonga Georgia DemCongo Turkmenistan Danzig Swaziland Montenegro Chad Cuba Lebanon Senegal RussianFederation Australia Kuwait UAE Fiji Mali UnitedKingdom Tanzania Laos Azerbaijan Mongolia Pakistan Peru Armenia Kyrgyzstan Serbia MarshallIslands Indonesia Uruguay India Qatar
50
Belarus Belarus
Peru Peru
Nicaragua Nicaragua
Gabon Gabon
Haiti Haiti
Tajikistan Tajikistan
Mongolia Mongolia
Danzig Danzig
Morocco Morocco
Liberia Liberia
UAE UAE
Armenia Armenia
Australia Australia
Estonia Estonia
Sweden Sweden
Montenegro Montenegro
RussianFederation RussianFederation
Egypt Egypt
France France
CostaRica CostaRica
Senegal Senegal
SierraLeone SierraLeone
DemofChina DemofChina
Kosovo Kosovo
Netherlands Netherlands
UnitedKingdom UnitedKingdom
Macedonia Macedonia
Singapore Singapore
Mozambique Mozambique
Belgium Belgium
Angola Angola
Guyana Guyana
Tanzania Tanzania
Uzbekistan Uzbekistan
Mali Mali
SanMarino SanMarino
GuineaBissau GuineaBissau
Tunisia Tunisia
VaticanCity VaticanCity
Malta Malta
Lebanon Lebanon
Tuvalu Tuvalu
Albania Albania
Kyrgyzstan Kyrgyzstan
America America
Burundi Burundi
Andorra Andorra
SaintLucia SaintLucia
Georgia Georgia
CzechRepublic CzechRepublic
