Albania Brunei Uruguay Canada Swaziland Georgia Chad SouthKorea Kyrgyzstan DemofChina MountAthos SaintLucia Uganda Burma Finland SaintVincent VaticanCity Romania Israel Luxembourg Qatar Bahrain Nicaragua DemCongo SaoTomPrincipe UAE Singapore SriLanka IvoryCoast SouthAfrica Bahamas Bulgaria Niger Cyprus Kiribati Thailand Colombia Montenegro Eritrea Mozambique Yemen America Newfoundland Kosovo Guatemala BosHerzegovina Maldives Egypt Zambia Suriname Ukraine AntiguaDeps Madagascar Ecuador Syria EastTimor Tanzania Cuba Italy Nigeria Burundi Japan Kazakhstan Belgium Denmark TheGambia Philippines Barbados CzechRepublic Micronesia Australia Morocco GuineaBissau Somalia Laos Slovenia Botswana Ghana Sudan Mexico Malaysia Slovakia Moldova SaintKitts Moldova Slovakia Malaysia Mexico Sudan Ghana Botswana Slovenia Laos Somalia GuineaBissau Morocco Australia Micronesia CzechRepublic Barbados Philippines TheGambia Denmark Belgium Kazakhstan Japan Burundi Nigeria Italy Cuba Tanzania EastTimor Syria Ecuador Madagascar AntiguaDeps Ukraine Suriname Zambia Egypt Maldives BosHerzegovina Guatemala Kosovo Newfoundland America Yemen Mozambique Eritrea Montenegro Colombia Thailand Kiribati Cyprus Niger Bulgaria Bahamas SouthAfrica IvoryCoast SriLanka Singapore UAE SaoTomPrincipe DemCongo Nicaragua Bahrain Qatar Luxembourg Israel Romania VaticanCity SaintVincent Finland Burma Uganda SaintLucia MountAthos DemofChina Kyrgyzstan SouthKorea Chad Georgia Swaziland Canada Uruguay Brunei Albania Armenia Vietnam Netherlands Paraguay Vanuatu Uzbekistan Malta Pakistan Fiji Haiti Liberia Venezuela Gabon Namibia Burkina Iceland Latvia Malawi Jordan Nauru Ethiopia Comoros Tajikistan Guinea Estonia GazaStrip Rwanda Mauritania Mauritius Norway CapeVerde Bangladesh Liechtenstein Germany France TrinidadTobago RussianFederation Libya Panama Turkmenistan Djibouti Tunisia EquatorGuinea NorthKorea Palau Indonesia Kenya SierraLeone Austria Peru Iraq Taiwan SanMarino MarshallIslands Chile SolomonIslands ElSalvador India Cameroon Bhutan Samoa Dominica CentralAfricanRep Togo Seychelles Danzig Portugal DomRepublic Guyana Rome Kuwait Afghanistan Greece PapuaNewGuinea Monaco Algeria Zimbabwe Poland Azerbaijan Tonga Spain Lithuania Sweden Mongolia Tuvalu RepCongo Grenada Oman Honduras Serbia Argentina Macedonia Belarus Switzerland Jamaica NewZealand SaudiArabia Bolivia Lesotho Andorra Hungary Angola Brazil Cambodia Mali Turkey Benin Belize Croatia CostaRica Iran UnitedKingdom Senegal Nepal RepIreland Lebanon RepIreland Nepal Senegal UnitedKingdom Iran CostaRica Croatia Belize Benin Turkey Mali Cambodia Brazil Angola Hungary Andorra Lesotho Bolivia SaudiArabia NewZealand Jamaica Switzerland Belarus Macedonia Argentina Serbia Honduras Oman Grenada RepCongo Tuvalu Mongolia Sweden Lithuania Spain Tonga Azerbaijan Poland Zimbabwe Algeria Monaco PapuaNewGuinea Greece Afghanistan Kuwait Rome Guyana DomRepublic Portugal Danzig Seychelles Togo CentralAfricanRep Dominica Samoa Bhutan Cameroon India ElSalvador SolomonIslands Chile MarshallIslands SanMarino Taiwan Iraq Peru Austria SierraLeone Kenya Indonesia Palau NorthKorea EquatorGuinea Tunisia Djibouti Turkmenistan Panama Libya RussianFederation TrinidadTobago France Germany Liechtenstein Bangladesh CapeVerde Norway Mauritius Mauritania Rwanda GazaStrip Estonia Guinea Tajikistan Comoros Ethiopia Nauru Jordan Malawi Latvia Iceland Burkina Namibia Gabon Venezuela Liberia Haiti Fiji Pakistan Malta Uzbekistan Vanuatu Paraguay Netherlands Vietnam Armenia Albania
100
Bahamas Bahamas
Malaysia Malaysia
Rome Rome
Burkina Burkina
SolomonIslands SolomonIslands
IvoryCoast IvoryCoast
BosHerzegovina BosHerzegovina
Andorra Andorra
VaticanCity VaticanCity
EquatorGuinea EquatorGuinea
Djibouti Djibouti
Mauritania Mauritania
Pakistan Pakistan
Bulgaria Bulgaria
Thailand Thailand
Nepal Nepal
Estonia Estonia
Italy Italy
Comoros Comoros
Kosovo Kosovo
Norway Norway
Algeria Algeria
Panama Panama
Eritrea Eritrea
Mongolia Mongolia
UnitedKingdom UnitedKingdom
Peru Peru
Mauritius Mauritius
Laos Laos
Luxembourg Luxembourg
Belarus Belarus
Paraguay Paraguay
America America
Brazil Brazil
MountAthos MountAthos
Dominica Dominica
Philippines Philippines
CapeVerde CapeVerde
Niger Niger
Latvia Latvia
Cyprus Cyprus
Burma Burma
SierraLeone SierraLeone
Kazakhstan Kazakhstan
Cambodia Cambodia
Japan Japan
Portugal Portugal
Danzig Danzig
Jamaica Jamaica
Tunisia Tunisia
Qatar Qatar
Argentina Argentina
Chile Chile
Tanzania Tanzania
Kiribati Kiribati
Germany Germany
Ukraine Ukraine
Australia Australia
Yemen Yemen
France France
Newfoundland Newfoundland
Slovenia Slovenia
Lesotho Lesotho
CentralAfricanRep CentralAfricanRep
Romania Romania
Bhutan Bhutan
Ethiopia Ethiopia
NorthKorea NorthKorea
SaintLucia SaintLucia
Gabon Gabon
Hungary Hungary
SaintKitts SaintKitts
Vanuatu Vanuatu
SaudiArabia SaudiArabia
Grenada Grenada
SaoTomPrincipe SaoTomPrincipe
Rwanda Rwanda
RussianFederation RussianFederation
Guatemala Guatemala
UAE UAE
SriLanka SriLanka
Cuba Cuba
Togo Togo
Poland Poland
Israel Israel
Switzerland Switzerland
Seychelles Seychelles
Venezuela Venezuela
NewZealand NewZealand
PapuaNewGuinea PapuaNewGuinea
Finland Finland
Mali Mali
TheGambia TheGambia
Greece Greece
Suriname Suriname
Liechtenstein Liechtenstein
Lithuania Lithuania
Serbia Serbia
Maldives Maldives
Fiji Fiji
