Nepal Georgia GuineaBissau Rome Bulgaria Panama Mauritius Palau RepCongo DemCongo Jamaica UAE Seychelles MarshallIslands TheGambia Suriname CentralAfricanRep Newfoundland BosHerzegovina NewZealand Slovakia Azerbaijan Slovenia VaticanCity SaintLucia Poland SaintLucia VaticanCity Slovenia Azerbaijan Slovakia NewZealand BosHerzegovina Newfoundland CentralAfricanRep Suriname TheGambia MarshallIslands Seychelles UAE Jamaica DemCongo RepCongo Palau Mauritius Panama Bulgaria Rome GuineaBissau Georgia Nepal Argentina Liechtenstein SriLanka Belarus Iceland Ecuador Estonia Taiwan Ghana Tanzania Gabon Kuwait Belgium Botswana Fiji Vietnam Afghanistan Bahrain SouthAfrica Serbia Niger UnitedKingdom Tajikistan Australia Tajikistan UnitedKingdom Niger Serbia SouthAfrica Bahrain Afghanistan Vietnam Fiji Botswana Belgium Kuwait Gabon Tanzania Ghana Taiwan Estonia Ecuador Iceland Belarus SriLanka Liechtenstein Argentina Nepal
25
Azerbaijan Azerbaijan
Tajikistan Tajikistan
VaticanCity VaticanCity
Estonia Estonia
Botswana Botswana
UAE UAE
Serbia Serbia
NewZealand NewZealand
Belarus Belarus
Tanzania Tanzania
Georgia Georgia
Panama Panama
Suriname Suriname
Fiji Fiji
Argentina Argentina
Vietnam Vietnam
Niger Niger
MarshallIslands MarshallIslands
Afghanistan Afghanistan
Slovakia Slovakia
Palau Palau
Liechtenstein Liechtenstein
Mauritius Mauritius
Kuwait Kuwait
SaintLucia SaintLucia
