vBhpoFdJZxyttIlfaf7D iboL4JgkqVZaEWXpgBVJ ORsS8PhYU7QJhPkIo1xK J25RC7bcYE8mQfyYQhBt TbpWcxfO0os3IWSajbDY wHEcyeduhdH7p3Lr1PtC xVHVP9vjiW3Srf3J1yYm fMf4OEuDhzQ5lzL1yC1p 4DVjJLwQqqsLyduGJ9b0 fMf4OEuDhzQ5lzL1yC1p xVHVP9vjiW3Srf3J1yYm wHEcyeduhdH7p3Lr1PtC TbpWcxfO0os3IWSajbDY J25RC7bcYE8mQfyYQhBt ORsS8PhYU7QJhPkIo1xK iboL4JgkqVZaEWXpgBVJ vBhpoFdJZxyttIlfaf7D 37APL8dpwT5Ds5AIG0t4 rMd1TXBMCuFfO59jF1Tq d6xeP6xeDJ3O2jY8D4pB 9B0w6Ahn3NsugfNn6veD J00g7hlLLSWTXvTYK9v2 e6i9mgbc8DjzYsf61uhQ 6koX1rNvAwrB84m39eQv tUVqKo1E6AibIE6zShkv IxefgaEVTV9aMlxjiI1f Qf8fIpH8k30NerFGYAIM ZYwKC5uFmtW0QjsMiT9A cFXGQ6tDn5lo60W3mw1y RHcsiimy7VJf61UVhM9I 535WuquKiicRqEyzCI3d gpVfP7ILbg2pDpIPQr5Q iki3BohF22ET0rMPxXQ5 qM7lEl3z2COceXw7x0EC vZUMyUDxLY7qRIRiUPr2 j0gfpSkQuY2aCnSASDK5 R6ZzYYWqarkWldqbKDab WN0Nl06Zx9w6LYUHMZam XBxLd5K0m0Gtk5fTL45q vLwJebpyApE3MPksc9OW RpMJGAvULIBCQ0RI369s zs7X4IJgeJEM8iqAbvF3 iLoZi9Udouf2bH9NFsk4 W1oKj4YwVrgRk8CEP5N8 7PoxePhwnlLvMilKVpER 4ilNvg3IkxoJuvkwqYsS Qs0K7PGKCJNOLMDZLnEf eoouXbauUEZFoVnISdZW R8y8GsBEYGcYG98ELdKo fp9JaV5iTp8QxXwwkR68 jTdja1e2hUhydiExPlJM 8mLI4Cl8exxeLw5eLCvi mv3tFPDoT2NlrLp24T9l DybFcuyeWxt51LawzVvs eKaPpzrMwOPxNzeoOSFH KuHO8xRrArMMDCKffmsm oFNlFPub6zLirsQwo0fu W1jWYYdH0atiKtbaVDRT RRlYwTFLYqL48JIMSAmC 0smtcWECRVW5IqVm6wBj n2Cqtp5v2DuwGX7LhuzE 7Rn0xBRZQovegOnfabmb ohy3S5QXymEhh63dMBQE qHwCsNomWkpZ3C6j94Cj 2LthmnS3Cdd5FBfY5GQ9 NAqhSs9OpS9XtIaJtTCD InZnvPu8h9zAoLCNj2in fHfopcx4v3MKBN0TMn7s KyDQmUshvaOMIokV4BFs 3k0aPItJckmjybSSZ7vB XYk0VV4ujV55qqS8YiHV PTLuDKOoq7xOBNmDYZyZ t9sKEbhLg4hRMCMxdZiD wRuGNazG4ZAxqcI0KBgs 17OoKHzumyPaqfjSSc7S 6PPTzNGrNxrgfdvm8cwZ sZEJEKZ8ZhIllqXsuj72 r7zzQREzwZK5s2plOEMb MNehJysDvnWQbbvHSbNi z4v1d4jdbvLBqzq8O4Ca p8vaf7BxwhTHVQ7xf14T ByStsnhiga1DCz50VNGG JN17iRC4tStS65wVP34v XgDMuo1AqytyG9qTqNv4 uUumBfQJDh6S0d06Kb78 lNXOSirtCXW7TPygvsll pQXOuOEmPXLWYcp1NGOw EHYUZOt1fTtm7KJue8on YcxUAlL7DgkVgq8Zmqcx KdfPZ6xz4cOaMLpuBPMV x46nB6Iwp6wweeEhyIVP Iz79VMi2nkM7feHNxIEU rkMvLqMMN5Aq3onq5XeZ Q3XFYOsTKSzlksoFZpSk 2rqhmYoGMbGcAZmcRrhF R7crXexksQ4TN5zY2ck3 UZ0TKwjLE8ZLiMJfWLZ4 WwLzOfqcc3FIzub2jh8R JEGgKJfdY8owvwdYhKMk XWHR07Y6kfSBbEuD62PN qkrT0EYt8AHuefFD25g1 MiPSEwVMn3bbGh4tbRTf HP9rCKizazA8tTd6EvQn cs6LkMYfySGYUzb8VLcc R4Ftu8EuO0k21qmlfgFk XX8iZd9Mw56dkKCstFAC 8Le4AI986fwHZXPoOMK1 nB1RHSnvjX4nG0Tch5En 8Le4AI986fwHZXPoOMK1 XX8iZd9Mw56dkKCstFAC R4Ftu8EuO0k21qmlfgFk cs6LkMYfySGYUzb8VLcc HP9rCKizazA8tTd6EvQn MiPSEwVMn3bbGh4tbRTf qkrT0EYt8AHuefFD25g1 XWHR07Y6kfSBbEuD62PN JEGgKJfdY8owvwdYhKMk WwLzOfqcc3FIzub2jh8R UZ0TKwjLE8ZLiMJfWLZ4 R7crXexksQ4TN5zY2ck3 2rqhmYoGMbGcAZmcRrhF Q3XFYOsTKSzlksoFZpSk rkMvLqMMN5Aq3onq5XeZ Iz79VMi2nkM7feHNxIEU x46nB6Iwp6wweeEhyIVP KdfPZ6xz4cOaMLpuBPMV YcxUAlL7DgkVgq8Zmqcx EHYUZOt1fTtm7KJue8on pQXOuOEmPXLWYcp1NGOw lNXOSirtCXW7TPygvsll uUumBfQJDh6S0d06Kb78 XgDMuo1AqytyG9qTqNv4 JN17iRC4tStS65wVP34v ByStsnhiga1DCz50VNGG p8vaf7BxwhTHVQ7xf14T z4v1d4jdbvLBqzq8O4Ca MNehJysDvnWQbbvHSbNi r7zzQREzwZK5s2plOEMb sZEJEKZ8ZhIllqXsuj72 6PPTzNGrNxrgfdvm8cwZ 17OoKHzumyPaqfjSSc7S wRuGNazG4ZAxqcI0KBgs t9sKEbhLg4hRMCMxdZiD PTLuDKOoq7xOBNmDYZyZ XYk0VV4ujV55qqS8YiHV 3k0aPItJckmjybSSZ7vB KyDQmUshvaOMIokV4BFs fHfopcx4v3MKBN0TMn7s InZnvPu8h9zAoLCNj2in NAqhSs9OpS9XtIaJtTCD 2LthmnS3Cdd5FBfY5GQ9 qHwCsNomWkpZ3C6j94Cj ohy3S5QXymEhh63dMBQE 7Rn0xBRZQovegOnfabmb n2Cqtp5v2DuwGX7LhuzE 0smtcWECRVW5IqVm6wBj RRlYwTFLYqL48JIMSAmC W1jWYYdH0atiKtbaVDRT oFNlFPub6zLirsQwo0fu KuHO8xRrArMMDCKffmsm eKaPpzrMwOPxNzeoOSFH DybFcuyeWxt51LawzVvs mv3tFPDoT2NlrLp24T9l 8mLI4Cl8exxeLw5eLCvi jTdja1e2hUhydiExPlJM fp9JaV5iTp8QxXwwkR68 R8y8GsBEYGcYG98ELdKo eoouXbauUEZFoVnISdZW Qs0K7PGKCJNOLMDZLnEf 4ilNvg3IkxoJuvkwqYsS 7PoxePhwnlLvMilKVpER W1oKj4YwVrgRk8CEP5N8 iLoZi9Udouf2bH9NFsk4 zs7X4IJgeJEM8iqAbvF3 RpMJGAvULIBCQ0RI369s vLwJebpyApE3MPksc9OW XBxLd5K0m0Gtk5fTL45q WN0Nl06Zx9w6LYUHMZam R6ZzYYWqarkWldqbKDab j0gfpSkQuY2aCnSASDK5 vZUMyUDxLY7qRIRiUPr2 qM7lEl3z2COceXw7x0EC iki3BohF22ET0rMPxXQ5 gpVfP7ILbg2pDpIPQr5Q 535WuquKiicRqEyzCI3d RHcsiimy7VJf61UVhM9I cFXGQ6tDn5lo60W3mw1y ZYwKC5uFmtW0QjsMiT9A Qf8fIpH8k30NerFGYAIM IxefgaEVTV9aMlxjiI1f tUVqKo1E6AibIE6zShkv 6koX1rNvAwrB84m39eQv e6i9mgbc8DjzYsf61uhQ J00g7hlLLSWTXvTYK9v2 9B0w6Ahn3NsugfNn6veD d6xeP6xeDJ3O2jY8D4pB rMd1TXBMCuFfO59jF1Tq 37APL8dpwT5Ds5AIG0t4 vBhpoFdJZxyttIlfaf7D
50
MiPSEwVMn3bbGh4tbRTf MiPSEwVMn3bbGh4tbRTf
RpMJGAvULIBCQ0RI369s RpMJGAvULIBCQ0RI369s
JEGgKJfdY8owvwdYhKMk JEGgKJfdY8owvwdYhKMk
8Le4AI986fwHZXPoOMK1 8Le4AI986fwHZXPoOMK1
WwLzOfqcc3FIzub2jh8R WwLzOfqcc3FIzub2jh8R
R7crXexksQ4TN5zY2ck3 R7crXexksQ4TN5zY2ck3
XYk0VV4ujV55qqS8YiHV XYk0VV4ujV55qqS8YiHV
NAqhSs9OpS9XtIaJtTCD NAqhSs9OpS9XtIaJtTCD
R6ZzYYWqarkWldqbKDab R6ZzYYWqarkWldqbKDab
WN0Nl06Zx9w6LYUHMZam WN0Nl06Zx9w6LYUHMZam
zs7X4IJgeJEM8iqAbvF3 zs7X4IJgeJEM8iqAbvF3
cs6LkMYfySGYUzb8VLcc cs6LkMYfySGYUzb8VLcc
vLwJebpyApE3MPksc9OW vLwJebpyApE3MPksc9OW
ohy3S5QXymEhh63dMBQE ohy3S5QXymEhh63dMBQE
RRlYwTFLYqL48JIMSAmC RRlYwTFLYqL48JIMSAmC
2LthmnS3Cdd5FBfY5GQ9 2LthmnS3Cdd5FBfY5GQ9
DybFcuyeWxt51LawzVvs DybFcuyeWxt51LawzVvs
rMd1TXBMCuFfO59jF1Tq rMd1TXBMCuFfO59jF1Tq
7PoxePhwnlLvMilKVpER 7PoxePhwnlLvMilKVpER
J00g7hlLLSWTXvTYK9v2 J00g7hlLLSWTXvTYK9v2
jTdja1e2hUhydiExPlJM jTdja1e2hUhydiExPlJM
mv3tFPDoT2NlrLp24T9l mv3tFPDoT2NlrLp24T9l
tUVqKo1E6AibIE6zShkv tUVqKo1E6AibIE6zShkv
rkMvLqMMN5Aq3onq5XeZ rkMvLqMMN5Aq3onq5XeZ
iki3BohF22ET0rMPxXQ5 iki3BohF22ET0rMPxXQ5
6koX1rNvAwrB84m39eQv 6koX1rNvAwrB84m39eQv
17OoKHzumyPaqfjSSc7S 17OoKHzumyPaqfjSSc7S
XX8iZd9Mw56dkKCstFAC XX8iZd9Mw56dkKCstFAC
qkrT0EYt8AHuefFD25g1 qkrT0EYt8AHuefFD25g1
XBxLd5K0m0Gtk5fTL45q XBxLd5K0m0Gtk5fTL45q
EHYUZOt1fTtm7KJue8on EHYUZOt1fTtm7KJue8on
37APL8dpwT5Ds5AIG0t4 37APL8dpwT5Ds5AIG0t4
9B0w6Ahn3NsugfNn6veD 9B0w6Ahn3NsugfNn6veD
uUumBfQJDh6S0d06Kb78 uUumBfQJDh6S0d06Kb78
eKaPpzrMwOPxNzeoOSFH eKaPpzrMwOPxNzeoOSFH
fp9JaV5iTp8QxXwwkR68 fp9JaV5iTp8QxXwwkR68
d6xeP6xeDJ3O2jY8D4pB d6xeP6xeDJ3O2jY8D4pB
6PPTzNGrNxrgfdvm8cwZ 6PPTzNGrNxrgfdvm8cwZ
wHEcyeduhdH7p3Lr1PtC wHEcyeduhdH7p3Lr1PtC
W1jWYYdH0atiKtbaVDRT W1jWYYdH0atiKtbaVDRT
535WuquKiicRqEyzCI3d 535WuquKiicRqEyzCI3d
4ilNvg3IkxoJuvkwqYsS 4ilNvg3IkxoJuvkwqYsS
InZnvPu8h9zAoLCNj2in InZnvPu8h9zAoLCNj2in
nB1RHSnvjX4nG0Tch5En nB1RHSnvjX4nG0Tch5En
XWHR07Y6kfSBbEuD62PN XWHR07Y6kfSBbEuD62PN
fHfopcx4v3MKBN0TMn7s fHfopcx4v3MKBN0TMn7s
oFNlFPub6zLirsQwo0fu oFNlFPub6zLirsQwo0fu
qM7lEl3z2COceXw7x0EC qM7lEl3z2COceXw7x0EC
8mLI4Cl8exxeLw5eLCvi 8mLI4Cl8exxeLw5eLCvi
n2Cqtp5v2DuwGX7LhuzE n2Cqtp5v2DuwGX7LhuzE
