Mf966TmCJF9l0PTKetVd dOWv4G57nxm9UArCvQlq mczsYYfo4mGnUa8T6O4K YrtjNlKZcZnAXu7owFPA 88lI6lUbCFloNqfPp9qO VI6bhpg8nr2U3bjLEpMD CxdADQl1Lh5mGQMAravk WQlZty1AKP9gLfjz0EYW NvfSRypj4POoHWC3jDz3 pxBA1Tii62WPeRWcccVp wyZ3Q4gHyaxpdYdezyjU PUpX9hnq8lCr2MuEM79X uabtazFhzr2OrOfWllzO bBJ5TDHtVrSIxXmQJ63J fsCdklolnC3ndvzFtyM3 BMDtuwGZg1f1rj5A1b3x iLL8Ler2XV3HF8IInEZ7 HKK5Jm9eHd0V7gvBWuw9 b2icxuMf1zEyF7ImMEzE QMfugTdL8cMnu7owJzpL S0PhmGw8tyUPzxvRSE5R N1nCqBhBKMK7yfEHWDsK HR7q1SHXYoV1oWoyahgt pMRS1IvCw1ndT7Ffg1bE Man5mweIdA0oHezvIoTH QMmklR1fA1rnjMsU1WMc KKiBHd9DTQAd6AZYxlK3 QtUoaFUFBMw7V9DHgrcf lrLgTYF7nIsDkEYlxuHz ydEppVwK15UN0USyP00U IwnN6xRahpjWnxZTYR2F 7c4FoaFf1TJetsLZUEok XfWllIgv9lA6ZwGuKvLt 3wnWMN13hDOpLfn819VH pqICMkxXlmeDQjitgIAG GfTqQpqjWivAFXbCN2BL QZIvvAQe1weWyQjLrGi1 CLNCAWQgYnzuvt7RChAf BLgd9OLqnPIJY5LCIxDK abfQYXbANnzx1AWQXKif tQezqRP7sIoxGpSN4jn9 MgfIiwMElh8mtTDc3OTG ny999OXXkLqLzEchYJti Xltsv4pWecfDbEIf7wIT FhyU3TGCVWgCcMMzAMS1 BCVfaQnOCgLubJ23r8nF XM2epDdQlzVNrldkM9rh N7mkTpLI9Mgh0txBOflw BcvYB1mubFuRTbgMUsXg 0avddYNUUSifDVnh6Pkn wgaIQdSLkfrgCwxikw7V 4c7jdZfXlaPz4IZbgKcx sJyumTmEoi4MWbaRoNlm ksXyQQNO2sSJacUypI8V 1wZce3qjltyIzzlL1Zfw u4VGAkqq00Jhej3knMJI cQteqX6tIl3ToXV5rCSz 0O3lDJvzYSiuZNzHimQX DMIhznlgV4TccTaZ33Ir WZxeHszJ2ShfYgJs53YV Xucw5TdPOzp0SQGWHjkE YbSp45JPsR0boD7yz5qS 8tOQbReSdxKFsG9CYbZK 4O2VEkN1ftjvLwoNouzB s7HXjvUAOobkeOC6hmGZ 4mRiy2s23Ljl4N4CqEav Ejmw9YVfbgpcODCHCJUP wNmo9den9k6ySqzO7o0M ZDA7k1XMUYTsnmCfuUtR hdzMlRPopi59kMOfpHEo cAkwFDH7tSQkP40ewGcD CHHJQHxp9VQGraviPBS2 SpEuZchEqWugbZTYkaxm 1crXui4lUlMG7IuTFiXo Ad4iMaOuAofXNjJzNKWl TBEGhhvsdStRJh2Eqkyf Q4jkxyPtGKis0eXik3Gg AjMqEYKq0eELwsiEhQNE fmXI2fiRDKGKDk7Lczzs KXqYiLdUxtSnooxFj1Ib kVdbGuYm0jD2q8vsLFHY 1EtrR5H9A3TMUPS71hPl ZPAxEbVjKWTr0cDqLbA0 OUMbAfpzy5GRzgDEKokb sSdPSXUotKahf03SRnBn q4ugkwSY6ViNm0c39aSs ul7ierPjffkmvfh4Ylme zwf9ghy1nblZx3HkGhp8 czjPVxJvSz9DoMc0Y7Vv RrBlUMzlEzdRa5S1pyiF JWE9kJZ3fUSBbRtkVScl eA2uctxdjBuXDZUrmUHy p6bp9pYgtaGo4Q50DQAM TmdW4dU59umpgT9XX8G3 1aGCWVuyE8DRxIV204ZW Ijl4CEfXgYPnLQsaG3l2 acwLCbshqBQuYbTzAPRI 3T9xfmao9oirmnybMmQj jSyASeaGB6ErFY6XJcnd OyOgefgJfgx6VwEfudZn mGfIqoDGGajPXw9RvY8S QH0BDGvVyxRCKFz8HI8X 9HH5irmCdrqCCezXnJiW zDq8bGYKiSYw3c53IWfw 0lQJttb9mqclt5GB6G6p GpiOM4ynWttgV8VgylA9 U480q7KMBV6u0CxF9qHV jXruIBVvU1ZXoT4EkgxD K2vXRMB1uOAo2LiHd1lH D8EqP7YYAGp7ozDJsFab byF5FvS6RJUrgCsP3o6T Yw0z9L8p6xIk7hgYCgVd kGhQ3uDjcFA7MLP7UF4W TkZ4LHIfwKap48xdp8m2 pST2UibVvaFs7NnElOiM Hpniux0SkkA6CliHWNDc lbdkv57MCZ97lfIXEhIW 9vP489zmTCThBqN2SC1r f3aTBneDuZi0oYXARvcm BPT5ZnXHY4PLKTlszS8H jsxdUxf9Osj1u9ZOfA8H Ic20PkDM6xxefUTvJEIQ 17QNzmQeHZetXwmICrNB yk5giKs9pvqErT2HCEPA JfzkldRR1w0Y52KBg47D 5xTj2bwtAGxne1OvovYf dlI05mdojdMEdSLIkWsG lfkDpy0Dzjb65M4poJ5N NtZncVsU7O40k1BXousH aH2XDl7CjGFhEP3bbYjH ZQab4dDWTHUWkDUJqBSO XTp3YhYjdFwpfCd1sHBr vXEVHH4q4UMva6wWns8S KCy3uvDFe4h3kwRgxFiX 7ArLVA3N0doHBQAlCDtl a6uUA0TEdnZwD1b73O9r rOZoFnpTntC6wvysu9Xh lW4ZBzIV5QnNgb3BgJPj NTeJtbm5gSnTWXQ3LvSI fBow0nU9fNO0JnF2yfaM mdRWNgW1OXg5UTxZCHoS ssOocUX1m3f6XkTvZtJV rzYdrZxXnbXlOjFVWVaR fsor2KpQJ6EjVccpDv9W rzYdrZxXnbXlOjFVWVaR ssOocUX1m3f6XkTvZtJV mdRWNgW1OXg5UTxZCHoS fBow0nU9fNO0JnF2yfaM NTeJtbm5gSnTWXQ3LvSI lW4ZBzIV5QnNgb3BgJPj rOZoFnpTntC6wvysu9Xh a6uUA0TEdnZwD1b73O9r 7ArLVA3N0doHBQAlCDtl KCy3uvDFe4h3kwRgxFiX vXEVHH4q4UMva6wWns8S XTp3YhYjdFwpfCd1sHBr ZQab4dDWTHUWkDUJqBSO aH2XDl7CjGFhEP3bbYjH NtZncVsU7O40k1BXousH lfkDpy0Dzjb65M4poJ5N dlI05mdojdMEdSLIkWsG 5xTj2bwtAGxne1OvovYf JfzkldRR1w0Y52KBg47D yk5giKs9pvqErT2HCEPA 17QNzmQeHZetXwmICrNB Ic20PkDM6xxefUTvJEIQ jsxdUxf9Osj1u9ZOfA8H BPT5ZnXHY4PLKTlszS8H f3aTBneDuZi0oYXARvcm 9vP489zmTCThBqN2SC1r lbdkv57MCZ97lfIXEhIW Hpniux0SkkA6CliHWNDc pST2UibVvaFs7NnElOiM TkZ4LHIfwKap48xdp8m2 kGhQ3uDjcFA7MLP7UF4W Yw0z9L8p6xIk7hgYCgVd byF5FvS6RJUrgCsP3o6T D8EqP7YYAGp7ozDJsFab K2vXRMB1uOAo2LiHd1lH jXruIBVvU1ZXoT4EkgxD U480q7KMBV6u0CxF9qHV GpiOM4ynWttgV8VgylA9 0lQJttb9mqclt5GB6G6p zDq8bGYKiSYw3c53IWfw 9HH5irmCdrqCCezXnJiW QH0BDGvVyxRCKFz8HI8X mGfIqoDGGajPXw9RvY8S OyOgefgJfgx6VwEfudZn jSyASeaGB6ErFY6XJcnd 3T9xfmao9oirmnybMmQj acwLCbshqBQuYbTzAPRI Ijl4CEfXgYPnLQsaG3l2 1aGCWVuyE8DRxIV204ZW TmdW4dU59umpgT9XX8G3 p6bp9pYgtaGo4Q50DQAM eA2uctxdjBuXDZUrmUHy JWE9kJZ3fUSBbRtkVScl RrBlUMzlEzdRa5S1pyiF czjPVxJvSz9DoMc0Y7Vv zwf9ghy1nblZx3HkGhp8 ul7ierPjffkmvfh4Ylme q4ugkwSY6ViNm0c39aSs sSdPSXUotKahf03SRnBn OUMbAfpzy5GRzgDEKokb ZPAxEbVjKWTr0cDqLbA0 1EtrR5H9A3TMUPS71hPl kVdbGuYm0jD2q8vsLFHY KXqYiLdUxtSnooxFj1Ib fmXI2fiRDKGKDk7Lczzs AjMqEYKq0eELwsiEhQNE Q4jkxyPtGKis0eXik3Gg TBEGhhvsdStRJh2Eqkyf Ad4iMaOuAofXNjJzNKWl 1crXui4lUlMG7IuTFiXo SpEuZchEqWugbZTYkaxm CHHJQHxp9VQGraviPBS2 cAkwFDH7tSQkP40ewGcD hdzMlRPopi59kMOfpHEo ZDA7k1XMUYTsnmCfuUtR wNmo9den9k6ySqzO7o0M Ejmw9YVfbgpcODCHCJUP 4mRiy2s23Ljl4N4CqEav s7HXjvUAOobkeOC6hmGZ 4O2VEkN1ftjvLwoNouzB 8tOQbReSdxKFsG9CYbZK YbSp45JPsR0boD7yz5qS Xucw5TdPOzp0SQGWHjkE WZxeHszJ2ShfYgJs53YV DMIhznlgV4TccTaZ33Ir 0O3lDJvzYSiuZNzHimQX cQteqX6tIl3ToXV5rCSz u4VGAkqq00Jhej3knMJI 1wZce3qjltyIzzlL1Zfw ksXyQQNO2sSJacUypI8V sJyumTmEoi4MWbaRoNlm 4c7jdZfXlaPz4IZbgKcx wgaIQdSLkfrgCwxikw7V 0avddYNUUSifDVnh6Pkn BcvYB1mubFuRTbgMUsXg N7mkTpLI9Mgh0txBOflw XM2epDdQlzVNrldkM9rh BCVfaQnOCgLubJ23r8nF FhyU3TGCVWgCcMMzAMS1 Xltsv4pWecfDbEIf7wIT ny999OXXkLqLzEchYJti MgfIiwMElh8mtTDc3OTG tQezqRP7sIoxGpSN4jn9 abfQYXbANnzx1AWQXKif BLgd9OLqnPIJY5LCIxDK CLNCAWQgYnzuvt7RChAf QZIvvAQe1weWyQjLrGi1 GfTqQpqjWivAFXbCN2BL pqICMkxXlmeDQjitgIAG 3wnWMN13hDOpLfn819VH XfWllIgv9lA6ZwGuKvLt 7c4FoaFf1TJetsLZUEok IwnN6xRahpjWnxZTYR2F ydEppVwK15UN0USyP00U lrLgTYF7nIsDkEYlxuHz QtUoaFUFBMw7V9DHgrcf KKiBHd9DTQAd6AZYxlK3 QMmklR1fA1rnjMsU1WMc Man5mweIdA0oHezvIoTH pMRS1IvCw1ndT7Ffg1bE HR7q1SHXYoV1oWoyahgt N1nCqBhBKMK7yfEHWDsK S0PhmGw8tyUPzxvRSE5R QMfugTdL8cMnu7owJzpL b2icxuMf1zEyF7ImMEzE HKK5Jm9eHd0V7gvBWuw9 iLL8Ler2XV3HF8IInEZ7 BMDtuwGZg1f1rj5A1b3x fsCdklolnC3ndvzFtyM3 bBJ5TDHtVrSIxXmQJ63J uabtazFhzr2OrOfWllzO PUpX9hnq8lCr2MuEM79X wyZ3Q4gHyaxpdYdezyjU pxBA1Tii62WPeRWcccVp NvfSRypj4POoHWC3jDz3 WQlZty1AKP9gLfjz0EYW CxdADQl1Lh5mGQMAravk VI6bhpg8nr2U3bjLEpMD 88lI6lUbCFloNqfPp9qO YrtjNlKZcZnAXu7owFPA mczsYYfo4mGnUa8T6O4K dOWv4G57nxm9UArCvQlq Mf966TmCJF9l0PTKetVd tH0lbMmdJDVlC4Pr7uAb 56ePYTmTGzdOHfvnLEPd VqBuOSJBVqxMG4rldwQn XtOSIksCxQPAzChWtB8x yjTU6mb0sXWr7Nh8SghO aQjUMkqTLL2xI6AuCLxX VZozLuXR9oTwtUW9knOQ gjqmwx8KEwk7C9l818J6 pUShkBWCgx4vSxXmfOcy 0cfjMDiHCYlJddbR72mX fKajGKNXD5NbLKxWiJ47 wtlCpdxHbUUmSY7DnD2u zPr2hM1BB6QwzrT9Cto2 PLyQF48YPXs4LxxIxWHM vfUng4KWHMI1EW7MPH8O 2bMCdMiNzTpm8a2kNe9G WDY5ApSXtzd8TcqEYyFr RqcyjsZaW5Whm3g5SmeN A92K5Cd1GT55aemqW0vQ W1IcDWCQWwTCriXsjtm4 y3cL4LyhfEAlU1Jj1Xj6 e2usEAoRX2qu6mneHOxg SQhK0n9L9aixdJxvdeKd UvtGaTsTes8Gs4gE8ya3 R87rV3jFUvYuE0RN4Z4a 4mdSIFCsq2HySOzm2H4M km12BN3CByUGmRV2tX7b ABk14cfS7j3v5H7oJg69 y1iGOFRKdlQM0ghlotSn VaRx19QfIOvUT5pZyulj ZzUJWpXUZeO1dCVdodSV jAzyDyaN1mD5Ei1RjCiO OGxA8YvD4WfIxOfmtWm4 vWQ9gSPmhR2i5UglG1Cy Crbc9OlCoJ9dTIJXXsjb kk9hnZxxBFZfHSf7jyEB JfWSVxbK8iOEPzK7FV9x jZUUy27kZ3z2uIv0PGPy eO6DzL77RKRtHIXSDRed aU4DeG46NC8vRU6N0ahg XTJsnlniS8VBeA1RWlnv bLojQFXmB5k6r0zKTWYe iRg3oRlKsAtLuOm5tUrC V1NRtDFpLgUvdcMNRDCv HhITLZSwERe6osGRUBXt z0JVyC97F2sfYOHDsqCd 4CVQrsejmjPmVL7elf2w 3Kf7NbRAPMqHxYOVsqnT flliQzyn5hSC8yLOMyYJ trOoQ3enuOI8GUJqwAMC GzkbHop7cJv0CvjQalTE 26qGQxnCCbJ2EOhN7Gcj 5ebtvAsyAh8vEmm1Z3wm Y5ZKsuPbCDUQp5LjPNey 3Yod5nNtIcKNmTtNQ3xH 2Ya6qX2a8hTrk7y5kV3V 3Yod5nNtIcKNmTtNQ3xH Y5ZKsuPbCDUQp5LjPNey 5ebtvAsyAh8vEmm1Z3wm 26qGQxnCCbJ2EOhN7Gcj GzkbHop7cJv0CvjQalTE trOoQ3enuOI8GUJqwAMC flliQzyn5hSC8yLOMyYJ 3Kf7NbRAPMqHxYOVsqnT 4CVQrsejmjPmVL7elf2w z0JVyC97F2sfYOHDsqCd HhITLZSwERe6osGRUBXt V1NRtDFpLgUvdcMNRDCv iRg3oRlKsAtLuOm5tUrC bLojQFXmB5k6r0zKTWYe XTJsnlniS8VBeA1RWlnv aU4DeG46NC8vRU6N0ahg eO6DzL77RKRtHIXSDRed jZUUy27kZ3z2uIv0PGPy JfWSVxbK8iOEPzK7FV9x kk9hnZxxBFZfHSf7jyEB Crbc9OlCoJ9dTIJXXsjb vWQ9gSPmhR2i5UglG1Cy OGxA8YvD4WfIxOfmtWm4 jAzyDyaN1mD5Ei1RjCiO ZzUJWpXUZeO1dCVdodSV VaRx19QfIOvUT5pZyulj y1iGOFRKdlQM0ghlotSn ABk14cfS7j3v5H7oJg69 km12BN3CByUGmRV2tX7b 4mdSIFCsq2HySOzm2H4M R87rV3jFUvYuE0RN4Z4a UvtGaTsTes8Gs4gE8ya3 SQhK0n9L9aixdJxvdeKd e2usEAoRX2qu6mneHOxg y3cL4LyhfEAlU1Jj1Xj6 W1IcDWCQWwTCriXsjtm4 A92K5Cd1GT55aemqW0vQ RqcyjsZaW5Whm3g5SmeN WDY5ApSXtzd8TcqEYyFr 2bMCdMiNzTpm8a2kNe9G vfUng4KWHMI1EW7MPH8O PLyQF48YPXs4LxxIxWHM zPr2hM1BB6QwzrT9Cto2 wtlCpdxHbUUmSY7DnD2u fKajGKNXD5NbLKxWiJ47 0cfjMDiHCYlJddbR72mX pUShkBWCgx4vSxXmfOcy gjqmwx8KEwk7C9l818J6 VZozLuXR9oTwtUW9knOQ aQjUMkqTLL2xI6AuCLxX yjTU6mb0sXWr7Nh8SghO XtOSIksCxQPAzChWtB8x VqBuOSJBVqxMG4rldwQn 56ePYTmTGzdOHfvnLEPd tH0lbMmdJDVlC4Pr7uAb Mf966TmCJF9l0PTKetVd
100
GzkbHop7cJv0CvjQalTE GzkbHop7cJv0CvjQalTE
S0PhmGw8tyUPzxvRSE5R S0PhmGw8tyUPzxvRSE5R
YrtjNlKZcZnAXu7owFPA YrtjNlKZcZnAXu7owFPA
rzYdrZxXnbXlOjFVWVaR rzYdrZxXnbXlOjFVWVaR
1wZce3qjltyIzzlL1Zfw 1wZce3qjltyIzzlL1Zfw
PLyQF48YPXs4LxxIxWHM PLyQF48YPXs4LxxIxWHM
OGxA8YvD4WfIxOfmtWm4 OGxA8YvD4WfIxOfmtWm4
BLgd9OLqnPIJY5LCIxDK BLgd9OLqnPIJY5LCIxDK
VqBuOSJBVqxMG4rldwQn VqBuOSJBVqxMG4rldwQn
4CVQrsejmjPmVL7elf2w 4CVQrsejmjPmVL7elf2w
CLNCAWQgYnzuvt7RChAf CLNCAWQgYnzuvt7RChAf
HKK5Jm9eHd0V7gvBWuw9 HKK5Jm9eHd0V7gvBWuw9
KKiBHd9DTQAd6AZYxlK3 KKiBHd9DTQAd6AZYxlK3
zDq8bGYKiSYw3c53IWfw zDq8bGYKiSYw3c53IWfw
CxdADQl1Lh5mGQMAravk CxdADQl1Lh5mGQMAravk
2bMCdMiNzTpm8a2kNe9G 2bMCdMiNzTpm8a2kNe9G
jAzyDyaN1mD5Ei1RjCiO jAzyDyaN1mD5Ei1RjCiO
Q4jkxyPtGKis0eXik3Gg Q4jkxyPtGKis0eXik3Gg
kGhQ3uDjcFA7MLP7UF4W kGhQ3uDjcFA7MLP7UF4W
byF5FvS6RJUrgCsP3o6T byF5FvS6RJUrgCsP3o6T
ul7ierPjffkmvfh4Ylme ul7ierPjffkmvfh4Ylme
aU4DeG46NC8vRU6N0ahg aU4DeG46NC8vRU6N0ahg
3Yod5nNtIcKNmTtNQ3xH 3Yod5nNtIcKNmTtNQ3xH
NvfSRypj4POoHWC3jDz3 NvfSRypj4POoHWC3jDz3
wNmo9den9k6ySqzO7o0M wNmo9den9k6ySqzO7o0M
b2icxuMf1zEyF7ImMEzE b2icxuMf1zEyF7ImMEzE
kVdbGuYm0jD2q8vsLFHY kVdbGuYm0jD2q8vsLFHY
y3cL4LyhfEAlU1Jj1Xj6 y3cL4LyhfEAlU1Jj1Xj6
Y5ZKsuPbCDUQp5LjPNey Y5ZKsuPbCDUQp5LjPNey
km12BN3CByUGmRV2tX7b km12BN3CByUGmRV2tX7b
p6bp9pYgtaGo4Q50DQAM p6bp9pYgtaGo4Q50DQAM
TkZ4LHIfwKap48xdp8m2 TkZ4LHIfwKap48xdp8m2
JWE9kJZ3fUSBbRtkVScl JWE9kJZ3fUSBbRtkVScl
iRg3oRlKsAtLuOm5tUrC iRg3oRlKsAtLuOm5tUrC
Ad4iMaOuAofXNjJzNKWl Ad4iMaOuAofXNjJzNKWl
czjPVxJvSz9DoMc0Y7Vv czjPVxJvSz9DoMc0Y7Vv
trOoQ3enuOI8GUJqwAMC trOoQ3enuOI8GUJqwAMC
bBJ5TDHtVrSIxXmQJ63J bBJ5TDHtVrSIxXmQJ63J
QMmklR1fA1rnjMsU1WMc QMmklR1fA1rnjMsU1WMc
UvtGaTsTes8Gs4gE8ya3 UvtGaTsTes8Gs4gE8ya3
Xucw5TdPOzp0SQGWHjkE Xucw5TdPOzp0SQGWHjkE
a6uUA0TEdnZwD1b73O9r a6uUA0TEdnZwD1b73O9r
7c4FoaFf1TJetsLZUEok 7c4FoaFf1TJetsLZUEok
N7mkTpLI9Mgh0txBOflw N7mkTpLI9Mgh0txBOflw
Hpniux0SkkA6CliHWNDc Hpniux0SkkA6CliHWNDc
cAkwFDH7tSQkP40ewGcD cAkwFDH7tSQkP40ewGcD
JfzkldRR1w0Y52KBg47D JfzkldRR1w0Y52KBg47D
XfWllIgv9lA6ZwGuKvLt XfWllIgv9lA6ZwGuKvLt
5ebtvAsyAh8vEmm1Z3wm 5ebtvAsyAh8vEmm1Z3wm
fsCdklolnC3ndvzFtyM3 fsCdklolnC3ndvzFtyM3
ZPAxEbVjKWTr0cDqLbA0 ZPAxEbVjKWTr0cDqLbA0
JfWSVxbK8iOEPzK7FV9x JfWSVxbK8iOEPzK7FV9x
GfTqQpqjWivAFXbCN2BL GfTqQpqjWivAFXbCN2BL
AjMqEYKq0eELwsiEhQNE AjMqEYKq0eELwsiEhQNE
aH2XDl7CjGFhEP3bbYjH aH2XDl7CjGFhEP3bbYjH
BCVfaQnOCgLubJ23r8nF BCVfaQnOCgLubJ23r8nF
1crXui4lUlMG7IuTFiXo 1crXui4lUlMG7IuTFiXo
Crbc9OlCoJ9dTIJXXsjb Crbc9OlCoJ9dTIJXXsjb
sSdPSXUotKahf03SRnBn sSdPSXUotKahf03SRnBn
IwnN6xRahpjWnxZTYR2F IwnN6xRahpjWnxZTYR2F
KCy3uvDFe4h3kwRgxFiX KCy3uvDFe4h3kwRgxFiX
lrLgTYF7nIsDkEYlxuHz lrLgTYF7nIsDkEYlxuHz
CHHJQHxp9VQGraviPBS2 CHHJQHxp9VQGraviPBS2
WZxeHszJ2ShfYgJs53YV WZxeHszJ2ShfYgJs53YV
Ic20PkDM6xxefUTvJEIQ Ic20PkDM6xxefUTvJEIQ
flliQzyn5hSC8yLOMyYJ flliQzyn5hSC8yLOMyYJ
bLojQFXmB5k6r0zKTWYe bLojQFXmB5k6r0zKTWYe
1aGCWVuyE8DRxIV204ZW 1aGCWVuyE8DRxIV204ZW
u4VGAkqq00Jhej3knMJI u4VGAkqq00Jhej3knMJI
Yw0z9L8p6xIk7hgYCgVd Yw0z9L8p6xIk7hgYCgVd
TmdW4dU59umpgT9XX8G3 TmdW4dU59umpgT9XX8G3
SQhK0n9L9aixdJxvdeKd SQhK0n9L9aixdJxvdeKd
wtlCpdxHbUUmSY7DnD2u wtlCpdxHbUUmSY7DnD2u
dOWv4G57nxm9UArCvQlq dOWv4G57nxm9UArCvQlq
56ePYTmTGzdOHfvnLEPd 56ePYTmTGzdOHfvnLEPd
HhITLZSwERe6osGRUBXt HhITLZSwERe6osGRUBXt
RrBlUMzlEzdRa5S1pyiF RrBlUMzlEzdRa5S1pyiF
W1IcDWCQWwTCriXsjtm4 W1IcDWCQWwTCriXsjtm4
ydEppVwK15UN0USyP00U ydEppVwK15UN0USyP00U
eA2uctxdjBuXDZUrmUHy eA2uctxdjBuXDZUrmUHy
WQlZty1AKP9gLfjz0EYW WQlZty1AKP9gLfjz0EYW
4mRiy2s23Ljl4N4CqEav 4mRiy2s23Ljl4N4CqEav
ZDA7k1XMUYTsnmCfuUtR ZDA7k1XMUYTsnmCfuUtR
0O3lDJvzYSiuZNzHimQX 0O3lDJvzYSiuZNzHimQX
pxBA1Tii62WPeRWcccVp pxBA1Tii62WPeRWcccVp
BcvYB1mubFuRTbgMUsXg BcvYB1mubFuRTbgMUsXg
TBEGhhvsdStRJh2Eqkyf TBEGhhvsdStRJh2Eqkyf
e2usEAoRX2qu6mneHOxg e2usEAoRX2qu6mneHOxg
tH0lbMmdJDVlC4Pr7uAb tH0lbMmdJDVlC4Pr7uAb
R87rV3jFUvYuE0RN4Z4a R87rV3jFUvYuE0RN4Z4a
jZUUy27kZ3z2uIv0PGPy jZUUy27kZ3z2uIv0PGPy
NtZncVsU7O40k1BXousH NtZncVsU7O40k1BXousH
acwLCbshqBQuYbTzAPRI acwLCbshqBQuYbTzAPRI
QZIvvAQe1weWyQjLrGi1 QZIvvAQe1weWyQjLrGi1
VaRx19QfIOvUT5pZyulj VaRx19QfIOvUT5pZyulj
wyZ3Q4gHyaxpdYdezyjU wyZ3Q4gHyaxpdYdezyjU
OyOgefgJfgx6VwEfudZn OyOgefgJfgx6VwEfudZn
4mdSIFCsq2HySOzm2H4M 4mdSIFCsq2HySOzm2H4M
mGfIqoDGGajPXw9RvY8S mGfIqoDGGajPXw9RvY8S
7ArLVA3N0doHBQAlCDtl 7ArLVA3N0doHBQAlCDtl
