0EzLvznzqSsDTCbR5WWQ GvCrMaRaSI4vEiFIb0hT idUlMWK1ZaKWh4awCdHY vgcAaadTbDs3lU9Z1t49 K5LnOJV1Zh18kgMnZsVe LtVuPtXkki7L0rCf1ysG lEZ0YMvUzTvQYxlTiMir mEX8P8Nbd8sILX8SAXJz DTB9kDmUQnvnbA15dyNs ZjpED98yiQMn3rWbS8xE LTgssryHh3BZe1w1IMJd E0qx1qnBHaTxztHrfCii HET4yE4ksHFmFRytJhfu cZGUbNgsLGnuZE3Ot20K m5Au4RgVgXhOUKbKSdGW pWBi6tyyRZpOm0dbsZfH 4ZMxz7AKccmgx6JK5gZn i2LSx9yjqfqqgvPEwf0F oFJmSdI9Mubs3awqWY5w j0WEafPmBPNuvhf6ZEsy I7VRK3VugXxRlgxCe54Q WQLrydIe30SyZWUYR0o9 tnUjNl6cWuoaXQEfxH4p Z66yYaYopYkEhHIEeEpL iVX7TtjHXcE8SyeIBcE6 LS3fS52ozGva9KBtcfZZ iVX7TtjHXcE8SyeIBcE6 Z66yYaYopYkEhHIEeEpL tnUjNl6cWuoaXQEfxH4p WQLrydIe30SyZWUYR0o9 I7VRK3VugXxRlgxCe54Q j0WEafPmBPNuvhf6ZEsy oFJmSdI9Mubs3awqWY5w i2LSx9yjqfqqgvPEwf0F 4ZMxz7AKccmgx6JK5gZn pWBi6tyyRZpOm0dbsZfH m5Au4RgVgXhOUKbKSdGW cZGUbNgsLGnuZE3Ot20K HET4yE4ksHFmFRytJhfu E0qx1qnBHaTxztHrfCii LTgssryHh3BZe1w1IMJd ZjpED98yiQMn3rWbS8xE DTB9kDmUQnvnbA15dyNs mEX8P8Nbd8sILX8SAXJz lEZ0YMvUzTvQYxlTiMir LtVuPtXkki7L0rCf1ysG K5LnOJV1Zh18kgMnZsVe vgcAaadTbDs3lU9Z1t49 idUlMWK1ZaKWh4awCdHY GvCrMaRaSI4vEiFIb0hT 0EzLvznzqSsDTCbR5WWQ TWpWLT2JICvczaB6q8Bo IVZaGmLbfT5MQpxXO2DP EvkNKg3FzDd0NJzzyEt4 pv0BsC9reZAUPyAAwfcN piNBrUZvBcV7Df1TXrww N0EmviMgt156P2Bd7oet sTkrLjSI0wAyZQvL0L8q wr15IrVI9ypnsXqeVJz5 G1veNpxkPsctj7nF0LnD j7jI3vJM5SWQs3N9YWK4 hk9ECfFhibg7bmIlco5h 75EgdJC8MacBE2zKZlon OW93fm7JGxvGIWWhVC1r 0t5LNxEUvcjoE0cwwEbN 3iRTkaf7suaV2i91D7AI kp7zOmTPtP689yQVQHhJ oEaVwHLjAMvlaIULtgxD NdK8ArCf2MlrWBNZD2Os wrf0xNKoLGLKfuhe6hpI KcET1WyqLHLe0WoWjg9K Auo4k9dWSL8IPJ5ZlV3y b69ITlIgTtPRUIpmSw5o YRtAAkfi0YIaAv0XqGni wyGmGIrbcEWTpb0hhuRQ YRtAAkfi0YIaAv0XqGni b69ITlIgTtPRUIpmSw5o Auo4k9dWSL8IPJ5ZlV3y KcET1WyqLHLe0WoWjg9K wrf0xNKoLGLKfuhe6hpI NdK8ArCf2MlrWBNZD2Os oEaVwHLjAMvlaIULtgxD kp7zOmTPtP689yQVQHhJ 3iRTkaf7suaV2i91D7AI 0t5LNxEUvcjoE0cwwEbN OW93fm7JGxvGIWWhVC1r 75EgdJC8MacBE2zKZlon hk9ECfFhibg7bmIlco5h j7jI3vJM5SWQs3N9YWK4 G1veNpxkPsctj7nF0LnD wr15IrVI9ypnsXqeVJz5 sTkrLjSI0wAyZQvL0L8q N0EmviMgt156P2Bd7oet piNBrUZvBcV7Df1TXrww pv0BsC9reZAUPyAAwfcN EvkNKg3FzDd0NJzzyEt4 IVZaGmLbfT5MQpxXO2DP TWpWLT2JICvczaB6q8Bo 0EzLvznzqSsDTCbR5WWQ
25
j7jI3vJM5SWQs3N9YWK4 j7jI3vJM5SWQs3N9YWK4
lEZ0YMvUzTvQYxlTiMir lEZ0YMvUzTvQYxlTiMir
YRtAAkfi0YIaAv0XqGni YRtAAkfi0YIaAv0XqGni
3iRTkaf7suaV2i91D7AI 3iRTkaf7suaV2i91D7AI
4ZMxz7AKccmgx6JK5gZn 4ZMxz7AKccmgx6JK5gZn
m5Au4RgVgXhOUKbKSdGW m5Au4RgVgXhOUKbKSdGW
oFJmSdI9Mubs3awqWY5w oFJmSdI9Mubs3awqWY5w
I7VRK3VugXxRlgxCe54Q I7VRK3VugXxRlgxCe54Q
LTgssryHh3BZe1w1IMJd LTgssryHh3BZe1w1IMJd
HET4yE4ksHFmFRytJhfu HET4yE4ksHFmFRytJhfu
IVZaGmLbfT5MQpxXO2DP IVZaGmLbfT5MQpxXO2DP
TWpWLT2JICvczaB6q8Bo TWpWLT2JICvczaB6q8Bo
cZGUbNgsLGnuZE3Ot20K cZGUbNgsLGnuZE3Ot20K
hk9ECfFhibg7bmIlco5h hk9ECfFhibg7bmIlco5h
K5LnOJV1Zh18kgMnZsVe K5LnOJV1Zh18kgMnZsVe
vgcAaadTbDs3lU9Z1t49 vgcAaadTbDs3lU9Z1t49
wrf0xNKoLGLKfuhe6hpI wrf0xNKoLGLKfuhe6hpI
idUlMWK1ZaKWh4awCdHY idUlMWK1ZaKWh4awCdHY
LtVuPtXkki7L0rCf1ysG LtVuPtXkki7L0rCf1ysG
pWBi6tyyRZpOm0dbsZfH pWBi6tyyRZpOm0dbsZfH
LS3fS52ozGva9KBtcfZZ LS3fS52ozGva9KBtcfZZ
75EgdJC8MacBE2zKZlon 75EgdJC8MacBE2zKZlon
N0EmviMgt156P2Bd7oet N0EmviMgt156P2Bd7oet
b69ITlIgTtPRUIpmSw5o b69ITlIgTtPRUIpmSw5o
tnUjNl6cWuoaXQEfxH4p tnUjNl6cWuoaXQEfxH4p
