80 56 8 45 50 25 81 35 1 71 69 82 40 9 57 61 26 52 66 17 59 11 33 65 15 5 34 87 60 85 7 85 60 87 34 5 15 65 33 11 59 17 66 52 26 61 57 9 40 82 69 71 1 35 81 25 50 45 8 56 80 13 3 31 77 89 10 78 30 72 49 48 41 4 75 37 22 46 18 14 64 83 20 73 79 19 27 2 42 88 67 70 28 51 47 6 12 62 43 74 32 55 21 86 38 36 76 63 29 16 39 68 44 54 53 58 84 24 23 24 84 58 53 54 44 68 39 16 29 63 76 36 38 86 21 55 32 74 43 62 12 6 47 51 28 70 67 88 42 2 27 19 79 73 20 83 64 14 18 46 22 37 75 4 41 48 49 72 30 78 10 89 77 31 3 13 80
43
47 47
40 40
71 71
1 1
15 15
52 52
3 3
31 31
85 85
56 56
9 9
4 4
14 14
42 42
54 54
89 89
46 46
49 49
76 76
37 37
73 73
34 34
20 20
25 25
41 41
79 79
87 87
53 53
5 5
84 84
23 23
68 68
48 48
12 12
6 6
77 77
86 86
59 59
75 75
27 27
33 33
36 36
60 60
