55 35 162 177 173 57 182 101 37 130 151 12 84 45 20 161 11 17 168 121 39 131 185 89 149 100 171 125 188 110 14 36 7 138 118 128 81 141 24 132 80 154 102 88 93 5 93 88 102 154 80 132 24 141 81 128 118 138 7 36 14 110 188 125 171 100 149 89 185 131 39 121 168 17 11 161 20 45 84 12 151 130 37 101 182 57 173 177 162 35 55 91 21 115 48 63 106 51 120 158 29 38 47 152 83 190 159 137 68 176 111 145 46 25 19 117 189 71 108 92 4 16 82 33 186 96 59 104 119 1 114 98 28 172 113 6 50 178 53 8 44 9 67 76 52 64 116 134 103 167 156 31 30 164 126 34 2 170 27 124 136 160 32 183 105 150 49 72 127 54 155 148 3 41 18 187 142 99 74 169 143 77 73 87 107 69 157 184 153 78 22 165 109 175 79 65 94 97 112 181 144 40 42 62 179 122 123 61 129 13 15 135 191 146 90 56 139 86 75 180 85 60 147 26 174 66 43 70 133 23 10 163 95 58 140 166 140 58 95 163 10 23 133 70 43 66 174 26 147 60 85 180 75 86 139 56 90 146 191 135 15 13 129 61 123 122 179 62 42 40 144 181 112 97 94 65 79 175 109 165 22 78 153 184 157 69 107 87 73 77 143 169 74 99 142 187 18 41 3 148 155 54 127 72 49 150 105 183 32 160 136 124 27 170 2 34 126 164 30 31 156 167 103 134 116 64 52 76 67 9 44 8 53 178 50 6 113 172 28 98 114 1 119 104 59 96 186 33 82 16 4 92 108 71 189 117 19 25 46 145 111 176 68 137 159 190 83 152 47 38 29 158 120 51 106 63 48 115 21 91 55
96
40 40
11 11
140 140
33 33
159 159
97 97
146 146
149 149
12 12
170 170
63 63
119 119
184 184
172 172
81 81
17 17
32 32
91 91
61 61
26 26
27 27
148 148
188 188
78 78
101 101
62 62
45 45
76 76
111 111
133 133
152 152
88 88
185 185
90 90
162 162
182 182
49 49
59 59
58 58
107 107
186 186
189 189
118 118
181 181
74 74
67 67
15 15
29 29
83 83
53 53
41 41
36 36
171 171
134 134
54 54
175 175
177 177
151 151
43 43
116 116
135 135
106 106
105 105
179 179
86 86
158 158
163 163
66 66
131 131
166 166
56 56
115 115
57 57
160 160
137 137
8 8
13 13
109 109
126 126
150 150
42 42
16 16
122 122
71 71
85 85
113 113
20 20
153 153
80 80
77 77
173 173
9 9
30 30
48 48
168 168
114 114
